[2024-10-02T02:38:43.679+0000] {local_task_job_runner.py:123} INFO - ::group::Pre task execution logs
[2024-10-02T02:38:43.686+0000] {taskinstance.py:2612} INFO - Dependencies all met for dep_context=non-requeueable deps ti=<TaskInstance: example_bash_operator.runme_2 manual__2024-10-02T02:38:38+00:00 [queued]>
[2024-10-02T02:38:43.689+0000] {taskinstance.py:2612} INFO - Dependencies all met for dep_context=requeueable deps ti=<TaskInstance: example_bash_operator.runme_2 manual__2024-10-02T02:38:38+00:00 [queued]>
[2024-10-02T02:38:43.689+0000] {taskinstance.py:2865} INFO - Starting attempt 1 of 1
[2024-10-02T02:38:43.697+0000] {taskinstance.py:2888} INFO - Executing <Task(BashOperator): runme_2> on 2024-10-02 02:38:38+00:00
[2024-10-02T02:38:43.701+0000] {warnings.py:112} WARNING - /home/***/.local/lib/python3.12/site-packages/***/task/task_runner/standard_task_runner.py:70: DeprecationWarning: This process (pid=768) is multi-threaded, use of fork() may lead to deadlocks in the child.
  pid = os.fork()

[2024-10-02T02:38:43.701+0000] {standard_task_runner.py:72} INFO - Started process 778 to run task
[2024-10-02T02:38:43.702+0000] {standard_task_runner.py:104} INFO - Running: ['***', 'tasks', 'run', 'example_bash_operator', 'runme_2', 'manual__2024-10-02T02:38:38+00:00', '--job-id', '12', '--raw', '--subdir', '/home/***/.local/lib/python3.12/site-packages/***/example_dags/example_bash_operator.py', '--cfg-path', '/tmp/tmp_1sjvsza']
[2024-10-02T02:38:43.703+0000] {standard_task_runner.py:105} INFO - Job 12: Subtask runme_2
[2024-10-02T02:38:43.740+0000] {task_command.py:467} INFO - Running <TaskInstance: example_bash_operator.runme_2 manual__2024-10-02T02:38:38+00:00 [running]> on host be06cec25f40
[2024-10-02T02:38:43.800+0000] {taskinstance.py:3131} INFO - Exporting env vars: AIRFLOW_CTX_DAG_OWNER='***' AIRFLOW_CTX_DAG_ID='example_bash_operator' AIRFLOW_CTX_TASK_ID='runme_2' AIRFLOW_CTX_EXECUTION_DATE='2024-10-02T02:38:38+00:00' AIRFLOW_CTX_TRY_NUMBER='1' AIRFLOW_CTX_DAG_RUN_ID='manual__2024-10-02T02:38:38+00:00'
[2024-10-02T02:38:43.801+0000] {logging_mixin.py:190} INFO - Task instance is in running state
[2024-10-02T02:38:43.801+0000] {logging_mixin.py:190} INFO -  Previous state of the Task instance: queued
[2024-10-02T02:38:43.802+0000] {logging_mixin.py:190} INFO - Current task name:runme_2 state:running start_date:2024-10-02 02:38:43.686387+00:00
[2024-10-02T02:38:43.802+0000] {logging_mixin.py:190} INFO - Dag name:example_bash_operator and current dag run status:running
[2024-10-02T02:38:43.802+0000] {taskinstance.py:731} INFO - ::endgroup::
[2024-10-02T02:38:43.803+0000] {subprocess.py:63} INFO - Tmp dir root location: /tmp
[2024-10-02T02:38:43.803+0000] {subprocess.py:75} INFO - Running command: ['/usr/bin/bash', '-c', 'echo "example_bash_operator__runme_2__20241002" && sleep 1']
[2024-10-02T02:38:43.810+0000] {subprocess.py:86} INFO - Output:
[2024-10-02T02:38:43.811+0000] {subprocess.py:93} INFO - example_bash_operator__runme_2__20241002
[2024-10-02T02:38:44.818+0000] {subprocess.py:97} INFO - Command exited with return code 0
[2024-10-02T02:38:44.858+0000] {taskinstance.py:340} INFO - ::group::Post task execution logs
[2024-10-02T02:38:44.859+0000] {taskinstance.py:352} INFO - Marking task as SUCCESS. dag_id=example_bash_operator, task_id=runme_2, run_id=manual__2024-10-02T02:38:38+00:00, execution_date=20241002T023838, start_date=20241002T023843, end_date=20241002T023844
[2024-10-02T02:38:44.866+0000] {logging_mixin.py:190} INFO - Task instance in success state
[2024-10-02T02:38:44.866+0000] {logging_mixin.py:190} INFO -  Previous state of the Task instance: running
[2024-10-02T02:38:44.866+0000] {logging_mixin.py:190} INFO - Dag name:example_bash_operator queued_at:2024-10-02 02:38:42.763226+00:00
[2024-10-02T02:38:44.866+0000] {logging_mixin.py:190} INFO - Task hostname:be06cec25f40 operator:BashOperator
[2024-10-02T02:38:44.880+0000] {local_task_job_runner.py:266} INFO - Task exited with return code 0
[2024-10-02T02:38:44.893+0000] {taskinstance.py:3900} INFO - 1 downstream tasks scheduled from follow-on schedule check
[2024-10-02T02:38:44.896+0000] {local_task_job_runner.py:245} INFO - ::endgroup::
