[2024-10-02T02:37:30.928+0000] {local_task_job_runner.py:123} INFO - ::group::Pre task execution logs
[2024-10-02T02:37:30.938+0000] {taskinstance.py:2612} INFO - Dependencies all met for dep_context=non-requeueable deps ti=<TaskInstance: example_bash_operator.also_run_this scheduled__2024-10-01T00:00:00+00:00 [queued]>
[2024-10-02T02:37:30.942+0000] {taskinstance.py:2612} INFO - Dependencies all met for dep_context=requeueable deps ti=<TaskInstance: example_bash_operator.also_run_this scheduled__2024-10-01T00:00:00+00:00 [queued]>
[2024-10-02T02:37:30.942+0000] {taskinstance.py:2865} INFO - Starting attempt 1 of 1
[2024-10-02T02:37:30.951+0000] {taskinstance.py:2888} INFO - Executing <Task(BashOperator): also_run_this> on 2024-10-01 00:00:00+00:00
[2024-10-02T02:37:30.955+0000] {warnings.py:112} WARNING - /home/***/.local/lib/python3.12/site-packages/***/task/task_runner/standard_task_runner.py:70: DeprecationWarning: This process (pid=717) is multi-threaded, use of fork() may lead to deadlocks in the child.
  pid = os.fork()

[2024-10-02T02:37:30.956+0000] {standard_task_runner.py:72} INFO - Started process 734 to run task
[2024-10-02T02:37:30.957+0000] {standard_task_runner.py:104} INFO - Running: ['***', 'tasks', 'run', 'example_bash_operator', 'also_run_this', 'scheduled__2024-10-01T00:00:00+00:00', '--job-id', '6', '--raw', '--subdir', '/home/***/.local/lib/python3.12/site-packages/***/example_dags/example_bash_operator.py', '--cfg-path', '/tmp/tmphy89qi3z']
[2024-10-02T02:37:30.958+0000] {standard_task_runner.py:105} INFO - Job 6: Subtask also_run_this
[2024-10-02T02:37:31.008+0000] {task_command.py:467} INFO - Running <TaskInstance: example_bash_operator.also_run_this scheduled__2024-10-01T00:00:00+00:00 [running]> on host be06cec25f40
[2024-10-02T02:37:31.083+0000] {taskinstance.py:3131} INFO - Exporting env vars: AIRFLOW_CTX_DAG_OWNER='***' AIRFLOW_CTX_DAG_ID='example_bash_operator' AIRFLOW_CTX_TASK_ID='also_run_this' AIRFLOW_CTX_EXECUTION_DATE='2024-10-01T00:00:00+00:00' AIRFLOW_CTX_TRY_NUMBER='1' AIRFLOW_CTX_DAG_RUN_ID='scheduled__2024-10-01T00:00:00+00:00'
[2024-10-02T02:37:31.088+0000] {logging_mixin.py:190} INFO - Task instance is in running state
[2024-10-02T02:37:31.089+0000] {logging_mixin.py:190} INFO -  Previous state of the Task instance: queued
[2024-10-02T02:37:31.089+0000] {logging_mixin.py:190} INFO - Current task name:also_run_this state:running start_date:2024-10-02 02:37:30.938908+00:00
[2024-10-02T02:37:31.090+0000] {logging_mixin.py:190} INFO - Dag name:example_bash_operator and current dag run status:running
[2024-10-02T02:37:31.090+0000] {taskinstance.py:731} INFO - ::endgroup::
[2024-10-02T02:37:31.091+0000] {subprocess.py:63} INFO - Tmp dir root location: /tmp
[2024-10-02T02:37:31.091+0000] {subprocess.py:75} INFO - Running command: ['/usr/bin/bash', '-c', 'echo "ti_key=example_bash_operator__also_run_this__20241001"']
[2024-10-02T02:37:31.102+0000] {subprocess.py:86} INFO - Output:
[2024-10-02T02:37:31.106+0000] {subprocess.py:93} INFO - ti_key=example_bash_operator__also_run_this__20241001
[2024-10-02T02:37:31.106+0000] {subprocess.py:97} INFO - Command exited with return code 0
[2024-10-02T02:37:31.126+0000] {taskinstance.py:340} INFO - ::group::Post task execution logs
[2024-10-02T02:37:31.127+0000] {taskinstance.py:352} INFO - Marking task as SUCCESS. dag_id=example_bash_operator, task_id=also_run_this, run_id=scheduled__2024-10-01T00:00:00+00:00, execution_date=20241001T000000, start_date=20241002T023730, end_date=20241002T023731
[2024-10-02T02:37:31.135+0000] {logging_mixin.py:190} INFO - Task instance in success state
[2024-10-02T02:37:31.135+0000] {logging_mixin.py:190} INFO -  Previous state of the Task instance: running
[2024-10-02T02:37:31.135+0000] {logging_mixin.py:190} INFO - Dag name:example_bash_operator queued_at:2024-10-02 02:37:28.588856+00:00
[2024-10-02T02:37:31.136+0000] {logging_mixin.py:190} INFO - Task hostname:be06cec25f40 operator:BashOperator
[2024-10-02T02:37:31.147+0000] {local_task_job_runner.py:266} INFO - Task exited with return code 0
[2024-10-02T02:37:31.168+0000] {taskinstance.py:3900} INFO - 0 downstream tasks scheduled from follow-on schedule check
[2024-10-02T02:37:31.172+0000] {local_task_job_runner.py:245} INFO - ::endgroup::
