[2024-10-04T00:00:04.522+0000] {local_task_job_runner.py:123} INFO - ::group::Pre task execution logs
[2024-10-04T00:00:04.528+0000] {taskinstance.py:2612} INFO - Dependencies all met for dep_context=non-requeueable deps ti=<TaskInstance: example_bash_operator.run_after_loop scheduled__2024-10-03T00:00:00+00:00 [queued]>
[2024-10-04T00:00:04.531+0000] {taskinstance.py:2612} INFO - Dependencies all met for dep_context=requeueable deps ti=<TaskInstance: example_bash_operator.run_after_loop scheduled__2024-10-03T00:00:00+00:00 [queued]>
[2024-10-04T00:00:04.531+0000] {taskinstance.py:2865} INFO - Starting attempt 1 of 1
[2024-10-04T00:00:04.537+0000] {taskinstance.py:2888} INFO - Executing <Task(BashOperator): run_after_loop> on 2024-10-03 00:00:00+00:00
[2024-10-04T00:00:04.540+0000] {warnings.py:112} WARNING - /home/***/.local/lib/python3.12/site-packages/***/task/task_runner/standard_task_runner.py:70: DeprecationWarning: This process (pid=11098) is multi-threaded, use of fork() may lead to deadlocks in the child.
  pid = os.fork()

[2024-10-04T00:00:04.541+0000] {standard_task_runner.py:72} INFO - Started process 11100 to run task
[2024-10-04T00:00:04.541+0000] {standard_task_runner.py:104} INFO - Running: ['***', 'tasks', 'run', 'example_bash_operator', 'run_after_loop', 'scheduled__2024-10-03T00:00:00+00:00', '--job-id', '195', '--raw', '--subdir', '/home/***/.local/lib/python3.12/site-packages/***/example_dags/example_bash_operator.py', '--cfg-path', '/tmp/tmpxolsntlo']
[2024-10-04T00:00:04.542+0000] {standard_task_runner.py:105} INFO - Job 195: Subtask run_after_loop
[2024-10-04T00:00:04.562+0000] {task_command.py:467} INFO - Running <TaskInstance: example_bash_operator.run_after_loop scheduled__2024-10-03T00:00:00+00:00 [running]> on host 8dd91c37f153
[2024-10-04T00:00:04.595+0000] {taskinstance.py:3131} INFO - Exporting env vars: AIRFLOW_CTX_DAG_OWNER='***' AIRFLOW_CTX_DAG_ID='example_bash_operator' AIRFLOW_CTX_TASK_ID='run_after_loop' AIRFLOW_CTX_EXECUTION_DATE='2024-10-03T00:00:00+00:00' AIRFLOW_CTX_TRY_NUMBER='1' AIRFLOW_CTX_DAG_RUN_ID='scheduled__2024-10-03T00:00:00+00:00'
[2024-10-04T00:00:04.596+0000] {logging_mixin.py:190} INFO - Task instance is in running state
[2024-10-04T00:00:04.596+0000] {logging_mixin.py:190} INFO -  Previous state of the Task instance: queued
[2024-10-04T00:00:04.596+0000] {logging_mixin.py:190} INFO - Current task name:run_after_loop state:running start_date:2024-10-04 00:00:04.528884+00:00
[2024-10-04T00:00:04.596+0000] {logging_mixin.py:190} INFO - Dag name:example_bash_operator and current dag run status:running
[2024-10-04T00:00:04.596+0000] {taskinstance.py:731} INFO - ::endgroup::
[2024-10-04T00:00:04.597+0000] {subprocess.py:63} INFO - Tmp dir root location: /tmp
[2024-10-04T00:00:04.597+0000] {subprocess.py:75} INFO - Running command: ['/usr/bin/bash', '-c', 'echo https://***.apache.org/']
[2024-10-04T00:00:04.602+0000] {subprocess.py:86} INFO - Output:
[2024-10-04T00:00:04.603+0000] {subprocess.py:93} INFO - https://***.apache.org/
[2024-10-04T00:00:04.603+0000] {subprocess.py:97} INFO - Command exited with return code 0
[2024-10-04T00:00:04.614+0000] {taskinstance.py:340} INFO - ::group::Post task execution logs
[2024-10-04T00:00:04.614+0000] {taskinstance.py:352} INFO - Marking task as SUCCESS. dag_id=example_bash_operator, task_id=run_after_loop, run_id=scheduled__2024-10-03T00:00:00+00:00, execution_date=20241003T000000, start_date=20241004T000004, end_date=20241004T000004
[2024-10-04T00:00:04.618+0000] {logging_mixin.py:190} INFO - Task instance in success state
[2024-10-04T00:00:04.619+0000] {logging_mixin.py:190} INFO -  Previous state of the Task instance: running
[2024-10-04T00:00:04.619+0000] {logging_mixin.py:190} INFO - Dag name:example_bash_operator queued_at:2024-10-04 00:00:01.083215+00:00
[2024-10-04T00:00:04.619+0000] {logging_mixin.py:190} INFO - Task hostname:8dd91c37f153 operator:BashOperator
[2024-10-04T00:00:04.644+0000] {local_task_job_runner.py:266} INFO - Task exited with return code 0
[2024-10-04T00:00:04.652+0000] {taskinstance.py:3900} INFO - 0 downstream tasks scheduled from follow-on schedule check
[2024-10-04T00:00:04.655+0000] {local_task_job_runner.py:245} INFO - ::endgroup::
