[2024-10-04T01:21:12.586+0000] {local_task_job_runner.py:123} INFO - ::group::Pre task execution logs
[2024-10-04T01:21:12.597+0000] {taskinstance.py:2612} INFO - Dependencies all met for dep_context=non-requeueable deps ti=<TaskInstance: HelloWorld_v2.print_goodbye scheduled__2024-03-23T10:37:00+00:00 [queued]>
[2024-10-04T01:21:12.601+0000] {taskinstance.py:2612} INFO - Dependencies all met for dep_context=requeueable deps ti=<TaskInstance: HelloWorld_v2.print_goodbye scheduled__2024-03-23T10:37:00+00:00 [queued]>
[2024-10-04T01:21:12.602+0000] {taskinstance.py:2865} INFO - Starting attempt 1 of 1
[2024-10-04T01:21:12.610+0000] {taskinstance.py:2888} INFO - Executing <Task(_PythonDecoratedOperator): print_goodbye> on 2024-03-23 10:37:00+00:00
[2024-10-04T01:21:12.614+0000] {warnings.py:112} WARNING - /home/***/.local/lib/python3.12/site-packages/***/task/task_runner/standard_task_runner.py:70: DeprecationWarning: This process (pid=1599) is multi-threaded, use of fork() may lead to deadlocks in the child.
  pid = os.fork()

[2024-10-04T01:21:12.615+0000] {standard_task_runner.py:72} INFO - Started process 1615 to run task
[2024-10-04T01:21:12.616+0000] {standard_task_runner.py:104} INFO - Running: ['***', 'tasks', 'run', 'HelloWorld_v2', 'print_goodbye', 'scheduled__2024-03-23T10:37:00+00:00', '--job-id', '459', '--raw', '--subdir', 'DAGS_FOLDER/1_HelloWorld_v2.py', '--cfg-path', '/tmp/tmpwhj6trwv']
[2024-10-04T01:21:12.617+0000] {standard_task_runner.py:105} INFO - Job 459: Subtask print_goodbye
[2024-10-04T01:21:12.660+0000] {task_command.py:467} INFO - Running <TaskInstance: HelloWorld_v2.print_goodbye scheduled__2024-03-23T10:37:00+00:00 [running]> on host 23ec655c645e
[2024-10-04T01:21:12.715+0000] {taskinstance.py:3131} INFO - Exporting env vars: AIRFLOW_CTX_DAG_OWNER='***' AIRFLOW_CTX_DAG_ID='HelloWorld_v2' AIRFLOW_CTX_TASK_ID='print_goodbye' AIRFLOW_CTX_EXECUTION_DATE='2024-03-23T10:37:00+00:00' AIRFLOW_CTX_TRY_NUMBER='1' AIRFLOW_CTX_DAG_RUN_ID='scheduled__2024-03-23T10:37:00+00:00'
[2024-10-04T01:21:12.716+0000] {taskinstance.py:731} INFO - ::endgroup::
[2024-10-04T01:21:12.718+0000] {logging_mixin.py:190} INFO - goodbye!
[2024-10-04T01:21:12.718+0000] {python.py:240} INFO - Done. Returned value was: goodbye!
[2024-10-04T01:21:12.741+0000] {taskinstance.py:340} INFO - ::group::Post task execution logs
[2024-10-04T01:21:12.742+0000] {taskinstance.py:352} INFO - Marking task as SUCCESS. dag_id=HelloWorld_v2, task_id=print_goodbye, run_id=scheduled__2024-03-23T10:37:00+00:00, execution_date=20240323T103700, start_date=20241004T012112, end_date=20241004T012112
[2024-10-04T01:21:12.752+0000] {local_task_job_runner.py:266} INFO - Task exited with return code 0
[2024-10-04T01:21:12.762+0000] {taskinstance.py:3900} INFO - 0 downstream tasks scheduled from follow-on schedule check
[2024-10-04T01:21:12.767+0000] {local_task_job_runner.py:245} INFO - ::endgroup::
