[2024-10-02T01:48:20.893+0000] {processor.py:186} INFO - Started process (PID=64) to work on /home/airflow/.local/lib/python3.12/site-packages/airflow/example_dags/example_latest_only.py
[2024-10-02T01:48:20.894+0000] {processor.py:914} INFO - Processing file /home/airflow/.local/lib/python3.12/site-packages/airflow/example_dags/example_latest_only.py for tasks to queue
[2024-10-02T01:48:20.896+0000] {logging_mixin.py:190} INFO - [2024-10-02T01:48:20.896+0000] {dagbag.py:588} INFO - Filling up the DagBag from /home/airflow/.local/lib/python3.12/site-packages/airflow/example_dags/example_latest_only.py
[2024-10-02T01:48:20.902+0000] {processor.py:925} INFO - DAG(s) 'latest_only' retrieved from /home/airflow/.local/lib/python3.12/site-packages/airflow/example_dags/example_latest_only.py
[2024-10-02T01:48:20.957+0000] {logging_mixin.py:190} INFO - [2024-10-02T01:48:20.957+0000] {override.py:1900} INFO - Created Permission View: can delete on DAG:latest_only
[2024-10-02T01:48:20.963+0000] {logging_mixin.py:190} INFO - [2024-10-02T01:48:20.963+0000] {override.py:1900} INFO - Created Permission View: can read on DAG:latest_only
[2024-10-02T01:48:20.967+0000] {logging_mixin.py:190} INFO - [2024-10-02T01:48:20.967+0000] {override.py:1900} INFO - Created Permission View: can edit on DAG:latest_only
[2024-10-02T01:48:20.972+0000] {logging_mixin.py:190} INFO - [2024-10-02T01:48:20.972+0000] {override.py:1900} INFO - Created Permission View: can delete on DAG Run:latest_only
[2024-10-02T01:48:20.976+0000] {logging_mixin.py:190} INFO - [2024-10-02T01:48:20.976+0000] {override.py:1900} INFO - Created Permission View: can create on DAG Run:latest_only
[2024-10-02T01:48:20.980+0000] {logging_mixin.py:190} INFO - [2024-10-02T01:48:20.980+0000] {override.py:1900} INFO - Created Permission View: can read on DAG Run:latest_only
[2024-10-02T01:48:20.983+0000] {logging_mixin.py:190} INFO - [2024-10-02T01:48:20.983+0000] {override.py:1900} INFO - Created Permission View: menu access on DAG Run:latest_only
[2024-10-02T01:48:20.983+0000] {logging_mixin.py:190} INFO - [2024-10-02T01:48:20.983+0000] {dag.py:3239} INFO - Sync 1 DAGs
[2024-10-02T01:48:20.989+0000] {logging_mixin.py:190} INFO - [2024-10-02T01:48:20.989+0000] {dag.py:3262} INFO - Creating ORM DAG for latest_only
[2024-10-02T01:48:20.994+0000] {logging_mixin.py:190} INFO - [2024-10-02T01:48:20.994+0000] {dag.py:4180} INFO - Setting next_dagrun for latest_only to 2024-10-01 20:00:00+00:00, run_after=2024-10-02 00:00:00+00:00
[2024-10-02T01:48:21.003+0000] {processor.py:208} INFO - Processing /home/airflow/.local/lib/python3.12/site-packages/airflow/example_dags/example_latest_only.py took 0.115 seconds
[2024-10-02T01:48:51.110+0000] {processor.py:186} INFO - Started process (PID=126) to work on /home/airflow/.local/lib/python3.12/site-packages/airflow/example_dags/example_latest_only.py
[2024-10-02T01:48:51.111+0000] {processor.py:914} INFO - Processing file /home/airflow/.local/lib/python3.12/site-packages/airflow/example_dags/example_latest_only.py for tasks to queue
[2024-10-02T01:48:51.112+0000] {logging_mixin.py:190} INFO - [2024-10-02T01:48:51.112+0000] {dagbag.py:588} INFO - Filling up the DagBag from /home/airflow/.local/lib/python3.12/site-packages/airflow/example_dags/example_latest_only.py
[2024-10-02T01:48:51.116+0000] {processor.py:925} INFO - DAG(s) 'latest_only' retrieved from /home/airflow/.local/lib/python3.12/site-packages/airflow/example_dags/example_latest_only.py
[2024-10-02T01:48:51.125+0000] {logging_mixin.py:190} INFO - [2024-10-02T01:48:51.125+0000] {dag.py:3239} INFO - Sync 1 DAGs
[2024-10-02T01:48:51.135+0000] {logging_mixin.py:190} INFO - [2024-10-02T01:48:51.135+0000] {dag.py:4180} INFO - Setting next_dagrun for latest_only to 2024-10-01 20:00:00+00:00, run_after=2024-10-02 00:00:00+00:00
[2024-10-02T01:48:51.144+0000] {processor.py:208} INFO - Processing /home/airflow/.local/lib/python3.12/site-packages/airflow/example_dags/example_latest_only.py took 0.037 seconds
[2024-10-02T01:49:21.365+0000] {processor.py:186} INFO - Started process (PID=188) to work on /home/airflow/.local/lib/python3.12/site-packages/airflow/example_dags/example_latest_only.py
[2024-10-02T01:49:21.366+0000] {processor.py:914} INFO - Processing file /home/airflow/.local/lib/python3.12/site-packages/airflow/example_dags/example_latest_only.py for tasks to queue
[2024-10-02T01:49:21.367+0000] {logging_mixin.py:190} INFO - [2024-10-02T01:49:21.367+0000] {dagbag.py:588} INFO - Filling up the DagBag from /home/airflow/.local/lib/python3.12/site-packages/airflow/example_dags/example_latest_only.py
[2024-10-02T01:49:21.371+0000] {processor.py:925} INFO - DAG(s) 'latest_only' retrieved from /home/airflow/.local/lib/python3.12/site-packages/airflow/example_dags/example_latest_only.py
[2024-10-02T01:49:21.380+0000] {logging_mixin.py:190} INFO - [2024-10-02T01:49:21.380+0000] {dag.py:3239} INFO - Sync 1 DAGs
[2024-10-02T01:49:21.390+0000] {logging_mixin.py:190} INFO - [2024-10-02T01:49:21.390+0000] {dag.py:4180} INFO - Setting next_dagrun for latest_only to 2024-10-01 20:00:00+00:00, run_after=2024-10-02 00:00:00+00:00
[2024-10-02T01:49:21.400+0000] {processor.py:208} INFO - Processing /home/airflow/.local/lib/python3.12/site-packages/airflow/example_dags/example_latest_only.py took 0.037 seconds
[2024-10-02T01:49:51.651+0000] {processor.py:186} INFO - Started process (PID=250) to work on /home/airflow/.local/lib/python3.12/site-packages/airflow/example_dags/example_latest_only.py
[2024-10-02T01:49:51.651+0000] {processor.py:914} INFO - Processing file /home/airflow/.local/lib/python3.12/site-packages/airflow/example_dags/example_latest_only.py for tasks to queue
[2024-10-02T01:49:51.652+0000] {logging_mixin.py:190} INFO - [2024-10-02T01:49:51.652+0000] {dagbag.py:588} INFO - Filling up the DagBag from /home/airflow/.local/lib/python3.12/site-packages/airflow/example_dags/example_latest_only.py
[2024-10-02T01:49:51.656+0000] {processor.py:925} INFO - DAG(s) 'latest_only' retrieved from /home/airflow/.local/lib/python3.12/site-packages/airflow/example_dags/example_latest_only.py
[2024-10-02T01:49:51.665+0000] {logging_mixin.py:190} INFO - [2024-10-02T01:49:51.665+0000] {dag.py:3239} INFO - Sync 1 DAGs
[2024-10-02T01:49:51.674+0000] {logging_mixin.py:190} INFO - [2024-10-02T01:49:51.674+0000] {dag.py:4180} INFO - Setting next_dagrun for latest_only to 2024-10-01 20:00:00+00:00, run_after=2024-10-02 00:00:00+00:00
[2024-10-02T01:49:51.683+0000] {processor.py:208} INFO - Processing /home/airflow/.local/lib/python3.12/site-packages/airflow/example_dags/example_latest_only.py took 0.035 seconds
[2024-10-02T01:50:22.027+0000] {processor.py:186} INFO - Started process (PID=312) to work on /home/airflow/.local/lib/python3.12/site-packages/airflow/example_dags/example_latest_only.py
[2024-10-02T01:50:22.028+0000] {processor.py:914} INFO - Processing file /home/airflow/.local/lib/python3.12/site-packages/airflow/example_dags/example_latest_only.py for tasks to queue
[2024-10-02T01:50:22.029+0000] {logging_mixin.py:190} INFO - [2024-10-02T01:50:22.029+0000] {dagbag.py:588} INFO - Filling up the DagBag from /home/airflow/.local/lib/python3.12/site-packages/airflow/example_dags/example_latest_only.py
[2024-10-02T01:50:22.033+0000] {processor.py:925} INFO - DAG(s) 'latest_only' retrieved from /home/airflow/.local/lib/python3.12/site-packages/airflow/example_dags/example_latest_only.py
[2024-10-02T01:50:22.042+0000] {logging_mixin.py:190} INFO - [2024-10-02T01:50:22.042+0000] {dag.py:3239} INFO - Sync 1 DAGs
[2024-10-02T01:50:22.053+0000] {logging_mixin.py:190} INFO - [2024-10-02T01:50:22.053+0000] {dag.py:4180} INFO - Setting next_dagrun for latest_only to 2024-10-01 20:00:00+00:00, run_after=2024-10-02 00:00:00+00:00
[2024-10-02T01:50:22.062+0000] {processor.py:208} INFO - Processing /home/airflow/.local/lib/python3.12/site-packages/airflow/example_dags/example_latest_only.py took 0.038 seconds
[2024-10-02T01:50:52.322+0000] {processor.py:186} INFO - Started process (PID=374) to work on /home/airflow/.local/lib/python3.12/site-packages/airflow/example_dags/example_latest_only.py
[2024-10-02T01:50:52.322+0000] {processor.py:914} INFO - Processing file /home/airflow/.local/lib/python3.12/site-packages/airflow/example_dags/example_latest_only.py for tasks to queue
[2024-10-02T01:50:52.323+0000] {logging_mixin.py:190} INFO - [2024-10-02T01:50:52.323+0000] {dagbag.py:588} INFO - Filling up the DagBag from /home/airflow/.local/lib/python3.12/site-packages/airflow/example_dags/example_latest_only.py
[2024-10-02T01:50:52.326+0000] {processor.py:925} INFO - DAG(s) 'latest_only' retrieved from /home/airflow/.local/lib/python3.12/site-packages/airflow/example_dags/example_latest_only.py
[2024-10-02T01:50:52.336+0000] {logging_mixin.py:190} INFO - [2024-10-02T01:50:52.336+0000] {dag.py:3239} INFO - Sync 1 DAGs
[2024-10-02T01:50:52.348+0000] {logging_mixin.py:190} INFO - [2024-10-02T01:50:52.348+0000] {dag.py:4180} INFO - Setting next_dagrun for latest_only to 2024-10-01 20:00:00+00:00, run_after=2024-10-02 00:00:00+00:00
[2024-10-02T01:50:52.360+0000] {processor.py:208} INFO - Processing /home/airflow/.local/lib/python3.12/site-packages/airflow/example_dags/example_latest_only.py took 0.041 seconds
[2024-10-02T01:51:22.463+0000] {processor.py:186} INFO - Started process (PID=436) to work on /home/airflow/.local/lib/python3.12/site-packages/airflow/example_dags/example_latest_only.py
[2024-10-02T01:51:22.463+0000] {processor.py:914} INFO - Processing file /home/airflow/.local/lib/python3.12/site-packages/airflow/example_dags/example_latest_only.py for tasks to queue
[2024-10-02T01:51:22.464+0000] {logging_mixin.py:190} INFO - [2024-10-02T01:51:22.464+0000] {dagbag.py:588} INFO - Filling up the DagBag from /home/airflow/.local/lib/python3.12/site-packages/airflow/example_dags/example_latest_only.py
[2024-10-02T01:51:22.468+0000] {processor.py:925} INFO - DAG(s) 'latest_only' retrieved from /home/airflow/.local/lib/python3.12/site-packages/airflow/example_dags/example_latest_only.py
[2024-10-02T01:51:22.477+0000] {logging_mixin.py:190} INFO - [2024-10-02T01:51:22.477+0000] {dag.py:3239} INFO - Sync 1 DAGs
[2024-10-02T01:51:22.489+0000] {logging_mixin.py:190} INFO - [2024-10-02T01:51:22.488+0000] {dag.py:4180} INFO - Setting next_dagrun for latest_only to 2024-10-01 20:00:00+00:00, run_after=2024-10-02 00:00:00+00:00
[2024-10-02T01:51:22.498+0000] {processor.py:208} INFO - Processing /home/airflow/.local/lib/python3.12/site-packages/airflow/example_dags/example_latest_only.py took 0.039 seconds
[2024-10-02T01:51:52.659+0000] {processor.py:186} INFO - Started process (PID=498) to work on /home/airflow/.local/lib/python3.12/site-packages/airflow/example_dags/example_latest_only.py
[2024-10-02T01:51:52.660+0000] {processor.py:914} INFO - Processing file /home/airflow/.local/lib/python3.12/site-packages/airflow/example_dags/example_latest_only.py for tasks to queue
[2024-10-02T01:51:52.661+0000] {logging_mixin.py:190} INFO - [2024-10-02T01:51:52.660+0000] {dagbag.py:588} INFO - Filling up the DagBag from /home/airflow/.local/lib/python3.12/site-packages/airflow/example_dags/example_latest_only.py
[2024-10-02T01:51:52.664+0000] {processor.py:925} INFO - DAG(s) 'latest_only' retrieved from /home/airflow/.local/lib/python3.12/site-packages/airflow/example_dags/example_latest_only.py
[2024-10-02T01:51:52.674+0000] {logging_mixin.py:190} INFO - [2024-10-02T01:51:52.674+0000] {dag.py:3239} INFO - Sync 1 DAGs
[2024-10-02T01:51:52.685+0000] {logging_mixin.py:190} INFO - [2024-10-02T01:51:52.684+0000] {dag.py:4180} INFO - Setting next_dagrun for latest_only to 2024-10-01 20:00:00+00:00, run_after=2024-10-02 00:00:00+00:00
[2024-10-02T01:51:52.693+0000] {processor.py:208} INFO - Processing /home/airflow/.local/lib/python3.12/site-packages/airflow/example_dags/example_latest_only.py took 0.037 seconds
[2024-10-02T01:52:22.911+0000] {processor.py:186} INFO - Started process (PID=560) to work on /home/airflow/.local/lib/python3.12/site-packages/airflow/example_dags/example_latest_only.py
[2024-10-02T01:52:22.911+0000] {processor.py:914} INFO - Processing file /home/airflow/.local/lib/python3.12/site-packages/airflow/example_dags/example_latest_only.py for tasks to queue
[2024-10-02T01:52:22.912+0000] {logging_mixin.py:190} INFO - [2024-10-02T01:52:22.912+0000] {dagbag.py:588} INFO - Filling up the DagBag from /home/airflow/.local/lib/python3.12/site-packages/airflow/example_dags/example_latest_only.py
[2024-10-02T01:52:22.916+0000] {processor.py:925} INFO - DAG(s) 'latest_only' retrieved from /home/airflow/.local/lib/python3.12/site-packages/airflow/example_dags/example_latest_only.py
[2024-10-02T01:52:22.925+0000] {logging_mixin.py:190} INFO - [2024-10-02T01:52:22.925+0000] {dag.py:3239} INFO - Sync 1 DAGs
[2024-10-02T01:52:22.936+0000] {logging_mixin.py:190} INFO - [2024-10-02T01:52:22.936+0000] {dag.py:4180} INFO - Setting next_dagrun for latest_only to 2024-10-01 20:00:00+00:00, run_after=2024-10-02 00:00:00+00:00
[2024-10-02T01:52:22.949+0000] {processor.py:208} INFO - Processing /home/airflow/.local/lib/python3.12/site-packages/airflow/example_dags/example_latest_only.py took 0.042 seconds
[2024-10-02T01:52:53.173+0000] {processor.py:186} INFO - Started process (PID=628) to work on /home/airflow/.local/lib/python3.12/site-packages/airflow/example_dags/example_latest_only.py
[2024-10-02T01:52:53.173+0000] {processor.py:914} INFO - Processing file /home/airflow/.local/lib/python3.12/site-packages/airflow/example_dags/example_latest_only.py for tasks to queue
[2024-10-02T01:52:53.175+0000] {logging_mixin.py:190} INFO - [2024-10-02T01:52:53.174+0000] {dagbag.py:588} INFO - Filling up the DagBag from /home/airflow/.local/lib/python3.12/site-packages/airflow/example_dags/example_latest_only.py
[2024-10-02T01:52:53.178+0000] {processor.py:925} INFO - DAG(s) 'latest_only' retrieved from /home/airflow/.local/lib/python3.12/site-packages/airflow/example_dags/example_latest_only.py
[2024-10-02T01:52:53.188+0000] {logging_mixin.py:190} INFO - [2024-10-02T01:52:53.188+0000] {dag.py:3239} INFO - Sync 1 DAGs
[2024-10-02T01:52:53.198+0000] {logging_mixin.py:190} INFO - [2024-10-02T01:52:53.198+0000] {dag.py:4180} INFO - Setting next_dagrun for latest_only to 2024-10-01 20:00:00+00:00, run_after=2024-10-02 00:00:00+00:00
[2024-10-02T01:52:53.208+0000] {processor.py:208} INFO - Processing /home/airflow/.local/lib/python3.12/site-packages/airflow/example_dags/example_latest_only.py took 0.038 seconds
