[2024-10-02T01:48:22.287+0000] {processor.py:186} INFO - Started process (PID=87) to work on /home/airflow/.local/lib/python3.12/site-packages/airflow/example_dags/example_trigger_target_dag.py
[2024-10-02T01:48:22.288+0000] {processor.py:914} INFO - Processing file /home/airflow/.local/lib/python3.12/site-packages/airflow/example_dags/example_trigger_target_dag.py for tasks to queue
[2024-10-02T01:48:22.289+0000] {logging_mixin.py:190} INFO - [2024-10-02T01:48:22.289+0000] {dagbag.py:588} INFO - Filling up the DagBag from /home/airflow/.local/lib/python3.12/site-packages/airflow/example_dags/example_trigger_target_dag.py
[2024-10-02T01:48:22.293+0000] {processor.py:925} INFO - DAG(s) 'example_trigger_target_dag' retrieved from /home/airflow/.local/lib/python3.12/site-packages/airflow/example_dags/example_trigger_target_dag.py
[2024-10-02T01:48:22.342+0000] {logging_mixin.py:190} INFO - [2024-10-02T01:48:22.341+0000] {override.py:1900} INFO - Created Permission View: can delete on DAG:example_trigger_target_dag
[2024-10-02T01:48:22.347+0000] {logging_mixin.py:190} INFO - [2024-10-02T01:48:22.347+0000] {override.py:1900} INFO - Created Permission View: can read on DAG:example_trigger_target_dag
[2024-10-02T01:48:22.350+0000] {logging_mixin.py:190} INFO - [2024-10-02T01:48:22.350+0000] {override.py:1900} INFO - Created Permission View: can edit on DAG:example_trigger_target_dag
[2024-10-02T01:48:22.355+0000] {logging_mixin.py:190} INFO - [2024-10-02T01:48:22.354+0000] {override.py:1900} INFO - Created Permission View: can delete on DAG Run:example_trigger_target_dag
[2024-10-02T01:48:22.359+0000] {logging_mixin.py:190} INFO - [2024-10-02T01:48:22.359+0000] {override.py:1900} INFO - Created Permission View: can create on DAG Run:example_trigger_target_dag
[2024-10-02T01:48:22.362+0000] {logging_mixin.py:190} INFO - [2024-10-02T01:48:22.362+0000] {override.py:1900} INFO - Created Permission View: can read on DAG Run:example_trigger_target_dag
[2024-10-02T01:48:22.367+0000] {logging_mixin.py:190} INFO - [2024-10-02T01:48:22.367+0000] {override.py:1900} INFO - Created Permission View: menu access on DAG Run:example_trigger_target_dag
[2024-10-02T01:48:22.367+0000] {logging_mixin.py:190} INFO - [2024-10-02T01:48:22.367+0000] {dag.py:3239} INFO - Sync 1 DAGs
[2024-10-02T01:48:22.374+0000] {logging_mixin.py:190} INFO - [2024-10-02T01:48:22.374+0000] {dag.py:3262} INFO - Creating ORM DAG for example_trigger_target_dag
[2024-10-02T01:48:22.374+0000] {logging_mixin.py:190} INFO - [2024-10-02T01:48:22.374+0000] {dag.py:4180} INFO - Setting next_dagrun for example_trigger_target_dag to None, run_after=None
[2024-10-02T01:48:22.382+0000] {processor.py:208} INFO - Processing /home/airflow/.local/lib/python3.12/site-packages/airflow/example_dags/example_trigger_target_dag.py took 0.098 seconds
[2024-10-02T01:48:52.864+0000] {processor.py:186} INFO - Started process (PID=155) to work on /home/airflow/.local/lib/python3.12/site-packages/airflow/example_dags/example_trigger_target_dag.py
[2024-10-02T01:48:52.865+0000] {processor.py:914} INFO - Processing file /home/airflow/.local/lib/python3.12/site-packages/airflow/example_dags/example_trigger_target_dag.py for tasks to queue
[2024-10-02T01:48:52.866+0000] {logging_mixin.py:190} INFO - [2024-10-02T01:48:52.866+0000] {dagbag.py:588} INFO - Filling up the DagBag from /home/airflow/.local/lib/python3.12/site-packages/airflow/example_dags/example_trigger_target_dag.py
[2024-10-02T01:48:52.870+0000] {processor.py:925} INFO - DAG(s) 'example_trigger_target_dag' retrieved from /home/airflow/.local/lib/python3.12/site-packages/airflow/example_dags/example_trigger_target_dag.py
[2024-10-02T01:48:52.880+0000] {logging_mixin.py:190} INFO - [2024-10-02T01:48:52.880+0000] {dag.py:3239} INFO - Sync 1 DAGs
[2024-10-02T01:48:52.899+0000] {logging_mixin.py:190} INFO - [2024-10-02T01:48:52.899+0000] {dag.py:4180} INFO - Setting next_dagrun for example_trigger_target_dag to None, run_after=None
[2024-10-02T01:48:52.914+0000] {processor.py:208} INFO - Processing /home/airflow/.local/lib/python3.12/site-packages/airflow/example_dags/example_trigger_target_dag.py took 0.053 seconds
[2024-10-02T01:49:23.108+0000] {processor.py:186} INFO - Started process (PID=217) to work on /home/airflow/.local/lib/python3.12/site-packages/airflow/example_dags/example_trigger_target_dag.py
[2024-10-02T01:49:23.108+0000] {processor.py:914} INFO - Processing file /home/airflow/.local/lib/python3.12/site-packages/airflow/example_dags/example_trigger_target_dag.py for tasks to queue
[2024-10-02T01:49:23.110+0000] {logging_mixin.py:190} INFO - [2024-10-02T01:49:23.110+0000] {dagbag.py:588} INFO - Filling up the DagBag from /home/airflow/.local/lib/python3.12/site-packages/airflow/example_dags/example_trigger_target_dag.py
[2024-10-02T01:49:23.114+0000] {processor.py:925} INFO - DAG(s) 'example_trigger_target_dag' retrieved from /home/airflow/.local/lib/python3.12/site-packages/airflow/example_dags/example_trigger_target_dag.py
[2024-10-02T01:49:23.124+0000] {logging_mixin.py:190} INFO - [2024-10-02T01:49:23.124+0000] {dag.py:3239} INFO - Sync 1 DAGs
[2024-10-02T01:49:23.131+0000] {logging_mixin.py:190} INFO - [2024-10-02T01:49:23.131+0000] {dag.py:4180} INFO - Setting next_dagrun for example_trigger_target_dag to None, run_after=None
[2024-10-02T01:49:23.140+0000] {processor.py:208} INFO - Processing /home/airflow/.local/lib/python3.12/site-packages/airflow/example_dags/example_trigger_target_dag.py took 0.035 seconds
[2024-10-02T01:49:53.259+0000] {processor.py:186} INFO - Started process (PID=279) to work on /home/airflow/.local/lib/python3.12/site-packages/airflow/example_dags/example_trigger_target_dag.py
[2024-10-02T01:49:53.259+0000] {processor.py:914} INFO - Processing file /home/airflow/.local/lib/python3.12/site-packages/airflow/example_dags/example_trigger_target_dag.py for tasks to queue
[2024-10-02T01:49:53.261+0000] {logging_mixin.py:190} INFO - [2024-10-02T01:49:53.261+0000] {dagbag.py:588} INFO - Filling up the DagBag from /home/airflow/.local/lib/python3.12/site-packages/airflow/example_dags/example_trigger_target_dag.py
[2024-10-02T01:49:53.265+0000] {processor.py:925} INFO - DAG(s) 'example_trigger_target_dag' retrieved from /home/airflow/.local/lib/python3.12/site-packages/airflow/example_dags/example_trigger_target_dag.py
[2024-10-02T01:49:53.276+0000] {logging_mixin.py:190} INFO - [2024-10-02T01:49:53.275+0000] {dag.py:3239} INFO - Sync 1 DAGs
[2024-10-02T01:49:53.283+0000] {logging_mixin.py:190} INFO - [2024-10-02T01:49:53.283+0000] {dag.py:4180} INFO - Setting next_dagrun for example_trigger_target_dag to None, run_after=None
[2024-10-02T01:49:53.298+0000] {processor.py:208} INFO - Processing /home/airflow/.local/lib/python3.12/site-packages/airflow/example_dags/example_trigger_target_dag.py took 0.043 seconds
[2024-10-02T01:50:23.645+0000] {processor.py:186} INFO - Started process (PID=341) to work on /home/airflow/.local/lib/python3.12/site-packages/airflow/example_dags/example_trigger_target_dag.py
[2024-10-02T01:50:23.645+0000] {processor.py:914} INFO - Processing file /home/airflow/.local/lib/python3.12/site-packages/airflow/example_dags/example_trigger_target_dag.py for tasks to queue
[2024-10-02T01:50:23.647+0000] {logging_mixin.py:190} INFO - [2024-10-02T01:50:23.647+0000] {dagbag.py:588} INFO - Filling up the DagBag from /home/airflow/.local/lib/python3.12/site-packages/airflow/example_dags/example_trigger_target_dag.py
[2024-10-02T01:50:23.650+0000] {processor.py:925} INFO - DAG(s) 'example_trigger_target_dag' retrieved from /home/airflow/.local/lib/python3.12/site-packages/airflow/example_dags/example_trigger_target_dag.py
[2024-10-02T01:50:23.659+0000] {logging_mixin.py:190} INFO - [2024-10-02T01:50:23.659+0000] {dag.py:3239} INFO - Sync 1 DAGs
[2024-10-02T01:50:23.665+0000] {logging_mixin.py:190} INFO - [2024-10-02T01:50:23.665+0000] {dag.py:4180} INFO - Setting next_dagrun for example_trigger_target_dag to None, run_after=None
[2024-10-02T01:50:23.674+0000] {processor.py:208} INFO - Processing /home/airflow/.local/lib/python3.12/site-packages/airflow/example_dags/example_trigger_target_dag.py took 0.032 seconds
[2024-10-02T01:50:54.089+0000] {processor.py:186} INFO - Started process (PID=403) to work on /home/airflow/.local/lib/python3.12/site-packages/airflow/example_dags/example_trigger_target_dag.py
[2024-10-02T01:50:54.090+0000] {processor.py:914} INFO - Processing file /home/airflow/.local/lib/python3.12/site-packages/airflow/example_dags/example_trigger_target_dag.py for tasks to queue
[2024-10-02T01:50:54.091+0000] {logging_mixin.py:190} INFO - [2024-10-02T01:50:54.091+0000] {dagbag.py:588} INFO - Filling up the DagBag from /home/airflow/.local/lib/python3.12/site-packages/airflow/example_dags/example_trigger_target_dag.py
[2024-10-02T01:50:54.095+0000] {processor.py:925} INFO - DAG(s) 'example_trigger_target_dag' retrieved from /home/airflow/.local/lib/python3.12/site-packages/airflow/example_dags/example_trigger_target_dag.py
[2024-10-02T01:50:54.108+0000] {logging_mixin.py:190} INFO - [2024-10-02T01:50:54.108+0000] {dag.py:3239} INFO - Sync 1 DAGs
[2024-10-02T01:50:54.115+0000] {logging_mixin.py:190} INFO - [2024-10-02T01:50:54.115+0000] {dag.py:4180} INFO - Setting next_dagrun for example_trigger_target_dag to None, run_after=None
[2024-10-02T01:50:54.124+0000] {processor.py:208} INFO - Processing /home/airflow/.local/lib/python3.12/site-packages/airflow/example_dags/example_trigger_target_dag.py took 0.038 seconds
[2024-10-02T01:51:24.154+0000] {processor.py:186} INFO - Started process (PID=465) to work on /home/airflow/.local/lib/python3.12/site-packages/airflow/example_dags/example_trigger_target_dag.py
[2024-10-02T01:51:24.155+0000] {processor.py:914} INFO - Processing file /home/airflow/.local/lib/python3.12/site-packages/airflow/example_dags/example_trigger_target_dag.py for tasks to queue
[2024-10-02T01:51:24.156+0000] {logging_mixin.py:190} INFO - [2024-10-02T01:51:24.156+0000] {dagbag.py:588} INFO - Filling up the DagBag from /home/airflow/.local/lib/python3.12/site-packages/airflow/example_dags/example_trigger_target_dag.py
[2024-10-02T01:51:24.160+0000] {processor.py:925} INFO - DAG(s) 'example_trigger_target_dag' retrieved from /home/airflow/.local/lib/python3.12/site-packages/airflow/example_dags/example_trigger_target_dag.py
[2024-10-02T01:51:24.167+0000] {logging_mixin.py:190} INFO - [2024-10-02T01:51:24.167+0000] {dag.py:3239} INFO - Sync 1 DAGs
[2024-10-02T01:51:24.173+0000] {logging_mixin.py:190} INFO - [2024-10-02T01:51:24.173+0000] {dag.py:4180} INFO - Setting next_dagrun for example_trigger_target_dag to None, run_after=None
[2024-10-02T01:51:24.182+0000] {processor.py:208} INFO - Processing /home/airflow/.local/lib/python3.12/site-packages/airflow/example_dags/example_trigger_target_dag.py took 0.031 seconds
[2024-10-02T01:51:54.329+0000] {processor.py:186} INFO - Started process (PID=527) to work on /home/airflow/.local/lib/python3.12/site-packages/airflow/example_dags/example_trigger_target_dag.py
[2024-10-02T01:51:54.329+0000] {processor.py:914} INFO - Processing file /home/airflow/.local/lib/python3.12/site-packages/airflow/example_dags/example_trigger_target_dag.py for tasks to queue
[2024-10-02T01:51:54.331+0000] {logging_mixin.py:190} INFO - [2024-10-02T01:51:54.331+0000] {dagbag.py:588} INFO - Filling up the DagBag from /home/airflow/.local/lib/python3.12/site-packages/airflow/example_dags/example_trigger_target_dag.py
[2024-10-02T01:51:54.335+0000] {processor.py:925} INFO - DAG(s) 'example_trigger_target_dag' retrieved from /home/airflow/.local/lib/python3.12/site-packages/airflow/example_dags/example_trigger_target_dag.py
[2024-10-02T01:51:54.343+0000] {logging_mixin.py:190} INFO - [2024-10-02T01:51:54.343+0000] {dag.py:3239} INFO - Sync 1 DAGs
[2024-10-02T01:51:54.349+0000] {logging_mixin.py:190} INFO - [2024-10-02T01:51:54.349+0000] {dag.py:4180} INFO - Setting next_dagrun for example_trigger_target_dag to None, run_after=None
[2024-10-02T01:51:54.357+0000] {processor.py:208} INFO - Processing /home/airflow/.local/lib/python3.12/site-packages/airflow/example_dags/example_trigger_target_dag.py took 0.032 seconds
[2024-10-02T01:52:24.565+0000] {processor.py:186} INFO - Started process (PID=589) to work on /home/airflow/.local/lib/python3.12/site-packages/airflow/example_dags/example_trigger_target_dag.py
[2024-10-02T01:52:24.566+0000] {processor.py:914} INFO - Processing file /home/airflow/.local/lib/python3.12/site-packages/airflow/example_dags/example_trigger_target_dag.py for tasks to queue
[2024-10-02T01:52:24.567+0000] {logging_mixin.py:190} INFO - [2024-10-02T01:52:24.567+0000] {dagbag.py:588} INFO - Filling up the DagBag from /home/airflow/.local/lib/python3.12/site-packages/airflow/example_dags/example_trigger_target_dag.py
[2024-10-02T01:52:24.571+0000] {processor.py:925} INFO - DAG(s) 'example_trigger_target_dag' retrieved from /home/airflow/.local/lib/python3.12/site-packages/airflow/example_dags/example_trigger_target_dag.py
[2024-10-02T01:52:24.579+0000] {logging_mixin.py:190} INFO - [2024-10-02T01:52:24.579+0000] {dag.py:3239} INFO - Sync 1 DAGs
[2024-10-02T01:52:24.585+0000] {logging_mixin.py:190} INFO - [2024-10-02T01:52:24.585+0000] {dag.py:4180} INFO - Setting next_dagrun for example_trigger_target_dag to None, run_after=None
[2024-10-02T01:52:24.593+0000] {processor.py:208} INFO - Processing /home/airflow/.local/lib/python3.12/site-packages/airflow/example_dags/example_trigger_target_dag.py took 0.030 seconds
