[2024-10-02T01:48:21.442+0000] {processor.py:186} INFO - Started process (PID=72) to work on /home/airflow/.local/lib/python3.12/site-packages/airflow/example_dags/example_python_decorator.py
[2024-10-02T01:48:21.442+0000] {processor.py:914} INFO - Processing file /home/airflow/.local/lib/python3.12/site-packages/airflow/example_dags/example_python_decorator.py for tasks to queue
[2024-10-02T01:48:21.443+0000] {logging_mixin.py:190} INFO - [2024-10-02T01:48:21.443+0000] {dagbag.py:588} INFO - Filling up the DagBag from /home/airflow/.local/lib/python3.12/site-packages/airflow/example_dags/example_python_decorator.py
[2024-10-02T01:48:21.451+0000] {processor.py:925} INFO - DAG(s) 'example_python_decorator' retrieved from /home/airflow/.local/lib/python3.12/site-packages/airflow/example_dags/example_python_decorator.py
[2024-10-02T01:48:21.500+0000] {logging_mixin.py:190} INFO - [2024-10-02T01:48:21.500+0000] {override.py:1900} INFO - Created Permission View: can delete on DAG:example_python_decorator
[2024-10-02T01:48:21.506+0000] {logging_mixin.py:190} INFO - [2024-10-02T01:48:21.505+0000] {override.py:1900} INFO - Created Permission View: can read on DAG:example_python_decorator
[2024-10-02T01:48:21.509+0000] {logging_mixin.py:190} INFO - [2024-10-02T01:48:21.509+0000] {override.py:1900} INFO - Created Permission View: can edit on DAG:example_python_decorator
[2024-10-02T01:48:21.514+0000] {logging_mixin.py:190} INFO - [2024-10-02T01:48:21.514+0000] {override.py:1900} INFO - Created Permission View: can delete on DAG Run:example_python_decorator
[2024-10-02T01:48:21.518+0000] {logging_mixin.py:190} INFO - [2024-10-02T01:48:21.517+0000] {override.py:1900} INFO - Created Permission View: can create on DAG Run:example_python_decorator
[2024-10-02T01:48:21.521+0000] {logging_mixin.py:190} INFO - [2024-10-02T01:48:21.521+0000] {override.py:1900} INFO - Created Permission View: can read on DAG Run:example_python_decorator
[2024-10-02T01:48:21.526+0000] {logging_mixin.py:190} INFO - [2024-10-02T01:48:21.525+0000] {override.py:1900} INFO - Created Permission View: menu access on DAG Run:example_python_decorator
[2024-10-02T01:48:21.526+0000] {logging_mixin.py:190} INFO - [2024-10-02T01:48:21.526+0000] {dag.py:3239} INFO - Sync 1 DAGs
[2024-10-02T01:48:21.533+0000] {logging_mixin.py:190} INFO - [2024-10-02T01:48:21.532+0000] {dag.py:3262} INFO - Creating ORM DAG for example_python_decorator
[2024-10-02T01:48:21.533+0000] {logging_mixin.py:190} INFO - [2024-10-02T01:48:21.533+0000] {dag.py:4180} INFO - Setting next_dagrun for example_python_decorator to None, run_after=None
[2024-10-02T01:48:21.540+0000] {processor.py:208} INFO - Processing /home/airflow/.local/lib/python3.12/site-packages/airflow/example_dags/example_python_decorator.py took 0.100 seconds
[2024-10-02T01:48:52.406+0000] {processor.py:186} INFO - Started process (PID=134) to work on /home/airflow/.local/lib/python3.12/site-packages/airflow/example_dags/example_python_decorator.py
[2024-10-02T01:48:52.407+0000] {processor.py:914} INFO - Processing file /home/airflow/.local/lib/python3.12/site-packages/airflow/example_dags/example_python_decorator.py for tasks to queue
[2024-10-02T01:48:52.408+0000] {logging_mixin.py:190} INFO - [2024-10-02T01:48:52.408+0000] {dagbag.py:588} INFO - Filling up the DagBag from /home/airflow/.local/lib/python3.12/site-packages/airflow/example_dags/example_python_decorator.py
[2024-10-02T01:48:52.416+0000] {processor.py:925} INFO - DAG(s) 'example_python_decorator' retrieved from /home/airflow/.local/lib/python3.12/site-packages/airflow/example_dags/example_python_decorator.py
[2024-10-02T01:48:52.430+0000] {logging_mixin.py:190} INFO - [2024-10-02T01:48:52.430+0000] {dag.py:3239} INFO - Sync 1 DAGs
[2024-10-02T01:48:52.437+0000] {logging_mixin.py:190} INFO - [2024-10-02T01:48:52.437+0000] {dag.py:4180} INFO - Setting next_dagrun for example_python_decorator to None, run_after=None
[2024-10-02T01:48:52.446+0000] {processor.py:208} INFO - Processing /home/airflow/.local/lib/python3.12/site-packages/airflow/example_dags/example_python_decorator.py took 0.043 seconds
[2024-10-02T01:49:22.643+0000] {processor.py:186} INFO - Started process (PID=196) to work on /home/airflow/.local/lib/python3.12/site-packages/airflow/example_dags/example_python_decorator.py
[2024-10-02T01:49:22.644+0000] {processor.py:914} INFO - Processing file /home/airflow/.local/lib/python3.12/site-packages/airflow/example_dags/example_python_decorator.py for tasks to queue
[2024-10-02T01:49:22.645+0000] {logging_mixin.py:190} INFO - [2024-10-02T01:49:22.645+0000] {dagbag.py:588} INFO - Filling up the DagBag from /home/airflow/.local/lib/python3.12/site-packages/airflow/example_dags/example_python_decorator.py
[2024-10-02T01:49:22.653+0000] {processor.py:925} INFO - DAG(s) 'example_python_decorator' retrieved from /home/airflow/.local/lib/python3.12/site-packages/airflow/example_dags/example_python_decorator.py
[2024-10-02T01:49:22.662+0000] {logging_mixin.py:190} INFO - [2024-10-02T01:49:22.662+0000] {dag.py:3239} INFO - Sync 1 DAGs
[2024-10-02T01:49:22.668+0000] {logging_mixin.py:190} INFO - [2024-10-02T01:49:22.668+0000] {dag.py:4180} INFO - Setting next_dagrun for example_python_decorator to None, run_after=None
[2024-10-02T01:49:22.677+0000] {processor.py:208} INFO - Processing /home/airflow/.local/lib/python3.12/site-packages/airflow/example_dags/example_python_decorator.py took 0.037 seconds
[2024-10-02T01:49:52.873+0000] {processor.py:186} INFO - Started process (PID=264) to work on /home/airflow/.local/lib/python3.12/site-packages/airflow/example_dags/example_python_decorator.py
[2024-10-02T01:49:52.874+0000] {processor.py:914} INFO - Processing file /home/airflow/.local/lib/python3.12/site-packages/airflow/example_dags/example_python_decorator.py for tasks to queue
[2024-10-02T01:49:52.875+0000] {logging_mixin.py:190} INFO - [2024-10-02T01:49:52.875+0000] {dagbag.py:588} INFO - Filling up the DagBag from /home/airflow/.local/lib/python3.12/site-packages/airflow/example_dags/example_python_decorator.py
[2024-10-02T01:49:52.882+0000] {processor.py:925} INFO - DAG(s) 'example_python_decorator' retrieved from /home/airflow/.local/lib/python3.12/site-packages/airflow/example_dags/example_python_decorator.py
[2024-10-02T01:49:52.892+0000] {logging_mixin.py:190} INFO - [2024-10-02T01:49:52.892+0000] {dag.py:3239} INFO - Sync 1 DAGs
[2024-10-02T01:49:52.898+0000] {logging_mixin.py:190} INFO - [2024-10-02T01:49:52.898+0000] {dag.py:4180} INFO - Setting next_dagrun for example_python_decorator to None, run_after=None
[2024-10-02T01:49:52.908+0000] {processor.py:208} INFO - Processing /home/airflow/.local/lib/python3.12/site-packages/airflow/example_dags/example_python_decorator.py took 0.038 seconds
[2024-10-02T01:50:23.291+0000] {processor.py:186} INFO - Started process (PID=326) to work on /home/airflow/.local/lib/python3.12/site-packages/airflow/example_dags/example_python_decorator.py
[2024-10-02T01:50:23.292+0000] {processor.py:914} INFO - Processing file /home/airflow/.local/lib/python3.12/site-packages/airflow/example_dags/example_python_decorator.py for tasks to queue
[2024-10-02T01:50:23.297+0000] {logging_mixin.py:190} INFO - [2024-10-02T01:50:23.297+0000] {dagbag.py:588} INFO - Filling up the DagBag from /home/airflow/.local/lib/python3.12/site-packages/airflow/example_dags/example_python_decorator.py
[2024-10-02T01:50:23.305+0000] {processor.py:925} INFO - DAG(s) 'example_python_decorator' retrieved from /home/airflow/.local/lib/python3.12/site-packages/airflow/example_dags/example_python_decorator.py
[2024-10-02T01:50:23.315+0000] {logging_mixin.py:190} INFO - [2024-10-02T01:50:23.315+0000] {dag.py:3239} INFO - Sync 1 DAGs
[2024-10-02T01:50:23.321+0000] {logging_mixin.py:190} INFO - [2024-10-02T01:50:23.321+0000] {dag.py:4180} INFO - Setting next_dagrun for example_python_decorator to None, run_after=None
[2024-10-02T01:50:23.330+0000] {processor.py:208} INFO - Processing /home/airflow/.local/lib/python3.12/site-packages/airflow/example_dags/example_python_decorator.py took 0.043 seconds
[2024-10-02T01:50:53.622+0000] {processor.py:186} INFO - Started process (PID=388) to work on /home/airflow/.local/lib/python3.12/site-packages/airflow/example_dags/example_python_decorator.py
[2024-10-02T01:50:53.622+0000] {processor.py:914} INFO - Processing file /home/airflow/.local/lib/python3.12/site-packages/airflow/example_dags/example_python_decorator.py for tasks to queue
[2024-10-02T01:50:53.623+0000] {logging_mixin.py:190} INFO - [2024-10-02T01:50:53.623+0000] {dagbag.py:588} INFO - Filling up the DagBag from /home/airflow/.local/lib/python3.12/site-packages/airflow/example_dags/example_python_decorator.py
[2024-10-02T01:50:53.631+0000] {processor.py:925} INFO - DAG(s) 'example_python_decorator' retrieved from /home/airflow/.local/lib/python3.12/site-packages/airflow/example_dags/example_python_decorator.py
[2024-10-02T01:50:53.641+0000] {logging_mixin.py:190} INFO - [2024-10-02T01:50:53.641+0000] {dag.py:3239} INFO - Sync 1 DAGs
[2024-10-02T01:50:53.648+0000] {logging_mixin.py:190} INFO - [2024-10-02T01:50:53.648+0000] {dag.py:4180} INFO - Setting next_dagrun for example_python_decorator to None, run_after=None
[2024-10-02T01:50:53.657+0000] {processor.py:208} INFO - Processing /home/airflow/.local/lib/python3.12/site-packages/airflow/example_dags/example_python_decorator.py took 0.039 seconds
[2024-10-02T01:51:23.778+0000] {processor.py:186} INFO - Started process (PID=450) to work on /home/airflow/.local/lib/python3.12/site-packages/airflow/example_dags/example_python_decorator.py
[2024-10-02T01:51:23.778+0000] {processor.py:914} INFO - Processing file /home/airflow/.local/lib/python3.12/site-packages/airflow/example_dags/example_python_decorator.py for tasks to queue
[2024-10-02T01:51:23.779+0000] {logging_mixin.py:190} INFO - [2024-10-02T01:51:23.779+0000] {dagbag.py:588} INFO - Filling up the DagBag from /home/airflow/.local/lib/python3.12/site-packages/airflow/example_dags/example_python_decorator.py
[2024-10-02T01:51:23.787+0000] {processor.py:925} INFO - DAG(s) 'example_python_decorator' retrieved from /home/airflow/.local/lib/python3.12/site-packages/airflow/example_dags/example_python_decorator.py
[2024-10-02T01:51:23.797+0000] {logging_mixin.py:190} INFO - [2024-10-02T01:51:23.796+0000] {dag.py:3239} INFO - Sync 1 DAGs
[2024-10-02T01:51:23.803+0000] {logging_mixin.py:190} INFO - [2024-10-02T01:51:23.803+0000] {dag.py:4180} INFO - Setting next_dagrun for example_python_decorator to None, run_after=None
[2024-10-02T01:51:23.812+0000] {processor.py:208} INFO - Processing /home/airflow/.local/lib/python3.12/site-packages/airflow/example_dags/example_python_decorator.py took 0.037 seconds
[2024-10-02T01:51:53.927+0000] {processor.py:186} INFO - Started process (PID=512) to work on /home/airflow/.local/lib/python3.12/site-packages/airflow/example_dags/example_python_decorator.py
[2024-10-02T01:51:53.928+0000] {processor.py:914} INFO - Processing file /home/airflow/.local/lib/python3.12/site-packages/airflow/example_dags/example_python_decorator.py for tasks to queue
[2024-10-02T01:51:53.929+0000] {logging_mixin.py:190} INFO - [2024-10-02T01:51:53.929+0000] {dagbag.py:588} INFO - Filling up the DagBag from /home/airflow/.local/lib/python3.12/site-packages/airflow/example_dags/example_python_decorator.py
[2024-10-02T01:51:53.936+0000] {processor.py:925} INFO - DAG(s) 'example_python_decorator' retrieved from /home/airflow/.local/lib/python3.12/site-packages/airflow/example_dags/example_python_decorator.py
[2024-10-02T01:51:53.947+0000] {logging_mixin.py:190} INFO - [2024-10-02T01:51:53.947+0000] {dag.py:3239} INFO - Sync 1 DAGs
[2024-10-02T01:51:53.954+0000] {logging_mixin.py:190} INFO - [2024-10-02T01:51:53.953+0000] {dag.py:4180} INFO - Setting next_dagrun for example_python_decorator to None, run_after=None
[2024-10-02T01:51:53.963+0000] {processor.py:208} INFO - Processing /home/airflow/.local/lib/python3.12/site-packages/airflow/example_dags/example_python_decorator.py took 0.039 seconds
[2024-10-02T01:52:24.162+0000] {processor.py:186} INFO - Started process (PID=573) to work on /home/airflow/.local/lib/python3.12/site-packages/airflow/example_dags/example_python_decorator.py
[2024-10-02T01:52:24.162+0000] {processor.py:914} INFO - Processing file /home/airflow/.local/lib/python3.12/site-packages/airflow/example_dags/example_python_decorator.py for tasks to queue
[2024-10-02T01:52:24.163+0000] {logging_mixin.py:190} INFO - [2024-10-02T01:52:24.163+0000] {dagbag.py:588} INFO - Filling up the DagBag from /home/airflow/.local/lib/python3.12/site-packages/airflow/example_dags/example_python_decorator.py
[2024-10-02T01:52:24.170+0000] {processor.py:925} INFO - DAG(s) 'example_python_decorator' retrieved from /home/airflow/.local/lib/python3.12/site-packages/airflow/example_dags/example_python_decorator.py
[2024-10-02T01:52:24.179+0000] {logging_mixin.py:190} INFO - [2024-10-02T01:52:24.179+0000] {dag.py:3239} INFO - Sync 1 DAGs
[2024-10-02T01:52:24.184+0000] {logging_mixin.py:190} INFO - [2024-10-02T01:52:24.184+0000] {dag.py:4180} INFO - Setting next_dagrun for example_python_decorator to None, run_after=None
[2024-10-02T01:52:24.192+0000] {processor.py:208} INFO - Processing /home/airflow/.local/lib/python3.12/site-packages/airflow/example_dags/example_python_decorator.py took 0.033 seconds
