[2024-10-02T01:48:19.076+0000] {processor.py:186} INFO - Started process (PID=49) to work on /home/airflow/.local/lib/python3.12/site-packages/airflow/example_dags/example_branch_labels.py
[2024-10-02T01:48:19.077+0000] {processor.py:914} INFO - Processing file /home/airflow/.local/lib/python3.12/site-packages/airflow/example_dags/example_branch_labels.py for tasks to queue
[2024-10-02T01:48:19.079+0000] {logging_mixin.py:190} INFO - [2024-10-02T01:48:19.079+0000] {dagbag.py:588} INFO - Filling up the DagBag from /home/airflow/.local/lib/python3.12/site-packages/airflow/example_dags/example_branch_labels.py
[2024-10-02T01:48:19.089+0000] {processor.py:925} INFO - DAG(s) 'example_branch_labels' retrieved from /home/airflow/.local/lib/python3.12/site-packages/airflow/example_dags/example_branch_labels.py
[2024-10-02T01:48:19.180+0000] {logging_mixin.py:190} INFO - [2024-10-02T01:48:19.179+0000] {override.py:1900} INFO - Created Permission View: can delete on DAG:example_branch_labels
[2024-10-02T01:48:19.188+0000] {logging_mixin.py:190} INFO - [2024-10-02T01:48:19.188+0000] {override.py:1900} INFO - Created Permission View: can read on DAG:example_branch_labels
[2024-10-02T01:48:19.195+0000] {logging_mixin.py:190} INFO - [2024-10-02T01:48:19.194+0000] {override.py:1900} INFO - Created Permission View: can edit on DAG:example_branch_labels
[2024-10-02T01:48:19.201+0000] {logging_mixin.py:190} INFO - [2024-10-02T01:48:19.200+0000] {override.py:1900} INFO - Created Permission View: can delete on DAG Run:example_branch_labels
[2024-10-02T01:48:19.205+0000] {logging_mixin.py:190} INFO - [2024-10-02T01:48:19.205+0000] {override.py:1900} INFO - Created Permission View: can create on DAG Run:example_branch_labels
[2024-10-02T01:48:19.209+0000] {logging_mixin.py:190} INFO - [2024-10-02T01:48:19.209+0000] {override.py:1900} INFO - Created Permission View: can read on DAG Run:example_branch_labels
[2024-10-02T01:48:19.213+0000] {logging_mixin.py:190} INFO - [2024-10-02T01:48:19.213+0000] {override.py:1900} INFO - Created Permission View: menu access on DAG Run:example_branch_labels
[2024-10-02T01:48:19.214+0000] {logging_mixin.py:190} INFO - [2024-10-02T01:48:19.213+0000] {dag.py:3239} INFO - Sync 1 DAGs
[2024-10-02T01:48:19.223+0000] {logging_mixin.py:190} INFO - [2024-10-02T01:48:19.223+0000] {dag.py:3262} INFO - Creating ORM DAG for example_branch_labels
[2024-10-02T01:48:19.230+0000] {logging_mixin.py:190} INFO - [2024-10-02T01:48:19.230+0000] {dag.py:4180} INFO - Setting next_dagrun for example_branch_labels to 2024-10-01 00:00:00+00:00, run_after=2024-10-02 00:00:00+00:00
[2024-10-02T01:48:19.239+0000] {processor.py:208} INFO - Processing /home/airflow/.local/lib/python3.12/site-packages/airflow/example_dags/example_branch_labels.py took 0.168 seconds
[2024-10-02T01:48:49.327+0000] {processor.py:186} INFO - Started process (PID=111) to work on /home/airflow/.local/lib/python3.12/site-packages/airflow/example_dags/example_branch_labels.py
[2024-10-02T01:48:49.328+0000] {processor.py:914} INFO - Processing file /home/airflow/.local/lib/python3.12/site-packages/airflow/example_dags/example_branch_labels.py for tasks to queue
[2024-10-02T01:48:49.329+0000] {logging_mixin.py:190} INFO - [2024-10-02T01:48:49.329+0000] {dagbag.py:588} INFO - Filling up the DagBag from /home/airflow/.local/lib/python3.12/site-packages/airflow/example_dags/example_branch_labels.py
[2024-10-02T01:48:49.334+0000] {processor.py:925} INFO - DAG(s) 'example_branch_labels' retrieved from /home/airflow/.local/lib/python3.12/site-packages/airflow/example_dags/example_branch_labels.py
[2024-10-02T01:48:49.343+0000] {logging_mixin.py:190} INFO - [2024-10-02T01:48:49.343+0000] {dag.py:3239} INFO - Sync 1 DAGs
[2024-10-02T01:48:49.353+0000] {logging_mixin.py:190} INFO - [2024-10-02T01:48:49.353+0000] {dag.py:4180} INFO - Setting next_dagrun for example_branch_labels to 2024-10-01 00:00:00+00:00, run_after=2024-10-02 00:00:00+00:00
[2024-10-02T01:48:49.361+0000] {processor.py:208} INFO - Processing /home/airflow/.local/lib/python3.12/site-packages/airflow/example_dags/example_branch_labels.py took 0.036 seconds
[2024-10-02T01:49:19.688+0000] {processor.py:186} INFO - Started process (PID=173) to work on /home/airflow/.local/lib/python3.12/site-packages/airflow/example_dags/example_branch_labels.py
[2024-10-02T01:49:19.688+0000] {processor.py:914} INFO - Processing file /home/airflow/.local/lib/python3.12/site-packages/airflow/example_dags/example_branch_labels.py for tasks to queue
[2024-10-02T01:49:19.689+0000] {logging_mixin.py:190} INFO - [2024-10-02T01:49:19.689+0000] {dagbag.py:588} INFO - Filling up the DagBag from /home/airflow/.local/lib/python3.12/site-packages/airflow/example_dags/example_branch_labels.py
[2024-10-02T01:49:19.693+0000] {processor.py:925} INFO - DAG(s) 'example_branch_labels' retrieved from /home/airflow/.local/lib/python3.12/site-packages/airflow/example_dags/example_branch_labels.py
[2024-10-02T01:49:19.702+0000] {logging_mixin.py:190} INFO - [2024-10-02T01:49:19.701+0000] {dag.py:3239} INFO - Sync 1 DAGs
[2024-10-02T01:49:19.712+0000] {logging_mixin.py:190} INFO - [2024-10-02T01:49:19.712+0000] {dag.py:4180} INFO - Setting next_dagrun for example_branch_labels to 2024-10-01 00:00:00+00:00, run_after=2024-10-02 00:00:00+00:00
[2024-10-02T01:49:19.720+0000] {processor.py:208} INFO - Processing /home/airflow/.local/lib/python3.12/site-packages/airflow/example_dags/example_branch_labels.py took 0.035 seconds
[2024-10-02T01:49:49.910+0000] {processor.py:186} INFO - Started process (PID=235) to work on /home/airflow/.local/lib/python3.12/site-packages/airflow/example_dags/example_branch_labels.py
[2024-10-02T01:49:49.911+0000] {processor.py:914} INFO - Processing file /home/airflow/.local/lib/python3.12/site-packages/airflow/example_dags/example_branch_labels.py for tasks to queue
[2024-10-02T01:49:49.912+0000] {logging_mixin.py:190} INFO - [2024-10-02T01:49:49.911+0000] {dagbag.py:588} INFO - Filling up the DagBag from /home/airflow/.local/lib/python3.12/site-packages/airflow/example_dags/example_branch_labels.py
[2024-10-02T01:49:49.916+0000] {processor.py:925} INFO - DAG(s) 'example_branch_labels' retrieved from /home/airflow/.local/lib/python3.12/site-packages/airflow/example_dags/example_branch_labels.py
[2024-10-02T01:49:49.926+0000] {logging_mixin.py:190} INFO - [2024-10-02T01:49:49.926+0000] {dag.py:3239} INFO - Sync 1 DAGs
[2024-10-02T01:49:49.937+0000] {logging_mixin.py:190} INFO - [2024-10-02T01:49:49.937+0000] {dag.py:4180} INFO - Setting next_dagrun for example_branch_labels to 2024-10-01 00:00:00+00:00, run_after=2024-10-02 00:00:00+00:00
[2024-10-02T01:49:49.946+0000] {processor.py:208} INFO - Processing /home/airflow/.local/lib/python3.12/site-packages/airflow/example_dags/example_branch_labels.py took 0.038 seconds
[2024-10-02T01:50:20.280+0000] {processor.py:186} INFO - Started process (PID=297) to work on /home/airflow/.local/lib/python3.12/site-packages/airflow/example_dags/example_branch_labels.py
[2024-10-02T01:50:20.280+0000] {processor.py:914} INFO - Processing file /home/airflow/.local/lib/python3.12/site-packages/airflow/example_dags/example_branch_labels.py for tasks to queue
[2024-10-02T01:50:20.281+0000] {logging_mixin.py:190} INFO - [2024-10-02T01:50:20.281+0000] {dagbag.py:588} INFO - Filling up the DagBag from /home/airflow/.local/lib/python3.12/site-packages/airflow/example_dags/example_branch_labels.py
[2024-10-02T01:50:20.286+0000] {processor.py:925} INFO - DAG(s) 'example_branch_labels' retrieved from /home/airflow/.local/lib/python3.12/site-packages/airflow/example_dags/example_branch_labels.py
[2024-10-02T01:50:20.294+0000] {logging_mixin.py:190} INFO - [2024-10-02T01:50:20.294+0000] {dag.py:3239} INFO - Sync 1 DAGs
[2024-10-02T01:50:20.304+0000] {logging_mixin.py:190} INFO - [2024-10-02T01:50:20.304+0000] {dag.py:4180} INFO - Setting next_dagrun for example_branch_labels to 2024-10-01 00:00:00+00:00, run_after=2024-10-02 00:00:00+00:00
[2024-10-02T01:50:20.314+0000] {processor.py:208} INFO - Processing /home/airflow/.local/lib/python3.12/site-packages/airflow/example_dags/example_branch_labels.py took 0.037 seconds
[2024-10-02T01:50:50.406+0000] {processor.py:186} INFO - Started process (PID=359) to work on /home/airflow/.local/lib/python3.12/site-packages/airflow/example_dags/example_branch_labels.py
[2024-10-02T01:50:50.407+0000] {processor.py:914} INFO - Processing file /home/airflow/.local/lib/python3.12/site-packages/airflow/example_dags/example_branch_labels.py for tasks to queue
[2024-10-02T01:50:50.408+0000] {logging_mixin.py:190} INFO - [2024-10-02T01:50:50.408+0000] {dagbag.py:588} INFO - Filling up the DagBag from /home/airflow/.local/lib/python3.12/site-packages/airflow/example_dags/example_branch_labels.py
[2024-10-02T01:50:50.414+0000] {processor.py:925} INFO - DAG(s) 'example_branch_labels' retrieved from /home/airflow/.local/lib/python3.12/site-packages/airflow/example_dags/example_branch_labels.py
[2024-10-02T01:50:50.441+0000] {logging_mixin.py:190} INFO - [2024-10-02T01:50:50.440+0000] {dag.py:3239} INFO - Sync 1 DAGs
[2024-10-02T01:50:50.485+0000] {logging_mixin.py:190} INFO - [2024-10-02T01:50:50.485+0000] {dag.py:4180} INFO - Setting next_dagrun for example_branch_labels to 2024-10-01 00:00:00+00:00, run_after=2024-10-02 00:00:00+00:00
[2024-10-02T01:50:50.499+0000] {processor.py:208} INFO - Processing /home/airflow/.local/lib/python3.12/site-packages/airflow/example_dags/example_branch_labels.py took 0.096 seconds
[2024-10-02T01:51:20.828+0000] {processor.py:186} INFO - Started process (PID=421) to work on /home/airflow/.local/lib/python3.12/site-packages/airflow/example_dags/example_branch_labels.py
[2024-10-02T01:51:20.829+0000] {processor.py:914} INFO - Processing file /home/airflow/.local/lib/python3.12/site-packages/airflow/example_dags/example_branch_labels.py for tasks to queue
[2024-10-02T01:51:20.830+0000] {logging_mixin.py:190} INFO - [2024-10-02T01:51:20.830+0000] {dagbag.py:588} INFO - Filling up the DagBag from /home/airflow/.local/lib/python3.12/site-packages/airflow/example_dags/example_branch_labels.py
[2024-10-02T01:51:20.834+0000] {processor.py:925} INFO - DAG(s) 'example_branch_labels' retrieved from /home/airflow/.local/lib/python3.12/site-packages/airflow/example_dags/example_branch_labels.py
[2024-10-02T01:51:20.842+0000] {logging_mixin.py:190} INFO - [2024-10-02T01:51:20.842+0000] {dag.py:3239} INFO - Sync 1 DAGs
[2024-10-02T01:51:20.853+0000] {logging_mixin.py:190} INFO - [2024-10-02T01:51:20.853+0000] {dag.py:4180} INFO - Setting next_dagrun for example_branch_labels to 2024-10-01 00:00:00+00:00, run_after=2024-10-02 00:00:00+00:00
[2024-10-02T01:51:20.861+0000] {processor.py:208} INFO - Processing /home/airflow/.local/lib/python3.12/site-packages/airflow/example_dags/example_branch_labels.py took 0.036 seconds
[2024-10-02T01:51:51.042+0000] {processor.py:186} INFO - Started process (PID=483) to work on /home/airflow/.local/lib/python3.12/site-packages/airflow/example_dags/example_branch_labels.py
[2024-10-02T01:51:51.043+0000] {processor.py:914} INFO - Processing file /home/airflow/.local/lib/python3.12/site-packages/airflow/example_dags/example_branch_labels.py for tasks to queue
[2024-10-02T01:51:51.044+0000] {logging_mixin.py:190} INFO - [2024-10-02T01:51:51.044+0000] {dagbag.py:588} INFO - Filling up the DagBag from /home/airflow/.local/lib/python3.12/site-packages/airflow/example_dags/example_branch_labels.py
[2024-10-02T01:51:51.048+0000] {processor.py:925} INFO - DAG(s) 'example_branch_labels' retrieved from /home/airflow/.local/lib/python3.12/site-packages/airflow/example_dags/example_branch_labels.py
[2024-10-02T01:51:51.057+0000] {logging_mixin.py:190} INFO - [2024-10-02T01:51:51.057+0000] {dag.py:3239} INFO - Sync 1 DAGs
[2024-10-02T01:51:51.067+0000] {logging_mixin.py:190} INFO - [2024-10-02T01:51:51.067+0000] {dag.py:4180} INFO - Setting next_dagrun for example_branch_labels to 2024-10-01 00:00:00+00:00, run_after=2024-10-02 00:00:00+00:00
[2024-10-02T01:51:51.075+0000] {processor.py:208} INFO - Processing /home/airflow/.local/lib/python3.12/site-packages/airflow/example_dags/example_branch_labels.py took 0.035 seconds
[2024-10-02T01:52:21.284+0000] {processor.py:186} INFO - Started process (PID=545) to work on /home/airflow/.local/lib/python3.12/site-packages/airflow/example_dags/example_branch_labels.py
[2024-10-02T01:52:21.285+0000] {processor.py:914} INFO - Processing file /home/airflow/.local/lib/python3.12/site-packages/airflow/example_dags/example_branch_labels.py for tasks to queue
[2024-10-02T01:52:21.286+0000] {logging_mixin.py:190} INFO - [2024-10-02T01:52:21.286+0000] {dagbag.py:588} INFO - Filling up the DagBag from /home/airflow/.local/lib/python3.12/site-packages/airflow/example_dags/example_branch_labels.py
[2024-10-02T01:52:21.291+0000] {processor.py:925} INFO - DAG(s) 'example_branch_labels' retrieved from /home/airflow/.local/lib/python3.12/site-packages/airflow/example_dags/example_branch_labels.py
[2024-10-02T01:52:21.302+0000] {logging_mixin.py:190} INFO - [2024-10-02T01:52:21.302+0000] {dag.py:3239} INFO - Sync 1 DAGs
[2024-10-02T01:52:21.313+0000] {logging_mixin.py:190} INFO - [2024-10-02T01:52:21.313+0000] {dag.py:4180} INFO - Setting next_dagrun for example_branch_labels to 2024-10-01 00:00:00+00:00, run_after=2024-10-02 00:00:00+00:00
[2024-10-02T01:52:21.322+0000] {processor.py:208} INFO - Processing /home/airflow/.local/lib/python3.12/site-packages/airflow/example_dags/example_branch_labels.py took 0.041 seconds
[2024-10-02T01:52:51.444+0000] {processor.py:186} INFO - Started process (PID=607) to work on /home/airflow/.local/lib/python3.12/site-packages/airflow/example_dags/example_branch_labels.py
[2024-10-02T01:52:51.444+0000] {processor.py:914} INFO - Processing file /home/airflow/.local/lib/python3.12/site-packages/airflow/example_dags/example_branch_labels.py for tasks to queue
[2024-10-02T01:52:51.445+0000] {logging_mixin.py:190} INFO - [2024-10-02T01:52:51.445+0000] {dagbag.py:588} INFO - Filling up the DagBag from /home/airflow/.local/lib/python3.12/site-packages/airflow/example_dags/example_branch_labels.py
[2024-10-02T01:52:51.450+0000] {processor.py:925} INFO - DAG(s) 'example_branch_labels' retrieved from /home/airflow/.local/lib/python3.12/site-packages/airflow/example_dags/example_branch_labels.py
[2024-10-02T01:52:51.460+0000] {logging_mixin.py:190} INFO - [2024-10-02T01:52:51.460+0000] {dag.py:3239} INFO - Sync 1 DAGs
[2024-10-02T01:52:51.471+0000] {logging_mixin.py:190} INFO - [2024-10-02T01:52:51.471+0000] {dag.py:4180} INFO - Setting next_dagrun for example_branch_labels to 2024-10-01 00:00:00+00:00, run_after=2024-10-02 00:00:00+00:00
[2024-10-02T01:52:51.480+0000] {processor.py:208} INFO - Processing /home/airflow/.local/lib/python3.12/site-packages/airflow/example_dags/example_branch_labels.py took 0.040 seconds
