[2024-10-02T01:48:19.395+0000] {processor.py:186} INFO - Started process (PID=53) to work on /home/airflow/.local/lib/python3.12/site-packages/airflow/example_dags/example_complex.py
[2024-10-02T01:48:19.396+0000] {processor.py:914} INFO - Processing file /home/airflow/.local/lib/python3.12/site-packages/airflow/example_dags/example_complex.py for tasks to queue
[2024-10-02T01:48:19.397+0000] {logging_mixin.py:190} INFO - [2024-10-02T01:48:19.397+0000] {dagbag.py:588} INFO - Filling up the DagBag from /home/airflow/.local/lib/python3.12/site-packages/airflow/example_dags/example_complex.py
[2024-10-02T01:48:19.404+0000] {processor.py:925} INFO - DAG(s) 'example_complex' retrieved from /home/airflow/.local/lib/python3.12/site-packages/airflow/example_dags/example_complex.py
[2024-10-02T01:48:19.461+0000] {logging_mixin.py:190} INFO - [2024-10-02T01:48:19.460+0000] {override.py:1900} INFO - Created Permission View: can delete on DAG:example_complex
[2024-10-02T01:48:19.466+0000] {logging_mixin.py:190} INFO - [2024-10-02T01:48:19.466+0000] {override.py:1900} INFO - Created Permission View: can read on DAG:example_complex
[2024-10-02T01:48:19.469+0000] {logging_mixin.py:190} INFO - [2024-10-02T01:48:19.469+0000] {override.py:1900} INFO - Created Permission View: can edit on DAG:example_complex
[2024-10-02T01:48:19.474+0000] {logging_mixin.py:190} INFO - [2024-10-02T01:48:19.473+0000] {override.py:1900} INFO - Created Permission View: can delete on DAG Run:example_complex
[2024-10-02T01:48:19.477+0000] {logging_mixin.py:190} INFO - [2024-10-02T01:48:19.477+0000] {override.py:1900} INFO - Created Permission View: can create on DAG Run:example_complex
[2024-10-02T01:48:19.480+0000] {logging_mixin.py:190} INFO - [2024-10-02T01:48:19.480+0000] {override.py:1900} INFO - Created Permission View: can read on DAG Run:example_complex
[2024-10-02T01:48:19.484+0000] {logging_mixin.py:190} INFO - [2024-10-02T01:48:19.484+0000] {override.py:1900} INFO - Created Permission View: menu access on DAG Run:example_complex
[2024-10-02T01:48:19.485+0000] {logging_mixin.py:190} INFO - [2024-10-02T01:48:19.484+0000] {dag.py:3239} INFO - Sync 1 DAGs
[2024-10-02T01:48:19.490+0000] {logging_mixin.py:190} INFO - [2024-10-02T01:48:19.490+0000] {dag.py:3262} INFO - Creating ORM DAG for example_complex
[2024-10-02T01:48:19.491+0000] {logging_mixin.py:190} INFO - [2024-10-02T01:48:19.491+0000] {dag.py:4180} INFO - Setting next_dagrun for example_complex to None, run_after=None
[2024-10-02T01:48:19.499+0000] {processor.py:208} INFO - Processing /home/airflow/.local/lib/python3.12/site-packages/airflow/example_dags/example_complex.py took 0.108 seconds
[2024-10-02T01:48:49.516+0000] {processor.py:186} INFO - Started process (PID=115) to work on /home/airflow/.local/lib/python3.12/site-packages/airflow/example_dags/example_complex.py
[2024-10-02T01:48:49.517+0000] {processor.py:914} INFO - Processing file /home/airflow/.local/lib/python3.12/site-packages/airflow/example_dags/example_complex.py for tasks to queue
[2024-10-02T01:48:49.518+0000] {logging_mixin.py:190} INFO - [2024-10-02T01:48:49.518+0000] {dagbag.py:588} INFO - Filling up the DagBag from /home/airflow/.local/lib/python3.12/site-packages/airflow/example_dags/example_complex.py
[2024-10-02T01:48:49.523+0000] {processor.py:925} INFO - DAG(s) 'example_complex' retrieved from /home/airflow/.local/lib/python3.12/site-packages/airflow/example_dags/example_complex.py
[2024-10-02T01:48:49.536+0000] {logging_mixin.py:190} INFO - [2024-10-02T01:48:49.536+0000] {dag.py:3239} INFO - Sync 1 DAGs
[2024-10-02T01:48:49.541+0000] {logging_mixin.py:190} INFO - [2024-10-02T01:48:49.541+0000] {dag.py:4180} INFO - Setting next_dagrun for example_complex to None, run_after=None
[2024-10-02T01:48:49.549+0000] {processor.py:208} INFO - Processing /home/airflow/.local/lib/python3.12/site-packages/airflow/example_dags/example_complex.py took 0.035 seconds
[2024-10-02T01:49:19.834+0000] {processor.py:186} INFO - Started process (PID=177) to work on /home/airflow/.local/lib/python3.12/site-packages/airflow/example_dags/example_complex.py
[2024-10-02T01:49:19.835+0000] {processor.py:914} INFO - Processing file /home/airflow/.local/lib/python3.12/site-packages/airflow/example_dags/example_complex.py for tasks to queue
[2024-10-02T01:49:19.835+0000] {logging_mixin.py:190} INFO - [2024-10-02T01:49:19.835+0000] {dagbag.py:588} INFO - Filling up the DagBag from /home/airflow/.local/lib/python3.12/site-packages/airflow/example_dags/example_complex.py
[2024-10-02T01:49:19.841+0000] {processor.py:925} INFO - DAG(s) 'example_complex' retrieved from /home/airflow/.local/lib/python3.12/site-packages/airflow/example_dags/example_complex.py
[2024-10-02T01:49:19.854+0000] {logging_mixin.py:190} INFO - [2024-10-02T01:49:19.854+0000] {dag.py:3239} INFO - Sync 1 DAGs
[2024-10-02T01:49:19.860+0000] {logging_mixin.py:190} INFO - [2024-10-02T01:49:19.859+0000] {dag.py:4180} INFO - Setting next_dagrun for example_complex to None, run_after=None
[2024-10-02T01:49:19.867+0000] {processor.py:208} INFO - Processing /home/airflow/.local/lib/python3.12/site-packages/airflow/example_dags/example_complex.py took 0.036 seconds
[2024-10-02T01:49:50.061+0000] {processor.py:186} INFO - Started process (PID=239) to work on /home/airflow/.local/lib/python3.12/site-packages/airflow/example_dags/example_complex.py
[2024-10-02T01:49:50.062+0000] {processor.py:914} INFO - Processing file /home/airflow/.local/lib/python3.12/site-packages/airflow/example_dags/example_complex.py for tasks to queue
[2024-10-02T01:49:50.063+0000] {logging_mixin.py:190} INFO - [2024-10-02T01:49:50.062+0000] {dagbag.py:588} INFO - Filling up the DagBag from /home/airflow/.local/lib/python3.12/site-packages/airflow/example_dags/example_complex.py
[2024-10-02T01:49:50.068+0000] {processor.py:925} INFO - DAG(s) 'example_complex' retrieved from /home/airflow/.local/lib/python3.12/site-packages/airflow/example_dags/example_complex.py
[2024-10-02T01:49:50.082+0000] {logging_mixin.py:190} INFO - [2024-10-02T01:49:50.081+0000] {dag.py:3239} INFO - Sync 1 DAGs
[2024-10-02T01:49:50.088+0000] {logging_mixin.py:190} INFO - [2024-10-02T01:49:50.088+0000] {dag.py:4180} INFO - Setting next_dagrun for example_complex to None, run_after=None
[2024-10-02T01:49:50.095+0000] {processor.py:208} INFO - Processing /home/airflow/.local/lib/python3.12/site-packages/airflow/example_dags/example_complex.py took 0.037 seconds
[2024-10-02T01:50:20.435+0000] {processor.py:186} INFO - Started process (PID=301) to work on /home/airflow/.local/lib/python3.12/site-packages/airflow/example_dags/example_complex.py
[2024-10-02T01:50:20.435+0000] {processor.py:914} INFO - Processing file /home/airflow/.local/lib/python3.12/site-packages/airflow/example_dags/example_complex.py for tasks to queue
[2024-10-02T01:50:20.436+0000] {logging_mixin.py:190} INFO - [2024-10-02T01:50:20.436+0000] {dagbag.py:588} INFO - Filling up the DagBag from /home/airflow/.local/lib/python3.12/site-packages/airflow/example_dags/example_complex.py
[2024-10-02T01:50:20.442+0000] {processor.py:925} INFO - DAG(s) 'example_complex' retrieved from /home/airflow/.local/lib/python3.12/site-packages/airflow/example_dags/example_complex.py
[2024-10-02T01:50:20.456+0000] {logging_mixin.py:190} INFO - [2024-10-02T01:50:20.456+0000] {dag.py:3239} INFO - Sync 1 DAGs
[2024-10-02T01:50:20.463+0000] {logging_mixin.py:190} INFO - [2024-10-02T01:50:20.463+0000] {dag.py:4180} INFO - Setting next_dagrun for example_complex to None, run_after=None
[2024-10-02T01:50:20.472+0000] {processor.py:208} INFO - Processing /home/airflow/.local/lib/python3.12/site-packages/airflow/example_dags/example_complex.py took 0.040 seconds
[2024-10-02T01:50:50.688+0000] {processor.py:186} INFO - Started process (PID=363) to work on /home/airflow/.local/lib/python3.12/site-packages/airflow/example_dags/example_complex.py
[2024-10-02T01:50:50.688+0000] {processor.py:914} INFO - Processing file /home/airflow/.local/lib/python3.12/site-packages/airflow/example_dags/example_complex.py for tasks to queue
[2024-10-02T01:50:50.689+0000] {logging_mixin.py:190} INFO - [2024-10-02T01:50:50.689+0000] {dagbag.py:588} INFO - Filling up the DagBag from /home/airflow/.local/lib/python3.12/site-packages/airflow/example_dags/example_complex.py
[2024-10-02T01:50:50.695+0000] {processor.py:925} INFO - DAG(s) 'example_complex' retrieved from /home/airflow/.local/lib/python3.12/site-packages/airflow/example_dags/example_complex.py
[2024-10-02T01:50:50.709+0000] {logging_mixin.py:190} INFO - [2024-10-02T01:50:50.709+0000] {dag.py:3239} INFO - Sync 1 DAGs
[2024-10-02T01:50:50.715+0000] {logging_mixin.py:190} INFO - [2024-10-02T01:50:50.715+0000] {dag.py:4180} INFO - Setting next_dagrun for example_complex to None, run_after=None
[2024-10-02T01:50:50.724+0000] {processor.py:208} INFO - Processing /home/airflow/.local/lib/python3.12/site-packages/airflow/example_dags/example_complex.py took 0.040 seconds
[2024-10-02T01:51:20.968+0000] {processor.py:186} INFO - Started process (PID=425) to work on /home/airflow/.local/lib/python3.12/site-packages/airflow/example_dags/example_complex.py
[2024-10-02T01:51:20.969+0000] {processor.py:914} INFO - Processing file /home/airflow/.local/lib/python3.12/site-packages/airflow/example_dags/example_complex.py for tasks to queue
[2024-10-02T01:51:20.970+0000] {logging_mixin.py:190} INFO - [2024-10-02T01:51:20.970+0000] {dagbag.py:588} INFO - Filling up the DagBag from /home/airflow/.local/lib/python3.12/site-packages/airflow/example_dags/example_complex.py
[2024-10-02T01:51:20.975+0000] {processor.py:925} INFO - DAG(s) 'example_complex' retrieved from /home/airflow/.local/lib/python3.12/site-packages/airflow/example_dags/example_complex.py
[2024-10-02T01:51:20.988+0000] {logging_mixin.py:190} INFO - [2024-10-02T01:51:20.988+0000] {dag.py:3239} INFO - Sync 1 DAGs
[2024-10-02T01:51:20.994+0000] {logging_mixin.py:190} INFO - [2024-10-02T01:51:20.994+0000] {dag.py:4180} INFO - Setting next_dagrun for example_complex to None, run_after=None
[2024-10-02T01:51:21.002+0000] {processor.py:208} INFO - Processing /home/airflow/.local/lib/python3.12/site-packages/airflow/example_dags/example_complex.py took 0.037 seconds
[2024-10-02T01:51:51.190+0000] {processor.py:186} INFO - Started process (PID=487) to work on /home/airflow/.local/lib/python3.12/site-packages/airflow/example_dags/example_complex.py
[2024-10-02T01:51:51.190+0000] {processor.py:914} INFO - Processing file /home/airflow/.local/lib/python3.12/site-packages/airflow/example_dags/example_complex.py for tasks to queue
[2024-10-02T01:51:51.192+0000] {logging_mixin.py:190} INFO - [2024-10-02T01:51:51.191+0000] {dagbag.py:588} INFO - Filling up the DagBag from /home/airflow/.local/lib/python3.12/site-packages/airflow/example_dags/example_complex.py
[2024-10-02T01:51:51.198+0000] {processor.py:925} INFO - DAG(s) 'example_complex' retrieved from /home/airflow/.local/lib/python3.12/site-packages/airflow/example_dags/example_complex.py
[2024-10-02T01:51:51.212+0000] {logging_mixin.py:190} INFO - [2024-10-02T01:51:51.211+0000] {dag.py:3239} INFO - Sync 1 DAGs
[2024-10-02T01:51:51.218+0000] {logging_mixin.py:190} INFO - [2024-10-02T01:51:51.218+0000] {dag.py:4180} INFO - Setting next_dagrun for example_complex to None, run_after=None
[2024-10-02T01:51:51.227+0000] {processor.py:208} INFO - Processing /home/airflow/.local/lib/python3.12/site-packages/airflow/example_dags/example_complex.py took 0.041 seconds
[2024-10-02T01:52:21.396+0000] {processor.py:186} INFO - Started process (PID=549) to work on /home/airflow/.local/lib/python3.12/site-packages/airflow/example_dags/example_complex.py
[2024-10-02T01:52:21.396+0000] {processor.py:914} INFO - Processing file /home/airflow/.local/lib/python3.12/site-packages/airflow/example_dags/example_complex.py for tasks to queue
[2024-10-02T01:52:21.398+0000] {logging_mixin.py:190} INFO - [2024-10-02T01:52:21.397+0000] {dagbag.py:588} INFO - Filling up the DagBag from /home/airflow/.local/lib/python3.12/site-packages/airflow/example_dags/example_complex.py
[2024-10-02T01:52:21.404+0000] {processor.py:925} INFO - DAG(s) 'example_complex' retrieved from /home/airflow/.local/lib/python3.12/site-packages/airflow/example_dags/example_complex.py
[2024-10-02T01:52:21.418+0000] {logging_mixin.py:190} INFO - [2024-10-02T01:52:21.418+0000] {dag.py:3239} INFO - Sync 1 DAGs
[2024-10-02T01:52:21.424+0000] {logging_mixin.py:190} INFO - [2024-10-02T01:52:21.423+0000] {dag.py:4180} INFO - Setting next_dagrun for example_complex to None, run_after=None
[2024-10-02T01:52:21.433+0000] {processor.py:208} INFO - Processing /home/airflow/.local/lib/python3.12/site-packages/airflow/example_dags/example_complex.py took 0.041 seconds
[2024-10-02T01:52:51.685+0000] {processor.py:186} INFO - Started process (PID=612) to work on /home/airflow/.local/lib/python3.12/site-packages/airflow/example_dags/example_complex.py
[2024-10-02T01:52:51.686+0000] {processor.py:914} INFO - Processing file /home/airflow/.local/lib/python3.12/site-packages/airflow/example_dags/example_complex.py for tasks to queue
[2024-10-02T01:52:51.687+0000] {logging_mixin.py:190} INFO - [2024-10-02T01:52:51.687+0000] {dagbag.py:588} INFO - Filling up the DagBag from /home/airflow/.local/lib/python3.12/site-packages/airflow/example_dags/example_complex.py
[2024-10-02T01:52:51.693+0000] {processor.py:925} INFO - DAG(s) 'example_complex' retrieved from /home/airflow/.local/lib/python3.12/site-packages/airflow/example_dags/example_complex.py
[2024-10-02T01:52:51.708+0000] {logging_mixin.py:190} INFO - [2024-10-02T01:52:51.707+0000] {dag.py:3239} INFO - Sync 1 DAGs
[2024-10-02T01:52:51.714+0000] {logging_mixin.py:190} INFO - [2024-10-02T01:52:51.714+0000] {dag.py:4180} INFO - Setting next_dagrun for example_complex to None, run_after=None
[2024-10-02T01:52:51.723+0000] {processor.py:208} INFO - Processing /home/airflow/.local/lib/python3.12/site-packages/airflow/example_dags/example_complex.py took 0.040 seconds
