[2024-10-02T01:48:21.146+0000] {processor.py:186} INFO - Started process (PID=68) to work on /home/airflow/.local/lib/python3.12/site-packages/airflow/example_dags/example_outlet_event_extra.py
[2024-10-02T01:48:21.146+0000] {processor.py:914} INFO - Processing file /home/airflow/.local/lib/python3.12/site-packages/airflow/example_dags/example_outlet_event_extra.py for tasks to queue
[2024-10-02T01:48:21.148+0000] {logging_mixin.py:190} INFO - [2024-10-02T01:48:21.147+0000] {dagbag.py:588} INFO - Filling up the DagBag from /home/airflow/.local/lib/python3.12/site-packages/airflow/example_dags/example_outlet_event_extra.py
[2024-10-02T01:48:21.226+0000] {processor.py:925} INFO - DAG(s) 'dataset_with_extra_by_yield', 'dataset_with_extra_from_classic_operator', 'dataset_with_extra_by_context' retrieved from /home/airflow/.local/lib/python3.12/site-packages/airflow/example_dags/example_outlet_event_extra.py
[2024-10-02T01:48:21.277+0000] {logging_mixin.py:190} INFO - [2024-10-02T01:48:21.276+0000] {override.py:1900} INFO - Created Permission View: can delete on DAG:dataset_with_extra_by_yield
[2024-10-02T01:48:21.283+0000] {logging_mixin.py:190} INFO - [2024-10-02T01:48:21.283+0000] {override.py:1900} INFO - Created Permission View: can read on DAG:dataset_with_extra_by_yield
[2024-10-02T01:48:21.286+0000] {logging_mixin.py:190} INFO - [2024-10-02T01:48:21.286+0000] {override.py:1900} INFO - Created Permission View: can edit on DAG:dataset_with_extra_by_yield
[2024-10-02T01:48:21.291+0000] {logging_mixin.py:190} INFO - [2024-10-02T01:48:21.291+0000] {override.py:1900} INFO - Created Permission View: can delete on DAG Run:dataset_with_extra_by_yield
[2024-10-02T01:48:21.294+0000] {logging_mixin.py:190} INFO - [2024-10-02T01:48:21.294+0000] {override.py:1900} INFO - Created Permission View: can create on DAG Run:dataset_with_extra_by_yield
[2024-10-02T01:48:21.297+0000] {logging_mixin.py:190} INFO - [2024-10-02T01:48:21.297+0000] {override.py:1900} INFO - Created Permission View: can read on DAG Run:dataset_with_extra_by_yield
[2024-10-02T01:48:21.300+0000] {logging_mixin.py:190} INFO - [2024-10-02T01:48:21.300+0000] {override.py:1900} INFO - Created Permission View: menu access on DAG Run:dataset_with_extra_by_yield
[2024-10-02T01:48:21.306+0000] {logging_mixin.py:190} INFO - [2024-10-02T01:48:21.306+0000] {override.py:1900} INFO - Created Permission View: can delete on DAG:dataset_with_extra_from_classic_operator
[2024-10-02T01:48:21.309+0000] {logging_mixin.py:190} INFO - [2024-10-02T01:48:21.309+0000] {override.py:1900} INFO - Created Permission View: can read on DAG:dataset_with_extra_from_classic_operator
[2024-10-02T01:48:21.312+0000] {logging_mixin.py:190} INFO - [2024-10-02T01:48:21.312+0000] {override.py:1900} INFO - Created Permission View: can edit on DAG:dataset_with_extra_from_classic_operator
[2024-10-02T01:48:21.316+0000] {logging_mixin.py:190} INFO - [2024-10-02T01:48:21.316+0000] {override.py:1900} INFO - Created Permission View: can delete on DAG Run:dataset_with_extra_from_classic_operator
[2024-10-02T01:48:21.319+0000] {logging_mixin.py:190} INFO - [2024-10-02T01:48:21.319+0000] {override.py:1900} INFO - Created Permission View: can create on DAG Run:dataset_with_extra_from_classic_operator
[2024-10-02T01:48:21.322+0000] {logging_mixin.py:190} INFO - [2024-10-02T01:48:21.322+0000] {override.py:1900} INFO - Created Permission View: can read on DAG Run:dataset_with_extra_from_classic_operator
[2024-10-02T01:48:21.325+0000] {logging_mixin.py:190} INFO - [2024-10-02T01:48:21.325+0000] {override.py:1900} INFO - Created Permission View: menu access on DAG Run:dataset_with_extra_from_classic_operator
[2024-10-02T01:48:21.330+0000] {logging_mixin.py:190} INFO - [2024-10-02T01:48:21.330+0000] {override.py:1900} INFO - Created Permission View: can delete on DAG:dataset_with_extra_by_context
[2024-10-02T01:48:21.332+0000] {logging_mixin.py:190} INFO - [2024-10-02T01:48:21.332+0000] {override.py:1900} INFO - Created Permission View: can read on DAG:dataset_with_extra_by_context
[2024-10-02T01:48:21.335+0000] {logging_mixin.py:190} INFO - [2024-10-02T01:48:21.335+0000] {override.py:1900} INFO - Created Permission View: can edit on DAG:dataset_with_extra_by_context
[2024-10-02T01:48:21.338+0000] {logging_mixin.py:190} INFO - [2024-10-02T01:48:21.338+0000] {override.py:1900} INFO - Created Permission View: can delete on DAG Run:dataset_with_extra_by_context
[2024-10-02T01:48:21.341+0000] {logging_mixin.py:190} INFO - [2024-10-02T01:48:21.341+0000] {override.py:1900} INFO - Created Permission View: can create on DAG Run:dataset_with_extra_by_context
[2024-10-02T01:48:21.343+0000] {logging_mixin.py:190} INFO - [2024-10-02T01:48:21.343+0000] {override.py:1900} INFO - Created Permission View: can read on DAG Run:dataset_with_extra_by_context
[2024-10-02T01:48:21.346+0000] {logging_mixin.py:190} INFO - [2024-10-02T01:48:21.346+0000] {override.py:1900} INFO - Created Permission View: menu access on DAG Run:dataset_with_extra_by_context
[2024-10-02T01:48:21.346+0000] {logging_mixin.py:190} INFO - [2024-10-02T01:48:21.346+0000] {dag.py:3239} INFO - Sync 3 DAGs
[2024-10-02T01:48:21.352+0000] {logging_mixin.py:190} INFO - [2024-10-02T01:48:21.352+0000] {dag.py:3262} INFO - Creating ORM DAG for dataset_with_extra_by_context
[2024-10-02T01:48:21.352+0000] {logging_mixin.py:190} INFO - [2024-10-02T01:48:21.352+0000] {dag.py:3262} INFO - Creating ORM DAG for dataset_with_extra_by_yield
[2024-10-02T01:48:21.352+0000] {logging_mixin.py:190} INFO - [2024-10-02T01:48:21.352+0000] {dag.py:3262} INFO - Creating ORM DAG for dataset_with_extra_from_classic_operator
[2024-10-02T01:48:21.357+0000] {logging_mixin.py:190} INFO - [2024-10-02T01:48:21.357+0000] {dag.py:4180} INFO - Setting next_dagrun for dataset_with_extra_by_context to 2024-10-01 00:00:00+00:00, run_after=2024-10-02 00:00:00+00:00
[2024-10-02T01:48:21.358+0000] {logging_mixin.py:190} INFO - [2024-10-02T01:48:21.358+0000] {dag.py:4180} INFO - Setting next_dagrun for dataset_with_extra_by_yield to 2024-10-01 00:00:00+00:00, run_after=2024-10-02 00:00:00+00:00
[2024-10-02T01:48:21.358+0000] {logging_mixin.py:190} INFO - [2024-10-02T01:48:21.358+0000] {dag.py:4180} INFO - Setting next_dagrun for dataset_with_extra_from_classic_operator to 2024-10-01 00:00:00+00:00, run_after=2024-10-02 00:00:00+00:00
[2024-10-02T01:48:21.370+0000] {processor.py:208} INFO - Processing /home/airflow/.local/lib/python3.12/site-packages/airflow/example_dags/example_outlet_event_extra.py took 0.227 seconds
[2024-10-02T01:48:52.216+0000] {processor.py:186} INFO - Started process (PID=130) to work on /home/airflow/.local/lib/python3.12/site-packages/airflow/example_dags/example_outlet_event_extra.py
[2024-10-02T01:48:52.218+0000] {processor.py:914} INFO - Processing file /home/airflow/.local/lib/python3.12/site-packages/airflow/example_dags/example_outlet_event_extra.py for tasks to queue
[2024-10-02T01:48:52.219+0000] {logging_mixin.py:190} INFO - [2024-10-02T01:48:52.219+0000] {dagbag.py:588} INFO - Filling up the DagBag from /home/airflow/.local/lib/python3.12/site-packages/airflow/example_dags/example_outlet_event_extra.py
[2024-10-02T01:48:52.293+0000] {processor.py:925} INFO - DAG(s) 'dataset_with_extra_from_classic_operator', 'dataset_with_extra_by_yield', 'dataset_with_extra_by_context' retrieved from /home/airflow/.local/lib/python3.12/site-packages/airflow/example_dags/example_outlet_event_extra.py
[2024-10-02T01:48:52.303+0000] {logging_mixin.py:190} INFO - [2024-10-02T01:48:52.303+0000] {dag.py:3239} INFO - Sync 3 DAGs
[2024-10-02T01:48:52.314+0000] {logging_mixin.py:190} INFO - [2024-10-02T01:48:52.313+0000] {dag.py:4180} INFO - Setting next_dagrun for dataset_with_extra_by_context to 2024-10-01 00:00:00+00:00, run_after=2024-10-02 00:00:00+00:00
[2024-10-02T01:48:52.315+0000] {logging_mixin.py:190} INFO - [2024-10-02T01:48:52.315+0000] {dag.py:4180} INFO - Setting next_dagrun for dataset_with_extra_by_yield to 2024-10-01 00:00:00+00:00, run_after=2024-10-02 00:00:00+00:00
[2024-10-02T01:48:52.316+0000] {logging_mixin.py:190} INFO - [2024-10-02T01:48:52.316+0000] {dag.py:4180} INFO - Setting next_dagrun for dataset_with_extra_from_classic_operator to 2024-10-01 00:00:00+00:00, run_after=2024-10-02 00:00:00+00:00
[2024-10-02T01:48:52.326+0000] {processor.py:208} INFO - Processing /home/airflow/.local/lib/python3.12/site-packages/airflow/example_dags/example_outlet_event_extra.py took 0.113 seconds
[2024-10-02T01:49:22.503+0000] {processor.py:186} INFO - Started process (PID=192) to work on /home/airflow/.local/lib/python3.12/site-packages/airflow/example_dags/example_outlet_event_extra.py
[2024-10-02T01:49:22.506+0000] {processor.py:914} INFO - Processing file /home/airflow/.local/lib/python3.12/site-packages/airflow/example_dags/example_outlet_event_extra.py for tasks to queue
[2024-10-02T01:49:22.509+0000] {logging_mixin.py:190} INFO - [2024-10-02T01:49:22.509+0000] {dagbag.py:588} INFO - Filling up the DagBag from /home/airflow/.local/lib/python3.12/site-packages/airflow/example_dags/example_outlet_event_extra.py
[2024-10-02T01:49:22.593+0000] {processor.py:925} INFO - DAG(s) 'dataset_with_extra_from_classic_operator', 'dataset_with_extra_by_context', 'dataset_with_extra_by_yield' retrieved from /home/airflow/.local/lib/python3.12/site-packages/airflow/example_dags/example_outlet_event_extra.py
[2024-10-02T01:49:22.605+0000] {logging_mixin.py:190} INFO - [2024-10-02T01:49:22.605+0000] {dag.py:3239} INFO - Sync 3 DAGs
[2024-10-02T01:49:22.616+0000] {logging_mixin.py:190} INFO - [2024-10-02T01:49:22.615+0000] {dag.py:4180} INFO - Setting next_dagrun for dataset_with_extra_by_context to 2024-10-01 00:00:00+00:00, run_after=2024-10-02 00:00:00+00:00
[2024-10-02T01:49:22.617+0000] {logging_mixin.py:190} INFO - [2024-10-02T01:49:22.617+0000] {dag.py:4180} INFO - Setting next_dagrun for dataset_with_extra_by_yield to 2024-10-01 00:00:00+00:00, run_after=2024-10-02 00:00:00+00:00
[2024-10-02T01:49:22.618+0000] {logging_mixin.py:190} INFO - [2024-10-02T01:49:22.618+0000] {dag.py:4180} INFO - Setting next_dagrun for dataset_with_extra_from_classic_operator to 2024-10-01 00:00:00+00:00, run_after=2024-10-02 00:00:00+00:00
[2024-10-02T01:49:22.628+0000] {processor.py:208} INFO - Processing /home/airflow/.local/lib/python3.12/site-packages/airflow/example_dags/example_outlet_event_extra.py took 0.134 seconds
[2024-10-02T01:49:52.734+0000] {processor.py:186} INFO - Started process (PID=254) to work on /home/airflow/.local/lib/python3.12/site-packages/airflow/example_dags/example_outlet_event_extra.py
[2024-10-02T01:49:52.736+0000] {processor.py:914} INFO - Processing file /home/airflow/.local/lib/python3.12/site-packages/airflow/example_dags/example_outlet_event_extra.py for tasks to queue
[2024-10-02T01:49:52.738+0000] {logging_mixin.py:190} INFO - [2024-10-02T01:49:52.738+0000] {dagbag.py:588} INFO - Filling up the DagBag from /home/airflow/.local/lib/python3.12/site-packages/airflow/example_dags/example_outlet_event_extra.py
[2024-10-02T01:49:52.822+0000] {processor.py:925} INFO - DAG(s) 'dataset_with_extra_by_context', 'dataset_with_extra_from_classic_operator', 'dataset_with_extra_by_yield' retrieved from /home/airflow/.local/lib/python3.12/site-packages/airflow/example_dags/example_outlet_event_extra.py
[2024-10-02T01:49:52.833+0000] {logging_mixin.py:190} INFO - [2024-10-02T01:49:52.833+0000] {dag.py:3239} INFO - Sync 3 DAGs
[2024-10-02T01:49:52.845+0000] {logging_mixin.py:190} INFO - [2024-10-02T01:49:52.845+0000] {dag.py:4180} INFO - Setting next_dagrun for dataset_with_extra_by_context to 2024-10-01 00:00:00+00:00, run_after=2024-10-02 00:00:00+00:00
[2024-10-02T01:49:52.847+0000] {logging_mixin.py:190} INFO - [2024-10-02T01:49:52.847+0000] {dag.py:4180} INFO - Setting next_dagrun for dataset_with_extra_by_yield to 2024-10-01 00:00:00+00:00, run_after=2024-10-02 00:00:00+00:00
[2024-10-02T01:49:52.848+0000] {logging_mixin.py:190} INFO - [2024-10-02T01:49:52.848+0000] {dag.py:4180} INFO - Setting next_dagrun for dataset_with_extra_from_classic_operator to 2024-10-01 00:00:00+00:00, run_after=2024-10-02 00:00:00+00:00
[2024-10-02T01:49:52.858+0000] {processor.py:208} INFO - Processing /home/airflow/.local/lib/python3.12/site-packages/airflow/example_dags/example_outlet_event_extra.py took 0.131 seconds
[2024-10-02T01:50:23.150+0000] {processor.py:186} INFO - Started process (PID=322) to work on /home/airflow/.local/lib/python3.12/site-packages/airflow/example_dags/example_outlet_event_extra.py
[2024-10-02T01:50:23.151+0000] {processor.py:914} INFO - Processing file /home/airflow/.local/lib/python3.12/site-packages/airflow/example_dags/example_outlet_event_extra.py for tasks to queue
[2024-10-02T01:50:23.154+0000] {logging_mixin.py:190} INFO - [2024-10-02T01:50:23.153+0000] {dagbag.py:588} INFO - Filling up the DagBag from /home/airflow/.local/lib/python3.12/site-packages/airflow/example_dags/example_outlet_event_extra.py
[2024-10-02T01:50:23.243+0000] {processor.py:925} INFO - DAG(s) 'dataset_with_extra_from_classic_operator', 'dataset_with_extra_by_context', 'dataset_with_extra_by_yield' retrieved from /home/airflow/.local/lib/python3.12/site-packages/airflow/example_dags/example_outlet_event_extra.py
[2024-10-02T01:50:23.253+0000] {logging_mixin.py:190} INFO - [2024-10-02T01:50:23.253+0000] {dag.py:3239} INFO - Sync 3 DAGs
[2024-10-02T01:50:23.264+0000] {logging_mixin.py:190} INFO - [2024-10-02T01:50:23.264+0000] {dag.py:4180} INFO - Setting next_dagrun for dataset_with_extra_by_context to 2024-10-01 00:00:00+00:00, run_after=2024-10-02 00:00:00+00:00
[2024-10-02T01:50:23.266+0000] {logging_mixin.py:190} INFO - [2024-10-02T01:50:23.266+0000] {dag.py:4180} INFO - Setting next_dagrun for dataset_with_extra_by_yield to 2024-10-01 00:00:00+00:00, run_after=2024-10-02 00:00:00+00:00
[2024-10-02T01:50:23.267+0000] {logging_mixin.py:190} INFO - [2024-10-02T01:50:23.267+0000] {dag.py:4180} INFO - Setting next_dagrun for dataset_with_extra_from_classic_operator to 2024-10-01 00:00:00+00:00, run_after=2024-10-02 00:00:00+00:00
[2024-10-02T01:50:23.276+0000] {processor.py:208} INFO - Processing /home/airflow/.local/lib/python3.12/site-packages/airflow/example_dags/example_outlet_event_extra.py took 0.135 seconds
[2024-10-02T01:50:53.478+0000] {processor.py:186} INFO - Started process (PID=384) to work on /home/airflow/.local/lib/python3.12/site-packages/airflow/example_dags/example_outlet_event_extra.py
[2024-10-02T01:50:53.480+0000] {processor.py:914} INFO - Processing file /home/airflow/.local/lib/python3.12/site-packages/airflow/example_dags/example_outlet_event_extra.py for tasks to queue
[2024-10-02T01:50:53.482+0000] {logging_mixin.py:190} INFO - [2024-10-02T01:50:53.482+0000] {dagbag.py:588} INFO - Filling up the DagBag from /home/airflow/.local/lib/python3.12/site-packages/airflow/example_dags/example_outlet_event_extra.py
[2024-10-02T01:50:53.567+0000] {processor.py:925} INFO - DAG(s) 'dataset_with_extra_by_context', 'dataset_with_extra_from_classic_operator', 'dataset_with_extra_by_yield' retrieved from /home/airflow/.local/lib/python3.12/site-packages/airflow/example_dags/example_outlet_event_extra.py
[2024-10-02T01:50:53.577+0000] {logging_mixin.py:190} INFO - [2024-10-02T01:50:53.577+0000] {dag.py:3239} INFO - Sync 3 DAGs
[2024-10-02T01:50:53.588+0000] {logging_mixin.py:190} INFO - [2024-10-02T01:50:53.588+0000] {dag.py:4180} INFO - Setting next_dagrun for dataset_with_extra_by_context to 2024-10-01 00:00:00+00:00, run_after=2024-10-02 00:00:00+00:00
[2024-10-02T01:50:53.589+0000] {logging_mixin.py:190} INFO - [2024-10-02T01:50:53.589+0000] {dag.py:4180} INFO - Setting next_dagrun for dataset_with_extra_by_yield to 2024-10-01 00:00:00+00:00, run_after=2024-10-02 00:00:00+00:00
[2024-10-02T01:50:53.595+0000] {logging_mixin.py:190} INFO - [2024-10-02T01:50:53.595+0000] {dag.py:4180} INFO - Setting next_dagrun for dataset_with_extra_from_classic_operator to 2024-10-01 00:00:00+00:00, run_after=2024-10-02 00:00:00+00:00
[2024-10-02T01:50:53.607+0000] {processor.py:208} INFO - Processing /home/airflow/.local/lib/python3.12/site-packages/airflow/example_dags/example_outlet_event_extra.py took 0.137 seconds
[2024-10-02T01:51:23.673+0000] {processor.py:186} INFO - Started process (PID=447) to work on /home/airflow/.local/lib/python3.12/site-packages/airflow/example_dags/example_outlet_event_extra.py
[2024-10-02T01:51:23.673+0000] {processor.py:914} INFO - Processing file /home/airflow/.local/lib/python3.12/site-packages/airflow/example_dags/example_outlet_event_extra.py for tasks to queue
[2024-10-02T01:51:23.674+0000] {logging_mixin.py:190} INFO - [2024-10-02T01:51:23.674+0000] {dagbag.py:588} INFO - Filling up the DagBag from /home/airflow/.local/lib/python3.12/site-packages/airflow/example_dags/example_outlet_event_extra.py
[2024-10-02T01:51:23.740+0000] {processor.py:925} INFO - DAG(s) 'dataset_with_extra_from_classic_operator', 'dataset_with_extra_by_context', 'dataset_with_extra_by_yield' retrieved from /home/airflow/.local/lib/python3.12/site-packages/airflow/example_dags/example_outlet_event_extra.py
[2024-10-02T01:51:23.751+0000] {logging_mixin.py:190} INFO - [2024-10-02T01:51:23.751+0000] {dag.py:3239} INFO - Sync 3 DAGs
[2024-10-02T01:51:23.762+0000] {logging_mixin.py:190} INFO - [2024-10-02T01:51:23.761+0000] {dag.py:4180} INFO - Setting next_dagrun for dataset_with_extra_by_context to 2024-10-01 00:00:00+00:00, run_after=2024-10-02 00:00:00+00:00
[2024-10-02T01:51:23.764+0000] {logging_mixin.py:190} INFO - [2024-10-02T01:51:23.763+0000] {dag.py:4180} INFO - Setting next_dagrun for dataset_with_extra_by_yield to 2024-10-01 00:00:00+00:00, run_after=2024-10-02 00:00:00+00:00
[2024-10-02T01:51:23.764+0000] {logging_mixin.py:190} INFO - [2024-10-02T01:51:23.764+0000] {dag.py:4180} INFO - Setting next_dagrun for dataset_with_extra_from_classic_operator to 2024-10-01 00:00:00+00:00, run_after=2024-10-02 00:00:00+00:00
[2024-10-02T01:51:23.774+0000] {processor.py:208} INFO - Processing /home/airflow/.local/lib/python3.12/site-packages/airflow/example_dags/example_outlet_event_extra.py took 0.105 seconds
[2024-10-02T01:51:53.924+0000] {processor.py:186} INFO - Started process (PID=511) to work on /home/airflow/.local/lib/python3.12/site-packages/airflow/example_dags/example_outlet_event_extra.py
[2024-10-02T01:51:53.924+0000] {processor.py:914} INFO - Processing file /home/airflow/.local/lib/python3.12/site-packages/airflow/example_dags/example_outlet_event_extra.py for tasks to queue
[2024-10-02T01:51:53.926+0000] {logging_mixin.py:190} INFO - [2024-10-02T01:51:53.926+0000] {dagbag.py:588} INFO - Filling up the DagBag from /home/airflow/.local/lib/python3.12/site-packages/airflow/example_dags/example_outlet_event_extra.py
[2024-10-02T01:51:53.998+0000] {processor.py:925} INFO - DAG(s) 'dataset_with_extra_from_classic_operator', 'dataset_with_extra_by_yield', 'dataset_with_extra_by_context' retrieved from /home/airflow/.local/lib/python3.12/site-packages/airflow/example_dags/example_outlet_event_extra.py
[2024-10-02T01:51:54.009+0000] {logging_mixin.py:190} INFO - [2024-10-02T01:51:54.009+0000] {dag.py:3239} INFO - Sync 3 DAGs
[2024-10-02T01:51:54.025+0000] {logging_mixin.py:190} INFO - [2024-10-02T01:51:54.025+0000] {dag.py:4180} INFO - Setting next_dagrun for dataset_with_extra_by_context to 2024-10-01 00:00:00+00:00, run_after=2024-10-02 00:00:00+00:00
[2024-10-02T01:51:54.027+0000] {logging_mixin.py:190} INFO - [2024-10-02T01:51:54.027+0000] {dag.py:4180} INFO - Setting next_dagrun for dataset_with_extra_by_yield to 2024-10-01 00:00:00+00:00, run_after=2024-10-02 00:00:00+00:00
[2024-10-02T01:51:54.028+0000] {logging_mixin.py:190} INFO - [2024-10-02T01:51:54.028+0000] {dag.py:4180} INFO - Setting next_dagrun for dataset_with_extra_from_classic_operator to 2024-10-01 00:00:00+00:00, run_after=2024-10-02 00:00:00+00:00
[2024-10-02T01:51:54.038+0000] {processor.py:208} INFO - Processing /home/airflow/.local/lib/python3.12/site-packages/airflow/example_dags/example_outlet_event_extra.py took 0.118 seconds
[2024-10-02T01:52:24.204+0000] {processor.py:186} INFO - Started process (PID=574) to work on /home/airflow/.local/lib/python3.12/site-packages/airflow/example_dags/example_outlet_event_extra.py
[2024-10-02T01:52:24.205+0000] {processor.py:914} INFO - Processing file /home/airflow/.local/lib/python3.12/site-packages/airflow/example_dags/example_outlet_event_extra.py for tasks to queue
[2024-10-02T01:52:24.206+0000] {logging_mixin.py:190} INFO - [2024-10-02T01:52:24.206+0000] {dagbag.py:588} INFO - Filling up the DagBag from /home/airflow/.local/lib/python3.12/site-packages/airflow/example_dags/example_outlet_event_extra.py
[2024-10-02T01:52:24.273+0000] {processor.py:925} INFO - DAG(s) 'dataset_with_extra_by_yield', 'dataset_with_extra_from_classic_operator', 'dataset_with_extra_by_context' retrieved from /home/airflow/.local/lib/python3.12/site-packages/airflow/example_dags/example_outlet_event_extra.py
[2024-10-02T01:52:24.284+0000] {logging_mixin.py:190} INFO - [2024-10-02T01:52:24.283+0000] {dag.py:3239} INFO - Sync 3 DAGs
[2024-10-02T01:52:24.295+0000] {logging_mixin.py:190} INFO - [2024-10-02T01:52:24.295+0000] {dag.py:4180} INFO - Setting next_dagrun for dataset_with_extra_by_context to 2024-10-01 00:00:00+00:00, run_after=2024-10-02 00:00:00+00:00
[2024-10-02T01:52:24.297+0000] {logging_mixin.py:190} INFO - [2024-10-02T01:52:24.297+0000] {dag.py:4180} INFO - Setting next_dagrun for dataset_with_extra_by_yield to 2024-10-01 00:00:00+00:00, run_after=2024-10-02 00:00:00+00:00
[2024-10-02T01:52:24.298+0000] {logging_mixin.py:190} INFO - [2024-10-02T01:52:24.298+0000] {dag.py:4180} INFO - Setting next_dagrun for dataset_with_extra_from_classic_operator to 2024-10-01 00:00:00+00:00, run_after=2024-10-02 00:00:00+00:00
[2024-10-02T01:52:24.308+0000] {processor.py:208} INFO - Processing /home/airflow/.local/lib/python3.12/site-packages/airflow/example_dags/example_outlet_event_extra.py took 0.107 seconds
