[2024-10-02T01:48:20.003+0000] {processor.py:186} INFO - Started process (PID=57) to work on /home/airflow/.local/lib/python3.12/site-packages/airflow/example_dags/example_datasets.py
[2024-10-02T01:48:20.004+0000] {processor.py:914} INFO - Processing file /home/airflow/.local/lib/python3.12/site-packages/airflow/example_dags/example_datasets.py for tasks to queue
[2024-10-02T01:48:20.005+0000] {logging_mixin.py:190} INFO - [2024-10-02T01:48:20.005+0000] {dagbag.py:588} INFO - Filling up the DagBag from /home/airflow/.local/lib/python3.12/site-packages/airflow/example_dags/example_datasets.py
[2024-10-02T01:48:20.086+0000] {processor.py:925} INFO - DAG(s) 'dataset_consumes_1', 'consume_1_or_both_2_and_3_with_dataset_expressions', 'dataset_consumes_1_and_2', 'dataset_produces_1', 'dataset_produces_2', 'conditional_dataset_and_time_based_timetable', 'dataset_consumes_unknown_never_scheduled', 'dataset_consumes_1_never_scheduled', 'consume_1_or_2_with_dataset_expressions', 'consume_1_and_2_with_dataset_expressions' retrieved from /home/airflow/.local/lib/python3.12/site-packages/airflow/example_dags/example_datasets.py
[2024-10-02T01:48:20.134+0000] {logging_mixin.py:190} INFO - [2024-10-02T01:48:20.133+0000] {override.py:1900} INFO - Created Permission View: can delete on DAG:dataset_consumes_1
[2024-10-02T01:48:20.138+0000] {logging_mixin.py:190} INFO - [2024-10-02T01:48:20.137+0000] {override.py:1900} INFO - Created Permission View: can read on DAG:dataset_consumes_1
[2024-10-02T01:48:20.140+0000] {logging_mixin.py:190} INFO - [2024-10-02T01:48:20.140+0000] {override.py:1900} INFO - Created Permission View: can edit on DAG:dataset_consumes_1
[2024-10-02T01:48:20.144+0000] {logging_mixin.py:190} INFO - [2024-10-02T01:48:20.144+0000] {override.py:1900} INFO - Created Permission View: can delete on DAG Run:dataset_consumes_1
[2024-10-02T01:48:20.146+0000] {logging_mixin.py:190} INFO - [2024-10-02T01:48:20.146+0000] {override.py:1900} INFO - Created Permission View: can create on DAG Run:dataset_consumes_1
[2024-10-02T01:48:20.149+0000] {logging_mixin.py:190} INFO - [2024-10-02T01:48:20.149+0000] {override.py:1900} INFO - Created Permission View: can read on DAG Run:dataset_consumes_1
[2024-10-02T01:48:20.152+0000] {logging_mixin.py:190} INFO - [2024-10-02T01:48:20.152+0000] {override.py:1900} INFO - Created Permission View: menu access on DAG Run:dataset_consumes_1
[2024-10-02T01:48:20.157+0000] {logging_mixin.py:190} INFO - [2024-10-02T01:48:20.157+0000] {override.py:1900} INFO - Created Permission View: can delete on DAG:consume_1_or_both_2_and_3_with_dataset_expressions
[2024-10-02T01:48:20.160+0000] {logging_mixin.py:190} INFO - [2024-10-02T01:48:20.160+0000] {override.py:1900} INFO - Created Permission View: can read on DAG:consume_1_or_both_2_and_3_with_dataset_expressions
[2024-10-02T01:48:20.162+0000] {logging_mixin.py:190} INFO - [2024-10-02T01:48:20.162+0000] {override.py:1900} INFO - Created Permission View: can edit on DAG:consume_1_or_both_2_and_3_with_dataset_expressions
[2024-10-02T01:48:20.165+0000] {logging_mixin.py:190} INFO - [2024-10-02T01:48:20.165+0000] {override.py:1900} INFO - Created Permission View: can delete on DAG Run:consume_1_or_both_2_and_3_with_dataset_expressions
[2024-10-02T01:48:20.167+0000] {logging_mixin.py:190} INFO - [2024-10-02T01:48:20.167+0000] {override.py:1900} INFO - Created Permission View: can create on DAG Run:consume_1_or_both_2_and_3_with_dataset_expressions
[2024-10-02T01:48:20.171+0000] {logging_mixin.py:190} INFO - [2024-10-02T01:48:20.170+0000] {override.py:1900} INFO - Created Permission View: can read on DAG Run:consume_1_or_both_2_and_3_with_dataset_expressions
[2024-10-02T01:48:20.174+0000] {logging_mixin.py:190} INFO - [2024-10-02T01:48:20.174+0000] {override.py:1900} INFO - Created Permission View: menu access on DAG Run:consume_1_or_both_2_and_3_with_dataset_expressions
[2024-10-02T01:48:20.180+0000] {logging_mixin.py:190} INFO - [2024-10-02T01:48:20.180+0000] {override.py:1900} INFO - Created Permission View: can delete on DAG:dataset_consumes_1_and_2
[2024-10-02T01:48:20.183+0000] {logging_mixin.py:190} INFO - [2024-10-02T01:48:20.183+0000] {override.py:1900} INFO - Created Permission View: can read on DAG:dataset_consumes_1_and_2
[2024-10-02T01:48:20.186+0000] {logging_mixin.py:190} INFO - [2024-10-02T01:48:20.186+0000] {override.py:1900} INFO - Created Permission View: can edit on DAG:dataset_consumes_1_and_2
[2024-10-02T01:48:20.189+0000] {logging_mixin.py:190} INFO - [2024-10-02T01:48:20.189+0000] {override.py:1900} INFO - Created Permission View: can delete on DAG Run:dataset_consumes_1_and_2
[2024-10-02T01:48:20.191+0000] {logging_mixin.py:190} INFO - [2024-10-02T01:48:20.191+0000] {override.py:1900} INFO - Created Permission View: can create on DAG Run:dataset_consumes_1_and_2
[2024-10-02T01:48:20.194+0000] {logging_mixin.py:190} INFO - [2024-10-02T01:48:20.194+0000] {override.py:1900} INFO - Created Permission View: can read on DAG Run:dataset_consumes_1_and_2
[2024-10-02T01:48:20.196+0000] {logging_mixin.py:190} INFO - [2024-10-02T01:48:20.196+0000] {override.py:1900} INFO - Created Permission View: menu access on DAG Run:dataset_consumes_1_and_2
[2024-10-02T01:48:20.201+0000] {logging_mixin.py:190} INFO - [2024-10-02T01:48:20.201+0000] {override.py:1900} INFO - Created Permission View: can delete on DAG:dataset_produces_1
[2024-10-02T01:48:20.204+0000] {logging_mixin.py:190} INFO - [2024-10-02T01:48:20.204+0000] {override.py:1900} INFO - Created Permission View: can read on DAG:dataset_produces_1
[2024-10-02T01:48:20.206+0000] {logging_mixin.py:190} INFO - [2024-10-02T01:48:20.206+0000] {override.py:1900} INFO - Created Permission View: can edit on DAG:dataset_produces_1
[2024-10-02T01:48:20.209+0000] {logging_mixin.py:190} INFO - [2024-10-02T01:48:20.209+0000] {override.py:1900} INFO - Created Permission View: can delete on DAG Run:dataset_produces_1
[2024-10-02T01:48:20.212+0000] {logging_mixin.py:190} INFO - [2024-10-02T01:48:20.212+0000] {override.py:1900} INFO - Created Permission View: can create on DAG Run:dataset_produces_1
[2024-10-02T01:48:20.214+0000] {logging_mixin.py:190} INFO - [2024-10-02T01:48:20.214+0000] {override.py:1900} INFO - Created Permission View: can read on DAG Run:dataset_produces_1
[2024-10-02T01:48:20.217+0000] {logging_mixin.py:190} INFO - [2024-10-02T01:48:20.217+0000] {override.py:1900} INFO - Created Permission View: menu access on DAG Run:dataset_produces_1
[2024-10-02T01:48:20.222+0000] {logging_mixin.py:190} INFO - [2024-10-02T01:48:20.222+0000] {override.py:1900} INFO - Created Permission View: can delete on DAG:dataset_produces_2
[2024-10-02T01:48:20.225+0000] {logging_mixin.py:190} INFO - [2024-10-02T01:48:20.224+0000] {override.py:1900} INFO - Created Permission View: can read on DAG:dataset_produces_2
[2024-10-02T01:48:20.227+0000] {logging_mixin.py:190} INFO - [2024-10-02T01:48:20.227+0000] {override.py:1900} INFO - Created Permission View: can edit on DAG:dataset_produces_2
[2024-10-02T01:48:20.232+0000] {logging_mixin.py:190} INFO - [2024-10-02T01:48:20.232+0000] {override.py:1900} INFO - Created Permission View: can delete on DAG Run:dataset_produces_2
[2024-10-02T01:48:20.237+0000] {logging_mixin.py:190} INFO - [2024-10-02T01:48:20.237+0000] {override.py:1900} INFO - Created Permission View: can create on DAG Run:dataset_produces_2
[2024-10-02T01:48:20.240+0000] {logging_mixin.py:190} INFO - [2024-10-02T01:48:20.240+0000] {override.py:1900} INFO - Created Permission View: can read on DAG Run:dataset_produces_2
[2024-10-02T01:48:20.243+0000] {logging_mixin.py:190} INFO - [2024-10-02T01:48:20.243+0000] {override.py:1900} INFO - Created Permission View: menu access on DAG Run:dataset_produces_2
[2024-10-02T01:48:20.250+0000] {logging_mixin.py:190} INFO - [2024-10-02T01:48:20.249+0000] {override.py:1900} INFO - Created Permission View: can delete on DAG:conditional_dataset_and_time_based_timetable
[2024-10-02T01:48:20.252+0000] {logging_mixin.py:190} INFO - [2024-10-02T01:48:20.252+0000] {override.py:1900} INFO - Created Permission View: can read on DAG:conditional_dataset_and_time_based_timetable
[2024-10-02T01:48:20.256+0000] {logging_mixin.py:190} INFO - [2024-10-02T01:48:20.255+0000] {override.py:1900} INFO - Created Permission View: can edit on DAG:conditional_dataset_and_time_based_timetable
[2024-10-02T01:48:20.259+0000] {logging_mixin.py:190} INFO - [2024-10-02T01:48:20.259+0000] {override.py:1900} INFO - Created Permission View: can delete on DAG Run:conditional_dataset_and_time_based_timetable
[2024-10-02T01:48:20.263+0000] {logging_mixin.py:190} INFO - [2024-10-02T01:48:20.262+0000] {override.py:1900} INFO - Created Permission View: can create on DAG Run:conditional_dataset_and_time_based_timetable
[2024-10-02T01:48:20.266+0000] {logging_mixin.py:190} INFO - [2024-10-02T01:48:20.266+0000] {override.py:1900} INFO - Created Permission View: can read on DAG Run:conditional_dataset_and_time_based_timetable
[2024-10-02T01:48:20.270+0000] {logging_mixin.py:190} INFO - [2024-10-02T01:48:20.270+0000] {override.py:1900} INFO - Created Permission View: menu access on DAG Run:conditional_dataset_and_time_based_timetable
[2024-10-02T01:48:20.276+0000] {logging_mixin.py:190} INFO - [2024-10-02T01:48:20.276+0000] {override.py:1900} INFO - Created Permission View: can delete on DAG:dataset_consumes_unknown_never_scheduled
[2024-10-02T01:48:20.279+0000] {logging_mixin.py:190} INFO - [2024-10-02T01:48:20.278+0000] {override.py:1900} INFO - Created Permission View: can read on DAG:dataset_consumes_unknown_never_scheduled
[2024-10-02T01:48:20.281+0000] {logging_mixin.py:190} INFO - [2024-10-02T01:48:20.281+0000] {override.py:1900} INFO - Created Permission View: can edit on DAG:dataset_consumes_unknown_never_scheduled
[2024-10-02T01:48:20.284+0000] {logging_mixin.py:190} INFO - [2024-10-02T01:48:20.284+0000] {override.py:1900} INFO - Created Permission View: can delete on DAG Run:dataset_consumes_unknown_never_scheduled
[2024-10-02T01:48:20.287+0000] {logging_mixin.py:190} INFO - [2024-10-02T01:48:20.287+0000] {override.py:1900} INFO - Created Permission View: can create on DAG Run:dataset_consumes_unknown_never_scheduled
[2024-10-02T01:48:20.290+0000] {logging_mixin.py:190} INFO - [2024-10-02T01:48:20.290+0000] {override.py:1900} INFO - Created Permission View: can read on DAG Run:dataset_consumes_unknown_never_scheduled
[2024-10-02T01:48:20.293+0000] {logging_mixin.py:190} INFO - [2024-10-02T01:48:20.293+0000] {override.py:1900} INFO - Created Permission View: menu access on DAG Run:dataset_consumes_unknown_never_scheduled
[2024-10-02T01:48:20.298+0000] {logging_mixin.py:190} INFO - [2024-10-02T01:48:20.298+0000] {override.py:1900} INFO - Created Permission View: can delete on DAG:dataset_consumes_1_never_scheduled
[2024-10-02T01:48:20.301+0000] {logging_mixin.py:190} INFO - [2024-10-02T01:48:20.301+0000] {override.py:1900} INFO - Created Permission View: can read on DAG:dataset_consumes_1_never_scheduled
[2024-10-02T01:48:20.304+0000] {logging_mixin.py:190} INFO - [2024-10-02T01:48:20.304+0000] {override.py:1900} INFO - Created Permission View: can edit on DAG:dataset_consumes_1_never_scheduled
[2024-10-02T01:48:20.307+0000] {logging_mixin.py:190} INFO - [2024-10-02T01:48:20.307+0000] {override.py:1900} INFO - Created Permission View: can delete on DAG Run:dataset_consumes_1_never_scheduled
[2024-10-02T01:48:20.309+0000] {logging_mixin.py:190} INFO - [2024-10-02T01:48:20.309+0000] {override.py:1900} INFO - Created Permission View: can create on DAG Run:dataset_consumes_1_never_scheduled
[2024-10-02T01:48:20.312+0000] {logging_mixin.py:190} INFO - [2024-10-02T01:48:20.312+0000] {override.py:1900} INFO - Created Permission View: can read on DAG Run:dataset_consumes_1_never_scheduled
[2024-10-02T01:48:20.314+0000] {logging_mixin.py:190} INFO - [2024-10-02T01:48:20.314+0000] {override.py:1900} INFO - Created Permission View: menu access on DAG Run:dataset_consumes_1_never_scheduled
[2024-10-02T01:48:20.319+0000] {logging_mixin.py:190} INFO - [2024-10-02T01:48:20.319+0000] {override.py:1900} INFO - Created Permission View: can delete on DAG:consume_1_or_2_with_dataset_expressions
[2024-10-02T01:48:20.322+0000] {logging_mixin.py:190} INFO - [2024-10-02T01:48:20.322+0000] {override.py:1900} INFO - Created Permission View: can read on DAG:consume_1_or_2_with_dataset_expressions
[2024-10-02T01:48:20.325+0000] {logging_mixin.py:190} INFO - [2024-10-02T01:48:20.325+0000] {override.py:1900} INFO - Created Permission View: can edit on DAG:consume_1_or_2_with_dataset_expressions
[2024-10-02T01:48:20.329+0000] {logging_mixin.py:190} INFO - [2024-10-02T01:48:20.329+0000] {override.py:1900} INFO - Created Permission View: can delete on DAG Run:consume_1_or_2_with_dataset_expressions
[2024-10-02T01:48:20.332+0000] {logging_mixin.py:190} INFO - [2024-10-02T01:48:20.332+0000] {override.py:1900} INFO - Created Permission View: can create on DAG Run:consume_1_or_2_with_dataset_expressions
[2024-10-02T01:48:20.334+0000] {logging_mixin.py:190} INFO - [2024-10-02T01:48:20.334+0000] {override.py:1900} INFO - Created Permission View: can read on DAG Run:consume_1_or_2_with_dataset_expressions
[2024-10-02T01:48:20.337+0000] {logging_mixin.py:190} INFO - [2024-10-02T01:48:20.337+0000] {override.py:1900} INFO - Created Permission View: menu access on DAG Run:consume_1_or_2_with_dataset_expressions
[2024-10-02T01:48:20.342+0000] {logging_mixin.py:190} INFO - [2024-10-02T01:48:20.342+0000] {override.py:1900} INFO - Created Permission View: can delete on DAG:consume_1_and_2_with_dataset_expressions
[2024-10-02T01:48:20.344+0000] {logging_mixin.py:190} INFO - [2024-10-02T01:48:20.344+0000] {override.py:1900} INFO - Created Permission View: can read on DAG:consume_1_and_2_with_dataset_expressions
[2024-10-02T01:48:20.346+0000] {logging_mixin.py:190} INFO - [2024-10-02T01:48:20.346+0000] {override.py:1900} INFO - Created Permission View: can edit on DAG:consume_1_and_2_with_dataset_expressions
[2024-10-02T01:48:20.350+0000] {logging_mixin.py:190} INFO - [2024-10-02T01:48:20.349+0000] {override.py:1900} INFO - Created Permission View: can delete on DAG Run:consume_1_and_2_with_dataset_expressions
[2024-10-02T01:48:20.352+0000] {logging_mixin.py:190} INFO - [2024-10-02T01:48:20.352+0000] {override.py:1900} INFO - Created Permission View: can create on DAG Run:consume_1_and_2_with_dataset_expressions
[2024-10-02T01:48:20.354+0000] {logging_mixin.py:190} INFO - [2024-10-02T01:48:20.354+0000] {override.py:1900} INFO - Created Permission View: can read on DAG Run:consume_1_and_2_with_dataset_expressions
[2024-10-02T01:48:20.358+0000] {logging_mixin.py:190} INFO - [2024-10-02T01:48:20.358+0000] {override.py:1900} INFO - Created Permission View: menu access on DAG Run:consume_1_and_2_with_dataset_expressions
[2024-10-02T01:48:20.358+0000] {logging_mixin.py:190} INFO - [2024-10-02T01:48:20.358+0000] {dag.py:3239} INFO - Sync 10 DAGs
[2024-10-02T01:48:20.364+0000] {logging_mixin.py:190} INFO - [2024-10-02T01:48:20.364+0000] {dag.py:3262} INFO - Creating ORM DAG for conditional_dataset_and_time_based_timetable
[2024-10-02T01:48:20.364+0000] {logging_mixin.py:190} INFO - [2024-10-02T01:48:20.364+0000] {dag.py:3262} INFO - Creating ORM DAG for dataset_consumes_1_never_scheduled
[2024-10-02T01:48:20.364+0000] {logging_mixin.py:190} INFO - [2024-10-02T01:48:20.364+0000] {dag.py:3262} INFO - Creating ORM DAG for consume_1_and_2_with_dataset_expressions
[2024-10-02T01:48:20.364+0000] {logging_mixin.py:190} INFO - [2024-10-02T01:48:20.364+0000] {dag.py:3262} INFO - Creating ORM DAG for dataset_produces_2
[2024-10-02T01:48:20.365+0000] {logging_mixin.py:190} INFO - [2024-10-02T01:48:20.364+0000] {dag.py:3262} INFO - Creating ORM DAG for dataset_consumes_1
[2024-10-02T01:48:20.365+0000] {logging_mixin.py:190} INFO - [2024-10-02T01:48:20.365+0000] {dag.py:3262} INFO - Creating ORM DAG for consume_1_or_both_2_and_3_with_dataset_expressions
[2024-10-02T01:48:20.365+0000] {logging_mixin.py:190} INFO - [2024-10-02T01:48:20.365+0000] {dag.py:3262} INFO - Creating ORM DAG for consume_1_or_2_with_dataset_expressions
[2024-10-02T01:48:20.365+0000] {logging_mixin.py:190} INFO - [2024-10-02T01:48:20.365+0000] {dag.py:3262} INFO - Creating ORM DAG for dataset_consumes_unknown_never_scheduled
[2024-10-02T01:48:20.365+0000] {logging_mixin.py:190} INFO - [2024-10-02T01:48:20.365+0000] {dag.py:3262} INFO - Creating ORM DAG for dataset_consumes_1_and_2
[2024-10-02T01:48:20.365+0000] {logging_mixin.py:190} INFO - [2024-10-02T01:48:20.365+0000] {dag.py:3262} INFO - Creating ORM DAG for dataset_produces_1
[2024-10-02T01:48:20.371+0000] {logging_mixin.py:190} INFO - [2024-10-02T01:48:20.371+0000] {dag.py:4180} INFO - Setting next_dagrun for conditional_dataset_and_time_based_timetable to 2024-10-02 01:00:00+00:00, run_after=2024-10-02 01:00:00+00:00
[2024-10-02T01:48:20.371+0000] {logging_mixin.py:190} INFO - [2024-10-02T01:48:20.371+0000] {dag.py:4180} INFO - Setting next_dagrun for consume_1_and_2_with_dataset_expressions to None, run_after=None
[2024-10-02T01:48:20.371+0000] {logging_mixin.py:190} INFO - [2024-10-02T01:48:20.371+0000] {dag.py:4180} INFO - Setting next_dagrun for consume_1_or_2_with_dataset_expressions to None, run_after=None
[2024-10-02T01:48:20.372+0000] {logging_mixin.py:190} INFO - [2024-10-02T01:48:20.371+0000] {dag.py:4180} INFO - Setting next_dagrun for consume_1_or_both_2_and_3_with_dataset_expressions to None, run_after=None
[2024-10-02T01:48:20.372+0000] {logging_mixin.py:190} INFO - [2024-10-02T01:48:20.372+0000] {dag.py:4180} INFO - Setting next_dagrun for dataset_consumes_1 to None, run_after=None
[2024-10-02T01:48:20.372+0000] {logging_mixin.py:190} INFO - [2024-10-02T01:48:20.372+0000] {dag.py:4180} INFO - Setting next_dagrun for dataset_consumes_1_and_2 to None, run_after=None
[2024-10-02T01:48:20.372+0000] {logging_mixin.py:190} INFO - [2024-10-02T01:48:20.372+0000] {dag.py:4180} INFO - Setting next_dagrun for dataset_consumes_1_never_scheduled to None, run_after=None
[2024-10-02T01:48:20.372+0000] {logging_mixin.py:190} INFO - [2024-10-02T01:48:20.372+0000] {dag.py:4180} INFO - Setting next_dagrun for dataset_consumes_unknown_never_scheduled to None, run_after=None
[2024-10-02T01:48:20.373+0000] {logging_mixin.py:190} INFO - [2024-10-02T01:48:20.373+0000] {dag.py:4180} INFO - Setting next_dagrun for dataset_produces_1 to 2024-10-01 00:00:00+00:00, run_after=2024-10-02 00:00:00+00:00
[2024-10-02T01:48:20.373+0000] {logging_mixin.py:190} INFO - [2024-10-02T01:48:20.373+0000] {dag.py:4180} INFO - Setting next_dagrun for dataset_produces_2 to None, run_after=None
[2024-10-02T01:48:20.391+0000] {processor.py:208} INFO - Processing /home/airflow/.local/lib/python3.12/site-packages/airflow/example_dags/example_datasets.py took 0.390 seconds
[2024-10-02T01:48:50.779+0000] {processor.py:186} INFO - Started process (PID=119) to work on /home/airflow/.local/lib/python3.12/site-packages/airflow/example_dags/example_datasets.py
[2024-10-02T01:48:50.779+0000] {processor.py:914} INFO - Processing file /home/airflow/.local/lib/python3.12/site-packages/airflow/example_dags/example_datasets.py for tasks to queue
[2024-10-02T01:48:50.781+0000] {logging_mixin.py:190} INFO - [2024-10-02T01:48:50.780+0000] {dagbag.py:588} INFO - Filling up the DagBag from /home/airflow/.local/lib/python3.12/site-packages/airflow/example_dags/example_datasets.py
[2024-10-02T01:48:50.852+0000] {processor.py:925} INFO - DAG(s) 'consume_1_and_2_with_dataset_expressions', 'dataset_consumes_1', 'dataset_consumes_unknown_never_scheduled', 'consume_1_or_both_2_and_3_with_dataset_expressions', 'dataset_produces_1', 'conditional_dataset_and_time_based_timetable', 'dataset_consumes_1_and_2', 'dataset_produces_2', 'dataset_consumes_1_never_scheduled', 'consume_1_or_2_with_dataset_expressions' retrieved from /home/airflow/.local/lib/python3.12/site-packages/airflow/example_dags/example_datasets.py
[2024-10-02T01:48:50.870+0000] {logging_mixin.py:190} INFO - [2024-10-02T01:48:50.870+0000] {dag.py:3239} INFO - Sync 10 DAGs
[2024-10-02T01:48:50.882+0000] {logging_mixin.py:190} INFO - [2024-10-02T01:48:50.882+0000] {dag.py:4180} INFO - Setting next_dagrun for conditional_dataset_and_time_based_timetable to 2024-10-02 01:00:00+00:00, run_after=2024-10-02 01:00:00+00:00
[2024-10-02T01:48:50.884+0000] {logging_mixin.py:190} INFO - [2024-10-02T01:48:50.884+0000] {dag.py:4180} INFO - Setting next_dagrun for consume_1_and_2_with_dataset_expressions to None, run_after=None
[2024-10-02T01:48:50.884+0000] {logging_mixin.py:190} INFO - [2024-10-02T01:48:50.884+0000] {dag.py:4180} INFO - Setting next_dagrun for consume_1_or_2_with_dataset_expressions to None, run_after=None
[2024-10-02T01:48:50.885+0000] {logging_mixin.py:190} INFO - [2024-10-02T01:48:50.884+0000] {dag.py:4180} INFO - Setting next_dagrun for consume_1_or_both_2_and_3_with_dataset_expressions to None, run_after=None
[2024-10-02T01:48:50.885+0000] {logging_mixin.py:190} INFO - [2024-10-02T01:48:50.885+0000] {dag.py:4180} INFO - Setting next_dagrun for dataset_consumes_1 to None, run_after=None
[2024-10-02T01:48:50.886+0000] {logging_mixin.py:190} INFO - [2024-10-02T01:48:50.886+0000] {dag.py:4180} INFO - Setting next_dagrun for dataset_consumes_1_and_2 to None, run_after=None
[2024-10-02T01:48:50.886+0000] {logging_mixin.py:190} INFO - [2024-10-02T01:48:50.886+0000] {dag.py:4180} INFO - Setting next_dagrun for dataset_consumes_1_never_scheduled to None, run_after=None
[2024-10-02T01:48:50.887+0000] {logging_mixin.py:190} INFO - [2024-10-02T01:48:50.887+0000] {dag.py:4180} INFO - Setting next_dagrun for dataset_consumes_unknown_never_scheduled to None, run_after=None
[2024-10-02T01:48:50.888+0000] {logging_mixin.py:190} INFO - [2024-10-02T01:48:50.887+0000] {dag.py:4180} INFO - Setting next_dagrun for dataset_produces_1 to 2024-10-01 00:00:00+00:00, run_after=2024-10-02 00:00:00+00:00
[2024-10-02T01:48:50.888+0000] {logging_mixin.py:190} INFO - [2024-10-02T01:48:50.888+0000] {dag.py:4180} INFO - Setting next_dagrun for dataset_produces_2 to None, run_after=None
[2024-10-02T01:48:50.901+0000] {processor.py:208} INFO - Processing /home/airflow/.local/lib/python3.12/site-packages/airflow/example_dags/example_datasets.py took 0.127 seconds
[2024-10-02T01:49:21.061+0000] {processor.py:186} INFO - Started process (PID=181) to work on /home/airflow/.local/lib/python3.12/site-packages/airflow/example_dags/example_datasets.py
[2024-10-02T01:49:21.062+0000] {processor.py:914} INFO - Processing file /home/airflow/.local/lib/python3.12/site-packages/airflow/example_dags/example_datasets.py for tasks to queue
[2024-10-02T01:49:21.063+0000] {logging_mixin.py:190} INFO - [2024-10-02T01:49:21.063+0000] {dagbag.py:588} INFO - Filling up the DagBag from /home/airflow/.local/lib/python3.12/site-packages/airflow/example_dags/example_datasets.py
[2024-10-02T01:49:21.127+0000] {processor.py:925} INFO - DAG(s) 'consume_1_or_both_2_and_3_with_dataset_expressions', 'dataset_produces_1', 'dataset_consumes_1', 'dataset_consumes_1_never_scheduled', 'dataset_consumes_1_and_2', 'dataset_consumes_unknown_never_scheduled', 'conditional_dataset_and_time_based_timetable', 'dataset_produces_2', 'consume_1_and_2_with_dataset_expressions', 'consume_1_or_2_with_dataset_expressions' retrieved from /home/airflow/.local/lib/python3.12/site-packages/airflow/example_dags/example_datasets.py
[2024-10-02T01:49:21.143+0000] {logging_mixin.py:190} INFO - [2024-10-02T01:49:21.143+0000] {dag.py:3239} INFO - Sync 10 DAGs
[2024-10-02T01:49:21.153+0000] {logging_mixin.py:190} INFO - [2024-10-02T01:49:21.153+0000] {dag.py:4180} INFO - Setting next_dagrun for conditional_dataset_and_time_based_timetable to 2024-10-02 01:00:00+00:00, run_after=2024-10-02 01:00:00+00:00
[2024-10-02T01:49:21.155+0000] {logging_mixin.py:190} INFO - [2024-10-02T01:49:21.155+0000] {dag.py:4180} INFO - Setting next_dagrun for consume_1_and_2_with_dataset_expressions to None, run_after=None
[2024-10-02T01:49:21.155+0000] {logging_mixin.py:190} INFO - [2024-10-02T01:49:21.155+0000] {dag.py:4180} INFO - Setting next_dagrun for consume_1_or_2_with_dataset_expressions to None, run_after=None
[2024-10-02T01:49:21.156+0000] {logging_mixin.py:190} INFO - [2024-10-02T01:49:21.155+0000] {dag.py:4180} INFO - Setting next_dagrun for consume_1_or_both_2_and_3_with_dataset_expressions to None, run_after=None
[2024-10-02T01:49:21.156+0000] {logging_mixin.py:190} INFO - [2024-10-02T01:49:21.156+0000] {dag.py:4180} INFO - Setting next_dagrun for dataset_consumes_1 to None, run_after=None
[2024-10-02T01:49:21.156+0000] {logging_mixin.py:190} INFO - [2024-10-02T01:49:21.156+0000] {dag.py:4180} INFO - Setting next_dagrun for dataset_consumes_1_and_2 to None, run_after=None
[2024-10-02T01:49:21.157+0000] {logging_mixin.py:190} INFO - [2024-10-02T01:49:21.157+0000] {dag.py:4180} INFO - Setting next_dagrun for dataset_consumes_1_never_scheduled to None, run_after=None
[2024-10-02T01:49:21.157+0000] {logging_mixin.py:190} INFO - [2024-10-02T01:49:21.157+0000] {dag.py:4180} INFO - Setting next_dagrun for dataset_consumes_unknown_never_scheduled to None, run_after=None
[2024-10-02T01:49:21.158+0000] {logging_mixin.py:190} INFO - [2024-10-02T01:49:21.158+0000] {dag.py:4180} INFO - Setting next_dagrun for dataset_produces_1 to 2024-10-01 00:00:00+00:00, run_after=2024-10-02 00:00:00+00:00
[2024-10-02T01:49:21.158+0000] {logging_mixin.py:190} INFO - [2024-10-02T01:49:21.158+0000] {dag.py:4180} INFO - Setting next_dagrun for dataset_produces_2 to None, run_after=None
[2024-10-02T01:49:21.170+0000] {processor.py:208} INFO - Processing /home/airflow/.local/lib/python3.12/site-packages/airflow/example_dags/example_datasets.py took 0.112 seconds
[2024-10-02T01:49:51.289+0000] {processor.py:186} INFO - Started process (PID=243) to work on /home/airflow/.local/lib/python3.12/site-packages/airflow/example_dags/example_datasets.py
[2024-10-02T01:49:51.290+0000] {processor.py:914} INFO - Processing file /home/airflow/.local/lib/python3.12/site-packages/airflow/example_dags/example_datasets.py for tasks to queue
[2024-10-02T01:49:51.291+0000] {logging_mixin.py:190} INFO - [2024-10-02T01:49:51.291+0000] {dagbag.py:588} INFO - Filling up the DagBag from /home/airflow/.local/lib/python3.12/site-packages/airflow/example_dags/example_datasets.py
[2024-10-02T01:49:51.353+0000] {processor.py:925} INFO - DAG(s) 'conditional_dataset_and_time_based_timetable', 'consume_1_or_both_2_and_3_with_dataset_expressions', 'dataset_consumes_1', 'consume_1_or_2_with_dataset_expressions', 'dataset_consumes_1_and_2', 'dataset_consumes_unknown_never_scheduled', 'dataset_produces_1', 'dataset_produces_2', 'consume_1_and_2_with_dataset_expressions', 'dataset_consumes_1_never_scheduled' retrieved from /home/airflow/.local/lib/python3.12/site-packages/airflow/example_dags/example_datasets.py
[2024-10-02T01:49:51.369+0000] {logging_mixin.py:190} INFO - [2024-10-02T01:49:51.369+0000] {dag.py:3239} INFO - Sync 10 DAGs
[2024-10-02T01:49:51.380+0000] {logging_mixin.py:190} INFO - [2024-10-02T01:49:51.379+0000] {dag.py:4180} INFO - Setting next_dagrun for conditional_dataset_and_time_based_timetable to 2024-10-02 01:00:00+00:00, run_after=2024-10-02 01:00:00+00:00
[2024-10-02T01:49:51.381+0000] {logging_mixin.py:190} INFO - [2024-10-02T01:49:51.381+0000] {dag.py:4180} INFO - Setting next_dagrun for consume_1_and_2_with_dataset_expressions to None, run_after=None
[2024-10-02T01:49:51.381+0000] {logging_mixin.py:190} INFO - [2024-10-02T01:49:51.381+0000] {dag.py:4180} INFO - Setting next_dagrun for consume_1_or_2_with_dataset_expressions to None, run_after=None
[2024-10-02T01:49:51.382+0000] {logging_mixin.py:190} INFO - [2024-10-02T01:49:51.382+0000] {dag.py:4180} INFO - Setting next_dagrun for consume_1_or_both_2_and_3_with_dataset_expressions to None, run_after=None
[2024-10-02T01:49:51.382+0000] {logging_mixin.py:190} INFO - [2024-10-02T01:49:51.382+0000] {dag.py:4180} INFO - Setting next_dagrun for dataset_consumes_1 to None, run_after=None
[2024-10-02T01:49:51.382+0000] {logging_mixin.py:190} INFO - [2024-10-02T01:49:51.382+0000] {dag.py:4180} INFO - Setting next_dagrun for dataset_consumes_1_and_2 to None, run_after=None
[2024-10-02T01:49:51.383+0000] {logging_mixin.py:190} INFO - [2024-10-02T01:49:51.383+0000] {dag.py:4180} INFO - Setting next_dagrun for dataset_consumes_1_never_scheduled to None, run_after=None
[2024-10-02T01:49:51.383+0000] {logging_mixin.py:190} INFO - [2024-10-02T01:49:51.383+0000] {dag.py:4180} INFO - Setting next_dagrun for dataset_consumes_unknown_never_scheduled to None, run_after=None
[2024-10-02T01:49:51.384+0000] {logging_mixin.py:190} INFO - [2024-10-02T01:49:51.384+0000] {dag.py:4180} INFO - Setting next_dagrun for dataset_produces_1 to 2024-10-01 00:00:00+00:00, run_after=2024-10-02 00:00:00+00:00
[2024-10-02T01:49:51.384+0000] {logging_mixin.py:190} INFO - [2024-10-02T01:49:51.384+0000] {dag.py:4180} INFO - Setting next_dagrun for dataset_produces_2 to None, run_after=None
[2024-10-02T01:49:51.398+0000] {processor.py:208} INFO - Processing /home/airflow/.local/lib/python3.12/site-packages/airflow/example_dags/example_datasets.py took 0.111 seconds
[2024-10-02T01:50:21.689+0000] {processor.py:186} INFO - Started process (PID=305) to work on /home/airflow/.local/lib/python3.12/site-packages/airflow/example_dags/example_datasets.py
[2024-10-02T01:50:21.689+0000] {processor.py:914} INFO - Processing file /home/airflow/.local/lib/python3.12/site-packages/airflow/example_dags/example_datasets.py for tasks to queue
[2024-10-02T01:50:21.690+0000] {logging_mixin.py:190} INFO - [2024-10-02T01:50:21.690+0000] {dagbag.py:588} INFO - Filling up the DagBag from /home/airflow/.local/lib/python3.12/site-packages/airflow/example_dags/example_datasets.py
[2024-10-02T01:50:21.764+0000] {processor.py:925} INFO - DAG(s) 'dataset_produces_1', 'consume_1_and_2_with_dataset_expressions', 'consume_1_or_both_2_and_3_with_dataset_expressions', 'dataset_consumes_1_never_scheduled', 'dataset_consumes_1_and_2', 'consume_1_or_2_with_dataset_expressions', 'dataset_produces_2', 'dataset_consumes_1', 'dataset_consumes_unknown_never_scheduled', 'conditional_dataset_and_time_based_timetable' retrieved from /home/airflow/.local/lib/python3.12/site-packages/airflow/example_dags/example_datasets.py
[2024-10-02T01:50:21.782+0000] {logging_mixin.py:190} INFO - [2024-10-02T01:50:21.782+0000] {dag.py:3239} INFO - Sync 10 DAGs
[2024-10-02T01:50:21.795+0000] {logging_mixin.py:190} INFO - [2024-10-02T01:50:21.794+0000] {dag.py:4180} INFO - Setting next_dagrun for conditional_dataset_and_time_based_timetable to 2024-10-02 01:00:00+00:00, run_after=2024-10-02 01:00:00+00:00
[2024-10-02T01:50:21.797+0000] {logging_mixin.py:190} INFO - [2024-10-02T01:50:21.796+0000] {dag.py:4180} INFO - Setting next_dagrun for consume_1_and_2_with_dataset_expressions to None, run_after=None
[2024-10-02T01:50:21.797+0000] {logging_mixin.py:190} INFO - [2024-10-02T01:50:21.797+0000] {dag.py:4180} INFO - Setting next_dagrun for consume_1_or_2_with_dataset_expressions to None, run_after=None
[2024-10-02T01:50:21.798+0000] {logging_mixin.py:190} INFO - [2024-10-02T01:50:21.797+0000] {dag.py:4180} INFO - Setting next_dagrun for consume_1_or_both_2_and_3_with_dataset_expressions to None, run_after=None
[2024-10-02T01:50:21.798+0000] {logging_mixin.py:190} INFO - [2024-10-02T01:50:21.798+0000] {dag.py:4180} INFO - Setting next_dagrun for dataset_consumes_1 to None, run_after=None
[2024-10-02T01:50:21.798+0000] {logging_mixin.py:190} INFO - [2024-10-02T01:50:21.798+0000] {dag.py:4180} INFO - Setting next_dagrun for dataset_consumes_1_and_2 to None, run_after=None
[2024-10-02T01:50:21.799+0000] {logging_mixin.py:190} INFO - [2024-10-02T01:50:21.799+0000] {dag.py:4180} INFO - Setting next_dagrun for dataset_consumes_1_never_scheduled to None, run_after=None
[2024-10-02T01:50:21.799+0000] {logging_mixin.py:190} INFO - [2024-10-02T01:50:21.799+0000] {dag.py:4180} INFO - Setting next_dagrun for dataset_consumes_unknown_never_scheduled to None, run_after=None
[2024-10-02T01:50:21.800+0000] {logging_mixin.py:190} INFO - [2024-10-02T01:50:21.800+0000] {dag.py:4180} INFO - Setting next_dagrun for dataset_produces_1 to 2024-10-01 00:00:00+00:00, run_after=2024-10-02 00:00:00+00:00
[2024-10-02T01:50:21.800+0000] {logging_mixin.py:190} INFO - [2024-10-02T01:50:21.800+0000] {dag.py:4180} INFO - Setting next_dagrun for dataset_produces_2 to None, run_after=None
[2024-10-02T01:50:21.814+0000] {processor.py:208} INFO - Processing /home/airflow/.local/lib/python3.12/site-packages/airflow/example_dags/example_datasets.py took 0.129 seconds
[2024-10-02T01:50:51.920+0000] {processor.py:186} INFO - Started process (PID=367) to work on /home/airflow/.local/lib/python3.12/site-packages/airflow/example_dags/example_datasets.py
[2024-10-02T01:50:51.921+0000] {processor.py:914} INFO - Processing file /home/airflow/.local/lib/python3.12/site-packages/airflow/example_dags/example_datasets.py for tasks to queue
[2024-10-02T01:50:51.922+0000] {logging_mixin.py:190} INFO - [2024-10-02T01:50:51.922+0000] {dagbag.py:588} INFO - Filling up the DagBag from /home/airflow/.local/lib/python3.12/site-packages/airflow/example_dags/example_datasets.py
[2024-10-02T01:50:51.996+0000] {processor.py:925} INFO - DAG(s) 'consume_1_and_2_with_dataset_expressions', 'dataset_consumes_unknown_never_scheduled', 'dataset_consumes_1_never_scheduled', 'dataset_produces_2', 'consume_1_or_both_2_and_3_with_dataset_expressions', 'dataset_consumes_1_and_2', 'dataset_produces_1', 'conditional_dataset_and_time_based_timetable', 'consume_1_or_2_with_dataset_expressions', 'dataset_consumes_1' retrieved from /home/airflow/.local/lib/python3.12/site-packages/airflow/example_dags/example_datasets.py
[2024-10-02T01:50:52.015+0000] {logging_mixin.py:190} INFO - [2024-10-02T01:50:52.015+0000] {dag.py:3239} INFO - Sync 10 DAGs
[2024-10-02T01:50:52.028+0000] {logging_mixin.py:190} INFO - [2024-10-02T01:50:52.028+0000] {dag.py:4180} INFO - Setting next_dagrun for conditional_dataset_and_time_based_timetable to 2024-10-02 01:00:00+00:00, run_after=2024-10-02 01:00:00+00:00
[2024-10-02T01:50:52.030+0000] {logging_mixin.py:190} INFO - [2024-10-02T01:50:52.030+0000] {dag.py:4180} INFO - Setting next_dagrun for consume_1_and_2_with_dataset_expressions to None, run_after=None
[2024-10-02T01:50:52.030+0000] {logging_mixin.py:190} INFO - [2024-10-02T01:50:52.030+0000] {dag.py:4180} INFO - Setting next_dagrun for consume_1_or_2_with_dataset_expressions to None, run_after=None
[2024-10-02T01:50:52.030+0000] {logging_mixin.py:190} INFO - [2024-10-02T01:50:52.030+0000] {dag.py:4180} INFO - Setting next_dagrun for consume_1_or_both_2_and_3_with_dataset_expressions to None, run_after=None
[2024-10-02T01:50:52.031+0000] {logging_mixin.py:190} INFO - [2024-10-02T01:50:52.031+0000] {dag.py:4180} INFO - Setting next_dagrun for dataset_consumes_1 to None, run_after=None
[2024-10-02T01:50:52.031+0000] {logging_mixin.py:190} INFO - [2024-10-02T01:50:52.031+0000] {dag.py:4180} INFO - Setting next_dagrun for dataset_consumes_1_and_2 to None, run_after=None
[2024-10-02T01:50:52.032+0000] {logging_mixin.py:190} INFO - [2024-10-02T01:50:52.032+0000] {dag.py:4180} INFO - Setting next_dagrun for dataset_consumes_1_never_scheduled to None, run_after=None
[2024-10-02T01:50:52.032+0000] {logging_mixin.py:190} INFO - [2024-10-02T01:50:52.032+0000] {dag.py:4180} INFO - Setting next_dagrun for dataset_consumes_unknown_never_scheduled to None, run_after=None
[2024-10-02T01:50:52.033+0000] {logging_mixin.py:190} INFO - [2024-10-02T01:50:52.033+0000] {dag.py:4180} INFO - Setting next_dagrun for dataset_produces_1 to 2024-10-01 00:00:00+00:00, run_after=2024-10-02 00:00:00+00:00
[2024-10-02T01:50:52.034+0000] {logging_mixin.py:190} INFO - [2024-10-02T01:50:52.033+0000] {dag.py:4180} INFO - Setting next_dagrun for dataset_produces_2 to None, run_after=None
[2024-10-02T01:50:52.048+0000] {processor.py:208} INFO - Processing /home/airflow/.local/lib/python3.12/site-packages/airflow/example_dags/example_datasets.py took 0.131 seconds
[2024-10-02T01:51:22.147+0000] {processor.py:186} INFO - Started process (PID=429) to work on /home/airflow/.local/lib/python3.12/site-packages/airflow/example_dags/example_datasets.py
[2024-10-02T01:51:22.147+0000] {processor.py:914} INFO - Processing file /home/airflow/.local/lib/python3.12/site-packages/airflow/example_dags/example_datasets.py for tasks to queue
[2024-10-02T01:51:22.148+0000] {logging_mixin.py:190} INFO - [2024-10-02T01:51:22.148+0000] {dagbag.py:588} INFO - Filling up the DagBag from /home/airflow/.local/lib/python3.12/site-packages/airflow/example_dags/example_datasets.py
[2024-10-02T01:51:22.217+0000] {processor.py:925} INFO - DAG(s) 'conditional_dataset_and_time_based_timetable', 'dataset_consumes_unknown_never_scheduled', 'consume_1_and_2_with_dataset_expressions', 'consume_1_or_2_with_dataset_expressions', 'dataset_consumes_1_never_scheduled', 'dataset_consumes_1_and_2', 'consume_1_or_both_2_and_3_with_dataset_expressions', 'dataset_consumes_1', 'dataset_produces_1', 'dataset_produces_2' retrieved from /home/airflow/.local/lib/python3.12/site-packages/airflow/example_dags/example_datasets.py
[2024-10-02T01:51:22.234+0000] {logging_mixin.py:190} INFO - [2024-10-02T01:51:22.234+0000] {dag.py:3239} INFO - Sync 10 DAGs
[2024-10-02T01:51:22.245+0000] {logging_mixin.py:190} INFO - [2024-10-02T01:51:22.245+0000] {dag.py:4180} INFO - Setting next_dagrun for conditional_dataset_and_time_based_timetable to 2024-10-02 01:00:00+00:00, run_after=2024-10-02 01:00:00+00:00
[2024-10-02T01:51:22.247+0000] {logging_mixin.py:190} INFO - [2024-10-02T01:51:22.246+0000] {dag.py:4180} INFO - Setting next_dagrun for consume_1_and_2_with_dataset_expressions to None, run_after=None
[2024-10-02T01:51:22.247+0000] {logging_mixin.py:190} INFO - [2024-10-02T01:51:22.247+0000] {dag.py:4180} INFO - Setting next_dagrun for consume_1_or_2_with_dataset_expressions to None, run_after=None
[2024-10-02T01:51:22.247+0000] {logging_mixin.py:190} INFO - [2024-10-02T01:51:22.247+0000] {dag.py:4180} INFO - Setting next_dagrun for consume_1_or_both_2_and_3_with_dataset_expressions to None, run_after=None
[2024-10-02T01:51:22.248+0000] {logging_mixin.py:190} INFO - [2024-10-02T01:51:22.248+0000] {dag.py:4180} INFO - Setting next_dagrun for dataset_consumes_1 to None, run_after=None
[2024-10-02T01:51:22.248+0000] {logging_mixin.py:190} INFO - [2024-10-02T01:51:22.248+0000] {dag.py:4180} INFO - Setting next_dagrun for dataset_consumes_1_and_2 to None, run_after=None
[2024-10-02T01:51:22.248+0000] {logging_mixin.py:190} INFO - [2024-10-02T01:51:22.248+0000] {dag.py:4180} INFO - Setting next_dagrun for dataset_consumes_1_never_scheduled to None, run_after=None
[2024-10-02T01:51:22.249+0000] {logging_mixin.py:190} INFO - [2024-10-02T01:51:22.249+0000] {dag.py:4180} INFO - Setting next_dagrun for dataset_consumes_unknown_never_scheduled to None, run_after=None
[2024-10-02T01:51:22.249+0000] {logging_mixin.py:190} INFO - [2024-10-02T01:51:22.249+0000] {dag.py:4180} INFO - Setting next_dagrun for dataset_produces_1 to 2024-10-01 00:00:00+00:00, run_after=2024-10-02 00:00:00+00:00
[2024-10-02T01:51:22.250+0000] {logging_mixin.py:190} INFO - [2024-10-02T01:51:22.250+0000] {dag.py:4180} INFO - Setting next_dagrun for dataset_produces_2 to None, run_after=None
[2024-10-02T01:51:22.262+0000] {processor.py:208} INFO - Processing /home/airflow/.local/lib/python3.12/site-packages/airflow/example_dags/example_datasets.py took 0.118 seconds
[2024-10-02T01:51:52.403+0000] {processor.py:186} INFO - Started process (PID=491) to work on /home/airflow/.local/lib/python3.12/site-packages/airflow/example_dags/example_datasets.py
[2024-10-02T01:51:52.403+0000] {processor.py:914} INFO - Processing file /home/airflow/.local/lib/python3.12/site-packages/airflow/example_dags/example_datasets.py for tasks to queue
[2024-10-02T01:51:52.404+0000] {logging_mixin.py:190} INFO - [2024-10-02T01:51:52.404+0000] {dagbag.py:588} INFO - Filling up the DagBag from /home/airflow/.local/lib/python3.12/site-packages/airflow/example_dags/example_datasets.py
[2024-10-02T01:51:52.483+0000] {processor.py:925} INFO - DAG(s) 'dataset_consumes_1', 'dataset_consumes_unknown_never_scheduled', 'consume_1_or_both_2_and_3_with_dataset_expressions', 'dataset_produces_2', 'dataset_produces_1', 'consume_1_or_2_with_dataset_expressions', 'dataset_consumes_1_and_2', 'consume_1_and_2_with_dataset_expressions', 'conditional_dataset_and_time_based_timetable', 'dataset_consumes_1_never_scheduled' retrieved from /home/airflow/.local/lib/python3.12/site-packages/airflow/example_dags/example_datasets.py
[2024-10-02T01:51:52.502+0000] {logging_mixin.py:190} INFO - [2024-10-02T01:51:52.502+0000] {dag.py:3239} INFO - Sync 10 DAGs
[2024-10-02T01:51:52.515+0000] {logging_mixin.py:190} INFO - [2024-10-02T01:51:52.515+0000] {dag.py:4180} INFO - Setting next_dagrun for conditional_dataset_and_time_based_timetable to 2024-10-02 01:00:00+00:00, run_after=2024-10-02 01:00:00+00:00
[2024-10-02T01:51:52.517+0000] {logging_mixin.py:190} INFO - [2024-10-02T01:51:52.517+0000] {dag.py:4180} INFO - Setting next_dagrun for consume_1_and_2_with_dataset_expressions to None, run_after=None
[2024-10-02T01:51:52.518+0000] {logging_mixin.py:190} INFO - [2024-10-02T01:51:52.518+0000] {dag.py:4180} INFO - Setting next_dagrun for consume_1_or_2_with_dataset_expressions to None, run_after=None
[2024-10-02T01:51:52.518+0000] {logging_mixin.py:190} INFO - [2024-10-02T01:51:52.518+0000] {dag.py:4180} INFO - Setting next_dagrun for consume_1_or_both_2_and_3_with_dataset_expressions to None, run_after=None
[2024-10-02T01:51:52.519+0000] {logging_mixin.py:190} INFO - [2024-10-02T01:51:52.519+0000] {dag.py:4180} INFO - Setting next_dagrun for dataset_consumes_1 to None, run_after=None
[2024-10-02T01:51:52.519+0000] {logging_mixin.py:190} INFO - [2024-10-02T01:51:52.519+0000] {dag.py:4180} INFO - Setting next_dagrun for dataset_consumes_1_and_2 to None, run_after=None
[2024-10-02T01:51:52.520+0000] {logging_mixin.py:190} INFO - [2024-10-02T01:51:52.520+0000] {dag.py:4180} INFO - Setting next_dagrun for dataset_consumes_1_never_scheduled to None, run_after=None
[2024-10-02T01:51:52.520+0000] {logging_mixin.py:190} INFO - [2024-10-02T01:51:52.520+0000] {dag.py:4180} INFO - Setting next_dagrun for dataset_consumes_unknown_never_scheduled to None, run_after=None
[2024-10-02T01:51:52.521+0000] {logging_mixin.py:190} INFO - [2024-10-02T01:51:52.521+0000] {dag.py:4180} INFO - Setting next_dagrun for dataset_produces_1 to 2024-10-01 00:00:00+00:00, run_after=2024-10-02 00:00:00+00:00
[2024-10-02T01:51:52.521+0000] {logging_mixin.py:190} INFO - [2024-10-02T01:51:52.521+0000] {dag.py:4180} INFO - Setting next_dagrun for dataset_produces_2 to None, run_after=None
[2024-10-02T01:51:52.539+0000] {processor.py:208} INFO - Processing /home/airflow/.local/lib/python3.12/site-packages/airflow/example_dags/example_datasets.py took 0.140 seconds
[2024-10-02T01:52:22.585+0000] {processor.py:186} INFO - Started process (PID=553) to work on /home/airflow/.local/lib/python3.12/site-packages/airflow/example_dags/example_datasets.py
[2024-10-02T01:52:22.586+0000] {processor.py:914} INFO - Processing file /home/airflow/.local/lib/python3.12/site-packages/airflow/example_dags/example_datasets.py for tasks to queue
[2024-10-02T01:52:22.587+0000] {logging_mixin.py:190} INFO - [2024-10-02T01:52:22.587+0000] {dagbag.py:588} INFO - Filling up the DagBag from /home/airflow/.local/lib/python3.12/site-packages/airflow/example_dags/example_datasets.py
[2024-10-02T01:52:22.659+0000] {processor.py:925} INFO - DAG(s) 'consume_1_or_2_with_dataset_expressions', 'dataset_consumes_1_never_scheduled', 'consume_1_and_2_with_dataset_expressions', 'consume_1_or_both_2_and_3_with_dataset_expressions', 'dataset_produces_2', 'conditional_dataset_and_time_based_timetable', 'dataset_produces_1', 'dataset_consumes_1', 'dataset_consumes_1_and_2', 'dataset_consumes_unknown_never_scheduled' retrieved from /home/airflow/.local/lib/python3.12/site-packages/airflow/example_dags/example_datasets.py
[2024-10-02T01:52:22.678+0000] {logging_mixin.py:190} INFO - [2024-10-02T01:52:22.678+0000] {dag.py:3239} INFO - Sync 10 DAGs
[2024-10-02T01:52:22.690+0000] {logging_mixin.py:190} INFO - [2024-10-02T01:52:22.690+0000] {dag.py:4180} INFO - Setting next_dagrun for conditional_dataset_and_time_based_timetable to 2024-10-02 01:00:00+00:00, run_after=2024-10-02 01:00:00+00:00
[2024-10-02T01:52:22.691+0000] {logging_mixin.py:190} INFO - [2024-10-02T01:52:22.691+0000] {dag.py:4180} INFO - Setting next_dagrun for consume_1_and_2_with_dataset_expressions to None, run_after=None
[2024-10-02T01:52:22.692+0000] {logging_mixin.py:190} INFO - [2024-10-02T01:52:22.692+0000] {dag.py:4180} INFO - Setting next_dagrun for consume_1_or_2_with_dataset_expressions to None, run_after=None
[2024-10-02T01:52:22.692+0000] {logging_mixin.py:190} INFO - [2024-10-02T01:52:22.692+0000] {dag.py:4180} INFO - Setting next_dagrun for consume_1_or_both_2_and_3_with_dataset_expressions to None, run_after=None
[2024-10-02T01:52:22.693+0000] {logging_mixin.py:190} INFO - [2024-10-02T01:52:22.693+0000] {dag.py:4180} INFO - Setting next_dagrun for dataset_consumes_1 to None, run_after=None
[2024-10-02T01:52:22.693+0000] {logging_mixin.py:190} INFO - [2024-10-02T01:52:22.693+0000] {dag.py:4180} INFO - Setting next_dagrun for dataset_consumes_1_and_2 to None, run_after=None
[2024-10-02T01:52:22.693+0000] {logging_mixin.py:190} INFO - [2024-10-02T01:52:22.693+0000] {dag.py:4180} INFO - Setting next_dagrun for dataset_consumes_1_never_scheduled to None, run_after=None
[2024-10-02T01:52:22.694+0000] {logging_mixin.py:190} INFO - [2024-10-02T01:52:22.694+0000] {dag.py:4180} INFO - Setting next_dagrun for dataset_consumes_unknown_never_scheduled to None, run_after=None
[2024-10-02T01:52:22.694+0000] {logging_mixin.py:190} INFO - [2024-10-02T01:52:22.694+0000] {dag.py:4180} INFO - Setting next_dagrun for dataset_produces_1 to 2024-10-01 00:00:00+00:00, run_after=2024-10-02 00:00:00+00:00
[2024-10-02T01:52:22.695+0000] {logging_mixin.py:190} INFO - [2024-10-02T01:52:22.695+0000] {dag.py:4180} INFO - Setting next_dagrun for dataset_produces_2 to None, run_after=None
[2024-10-02T01:52:22.708+0000] {processor.py:208} INFO - Processing /home/airflow/.local/lib/python3.12/site-packages/airflow/example_dags/example_datasets.py took 0.127 seconds
[2024-10-02T01:52:52.863+0000] {processor.py:186} INFO - Started process (PID=615) to work on /home/airflow/.local/lib/python3.12/site-packages/airflow/example_dags/example_datasets.py
[2024-10-02T01:52:52.863+0000] {processor.py:914} INFO - Processing file /home/airflow/.local/lib/python3.12/site-packages/airflow/example_dags/example_datasets.py for tasks to queue
[2024-10-02T01:52:52.864+0000] {logging_mixin.py:190} INFO - [2024-10-02T01:52:52.864+0000] {dagbag.py:588} INFO - Filling up the DagBag from /home/airflow/.local/lib/python3.12/site-packages/airflow/example_dags/example_datasets.py
[2024-10-02T01:52:52.929+0000] {processor.py:925} INFO - DAG(s) 'consume_1_and_2_with_dataset_expressions', 'dataset_consumes_1_and_2', 'conditional_dataset_and_time_based_timetable', 'dataset_consumes_1', 'dataset_consumes_1_never_scheduled', 'dataset_consumes_unknown_never_scheduled', 'dataset_produces_2', 'dataset_produces_1', 'consume_1_or_both_2_and_3_with_dataset_expressions', 'consume_1_or_2_with_dataset_expressions' retrieved from /home/airflow/.local/lib/python3.12/site-packages/airflow/example_dags/example_datasets.py
[2024-10-02T01:52:52.944+0000] {logging_mixin.py:190} INFO - [2024-10-02T01:52:52.944+0000] {dag.py:3239} INFO - Sync 10 DAGs
[2024-10-02T01:52:52.955+0000] {logging_mixin.py:190} INFO - [2024-10-02T01:52:52.955+0000] {dag.py:4180} INFO - Setting next_dagrun for conditional_dataset_and_time_based_timetable to 2024-10-02 01:00:00+00:00, run_after=2024-10-02 01:00:00+00:00
[2024-10-02T01:52:52.957+0000] {logging_mixin.py:190} INFO - [2024-10-02T01:52:52.957+0000] {dag.py:4180} INFO - Setting next_dagrun for consume_1_and_2_with_dataset_expressions to None, run_after=None
[2024-10-02T01:52:52.957+0000] {logging_mixin.py:190} INFO - [2024-10-02T01:52:52.957+0000] {dag.py:4180} INFO - Setting next_dagrun for consume_1_or_2_with_dataset_expressions to None, run_after=None
[2024-10-02T01:52:52.958+0000] {logging_mixin.py:190} INFO - [2024-10-02T01:52:52.958+0000] {dag.py:4180} INFO - Setting next_dagrun for consume_1_or_both_2_and_3_with_dataset_expressions to None, run_after=None
[2024-10-02T01:52:52.958+0000] {logging_mixin.py:190} INFO - [2024-10-02T01:52:52.958+0000] {dag.py:4180} INFO - Setting next_dagrun for dataset_consumes_1 to None, run_after=None
[2024-10-02T01:52:52.958+0000] {logging_mixin.py:190} INFO - [2024-10-02T01:52:52.958+0000] {dag.py:4180} INFO - Setting next_dagrun for dataset_consumes_1_and_2 to None, run_after=None
[2024-10-02T01:52:52.959+0000] {logging_mixin.py:190} INFO - [2024-10-02T01:52:52.959+0000] {dag.py:4180} INFO - Setting next_dagrun for dataset_consumes_1_never_scheduled to None, run_after=None
[2024-10-02T01:52:52.959+0000] {logging_mixin.py:190} INFO - [2024-10-02T01:52:52.959+0000] {dag.py:4180} INFO - Setting next_dagrun for dataset_consumes_unknown_never_scheduled to None, run_after=None
[2024-10-02T01:52:52.960+0000] {logging_mixin.py:190} INFO - [2024-10-02T01:52:52.960+0000] {dag.py:4180} INFO - Setting next_dagrun for dataset_produces_1 to 2024-10-01 00:00:00+00:00, run_after=2024-10-02 00:00:00+00:00
[2024-10-02T01:52:52.960+0000] {logging_mixin.py:190} INFO - [2024-10-02T01:52:52.960+0000] {dag.py:4180} INFO - Setting next_dagrun for dataset_produces_2 to None, run_after=None
[2024-10-02T01:52:52.972+0000] {processor.py:208} INFO - Processing /home/airflow/.local/lib/python3.12/site-packages/airflow/example_dags/example_datasets.py took 0.112 seconds
