[2024-10-02T01:48:20.794+0000] {processor.py:186} INFO - Started process (PID=63) to work on /home/airflow/.local/lib/python3.12/site-packages/airflow/example_dags/example_kubernetes_executor.py
[2024-10-02T01:48:20.794+0000] {processor.py:914} INFO - Processing file /home/airflow/.local/lib/python3.12/site-packages/airflow/example_dags/example_kubernetes_executor.py for tasks to queue
[2024-10-02T01:48:20.795+0000] {logging_mixin.py:190} INFO - [2024-10-02T01:48:20.795+0000] {dagbag.py:588} INFO - Filling up the DagBag from /home/airflow/.local/lib/python3.12/site-packages/airflow/example_dags/example_kubernetes_executor.py
[2024-10-02T01:48:20.803+0000] {processor.py:925} INFO - DAG(s) 'example_kubernetes_executor' retrieved from /home/airflow/.local/lib/python3.12/site-packages/airflow/example_dags/example_kubernetes_executor.py
[2024-10-02T01:48:20.870+0000] {logging_mixin.py:190} INFO - [2024-10-02T01:48:20.869+0000] {override.py:1900} INFO - Created Permission View: can delete on DAG:example_kubernetes_executor
[2024-10-02T01:48:20.879+0000] {logging_mixin.py:190} INFO - [2024-10-02T01:48:20.879+0000] {override.py:1900} INFO - Created Permission View: can read on DAG:example_kubernetes_executor
[2024-10-02T01:48:20.883+0000] {logging_mixin.py:190} INFO - [2024-10-02T01:48:20.883+0000] {override.py:1900} INFO - Created Permission View: can edit on DAG:example_kubernetes_executor
[2024-10-02T01:48:20.889+0000] {logging_mixin.py:190} INFO - [2024-10-02T01:48:20.888+0000] {override.py:1900} INFO - Created Permission View: can delete on DAG Run:example_kubernetes_executor
[2024-10-02T01:48:20.893+0000] {logging_mixin.py:190} INFO - [2024-10-02T01:48:20.893+0000] {override.py:1900} INFO - Created Permission View: can create on DAG Run:example_kubernetes_executor
[2024-10-02T01:48:20.901+0000] {logging_mixin.py:190} INFO - [2024-10-02T01:48:20.901+0000] {override.py:1900} INFO - Created Permission View: can read on DAG Run:example_kubernetes_executor
[2024-10-02T01:48:20.906+0000] {logging_mixin.py:190} INFO - [2024-10-02T01:48:20.906+0000] {override.py:1900} INFO - Created Permission View: menu access on DAG Run:example_kubernetes_executor
[2024-10-02T01:48:20.906+0000] {logging_mixin.py:190} INFO - [2024-10-02T01:48:20.906+0000] {dag.py:3239} INFO - Sync 1 DAGs
[2024-10-02T01:48:20.913+0000] {logging_mixin.py:190} INFO - [2024-10-02T01:48:20.913+0000] {dag.py:3262} INFO - Creating ORM DAG for example_kubernetes_executor
[2024-10-02T01:48:20.913+0000] {logging_mixin.py:190} INFO - [2024-10-02T01:48:20.913+0000] {dag.py:4180} INFO - Setting next_dagrun for example_kubernetes_executor to None, run_after=None
[2024-10-02T01:48:20.923+0000] {processor.py:208} INFO - Processing /home/airflow/.local/lib/python3.12/site-packages/airflow/example_dags/example_kubernetes_executor.py took 0.133 seconds
[2024-10-02T01:48:51.055+0000] {processor.py:186} INFO - Started process (PID=125) to work on /home/airflow/.local/lib/python3.12/site-packages/airflow/example_dags/example_kubernetes_executor.py
[2024-10-02T01:48:51.055+0000] {processor.py:914} INFO - Processing file /home/airflow/.local/lib/python3.12/site-packages/airflow/example_dags/example_kubernetes_executor.py for tasks to queue
[2024-10-02T01:48:51.057+0000] {logging_mixin.py:190} INFO - [2024-10-02T01:48:51.056+0000] {dagbag.py:588} INFO - Filling up the DagBag from /home/airflow/.local/lib/python3.12/site-packages/airflow/example_dags/example_kubernetes_executor.py
[2024-10-02T01:48:51.064+0000] {processor.py:925} INFO - DAG(s) 'example_kubernetes_executor' retrieved from /home/airflow/.local/lib/python3.12/site-packages/airflow/example_dags/example_kubernetes_executor.py
[2024-10-02T01:48:51.081+0000] {logging_mixin.py:190} INFO - [2024-10-02T01:48:51.081+0000] {dag.py:3239} INFO - Sync 1 DAGs
[2024-10-02T01:48:51.087+0000] {logging_mixin.py:190} INFO - [2024-10-02T01:48:51.086+0000] {dag.py:4180} INFO - Setting next_dagrun for example_kubernetes_executor to None, run_after=None
[2024-10-02T01:48:51.097+0000] {processor.py:208} INFO - Processing /home/airflow/.local/lib/python3.12/site-packages/airflow/example_dags/example_kubernetes_executor.py took 0.045 seconds
[2024-10-02T01:49:21.314+0000] {processor.py:186} INFO - Started process (PID=187) to work on /home/airflow/.local/lib/python3.12/site-packages/airflow/example_dags/example_kubernetes_executor.py
[2024-10-02T01:49:21.315+0000] {processor.py:914} INFO - Processing file /home/airflow/.local/lib/python3.12/site-packages/airflow/example_dags/example_kubernetes_executor.py for tasks to queue
[2024-10-02T01:49:21.316+0000] {logging_mixin.py:190} INFO - [2024-10-02T01:49:21.316+0000] {dagbag.py:588} INFO - Filling up the DagBag from /home/airflow/.local/lib/python3.12/site-packages/airflow/example_dags/example_kubernetes_executor.py
[2024-10-02T01:49:21.322+0000] {processor.py:925} INFO - DAG(s) 'example_kubernetes_executor' retrieved from /home/airflow/.local/lib/python3.12/site-packages/airflow/example_dags/example_kubernetes_executor.py
[2024-10-02T01:49:21.338+0000] {logging_mixin.py:190} INFO - [2024-10-02T01:49:21.338+0000] {dag.py:3239} INFO - Sync 1 DAGs
[2024-10-02T01:49:21.344+0000] {logging_mixin.py:190} INFO - [2024-10-02T01:49:21.344+0000] {dag.py:4180} INFO - Setting next_dagrun for example_kubernetes_executor to None, run_after=None
[2024-10-02T01:49:21.354+0000] {processor.py:208} INFO - Processing /home/airflow/.local/lib/python3.12/site-packages/airflow/example_dags/example_kubernetes_executor.py took 0.043 seconds
[2024-10-02T01:49:51.603+0000] {processor.py:186} INFO - Started process (PID=249) to work on /home/airflow/.local/lib/python3.12/site-packages/airflow/example_dags/example_kubernetes_executor.py
[2024-10-02T01:49:51.604+0000] {processor.py:914} INFO - Processing file /home/airflow/.local/lib/python3.12/site-packages/airflow/example_dags/example_kubernetes_executor.py for tasks to queue
[2024-10-02T01:49:51.605+0000] {logging_mixin.py:190} INFO - [2024-10-02T01:49:51.605+0000] {dagbag.py:588} INFO - Filling up the DagBag from /home/airflow/.local/lib/python3.12/site-packages/airflow/example_dags/example_kubernetes_executor.py
[2024-10-02T01:49:51.611+0000] {processor.py:925} INFO - DAG(s) 'example_kubernetes_executor' retrieved from /home/airflow/.local/lib/python3.12/site-packages/airflow/example_dags/example_kubernetes_executor.py
[2024-10-02T01:49:51.626+0000] {logging_mixin.py:190} INFO - [2024-10-02T01:49:51.625+0000] {dag.py:3239} INFO - Sync 1 DAGs
[2024-10-02T01:49:51.631+0000] {logging_mixin.py:190} INFO - [2024-10-02T01:49:51.631+0000] {dag.py:4180} INFO - Setting next_dagrun for example_kubernetes_executor to None, run_after=None
[2024-10-02T01:49:51.639+0000] {processor.py:208} INFO - Processing /home/airflow/.local/lib/python3.12/site-packages/airflow/example_dags/example_kubernetes_executor.py took 0.038 seconds
[2024-10-02T01:50:21.971+0000] {processor.py:186} INFO - Started process (PID=311) to work on /home/airflow/.local/lib/python3.12/site-packages/airflow/example_dags/example_kubernetes_executor.py
[2024-10-02T01:50:21.972+0000] {processor.py:914} INFO - Processing file /home/airflow/.local/lib/python3.12/site-packages/airflow/example_dags/example_kubernetes_executor.py for tasks to queue
[2024-10-02T01:50:21.973+0000] {logging_mixin.py:190} INFO - [2024-10-02T01:50:21.973+0000] {dagbag.py:588} INFO - Filling up the DagBag from /home/airflow/.local/lib/python3.12/site-packages/airflow/example_dags/example_kubernetes_executor.py
[2024-10-02T01:50:21.980+0000] {processor.py:925} INFO - DAG(s) 'example_kubernetes_executor' retrieved from /home/airflow/.local/lib/python3.12/site-packages/airflow/example_dags/example_kubernetes_executor.py
[2024-10-02T01:50:21.997+0000] {logging_mixin.py:190} INFO - [2024-10-02T01:50:21.997+0000] {dag.py:3239} INFO - Sync 1 DAGs
[2024-10-02T01:50:22.003+0000] {logging_mixin.py:190} INFO - [2024-10-02T01:50:22.003+0000] {dag.py:4180} INFO - Setting next_dagrun for example_kubernetes_executor to None, run_after=None
[2024-10-02T01:50:22.013+0000] {processor.py:208} INFO - Processing /home/airflow/.local/lib/python3.12/site-packages/airflow/example_dags/example_kubernetes_executor.py took 0.044 seconds
[2024-10-02T01:50:52.266+0000] {processor.py:186} INFO - Started process (PID=373) to work on /home/airflow/.local/lib/python3.12/site-packages/airflow/example_dags/example_kubernetes_executor.py
[2024-10-02T01:50:52.267+0000] {processor.py:914} INFO - Processing file /home/airflow/.local/lib/python3.12/site-packages/airflow/example_dags/example_kubernetes_executor.py for tasks to queue
[2024-10-02T01:50:52.268+0000] {logging_mixin.py:190} INFO - [2024-10-02T01:50:52.267+0000] {dagbag.py:588} INFO - Filling up the DagBag from /home/airflow/.local/lib/python3.12/site-packages/airflow/example_dags/example_kubernetes_executor.py
[2024-10-02T01:50:52.275+0000] {processor.py:925} INFO - DAG(s) 'example_kubernetes_executor' retrieved from /home/airflow/.local/lib/python3.12/site-packages/airflow/example_dags/example_kubernetes_executor.py
[2024-10-02T01:50:52.292+0000] {logging_mixin.py:190} INFO - [2024-10-02T01:50:52.292+0000] {dag.py:3239} INFO - Sync 1 DAGs
[2024-10-02T01:50:52.299+0000] {logging_mixin.py:190} INFO - [2024-10-02T01:50:52.299+0000] {dag.py:4180} INFO - Setting next_dagrun for example_kubernetes_executor to None, run_after=None
[2024-10-02T01:50:52.308+0000] {processor.py:208} INFO - Processing /home/airflow/.local/lib/python3.12/site-packages/airflow/example_dags/example_kubernetes_executor.py took 0.045 seconds
[2024-10-02T01:51:22.411+0000] {processor.py:186} INFO - Started process (PID=435) to work on /home/airflow/.local/lib/python3.12/site-packages/airflow/example_dags/example_kubernetes_executor.py
[2024-10-02T01:51:22.411+0000] {processor.py:914} INFO - Processing file /home/airflow/.local/lib/python3.12/site-packages/airflow/example_dags/example_kubernetes_executor.py for tasks to queue
[2024-10-02T01:51:22.413+0000] {logging_mixin.py:190} INFO - [2024-10-02T01:51:22.412+0000] {dagbag.py:588} INFO - Filling up the DagBag from /home/airflow/.local/lib/python3.12/site-packages/airflow/example_dags/example_kubernetes_executor.py
[2024-10-02T01:51:22.419+0000] {processor.py:925} INFO - DAG(s) 'example_kubernetes_executor' retrieved from /home/airflow/.local/lib/python3.12/site-packages/airflow/example_dags/example_kubernetes_executor.py
[2024-10-02T01:51:22.434+0000] {logging_mixin.py:190} INFO - [2024-10-02T01:51:22.434+0000] {dag.py:3239} INFO - Sync 1 DAGs
[2024-10-02T01:51:22.441+0000] {logging_mixin.py:190} INFO - [2024-10-02T01:51:22.441+0000] {dag.py:4180} INFO - Setting next_dagrun for example_kubernetes_executor to None, run_after=None
[2024-10-02T01:51:22.450+0000] {processor.py:208} INFO - Processing /home/airflow/.local/lib/python3.12/site-packages/airflow/example_dags/example_kubernetes_executor.py took 0.042 seconds
[2024-10-02T01:51:52.606+0000] {processor.py:186} INFO - Started process (PID=497) to work on /home/airflow/.local/lib/python3.12/site-packages/airflow/example_dags/example_kubernetes_executor.py
[2024-10-02T01:51:52.607+0000] {processor.py:914} INFO - Processing file /home/airflow/.local/lib/python3.12/site-packages/airflow/example_dags/example_kubernetes_executor.py for tasks to queue
[2024-10-02T01:51:52.608+0000] {logging_mixin.py:190} INFO - [2024-10-02T01:51:52.608+0000] {dagbag.py:588} INFO - Filling up the DagBag from /home/airflow/.local/lib/python3.12/site-packages/airflow/example_dags/example_kubernetes_executor.py
[2024-10-02T01:51:52.614+0000] {processor.py:925} INFO - DAG(s) 'example_kubernetes_executor' retrieved from /home/airflow/.local/lib/python3.12/site-packages/airflow/example_dags/example_kubernetes_executor.py
[2024-10-02T01:51:52.632+0000] {logging_mixin.py:190} INFO - [2024-10-02T01:51:52.631+0000] {dag.py:3239} INFO - Sync 1 DAGs
[2024-10-02T01:51:52.637+0000] {logging_mixin.py:190} INFO - [2024-10-02T01:51:52.637+0000] {dag.py:4180} INFO - Setting next_dagrun for example_kubernetes_executor to None, run_after=None
[2024-10-02T01:51:52.646+0000] {processor.py:208} INFO - Processing /home/airflow/.local/lib/python3.12/site-packages/airflow/example_dags/example_kubernetes_executor.py took 0.043 seconds
[2024-10-02T01:52:22.856+0000] {processor.py:186} INFO - Started process (PID=559) to work on /home/airflow/.local/lib/python3.12/site-packages/airflow/example_dags/example_kubernetes_executor.py
[2024-10-02T01:52:22.857+0000] {processor.py:914} INFO - Processing file /home/airflow/.local/lib/python3.12/site-packages/airflow/example_dags/example_kubernetes_executor.py for tasks to queue
[2024-10-02T01:52:22.858+0000] {logging_mixin.py:190} INFO - [2024-10-02T01:52:22.858+0000] {dagbag.py:588} INFO - Filling up the DagBag from /home/airflow/.local/lib/python3.12/site-packages/airflow/example_dags/example_kubernetes_executor.py
[2024-10-02T01:52:22.865+0000] {processor.py:925} INFO - DAG(s) 'example_kubernetes_executor' retrieved from /home/airflow/.local/lib/python3.12/site-packages/airflow/example_dags/example_kubernetes_executor.py
[2024-10-02T01:52:22.881+0000] {logging_mixin.py:190} INFO - [2024-10-02T01:52:22.881+0000] {dag.py:3239} INFO - Sync 1 DAGs
[2024-10-02T01:52:22.888+0000] {logging_mixin.py:190} INFO - [2024-10-02T01:52:22.888+0000] {dag.py:4180} INFO - Setting next_dagrun for example_kubernetes_executor to None, run_after=None
[2024-10-02T01:52:22.897+0000] {processor.py:208} INFO - Processing /home/airflow/.local/lib/python3.12/site-packages/airflow/example_dags/example_kubernetes_executor.py took 0.044 seconds
[2024-10-02T01:52:53.113+0000] {processor.py:186} INFO - Started process (PID=621) to work on /home/airflow/.local/lib/python3.12/site-packages/airflow/example_dags/example_kubernetes_executor.py
[2024-10-02T01:52:53.114+0000] {processor.py:914} INFO - Processing file /home/airflow/.local/lib/python3.12/site-packages/airflow/example_dags/example_kubernetes_executor.py for tasks to queue
[2024-10-02T01:52:53.116+0000] {logging_mixin.py:190} INFO - [2024-10-02T01:52:53.115+0000] {dagbag.py:588} INFO - Filling up the DagBag from /home/airflow/.local/lib/python3.12/site-packages/airflow/example_dags/example_kubernetes_executor.py
[2024-10-02T01:52:53.124+0000] {processor.py:925} INFO - DAG(s) 'example_kubernetes_executor' retrieved from /home/airflow/.local/lib/python3.12/site-packages/airflow/example_dags/example_kubernetes_executor.py
[2024-10-02T01:52:53.142+0000] {logging_mixin.py:190} INFO - [2024-10-02T01:52:53.142+0000] {dag.py:3239} INFO - Sync 1 DAGs
[2024-10-02T01:52:53.149+0000] {logging_mixin.py:190} INFO - [2024-10-02T01:52:53.149+0000] {dag.py:4180} INFO - Setting next_dagrun for example_kubernetes_executor to None, run_after=None
[2024-10-02T01:52:53.160+0000] {processor.py:208} INFO - Processing /home/airflow/.local/lib/python3.12/site-packages/airflow/example_dags/example_kubernetes_executor.py took 0.050 seconds
