[2024-10-02T01:48:18.645+0000] {processor.py:186} INFO - Started process (PID=46) to work on /home/airflow/.local/lib/python3.12/site-packages/airflow/example_dags/example_bash_operator.py
[2024-10-02T01:48:18.645+0000] {processor.py:914} INFO - Processing file /home/airflow/.local/lib/python3.12/site-packages/airflow/example_dags/example_bash_operator.py for tasks to queue
[2024-10-02T01:48:18.647+0000] {logging_mixin.py:190} INFO - [2024-10-02T01:48:18.647+0000] {dagbag.py:588} INFO - Filling up the DagBag from /home/airflow/.local/lib/python3.12/site-packages/airflow/example_dags/example_bash_operator.py
[2024-10-02T01:48:18.661+0000] {processor.py:925} INFO - DAG(s) 'example_bash_operator' retrieved from /home/airflow/.local/lib/python3.12/site-packages/airflow/example_dags/example_bash_operator.py
[2024-10-02T01:48:18.833+0000] {logging_mixin.py:190} INFO - [2024-10-02T01:48:18.833+0000] {override.py:1900} INFO - Created Permission View: can delete on DAG:example_bash_operator
[2024-10-02T01:48:18.844+0000] {logging_mixin.py:190} INFO - [2024-10-02T01:48:18.844+0000] {override.py:1900} INFO - Created Permission View: can read on DAG:example_bash_operator
[2024-10-02T01:48:18.848+0000] {logging_mixin.py:190} INFO - [2024-10-02T01:48:18.848+0000] {override.py:1900} INFO - Created Permission View: can edit on DAG:example_bash_operator
[2024-10-02T01:48:18.854+0000] {logging_mixin.py:190} INFO - [2024-10-02T01:48:18.854+0000] {override.py:1900} INFO - Created Permission View: can delete on DAG Run:example_bash_operator
[2024-10-02T01:48:18.857+0000] {logging_mixin.py:190} INFO - [2024-10-02T01:48:18.857+0000] {override.py:1900} INFO - Created Permission View: can create on DAG Run:example_bash_operator
[2024-10-02T01:48:18.861+0000] {logging_mixin.py:190} INFO - [2024-10-02T01:48:18.861+0000] {override.py:1900} INFO - Created Permission View: can read on DAG Run:example_bash_operator
[2024-10-02T01:48:18.865+0000] {logging_mixin.py:190} INFO - [2024-10-02T01:48:18.865+0000] {override.py:1900} INFO - Created Permission View: menu access on DAG Run:example_bash_operator
[2024-10-02T01:48:18.865+0000] {logging_mixin.py:190} INFO - [2024-10-02T01:48:18.865+0000] {dag.py:3239} INFO - Sync 1 DAGs
[2024-10-02T01:48:18.875+0000] {logging_mixin.py:190} INFO - [2024-10-02T01:48:18.875+0000] {dag.py:3262} INFO - Creating ORM DAG for example_bash_operator
[2024-10-02T01:48:18.884+0000] {logging_mixin.py:190} INFO - [2024-10-02T01:48:18.883+0000] {dag.py:4180} INFO - Setting next_dagrun for example_bash_operator to 2024-10-01 00:00:00+00:00, run_after=2024-10-02 00:00:00+00:00
[2024-10-02T01:48:18.897+0000] {processor.py:208} INFO - Processing /home/airflow/.local/lib/python3.12/site-packages/airflow/example_dags/example_bash_operator.py took 0.257 seconds
[2024-10-02T01:48:49.211+0000] {processor.py:186} INFO - Started process (PID=108) to work on /home/airflow/.local/lib/python3.12/site-packages/airflow/example_dags/example_bash_operator.py
[2024-10-02T01:48:49.213+0000] {processor.py:914} INFO - Processing file /home/airflow/.local/lib/python3.12/site-packages/airflow/example_dags/example_bash_operator.py for tasks to queue
[2024-10-02T01:48:49.216+0000] {logging_mixin.py:190} INFO - [2024-10-02T01:48:49.215+0000] {dagbag.py:588} INFO - Filling up the DagBag from /home/airflow/.local/lib/python3.12/site-packages/airflow/example_dags/example_bash_operator.py
[2024-10-02T01:48:49.229+0000] {processor.py:925} INFO - DAG(s) 'example_bash_operator' retrieved from /home/airflow/.local/lib/python3.12/site-packages/airflow/example_dags/example_bash_operator.py
[2024-10-02T01:48:49.245+0000] {logging_mixin.py:190} INFO - [2024-10-02T01:48:49.245+0000] {dag.py:3239} INFO - Sync 1 DAGs
[2024-10-02T01:48:49.258+0000] {logging_mixin.py:190} INFO - [2024-10-02T01:48:49.257+0000] {dag.py:4180} INFO - Setting next_dagrun for example_bash_operator to 2024-10-01 00:00:00+00:00, run_after=2024-10-02 00:00:00+00:00
[2024-10-02T01:48:49.268+0000] {processor.py:208} INFO - Processing /home/airflow/.local/lib/python3.12/site-packages/airflow/example_dags/example_bash_operator.py took 0.064 seconds
[2024-10-02T01:49:19.567+0000] {processor.py:186} INFO - Started process (PID=170) to work on /home/airflow/.local/lib/python3.12/site-packages/airflow/example_dags/example_bash_operator.py
[2024-10-02T01:49:19.568+0000] {processor.py:914} INFO - Processing file /home/airflow/.local/lib/python3.12/site-packages/airflow/example_dags/example_bash_operator.py for tasks to queue
[2024-10-02T01:49:19.571+0000] {logging_mixin.py:190} INFO - [2024-10-02T01:49:19.571+0000] {dagbag.py:588} INFO - Filling up the DagBag from /home/airflow/.local/lib/python3.12/site-packages/airflow/example_dags/example_bash_operator.py
[2024-10-02T01:49:19.582+0000] {processor.py:925} INFO - DAG(s) 'example_bash_operator' retrieved from /home/airflow/.local/lib/python3.12/site-packages/airflow/example_dags/example_bash_operator.py
[2024-10-02T01:49:19.599+0000] {logging_mixin.py:190} INFO - [2024-10-02T01:49:19.599+0000] {dag.py:3239} INFO - Sync 1 DAGs
[2024-10-02T01:49:19.613+0000] {logging_mixin.py:190} INFO - [2024-10-02T01:49:19.613+0000] {dag.py:4180} INFO - Setting next_dagrun for example_bash_operator to 2024-10-01 00:00:00+00:00, run_after=2024-10-02 00:00:00+00:00
[2024-10-02T01:49:19.624+0000] {processor.py:208} INFO - Processing /home/airflow/.local/lib/python3.12/site-packages/airflow/example_dags/example_bash_operator.py took 0.066 seconds
[2024-10-02T01:49:49.792+0000] {processor.py:186} INFO - Started process (PID=232) to work on /home/airflow/.local/lib/python3.12/site-packages/airflow/example_dags/example_bash_operator.py
[2024-10-02T01:49:49.793+0000] {processor.py:914} INFO - Processing file /home/airflow/.local/lib/python3.12/site-packages/airflow/example_dags/example_bash_operator.py for tasks to queue
[2024-10-02T01:49:49.796+0000] {logging_mixin.py:190} INFO - [2024-10-02T01:49:49.796+0000] {dagbag.py:588} INFO - Filling up the DagBag from /home/airflow/.local/lib/python3.12/site-packages/airflow/example_dags/example_bash_operator.py
[2024-10-02T01:49:49.807+0000] {processor.py:925} INFO - DAG(s) 'example_bash_operator' retrieved from /home/airflow/.local/lib/python3.12/site-packages/airflow/example_dags/example_bash_operator.py
[2024-10-02T01:49:49.822+0000] {logging_mixin.py:190} INFO - [2024-10-02T01:49:49.822+0000] {dag.py:3239} INFO - Sync 1 DAGs
[2024-10-02T01:49:49.834+0000] {logging_mixin.py:190} INFO - [2024-10-02T01:49:49.834+0000] {dag.py:4180} INFO - Setting next_dagrun for example_bash_operator to 2024-10-01 00:00:00+00:00, run_after=2024-10-02 00:00:00+00:00
[2024-10-02T01:49:49.845+0000] {processor.py:208} INFO - Processing /home/airflow/.local/lib/python3.12/site-packages/airflow/example_dags/example_bash_operator.py took 0.062 seconds
[2024-10-02T01:50:20.152+0000] {processor.py:186} INFO - Started process (PID=294) to work on /home/airflow/.local/lib/python3.12/site-packages/airflow/example_dags/example_bash_operator.py
[2024-10-02T01:50:20.153+0000] {processor.py:914} INFO - Processing file /home/airflow/.local/lib/python3.12/site-packages/airflow/example_dags/example_bash_operator.py for tasks to queue
[2024-10-02T01:50:20.155+0000] {logging_mixin.py:190} INFO - [2024-10-02T01:50:20.155+0000] {dagbag.py:588} INFO - Filling up the DagBag from /home/airflow/.local/lib/python3.12/site-packages/airflow/example_dags/example_bash_operator.py
[2024-10-02T01:50:20.166+0000] {processor.py:925} INFO - DAG(s) 'example_bash_operator' retrieved from /home/airflow/.local/lib/python3.12/site-packages/airflow/example_dags/example_bash_operator.py
[2024-10-02T01:50:20.182+0000] {logging_mixin.py:190} INFO - [2024-10-02T01:50:20.182+0000] {dag.py:3239} INFO - Sync 1 DAGs
[2024-10-02T01:50:20.195+0000] {logging_mixin.py:190} INFO - [2024-10-02T01:50:20.194+0000] {dag.py:4180} INFO - Setting next_dagrun for example_bash_operator to 2024-10-01 00:00:00+00:00, run_after=2024-10-02 00:00:00+00:00
[2024-10-02T01:50:20.209+0000] {processor.py:208} INFO - Processing /home/airflow/.local/lib/python3.12/site-packages/airflow/example_dags/example_bash_operator.py took 0.064 seconds
[2024-10-02T01:50:50.291+0000] {processor.py:186} INFO - Started process (PID=356) to work on /home/airflow/.local/lib/python3.12/site-packages/airflow/example_dags/example_bash_operator.py
[2024-10-02T01:50:50.292+0000] {processor.py:914} INFO - Processing file /home/airflow/.local/lib/python3.12/site-packages/airflow/example_dags/example_bash_operator.py for tasks to queue
[2024-10-02T01:50:50.294+0000] {logging_mixin.py:190} INFO - [2024-10-02T01:50:50.293+0000] {dagbag.py:588} INFO - Filling up the DagBag from /home/airflow/.local/lib/python3.12/site-packages/airflow/example_dags/example_bash_operator.py
[2024-10-02T01:50:50.303+0000] {processor.py:925} INFO - DAG(s) 'example_bash_operator' retrieved from /home/airflow/.local/lib/python3.12/site-packages/airflow/example_dags/example_bash_operator.py
[2024-10-02T01:50:50.317+0000] {logging_mixin.py:190} INFO - [2024-10-02T01:50:50.317+0000] {dag.py:3239} INFO - Sync 1 DAGs
[2024-10-02T01:50:50.329+0000] {logging_mixin.py:190} INFO - [2024-10-02T01:50:50.329+0000] {dag.py:4180} INFO - Setting next_dagrun for example_bash_operator to 2024-10-01 00:00:00+00:00, run_after=2024-10-02 00:00:00+00:00
[2024-10-02T01:50:50.344+0000] {processor.py:208} INFO - Processing /home/airflow/.local/lib/python3.12/site-packages/airflow/example_dags/example_bash_operator.py took 0.059 seconds
[2024-10-02T01:51:20.720+0000] {processor.py:186} INFO - Started process (PID=418) to work on /home/airflow/.local/lib/python3.12/site-packages/airflow/example_dags/example_bash_operator.py
[2024-10-02T01:51:20.721+0000] {processor.py:914} INFO - Processing file /home/airflow/.local/lib/python3.12/site-packages/airflow/example_dags/example_bash_operator.py for tasks to queue
[2024-10-02T01:51:20.723+0000] {logging_mixin.py:190} INFO - [2024-10-02T01:51:20.723+0000] {dagbag.py:588} INFO - Filling up the DagBag from /home/airflow/.local/lib/python3.12/site-packages/airflow/example_dags/example_bash_operator.py
[2024-10-02T01:51:20.733+0000] {processor.py:925} INFO - DAG(s) 'example_bash_operator' retrieved from /home/airflow/.local/lib/python3.12/site-packages/airflow/example_dags/example_bash_operator.py
[2024-10-02T01:51:20.748+0000] {logging_mixin.py:190} INFO - [2024-10-02T01:51:20.748+0000] {dag.py:3239} INFO - Sync 1 DAGs
[2024-10-02T01:51:20.760+0000] {logging_mixin.py:190} INFO - [2024-10-02T01:51:20.760+0000] {dag.py:4180} INFO - Setting next_dagrun for example_bash_operator to 2024-10-01 00:00:00+00:00, run_after=2024-10-02 00:00:00+00:00
[2024-10-02T01:51:20.770+0000] {processor.py:208} INFO - Processing /home/airflow/.local/lib/python3.12/site-packages/airflow/example_dags/example_bash_operator.py took 0.055 seconds
[2024-10-02T01:51:50.936+0000] {processor.py:186} INFO - Started process (PID=480) to work on /home/airflow/.local/lib/python3.12/site-packages/airflow/example_dags/example_bash_operator.py
[2024-10-02T01:51:50.937+0000] {processor.py:914} INFO - Processing file /home/airflow/.local/lib/python3.12/site-packages/airflow/example_dags/example_bash_operator.py for tasks to queue
[2024-10-02T01:51:50.938+0000] {logging_mixin.py:190} INFO - [2024-10-02T01:51:50.938+0000] {dagbag.py:588} INFO - Filling up the DagBag from /home/airflow/.local/lib/python3.12/site-packages/airflow/example_dags/example_bash_operator.py
[2024-10-02T01:51:50.947+0000] {processor.py:925} INFO - DAG(s) 'example_bash_operator' retrieved from /home/airflow/.local/lib/python3.12/site-packages/airflow/example_dags/example_bash_operator.py
[2024-10-02T01:51:50.960+0000] {logging_mixin.py:190} INFO - [2024-10-02T01:51:50.960+0000] {dag.py:3239} INFO - Sync 1 DAGs
[2024-10-02T01:51:50.971+0000] {logging_mixin.py:190} INFO - [2024-10-02T01:51:50.971+0000] {dag.py:4180} INFO - Setting next_dagrun for example_bash_operator to 2024-10-01 00:00:00+00:00, run_after=2024-10-02 00:00:00+00:00
[2024-10-02T01:51:50.982+0000] {processor.py:208} INFO - Processing /home/airflow/.local/lib/python3.12/site-packages/airflow/example_dags/example_bash_operator.py took 0.052 seconds
[2024-10-02T01:52:21.116+0000] {processor.py:186} INFO - Started process (PID=542) to work on /home/airflow/.local/lib/python3.12/site-packages/airflow/example_dags/example_bash_operator.py
[2024-10-02T01:52:21.118+0000] {processor.py:914} INFO - Processing file /home/airflow/.local/lib/python3.12/site-packages/airflow/example_dags/example_bash_operator.py for tasks to queue
[2024-10-02T01:52:21.120+0000] {logging_mixin.py:190} INFO - [2024-10-02T01:52:21.119+0000] {dagbag.py:588} INFO - Filling up the DagBag from /home/airflow/.local/lib/python3.12/site-packages/airflow/example_dags/example_bash_operator.py
[2024-10-02T01:52:21.129+0000] {processor.py:925} INFO - DAG(s) 'example_bash_operator' retrieved from /home/airflow/.local/lib/python3.12/site-packages/airflow/example_dags/example_bash_operator.py
[2024-10-02T01:52:21.145+0000] {logging_mixin.py:190} INFO - [2024-10-02T01:52:21.144+0000] {dag.py:3239} INFO - Sync 1 DAGs
[2024-10-02T01:52:21.159+0000] {logging_mixin.py:190} INFO - [2024-10-02T01:52:21.158+0000] {dag.py:4180} INFO - Setting next_dagrun for example_bash_operator to 2024-10-01 00:00:00+00:00, run_after=2024-10-02 00:00:00+00:00
[2024-10-02T01:52:21.169+0000] {processor.py:208} INFO - Processing /home/airflow/.local/lib/python3.12/site-packages/airflow/example_dags/example_bash_operator.py took 0.059 seconds
[2024-10-02T01:52:51.323+0000] {processor.py:186} INFO - Started process (PID=604) to work on /home/airflow/.local/lib/python3.12/site-packages/airflow/example_dags/example_bash_operator.py
[2024-10-02T01:52:51.323+0000] {processor.py:914} INFO - Processing file /home/airflow/.local/lib/python3.12/site-packages/airflow/example_dags/example_bash_operator.py for tasks to queue
[2024-10-02T01:52:51.326+0000] {logging_mixin.py:190} INFO - [2024-10-02T01:52:51.325+0000] {dagbag.py:588} INFO - Filling up the DagBag from /home/airflow/.local/lib/python3.12/site-packages/airflow/example_dags/example_bash_operator.py
[2024-10-02T01:52:51.338+0000] {processor.py:925} INFO - DAG(s) 'example_bash_operator' retrieved from /home/airflow/.local/lib/python3.12/site-packages/airflow/example_dags/example_bash_operator.py
[2024-10-02T01:52:51.357+0000] {logging_mixin.py:190} INFO - [2024-10-02T01:52:51.356+0000] {dag.py:3239} INFO - Sync 1 DAGs
[2024-10-02T01:52:51.371+0000] {logging_mixin.py:190} INFO - [2024-10-02T01:52:51.371+0000] {dag.py:4180} INFO - Setting next_dagrun for example_bash_operator to 2024-10-01 00:00:00+00:00, run_after=2024-10-02 00:00:00+00:00
[2024-10-02T01:52:51.380+0000] {processor.py:208} INFO - Processing /home/airflow/.local/lib/python3.12/site-packages/airflow/example_dags/example_bash_operator.py took 0.066 seconds
