[2024-10-02T01:48:21.553+0000] {processor.py:186} INFO - Started process (PID=74) to work on /home/airflow/.local/lib/python3.12/site-packages/airflow/example_dags/example_sensor_decorator.py
[2024-10-02T01:48:21.554+0000] {processor.py:914} INFO - Processing file /home/airflow/.local/lib/python3.12/site-packages/airflow/example_dags/example_sensor_decorator.py for tasks to queue
[2024-10-02T01:48:21.555+0000] {logging_mixin.py:190} INFO - [2024-10-02T01:48:21.555+0000] {dagbag.py:588} INFO - Filling up the DagBag from /home/airflow/.local/lib/python3.12/site-packages/airflow/example_dags/example_sensor_decorator.py
[2024-10-02T01:48:21.560+0000] {processor.py:925} INFO - DAG(s) 'example_sensor_decorator' retrieved from /home/airflow/.local/lib/python3.12/site-packages/airflow/example_dags/example_sensor_decorator.py
[2024-10-02T01:48:21.607+0000] {logging_mixin.py:190} INFO - [2024-10-02T01:48:21.607+0000] {override.py:1900} INFO - Created Permission View: can delete on DAG:example_sensor_decorator
[2024-10-02T01:48:21.613+0000] {logging_mixin.py:190} INFO - [2024-10-02T01:48:21.613+0000] {override.py:1900} INFO - Created Permission View: can read on DAG:example_sensor_decorator
[2024-10-02T01:48:21.617+0000] {logging_mixin.py:190} INFO - [2024-10-02T01:48:21.617+0000] {override.py:1900} INFO - Created Permission View: can edit on DAG:example_sensor_decorator
[2024-10-02T01:48:21.622+0000] {logging_mixin.py:190} INFO - [2024-10-02T01:48:21.622+0000] {override.py:1900} INFO - Created Permission View: can delete on DAG Run:example_sensor_decorator
[2024-10-02T01:48:21.626+0000] {logging_mixin.py:190} INFO - [2024-10-02T01:48:21.626+0000] {override.py:1900} INFO - Created Permission View: can create on DAG Run:example_sensor_decorator
[2024-10-02T01:48:21.630+0000] {logging_mixin.py:190} INFO - [2024-10-02T01:48:21.629+0000] {override.py:1900} INFO - Created Permission View: can read on DAG Run:example_sensor_decorator
[2024-10-02T01:48:21.633+0000] {logging_mixin.py:190} INFO - [2024-10-02T01:48:21.633+0000] {override.py:1900} INFO - Created Permission View: menu access on DAG Run:example_sensor_decorator
[2024-10-02T01:48:21.633+0000] {logging_mixin.py:190} INFO - [2024-10-02T01:48:21.633+0000] {dag.py:3239} INFO - Sync 1 DAGs
[2024-10-02T01:48:21.640+0000] {logging_mixin.py:190} INFO - [2024-10-02T01:48:21.640+0000] {dag.py:3262} INFO - Creating ORM DAG for example_sensor_decorator
[2024-10-02T01:48:21.640+0000] {logging_mixin.py:190} INFO - [2024-10-02T01:48:21.640+0000] {dag.py:4180} INFO - Setting next_dagrun for example_sensor_decorator to None, run_after=None
[2024-10-02T01:48:21.650+0000] {processor.py:208} INFO - Processing /home/airflow/.local/lib/python3.12/site-packages/airflow/example_dags/example_sensor_decorator.py took 0.100 seconds
[2024-10-02T01:48:52.459+0000] {processor.py:186} INFO - Started process (PID=136) to work on /home/airflow/.local/lib/python3.12/site-packages/airflow/example_dags/example_sensor_decorator.py
[2024-10-02T01:48:52.459+0000] {processor.py:914} INFO - Processing file /home/airflow/.local/lib/python3.12/site-packages/airflow/example_dags/example_sensor_decorator.py for tasks to queue
[2024-10-02T01:48:52.461+0000] {logging_mixin.py:190} INFO - [2024-10-02T01:48:52.461+0000] {dagbag.py:588} INFO - Filling up the DagBag from /home/airflow/.local/lib/python3.12/site-packages/airflow/example_dags/example_sensor_decorator.py
[2024-10-02T01:48:52.465+0000] {processor.py:925} INFO - DAG(s) 'example_sensor_decorator' retrieved from /home/airflow/.local/lib/python3.12/site-packages/airflow/example_dags/example_sensor_decorator.py
[2024-10-02T01:48:52.474+0000] {logging_mixin.py:190} INFO - [2024-10-02T01:48:52.474+0000] {dag.py:3239} INFO - Sync 1 DAGs
[2024-10-02T01:48:52.480+0000] {logging_mixin.py:190} INFO - [2024-10-02T01:48:52.480+0000] {dag.py:4180} INFO - Setting next_dagrun for example_sensor_decorator to None, run_after=None
[2024-10-02T01:48:52.489+0000] {processor.py:208} INFO - Processing /home/airflow/.local/lib/python3.12/site-packages/airflow/example_dags/example_sensor_decorator.py took 0.033 seconds
[2024-10-02T01:49:22.690+0000] {processor.py:186} INFO - Started process (PID=198) to work on /home/airflow/.local/lib/python3.12/site-packages/airflow/example_dags/example_sensor_decorator.py
[2024-10-02T01:49:22.691+0000] {processor.py:914} INFO - Processing file /home/airflow/.local/lib/python3.12/site-packages/airflow/example_dags/example_sensor_decorator.py for tasks to queue
[2024-10-02T01:49:22.692+0000] {logging_mixin.py:190} INFO - [2024-10-02T01:49:22.692+0000] {dagbag.py:588} INFO - Filling up the DagBag from /home/airflow/.local/lib/python3.12/site-packages/airflow/example_dags/example_sensor_decorator.py
[2024-10-02T01:49:22.696+0000] {processor.py:925} INFO - DAG(s) 'example_sensor_decorator' retrieved from /home/airflow/.local/lib/python3.12/site-packages/airflow/example_dags/example_sensor_decorator.py
[2024-10-02T01:49:22.705+0000] {logging_mixin.py:190} INFO - [2024-10-02T01:49:22.705+0000] {dag.py:3239} INFO - Sync 1 DAGs
[2024-10-02T01:49:22.711+0000] {logging_mixin.py:190} INFO - [2024-10-02T01:49:22.711+0000] {dag.py:4180} INFO - Setting next_dagrun for example_sensor_decorator to None, run_after=None
[2024-10-02T01:49:22.719+0000] {processor.py:208} INFO - Processing /home/airflow/.local/lib/python3.12/site-packages/airflow/example_dags/example_sensor_decorator.py took 0.032 seconds
[2024-10-02T01:49:52.923+0000] {processor.py:186} INFO - Started process (PID=266) to work on /home/airflow/.local/lib/python3.12/site-packages/airflow/example_dags/example_sensor_decorator.py
[2024-10-02T01:49:52.923+0000] {processor.py:914} INFO - Processing file /home/airflow/.local/lib/python3.12/site-packages/airflow/example_dags/example_sensor_decorator.py for tasks to queue
[2024-10-02T01:49:52.924+0000] {logging_mixin.py:190} INFO - [2024-10-02T01:49:52.924+0000] {dagbag.py:588} INFO - Filling up the DagBag from /home/airflow/.local/lib/python3.12/site-packages/airflow/example_dags/example_sensor_decorator.py
[2024-10-02T01:49:52.929+0000] {processor.py:925} INFO - DAG(s) 'example_sensor_decorator' retrieved from /home/airflow/.local/lib/python3.12/site-packages/airflow/example_dags/example_sensor_decorator.py
[2024-10-02T01:49:52.939+0000] {logging_mixin.py:190} INFO - [2024-10-02T01:49:52.938+0000] {dag.py:3239} INFO - Sync 1 DAGs
[2024-10-02T01:49:52.945+0000] {logging_mixin.py:190} INFO - [2024-10-02T01:49:52.945+0000] {dag.py:4180} INFO - Setting next_dagrun for example_sensor_decorator to None, run_after=None
[2024-10-02T01:49:52.953+0000] {processor.py:208} INFO - Processing /home/airflow/.local/lib/python3.12/site-packages/airflow/example_dags/example_sensor_decorator.py took 0.034 seconds
[2024-10-02T01:50:23.346+0000] {processor.py:186} INFO - Started process (PID=328) to work on /home/airflow/.local/lib/python3.12/site-packages/airflow/example_dags/example_sensor_decorator.py
[2024-10-02T01:50:23.347+0000] {processor.py:914} INFO - Processing file /home/airflow/.local/lib/python3.12/site-packages/airflow/example_dags/example_sensor_decorator.py for tasks to queue
[2024-10-02T01:50:23.348+0000] {logging_mixin.py:190} INFO - [2024-10-02T01:50:23.348+0000] {dagbag.py:588} INFO - Filling up the DagBag from /home/airflow/.local/lib/python3.12/site-packages/airflow/example_dags/example_sensor_decorator.py
[2024-10-02T01:50:23.352+0000] {processor.py:925} INFO - DAG(s) 'example_sensor_decorator' retrieved from /home/airflow/.local/lib/python3.12/site-packages/airflow/example_dags/example_sensor_decorator.py
[2024-10-02T01:50:23.362+0000] {logging_mixin.py:190} INFO - [2024-10-02T01:50:23.362+0000] {dag.py:3239} INFO - Sync 1 DAGs
[2024-10-02T01:50:23.368+0000] {logging_mixin.py:190} INFO - [2024-10-02T01:50:23.368+0000] {dag.py:4180} INFO - Setting next_dagrun for example_sensor_decorator to None, run_after=None
[2024-10-02T01:50:23.378+0000] {processor.py:208} INFO - Processing /home/airflow/.local/lib/python3.12/site-packages/airflow/example_dags/example_sensor_decorator.py took 0.035 seconds
[2024-10-02T01:50:53.670+0000] {processor.py:186} INFO - Started process (PID=390) to work on /home/airflow/.local/lib/python3.12/site-packages/airflow/example_dags/example_sensor_decorator.py
[2024-10-02T01:50:53.671+0000] {processor.py:914} INFO - Processing file /home/airflow/.local/lib/python3.12/site-packages/airflow/example_dags/example_sensor_decorator.py for tasks to queue
[2024-10-02T01:50:53.672+0000] {logging_mixin.py:190} INFO - [2024-10-02T01:50:53.672+0000] {dagbag.py:588} INFO - Filling up the DagBag from /home/airflow/.local/lib/python3.12/site-packages/airflow/example_dags/example_sensor_decorator.py
[2024-10-02T01:50:53.677+0000] {processor.py:925} INFO - DAG(s) 'example_sensor_decorator' retrieved from /home/airflow/.local/lib/python3.12/site-packages/airflow/example_dags/example_sensor_decorator.py
[2024-10-02T01:50:53.685+0000] {logging_mixin.py:190} INFO - [2024-10-02T01:50:53.685+0000] {dag.py:3239} INFO - Sync 1 DAGs
[2024-10-02T01:50:53.691+0000] {logging_mixin.py:190} INFO - [2024-10-02T01:50:53.691+0000] {dag.py:4180} INFO - Setting next_dagrun for example_sensor_decorator to None, run_after=None
[2024-10-02T01:50:53.700+0000] {processor.py:208} INFO - Processing /home/airflow/.local/lib/python3.12/site-packages/airflow/example_dags/example_sensor_decorator.py took 0.033 seconds
[2024-10-02T01:51:23.825+0000] {processor.py:186} INFO - Started process (PID=452) to work on /home/airflow/.local/lib/python3.12/site-packages/airflow/example_dags/example_sensor_decorator.py
[2024-10-02T01:51:23.826+0000] {processor.py:914} INFO - Processing file /home/airflow/.local/lib/python3.12/site-packages/airflow/example_dags/example_sensor_decorator.py for tasks to queue
[2024-10-02T01:51:23.827+0000] {logging_mixin.py:190} INFO - [2024-10-02T01:51:23.827+0000] {dagbag.py:588} INFO - Filling up the DagBag from /home/airflow/.local/lib/python3.12/site-packages/airflow/example_dags/example_sensor_decorator.py
[2024-10-02T01:51:23.831+0000] {processor.py:925} INFO - DAG(s) 'example_sensor_decorator' retrieved from /home/airflow/.local/lib/python3.12/site-packages/airflow/example_dags/example_sensor_decorator.py
[2024-10-02T01:51:23.840+0000] {logging_mixin.py:190} INFO - [2024-10-02T01:51:23.840+0000] {dag.py:3239} INFO - Sync 1 DAGs
[2024-10-02T01:51:23.846+0000] {logging_mixin.py:190} INFO - [2024-10-02T01:51:23.846+0000] {dag.py:4180} INFO - Setting next_dagrun for example_sensor_decorator to None, run_after=None
[2024-10-02T01:51:23.855+0000] {processor.py:208} INFO - Processing /home/airflow/.local/lib/python3.12/site-packages/airflow/example_dags/example_sensor_decorator.py took 0.032 seconds
[2024-10-02T01:51:54.031+0000] {processor.py:186} INFO - Started process (PID=514) to work on /home/airflow/.local/lib/python3.12/site-packages/airflow/example_dags/example_sensor_decorator.py
[2024-10-02T01:51:54.031+0000] {processor.py:914} INFO - Processing file /home/airflow/.local/lib/python3.12/site-packages/airflow/example_dags/example_sensor_decorator.py for tasks to queue
[2024-10-02T01:51:54.032+0000] {logging_mixin.py:190} INFO - [2024-10-02T01:51:54.032+0000] {dagbag.py:588} INFO - Filling up the DagBag from /home/airflow/.local/lib/python3.12/site-packages/airflow/example_dags/example_sensor_decorator.py
[2024-10-02T01:51:54.037+0000] {processor.py:925} INFO - DAG(s) 'example_sensor_decorator' retrieved from /home/airflow/.local/lib/python3.12/site-packages/airflow/example_dags/example_sensor_decorator.py
[2024-10-02T01:51:54.046+0000] {logging_mixin.py:190} INFO - [2024-10-02T01:51:54.046+0000] {dag.py:3239} INFO - Sync 1 DAGs
[2024-10-02T01:51:54.053+0000] {logging_mixin.py:190} INFO - [2024-10-02T01:51:54.053+0000] {dag.py:4180} INFO - Setting next_dagrun for example_sensor_decorator to None, run_after=None
[2024-10-02T01:51:54.063+0000] {processor.py:208} INFO - Processing /home/airflow/.local/lib/python3.12/site-packages/airflow/example_dags/example_sensor_decorator.py took 0.035 seconds
[2024-10-02T01:52:24.252+0000] {processor.py:186} INFO - Started process (PID=576) to work on /home/airflow/.local/lib/python3.12/site-packages/airflow/example_dags/example_sensor_decorator.py
[2024-10-02T01:52:24.253+0000] {processor.py:914} INFO - Processing file /home/airflow/.local/lib/python3.12/site-packages/airflow/example_dags/example_sensor_decorator.py for tasks to queue
[2024-10-02T01:52:24.254+0000] {logging_mixin.py:190} INFO - [2024-10-02T01:52:24.254+0000] {dagbag.py:588} INFO - Filling up the DagBag from /home/airflow/.local/lib/python3.12/site-packages/airflow/example_dags/example_sensor_decorator.py
[2024-10-02T01:52:24.258+0000] {processor.py:925} INFO - DAG(s) 'example_sensor_decorator' retrieved from /home/airflow/.local/lib/python3.12/site-packages/airflow/example_dags/example_sensor_decorator.py
[2024-10-02T01:52:24.267+0000] {logging_mixin.py:190} INFO - [2024-10-02T01:52:24.267+0000] {dag.py:3239} INFO - Sync 1 DAGs
[2024-10-02T01:52:24.274+0000] {logging_mixin.py:190} INFO - [2024-10-02T01:52:24.274+0000] {dag.py:4180} INFO - Setting next_dagrun for example_sensor_decorator to None, run_after=None
[2024-10-02T01:52:24.288+0000] {processor.py:208} INFO - Processing /home/airflow/.local/lib/python3.12/site-packages/airflow/example_dags/example_sensor_decorator.py took 0.039 seconds
