[2024-10-02T01:48:22.394+0000] {processor.py:186} INFO - Started process (PID=89) to work on /home/airflow/.local/lib/python3.12/site-packages/airflow/example_dags/example_xcom.py
[2024-10-02T01:48:22.395+0000] {processor.py:914} INFO - Processing file /home/airflow/.local/lib/python3.12/site-packages/airflow/example_dags/example_xcom.py for tasks to queue
[2024-10-02T01:48:22.396+0000] {logging_mixin.py:190} INFO - [2024-10-02T01:48:22.396+0000] {dagbag.py:588} INFO - Filling up the DagBag from /home/airflow/.local/lib/python3.12/site-packages/airflow/example_dags/example_xcom.py
[2024-10-02T01:48:22.406+0000] {processor.py:925} INFO - DAG(s) 'example_xcom' retrieved from /home/airflow/.local/lib/python3.12/site-packages/airflow/example_dags/example_xcom.py
[2024-10-02T01:48:22.457+0000] {logging_mixin.py:190} INFO - [2024-10-02T01:48:22.456+0000] {override.py:1900} INFO - Created Permission View: can delete on DAG:example_xcom
[2024-10-02T01:48:22.464+0000] {logging_mixin.py:190} INFO - [2024-10-02T01:48:22.463+0000] {override.py:1900} INFO - Created Permission View: can read on DAG:example_xcom
[2024-10-02T01:48:22.468+0000] {logging_mixin.py:190} INFO - [2024-10-02T01:48:22.468+0000] {override.py:1900} INFO - Created Permission View: can edit on DAG:example_xcom
[2024-10-02T01:48:22.473+0000] {logging_mixin.py:190} INFO - [2024-10-02T01:48:22.473+0000] {override.py:1900} INFO - Created Permission View: can delete on DAG Run:example_xcom
[2024-10-02T01:48:22.477+0000] {logging_mixin.py:190} INFO - [2024-10-02T01:48:22.476+0000] {override.py:1900} INFO - Created Permission View: can create on DAG Run:example_xcom
[2024-10-02T01:48:22.480+0000] {logging_mixin.py:190} INFO - [2024-10-02T01:48:22.480+0000] {override.py:1900} INFO - Created Permission View: can read on DAG Run:example_xcom
[2024-10-02T01:48:22.484+0000] {logging_mixin.py:190} INFO - [2024-10-02T01:48:22.483+0000] {override.py:1900} INFO - Created Permission View: menu access on DAG Run:example_xcom
[2024-10-02T01:48:22.484+0000] {logging_mixin.py:190} INFO - [2024-10-02T01:48:22.484+0000] {dag.py:3239} INFO - Sync 1 DAGs
[2024-10-02T01:48:22.490+0000] {logging_mixin.py:190} INFO - [2024-10-02T01:48:22.490+0000] {dag.py:3262} INFO - Creating ORM DAG for example_xcom
[2024-10-02T01:48:22.494+0000] {logging_mixin.py:190} INFO - [2024-10-02T01:48:22.494+0000] {dag.py:4180} INFO - Setting next_dagrun for example_xcom to 2021-01-01 00:00:00+00:00, run_after=2021-01-01 00:00:00+00:00
[2024-10-02T01:48:22.502+0000] {processor.py:208} INFO - Processing /home/airflow/.local/lib/python3.12/site-packages/airflow/example_dags/example_xcom.py took 0.111 seconds
[2024-10-02T01:48:52.927+0000] {processor.py:186} INFO - Started process (PID=157) to work on /home/airflow/.local/lib/python3.12/site-packages/airflow/example_dags/example_xcom.py
[2024-10-02T01:48:52.927+0000] {processor.py:914} INFO - Processing file /home/airflow/.local/lib/python3.12/site-packages/airflow/example_dags/example_xcom.py for tasks to queue
[2024-10-02T01:48:52.929+0000] {logging_mixin.py:190} INFO - [2024-10-02T01:48:52.929+0000] {dagbag.py:588} INFO - Filling up the DagBag from /home/airflow/.local/lib/python3.12/site-packages/airflow/example_dags/example_xcom.py
[2024-10-02T01:48:52.934+0000] {processor.py:925} INFO - DAG(s) 'example_xcom' retrieved from /home/airflow/.local/lib/python3.12/site-packages/airflow/example_dags/example_xcom.py
[2024-10-02T01:48:52.944+0000] {logging_mixin.py:190} INFO - [2024-10-02T01:48:52.944+0000] {dag.py:3239} INFO - Sync 1 DAGs
[2024-10-02T01:48:52.953+0000] {logging_mixin.py:190} INFO - [2024-10-02T01:48:52.953+0000] {dag.py:4180} INFO - Setting next_dagrun for example_xcom to 2021-01-01 00:00:00+00:00, run_after=2021-01-01 00:00:00+00:00
[2024-10-02T01:48:52.963+0000] {processor.py:208} INFO - Processing /home/airflow/.local/lib/python3.12/site-packages/airflow/example_dags/example_xcom.py took 0.039 seconds
[2024-10-02T01:49:23.153+0000] {processor.py:186} INFO - Started process (PID=219) to work on /home/airflow/.local/lib/python3.12/site-packages/airflow/example_dags/example_xcom.py
[2024-10-02T01:49:23.154+0000] {processor.py:914} INFO - Processing file /home/airflow/.local/lib/python3.12/site-packages/airflow/example_dags/example_xcom.py for tasks to queue
[2024-10-02T01:49:23.156+0000] {logging_mixin.py:190} INFO - [2024-10-02T01:49:23.155+0000] {dagbag.py:588} INFO - Filling up the DagBag from /home/airflow/.local/lib/python3.12/site-packages/airflow/example_dags/example_xcom.py
[2024-10-02T01:49:23.160+0000] {processor.py:925} INFO - DAG(s) 'example_xcom' retrieved from /home/airflow/.local/lib/python3.12/site-packages/airflow/example_dags/example_xcom.py
[2024-10-02T01:49:23.170+0000] {logging_mixin.py:190} INFO - [2024-10-02T01:49:23.170+0000] {dag.py:3239} INFO - Sync 1 DAGs
[2024-10-02T01:49:23.180+0000] {logging_mixin.py:190} INFO - [2024-10-02T01:49:23.180+0000] {dag.py:4180} INFO - Setting next_dagrun for example_xcom to 2021-01-01 00:00:00+00:00, run_after=2021-01-01 00:00:00+00:00
[2024-10-02T01:49:23.191+0000] {processor.py:208} INFO - Processing /home/airflow/.local/lib/python3.12/site-packages/airflow/example_dags/example_xcom.py took 0.041 seconds
[2024-10-02T01:49:53.446+0000] {processor.py:186} INFO - Started process (PID=281) to work on /home/airflow/.local/lib/python3.12/site-packages/airflow/example_dags/example_xcom.py
[2024-10-02T01:49:53.446+0000] {processor.py:914} INFO - Processing file /home/airflow/.local/lib/python3.12/site-packages/airflow/example_dags/example_xcom.py for tasks to queue
[2024-10-02T01:49:53.448+0000] {logging_mixin.py:190} INFO - [2024-10-02T01:49:53.448+0000] {dagbag.py:588} INFO - Filling up the DagBag from /home/airflow/.local/lib/python3.12/site-packages/airflow/example_dags/example_xcom.py
[2024-10-02T01:49:53.453+0000] {processor.py:925} INFO - DAG(s) 'example_xcom' retrieved from /home/airflow/.local/lib/python3.12/site-packages/airflow/example_dags/example_xcom.py
[2024-10-02T01:49:53.462+0000] {logging_mixin.py:190} INFO - [2024-10-02T01:49:53.462+0000] {dag.py:3239} INFO - Sync 1 DAGs
[2024-10-02T01:49:53.471+0000] {logging_mixin.py:190} INFO - [2024-10-02T01:49:53.471+0000] {dag.py:4180} INFO - Setting next_dagrun for example_xcom to 2021-01-01 00:00:00+00:00, run_after=2021-01-01 00:00:00+00:00
[2024-10-02T01:49:53.480+0000] {processor.py:208} INFO - Processing /home/airflow/.local/lib/python3.12/site-packages/airflow/example_dags/example_xcom.py took 0.038 seconds
[2024-10-02T01:50:23.688+0000] {processor.py:186} INFO - Started process (PID=343) to work on /home/airflow/.local/lib/python3.12/site-packages/airflow/example_dags/example_xcom.py
[2024-10-02T01:50:23.689+0000] {processor.py:914} INFO - Processing file /home/airflow/.local/lib/python3.12/site-packages/airflow/example_dags/example_xcom.py for tasks to queue
[2024-10-02T01:50:23.690+0000] {logging_mixin.py:190} INFO - [2024-10-02T01:50:23.690+0000] {dagbag.py:588} INFO - Filling up the DagBag from /home/airflow/.local/lib/python3.12/site-packages/airflow/example_dags/example_xcom.py
[2024-10-02T01:50:23.694+0000] {processor.py:925} INFO - DAG(s) 'example_xcom' retrieved from /home/airflow/.local/lib/python3.12/site-packages/airflow/example_dags/example_xcom.py
[2024-10-02T01:50:23.703+0000] {logging_mixin.py:190} INFO - [2024-10-02T01:50:23.703+0000] {dag.py:3239} INFO - Sync 1 DAGs
[2024-10-02T01:50:23.713+0000] {logging_mixin.py:190} INFO - [2024-10-02T01:50:23.713+0000] {dag.py:4180} INFO - Setting next_dagrun for example_xcom to 2021-01-01 00:00:00+00:00, run_after=2021-01-01 00:00:00+00:00
[2024-10-02T01:50:23.721+0000] {processor.py:208} INFO - Processing /home/airflow/.local/lib/python3.12/site-packages/airflow/example_dags/example_xcom.py took 0.036 seconds
[2024-10-02T01:50:54.137+0000] {processor.py:186} INFO - Started process (PID=405) to work on /home/airflow/.local/lib/python3.12/site-packages/airflow/example_dags/example_xcom.py
[2024-10-02T01:50:54.137+0000] {processor.py:914} INFO - Processing file /home/airflow/.local/lib/python3.12/site-packages/airflow/example_dags/example_xcom.py for tasks to queue
[2024-10-02T01:50:54.139+0000] {logging_mixin.py:190} INFO - [2024-10-02T01:50:54.139+0000] {dagbag.py:588} INFO - Filling up the DagBag from /home/airflow/.local/lib/python3.12/site-packages/airflow/example_dags/example_xcom.py
[2024-10-02T01:50:54.144+0000] {processor.py:925} INFO - DAG(s) 'example_xcom' retrieved from /home/airflow/.local/lib/python3.12/site-packages/airflow/example_dags/example_xcom.py
[2024-10-02T01:50:54.154+0000] {logging_mixin.py:190} INFO - [2024-10-02T01:50:54.154+0000] {dag.py:3239} INFO - Sync 1 DAGs
[2024-10-02T01:50:54.164+0000] {logging_mixin.py:190} INFO - [2024-10-02T01:50:54.164+0000] {dag.py:4180} INFO - Setting next_dagrun for example_xcom to 2021-01-01 00:00:00+00:00, run_after=2021-01-01 00:00:00+00:00
[2024-10-02T01:50:54.173+0000] {processor.py:208} INFO - Processing /home/airflow/.local/lib/python3.12/site-packages/airflow/example_dags/example_xcom.py took 0.039 seconds
[2024-10-02T01:51:24.255+0000] {processor.py:186} INFO - Started process (PID=467) to work on /home/airflow/.local/lib/python3.12/site-packages/airflow/example_dags/example_xcom.py
[2024-10-02T01:51:24.255+0000] {processor.py:914} INFO - Processing file /home/airflow/.local/lib/python3.12/site-packages/airflow/example_dags/example_xcom.py for tasks to queue
[2024-10-02T01:51:24.256+0000] {logging_mixin.py:190} INFO - [2024-10-02T01:51:24.256+0000] {dagbag.py:588} INFO - Filling up the DagBag from /home/airflow/.local/lib/python3.12/site-packages/airflow/example_dags/example_xcom.py
[2024-10-02T01:51:24.260+0000] {processor.py:925} INFO - DAG(s) 'example_xcom' retrieved from /home/airflow/.local/lib/python3.12/site-packages/airflow/example_dags/example_xcom.py
[2024-10-02T01:51:24.269+0000] {logging_mixin.py:190} INFO - [2024-10-02T01:51:24.268+0000] {dag.py:3239} INFO - Sync 1 DAGs
[2024-10-02T01:51:24.278+0000] {logging_mixin.py:190} INFO - [2024-10-02T01:51:24.278+0000] {dag.py:4180} INFO - Setting next_dagrun for example_xcom to 2021-01-01 00:00:00+00:00, run_after=2021-01-01 00:00:00+00:00
[2024-10-02T01:51:24.286+0000] {processor.py:208} INFO - Processing /home/airflow/.local/lib/python3.12/site-packages/airflow/example_dags/example_xcom.py took 0.034 seconds
[2024-10-02T01:51:54.424+0000] {processor.py:186} INFO - Started process (PID=529) to work on /home/airflow/.local/lib/python3.12/site-packages/airflow/example_dags/example_xcom.py
[2024-10-02T01:51:54.425+0000] {processor.py:914} INFO - Processing file /home/airflow/.local/lib/python3.12/site-packages/airflow/example_dags/example_xcom.py for tasks to queue
[2024-10-02T01:51:54.426+0000] {logging_mixin.py:190} INFO - [2024-10-02T01:51:54.426+0000] {dagbag.py:588} INFO - Filling up the DagBag from /home/airflow/.local/lib/python3.12/site-packages/airflow/example_dags/example_xcom.py
[2024-10-02T01:51:54.430+0000] {processor.py:925} INFO - DAG(s) 'example_xcom' retrieved from /home/airflow/.local/lib/python3.12/site-packages/airflow/example_dags/example_xcom.py
[2024-10-02T01:51:54.440+0000] {logging_mixin.py:190} INFO - [2024-10-02T01:51:54.440+0000] {dag.py:3239} INFO - Sync 1 DAGs
[2024-10-02T01:51:54.450+0000] {logging_mixin.py:190} INFO - [2024-10-02T01:51:54.449+0000] {dag.py:4180} INFO - Setting next_dagrun for example_xcom to 2021-01-01 00:00:00+00:00, run_after=2021-01-01 00:00:00+00:00
[2024-10-02T01:51:54.457+0000] {processor.py:208} INFO - Processing /home/airflow/.local/lib/python3.12/site-packages/airflow/example_dags/example_xcom.py took 0.036 seconds
[2024-10-02T01:52:24.670+0000] {processor.py:186} INFO - Started process (PID=591) to work on /home/airflow/.local/lib/python3.12/site-packages/airflow/example_dags/example_xcom.py
[2024-10-02T01:52:24.670+0000] {processor.py:914} INFO - Processing file /home/airflow/.local/lib/python3.12/site-packages/airflow/example_dags/example_xcom.py for tasks to queue
[2024-10-02T01:52:24.671+0000] {logging_mixin.py:190} INFO - [2024-10-02T01:52:24.671+0000] {dagbag.py:588} INFO - Filling up the DagBag from /home/airflow/.local/lib/python3.12/site-packages/airflow/example_dags/example_xcom.py
[2024-10-02T01:52:24.676+0000] {processor.py:925} INFO - DAG(s) 'example_xcom' retrieved from /home/airflow/.local/lib/python3.12/site-packages/airflow/example_dags/example_xcom.py
[2024-10-02T01:52:24.685+0000] {logging_mixin.py:190} INFO - [2024-10-02T01:52:24.685+0000] {dag.py:3239} INFO - Sync 1 DAGs
[2024-10-02T01:52:24.694+0000] {logging_mixin.py:190} INFO - [2024-10-02T01:52:24.694+0000] {dag.py:4180} INFO - Setting next_dagrun for example_xcom to 2021-01-01 00:00:00+00:00, run_after=2021-01-01 00:00:00+00:00
[2024-10-02T01:52:24.702+0000] {processor.py:208} INFO - Processing /home/airflow/.local/lib/python3.12/site-packages/airflow/example_dags/example_xcom.py took 0.035 seconds
