[2024-10-02T01:48:18.641+0000] {processor.py:186} INFO - Started process (PID=45) to work on /home/airflow/.local/lib/python3.12/site-packages/airflow/example_dags/example_bash_decorator.py
[2024-10-02T01:48:18.642+0000] {processor.py:914} INFO - Processing file /home/airflow/.local/lib/python3.12/site-packages/airflow/example_dags/example_bash_decorator.py for tasks to queue
[2024-10-02T01:48:18.644+0000] {logging_mixin.py:190} INFO - [2024-10-02T01:48:18.644+0000] {dagbag.py:588} INFO - Filling up the DagBag from /home/airflow/.local/lib/python3.12/site-packages/airflow/example_dags/example_bash_decorator.py
[2024-10-02T01:48:18.666+0000] {processor.py:925} INFO - DAG(s) 'example_bash_decorator' retrieved from /home/airflow/.local/lib/python3.12/site-packages/airflow/example_dags/example_bash_decorator.py
[2024-10-02T01:48:18.835+0000] {logging_mixin.py:190} INFO - [2024-10-02T01:48:18.834+0000] {override.py:1900} INFO - Created Permission View: can delete on DAG:example_bash_decorator
[2024-10-02T01:48:18.842+0000] {logging_mixin.py:190} INFO - [2024-10-02T01:48:18.842+0000] {override.py:1900} INFO - Created Permission View: can read on DAG:example_bash_decorator
[2024-10-02T01:48:18.847+0000] {logging_mixin.py:190} INFO - [2024-10-02T01:48:18.846+0000] {override.py:1900} INFO - Created Permission View: can edit on DAG:example_bash_decorator
[2024-10-02T01:48:18.853+0000] {logging_mixin.py:190} INFO - [2024-10-02T01:48:18.852+0000] {override.py:1900} INFO - Created Permission View: can delete on DAG Run:example_bash_decorator
[2024-10-02T01:48:18.856+0000] {logging_mixin.py:190} INFO - [2024-10-02T01:48:18.856+0000] {override.py:1900} INFO - Created Permission View: can create on DAG Run:example_bash_decorator
[2024-10-02T01:48:18.860+0000] {logging_mixin.py:190} INFO - [2024-10-02T01:48:18.860+0000] {override.py:1900} INFO - Created Permission View: can read on DAG Run:example_bash_decorator
[2024-10-02T01:48:18.864+0000] {logging_mixin.py:190} INFO - [2024-10-02T01:48:18.864+0000] {override.py:1900} INFO - Created Permission View: menu access on DAG Run:example_bash_decorator
[2024-10-02T01:48:18.864+0000] {logging_mixin.py:190} INFO - [2024-10-02T01:48:18.864+0000] {dag.py:3239} INFO - Sync 1 DAGs
[2024-10-02T01:48:18.875+0000] {logging_mixin.py:190} INFO - [2024-10-02T01:48:18.875+0000] {dag.py:3262} INFO - Creating ORM DAG for example_bash_decorator
[2024-10-02T01:48:18.876+0000] {logging_mixin.py:190} INFO - [2024-10-02T01:48:18.876+0000] {dag.py:4180} INFO - Setting next_dagrun for example_bash_decorator to None, run_after=None
[2024-10-02T01:48:18.887+0000] {processor.py:208} INFO - Processing /home/airflow/.local/lib/python3.12/site-packages/airflow/example_dags/example_bash_decorator.py took 0.251 seconds
[2024-10-02T01:48:49.207+0000] {processor.py:186} INFO - Started process (PID=107) to work on /home/airflow/.local/lib/python3.12/site-packages/airflow/example_dags/example_bash_decorator.py
[2024-10-02T01:48:49.208+0000] {processor.py:914} INFO - Processing file /home/airflow/.local/lib/python3.12/site-packages/airflow/example_dags/example_bash_decorator.py for tasks to queue
[2024-10-02T01:48:49.211+0000] {logging_mixin.py:190} INFO - [2024-10-02T01:48:49.210+0000] {dagbag.py:588} INFO - Filling up the DagBag from /home/airflow/.local/lib/python3.12/site-packages/airflow/example_dags/example_bash_decorator.py
[2024-10-02T01:48:49.227+0000] {processor.py:925} INFO - DAG(s) 'example_bash_decorator' retrieved from /home/airflow/.local/lib/python3.12/site-packages/airflow/example_dags/example_bash_decorator.py
[2024-10-02T01:48:49.243+0000] {logging_mixin.py:190} INFO - [2024-10-02T01:48:49.243+0000] {dag.py:3239} INFO - Sync 1 DAGs
[2024-10-02T01:48:49.252+0000] {logging_mixin.py:190} INFO - [2024-10-02T01:48:49.252+0000] {dag.py:4180} INFO - Setting next_dagrun for example_bash_decorator to None, run_after=None
[2024-10-02T01:48:49.262+0000] {processor.py:208} INFO - Processing /home/airflow/.local/lib/python3.12/site-packages/airflow/example_dags/example_bash_decorator.py took 0.063 seconds
[2024-10-02T01:49:19.562+0000] {processor.py:186} INFO - Started process (PID=169) to work on /home/airflow/.local/lib/python3.12/site-packages/airflow/example_dags/example_bash_decorator.py
[2024-10-02T01:49:19.564+0000] {processor.py:914} INFO - Processing file /home/airflow/.local/lib/python3.12/site-packages/airflow/example_dags/example_bash_decorator.py for tasks to queue
[2024-10-02T01:49:19.567+0000] {logging_mixin.py:190} INFO - [2024-10-02T01:49:19.567+0000] {dagbag.py:588} INFO - Filling up the DagBag from /home/airflow/.local/lib/python3.12/site-packages/airflow/example_dags/example_bash_decorator.py
[2024-10-02T01:49:19.582+0000] {processor.py:925} INFO - DAG(s) 'example_bash_decorator' retrieved from /home/airflow/.local/lib/python3.12/site-packages/airflow/example_dags/example_bash_decorator.py
[2024-10-02T01:49:19.598+0000] {logging_mixin.py:190} INFO - [2024-10-02T01:49:19.598+0000] {dag.py:3239} INFO - Sync 1 DAGs
[2024-10-02T01:49:19.608+0000] {logging_mixin.py:190} INFO - [2024-10-02T01:49:19.607+0000] {dag.py:4180} INFO - Setting next_dagrun for example_bash_decorator to None, run_after=None
[2024-10-02T01:49:19.623+0000] {processor.py:208} INFO - Processing /home/airflow/.local/lib/python3.12/site-packages/airflow/example_dags/example_bash_decorator.py took 0.073 seconds
[2024-10-02T01:49:49.788+0000] {processor.py:186} INFO - Started process (PID=231) to work on /home/airflow/.local/lib/python3.12/site-packages/airflow/example_dags/example_bash_decorator.py
[2024-10-02T01:49:49.791+0000] {processor.py:914} INFO - Processing file /home/airflow/.local/lib/python3.12/site-packages/airflow/example_dags/example_bash_decorator.py for tasks to queue
[2024-10-02T01:49:49.794+0000] {logging_mixin.py:190} INFO - [2024-10-02T01:49:49.794+0000] {dagbag.py:588} INFO - Filling up the DagBag from /home/airflow/.local/lib/python3.12/site-packages/airflow/example_dags/example_bash_decorator.py
[2024-10-02T01:49:49.808+0000] {processor.py:925} INFO - DAG(s) 'example_bash_decorator' retrieved from /home/airflow/.local/lib/python3.12/site-packages/airflow/example_dags/example_bash_decorator.py
[2024-10-02T01:49:49.821+0000] {logging_mixin.py:190} INFO - [2024-10-02T01:49:49.821+0000] {dag.py:3239} INFO - Sync 1 DAGs
[2024-10-02T01:49:49.829+0000] {logging_mixin.py:190} INFO - [2024-10-02T01:49:49.829+0000] {dag.py:4180} INFO - Setting next_dagrun for example_bash_decorator to None, run_after=None
[2024-10-02T01:49:49.844+0000] {processor.py:208} INFO - Processing /home/airflow/.local/lib/python3.12/site-packages/airflow/example_dags/example_bash_decorator.py took 0.068 seconds
[2024-10-02T01:50:20.146+0000] {processor.py:186} INFO - Started process (PID=293) to work on /home/airflow/.local/lib/python3.12/site-packages/airflow/example_dags/example_bash_decorator.py
[2024-10-02T01:50:20.148+0000] {processor.py:914} INFO - Processing file /home/airflow/.local/lib/python3.12/site-packages/airflow/example_dags/example_bash_decorator.py for tasks to queue
[2024-10-02T01:50:20.151+0000] {logging_mixin.py:190} INFO - [2024-10-02T01:50:20.150+0000] {dagbag.py:588} INFO - Filling up the DagBag from /home/airflow/.local/lib/python3.12/site-packages/airflow/example_dags/example_bash_decorator.py
[2024-10-02T01:50:20.165+0000] {processor.py:925} INFO - DAG(s) 'example_bash_decorator' retrieved from /home/airflow/.local/lib/python3.12/site-packages/airflow/example_dags/example_bash_decorator.py
[2024-10-02T01:50:20.181+0000] {logging_mixin.py:190} INFO - [2024-10-02T01:50:20.181+0000] {dag.py:3239} INFO - Sync 1 DAGs
[2024-10-02T01:50:20.189+0000] {logging_mixin.py:190} INFO - [2024-10-02T01:50:20.189+0000] {dag.py:4180} INFO - Setting next_dagrun for example_bash_decorator to None, run_after=None
[2024-10-02T01:50:20.207+0000] {processor.py:208} INFO - Processing /home/airflow/.local/lib/python3.12/site-packages/airflow/example_dags/example_bash_decorator.py took 0.070 seconds
[2024-10-02T01:50:50.287+0000] {processor.py:186} INFO - Started process (PID=355) to work on /home/airflow/.local/lib/python3.12/site-packages/airflow/example_dags/example_bash_decorator.py
[2024-10-02T01:50:50.288+0000] {processor.py:914} INFO - Processing file /home/airflow/.local/lib/python3.12/site-packages/airflow/example_dags/example_bash_decorator.py for tasks to queue
[2024-10-02T01:50:50.291+0000] {logging_mixin.py:190} INFO - [2024-10-02T01:50:50.290+0000] {dagbag.py:588} INFO - Filling up the DagBag from /home/airflow/.local/lib/python3.12/site-packages/airflow/example_dags/example_bash_decorator.py
[2024-10-02T01:50:50.301+0000] {processor.py:925} INFO - DAG(s) 'example_bash_decorator' retrieved from /home/airflow/.local/lib/python3.12/site-packages/airflow/example_dags/example_bash_decorator.py
[2024-10-02T01:50:50.314+0000] {logging_mixin.py:190} INFO - [2024-10-02T01:50:50.314+0000] {dag.py:3239} INFO - Sync 1 DAGs
[2024-10-02T01:50:50.322+0000] {logging_mixin.py:190} INFO - [2024-10-02T01:50:50.322+0000] {dag.py:4180} INFO - Setting next_dagrun for example_bash_decorator to None, run_after=None
[2024-10-02T01:50:50.332+0000] {processor.py:208} INFO - Processing /home/airflow/.local/lib/python3.12/site-packages/airflow/example_dags/example_bash_decorator.py took 0.053 seconds
[2024-10-02T01:51:20.717+0000] {processor.py:186} INFO - Started process (PID=417) to work on /home/airflow/.local/lib/python3.12/site-packages/airflow/example_dags/example_bash_decorator.py
[2024-10-02T01:51:20.717+0000] {processor.py:914} INFO - Processing file /home/airflow/.local/lib/python3.12/site-packages/airflow/example_dags/example_bash_decorator.py for tasks to queue
[2024-10-02T01:51:20.720+0000] {logging_mixin.py:190} INFO - [2024-10-02T01:51:20.719+0000] {dagbag.py:588} INFO - Filling up the DagBag from /home/airflow/.local/lib/python3.12/site-packages/airflow/example_dags/example_bash_decorator.py
[2024-10-02T01:51:20.732+0000] {processor.py:925} INFO - DAG(s) 'example_bash_decorator' retrieved from /home/airflow/.local/lib/python3.12/site-packages/airflow/example_dags/example_bash_decorator.py
[2024-10-02T01:51:20.747+0000] {logging_mixin.py:190} INFO - [2024-10-02T01:51:20.747+0000] {dag.py:3239} INFO - Sync 1 DAGs
[2024-10-02T01:51:20.755+0000] {logging_mixin.py:190} INFO - [2024-10-02T01:51:20.755+0000] {dag.py:4180} INFO - Setting next_dagrun for example_bash_decorator to None, run_after=None
[2024-10-02T01:51:20.765+0000] {processor.py:208} INFO - Processing /home/airflow/.local/lib/python3.12/site-packages/airflow/example_dags/example_bash_decorator.py took 0.057 seconds
[2024-10-02T01:51:50.931+0000] {processor.py:186} INFO - Started process (PID=479) to work on /home/airflow/.local/lib/python3.12/site-packages/airflow/example_dags/example_bash_decorator.py
[2024-10-02T01:51:50.932+0000] {processor.py:914} INFO - Processing file /home/airflow/.local/lib/python3.12/site-packages/airflow/example_dags/example_bash_decorator.py for tasks to queue
[2024-10-02T01:51:50.935+0000] {logging_mixin.py:190} INFO - [2024-10-02T01:51:50.934+0000] {dagbag.py:588} INFO - Filling up the DagBag from /home/airflow/.local/lib/python3.12/site-packages/airflow/example_dags/example_bash_decorator.py
[2024-10-02T01:51:50.946+0000] {processor.py:925} INFO - DAG(s) 'example_bash_decorator' retrieved from /home/airflow/.local/lib/python3.12/site-packages/airflow/example_dags/example_bash_decorator.py
[2024-10-02T01:51:50.959+0000] {logging_mixin.py:190} INFO - [2024-10-02T01:51:50.958+0000] {dag.py:3239} INFO - Sync 1 DAGs
[2024-10-02T01:51:50.966+0000] {logging_mixin.py:190} INFO - [2024-10-02T01:51:50.966+0000] {dag.py:4180} INFO - Setting next_dagrun for example_bash_decorator to None, run_after=None
[2024-10-02T01:51:50.975+0000] {processor.py:208} INFO - Processing /home/airflow/.local/lib/python3.12/site-packages/airflow/example_dags/example_bash_decorator.py took 0.052 seconds
[2024-10-02T01:52:21.111+0000] {processor.py:186} INFO - Started process (PID=541) to work on /home/airflow/.local/lib/python3.12/site-packages/airflow/example_dags/example_bash_decorator.py
[2024-10-02T01:52:21.113+0000] {processor.py:914} INFO - Processing file /home/airflow/.local/lib/python3.12/site-packages/airflow/example_dags/example_bash_decorator.py for tasks to queue
[2024-10-02T01:52:21.115+0000] {logging_mixin.py:190} INFO - [2024-10-02T01:52:21.115+0000] {dagbag.py:588} INFO - Filling up the DagBag from /home/airflow/.local/lib/python3.12/site-packages/airflow/example_dags/example_bash_decorator.py
[2024-10-02T01:52:21.128+0000] {processor.py:925} INFO - DAG(s) 'example_bash_decorator' retrieved from /home/airflow/.local/lib/python3.12/site-packages/airflow/example_dags/example_bash_decorator.py
[2024-10-02T01:52:21.143+0000] {logging_mixin.py:190} INFO - [2024-10-02T01:52:21.143+0000] {dag.py:3239} INFO - Sync 1 DAGs
[2024-10-02T01:52:21.152+0000] {logging_mixin.py:190} INFO - [2024-10-02T01:52:21.152+0000] {dag.py:4180} INFO - Setting next_dagrun for example_bash_decorator to None, run_after=None
[2024-10-02T01:52:21.166+0000] {processor.py:208} INFO - Processing /home/airflow/.local/lib/python3.12/site-packages/airflow/example_dags/example_bash_decorator.py took 0.066 seconds
[2024-10-02T01:52:51.315+0000] {processor.py:186} INFO - Started process (PID=603) to work on /home/airflow/.local/lib/python3.12/site-packages/airflow/example_dags/example_bash_decorator.py
[2024-10-02T01:52:51.316+0000] {processor.py:914} INFO - Processing file /home/airflow/.local/lib/python3.12/site-packages/airflow/example_dags/example_bash_decorator.py for tasks to queue
[2024-10-02T01:52:51.318+0000] {logging_mixin.py:190} INFO - [2024-10-02T01:52:51.318+0000] {dagbag.py:588} INFO - Filling up the DagBag from /home/airflow/.local/lib/python3.12/site-packages/airflow/example_dags/example_bash_decorator.py
[2024-10-02T01:52:51.335+0000] {processor.py:925} INFO - DAG(s) 'example_bash_decorator' retrieved from /home/airflow/.local/lib/python3.12/site-packages/airflow/example_dags/example_bash_decorator.py
[2024-10-02T01:52:51.354+0000] {logging_mixin.py:190} INFO - [2024-10-02T01:52:51.354+0000] {dag.py:3239} INFO - Sync 1 DAGs
[2024-10-02T01:52:51.363+0000] {logging_mixin.py:190} INFO - [2024-10-02T01:52:51.363+0000] {dag.py:4180} INFO - Setting next_dagrun for example_bash_decorator to None, run_after=None
[2024-10-02T01:52:51.374+0000] {processor.py:208} INFO - Processing /home/airflow/.local/lib/python3.12/site-packages/airflow/example_dags/example_bash_decorator.py took 0.068 seconds
