[2024-10-02T01:48:22.149+0000] {processor.py:186} INFO - Started process (PID=84) to work on /home/airflow/.local/lib/python3.12/site-packages/airflow/example_dags/example_task_group_decorator.py
[2024-10-02T01:48:22.150+0000] {processor.py:914} INFO - Processing file /home/airflow/.local/lib/python3.12/site-packages/airflow/example_dags/example_task_group_decorator.py for tasks to queue
[2024-10-02T01:48:22.152+0000] {logging_mixin.py:190} INFO - [2024-10-02T01:48:22.152+0000] {dagbag.py:588} INFO - Filling up the DagBag from /home/airflow/.local/lib/python3.12/site-packages/airflow/example_dags/example_task_group_decorator.py
[2024-10-02T01:48:22.160+0000] {processor.py:925} INFO - DAG(s) 'example_task_group_decorator' retrieved from /home/airflow/.local/lib/python3.12/site-packages/airflow/example_dags/example_task_group_decorator.py
[2024-10-02T01:48:22.211+0000] {logging_mixin.py:190} INFO - [2024-10-02T01:48:22.210+0000] {override.py:1900} INFO - Created Permission View: can delete on DAG:example_task_group_decorator
[2024-10-02T01:48:22.217+0000] {logging_mixin.py:190} INFO - [2024-10-02T01:48:22.216+0000] {override.py:1900} INFO - Created Permission View: can read on DAG:example_task_group_decorator
[2024-10-02T01:48:22.220+0000] {logging_mixin.py:190} INFO - [2024-10-02T01:48:22.220+0000] {override.py:1900} INFO - Created Permission View: can edit on DAG:example_task_group_decorator
[2024-10-02T01:48:22.224+0000] {logging_mixin.py:190} INFO - [2024-10-02T01:48:22.224+0000] {override.py:1900} INFO - Created Permission View: can delete on DAG Run:example_task_group_decorator
[2024-10-02T01:48:22.227+0000] {logging_mixin.py:190} INFO - [2024-10-02T01:48:22.227+0000] {override.py:1900} INFO - Created Permission View: can create on DAG Run:example_task_group_decorator
[2024-10-02T01:48:22.230+0000] {logging_mixin.py:190} INFO - [2024-10-02T01:48:22.230+0000] {override.py:1900} INFO - Created Permission View: can read on DAG Run:example_task_group_decorator
[2024-10-02T01:48:22.234+0000] {logging_mixin.py:190} INFO - [2024-10-02T01:48:22.234+0000] {override.py:1900} INFO - Created Permission View: menu access on DAG Run:example_task_group_decorator
[2024-10-02T01:48:22.235+0000] {logging_mixin.py:190} INFO - [2024-10-02T01:48:22.234+0000] {dag.py:3239} INFO - Sync 1 DAGs
[2024-10-02T01:48:22.240+0000] {logging_mixin.py:190} INFO - [2024-10-02T01:48:22.240+0000] {dag.py:3262} INFO - Creating ORM DAG for example_task_group_decorator
[2024-10-02T01:48:22.240+0000] {logging_mixin.py:190} INFO - [2024-10-02T01:48:22.240+0000] {dag.py:4180} INFO - Setting next_dagrun for example_task_group_decorator to None, run_after=None
[2024-10-02T01:48:22.247+0000] {processor.py:208} INFO - Processing /home/airflow/.local/lib/python3.12/site-packages/airflow/example_dags/example_task_group_decorator.py took 0.105 seconds
[2024-10-02T01:48:52.783+0000] {processor.py:186} INFO - Started process (PID=146) to work on /home/airflow/.local/lib/python3.12/site-packages/airflow/example_dags/example_task_group_decorator.py
[2024-10-02T01:48:52.784+0000] {processor.py:914} INFO - Processing file /home/airflow/.local/lib/python3.12/site-packages/airflow/example_dags/example_task_group_decorator.py for tasks to queue
[2024-10-02T01:48:52.785+0000] {logging_mixin.py:190} INFO - [2024-10-02T01:48:52.785+0000] {dagbag.py:588} INFO - Filling up the DagBag from /home/airflow/.local/lib/python3.12/site-packages/airflow/example_dags/example_task_group_decorator.py
[2024-10-02T01:48:52.793+0000] {processor.py:925} INFO - DAG(s) 'example_task_group_decorator' retrieved from /home/airflow/.local/lib/python3.12/site-packages/airflow/example_dags/example_task_group_decorator.py
[2024-10-02T01:48:52.807+0000] {logging_mixin.py:190} INFO - [2024-10-02T01:48:52.807+0000] {dag.py:3239} INFO - Sync 1 DAGs
[2024-10-02T01:48:52.814+0000] {logging_mixin.py:190} INFO - [2024-10-02T01:48:52.814+0000] {dag.py:4180} INFO - Setting next_dagrun for example_task_group_decorator to None, run_after=None
[2024-10-02T01:48:52.824+0000] {processor.py:208} INFO - Processing /home/airflow/.local/lib/python3.12/site-packages/airflow/example_dags/example_task_group_decorator.py took 0.044 seconds
[2024-10-02T01:49:23.023+0000] {processor.py:186} INFO - Started process (PID=214) to work on /home/airflow/.local/lib/python3.12/site-packages/airflow/example_dags/example_task_group_decorator.py
[2024-10-02T01:49:23.024+0000] {processor.py:914} INFO - Processing file /home/airflow/.local/lib/python3.12/site-packages/airflow/example_dags/example_task_group_decorator.py for tasks to queue
[2024-10-02T01:49:23.025+0000] {logging_mixin.py:190} INFO - [2024-10-02T01:49:23.025+0000] {dagbag.py:588} INFO - Filling up the DagBag from /home/airflow/.local/lib/python3.12/site-packages/airflow/example_dags/example_task_group_decorator.py
[2024-10-02T01:49:23.032+0000] {processor.py:925} INFO - DAG(s) 'example_task_group_decorator' retrieved from /home/airflow/.local/lib/python3.12/site-packages/airflow/example_dags/example_task_group_decorator.py
[2024-10-02T01:49:23.043+0000] {logging_mixin.py:190} INFO - [2024-10-02T01:49:23.043+0000] {dag.py:3239} INFO - Sync 1 DAGs
[2024-10-02T01:49:23.050+0000] {logging_mixin.py:190} INFO - [2024-10-02T01:49:23.050+0000] {dag.py:4180} INFO - Setting next_dagrun for example_task_group_decorator to None, run_after=None
[2024-10-02T01:49:23.059+0000] {processor.py:208} INFO - Processing /home/airflow/.local/lib/python3.12/site-packages/airflow/example_dags/example_task_group_decorator.py took 0.039 seconds
[2024-10-02T01:49:53.194+0000] {processor.py:186} INFO - Started process (PID=276) to work on /home/airflow/.local/lib/python3.12/site-packages/airflow/example_dags/example_task_group_decorator.py
[2024-10-02T01:49:53.194+0000] {processor.py:914} INFO - Processing file /home/airflow/.local/lib/python3.12/site-packages/airflow/example_dags/example_task_group_decorator.py for tasks to queue
[2024-10-02T01:49:53.196+0000] {logging_mixin.py:190} INFO - [2024-10-02T01:49:53.195+0000] {dagbag.py:588} INFO - Filling up the DagBag from /home/airflow/.local/lib/python3.12/site-packages/airflow/example_dags/example_task_group_decorator.py
[2024-10-02T01:49:53.203+0000] {processor.py:925} INFO - DAG(s) 'example_task_group_decorator' retrieved from /home/airflow/.local/lib/python3.12/site-packages/airflow/example_dags/example_task_group_decorator.py
[2024-10-02T01:49:53.215+0000] {logging_mixin.py:190} INFO - [2024-10-02T01:49:53.215+0000] {dag.py:3239} INFO - Sync 1 DAGs
[2024-10-02T01:49:53.222+0000] {logging_mixin.py:190} INFO - [2024-10-02T01:49:53.222+0000] {dag.py:4180} INFO - Setting next_dagrun for example_task_group_decorator to None, run_after=None
[2024-10-02T01:49:53.232+0000] {processor.py:208} INFO - Processing /home/airflow/.local/lib/python3.12/site-packages/airflow/example_dags/example_task_group_decorator.py took 0.041 seconds
[2024-10-02T01:50:23.583+0000] {processor.py:186} INFO - Started process (PID=338) to work on /home/airflow/.local/lib/python3.12/site-packages/airflow/example_dags/example_task_group_decorator.py
[2024-10-02T01:50:23.584+0000] {processor.py:914} INFO - Processing file /home/airflow/.local/lib/python3.12/site-packages/airflow/example_dags/example_task_group_decorator.py for tasks to queue
[2024-10-02T01:50:23.585+0000] {logging_mixin.py:190} INFO - [2024-10-02T01:50:23.585+0000] {dagbag.py:588} INFO - Filling up the DagBag from /home/airflow/.local/lib/python3.12/site-packages/airflow/example_dags/example_task_group_decorator.py
[2024-10-02T01:50:23.592+0000] {processor.py:925} INFO - DAG(s) 'example_task_group_decorator' retrieved from /home/airflow/.local/lib/python3.12/site-packages/airflow/example_dags/example_task_group_decorator.py
[2024-10-02T01:50:23.603+0000] {logging_mixin.py:190} INFO - [2024-10-02T01:50:23.603+0000] {dag.py:3239} INFO - Sync 1 DAGs
[2024-10-02T01:50:23.609+0000] {logging_mixin.py:190} INFO - [2024-10-02T01:50:23.609+0000] {dag.py:4180} INFO - Setting next_dagrun for example_task_group_decorator to None, run_after=None
[2024-10-02T01:50:23.618+0000] {processor.py:208} INFO - Processing /home/airflow/.local/lib/python3.12/site-packages/airflow/example_dags/example_task_group_decorator.py took 0.037 seconds
[2024-10-02T01:50:53.994+0000] {processor.py:186} INFO - Started process (PID=400) to work on /home/airflow/.local/lib/python3.12/site-packages/airflow/example_dags/example_task_group_decorator.py
[2024-10-02T01:50:53.994+0000] {processor.py:914} INFO - Processing file /home/airflow/.local/lib/python3.12/site-packages/airflow/example_dags/example_task_group_decorator.py for tasks to queue
[2024-10-02T01:50:53.996+0000] {logging_mixin.py:190} INFO - [2024-10-02T01:50:53.995+0000] {dagbag.py:588} INFO - Filling up the DagBag from /home/airflow/.local/lib/python3.12/site-packages/airflow/example_dags/example_task_group_decorator.py
[2024-10-02T01:50:54.003+0000] {processor.py:925} INFO - DAG(s) 'example_task_group_decorator' retrieved from /home/airflow/.local/lib/python3.12/site-packages/airflow/example_dags/example_task_group_decorator.py
[2024-10-02T01:50:54.015+0000] {logging_mixin.py:190} INFO - [2024-10-02T01:50:54.015+0000] {dag.py:3239} INFO - Sync 1 DAGs
[2024-10-02T01:50:54.022+0000] {logging_mixin.py:190} INFO - [2024-10-02T01:50:54.021+0000] {dag.py:4180} INFO - Setting next_dagrun for example_task_group_decorator to None, run_after=None
[2024-10-02T01:50:54.030+0000] {processor.py:208} INFO - Processing /home/airflow/.local/lib/python3.12/site-packages/airflow/example_dags/example_task_group_decorator.py took 0.040 seconds
[2024-10-02T01:51:24.061+0000] {processor.py:186} INFO - Started process (PID=462) to work on /home/airflow/.local/lib/python3.12/site-packages/airflow/example_dags/example_task_group_decorator.py
[2024-10-02T01:51:24.062+0000] {processor.py:914} INFO - Processing file /home/airflow/.local/lib/python3.12/site-packages/airflow/example_dags/example_task_group_decorator.py for tasks to queue
[2024-10-02T01:51:24.063+0000] {logging_mixin.py:190} INFO - [2024-10-02T01:51:24.063+0000] {dagbag.py:588} INFO - Filling up the DagBag from /home/airflow/.local/lib/python3.12/site-packages/airflow/example_dags/example_task_group_decorator.py
[2024-10-02T01:51:24.071+0000] {processor.py:925} INFO - DAG(s) 'example_task_group_decorator' retrieved from /home/airflow/.local/lib/python3.12/site-packages/airflow/example_dags/example_task_group_decorator.py
[2024-10-02T01:51:24.083+0000] {logging_mixin.py:190} INFO - [2024-10-02T01:51:24.083+0000] {dag.py:3239} INFO - Sync 1 DAGs
[2024-10-02T01:51:24.090+0000] {logging_mixin.py:190} INFO - [2024-10-02T01:51:24.090+0000] {dag.py:4180} INFO - Setting next_dagrun for example_task_group_decorator to None, run_after=None
[2024-10-02T01:51:24.099+0000] {processor.py:208} INFO - Processing /home/airflow/.local/lib/python3.12/site-packages/airflow/example_dags/example_task_group_decorator.py took 0.042 seconds
[2024-10-02T01:51:54.273+0000] {processor.py:186} INFO - Started process (PID=524) to work on /home/airflow/.local/lib/python3.12/site-packages/airflow/example_dags/example_task_group_decorator.py
[2024-10-02T01:51:54.274+0000] {processor.py:914} INFO - Processing file /home/airflow/.local/lib/python3.12/site-packages/airflow/example_dags/example_task_group_decorator.py for tasks to queue
[2024-10-02T01:51:54.275+0000] {logging_mixin.py:190} INFO - [2024-10-02T01:51:54.275+0000] {dagbag.py:588} INFO - Filling up the DagBag from /home/airflow/.local/lib/python3.12/site-packages/airflow/example_dags/example_task_group_decorator.py
[2024-10-02T01:51:54.283+0000] {processor.py:925} INFO - DAG(s) 'example_task_group_decorator' retrieved from /home/airflow/.local/lib/python3.12/site-packages/airflow/example_dags/example_task_group_decorator.py
[2024-10-02T01:51:54.294+0000] {logging_mixin.py:190} INFO - [2024-10-02T01:51:54.294+0000] {dag.py:3239} INFO - Sync 1 DAGs
[2024-10-02T01:51:54.300+0000] {logging_mixin.py:190} INFO - [2024-10-02T01:51:54.300+0000] {dag.py:4180} INFO - Setting next_dagrun for example_task_group_decorator to None, run_after=None
[2024-10-02T01:51:54.310+0000] {processor.py:208} INFO - Processing /home/airflow/.local/lib/python3.12/site-packages/airflow/example_dags/example_task_group_decorator.py took 0.039 seconds
[2024-10-02T01:52:24.511+0000] {processor.py:186} INFO - Started process (PID=586) to work on /home/airflow/.local/lib/python3.12/site-packages/airflow/example_dags/example_task_group_decorator.py
[2024-10-02T01:52:24.511+0000] {processor.py:914} INFO - Processing file /home/airflow/.local/lib/python3.12/site-packages/airflow/example_dags/example_task_group_decorator.py for tasks to queue
[2024-10-02T01:52:24.513+0000] {logging_mixin.py:190} INFO - [2024-10-02T01:52:24.513+0000] {dagbag.py:588} INFO - Filling up the DagBag from /home/airflow/.local/lib/python3.12/site-packages/airflow/example_dags/example_task_group_decorator.py
[2024-10-02T01:52:24.521+0000] {processor.py:925} INFO - DAG(s) 'example_task_group_decorator' retrieved from /home/airflow/.local/lib/python3.12/site-packages/airflow/example_dags/example_task_group_decorator.py
[2024-10-02T01:52:24.532+0000] {logging_mixin.py:190} INFO - [2024-10-02T01:52:24.532+0000] {dag.py:3239} INFO - Sync 1 DAGs
[2024-10-02T01:52:24.538+0000] {logging_mixin.py:190} INFO - [2024-10-02T01:52:24.538+0000] {dag.py:4180} INFO - Setting next_dagrun for example_task_group_decorator to None, run_after=None
[2024-10-02T01:52:24.546+0000] {processor.py:208} INFO - Processing /home/airflow/.local/lib/python3.12/site-packages/airflow/example_dags/example_task_group_decorator.py took 0.038 seconds
