[2024-10-02T01:48:21.774+0000] {processor.py:186} INFO - Started process (PID=78) to work on /home/airflow/.local/lib/python3.12/site-packages/airflow/example_dags/example_short_circuit_decorator.py
[2024-10-02T01:48:21.774+0000] {processor.py:914} INFO - Processing file /home/airflow/.local/lib/python3.12/site-packages/airflow/example_dags/example_short_circuit_decorator.py for tasks to queue
[2024-10-02T01:48:21.775+0000] {logging_mixin.py:190} INFO - [2024-10-02T01:48:21.775+0000] {dagbag.py:588} INFO - Filling up the DagBag from /home/airflow/.local/lib/python3.12/site-packages/airflow/example_dags/example_short_circuit_decorator.py
[2024-10-02T01:48:21.781+0000] {processor.py:925} INFO - DAG(s) 'example_short_circuit_decorator' retrieved from /home/airflow/.local/lib/python3.12/site-packages/airflow/example_dags/example_short_circuit_decorator.py
[2024-10-02T01:48:21.832+0000] {logging_mixin.py:190} INFO - [2024-10-02T01:48:21.832+0000] {override.py:1900} INFO - Created Permission View: can delete on DAG:example_short_circuit_decorator
[2024-10-02T01:48:21.838+0000] {logging_mixin.py:190} INFO - [2024-10-02T01:48:21.838+0000] {override.py:1900} INFO - Created Permission View: can read on DAG:example_short_circuit_decorator
[2024-10-02T01:48:21.841+0000] {logging_mixin.py:190} INFO - [2024-10-02T01:48:21.841+0000] {override.py:1900} INFO - Created Permission View: can edit on DAG:example_short_circuit_decorator
[2024-10-02T01:48:21.846+0000] {logging_mixin.py:190} INFO - [2024-10-02T01:48:21.846+0000] {override.py:1900} INFO - Created Permission View: can delete on DAG Run:example_short_circuit_decorator
[2024-10-02T01:48:21.854+0000] {logging_mixin.py:190} INFO - [2024-10-02T01:48:21.854+0000] {override.py:1900} INFO - Created Permission View: can create on DAG Run:example_short_circuit_decorator
[2024-10-02T01:48:21.858+0000] {logging_mixin.py:190} INFO - [2024-10-02T01:48:21.858+0000] {override.py:1900} INFO - Created Permission View: can read on DAG Run:example_short_circuit_decorator
[2024-10-02T01:48:21.862+0000] {logging_mixin.py:190} INFO - [2024-10-02T01:48:21.862+0000] {override.py:1900} INFO - Created Permission View: menu access on DAG Run:example_short_circuit_decorator
[2024-10-02T01:48:21.862+0000] {logging_mixin.py:190} INFO - [2024-10-02T01:48:21.862+0000] {dag.py:3239} INFO - Sync 1 DAGs
[2024-10-02T01:48:21.869+0000] {logging_mixin.py:190} INFO - [2024-10-02T01:48:21.869+0000] {dag.py:3262} INFO - Creating ORM DAG for example_short_circuit_decorator
[2024-10-02T01:48:21.869+0000] {logging_mixin.py:190} INFO - [2024-10-02T01:48:21.869+0000] {dag.py:4180} INFO - Setting next_dagrun for example_short_circuit_decorator to None, run_after=None
[2024-10-02T01:48:21.877+0000] {processor.py:208} INFO - Processing /home/airflow/.local/lib/python3.12/site-packages/airflow/example_dags/example_short_circuit_decorator.py took 0.106 seconds
[2024-10-02T01:48:52.601+0000] {processor.py:186} INFO - Started process (PID=140) to work on /home/airflow/.local/lib/python3.12/site-packages/airflow/example_dags/example_short_circuit_decorator.py
[2024-10-02T01:48:52.602+0000] {processor.py:914} INFO - Processing file /home/airflow/.local/lib/python3.12/site-packages/airflow/example_dags/example_short_circuit_decorator.py for tasks to queue
[2024-10-02T01:48:52.603+0000] {logging_mixin.py:190} INFO - [2024-10-02T01:48:52.603+0000] {dagbag.py:588} INFO - Filling up the DagBag from /home/airflow/.local/lib/python3.12/site-packages/airflow/example_dags/example_short_circuit_decorator.py
[2024-10-02T01:48:52.609+0000] {processor.py:925} INFO - DAG(s) 'example_short_circuit_decorator' retrieved from /home/airflow/.local/lib/python3.12/site-packages/airflow/example_dags/example_short_circuit_decorator.py
[2024-10-02T01:48:52.620+0000] {logging_mixin.py:190} INFO - [2024-10-02T01:48:52.620+0000] {dag.py:3239} INFO - Sync 1 DAGs
[2024-10-02T01:48:52.628+0000] {logging_mixin.py:190} INFO - [2024-10-02T01:48:52.628+0000] {dag.py:4180} INFO - Setting next_dagrun for example_short_circuit_decorator to None, run_after=None
[2024-10-02T01:48:52.639+0000] {processor.py:208} INFO - Processing /home/airflow/.local/lib/python3.12/site-packages/airflow/example_dags/example_short_circuit_decorator.py took 0.042 seconds
[2024-10-02T01:49:22.821+0000] {processor.py:186} INFO - Started process (PID=208) to work on /home/airflow/.local/lib/python3.12/site-packages/airflow/example_dags/example_short_circuit_decorator.py
[2024-10-02T01:49:22.822+0000] {processor.py:914} INFO - Processing file /home/airflow/.local/lib/python3.12/site-packages/airflow/example_dags/example_short_circuit_decorator.py for tasks to queue
[2024-10-02T01:49:22.823+0000] {logging_mixin.py:190} INFO - [2024-10-02T01:49:22.823+0000] {dagbag.py:588} INFO - Filling up the DagBag from /home/airflow/.local/lib/python3.12/site-packages/airflow/example_dags/example_short_circuit_decorator.py
[2024-10-02T01:49:22.828+0000] {processor.py:925} INFO - DAG(s) 'example_short_circuit_decorator' retrieved from /home/airflow/.local/lib/python3.12/site-packages/airflow/example_dags/example_short_circuit_decorator.py
[2024-10-02T01:49:22.839+0000] {logging_mixin.py:190} INFO - [2024-10-02T01:49:22.839+0000] {dag.py:3239} INFO - Sync 1 DAGs
[2024-10-02T01:49:22.845+0000] {logging_mixin.py:190} INFO - [2024-10-02T01:49:22.845+0000] {dag.py:4180} INFO - Setting next_dagrun for example_short_circuit_decorator to None, run_after=None
[2024-10-02T01:49:22.854+0000] {processor.py:208} INFO - Processing /home/airflow/.local/lib/python3.12/site-packages/airflow/example_dags/example_short_circuit_decorator.py took 0.036 seconds
[2024-10-02T01:49:53.052+0000] {processor.py:186} INFO - Started process (PID=270) to work on /home/airflow/.local/lib/python3.12/site-packages/airflow/example_dags/example_short_circuit_decorator.py
[2024-10-02T01:49:53.053+0000] {processor.py:914} INFO - Processing file /home/airflow/.local/lib/python3.12/site-packages/airflow/example_dags/example_short_circuit_decorator.py for tasks to queue
[2024-10-02T01:49:53.054+0000] {logging_mixin.py:190} INFO - [2024-10-02T01:49:53.054+0000] {dagbag.py:588} INFO - Filling up the DagBag from /home/airflow/.local/lib/python3.12/site-packages/airflow/example_dags/example_short_circuit_decorator.py
[2024-10-02T01:49:53.059+0000] {processor.py:925} INFO - DAG(s) 'example_short_circuit_decorator' retrieved from /home/airflow/.local/lib/python3.12/site-packages/airflow/example_dags/example_short_circuit_decorator.py
[2024-10-02T01:49:53.069+0000] {logging_mixin.py:190} INFO - [2024-10-02T01:49:53.069+0000] {dag.py:3239} INFO - Sync 1 DAGs
[2024-10-02T01:49:53.076+0000] {logging_mixin.py:190} INFO - [2024-10-02T01:49:53.076+0000] {dag.py:4180} INFO - Setting next_dagrun for example_short_circuit_decorator to None, run_after=None
[2024-10-02T01:49:53.085+0000] {processor.py:208} INFO - Processing /home/airflow/.local/lib/python3.12/site-packages/airflow/example_dags/example_short_circuit_decorator.py took 0.037 seconds
[2024-10-02T01:50:23.437+0000] {processor.py:186} INFO - Started process (PID=332) to work on /home/airflow/.local/lib/python3.12/site-packages/airflow/example_dags/example_short_circuit_decorator.py
[2024-10-02T01:50:23.437+0000] {processor.py:914} INFO - Processing file /home/airflow/.local/lib/python3.12/site-packages/airflow/example_dags/example_short_circuit_decorator.py for tasks to queue
[2024-10-02T01:50:23.438+0000] {logging_mixin.py:190} INFO - [2024-10-02T01:50:23.438+0000] {dagbag.py:588} INFO - Filling up the DagBag from /home/airflow/.local/lib/python3.12/site-packages/airflow/example_dags/example_short_circuit_decorator.py
[2024-10-02T01:50:23.443+0000] {processor.py:925} INFO - DAG(s) 'example_short_circuit_decorator' retrieved from /home/airflow/.local/lib/python3.12/site-packages/airflow/example_dags/example_short_circuit_decorator.py
[2024-10-02T01:50:23.453+0000] {logging_mixin.py:190} INFO - [2024-10-02T01:50:23.453+0000] {dag.py:3239} INFO - Sync 1 DAGs
[2024-10-02T01:50:23.459+0000] {logging_mixin.py:190} INFO - [2024-10-02T01:50:23.459+0000] {dag.py:4180} INFO - Setting next_dagrun for example_short_circuit_decorator to None, run_after=None
[2024-10-02T01:50:23.469+0000] {processor.py:208} INFO - Processing /home/airflow/.local/lib/python3.12/site-packages/airflow/example_dags/example_short_circuit_decorator.py took 0.035 seconds
[2024-10-02T01:50:53.809+0000] {processor.py:186} INFO - Started process (PID=394) to work on /home/airflow/.local/lib/python3.12/site-packages/airflow/example_dags/example_short_circuit_decorator.py
[2024-10-02T01:50:53.810+0000] {processor.py:914} INFO - Processing file /home/airflow/.local/lib/python3.12/site-packages/airflow/example_dags/example_short_circuit_decorator.py for tasks to queue
[2024-10-02T01:50:53.810+0000] {logging_mixin.py:190} INFO - [2024-10-02T01:50:53.810+0000] {dagbag.py:588} INFO - Filling up the DagBag from /home/airflow/.local/lib/python3.12/site-packages/airflow/example_dags/example_short_circuit_decorator.py
[2024-10-02T01:50:53.815+0000] {processor.py:925} INFO - DAG(s) 'example_short_circuit_decorator' retrieved from /home/airflow/.local/lib/python3.12/site-packages/airflow/example_dags/example_short_circuit_decorator.py
[2024-10-02T01:50:53.824+0000] {logging_mixin.py:190} INFO - [2024-10-02T01:50:53.824+0000] {dag.py:3239} INFO - Sync 1 DAGs
[2024-10-02T01:50:53.831+0000] {logging_mixin.py:190} INFO - [2024-10-02T01:50:53.831+0000] {dag.py:4180} INFO - Setting next_dagrun for example_short_circuit_decorator to None, run_after=None
[2024-10-02T01:50:53.842+0000] {processor.py:208} INFO - Processing /home/airflow/.local/lib/python3.12/site-packages/airflow/example_dags/example_short_circuit_decorator.py took 0.036 seconds
[2024-10-02T01:51:23.908+0000] {processor.py:186} INFO - Started process (PID=456) to work on /home/airflow/.local/lib/python3.12/site-packages/airflow/example_dags/example_short_circuit_decorator.py
[2024-10-02T01:51:23.909+0000] {processor.py:914} INFO - Processing file /home/airflow/.local/lib/python3.12/site-packages/airflow/example_dags/example_short_circuit_decorator.py for tasks to queue
[2024-10-02T01:51:23.910+0000] {logging_mixin.py:190} INFO - [2024-10-02T01:51:23.909+0000] {dagbag.py:588} INFO - Filling up the DagBag from /home/airflow/.local/lib/python3.12/site-packages/airflow/example_dags/example_short_circuit_decorator.py
[2024-10-02T01:51:23.914+0000] {processor.py:925} INFO - DAG(s) 'example_short_circuit_decorator' retrieved from /home/airflow/.local/lib/python3.12/site-packages/airflow/example_dags/example_short_circuit_decorator.py
[2024-10-02T01:51:23.924+0000] {logging_mixin.py:190} INFO - [2024-10-02T01:51:23.924+0000] {dag.py:3239} INFO - Sync 1 DAGs
[2024-10-02T01:51:23.932+0000] {logging_mixin.py:190} INFO - [2024-10-02T01:51:23.931+0000] {dag.py:4180} INFO - Setting next_dagrun for example_short_circuit_decorator to None, run_after=None
[2024-10-02T01:51:23.941+0000] {processor.py:208} INFO - Processing /home/airflow/.local/lib/python3.12/site-packages/airflow/example_dags/example_short_circuit_decorator.py took 0.036 seconds
[2024-10-02T01:51:54.123+0000] {processor.py:186} INFO - Started process (PID=518) to work on /home/airflow/.local/lib/python3.12/site-packages/airflow/example_dags/example_short_circuit_decorator.py
[2024-10-02T01:51:54.124+0000] {processor.py:914} INFO - Processing file /home/airflow/.local/lib/python3.12/site-packages/airflow/example_dags/example_short_circuit_decorator.py for tasks to queue
[2024-10-02T01:51:54.125+0000] {logging_mixin.py:190} INFO - [2024-10-02T01:51:54.125+0000] {dagbag.py:588} INFO - Filling up the DagBag from /home/airflow/.local/lib/python3.12/site-packages/airflow/example_dags/example_short_circuit_decorator.py
[2024-10-02T01:51:54.131+0000] {processor.py:925} INFO - DAG(s) 'example_short_circuit_decorator' retrieved from /home/airflow/.local/lib/python3.12/site-packages/airflow/example_dags/example_short_circuit_decorator.py
[2024-10-02T01:51:54.142+0000] {logging_mixin.py:190} INFO - [2024-10-02T01:51:54.141+0000] {dag.py:3239} INFO - Sync 1 DAGs
[2024-10-02T01:51:54.148+0000] {logging_mixin.py:190} INFO - [2024-10-02T01:51:54.148+0000] {dag.py:4180} INFO - Setting next_dagrun for example_short_circuit_decorator to None, run_after=None
[2024-10-02T01:51:54.157+0000] {processor.py:208} INFO - Processing /home/airflow/.local/lib/python3.12/site-packages/airflow/example_dags/example_short_circuit_decorator.py took 0.037 seconds
[2024-10-02T01:52:24.367+0000] {processor.py:186} INFO - Started process (PID=580) to work on /home/airflow/.local/lib/python3.12/site-packages/airflow/example_dags/example_short_circuit_decorator.py
[2024-10-02T01:52:24.367+0000] {processor.py:914} INFO - Processing file /home/airflow/.local/lib/python3.12/site-packages/airflow/example_dags/example_short_circuit_decorator.py for tasks to queue
[2024-10-02T01:52:24.368+0000] {logging_mixin.py:190} INFO - [2024-10-02T01:52:24.368+0000] {dagbag.py:588} INFO - Filling up the DagBag from /home/airflow/.local/lib/python3.12/site-packages/airflow/example_dags/example_short_circuit_decorator.py
[2024-10-02T01:52:24.373+0000] {processor.py:925} INFO - DAG(s) 'example_short_circuit_decorator' retrieved from /home/airflow/.local/lib/python3.12/site-packages/airflow/example_dags/example_short_circuit_decorator.py
[2024-10-02T01:52:24.384+0000] {logging_mixin.py:190} INFO - [2024-10-02T01:52:24.384+0000] {dag.py:3239} INFO - Sync 1 DAGs
[2024-10-02T01:52:24.390+0000] {logging_mixin.py:190} INFO - [2024-10-02T01:52:24.390+0000] {dag.py:4180} INFO - Setting next_dagrun for example_short_circuit_decorator to None, run_after=None
[2024-10-02T01:52:24.399+0000] {processor.py:208} INFO - Processing /home/airflow/.local/lib/python3.12/site-packages/airflow/example_dags/example_short_circuit_decorator.py took 0.035 seconds
