[2024-10-02T01:48:19.541+0000] {processor.py:186} INFO - Started process (PID=56) to work on /home/airflow/.local/lib/python3.12/site-packages/airflow/example_dags/example_dataset_alias_with_no_taskflow.py
[2024-10-02T01:48:19.541+0000] {processor.py:914} INFO - Processing file /home/airflow/.local/lib/python3.12/site-packages/airflow/example_dags/example_dataset_alias_with_no_taskflow.py for tasks to queue
[2024-10-02T01:48:19.542+0000] {logging_mixin.py:190} INFO - [2024-10-02T01:48:19.542+0000] {dagbag.py:588} INFO - Filling up the DagBag from /home/airflow/.local/lib/python3.12/site-packages/airflow/example_dags/example_dataset_alias_with_no_taskflow.py
[2024-10-02T01:48:19.795+0000] {processor.py:925} INFO - DAG(s) 'dataset_s3_bucket_consumer_with_no_taskflow', 'dataset_s3_bucket_producer_with_no_taskflow', 'dataset_alias_example_alias_consumer_with_no_taskflow', 'dataset_alias_example_alias_producer_with_no_taskflow' retrieved from /home/airflow/.local/lib/python3.12/site-packages/airflow/example_dags/example_dataset_alias_with_no_taskflow.py
[2024-10-02T01:48:19.849+0000] {logging_mixin.py:190} INFO - [2024-10-02T01:48:19.849+0000] {override.py:1900} INFO - Created Permission View: can delete on DAG:dataset_s3_bucket_consumer_with_no_taskflow
[2024-10-02T01:48:19.860+0000] {logging_mixin.py:190} INFO - [2024-10-02T01:48:19.859+0000] {override.py:1900} INFO - Created Permission View: can read on DAG:dataset_s3_bucket_consumer_with_no_taskflow
[2024-10-02T01:48:19.865+0000] {logging_mixin.py:190} INFO - [2024-10-02T01:48:19.865+0000] {override.py:1900} INFO - Created Permission View: can edit on DAG:dataset_s3_bucket_consumer_with_no_taskflow
[2024-10-02T01:48:19.872+0000] {logging_mixin.py:190} INFO - [2024-10-02T01:48:19.872+0000] {override.py:1900} INFO - Created Permission View: can delete on DAG Run:dataset_s3_bucket_consumer_with_no_taskflow
[2024-10-02T01:48:19.876+0000] {logging_mixin.py:190} INFO - [2024-10-02T01:48:19.876+0000] {override.py:1900} INFO - Created Permission View: can create on DAG Run:dataset_s3_bucket_consumer_with_no_taskflow
[2024-10-02T01:48:19.879+0000] {logging_mixin.py:190} INFO - [2024-10-02T01:48:19.879+0000] {override.py:1900} INFO - Created Permission View: can read on DAG Run:dataset_s3_bucket_consumer_with_no_taskflow
[2024-10-02T01:48:19.883+0000] {logging_mixin.py:190} INFO - [2024-10-02T01:48:19.883+0000] {override.py:1900} INFO - Created Permission View: menu access on DAG Run:dataset_s3_bucket_consumer_with_no_taskflow
[2024-10-02T01:48:19.889+0000] {logging_mixin.py:190} INFO - [2024-10-02T01:48:19.889+0000] {override.py:1900} INFO - Created Permission View: can delete on DAG:dataset_s3_bucket_producer_with_no_taskflow
[2024-10-02T01:48:19.891+0000] {logging_mixin.py:190} INFO - [2024-10-02T01:48:19.891+0000] {override.py:1900} INFO - Created Permission View: can read on DAG:dataset_s3_bucket_producer_with_no_taskflow
[2024-10-02T01:48:19.894+0000] {logging_mixin.py:190} INFO - [2024-10-02T01:48:19.894+0000] {override.py:1900} INFO - Created Permission View: can edit on DAG:dataset_s3_bucket_producer_with_no_taskflow
[2024-10-02T01:48:19.898+0000] {logging_mixin.py:190} INFO - [2024-10-02T01:48:19.898+0000] {override.py:1900} INFO - Created Permission View: can delete on DAG Run:dataset_s3_bucket_producer_with_no_taskflow
[2024-10-02T01:48:19.901+0000] {logging_mixin.py:190} INFO - [2024-10-02T01:48:19.901+0000] {override.py:1900} INFO - Created Permission View: can create on DAG Run:dataset_s3_bucket_producer_with_no_taskflow
[2024-10-02T01:48:19.904+0000] {logging_mixin.py:190} INFO - [2024-10-02T01:48:19.904+0000] {override.py:1900} INFO - Created Permission View: can read on DAG Run:dataset_s3_bucket_producer_with_no_taskflow
[2024-10-02T01:48:19.907+0000] {logging_mixin.py:190} INFO - [2024-10-02T01:48:19.907+0000] {override.py:1900} INFO - Created Permission View: menu access on DAG Run:dataset_s3_bucket_producer_with_no_taskflow
[2024-10-02T01:48:19.913+0000] {logging_mixin.py:190} INFO - [2024-10-02T01:48:19.913+0000] {override.py:1900} INFO - Created Permission View: can delete on DAG:dataset_alias_example_alias_consumer_with_no_taskflow
[2024-10-02T01:48:19.916+0000] {logging_mixin.py:190} INFO - [2024-10-02T01:48:19.916+0000] {override.py:1900} INFO - Created Permission View: can read on DAG:dataset_alias_example_alias_consumer_with_no_taskflow
[2024-10-02T01:48:19.919+0000] {logging_mixin.py:190} INFO - [2024-10-02T01:48:19.919+0000] {override.py:1900} INFO - Created Permission View: can edit on DAG:dataset_alias_example_alias_consumer_with_no_taskflow
[2024-10-02T01:48:19.922+0000] {logging_mixin.py:190} INFO - [2024-10-02T01:48:19.922+0000] {override.py:1900} INFO - Created Permission View: can delete on DAG Run:dataset_alias_example_alias_consumer_with_no_taskflow
[2024-10-02T01:48:19.925+0000] {logging_mixin.py:190} INFO - [2024-10-02T01:48:19.925+0000] {override.py:1900} INFO - Created Permission View: can create on DAG Run:dataset_alias_example_alias_consumer_with_no_taskflow
[2024-10-02T01:48:19.928+0000] {logging_mixin.py:190} INFO - [2024-10-02T01:48:19.928+0000] {override.py:1900} INFO - Created Permission View: can read on DAG Run:dataset_alias_example_alias_consumer_with_no_taskflow
[2024-10-02T01:48:19.932+0000] {logging_mixin.py:190} INFO - [2024-10-02T01:48:19.932+0000] {override.py:1900} INFO - Created Permission View: menu access on DAG Run:dataset_alias_example_alias_consumer_with_no_taskflow
[2024-10-02T01:48:19.939+0000] {logging_mixin.py:190} INFO - [2024-10-02T01:48:19.938+0000] {override.py:1900} INFO - Created Permission View: can delete on DAG:dataset_alias_example_alias_producer_with_no_taskflow
[2024-10-02T01:48:19.942+0000] {logging_mixin.py:190} INFO - [2024-10-02T01:48:19.942+0000] {override.py:1900} INFO - Created Permission View: can read on DAG:dataset_alias_example_alias_producer_with_no_taskflow
[2024-10-02T01:48:19.945+0000] {logging_mixin.py:190} INFO - [2024-10-02T01:48:19.945+0000] {override.py:1900} INFO - Created Permission View: can edit on DAG:dataset_alias_example_alias_producer_with_no_taskflow
[2024-10-02T01:48:19.949+0000] {logging_mixin.py:190} INFO - [2024-10-02T01:48:19.948+0000] {override.py:1900} INFO - Created Permission View: can delete on DAG Run:dataset_alias_example_alias_producer_with_no_taskflow
[2024-10-02T01:48:19.952+0000] {logging_mixin.py:190} INFO - [2024-10-02T01:48:19.951+0000] {override.py:1900} INFO - Created Permission View: can create on DAG Run:dataset_alias_example_alias_producer_with_no_taskflow
[2024-10-02T01:48:19.954+0000] {logging_mixin.py:190} INFO - [2024-10-02T01:48:19.954+0000] {override.py:1900} INFO - Created Permission View: can read on DAG Run:dataset_alias_example_alias_producer_with_no_taskflow
[2024-10-02T01:48:19.957+0000] {logging_mixin.py:190} INFO - [2024-10-02T01:48:19.957+0000] {override.py:1900} INFO - Created Permission View: menu access on DAG Run:dataset_alias_example_alias_producer_with_no_taskflow
[2024-10-02T01:48:19.958+0000] {logging_mixin.py:190} INFO - [2024-10-02T01:48:19.958+0000] {dag.py:3239} INFO - Sync 4 DAGs
[2024-10-02T01:48:19.965+0000] {logging_mixin.py:190} INFO - [2024-10-02T01:48:19.964+0000] {dag.py:3262} INFO - Creating ORM DAG for dataset_alias_example_alias_consumer_with_no_taskflow
[2024-10-02T01:48:19.965+0000] {logging_mixin.py:190} INFO - [2024-10-02T01:48:19.965+0000] {dag.py:3262} INFO - Creating ORM DAG for dataset_s3_bucket_producer_with_no_taskflow
[2024-10-02T01:48:19.965+0000] {logging_mixin.py:190} INFO - [2024-10-02T01:48:19.965+0000] {dag.py:3262} INFO - Creating ORM DAG for dataset_s3_bucket_consumer_with_no_taskflow
[2024-10-02T01:48:19.965+0000] {logging_mixin.py:190} INFO - [2024-10-02T01:48:19.965+0000] {dag.py:3262} INFO - Creating ORM DAG for dataset_alias_example_alias_producer_with_no_taskflow
[2024-10-02T01:48:19.970+0000] {logging_mixin.py:190} INFO - [2024-10-02T01:48:19.970+0000] {dag.py:4180} INFO - Setting next_dagrun for dataset_alias_example_alias_consumer_with_no_taskflow to None, run_after=None
[2024-10-02T01:48:19.970+0000] {logging_mixin.py:190} INFO - [2024-10-02T01:48:19.970+0000] {dag.py:4180} INFO - Setting next_dagrun for dataset_alias_example_alias_producer_with_no_taskflow to None, run_after=None
[2024-10-02T01:48:19.971+0000] {logging_mixin.py:190} INFO - [2024-10-02T01:48:19.971+0000] {dag.py:4180} INFO - Setting next_dagrun for dataset_s3_bucket_consumer_with_no_taskflow to None, run_after=None
[2024-10-02T01:48:19.971+0000] {logging_mixin.py:190} INFO - [2024-10-02T01:48:19.971+0000] {dag.py:4180} INFO - Setting next_dagrun for dataset_s3_bucket_producer_with_no_taskflow to None, run_after=None
[2024-10-02T01:48:19.988+0000] {processor.py:208} INFO - Processing /home/airflow/.local/lib/python3.12/site-packages/airflow/example_dags/example_dataset_alias_with_no_taskflow.py took 0.450 seconds
[2024-10-02T01:48:50.611+0000] {processor.py:186} INFO - Started process (PID=118) to work on /home/airflow/.local/lib/python3.12/site-packages/airflow/example_dags/example_dataset_alias_with_no_taskflow.py
[2024-10-02T01:48:50.612+0000] {processor.py:914} INFO - Processing file /home/airflow/.local/lib/python3.12/site-packages/airflow/example_dags/example_dataset_alias_with_no_taskflow.py for tasks to queue
[2024-10-02T01:48:50.614+0000] {logging_mixin.py:190} INFO - [2024-10-02T01:48:50.614+0000] {dagbag.py:588} INFO - Filling up the DagBag from /home/airflow/.local/lib/python3.12/site-packages/airflow/example_dags/example_dataset_alias_with_no_taskflow.py
[2024-10-02T01:48:50.703+0000] {processor.py:925} INFO - DAG(s) 'dataset_alias_example_alias_producer_with_no_taskflow', 'dataset_alias_example_alias_consumer_with_no_taskflow', 'dataset_s3_bucket_consumer_with_no_taskflow', 'dataset_s3_bucket_producer_with_no_taskflow' retrieved from /home/airflow/.local/lib/python3.12/site-packages/airflow/example_dags/example_dataset_alias_with_no_taskflow.py
[2024-10-02T01:48:50.713+0000] {logging_mixin.py:190} INFO - [2024-10-02T01:48:50.713+0000] {dag.py:3239} INFO - Sync 4 DAGs
[2024-10-02T01:48:50.730+0000] {logging_mixin.py:190} INFO - [2024-10-02T01:48:50.730+0000] {dag.py:4180} INFO - Setting next_dagrun for dataset_alias_example_alias_consumer_with_no_taskflow to None, run_after=None
[2024-10-02T01:48:50.734+0000] {logging_mixin.py:190} INFO - [2024-10-02T01:48:50.733+0000] {dag.py:4180} INFO - Setting next_dagrun for dataset_alias_example_alias_producer_with_no_taskflow to None, run_after=None
[2024-10-02T01:48:50.740+0000] {logging_mixin.py:190} INFO - [2024-10-02T01:48:50.740+0000] {dag.py:4180} INFO - Setting next_dagrun for dataset_s3_bucket_consumer_with_no_taskflow to None, run_after=None
[2024-10-02T01:48:50.742+0000] {logging_mixin.py:190} INFO - [2024-10-02T01:48:50.741+0000] {dag.py:4180} INFO - Setting next_dagrun for dataset_s3_bucket_producer_with_no_taskflow to None, run_after=None
[2024-10-02T01:48:50.763+0000] {processor.py:208} INFO - Processing /home/airflow/.local/lib/python3.12/site-packages/airflow/example_dags/example_dataset_alias_with_no_taskflow.py took 0.159 seconds
[2024-10-02T01:49:20.918+0000] {processor.py:186} INFO - Started process (PID=180) to work on /home/airflow/.local/lib/python3.12/site-packages/airflow/example_dags/example_dataset_alias_with_no_taskflow.py
[2024-10-02T01:49:20.919+0000] {processor.py:914} INFO - Processing file /home/airflow/.local/lib/python3.12/site-packages/airflow/example_dags/example_dataset_alias_with_no_taskflow.py for tasks to queue
[2024-10-02T01:49:20.921+0000] {logging_mixin.py:190} INFO - [2024-10-02T01:49:20.921+0000] {dagbag.py:588} INFO - Filling up the DagBag from /home/airflow/.local/lib/python3.12/site-packages/airflow/example_dags/example_dataset_alias_with_no_taskflow.py
[2024-10-02T01:49:21.010+0000] {processor.py:925} INFO - DAG(s) 'dataset_s3_bucket_consumer_with_no_taskflow', 'dataset_s3_bucket_producer_with_no_taskflow', 'dataset_alias_example_alias_consumer_with_no_taskflow', 'dataset_alias_example_alias_producer_with_no_taskflow' retrieved from /home/airflow/.local/lib/python3.12/site-packages/airflow/example_dags/example_dataset_alias_with_no_taskflow.py
[2024-10-02T01:49:21.019+0000] {logging_mixin.py:190} INFO - [2024-10-02T01:49:21.019+0000] {dag.py:3239} INFO - Sync 4 DAGs
[2024-10-02T01:49:21.030+0000] {logging_mixin.py:190} INFO - [2024-10-02T01:49:21.030+0000] {dag.py:4180} INFO - Setting next_dagrun for dataset_alias_example_alias_consumer_with_no_taskflow to None, run_after=None
[2024-10-02T01:49:21.031+0000] {logging_mixin.py:190} INFO - [2024-10-02T01:49:21.031+0000] {dag.py:4180} INFO - Setting next_dagrun for dataset_alias_example_alias_producer_with_no_taskflow to None, run_after=None
[2024-10-02T01:49:21.031+0000] {logging_mixin.py:190} INFO - [2024-10-02T01:49:21.031+0000] {dag.py:4180} INFO - Setting next_dagrun for dataset_s3_bucket_consumer_with_no_taskflow to None, run_after=None
[2024-10-02T01:49:21.032+0000] {logging_mixin.py:190} INFO - [2024-10-02T01:49:21.032+0000] {dag.py:4180} INFO - Setting next_dagrun for dataset_s3_bucket_producer_with_no_taskflow to None, run_after=None
[2024-10-02T01:49:21.050+0000] {processor.py:208} INFO - Processing /home/airflow/.local/lib/python3.12/site-packages/airflow/example_dags/example_dataset_alias_with_no_taskflow.py took 0.138 seconds
[2024-10-02T01:49:51.156+0000] {processor.py:186} INFO - Started process (PID=242) to work on /home/airflow/.local/lib/python3.12/site-packages/airflow/example_dags/example_dataset_alias_with_no_taskflow.py
[2024-10-02T01:49:51.158+0000] {processor.py:914} INFO - Processing file /home/airflow/.local/lib/python3.12/site-packages/airflow/example_dags/example_dataset_alias_with_no_taskflow.py for tasks to queue
[2024-10-02T01:49:51.160+0000] {logging_mixin.py:190} INFO - [2024-10-02T01:49:51.160+0000] {dagbag.py:588} INFO - Filling up the DagBag from /home/airflow/.local/lib/python3.12/site-packages/airflow/example_dags/example_dataset_alias_with_no_taskflow.py
[2024-10-02T01:49:51.242+0000] {processor.py:925} INFO - DAG(s) 'dataset_alias_example_alias_consumer_with_no_taskflow', 'dataset_alias_example_alias_producer_with_no_taskflow', 'dataset_s3_bucket_consumer_with_no_taskflow', 'dataset_s3_bucket_producer_with_no_taskflow' retrieved from /home/airflow/.local/lib/python3.12/site-packages/airflow/example_dags/example_dataset_alias_with_no_taskflow.py
[2024-10-02T01:49:51.250+0000] {logging_mixin.py:190} INFO - [2024-10-02T01:49:51.250+0000] {dag.py:3239} INFO - Sync 4 DAGs
[2024-10-02T01:49:51.261+0000] {logging_mixin.py:190} INFO - [2024-10-02T01:49:51.261+0000] {dag.py:4180} INFO - Setting next_dagrun for dataset_alias_example_alias_consumer_with_no_taskflow to None, run_after=None
[2024-10-02T01:49:51.262+0000] {logging_mixin.py:190} INFO - [2024-10-02T01:49:51.262+0000] {dag.py:4180} INFO - Setting next_dagrun for dataset_alias_example_alias_producer_with_no_taskflow to None, run_after=None
[2024-10-02T01:49:51.262+0000] {logging_mixin.py:190} INFO - [2024-10-02T01:49:51.262+0000] {dag.py:4180} INFO - Setting next_dagrun for dataset_s3_bucket_consumer_with_no_taskflow to None, run_after=None
[2024-10-02T01:49:51.263+0000] {logging_mixin.py:190} INFO - [2024-10-02T01:49:51.263+0000] {dag.py:4180} INFO - Setting next_dagrun for dataset_s3_bucket_producer_with_no_taskflow to None, run_after=None
[2024-10-02T01:49:51.278+0000] {processor.py:208} INFO - Processing /home/airflow/.local/lib/python3.12/site-packages/airflow/example_dags/example_dataset_alias_with_no_taskflow.py took 0.128 seconds
[2024-10-02T01:50:21.542+0000] {processor.py:186} INFO - Started process (PID=304) to work on /home/airflow/.local/lib/python3.12/site-packages/airflow/example_dags/example_dataset_alias_with_no_taskflow.py
[2024-10-02T01:50:21.544+0000] {processor.py:914} INFO - Processing file /home/airflow/.local/lib/python3.12/site-packages/airflow/example_dags/example_dataset_alias_with_no_taskflow.py for tasks to queue
[2024-10-02T01:50:21.546+0000] {logging_mixin.py:190} INFO - [2024-10-02T01:50:21.546+0000] {dagbag.py:588} INFO - Filling up the DagBag from /home/airflow/.local/lib/python3.12/site-packages/airflow/example_dags/example_dataset_alias_with_no_taskflow.py
[2024-10-02T01:50:21.635+0000] {processor.py:925} INFO - DAG(s) 'dataset_s3_bucket_consumer_with_no_taskflow', 'dataset_alias_example_alias_producer_with_no_taskflow', 'dataset_s3_bucket_producer_with_no_taskflow', 'dataset_alias_example_alias_consumer_with_no_taskflow' retrieved from /home/airflow/.local/lib/python3.12/site-packages/airflow/example_dags/example_dataset_alias_with_no_taskflow.py
[2024-10-02T01:50:21.645+0000] {logging_mixin.py:190} INFO - [2024-10-02T01:50:21.645+0000] {dag.py:3239} INFO - Sync 4 DAGs
[2024-10-02T01:50:21.656+0000] {logging_mixin.py:190} INFO - [2024-10-02T01:50:21.655+0000] {dag.py:4180} INFO - Setting next_dagrun for dataset_alias_example_alias_consumer_with_no_taskflow to None, run_after=None
[2024-10-02T01:50:21.657+0000] {logging_mixin.py:190} INFO - [2024-10-02T01:50:21.657+0000] {dag.py:4180} INFO - Setting next_dagrun for dataset_alias_example_alias_producer_with_no_taskflow to None, run_after=None
[2024-10-02T01:50:21.657+0000] {logging_mixin.py:190} INFO - [2024-10-02T01:50:21.657+0000] {dag.py:4180} INFO - Setting next_dagrun for dataset_s3_bucket_consumer_with_no_taskflow to None, run_after=None
[2024-10-02T01:50:21.657+0000] {logging_mixin.py:190} INFO - [2024-10-02T01:50:21.657+0000] {dag.py:4180} INFO - Setting next_dagrun for dataset_s3_bucket_producer_with_no_taskflow to None, run_after=None
[2024-10-02T01:50:21.673+0000] {processor.py:208} INFO - Processing /home/airflow/.local/lib/python3.12/site-packages/airflow/example_dags/example_dataset_alias_with_no_taskflow.py took 0.138 seconds
[2024-10-02T01:50:51.775+0000] {processor.py:186} INFO - Started process (PID=366) to work on /home/airflow/.local/lib/python3.12/site-packages/airflow/example_dags/example_dataset_alias_with_no_taskflow.py
[2024-10-02T01:50:51.776+0000] {processor.py:914} INFO - Processing file /home/airflow/.local/lib/python3.12/site-packages/airflow/example_dags/example_dataset_alias_with_no_taskflow.py for tasks to queue
[2024-10-02T01:50:51.777+0000] {logging_mixin.py:190} INFO - [2024-10-02T01:50:51.777+0000] {dagbag.py:588} INFO - Filling up the DagBag from /home/airflow/.local/lib/python3.12/site-packages/airflow/example_dags/example_dataset_alias_with_no_taskflow.py
[2024-10-02T01:50:51.863+0000] {processor.py:925} INFO - DAG(s) 'dataset_alias_example_alias_consumer_with_no_taskflow', 'dataset_s3_bucket_consumer_with_no_taskflow', 'dataset_s3_bucket_producer_with_no_taskflow', 'dataset_alias_example_alias_producer_with_no_taskflow' retrieved from /home/airflow/.local/lib/python3.12/site-packages/airflow/example_dags/example_dataset_alias_with_no_taskflow.py
[2024-10-02T01:50:51.885+0000] {logging_mixin.py:190} INFO - [2024-10-02T01:50:51.885+0000] {dag.py:3239} INFO - Sync 4 DAGs
[2024-10-02T01:50:51.896+0000] {logging_mixin.py:190} INFO - [2024-10-02T01:50:51.896+0000] {dag.py:4180} INFO - Setting next_dagrun for dataset_alias_example_alias_consumer_with_no_taskflow to None, run_after=None
[2024-10-02T01:50:51.897+0000] {logging_mixin.py:190} INFO - [2024-10-02T01:50:51.897+0000] {dag.py:4180} INFO - Setting next_dagrun for dataset_alias_example_alias_producer_with_no_taskflow to None, run_after=None
[2024-10-02T01:50:51.898+0000] {logging_mixin.py:190} INFO - [2024-10-02T01:50:51.898+0000] {dag.py:4180} INFO - Setting next_dagrun for dataset_s3_bucket_consumer_with_no_taskflow to None, run_after=None
[2024-10-02T01:50:51.898+0000] {logging_mixin.py:190} INFO - [2024-10-02T01:50:51.898+0000] {dag.py:4180} INFO - Setting next_dagrun for dataset_s3_bucket_producer_with_no_taskflow to None, run_after=None
[2024-10-02T01:50:51.908+0000] {processor.py:208} INFO - Processing /home/airflow/.local/lib/python3.12/site-packages/airflow/example_dags/example_dataset_alias_with_no_taskflow.py took 0.137 seconds
[2024-10-02T01:51:22.019+0000] {processor.py:186} INFO - Started process (PID=428) to work on /home/airflow/.local/lib/python3.12/site-packages/airflow/example_dags/example_dataset_alias_with_no_taskflow.py
[2024-10-02T01:51:22.020+0000] {processor.py:914} INFO - Processing file /home/airflow/.local/lib/python3.12/site-packages/airflow/example_dags/example_dataset_alias_with_no_taskflow.py for tasks to queue
[2024-10-02T01:51:22.023+0000] {logging_mixin.py:190} INFO - [2024-10-02T01:51:22.022+0000] {dagbag.py:588} INFO - Filling up the DagBag from /home/airflow/.local/lib/python3.12/site-packages/airflow/example_dags/example_dataset_alias_with_no_taskflow.py
[2024-10-02T01:51:22.105+0000] {processor.py:925} INFO - DAG(s) 'dataset_alias_example_alias_producer_with_no_taskflow', 'dataset_alias_example_alias_consumer_with_no_taskflow', 'dataset_s3_bucket_producer_with_no_taskflow', 'dataset_s3_bucket_consumer_with_no_taskflow' retrieved from /home/airflow/.local/lib/python3.12/site-packages/airflow/example_dags/example_dataset_alias_with_no_taskflow.py
[2024-10-02T01:51:22.113+0000] {logging_mixin.py:190} INFO - [2024-10-02T01:51:22.113+0000] {dag.py:3239} INFO - Sync 4 DAGs
[2024-10-02T01:51:22.122+0000] {logging_mixin.py:190} INFO - [2024-10-02T01:51:22.122+0000] {dag.py:4180} INFO - Setting next_dagrun for dataset_alias_example_alias_consumer_with_no_taskflow to None, run_after=None
[2024-10-02T01:51:22.123+0000] {logging_mixin.py:190} INFO - [2024-10-02T01:51:22.123+0000] {dag.py:4180} INFO - Setting next_dagrun for dataset_alias_example_alias_producer_with_no_taskflow to None, run_after=None
[2024-10-02T01:51:22.124+0000] {logging_mixin.py:190} INFO - [2024-10-02T01:51:22.124+0000] {dag.py:4180} INFO - Setting next_dagrun for dataset_s3_bucket_consumer_with_no_taskflow to None, run_after=None
[2024-10-02T01:51:22.124+0000] {logging_mixin.py:190} INFO - [2024-10-02T01:51:22.124+0000] {dag.py:4180} INFO - Setting next_dagrun for dataset_s3_bucket_producer_with_no_taskflow to None, run_after=None
[2024-10-02T01:51:22.134+0000] {processor.py:208} INFO - Processing /home/airflow/.local/lib/python3.12/site-packages/airflow/example_dags/example_dataset_alias_with_no_taskflow.py took 0.121 seconds
[2024-10-02T01:51:52.236+0000] {processor.py:186} INFO - Started process (PID=490) to work on /home/airflow/.local/lib/python3.12/site-packages/airflow/example_dags/example_dataset_alias_with_no_taskflow.py
[2024-10-02T01:51:52.237+0000] {processor.py:914} INFO - Processing file /home/airflow/.local/lib/python3.12/site-packages/airflow/example_dags/example_dataset_alias_with_no_taskflow.py for tasks to queue
[2024-10-02T01:51:52.239+0000] {logging_mixin.py:190} INFO - [2024-10-02T01:51:52.239+0000] {dagbag.py:588} INFO - Filling up the DagBag from /home/airflow/.local/lib/python3.12/site-packages/airflow/example_dags/example_dataset_alias_with_no_taskflow.py
[2024-10-02T01:51:52.324+0000] {processor.py:925} INFO - DAG(s) 'dataset_s3_bucket_consumer_with_no_taskflow', 'dataset_alias_example_alias_producer_with_no_taskflow', 'dataset_s3_bucket_producer_with_no_taskflow', 'dataset_alias_example_alias_consumer_with_no_taskflow' retrieved from /home/airflow/.local/lib/python3.12/site-packages/airflow/example_dags/example_dataset_alias_with_no_taskflow.py
[2024-10-02T01:51:52.334+0000] {logging_mixin.py:190} INFO - [2024-10-02T01:51:52.333+0000] {dag.py:3239} INFO - Sync 4 DAGs
[2024-10-02T01:51:52.347+0000] {logging_mixin.py:190} INFO - [2024-10-02T01:51:52.346+0000] {dag.py:4180} INFO - Setting next_dagrun for dataset_alias_example_alias_consumer_with_no_taskflow to None, run_after=None
[2024-10-02T01:51:52.348+0000] {logging_mixin.py:190} INFO - [2024-10-02T01:51:52.348+0000] {dag.py:4180} INFO - Setting next_dagrun for dataset_alias_example_alias_producer_with_no_taskflow to None, run_after=None
[2024-10-02T01:51:52.349+0000] {logging_mixin.py:190} INFO - [2024-10-02T01:51:52.349+0000] {dag.py:4180} INFO - Setting next_dagrun for dataset_s3_bucket_consumer_with_no_taskflow to None, run_after=None
[2024-10-02T01:51:52.350+0000] {logging_mixin.py:190} INFO - [2024-10-02T01:51:52.350+0000] {dag.py:4180} INFO - Setting next_dagrun for dataset_s3_bucket_producer_with_no_taskflow to None, run_after=None
[2024-10-02T01:51:52.397+0000] {processor.py:208} INFO - Processing /home/airflow/.local/lib/python3.12/site-packages/airflow/example_dags/example_dataset_alias_with_no_taskflow.py took 0.168 seconds
[2024-10-02T01:52:22.453+0000] {processor.py:186} INFO - Started process (PID=552) to work on /home/airflow/.local/lib/python3.12/site-packages/airflow/example_dags/example_dataset_alias_with_no_taskflow.py
[2024-10-02T01:52:22.454+0000] {processor.py:914} INFO - Processing file /home/airflow/.local/lib/python3.12/site-packages/airflow/example_dags/example_dataset_alias_with_no_taskflow.py for tasks to queue
[2024-10-02T01:52:22.457+0000] {logging_mixin.py:190} INFO - [2024-10-02T01:52:22.457+0000] {dagbag.py:588} INFO - Filling up the DagBag from /home/airflow/.local/lib/python3.12/site-packages/airflow/example_dags/example_dataset_alias_with_no_taskflow.py
[2024-10-02T01:52:22.540+0000] {processor.py:925} INFO - DAG(s) 'dataset_alias_example_alias_producer_with_no_taskflow', 'dataset_s3_bucket_consumer_with_no_taskflow', 'dataset_s3_bucket_producer_with_no_taskflow', 'dataset_alias_example_alias_consumer_with_no_taskflow' retrieved from /home/airflow/.local/lib/python3.12/site-packages/airflow/example_dags/example_dataset_alias_with_no_taskflow.py
[2024-10-02T01:52:22.548+0000] {logging_mixin.py:190} INFO - [2024-10-02T01:52:22.548+0000] {dag.py:3239} INFO - Sync 4 DAGs
[2024-10-02T01:52:22.559+0000] {logging_mixin.py:190} INFO - [2024-10-02T01:52:22.559+0000] {dag.py:4180} INFO - Setting next_dagrun for dataset_alias_example_alias_consumer_with_no_taskflow to None, run_after=None
[2024-10-02T01:52:22.560+0000] {logging_mixin.py:190} INFO - [2024-10-02T01:52:22.560+0000] {dag.py:4180} INFO - Setting next_dagrun for dataset_alias_example_alias_producer_with_no_taskflow to None, run_after=None
[2024-10-02T01:52:22.560+0000] {logging_mixin.py:190} INFO - [2024-10-02T01:52:22.560+0000] {dag.py:4180} INFO - Setting next_dagrun for dataset_s3_bucket_consumer_with_no_taskflow to None, run_after=None
[2024-10-02T01:52:22.561+0000] {logging_mixin.py:190} INFO - [2024-10-02T01:52:22.561+0000] {dag.py:4180} INFO - Setting next_dagrun for dataset_s3_bucket_producer_with_no_taskflow to None, run_after=None
[2024-10-02T01:52:22.571+0000] {processor.py:208} INFO - Processing /home/airflow/.local/lib/python3.12/site-packages/airflow/example_dags/example_dataset_alias_with_no_taskflow.py took 0.126 seconds
[2024-10-02T01:52:52.720+0000] {processor.py:186} INFO - Started process (PID=614) to work on /home/airflow/.local/lib/python3.12/site-packages/airflow/example_dags/example_dataset_alias_with_no_taskflow.py
[2024-10-02T01:52:52.721+0000] {processor.py:914} INFO - Processing file /home/airflow/.local/lib/python3.12/site-packages/airflow/example_dags/example_dataset_alias_with_no_taskflow.py for tasks to queue
[2024-10-02T01:52:52.724+0000] {logging_mixin.py:190} INFO - [2024-10-02T01:52:52.723+0000] {dagbag.py:588} INFO - Filling up the DagBag from /home/airflow/.local/lib/python3.12/site-packages/airflow/example_dags/example_dataset_alias_with_no_taskflow.py
[2024-10-02T01:52:52.816+0000] {processor.py:925} INFO - DAG(s) 'dataset_alias_example_alias_producer_with_no_taskflow', 'dataset_s3_bucket_producer_with_no_taskflow', 'dataset_s3_bucket_consumer_with_no_taskflow', 'dataset_alias_example_alias_consumer_with_no_taskflow' retrieved from /home/airflow/.local/lib/python3.12/site-packages/airflow/example_dags/example_dataset_alias_with_no_taskflow.py
[2024-10-02T01:52:52.825+0000] {logging_mixin.py:190} INFO - [2024-10-02T01:52:52.825+0000] {dag.py:3239} INFO - Sync 4 DAGs
[2024-10-02T01:52:52.836+0000] {logging_mixin.py:190} INFO - [2024-10-02T01:52:52.836+0000] {dag.py:4180} INFO - Setting next_dagrun for dataset_alias_example_alias_consumer_with_no_taskflow to None, run_after=None
[2024-10-02T01:52:52.837+0000] {logging_mixin.py:190} INFO - [2024-10-02T01:52:52.837+0000] {dag.py:4180} INFO - Setting next_dagrun for dataset_alias_example_alias_producer_with_no_taskflow to None, run_after=None
[2024-10-02T01:52:52.838+0000] {logging_mixin.py:190} INFO - [2024-10-02T01:52:52.838+0000] {dag.py:4180} INFO - Setting next_dagrun for dataset_s3_bucket_consumer_with_no_taskflow to None, run_after=None
[2024-10-02T01:52:52.838+0000] {logging_mixin.py:190} INFO - [2024-10-02T01:52:52.838+0000] {dag.py:4180} INFO - Setting next_dagrun for dataset_s3_bucket_producer_with_no_taskflow to None, run_after=None
[2024-10-02T01:52:52.849+0000] {processor.py:208} INFO - Processing /home/airflow/.local/lib/python3.12/site-packages/airflow/example_dags/example_dataset_alias_with_no_taskflow.py took 0.136 seconds
