[2024-10-02T01:48:21.497+0000] {processor.py:186} INFO - Started process (PID=73) to work on /home/airflow/.local/lib/python3.12/site-packages/airflow/example_dags/example_python_operator.py
[2024-10-02T01:48:21.497+0000] {processor.py:914} INFO - Processing file /home/airflow/.local/lib/python3.12/site-packages/airflow/example_dags/example_python_operator.py for tasks to queue
[2024-10-02T01:48:21.498+0000] {logging_mixin.py:190} INFO - [2024-10-02T01:48:21.498+0000] {dagbag.py:588} INFO - Filling up the DagBag from /home/airflow/.local/lib/python3.12/site-packages/airflow/example_dags/example_python_operator.py
[2024-10-02T01:48:21.505+0000] {processor.py:925} INFO - DAG(s) 'example_python_operator' retrieved from /home/airflow/.local/lib/python3.12/site-packages/airflow/example_dags/example_python_operator.py
[2024-10-02T01:48:21.559+0000] {logging_mixin.py:190} INFO - [2024-10-02T01:48:21.559+0000] {override.py:1900} INFO - Created Permission View: can delete on DAG:example_python_operator
[2024-10-02T01:48:21.565+0000] {logging_mixin.py:190} INFO - [2024-10-02T01:48:21.565+0000] {override.py:1900} INFO - Created Permission View: can read on DAG:example_python_operator
[2024-10-02T01:48:21.568+0000] {logging_mixin.py:190} INFO - [2024-10-02T01:48:21.568+0000] {override.py:1900} INFO - Created Permission View: can edit on DAG:example_python_operator
[2024-10-02T01:48:21.573+0000] {logging_mixin.py:190} INFO - [2024-10-02T01:48:21.573+0000] {override.py:1900} INFO - Created Permission View: can delete on DAG Run:example_python_operator
[2024-10-02T01:48:21.577+0000] {logging_mixin.py:190} INFO - [2024-10-02T01:48:21.577+0000] {override.py:1900} INFO - Created Permission View: can create on DAG Run:example_python_operator
[2024-10-02T01:48:21.580+0000] {logging_mixin.py:190} INFO - [2024-10-02T01:48:21.580+0000] {override.py:1900} INFO - Created Permission View: can read on DAG Run:example_python_operator
[2024-10-02T01:48:21.584+0000] {logging_mixin.py:190} INFO - [2024-10-02T01:48:21.584+0000] {override.py:1900} INFO - Created Permission View: menu access on DAG Run:example_python_operator
[2024-10-02T01:48:21.584+0000] {logging_mixin.py:190} INFO - [2024-10-02T01:48:21.584+0000] {dag.py:3239} INFO - Sync 1 DAGs
[2024-10-02T01:48:21.590+0000] {logging_mixin.py:190} INFO - [2024-10-02T01:48:21.590+0000] {dag.py:3262} INFO - Creating ORM DAG for example_python_operator
[2024-10-02T01:48:21.590+0000] {logging_mixin.py:190} INFO - [2024-10-02T01:48:21.590+0000] {dag.py:4180} INFO - Setting next_dagrun for example_python_operator to None, run_after=None
[2024-10-02T01:48:21.598+0000] {processor.py:208} INFO - Processing /home/airflow/.local/lib/python3.12/site-packages/airflow/example_dags/example_python_operator.py took 0.105 seconds
[2024-10-02T01:48:52.409+0000] {processor.py:186} INFO - Started process (PID=135) to work on /home/airflow/.local/lib/python3.12/site-packages/airflow/example_dags/example_python_operator.py
[2024-10-02T01:48:52.410+0000] {processor.py:914} INFO - Processing file /home/airflow/.local/lib/python3.12/site-packages/airflow/example_dags/example_python_operator.py for tasks to queue
[2024-10-02T01:48:52.411+0000] {logging_mixin.py:190} INFO - [2024-10-02T01:48:52.411+0000] {dagbag.py:588} INFO - Filling up the DagBag from /home/airflow/.local/lib/python3.12/site-packages/airflow/example_dags/example_python_operator.py
[2024-10-02T01:48:52.416+0000] {processor.py:925} INFO - DAG(s) 'example_python_operator' retrieved from /home/airflow/.local/lib/python3.12/site-packages/airflow/example_dags/example_python_operator.py
[2024-10-02T01:48:52.430+0000] {logging_mixin.py:190} INFO - [2024-10-02T01:48:52.430+0000] {dag.py:3239} INFO - Sync 1 DAGs
[2024-10-02T01:48:52.438+0000] {logging_mixin.py:190} INFO - [2024-10-02T01:48:52.438+0000] {dag.py:4180} INFO - Setting next_dagrun for example_python_operator to None, run_after=None
[2024-10-02T01:48:52.448+0000] {processor.py:208} INFO - Processing /home/airflow/.local/lib/python3.12/site-packages/airflow/example_dags/example_python_operator.py took 0.042 seconds
[2024-10-02T01:49:22.683+0000] {processor.py:186} INFO - Started process (PID=197) to work on /home/airflow/.local/lib/python3.12/site-packages/airflow/example_dags/example_python_operator.py
[2024-10-02T01:49:22.683+0000] {processor.py:914} INFO - Processing file /home/airflow/.local/lib/python3.12/site-packages/airflow/example_dags/example_python_operator.py for tasks to queue
[2024-10-02T01:49:22.684+0000] {logging_mixin.py:190} INFO - [2024-10-02T01:49:22.684+0000] {dagbag.py:588} INFO - Filling up the DagBag from /home/airflow/.local/lib/python3.12/site-packages/airflow/example_dags/example_python_operator.py
[2024-10-02T01:49:22.691+0000] {processor.py:925} INFO - DAG(s) 'example_python_operator' retrieved from /home/airflow/.local/lib/python3.12/site-packages/airflow/example_dags/example_python_operator.py
[2024-10-02T01:49:22.701+0000] {logging_mixin.py:190} INFO - [2024-10-02T01:49:22.701+0000] {dag.py:3239} INFO - Sync 1 DAGs
[2024-10-02T01:49:22.708+0000] {logging_mixin.py:190} INFO - [2024-10-02T01:49:22.708+0000] {dag.py:4180} INFO - Setting next_dagrun for example_python_operator to None, run_after=None
[2024-10-02T01:49:22.717+0000] {processor.py:208} INFO - Processing /home/airflow/.local/lib/python3.12/site-packages/airflow/example_dags/example_python_operator.py took 0.037 seconds
[2024-10-02T01:49:52.916+0000] {processor.py:186} INFO - Started process (PID=265) to work on /home/airflow/.local/lib/python3.12/site-packages/airflow/example_dags/example_python_operator.py
[2024-10-02T01:49:52.917+0000] {processor.py:914} INFO - Processing file /home/airflow/.local/lib/python3.12/site-packages/airflow/example_dags/example_python_operator.py for tasks to queue
[2024-10-02T01:49:52.918+0000] {logging_mixin.py:190} INFO - [2024-10-02T01:49:52.918+0000] {dagbag.py:588} INFO - Filling up the DagBag from /home/airflow/.local/lib/python3.12/site-packages/airflow/example_dags/example_python_operator.py
[2024-10-02T01:49:52.924+0000] {processor.py:925} INFO - DAG(s) 'example_python_operator' retrieved from /home/airflow/.local/lib/python3.12/site-packages/airflow/example_dags/example_python_operator.py
[2024-10-02T01:49:52.934+0000] {logging_mixin.py:190} INFO - [2024-10-02T01:49:52.934+0000] {dag.py:3239} INFO - Sync 1 DAGs
[2024-10-02T01:49:52.941+0000] {logging_mixin.py:190} INFO - [2024-10-02T01:49:52.941+0000] {dag.py:4180} INFO - Setting next_dagrun for example_python_operator to None, run_after=None
[2024-10-02T01:49:52.950+0000] {processor.py:208} INFO - Processing /home/airflow/.local/lib/python3.12/site-packages/airflow/example_dags/example_python_operator.py took 0.037 seconds
[2024-10-02T01:50:23.333+0000] {processor.py:186} INFO - Started process (PID=327) to work on /home/airflow/.local/lib/python3.12/site-packages/airflow/example_dags/example_python_operator.py
[2024-10-02T01:50:23.333+0000] {processor.py:914} INFO - Processing file /home/airflow/.local/lib/python3.12/site-packages/airflow/example_dags/example_python_operator.py for tasks to queue
[2024-10-02T01:50:23.335+0000] {logging_mixin.py:190} INFO - [2024-10-02T01:50:23.334+0000] {dagbag.py:588} INFO - Filling up the DagBag from /home/airflow/.local/lib/python3.12/site-packages/airflow/example_dags/example_python_operator.py
[2024-10-02T01:50:23.341+0000] {processor.py:925} INFO - DAG(s) 'example_python_operator' retrieved from /home/airflow/.local/lib/python3.12/site-packages/airflow/example_dags/example_python_operator.py
[2024-10-02T01:50:23.352+0000] {logging_mixin.py:190} INFO - [2024-10-02T01:50:23.352+0000] {dag.py:3239} INFO - Sync 1 DAGs
[2024-10-02T01:50:23.359+0000] {logging_mixin.py:190} INFO - [2024-10-02T01:50:23.359+0000] {dag.py:4180} INFO - Setting next_dagrun for example_python_operator to None, run_after=None
[2024-10-02T01:50:23.368+0000] {processor.py:208} INFO - Processing /home/airflow/.local/lib/python3.12/site-packages/airflow/example_dags/example_python_operator.py took 0.038 seconds
[2024-10-02T01:50:53.664+0000] {processor.py:186} INFO - Started process (PID=389) to work on /home/airflow/.local/lib/python3.12/site-packages/airflow/example_dags/example_python_operator.py
[2024-10-02T01:50:53.664+0000] {processor.py:914} INFO - Processing file /home/airflow/.local/lib/python3.12/site-packages/airflow/example_dags/example_python_operator.py for tasks to queue
[2024-10-02T01:50:53.666+0000] {logging_mixin.py:190} INFO - [2024-10-02T01:50:53.666+0000] {dagbag.py:588} INFO - Filling up the DagBag from /home/airflow/.local/lib/python3.12/site-packages/airflow/example_dags/example_python_operator.py
[2024-10-02T01:50:53.673+0000] {processor.py:925} INFO - DAG(s) 'example_python_operator' retrieved from /home/airflow/.local/lib/python3.12/site-packages/airflow/example_dags/example_python_operator.py
[2024-10-02T01:50:53.683+0000] {logging_mixin.py:190} INFO - [2024-10-02T01:50:53.683+0000] {dag.py:3239} INFO - Sync 1 DAGs
[2024-10-02T01:50:53.689+0000] {logging_mixin.py:190} INFO - [2024-10-02T01:50:53.689+0000] {dag.py:4180} INFO - Setting next_dagrun for example_python_operator to None, run_after=None
[2024-10-02T01:50:53.699+0000] {processor.py:208} INFO - Processing /home/airflow/.local/lib/python3.12/site-packages/airflow/example_dags/example_python_operator.py took 0.038 seconds
[2024-10-02T01:51:23.788+0000] {processor.py:186} INFO - Started process (PID=451) to work on /home/airflow/.local/lib/python3.12/site-packages/airflow/example_dags/example_python_operator.py
[2024-10-02T01:51:23.788+0000] {processor.py:914} INFO - Processing file /home/airflow/.local/lib/python3.12/site-packages/airflow/example_dags/example_python_operator.py for tasks to queue
[2024-10-02T01:51:23.789+0000] {logging_mixin.py:190} INFO - [2024-10-02T01:51:23.789+0000] {dagbag.py:588} INFO - Filling up the DagBag from /home/airflow/.local/lib/python3.12/site-packages/airflow/example_dags/example_python_operator.py
[2024-10-02T01:51:23.795+0000] {processor.py:925} INFO - DAG(s) 'example_python_operator' retrieved from /home/airflow/.local/lib/python3.12/site-packages/airflow/example_dags/example_python_operator.py
[2024-10-02T01:51:23.805+0000] {logging_mixin.py:190} INFO - [2024-10-02T01:51:23.805+0000] {dag.py:3239} INFO - Sync 1 DAGs
[2024-10-02T01:51:23.812+0000] {logging_mixin.py:190} INFO - [2024-10-02T01:51:23.812+0000] {dag.py:4180} INFO - Setting next_dagrun for example_python_operator to None, run_after=None
[2024-10-02T01:51:23.821+0000] {processor.py:208} INFO - Processing /home/airflow/.local/lib/python3.12/site-packages/airflow/example_dags/example_python_operator.py took 0.036 seconds
[2024-10-02T01:51:53.978+0000] {processor.py:186} INFO - Started process (PID=513) to work on /home/airflow/.local/lib/python3.12/site-packages/airflow/example_dags/example_python_operator.py
[2024-10-02T01:51:53.978+0000] {processor.py:914} INFO - Processing file /home/airflow/.local/lib/python3.12/site-packages/airflow/example_dags/example_python_operator.py for tasks to queue
[2024-10-02T01:51:53.979+0000] {logging_mixin.py:190} INFO - [2024-10-02T01:51:53.979+0000] {dagbag.py:588} INFO - Filling up the DagBag from /home/airflow/.local/lib/python3.12/site-packages/airflow/example_dags/example_python_operator.py
[2024-10-02T01:51:53.985+0000] {processor.py:925} INFO - DAG(s) 'example_python_operator' retrieved from /home/airflow/.local/lib/python3.12/site-packages/airflow/example_dags/example_python_operator.py
[2024-10-02T01:51:53.995+0000] {logging_mixin.py:190} INFO - [2024-10-02T01:51:53.995+0000] {dag.py:3239} INFO - Sync 1 DAGs
[2024-10-02T01:51:54.002+0000] {logging_mixin.py:190} INFO - [2024-10-02T01:51:54.002+0000] {dag.py:4180} INFO - Setting next_dagrun for example_python_operator to None, run_after=None
[2024-10-02T01:51:54.017+0000] {processor.py:208} INFO - Processing /home/airflow/.local/lib/python3.12/site-packages/airflow/example_dags/example_python_operator.py took 0.043 seconds
[2024-10-02T01:52:24.206+0000] {processor.py:186} INFO - Started process (PID=575) to work on /home/airflow/.local/lib/python3.12/site-packages/airflow/example_dags/example_python_operator.py
[2024-10-02T01:52:24.207+0000] {processor.py:914} INFO - Processing file /home/airflow/.local/lib/python3.12/site-packages/airflow/example_dags/example_python_operator.py for tasks to queue
[2024-10-02T01:52:24.208+0000] {logging_mixin.py:190} INFO - [2024-10-02T01:52:24.208+0000] {dagbag.py:588} INFO - Filling up the DagBag from /home/airflow/.local/lib/python3.12/site-packages/airflow/example_dags/example_python_operator.py
[2024-10-02T01:52:24.213+0000] {processor.py:925} INFO - DAG(s) 'example_python_operator' retrieved from /home/airflow/.local/lib/python3.12/site-packages/airflow/example_dags/example_python_operator.py
[2024-10-02T01:52:24.223+0000] {logging_mixin.py:190} INFO - [2024-10-02T01:52:24.223+0000] {dag.py:3239} INFO - Sync 1 DAGs
[2024-10-02T01:52:24.230+0000] {logging_mixin.py:190} INFO - [2024-10-02T01:52:24.230+0000] {dag.py:4180} INFO - Setting next_dagrun for example_python_operator to None, run_after=None
[2024-10-02T01:52:24.239+0000] {processor.py:208} INFO - Processing /home/airflow/.local/lib/python3.12/site-packages/airflow/example_dags/example_python_operator.py took 0.036 seconds
