[2024-10-02T01:48:21.615+0000] {processor.py:186} INFO - Started process (PID=75) to work on /home/airflow/.local/lib/python3.12/site-packages/airflow/example_dags/example_sensors.py
[2024-10-02T01:48:21.615+0000] {processor.py:914} INFO - Processing file /home/airflow/.local/lib/python3.12/site-packages/airflow/example_dags/example_sensors.py for tasks to queue
[2024-10-02T01:48:21.617+0000] {logging_mixin.py:190} INFO - [2024-10-02T01:48:21.616+0000] {dagbag.py:588} INFO - Filling up the DagBag from /home/airflow/.local/lib/python3.12/site-packages/airflow/example_dags/example_sensors.py
[2024-10-02T01:48:21.623+0000] {processor.py:925} INFO - DAG(s) 'example_sensors' retrieved from /home/airflow/.local/lib/python3.12/site-packages/airflow/example_dags/example_sensors.py
[2024-10-02T01:48:21.679+0000] {logging_mixin.py:190} INFO - [2024-10-02T01:48:21.679+0000] {override.py:1900} INFO - Created Permission View: can delete on DAG:example_sensors
[2024-10-02T01:48:21.686+0000] {logging_mixin.py:190} INFO - [2024-10-02T01:48:21.686+0000] {override.py:1900} INFO - Created Permission View: can read on DAG:example_sensors
[2024-10-02T01:48:21.689+0000] {logging_mixin.py:190} INFO - [2024-10-02T01:48:21.689+0000] {override.py:1900} INFO - Created Permission View: can edit on DAG:example_sensors
[2024-10-02T01:48:21.694+0000] {logging_mixin.py:190} INFO - [2024-10-02T01:48:21.694+0000] {override.py:1900} INFO - Created Permission View: can delete on DAG Run:example_sensors
[2024-10-02T01:48:21.698+0000] {logging_mixin.py:190} INFO - [2024-10-02T01:48:21.698+0000] {override.py:1900} INFO - Created Permission View: can create on DAG Run:example_sensors
[2024-10-02T01:48:21.702+0000] {logging_mixin.py:190} INFO - [2024-10-02T01:48:21.702+0000] {override.py:1900} INFO - Created Permission View: can read on DAG Run:example_sensors
[2024-10-02T01:48:21.705+0000] {logging_mixin.py:190} INFO - [2024-10-02T01:48:21.705+0000] {override.py:1900} INFO - Created Permission View: menu access on DAG Run:example_sensors
[2024-10-02T01:48:21.705+0000] {logging_mixin.py:190} INFO - [2024-10-02T01:48:21.705+0000] {dag.py:3239} INFO - Sync 1 DAGs
[2024-10-02T01:48:21.711+0000] {logging_mixin.py:190} INFO - [2024-10-02T01:48:21.711+0000] {dag.py:3262} INFO - Creating ORM DAG for example_sensors
[2024-10-02T01:48:21.711+0000] {logging_mixin.py:190} INFO - [2024-10-02T01:48:21.711+0000] {dag.py:4180} INFO - Setting next_dagrun for example_sensors to None, run_after=None
[2024-10-02T01:48:21.719+0000] {processor.py:208} INFO - Processing /home/airflow/.local/lib/python3.12/site-packages/airflow/example_dags/example_sensors.py took 0.107 seconds
[2024-10-02T01:48:52.503+0000] {processor.py:186} INFO - Started process (PID=137) to work on /home/airflow/.local/lib/python3.12/site-packages/airflow/example_dags/example_sensors.py
[2024-10-02T01:48:52.504+0000] {processor.py:914} INFO - Processing file /home/airflow/.local/lib/python3.12/site-packages/airflow/example_dags/example_sensors.py for tasks to queue
[2024-10-02T01:48:52.505+0000] {logging_mixin.py:190} INFO - [2024-10-02T01:48:52.505+0000] {dagbag.py:588} INFO - Filling up the DagBag from /home/airflow/.local/lib/python3.12/site-packages/airflow/example_dags/example_sensors.py
[2024-10-02T01:48:52.510+0000] {processor.py:925} INFO - DAG(s) 'example_sensors' retrieved from /home/airflow/.local/lib/python3.12/site-packages/airflow/example_dags/example_sensors.py
[2024-10-02T01:48:52.522+0000] {logging_mixin.py:190} INFO - [2024-10-02T01:48:52.522+0000] {dag.py:3239} INFO - Sync 1 DAGs
[2024-10-02T01:48:52.528+0000] {logging_mixin.py:190} INFO - [2024-10-02T01:48:52.528+0000] {dag.py:4180} INFO - Setting next_dagrun for example_sensors to None, run_after=None
[2024-10-02T01:48:52.537+0000] {processor.py:208} INFO - Processing /home/airflow/.local/lib/python3.12/site-packages/airflow/example_dags/example_sensors.py took 0.038 seconds
[2024-10-02T01:49:22.730+0000] {processor.py:186} INFO - Started process (PID=199) to work on /home/airflow/.local/lib/python3.12/site-packages/airflow/example_dags/example_sensors.py
[2024-10-02T01:49:22.731+0000] {processor.py:914} INFO - Processing file /home/airflow/.local/lib/python3.12/site-packages/airflow/example_dags/example_sensors.py for tasks to queue
[2024-10-02T01:49:22.732+0000] {logging_mixin.py:190} INFO - [2024-10-02T01:49:22.732+0000] {dagbag.py:588} INFO - Filling up the DagBag from /home/airflow/.local/lib/python3.12/site-packages/airflow/example_dags/example_sensors.py
[2024-10-02T01:49:22.737+0000] {processor.py:925} INFO - DAG(s) 'example_sensors' retrieved from /home/airflow/.local/lib/python3.12/site-packages/airflow/example_dags/example_sensors.py
[2024-10-02T01:49:22.748+0000] {logging_mixin.py:190} INFO - [2024-10-02T01:49:22.748+0000] {dag.py:3239} INFO - Sync 1 DAGs
[2024-10-02T01:49:22.754+0000] {logging_mixin.py:190} INFO - [2024-10-02T01:49:22.754+0000] {dag.py:4180} INFO - Setting next_dagrun for example_sensors to None, run_after=None
[2024-10-02T01:49:22.762+0000] {processor.py:208} INFO - Processing /home/airflow/.local/lib/python3.12/site-packages/airflow/example_dags/example_sensors.py took 0.035 seconds
[2024-10-02T01:49:52.963+0000] {processor.py:186} INFO - Started process (PID=267) to work on /home/airflow/.local/lib/python3.12/site-packages/airflow/example_dags/example_sensors.py
[2024-10-02T01:49:52.964+0000] {processor.py:914} INFO - Processing file /home/airflow/.local/lib/python3.12/site-packages/airflow/example_dags/example_sensors.py for tasks to queue
[2024-10-02T01:49:52.965+0000] {logging_mixin.py:190} INFO - [2024-10-02T01:49:52.965+0000] {dagbag.py:588} INFO - Filling up the DagBag from /home/airflow/.local/lib/python3.12/site-packages/airflow/example_dags/example_sensors.py
[2024-10-02T01:49:52.970+0000] {processor.py:925} INFO - DAG(s) 'example_sensors' retrieved from /home/airflow/.local/lib/python3.12/site-packages/airflow/example_dags/example_sensors.py
[2024-10-02T01:49:52.981+0000] {logging_mixin.py:190} INFO - [2024-10-02T01:49:52.980+0000] {dag.py:3239} INFO - Sync 1 DAGs
[2024-10-02T01:49:52.986+0000] {logging_mixin.py:190} INFO - [2024-10-02T01:49:52.986+0000] {dag.py:4180} INFO - Setting next_dagrun for example_sensors to None, run_after=None
[2024-10-02T01:49:52.994+0000] {processor.py:208} INFO - Processing /home/airflow/.local/lib/python3.12/site-packages/airflow/example_dags/example_sensors.py took 0.034 seconds
[2024-10-02T01:50:23.381+0000] {processor.py:186} INFO - Started process (PID=329) to work on /home/airflow/.local/lib/python3.12/site-packages/airflow/example_dags/example_sensors.py
[2024-10-02T01:50:23.382+0000] {processor.py:914} INFO - Processing file /home/airflow/.local/lib/python3.12/site-packages/airflow/example_dags/example_sensors.py for tasks to queue
[2024-10-02T01:50:23.383+0000] {logging_mixin.py:190} INFO - [2024-10-02T01:50:23.383+0000] {dagbag.py:588} INFO - Filling up the DagBag from /home/airflow/.local/lib/python3.12/site-packages/airflow/example_dags/example_sensors.py
[2024-10-02T01:50:23.389+0000] {processor.py:925} INFO - DAG(s) 'example_sensors' retrieved from /home/airflow/.local/lib/python3.12/site-packages/airflow/example_dags/example_sensors.py
[2024-10-02T01:50:23.401+0000] {logging_mixin.py:190} INFO - [2024-10-02T01:50:23.401+0000] {dag.py:3239} INFO - Sync 1 DAGs
[2024-10-02T01:50:23.407+0000] {logging_mixin.py:190} INFO - [2024-10-02T01:50:23.407+0000] {dag.py:4180} INFO - Setting next_dagrun for example_sensors to None, run_after=None
[2024-10-02T01:50:23.416+0000] {processor.py:208} INFO - Processing /home/airflow/.local/lib/python3.12/site-packages/airflow/example_dags/example_sensors.py took 0.038 seconds
[2024-10-02T01:50:53.713+0000] {processor.py:186} INFO - Started process (PID=391) to work on /home/airflow/.local/lib/python3.12/site-packages/airflow/example_dags/example_sensors.py
[2024-10-02T01:50:53.713+0000] {processor.py:914} INFO - Processing file /home/airflow/.local/lib/python3.12/site-packages/airflow/example_dags/example_sensors.py for tasks to queue
[2024-10-02T01:50:53.715+0000] {logging_mixin.py:190} INFO - [2024-10-02T01:50:53.714+0000] {dagbag.py:588} INFO - Filling up the DagBag from /home/airflow/.local/lib/python3.12/site-packages/airflow/example_dags/example_sensors.py
[2024-10-02T01:50:53.720+0000] {processor.py:925} INFO - DAG(s) 'example_sensors' retrieved from /home/airflow/.local/lib/python3.12/site-packages/airflow/example_dags/example_sensors.py
[2024-10-02T01:50:53.734+0000] {logging_mixin.py:190} INFO - [2024-10-02T01:50:53.734+0000] {dag.py:3239} INFO - Sync 1 DAGs
[2024-10-02T01:50:53.740+0000] {logging_mixin.py:190} INFO - [2024-10-02T01:50:53.740+0000] {dag.py:4180} INFO - Setting next_dagrun for example_sensors to None, run_after=None
[2024-10-02T01:50:53.748+0000] {processor.py:208} INFO - Processing /home/airflow/.local/lib/python3.12/site-packages/airflow/example_dags/example_sensors.py took 0.039 seconds
[2024-10-02T01:51:23.835+0000] {processor.py:186} INFO - Started process (PID=453) to work on /home/airflow/.local/lib/python3.12/site-packages/airflow/example_dags/example_sensors.py
[2024-10-02T01:51:23.835+0000] {processor.py:914} INFO - Processing file /home/airflow/.local/lib/python3.12/site-packages/airflow/example_dags/example_sensors.py for tasks to queue
[2024-10-02T01:51:23.836+0000] {logging_mixin.py:190} INFO - [2024-10-02T01:51:23.836+0000] {dagbag.py:588} INFO - Filling up the DagBag from /home/airflow/.local/lib/python3.12/site-packages/airflow/example_dags/example_sensors.py
[2024-10-02T01:51:23.841+0000] {processor.py:925} INFO - DAG(s) 'example_sensors' retrieved from /home/airflow/.local/lib/python3.12/site-packages/airflow/example_dags/example_sensors.py
[2024-10-02T01:51:23.852+0000] {logging_mixin.py:190} INFO - [2024-10-02T01:51:23.852+0000] {dag.py:3239} INFO - Sync 1 DAGs
[2024-10-02T01:51:23.859+0000] {logging_mixin.py:190} INFO - [2024-10-02T01:51:23.859+0000] {dag.py:4180} INFO - Setting next_dagrun for example_sensors to None, run_after=None
[2024-10-02T01:51:23.868+0000] {processor.py:208} INFO - Processing /home/airflow/.local/lib/python3.12/site-packages/airflow/example_dags/example_sensors.py took 0.036 seconds
[2024-10-02T01:51:54.053+0000] {processor.py:186} INFO - Started process (PID=515) to work on /home/airflow/.local/lib/python3.12/site-packages/airflow/example_dags/example_sensors.py
[2024-10-02T01:51:54.053+0000] {processor.py:914} INFO - Processing file /home/airflow/.local/lib/python3.12/site-packages/airflow/example_dags/example_sensors.py for tasks to queue
[2024-10-02T01:51:54.054+0000] {logging_mixin.py:190} INFO - [2024-10-02T01:51:54.054+0000] {dagbag.py:588} INFO - Filling up the DagBag from /home/airflow/.local/lib/python3.12/site-packages/airflow/example_dags/example_sensors.py
[2024-10-02T01:51:54.060+0000] {processor.py:925} INFO - DAG(s) 'example_sensors' retrieved from /home/airflow/.local/lib/python3.12/site-packages/airflow/example_dags/example_sensors.py
[2024-10-02T01:51:54.072+0000] {logging_mixin.py:190} INFO - [2024-10-02T01:51:54.072+0000] {dag.py:3239} INFO - Sync 1 DAGs
[2024-10-02T01:51:54.079+0000] {logging_mixin.py:190} INFO - [2024-10-02T01:51:54.079+0000] {dag.py:4180} INFO - Setting next_dagrun for example_sensors to None, run_after=None
[2024-10-02T01:51:54.089+0000] {processor.py:208} INFO - Processing /home/airflow/.local/lib/python3.12/site-packages/airflow/example_dags/example_sensors.py took 0.040 seconds
[2024-10-02T01:52:24.301+0000] {processor.py:186} INFO - Started process (PID=577) to work on /home/airflow/.local/lib/python3.12/site-packages/airflow/example_dags/example_sensors.py
[2024-10-02T01:52:24.302+0000] {processor.py:914} INFO - Processing file /home/airflow/.local/lib/python3.12/site-packages/airflow/example_dags/example_sensors.py for tasks to queue
[2024-10-02T01:52:24.303+0000] {logging_mixin.py:190} INFO - [2024-10-02T01:52:24.303+0000] {dagbag.py:588} INFO - Filling up the DagBag from /home/airflow/.local/lib/python3.12/site-packages/airflow/example_dags/example_sensors.py
[2024-10-02T01:52:24.308+0000] {processor.py:925} INFO - DAG(s) 'example_sensors' retrieved from /home/airflow/.local/lib/python3.12/site-packages/airflow/example_dags/example_sensors.py
[2024-10-02T01:52:24.320+0000] {logging_mixin.py:190} INFO - [2024-10-02T01:52:24.320+0000] {dag.py:3239} INFO - Sync 1 DAGs
[2024-10-02T01:52:24.327+0000] {logging_mixin.py:190} INFO - [2024-10-02T01:52:24.327+0000] {dag.py:4180} INFO - Setting next_dagrun for example_sensors to None, run_after=None
[2024-10-02T01:52:24.336+0000] {processor.py:208} INFO - Processing /home/airflow/.local/lib/python3.12/site-packages/airflow/example_dags/example_sensors.py took 0.037 seconds
