[2024-10-02T01:48:22.731+0000] {processor.py:186} INFO - Started process (PID=94) to work on /home/airflow/.local/lib/python3.12/site-packages/airflow/example_dags/tutorial_taskflow_api.py
[2024-10-02T01:48:22.731+0000] {processor.py:914} INFO - Processing file /home/airflow/.local/lib/python3.12/site-packages/airflow/example_dags/tutorial_taskflow_api.py for tasks to queue
[2024-10-02T01:48:22.732+0000] {logging_mixin.py:190} INFO - [2024-10-02T01:48:22.732+0000] {dagbag.py:588} INFO - Filling up the DagBag from /home/airflow/.local/lib/python3.12/site-packages/airflow/example_dags/tutorial_taskflow_api.py
[2024-10-02T01:48:22.737+0000] {processor.py:925} INFO - DAG(s) 'tutorial_taskflow_api' retrieved from /home/airflow/.local/lib/python3.12/site-packages/airflow/example_dags/tutorial_taskflow_api.py
[2024-10-02T01:48:22.789+0000] {logging_mixin.py:190} INFO - [2024-10-02T01:48:22.789+0000] {override.py:1900} INFO - Created Permission View: can delete on DAG:tutorial_taskflow_api
[2024-10-02T01:48:22.795+0000] {logging_mixin.py:190} INFO - [2024-10-02T01:48:22.795+0000] {override.py:1900} INFO - Created Permission View: can read on DAG:tutorial_taskflow_api
[2024-10-02T01:48:22.799+0000] {logging_mixin.py:190} INFO - [2024-10-02T01:48:22.799+0000] {override.py:1900} INFO - Created Permission View: can edit on DAG:tutorial_taskflow_api
[2024-10-02T01:48:22.804+0000] {logging_mixin.py:190} INFO - [2024-10-02T01:48:22.804+0000] {override.py:1900} INFO - Created Permission View: can delete on DAG Run:tutorial_taskflow_api
[2024-10-02T01:48:22.808+0000] {logging_mixin.py:190} INFO - [2024-10-02T01:48:22.808+0000] {override.py:1900} INFO - Created Permission View: can create on DAG Run:tutorial_taskflow_api
[2024-10-02T01:48:22.811+0000] {logging_mixin.py:190} INFO - [2024-10-02T01:48:22.811+0000] {override.py:1900} INFO - Created Permission View: can read on DAG Run:tutorial_taskflow_api
[2024-10-02T01:48:22.814+0000] {logging_mixin.py:190} INFO - [2024-10-02T01:48:22.813+0000] {override.py:1900} INFO - Created Permission View: menu access on DAG Run:tutorial_taskflow_api
[2024-10-02T01:48:22.814+0000] {logging_mixin.py:190} INFO - [2024-10-02T01:48:22.814+0000] {dag.py:3239} INFO - Sync 1 DAGs
[2024-10-02T01:48:22.820+0000] {logging_mixin.py:190} INFO - [2024-10-02T01:48:22.820+0000] {dag.py:3262} INFO - Creating ORM DAG for tutorial_taskflow_api
[2024-10-02T01:48:22.820+0000] {logging_mixin.py:190} INFO - [2024-10-02T01:48:22.820+0000] {dag.py:4180} INFO - Setting next_dagrun for tutorial_taskflow_api to None, run_after=None
[2024-10-02T01:48:22.827+0000] {processor.py:208} INFO - Processing /home/airflow/.local/lib/python3.12/site-packages/airflow/example_dags/tutorial_taskflow_api.py took 0.100 seconds
[2024-10-02T01:48:53.061+0000] {processor.py:186} INFO - Started process (PID=162) to work on /home/airflow/.local/lib/python3.12/site-packages/airflow/example_dags/tutorial_taskflow_api.py
[2024-10-02T01:48:53.061+0000] {processor.py:914} INFO - Processing file /home/airflow/.local/lib/python3.12/site-packages/airflow/example_dags/tutorial_taskflow_api.py for tasks to queue
[2024-10-02T01:48:53.062+0000] {logging_mixin.py:190} INFO - [2024-10-02T01:48:53.062+0000] {dagbag.py:588} INFO - Filling up the DagBag from /home/airflow/.local/lib/python3.12/site-packages/airflow/example_dags/tutorial_taskflow_api.py
[2024-10-02T01:48:53.067+0000] {processor.py:925} INFO - DAG(s) 'tutorial_taskflow_api' retrieved from /home/airflow/.local/lib/python3.12/site-packages/airflow/example_dags/tutorial_taskflow_api.py
[2024-10-02T01:48:53.076+0000] {logging_mixin.py:190} INFO - [2024-10-02T01:48:53.076+0000] {dag.py:3239} INFO - Sync 1 DAGs
[2024-10-02T01:48:53.083+0000] {logging_mixin.py:190} INFO - [2024-10-02T01:48:53.083+0000] {dag.py:4180} INFO - Setting next_dagrun for tutorial_taskflow_api to None, run_after=None
[2024-10-02T01:48:53.093+0000] {processor.py:208} INFO - Processing /home/airflow/.local/lib/python3.12/site-packages/airflow/example_dags/tutorial_taskflow_api.py took 0.035 seconds
[2024-10-02T01:49:23.286+0000] {processor.py:186} INFO - Started process (PID=224) to work on /home/airflow/.local/lib/python3.12/site-packages/airflow/example_dags/tutorial_taskflow_api.py
[2024-10-02T01:49:23.287+0000] {processor.py:914} INFO - Processing file /home/airflow/.local/lib/python3.12/site-packages/airflow/example_dags/tutorial_taskflow_api.py for tasks to queue
[2024-10-02T01:49:23.288+0000] {logging_mixin.py:190} INFO - [2024-10-02T01:49:23.287+0000] {dagbag.py:588} INFO - Filling up the DagBag from /home/airflow/.local/lib/python3.12/site-packages/airflow/example_dags/tutorial_taskflow_api.py
[2024-10-02T01:49:23.292+0000] {processor.py:925} INFO - DAG(s) 'tutorial_taskflow_api' retrieved from /home/airflow/.local/lib/python3.12/site-packages/airflow/example_dags/tutorial_taskflow_api.py
[2024-10-02T01:49:23.302+0000] {logging_mixin.py:190} INFO - [2024-10-02T01:49:23.302+0000] {dag.py:3239} INFO - Sync 1 DAGs
[2024-10-02T01:49:23.309+0000] {logging_mixin.py:190} INFO - [2024-10-02T01:49:23.309+0000] {dag.py:4180} INFO - Setting next_dagrun for tutorial_taskflow_api to None, run_after=None
[2024-10-02T01:49:23.319+0000] {processor.py:208} INFO - Processing /home/airflow/.local/lib/python3.12/site-packages/airflow/example_dags/tutorial_taskflow_api.py took 0.037 seconds
[2024-10-02T01:49:53.587+0000] {processor.py:186} INFO - Started process (PID=286) to work on /home/airflow/.local/lib/python3.12/site-packages/airflow/example_dags/tutorial_taskflow_api.py
[2024-10-02T01:49:53.588+0000] {processor.py:914} INFO - Processing file /home/airflow/.local/lib/python3.12/site-packages/airflow/example_dags/tutorial_taskflow_api.py for tasks to queue
[2024-10-02T01:49:53.589+0000] {logging_mixin.py:190} INFO - [2024-10-02T01:49:53.589+0000] {dagbag.py:588} INFO - Filling up the DagBag from /home/airflow/.local/lib/python3.12/site-packages/airflow/example_dags/tutorial_taskflow_api.py
[2024-10-02T01:49:53.593+0000] {processor.py:925} INFO - DAG(s) 'tutorial_taskflow_api' retrieved from /home/airflow/.local/lib/python3.12/site-packages/airflow/example_dags/tutorial_taskflow_api.py
[2024-10-02T01:49:53.600+0000] {logging_mixin.py:190} INFO - [2024-10-02T01:49:53.600+0000] {dag.py:3239} INFO - Sync 1 DAGs
[2024-10-02T01:49:53.606+0000] {logging_mixin.py:190} INFO - [2024-10-02T01:49:53.606+0000] {dag.py:4180} INFO - Setting next_dagrun for tutorial_taskflow_api to None, run_after=None
[2024-10-02T01:49:53.617+0000] {processor.py:208} INFO - Processing /home/airflow/.local/lib/python3.12/site-packages/airflow/example_dags/tutorial_taskflow_api.py took 0.033 seconds
[2024-10-02T01:50:23.817+0000] {processor.py:186} INFO - Started process (PID=348) to work on /home/airflow/.local/lib/python3.12/site-packages/airflow/example_dags/tutorial_taskflow_api.py
[2024-10-02T01:50:23.817+0000] {processor.py:914} INFO - Processing file /home/airflow/.local/lib/python3.12/site-packages/airflow/example_dags/tutorial_taskflow_api.py for tasks to queue
[2024-10-02T01:50:23.818+0000] {logging_mixin.py:190} INFO - [2024-10-02T01:50:23.818+0000] {dagbag.py:588} INFO - Filling up the DagBag from /home/airflow/.local/lib/python3.12/site-packages/airflow/example_dags/tutorial_taskflow_api.py
[2024-10-02T01:50:23.822+0000] {processor.py:925} INFO - DAG(s) 'tutorial_taskflow_api' retrieved from /home/airflow/.local/lib/python3.12/site-packages/airflow/example_dags/tutorial_taskflow_api.py
[2024-10-02T01:50:23.831+0000] {logging_mixin.py:190} INFO - [2024-10-02T01:50:23.831+0000] {dag.py:3239} INFO - Sync 1 DAGs
[2024-10-02T01:50:23.837+0000] {logging_mixin.py:190} INFO - [2024-10-02T01:50:23.837+0000] {dag.py:4180} INFO - Setting next_dagrun for tutorial_taskflow_api to None, run_after=None
[2024-10-02T01:50:23.846+0000] {processor.py:208} INFO - Processing /home/airflow/.local/lib/python3.12/site-packages/airflow/example_dags/tutorial_taskflow_api.py took 0.032 seconds
[2024-10-02T01:50:54.251+0000] {processor.py:186} INFO - Started process (PID=410) to work on /home/airflow/.local/lib/python3.12/site-packages/airflow/example_dags/tutorial_taskflow_api.py
[2024-10-02T01:50:54.251+0000] {processor.py:914} INFO - Processing file /home/airflow/.local/lib/python3.12/site-packages/airflow/example_dags/tutorial_taskflow_api.py for tasks to queue
[2024-10-02T01:50:54.252+0000] {logging_mixin.py:190} INFO - [2024-10-02T01:50:54.252+0000] {dagbag.py:588} INFO - Filling up the DagBag from /home/airflow/.local/lib/python3.12/site-packages/airflow/example_dags/tutorial_taskflow_api.py
[2024-10-02T01:50:54.257+0000] {processor.py:925} INFO - DAG(s) 'tutorial_taskflow_api' retrieved from /home/airflow/.local/lib/python3.12/site-packages/airflow/example_dags/tutorial_taskflow_api.py
[2024-10-02T01:50:54.265+0000] {logging_mixin.py:190} INFO - [2024-10-02T01:50:54.265+0000] {dag.py:3239} INFO - Sync 1 DAGs
[2024-10-02T01:50:54.272+0000] {logging_mixin.py:190} INFO - [2024-10-02T01:50:54.272+0000] {dag.py:4180} INFO - Setting next_dagrun for tutorial_taskflow_api to None, run_after=None
[2024-10-02T01:50:54.281+0000] {processor.py:208} INFO - Processing /home/airflow/.local/lib/python3.12/site-packages/airflow/example_dags/tutorial_taskflow_api.py took 0.033 seconds
[2024-10-02T01:51:24.385+0000] {processor.py:186} INFO - Started process (PID=472) to work on /home/airflow/.local/lib/python3.12/site-packages/airflow/example_dags/tutorial_taskflow_api.py
[2024-10-02T01:51:24.386+0000] {processor.py:914} INFO - Processing file /home/airflow/.local/lib/python3.12/site-packages/airflow/example_dags/tutorial_taskflow_api.py for tasks to queue
[2024-10-02T01:51:24.387+0000] {logging_mixin.py:190} INFO - [2024-10-02T01:51:24.386+0000] {dagbag.py:588} INFO - Filling up the DagBag from /home/airflow/.local/lib/python3.12/site-packages/airflow/example_dags/tutorial_taskflow_api.py
[2024-10-02T01:51:24.390+0000] {processor.py:925} INFO - DAG(s) 'tutorial_taskflow_api' retrieved from /home/airflow/.local/lib/python3.12/site-packages/airflow/example_dags/tutorial_taskflow_api.py
[2024-10-02T01:51:24.398+0000] {logging_mixin.py:190} INFO - [2024-10-02T01:51:24.398+0000] {dag.py:3239} INFO - Sync 1 DAGs
[2024-10-02T01:51:24.405+0000] {logging_mixin.py:190} INFO - [2024-10-02T01:51:24.405+0000] {dag.py:4180} INFO - Setting next_dagrun for tutorial_taskflow_api to None, run_after=None
[2024-10-02T01:51:24.414+0000] {processor.py:208} INFO - Processing /home/airflow/.local/lib/python3.12/site-packages/airflow/example_dags/tutorial_taskflow_api.py took 0.032 seconds
[2024-10-02T01:51:54.549+0000] {processor.py:186} INFO - Started process (PID=534) to work on /home/airflow/.local/lib/python3.12/site-packages/airflow/example_dags/tutorial_taskflow_api.py
[2024-10-02T01:51:54.550+0000] {processor.py:914} INFO - Processing file /home/airflow/.local/lib/python3.12/site-packages/airflow/example_dags/tutorial_taskflow_api.py for tasks to queue
[2024-10-02T01:51:54.551+0000] {logging_mixin.py:190} INFO - [2024-10-02T01:51:54.551+0000] {dagbag.py:588} INFO - Filling up the DagBag from /home/airflow/.local/lib/python3.12/site-packages/airflow/example_dags/tutorial_taskflow_api.py
[2024-10-02T01:51:54.554+0000] {processor.py:925} INFO - DAG(s) 'tutorial_taskflow_api' retrieved from /home/airflow/.local/lib/python3.12/site-packages/airflow/example_dags/tutorial_taskflow_api.py
[2024-10-02T01:51:54.563+0000] {logging_mixin.py:190} INFO - [2024-10-02T01:51:54.563+0000] {dag.py:3239} INFO - Sync 1 DAGs
[2024-10-02T01:51:54.569+0000] {logging_mixin.py:190} INFO - [2024-10-02T01:51:54.569+0000] {dag.py:4180} INFO - Setting next_dagrun for tutorial_taskflow_api to None, run_after=None
[2024-10-02T01:51:54.578+0000] {processor.py:208} INFO - Processing /home/airflow/.local/lib/python3.12/site-packages/airflow/example_dags/tutorial_taskflow_api.py took 0.031 seconds
[2024-10-02T01:52:24.793+0000] {processor.py:186} INFO - Started process (PID=596) to work on /home/airflow/.local/lib/python3.12/site-packages/airflow/example_dags/tutorial_taskflow_api.py
[2024-10-02T01:52:24.794+0000] {processor.py:914} INFO - Processing file /home/airflow/.local/lib/python3.12/site-packages/airflow/example_dags/tutorial_taskflow_api.py for tasks to queue
[2024-10-02T01:52:24.795+0000] {logging_mixin.py:190} INFO - [2024-10-02T01:52:24.794+0000] {dagbag.py:588} INFO - Filling up the DagBag from /home/airflow/.local/lib/python3.12/site-packages/airflow/example_dags/tutorial_taskflow_api.py
[2024-10-02T01:52:24.799+0000] {processor.py:925} INFO - DAG(s) 'tutorial_taskflow_api' retrieved from /home/airflow/.local/lib/python3.12/site-packages/airflow/example_dags/tutorial_taskflow_api.py
[2024-10-02T01:52:24.807+0000] {logging_mixin.py:190} INFO - [2024-10-02T01:52:24.807+0000] {dag.py:3239} INFO - Sync 1 DAGs
[2024-10-02T01:52:24.814+0000] {logging_mixin.py:190} INFO - [2024-10-02T01:52:24.813+0000] {dag.py:4180} INFO - Setting next_dagrun for tutorial_taskflow_api to None, run_after=None
[2024-10-02T01:52:24.822+0000] {processor.py:208} INFO - Processing /home/airflow/.local/lib/python3.12/site-packages/airflow/example_dags/tutorial_taskflow_api.py took 0.032 seconds
