[2024-10-04T01:04:59.710+0000] {processor.py:186} INFO - Started process (PID=133) to work on /home/airflow/.local/lib/python3.12/site-packages/airflow/example_dags/example_sensors.py
[2024-10-04T01:04:59.711+0000] {processor.py:914} INFO - Processing file /home/airflow/.local/lib/python3.12/site-packages/airflow/example_dags/example_sensors.py for tasks to queue
[2024-10-04T01:04:59.712+0000] {logging_mixin.py:190} INFO - [2024-10-04T01:04:59.712+0000] {dagbag.py:588} INFO - Filling up the DagBag from /home/airflow/.local/lib/python3.12/site-packages/airflow/example_dags/example_sensors.py
[2024-10-04T01:04:59.720+0000] {processor.py:925} INFO - DAG(s) 'example_sensors' retrieved from /home/airflow/.local/lib/python3.12/site-packages/airflow/example_dags/example_sensors.py
[2024-10-04T01:04:59.726+0000] {logging_mixin.py:190} INFO - [2024-10-04T01:04:59.725+0000] {dag.py:3239} INFO - Sync 1 DAGs
[2024-10-04T01:04:59.732+0000] {logging_mixin.py:190} INFO - [2024-10-04T01:04:59.732+0000] {dag.py:4180} INFO - Setting next_dagrun for example_sensors to None, run_after=None
[2024-10-04T01:04:59.743+0000] {processor.py:208} INFO - Processing /home/airflow/.local/lib/python3.12/site-packages/airflow/example_dags/example_sensors.py took 0.037 seconds
[2024-10-04T01:05:30.580+0000] {processor.py:186} INFO - Started process (PID=205) to work on /home/airflow/.local/lib/python3.12/site-packages/airflow/example_dags/example_sensors.py
[2024-10-04T01:05:30.581+0000] {processor.py:914} INFO - Processing file /home/airflow/.local/lib/python3.12/site-packages/airflow/example_dags/example_sensors.py for tasks to queue
[2024-10-04T01:05:30.582+0000] {logging_mixin.py:190} INFO - [2024-10-04T01:05:30.582+0000] {dagbag.py:588} INFO - Filling up the DagBag from /home/airflow/.local/lib/python3.12/site-packages/airflow/example_dags/example_sensors.py
[2024-10-04T01:05:30.587+0000] {processor.py:925} INFO - DAG(s) 'example_sensors' retrieved from /home/airflow/.local/lib/python3.12/site-packages/airflow/example_dags/example_sensors.py
[2024-10-04T01:05:30.637+0000] {logging_mixin.py:190} INFO - [2024-10-04T01:05:30.637+0000] {dag.py:3239} INFO - Sync 1 DAGs
[2024-10-04T01:05:30.643+0000] {logging_mixin.py:190} INFO - [2024-10-04T01:05:30.643+0000] {dag.py:4180} INFO - Setting next_dagrun for example_sensors to None, run_after=None
[2024-10-04T01:05:30.653+0000] {processor.py:208} INFO - Processing /home/airflow/.local/lib/python3.12/site-packages/airflow/example_dags/example_sensors.py took 0.076 seconds
[2024-10-04T01:06:00.686+0000] {processor.py:186} INFO - Started process (PID=277) to work on /home/airflow/.local/lib/python3.12/site-packages/airflow/example_dags/example_sensors.py
[2024-10-04T01:06:00.686+0000] {processor.py:914} INFO - Processing file /home/airflow/.local/lib/python3.12/site-packages/airflow/example_dags/example_sensors.py for tasks to queue
[2024-10-04T01:06:00.687+0000] {logging_mixin.py:190} INFO - [2024-10-04T01:06:00.687+0000] {dagbag.py:588} INFO - Filling up the DagBag from /home/airflow/.local/lib/python3.12/site-packages/airflow/example_dags/example_sensors.py
[2024-10-04T01:06:00.693+0000] {processor.py:925} INFO - DAG(s) 'example_sensors' retrieved from /home/airflow/.local/lib/python3.12/site-packages/airflow/example_dags/example_sensors.py
[2024-10-04T01:06:00.704+0000] {logging_mixin.py:190} INFO - [2024-10-04T01:06:00.704+0000] {dag.py:3239} INFO - Sync 1 DAGs
[2024-10-04T01:06:00.710+0000] {logging_mixin.py:190} INFO - [2024-10-04T01:06:00.710+0000] {dag.py:4180} INFO - Setting next_dagrun for example_sensors to None, run_after=None
[2024-10-04T01:06:00.718+0000] {processor.py:208} INFO - Processing /home/airflow/.local/lib/python3.12/site-packages/airflow/example_dags/example_sensors.py took 0.036 seconds
[2024-10-04T01:06:30.973+0000] {processor.py:186} INFO - Started process (PID=349) to work on /home/airflow/.local/lib/python3.12/site-packages/airflow/example_dags/example_sensors.py
[2024-10-04T01:06:30.973+0000] {processor.py:914} INFO - Processing file /home/airflow/.local/lib/python3.12/site-packages/airflow/example_dags/example_sensors.py for tasks to queue
[2024-10-04T01:06:30.974+0000] {logging_mixin.py:190} INFO - [2024-10-04T01:06:30.974+0000] {dagbag.py:588} INFO - Filling up the DagBag from /home/airflow/.local/lib/python3.12/site-packages/airflow/example_dags/example_sensors.py
[2024-10-04T01:06:30.980+0000] {processor.py:925} INFO - DAG(s) 'example_sensors' retrieved from /home/airflow/.local/lib/python3.12/site-packages/airflow/example_dags/example_sensors.py
[2024-10-04T01:06:30.991+0000] {logging_mixin.py:190} INFO - [2024-10-04T01:06:30.991+0000] {dag.py:3239} INFO - Sync 1 DAGs
[2024-10-04T01:06:30.998+0000] {logging_mixin.py:190} INFO - [2024-10-04T01:06:30.998+0000] {dag.py:4180} INFO - Setting next_dagrun for example_sensors to None, run_after=None
[2024-10-04T01:06:31.006+0000] {processor.py:208} INFO - Processing /home/airflow/.local/lib/python3.12/site-packages/airflow/example_dags/example_sensors.py took 0.036 seconds
[2024-10-04T01:07:01.212+0000] {processor.py:186} INFO - Started process (PID=421) to work on /home/airflow/.local/lib/python3.12/site-packages/airflow/example_dags/example_sensors.py
[2024-10-04T01:07:01.213+0000] {processor.py:914} INFO - Processing file /home/airflow/.local/lib/python3.12/site-packages/airflow/example_dags/example_sensors.py for tasks to queue
[2024-10-04T01:07:01.214+0000] {logging_mixin.py:190} INFO - [2024-10-04T01:07:01.214+0000] {dagbag.py:588} INFO - Filling up the DagBag from /home/airflow/.local/lib/python3.12/site-packages/airflow/example_dags/example_sensors.py
[2024-10-04T01:07:01.219+0000] {processor.py:925} INFO - DAG(s) 'example_sensors' retrieved from /home/airflow/.local/lib/python3.12/site-packages/airflow/example_dags/example_sensors.py
[2024-10-04T01:07:01.231+0000] {logging_mixin.py:190} INFO - [2024-10-04T01:07:01.231+0000] {dag.py:3239} INFO - Sync 1 DAGs
[2024-10-04T01:07:01.237+0000] {logging_mixin.py:190} INFO - [2024-10-04T01:07:01.237+0000] {dag.py:4180} INFO - Setting next_dagrun for example_sensors to None, run_after=None
[2024-10-04T01:07:01.245+0000] {processor.py:208} INFO - Processing /home/airflow/.local/lib/python3.12/site-packages/airflow/example_dags/example_sensors.py took 0.036 seconds
[2024-10-04T01:07:31.422+0000] {processor.py:186} INFO - Started process (PID=499) to work on /home/airflow/.local/lib/python3.12/site-packages/airflow/example_dags/example_sensors.py
[2024-10-04T01:07:31.422+0000] {processor.py:914} INFO - Processing file /home/airflow/.local/lib/python3.12/site-packages/airflow/example_dags/example_sensors.py for tasks to queue
[2024-10-04T01:07:31.424+0000] {logging_mixin.py:190} INFO - [2024-10-04T01:07:31.424+0000] {dagbag.py:588} INFO - Filling up the DagBag from /home/airflow/.local/lib/python3.12/site-packages/airflow/example_dags/example_sensors.py
[2024-10-04T01:07:31.430+0000] {processor.py:925} INFO - DAG(s) 'example_sensors' retrieved from /home/airflow/.local/lib/python3.12/site-packages/airflow/example_dags/example_sensors.py
[2024-10-04T01:07:31.442+0000] {logging_mixin.py:190} INFO - [2024-10-04T01:07:31.441+0000] {dag.py:3239} INFO - Sync 1 DAGs
[2024-10-04T01:07:31.449+0000] {logging_mixin.py:190} INFO - [2024-10-04T01:07:31.449+0000] {dag.py:4180} INFO - Setting next_dagrun for example_sensors to None, run_after=None
[2024-10-04T01:07:31.458+0000] {processor.py:208} INFO - Processing /home/airflow/.local/lib/python3.12/site-packages/airflow/example_dags/example_sensors.py took 0.039 seconds
[2024-10-04T01:08:01.634+0000] {processor.py:186} INFO - Started process (PID=571) to work on /home/airflow/.local/lib/python3.12/site-packages/airflow/example_dags/example_sensors.py
[2024-10-04T01:08:01.635+0000] {processor.py:914} INFO - Processing file /home/airflow/.local/lib/python3.12/site-packages/airflow/example_dags/example_sensors.py for tasks to queue
[2024-10-04T01:08:01.636+0000] {logging_mixin.py:190} INFO - [2024-10-04T01:08:01.636+0000] {dagbag.py:588} INFO - Filling up the DagBag from /home/airflow/.local/lib/python3.12/site-packages/airflow/example_dags/example_sensors.py
[2024-10-04T01:08:01.642+0000] {processor.py:925} INFO - DAG(s) 'example_sensors' retrieved from /home/airflow/.local/lib/python3.12/site-packages/airflow/example_dags/example_sensors.py
[2024-10-04T01:08:01.655+0000] {logging_mixin.py:190} INFO - [2024-10-04T01:08:01.654+0000] {dag.py:3239} INFO - Sync 1 DAGs
[2024-10-04T01:08:01.661+0000] {logging_mixin.py:190} INFO - [2024-10-04T01:08:01.661+0000] {dag.py:4180} INFO - Setting next_dagrun for example_sensors to None, run_after=None
[2024-10-04T01:08:01.671+0000] {processor.py:208} INFO - Processing /home/airflow/.local/lib/python3.12/site-packages/airflow/example_dags/example_sensors.py took 0.040 seconds
[2024-10-04T01:08:31.754+0000] {processor.py:186} INFO - Started process (PID=643) to work on /home/airflow/.local/lib/python3.12/site-packages/airflow/example_dags/example_sensors.py
[2024-10-04T01:08:31.755+0000] {processor.py:914} INFO - Processing file /home/airflow/.local/lib/python3.12/site-packages/airflow/example_dags/example_sensors.py for tasks to queue
[2024-10-04T01:08:31.756+0000] {logging_mixin.py:190} INFO - [2024-10-04T01:08:31.756+0000] {dagbag.py:588} INFO - Filling up the DagBag from /home/airflow/.local/lib/python3.12/site-packages/airflow/example_dags/example_sensors.py
[2024-10-04T01:08:31.761+0000] {processor.py:925} INFO - DAG(s) 'example_sensors' retrieved from /home/airflow/.local/lib/python3.12/site-packages/airflow/example_dags/example_sensors.py
[2024-10-04T01:08:31.772+0000] {logging_mixin.py:190} INFO - [2024-10-04T01:08:31.772+0000] {dag.py:3239} INFO - Sync 1 DAGs
[2024-10-04T01:08:31.779+0000] {logging_mixin.py:190} INFO - [2024-10-04T01:08:31.779+0000] {dag.py:4180} INFO - Setting next_dagrun for example_sensors to None, run_after=None
[2024-10-04T01:08:31.788+0000] {processor.py:208} INFO - Processing /home/airflow/.local/lib/python3.12/site-packages/airflow/example_dags/example_sensors.py took 0.036 seconds
[2024-10-04T01:09:02.928+0000] {processor.py:186} INFO - Started process (PID=715) to work on /home/airflow/.local/lib/python3.12/site-packages/airflow/example_dags/example_sensors.py
[2024-10-04T01:09:02.929+0000] {processor.py:914} INFO - Processing file /home/airflow/.local/lib/python3.12/site-packages/airflow/example_dags/example_sensors.py for tasks to queue
[2024-10-04T01:09:02.930+0000] {logging_mixin.py:190} INFO - [2024-10-04T01:09:02.930+0000] {dagbag.py:588} INFO - Filling up the DagBag from /home/airflow/.local/lib/python3.12/site-packages/airflow/example_dags/example_sensors.py
[2024-10-04T01:09:02.936+0000] {processor.py:925} INFO - DAG(s) 'example_sensors' retrieved from /home/airflow/.local/lib/python3.12/site-packages/airflow/example_dags/example_sensors.py
[2024-10-04T01:09:02.948+0000] {logging_mixin.py:190} INFO - [2024-10-04T01:09:02.948+0000] {dag.py:3239} INFO - Sync 1 DAGs
[2024-10-04T01:09:02.954+0000] {logging_mixin.py:190} INFO - [2024-10-04T01:09:02.954+0000] {dag.py:4180} INFO - Setting next_dagrun for example_sensors to None, run_after=None
[2024-10-04T01:09:02.963+0000] {processor.py:208} INFO - Processing /home/airflow/.local/lib/python3.12/site-packages/airflow/example_dags/example_sensors.py took 0.038 seconds
[2024-10-04T01:09:33.181+0000] {processor.py:186} INFO - Started process (PID=787) to work on /home/airflow/.local/lib/python3.12/site-packages/airflow/example_dags/example_sensors.py
[2024-10-04T01:09:33.181+0000] {processor.py:914} INFO - Processing file /home/airflow/.local/lib/python3.12/site-packages/airflow/example_dags/example_sensors.py for tasks to queue
[2024-10-04T01:09:33.183+0000] {logging_mixin.py:190} INFO - [2024-10-04T01:09:33.183+0000] {dagbag.py:588} INFO - Filling up the DagBag from /home/airflow/.local/lib/python3.12/site-packages/airflow/example_dags/example_sensors.py
[2024-10-04T01:09:33.191+0000] {processor.py:925} INFO - DAG(s) 'example_sensors' retrieved from /home/airflow/.local/lib/python3.12/site-packages/airflow/example_dags/example_sensors.py
[2024-10-04T01:09:33.205+0000] {logging_mixin.py:190} INFO - [2024-10-04T01:09:33.205+0000] {dag.py:3239} INFO - Sync 1 DAGs
[2024-10-04T01:09:33.260+0000] {logging_mixin.py:190} INFO - [2024-10-04T01:09:33.260+0000] {dag.py:4180} INFO - Setting next_dagrun for example_sensors to None, run_after=None
[2024-10-04T01:09:33.272+0000] {processor.py:208} INFO - Processing /home/airflow/.local/lib/python3.12/site-packages/airflow/example_dags/example_sensors.py took 0.095 seconds
