[2024-10-04T01:04:59.395+0000] {processor.py:186} INFO - Started process (PID=122) to work on /home/airflow/.local/lib/python3.12/site-packages/airflow/example_dags/example_latest_only.py
[2024-10-04T01:04:59.396+0000] {processor.py:914} INFO - Processing file /home/airflow/.local/lib/python3.12/site-packages/airflow/example_dags/example_latest_only.py for tasks to queue
[2024-10-04T01:04:59.397+0000] {logging_mixin.py:190} INFO - [2024-10-04T01:04:59.397+0000] {dagbag.py:588} INFO - Filling up the DagBag from /home/airflow/.local/lib/python3.12/site-packages/airflow/example_dags/example_latest_only.py
[2024-10-04T01:04:59.404+0000] {processor.py:925} INFO - DAG(s) 'latest_only' retrieved from /home/airflow/.local/lib/python3.12/site-packages/airflow/example_dags/example_latest_only.py
[2024-10-04T01:04:59.412+0000] {logging_mixin.py:190} INFO - [2024-10-04T01:04:59.411+0000] {dag.py:3239} INFO - Sync 1 DAGs
[2024-10-04T01:04:59.425+0000] {logging_mixin.py:190} INFO - [2024-10-04T01:04:59.425+0000] {dag.py:4180} INFO - Setting next_dagrun for latest_only to 2024-10-03 20:00:00+00:00, run_after=2024-10-04 00:00:00+00:00
[2024-10-04T01:04:59.442+0000] {processor.py:208} INFO - Processing /home/airflow/.local/lib/python3.12/site-packages/airflow/example_dags/example_latest_only.py took 0.051 seconds
[2024-10-04T01:05:30.042+0000] {processor.py:186} INFO - Started process (PID=194) to work on /home/airflow/.local/lib/python3.12/site-packages/airflow/example_dags/example_latest_only.py
[2024-10-04T01:05:30.043+0000] {processor.py:914} INFO - Processing file /home/airflow/.local/lib/python3.12/site-packages/airflow/example_dags/example_latest_only.py for tasks to queue
[2024-10-04T01:05:30.044+0000] {logging_mixin.py:190} INFO - [2024-10-04T01:05:30.044+0000] {dagbag.py:588} INFO - Filling up the DagBag from /home/airflow/.local/lib/python3.12/site-packages/airflow/example_dags/example_latest_only.py
[2024-10-04T01:05:30.048+0000] {processor.py:925} INFO - DAG(s) 'latest_only' retrieved from /home/airflow/.local/lib/python3.12/site-packages/airflow/example_dags/example_latest_only.py
[2024-10-04T01:05:30.101+0000] {logging_mixin.py:190} INFO - [2024-10-04T01:05:30.101+0000] {dag.py:3239} INFO - Sync 1 DAGs
[2024-10-04T01:05:30.115+0000] {logging_mixin.py:190} INFO - [2024-10-04T01:05:30.114+0000] {dag.py:4180} INFO - Setting next_dagrun for latest_only to 2024-10-03 20:00:00+00:00, run_after=2024-10-04 00:00:00+00:00
[2024-10-04T01:05:30.131+0000] {processor.py:208} INFO - Processing /home/airflow/.local/lib/python3.12/site-packages/airflow/example_dags/example_latest_only.py took 0.092 seconds
[2024-10-04T01:06:00.172+0000] {processor.py:186} INFO - Started process (PID=266) to work on /home/airflow/.local/lib/python3.12/site-packages/airflow/example_dags/example_latest_only.py
[2024-10-04T01:06:00.173+0000] {processor.py:914} INFO - Processing file /home/airflow/.local/lib/python3.12/site-packages/airflow/example_dags/example_latest_only.py for tasks to queue
[2024-10-04T01:06:00.175+0000] {logging_mixin.py:190} INFO - [2024-10-04T01:06:00.174+0000] {dagbag.py:588} INFO - Filling up the DagBag from /home/airflow/.local/lib/python3.12/site-packages/airflow/example_dags/example_latest_only.py
[2024-10-04T01:06:00.179+0000] {processor.py:925} INFO - DAG(s) 'latest_only' retrieved from /home/airflow/.local/lib/python3.12/site-packages/airflow/example_dags/example_latest_only.py
[2024-10-04T01:06:00.188+0000] {logging_mixin.py:190} INFO - [2024-10-04T01:06:00.188+0000] {dag.py:3239} INFO - Sync 1 DAGs
[2024-10-04T01:06:00.199+0000] {logging_mixin.py:190} INFO - [2024-10-04T01:06:00.199+0000] {dag.py:4180} INFO - Setting next_dagrun for latest_only to 2024-10-03 20:00:00+00:00, run_after=2024-10-04 00:00:00+00:00
[2024-10-04T01:06:00.209+0000] {processor.py:208} INFO - Processing /home/airflow/.local/lib/python3.12/site-packages/airflow/example_dags/example_latest_only.py took 0.040 seconds
[2024-10-04T01:06:30.698+0000] {processor.py:186} INFO - Started process (PID=338) to work on /home/airflow/.local/lib/python3.12/site-packages/airflow/example_dags/example_latest_only.py
[2024-10-04T01:06:30.699+0000] {processor.py:914} INFO - Processing file /home/airflow/.local/lib/python3.12/site-packages/airflow/example_dags/example_latest_only.py for tasks to queue
[2024-10-04T01:06:30.700+0000] {logging_mixin.py:190} INFO - [2024-10-04T01:06:30.700+0000] {dagbag.py:588} INFO - Filling up the DagBag from /home/airflow/.local/lib/python3.12/site-packages/airflow/example_dags/example_latest_only.py
[2024-10-04T01:06:30.703+0000] {processor.py:925} INFO - DAG(s) 'latest_only' retrieved from /home/airflow/.local/lib/python3.12/site-packages/airflow/example_dags/example_latest_only.py
[2024-10-04T01:06:30.712+0000] {logging_mixin.py:190} INFO - [2024-10-04T01:06:30.712+0000] {dag.py:3239} INFO - Sync 1 DAGs
[2024-10-04T01:06:30.724+0000] {logging_mixin.py:190} INFO - [2024-10-04T01:06:30.724+0000] {dag.py:4180} INFO - Setting next_dagrun for latest_only to 2024-10-03 20:00:00+00:00, run_after=2024-10-04 00:00:00+00:00
[2024-10-04T01:06:30.733+0000] {processor.py:208} INFO - Processing /home/airflow/.local/lib/python3.12/site-packages/airflow/example_dags/example_latest_only.py took 0.038 seconds
[2024-10-04T01:07:00.943+0000] {processor.py:186} INFO - Started process (PID=410) to work on /home/airflow/.local/lib/python3.12/site-packages/airflow/example_dags/example_latest_only.py
[2024-10-04T01:07:00.943+0000] {processor.py:914} INFO - Processing file /home/airflow/.local/lib/python3.12/site-packages/airflow/example_dags/example_latest_only.py for tasks to queue
[2024-10-04T01:07:00.944+0000] {logging_mixin.py:190} INFO - [2024-10-04T01:07:00.944+0000] {dagbag.py:588} INFO - Filling up the DagBag from /home/airflow/.local/lib/python3.12/site-packages/airflow/example_dags/example_latest_only.py
[2024-10-04T01:07:00.947+0000] {processor.py:925} INFO - DAG(s) 'latest_only' retrieved from /home/airflow/.local/lib/python3.12/site-packages/airflow/example_dags/example_latest_only.py
[2024-10-04T01:07:00.956+0000] {logging_mixin.py:190} INFO - [2024-10-04T01:07:00.956+0000] {dag.py:3239} INFO - Sync 1 DAGs
[2024-10-04T01:07:00.967+0000] {logging_mixin.py:190} INFO - [2024-10-04T01:07:00.967+0000] {dag.py:4180} INFO - Setting next_dagrun for latest_only to 2024-10-03 20:00:00+00:00, run_after=2024-10-04 00:00:00+00:00
[2024-10-04T01:07:00.976+0000] {processor.py:208} INFO - Processing /home/airflow/.local/lib/python3.12/site-packages/airflow/example_dags/example_latest_only.py took 0.036 seconds
[2024-10-04T01:07:31.135+0000] {processor.py:186} INFO - Started process (PID=482) to work on /home/airflow/.local/lib/python3.12/site-packages/airflow/example_dags/example_latest_only.py
[2024-10-04T01:07:31.136+0000] {processor.py:914} INFO - Processing file /home/airflow/.local/lib/python3.12/site-packages/airflow/example_dags/example_latest_only.py for tasks to queue
[2024-10-04T01:07:31.137+0000] {logging_mixin.py:190} INFO - [2024-10-04T01:07:31.137+0000] {dagbag.py:588} INFO - Filling up the DagBag from /home/airflow/.local/lib/python3.12/site-packages/airflow/example_dags/example_latest_only.py
[2024-10-04T01:07:31.141+0000] {processor.py:925} INFO - DAG(s) 'latest_only' retrieved from /home/airflow/.local/lib/python3.12/site-packages/airflow/example_dags/example_latest_only.py
[2024-10-04T01:07:31.150+0000] {logging_mixin.py:190} INFO - [2024-10-04T01:07:31.150+0000] {dag.py:3239} INFO - Sync 1 DAGs
[2024-10-04T01:07:31.162+0000] {logging_mixin.py:190} INFO - [2024-10-04T01:07:31.162+0000] {dag.py:4180} INFO - Setting next_dagrun for latest_only to 2024-10-03 20:00:00+00:00, run_after=2024-10-04 00:00:00+00:00
[2024-10-04T01:07:31.171+0000] {processor.py:208} INFO - Processing /home/airflow/.local/lib/python3.12/site-packages/airflow/example_dags/example_latest_only.py took 0.040 seconds
[2024-10-04T01:08:01.346+0000] {processor.py:186} INFO - Started process (PID=560) to work on /home/airflow/.local/lib/python3.12/site-packages/airflow/example_dags/example_latest_only.py
[2024-10-04T01:08:01.347+0000] {processor.py:914} INFO - Processing file /home/airflow/.local/lib/python3.12/site-packages/airflow/example_dags/example_latest_only.py for tasks to queue
[2024-10-04T01:08:01.349+0000] {logging_mixin.py:190} INFO - [2024-10-04T01:08:01.348+0000] {dagbag.py:588} INFO - Filling up the DagBag from /home/airflow/.local/lib/python3.12/site-packages/airflow/example_dags/example_latest_only.py
[2024-10-04T01:08:01.353+0000] {processor.py:925} INFO - DAG(s) 'latest_only' retrieved from /home/airflow/.local/lib/python3.12/site-packages/airflow/example_dags/example_latest_only.py
[2024-10-04T01:08:01.363+0000] {logging_mixin.py:190} INFO - [2024-10-04T01:08:01.363+0000] {dag.py:3239} INFO - Sync 1 DAGs
[2024-10-04T01:08:01.374+0000] {logging_mixin.py:190} INFO - [2024-10-04T01:08:01.374+0000] {dag.py:4180} INFO - Setting next_dagrun for latest_only to 2024-10-03 20:00:00+00:00, run_after=2024-10-04 00:00:00+00:00
[2024-10-04T01:08:01.383+0000] {processor.py:208} INFO - Processing /home/airflow/.local/lib/python3.12/site-packages/airflow/example_dags/example_latest_only.py took 0.040 seconds
[2024-10-04T01:08:31.480+0000] {processor.py:186} INFO - Started process (PID=632) to work on /home/airflow/.local/lib/python3.12/site-packages/airflow/example_dags/example_latest_only.py
[2024-10-04T01:08:31.480+0000] {processor.py:914} INFO - Processing file /home/airflow/.local/lib/python3.12/site-packages/airflow/example_dags/example_latest_only.py for tasks to queue
[2024-10-04T01:08:31.481+0000] {logging_mixin.py:190} INFO - [2024-10-04T01:08:31.481+0000] {dagbag.py:588} INFO - Filling up the DagBag from /home/airflow/.local/lib/python3.12/site-packages/airflow/example_dags/example_latest_only.py
[2024-10-04T01:08:31.485+0000] {processor.py:925} INFO - DAG(s) 'latest_only' retrieved from /home/airflow/.local/lib/python3.12/site-packages/airflow/example_dags/example_latest_only.py
[2024-10-04T01:08:31.495+0000] {logging_mixin.py:190} INFO - [2024-10-04T01:08:31.495+0000] {dag.py:3239} INFO - Sync 1 DAGs
[2024-10-04T01:08:31.506+0000] {logging_mixin.py:190} INFO - [2024-10-04T01:08:31.506+0000] {dag.py:4180} INFO - Setting next_dagrun for latest_only to 2024-10-03 20:00:00+00:00, run_after=2024-10-04 00:00:00+00:00
[2024-10-04T01:08:31.515+0000] {processor.py:208} INFO - Processing /home/airflow/.local/lib/python3.12/site-packages/airflow/example_dags/example_latest_only.py took 0.038 seconds
[2024-10-04T01:09:02.626+0000] {processor.py:186} INFO - Started process (PID=704) to work on /home/airflow/.local/lib/python3.12/site-packages/airflow/example_dags/example_latest_only.py
[2024-10-04T01:09:02.627+0000] {processor.py:914} INFO - Processing file /home/airflow/.local/lib/python3.12/site-packages/airflow/example_dags/example_latest_only.py for tasks to queue
[2024-10-04T01:09:02.628+0000] {logging_mixin.py:190} INFO - [2024-10-04T01:09:02.628+0000] {dagbag.py:588} INFO - Filling up the DagBag from /home/airflow/.local/lib/python3.12/site-packages/airflow/example_dags/example_latest_only.py
[2024-10-04T01:09:02.631+0000] {processor.py:925} INFO - DAG(s) 'latest_only' retrieved from /home/airflow/.local/lib/python3.12/site-packages/airflow/example_dags/example_latest_only.py
[2024-10-04T01:09:02.641+0000] {logging_mixin.py:190} INFO - [2024-10-04T01:09:02.641+0000] {dag.py:3239} INFO - Sync 1 DAGs
[2024-10-04T01:09:02.653+0000] {logging_mixin.py:190} INFO - [2024-10-04T01:09:02.653+0000] {dag.py:4180} INFO - Setting next_dagrun for latest_only to 2024-10-03 20:00:00+00:00, run_after=2024-10-04 00:00:00+00:00
[2024-10-04T01:09:02.663+0000] {processor.py:208} INFO - Processing /home/airflow/.local/lib/python3.12/site-packages/airflow/example_dags/example_latest_only.py took 0.040 seconds
[2024-10-04T01:09:32.871+0000] {processor.py:186} INFO - Started process (PID=776) to work on /home/airflow/.local/lib/python3.12/site-packages/airflow/example_dags/example_latest_only.py
[2024-10-04T01:09:32.871+0000] {processor.py:914} INFO - Processing file /home/airflow/.local/lib/python3.12/site-packages/airflow/example_dags/example_latest_only.py for tasks to queue
[2024-10-04T01:09:32.873+0000] {logging_mixin.py:190} INFO - [2024-10-04T01:09:32.873+0000] {dagbag.py:588} INFO - Filling up the DagBag from /home/airflow/.local/lib/python3.12/site-packages/airflow/example_dags/example_latest_only.py
[2024-10-04T01:09:32.876+0000] {processor.py:925} INFO - DAG(s) 'latest_only' retrieved from /home/airflow/.local/lib/python3.12/site-packages/airflow/example_dags/example_latest_only.py
[2024-10-04T01:09:32.886+0000] {logging_mixin.py:190} INFO - [2024-10-04T01:09:32.886+0000] {dag.py:3239} INFO - Sync 1 DAGs
[2024-10-04T01:09:32.898+0000] {logging_mixin.py:190} INFO - [2024-10-04T01:09:32.898+0000] {dag.py:4180} INFO - Setting next_dagrun for latest_only to 2024-10-03 20:00:00+00:00, run_after=2024-10-04 00:00:00+00:00
[2024-10-04T01:09:32.908+0000] {processor.py:208} INFO - Processing /home/airflow/.local/lib/python3.12/site-packages/airflow/example_dags/example_latest_only.py took 0.041 seconds
