[2024-10-04T01:04:59.499+0000] {processor.py:186} INFO - Started process (PID=125) to work on /home/airflow/.local/lib/python3.12/site-packages/airflow/example_dags/example_nested_branch_dag.py
[2024-10-04T01:04:59.500+0000] {processor.py:914} INFO - Processing file /home/airflow/.local/lib/python3.12/site-packages/airflow/example_dags/example_nested_branch_dag.py for tasks to queue
[2024-10-04T01:04:59.501+0000] {logging_mixin.py:190} INFO - [2024-10-04T01:04:59.501+0000] {dagbag.py:588} INFO - Filling up the DagBag from /home/airflow/.local/lib/python3.12/site-packages/airflow/example_dags/example_nested_branch_dag.py
[2024-10-04T01:04:59.508+0000] {processor.py:925} INFO - DAG(s) 'example_nested_branch_dag' retrieved from /home/airflow/.local/lib/python3.12/site-packages/airflow/example_dags/example_nested_branch_dag.py
[2024-10-04T01:04:59.514+0000] {logging_mixin.py:190} INFO - [2024-10-04T01:04:59.513+0000] {dag.py:3239} INFO - Sync 1 DAGs
[2024-10-04T01:04:59.525+0000] {logging_mixin.py:190} INFO - [2024-10-04T01:04:59.525+0000] {dag.py:4180} INFO - Setting next_dagrun for example_nested_branch_dag to 2024-10-03 00:00:00+00:00, run_after=2024-10-04 00:00:00+00:00
[2024-10-04T01:04:59.535+0000] {processor.py:208} INFO - Processing /home/airflow/.local/lib/python3.12/site-packages/airflow/example_dags/example_nested_branch_dag.py took 0.039 seconds
[2024-10-04T01:05:30.217+0000] {processor.py:186} INFO - Started process (PID=197) to work on /home/airflow/.local/lib/python3.12/site-packages/airflow/example_dags/example_nested_branch_dag.py
[2024-10-04T01:05:30.218+0000] {processor.py:914} INFO - Processing file /home/airflow/.local/lib/python3.12/site-packages/airflow/example_dags/example_nested_branch_dag.py for tasks to queue
[2024-10-04T01:05:30.219+0000] {logging_mixin.py:190} INFO - [2024-10-04T01:05:30.219+0000] {dagbag.py:588} INFO - Filling up the DagBag from /home/airflow/.local/lib/python3.12/site-packages/airflow/example_dags/example_nested_branch_dag.py
[2024-10-04T01:05:30.226+0000] {processor.py:925} INFO - DAG(s) 'example_nested_branch_dag' retrieved from /home/airflow/.local/lib/python3.12/site-packages/airflow/example_dags/example_nested_branch_dag.py
[2024-10-04T01:05:30.275+0000] {logging_mixin.py:190} INFO - [2024-10-04T01:05:30.274+0000] {dag.py:3239} INFO - Sync 1 DAGs
[2024-10-04T01:05:30.285+0000] {logging_mixin.py:190} INFO - [2024-10-04T01:05:30.285+0000] {dag.py:4180} INFO - Setting next_dagrun for example_nested_branch_dag to 2024-10-03 00:00:00+00:00, run_after=2024-10-04 00:00:00+00:00
[2024-10-04T01:05:30.294+0000] {processor.py:208} INFO - Processing /home/airflow/.local/lib/python3.12/site-packages/airflow/example_dags/example_nested_branch_dag.py took 0.080 seconds
[2024-10-04T01:06:00.319+0000] {processor.py:186} INFO - Started process (PID=269) to work on /home/airflow/.local/lib/python3.12/site-packages/airflow/example_dags/example_nested_branch_dag.py
[2024-10-04T01:06:00.320+0000] {processor.py:914} INFO - Processing file /home/airflow/.local/lib/python3.12/site-packages/airflow/example_dags/example_nested_branch_dag.py for tasks to queue
[2024-10-04T01:06:00.321+0000] {logging_mixin.py:190} INFO - [2024-10-04T01:06:00.321+0000] {dagbag.py:588} INFO - Filling up the DagBag from /home/airflow/.local/lib/python3.12/site-packages/airflow/example_dags/example_nested_branch_dag.py
[2024-10-04T01:06:00.328+0000] {processor.py:925} INFO - DAG(s) 'example_nested_branch_dag' retrieved from /home/airflow/.local/lib/python3.12/site-packages/airflow/example_dags/example_nested_branch_dag.py
[2024-10-04T01:06:00.337+0000] {logging_mixin.py:190} INFO - [2024-10-04T01:06:00.337+0000] {dag.py:3239} INFO - Sync 1 DAGs
[2024-10-04T01:06:00.348+0000] {logging_mixin.py:190} INFO - [2024-10-04T01:06:00.348+0000] {dag.py:4180} INFO - Setting next_dagrun for example_nested_branch_dag to 2024-10-03 00:00:00+00:00, run_after=2024-10-04 00:00:00+00:00
[2024-10-04T01:06:00.357+0000] {processor.py:208} INFO - Processing /home/airflow/.local/lib/python3.12/site-packages/airflow/example_dags/example_nested_branch_dag.py took 0.041 seconds
[2024-10-04T01:06:30.772+0000] {processor.py:186} INFO - Started process (PID=341) to work on /home/airflow/.local/lib/python3.12/site-packages/airflow/example_dags/example_nested_branch_dag.py
[2024-10-04T01:06:30.773+0000] {processor.py:914} INFO - Processing file /home/airflow/.local/lib/python3.12/site-packages/airflow/example_dags/example_nested_branch_dag.py for tasks to queue
[2024-10-04T01:06:30.774+0000] {logging_mixin.py:190} INFO - [2024-10-04T01:06:30.774+0000] {dagbag.py:588} INFO - Filling up the DagBag from /home/airflow/.local/lib/python3.12/site-packages/airflow/example_dags/example_nested_branch_dag.py
[2024-10-04T01:06:30.780+0000] {processor.py:925} INFO - DAG(s) 'example_nested_branch_dag' retrieved from /home/airflow/.local/lib/python3.12/site-packages/airflow/example_dags/example_nested_branch_dag.py
[2024-10-04T01:06:30.790+0000] {logging_mixin.py:190} INFO - [2024-10-04T01:06:30.790+0000] {dag.py:3239} INFO - Sync 1 DAGs
[2024-10-04T01:06:30.802+0000] {logging_mixin.py:190} INFO - [2024-10-04T01:06:30.801+0000] {dag.py:4180} INFO - Setting next_dagrun for example_nested_branch_dag to 2024-10-03 00:00:00+00:00, run_after=2024-10-04 00:00:00+00:00
[2024-10-04T01:06:30.810+0000] {processor.py:208} INFO - Processing /home/airflow/.local/lib/python3.12/site-packages/airflow/example_dags/example_nested_branch_dag.py took 0.041 seconds
[2024-10-04T01:07:01.016+0000] {processor.py:186} INFO - Started process (PID=413) to work on /home/airflow/.local/lib/python3.12/site-packages/airflow/example_dags/example_nested_branch_dag.py
[2024-10-04T01:07:01.017+0000] {processor.py:914} INFO - Processing file /home/airflow/.local/lib/python3.12/site-packages/airflow/example_dags/example_nested_branch_dag.py for tasks to queue
[2024-10-04T01:07:01.018+0000] {logging_mixin.py:190} INFO - [2024-10-04T01:07:01.018+0000] {dagbag.py:588} INFO - Filling up the DagBag from /home/airflow/.local/lib/python3.12/site-packages/airflow/example_dags/example_nested_branch_dag.py
[2024-10-04T01:07:01.024+0000] {processor.py:925} INFO - DAG(s) 'example_nested_branch_dag' retrieved from /home/airflow/.local/lib/python3.12/site-packages/airflow/example_dags/example_nested_branch_dag.py
[2024-10-04T01:07:01.035+0000] {logging_mixin.py:190} INFO - [2024-10-04T01:07:01.035+0000] {dag.py:3239} INFO - Sync 1 DAGs
[2024-10-04T01:07:01.045+0000] {logging_mixin.py:190} INFO - [2024-10-04T01:07:01.045+0000] {dag.py:4180} INFO - Setting next_dagrun for example_nested_branch_dag to 2024-10-03 00:00:00+00:00, run_after=2024-10-04 00:00:00+00:00
[2024-10-04T01:07:01.054+0000] {processor.py:208} INFO - Processing /home/airflow/.local/lib/python3.12/site-packages/airflow/example_dags/example_nested_branch_dag.py took 0.040 seconds
[2024-10-04T01:07:31.211+0000] {processor.py:186} INFO - Started process (PID=485) to work on /home/airflow/.local/lib/python3.12/site-packages/airflow/example_dags/example_nested_branch_dag.py
[2024-10-04T01:07:31.212+0000] {processor.py:914} INFO - Processing file /home/airflow/.local/lib/python3.12/site-packages/airflow/example_dags/example_nested_branch_dag.py for tasks to queue
[2024-10-04T01:07:31.213+0000] {logging_mixin.py:190} INFO - [2024-10-04T01:07:31.213+0000] {dagbag.py:588} INFO - Filling up the DagBag from /home/airflow/.local/lib/python3.12/site-packages/airflow/example_dags/example_nested_branch_dag.py
[2024-10-04T01:07:31.219+0000] {processor.py:925} INFO - DAG(s) 'example_nested_branch_dag' retrieved from /home/airflow/.local/lib/python3.12/site-packages/airflow/example_dags/example_nested_branch_dag.py
[2024-10-04T01:07:31.229+0000] {logging_mixin.py:190} INFO - [2024-10-04T01:07:31.229+0000] {dag.py:3239} INFO - Sync 1 DAGs
[2024-10-04T01:07:31.241+0000] {logging_mixin.py:190} INFO - [2024-10-04T01:07:31.241+0000] {dag.py:4180} INFO - Setting next_dagrun for example_nested_branch_dag to 2024-10-03 00:00:00+00:00, run_after=2024-10-04 00:00:00+00:00
[2024-10-04T01:07:31.251+0000] {processor.py:208} INFO - Processing /home/airflow/.local/lib/python3.12/site-packages/airflow/example_dags/example_nested_branch_dag.py took 0.043 seconds
[2024-10-04T01:08:01.415+0000] {processor.py:186} INFO - Started process (PID=563) to work on /home/airflow/.local/lib/python3.12/site-packages/airflow/example_dags/example_nested_branch_dag.py
[2024-10-04T01:08:01.416+0000] {processor.py:914} INFO - Processing file /home/airflow/.local/lib/python3.12/site-packages/airflow/example_dags/example_nested_branch_dag.py for tasks to queue
[2024-10-04T01:08:01.417+0000] {logging_mixin.py:190} INFO - [2024-10-04T01:08:01.417+0000] {dagbag.py:588} INFO - Filling up the DagBag from /home/airflow/.local/lib/python3.12/site-packages/airflow/example_dags/example_nested_branch_dag.py
[2024-10-04T01:08:01.423+0000] {processor.py:925} INFO - DAG(s) 'example_nested_branch_dag' retrieved from /home/airflow/.local/lib/python3.12/site-packages/airflow/example_dags/example_nested_branch_dag.py
[2024-10-04T01:08:01.434+0000] {logging_mixin.py:190} INFO - [2024-10-04T01:08:01.433+0000] {dag.py:3239} INFO - Sync 1 DAGs
[2024-10-04T01:08:01.445+0000] {logging_mixin.py:190} INFO - [2024-10-04T01:08:01.445+0000] {dag.py:4180} INFO - Setting next_dagrun for example_nested_branch_dag to 2024-10-03 00:00:00+00:00, run_after=2024-10-04 00:00:00+00:00
[2024-10-04T01:08:01.454+0000] {processor.py:208} INFO - Processing /home/airflow/.local/lib/python3.12/site-packages/airflow/example_dags/example_nested_branch_dag.py took 0.042 seconds
[2024-10-04T01:08:31.551+0000] {processor.py:186} INFO - Started process (PID=635) to work on /home/airflow/.local/lib/python3.12/site-packages/airflow/example_dags/example_nested_branch_dag.py
[2024-10-04T01:08:31.552+0000] {processor.py:914} INFO - Processing file /home/airflow/.local/lib/python3.12/site-packages/airflow/example_dags/example_nested_branch_dag.py for tasks to queue
[2024-10-04T01:08:31.553+0000] {logging_mixin.py:190} INFO - [2024-10-04T01:08:31.553+0000] {dagbag.py:588} INFO - Filling up the DagBag from /home/airflow/.local/lib/python3.12/site-packages/airflow/example_dags/example_nested_branch_dag.py
[2024-10-04T01:08:31.558+0000] {processor.py:925} INFO - DAG(s) 'example_nested_branch_dag' retrieved from /home/airflow/.local/lib/python3.12/site-packages/airflow/example_dags/example_nested_branch_dag.py
[2024-10-04T01:08:31.568+0000] {logging_mixin.py:190} INFO - [2024-10-04T01:08:31.568+0000] {dag.py:3239} INFO - Sync 1 DAGs
[2024-10-04T01:08:31.579+0000] {logging_mixin.py:190} INFO - [2024-10-04T01:08:31.579+0000] {dag.py:4180} INFO - Setting next_dagrun for example_nested_branch_dag to 2024-10-03 00:00:00+00:00, run_after=2024-10-04 00:00:00+00:00
[2024-10-04T01:08:31.588+0000] {processor.py:208} INFO - Processing /home/airflow/.local/lib/python3.12/site-packages/airflow/example_dags/example_nested_branch_dag.py took 0.040 seconds
[2024-10-04T01:09:02.702+0000] {processor.py:186} INFO - Started process (PID=707) to work on /home/airflow/.local/lib/python3.12/site-packages/airflow/example_dags/example_nested_branch_dag.py
[2024-10-04T01:09:02.703+0000] {processor.py:914} INFO - Processing file /home/airflow/.local/lib/python3.12/site-packages/airflow/example_dags/example_nested_branch_dag.py for tasks to queue
[2024-10-04T01:09:02.704+0000] {logging_mixin.py:190} INFO - [2024-10-04T01:09:02.704+0000] {dagbag.py:588} INFO - Filling up the DagBag from /home/airflow/.local/lib/python3.12/site-packages/airflow/example_dags/example_nested_branch_dag.py
[2024-10-04T01:09:02.710+0000] {processor.py:925} INFO - DAG(s) 'example_nested_branch_dag' retrieved from /home/airflow/.local/lib/python3.12/site-packages/airflow/example_dags/example_nested_branch_dag.py
[2024-10-04T01:09:02.721+0000] {logging_mixin.py:190} INFO - [2024-10-04T01:09:02.720+0000] {dag.py:3239} INFO - Sync 1 DAGs
[2024-10-04T01:09:02.732+0000] {logging_mixin.py:190} INFO - [2024-10-04T01:09:02.732+0000] {dag.py:4180} INFO - Setting next_dagrun for example_nested_branch_dag to 2024-10-03 00:00:00+00:00, run_after=2024-10-04 00:00:00+00:00
[2024-10-04T01:09:02.743+0000] {processor.py:208} INFO - Processing /home/airflow/.local/lib/python3.12/site-packages/airflow/example_dags/example_nested_branch_dag.py took 0.043 seconds
[2024-10-04T01:09:32.949+0000] {processor.py:186} INFO - Started process (PID=779) to work on /home/airflow/.local/lib/python3.12/site-packages/airflow/example_dags/example_nested_branch_dag.py
[2024-10-04T01:09:32.950+0000] {processor.py:914} INFO - Processing file /home/airflow/.local/lib/python3.12/site-packages/airflow/example_dags/example_nested_branch_dag.py for tasks to queue
[2024-10-04T01:09:32.951+0000] {logging_mixin.py:190} INFO - [2024-10-04T01:09:32.951+0000] {dagbag.py:588} INFO - Filling up the DagBag from /home/airflow/.local/lib/python3.12/site-packages/airflow/example_dags/example_nested_branch_dag.py
[2024-10-04T01:09:32.957+0000] {processor.py:925} INFO - DAG(s) 'example_nested_branch_dag' retrieved from /home/airflow/.local/lib/python3.12/site-packages/airflow/example_dags/example_nested_branch_dag.py
[2024-10-04T01:09:32.970+0000] {logging_mixin.py:190} INFO - [2024-10-04T01:09:32.970+0000] {dag.py:3239} INFO - Sync 1 DAGs
[2024-10-04T01:09:32.982+0000] {logging_mixin.py:190} INFO - [2024-10-04T01:09:32.982+0000] {dag.py:4180} INFO - Setting next_dagrun for example_nested_branch_dag to 2024-10-03 00:00:00+00:00, run_after=2024-10-04 00:00:00+00:00
[2024-10-04T01:09:32.992+0000] {processor.py:208} INFO - Processing /home/airflow/.local/lib/python3.12/site-packages/airflow/example_dags/example_nested_branch_dag.py took 0.045 seconds
