[2024-10-04T01:04:59.807+0000] {processor.py:186} INFO - Started process (PID=137) to work on /home/airflow/.local/lib/python3.12/site-packages/airflow/example_dags/example_short_circuit_operator.py
[2024-10-04T01:04:59.808+0000] {processor.py:914} INFO - Processing file /home/airflow/.local/lib/python3.12/site-packages/airflow/example_dags/example_short_circuit_operator.py for tasks to queue
[2024-10-04T01:04:59.810+0000] {logging_mixin.py:190} INFO - [2024-10-04T01:04:59.809+0000] {dagbag.py:588} INFO - Filling up the DagBag from /home/airflow/.local/lib/python3.12/site-packages/airflow/example_dags/example_short_circuit_operator.py
[2024-10-04T01:04:59.819+0000] {processor.py:925} INFO - DAG(s) 'example_short_circuit_operator' retrieved from /home/airflow/.local/lib/python3.12/site-packages/airflow/example_dags/example_short_circuit_operator.py
[2024-10-04T01:04:59.829+0000] {logging_mixin.py:190} INFO - [2024-10-04T01:04:59.828+0000] {dag.py:3239} INFO - Sync 1 DAGs
[2024-10-04T01:04:59.839+0000] {logging_mixin.py:190} INFO - [2024-10-04T01:04:59.839+0000] {dag.py:4180} INFO - Setting next_dagrun for example_short_circuit_operator to None, run_after=None
[2024-10-04T01:04:59.851+0000] {processor.py:208} INFO - Processing /home/airflow/.local/lib/python3.12/site-packages/airflow/example_dags/example_short_circuit_operator.py took 0.047 seconds
[2024-10-04T01:05:30.750+0000] {processor.py:186} INFO - Started process (PID=209) to work on /home/airflow/.local/lib/python3.12/site-packages/airflow/example_dags/example_short_circuit_operator.py
[2024-10-04T01:05:30.751+0000] {processor.py:914} INFO - Processing file /home/airflow/.local/lib/python3.12/site-packages/airflow/example_dags/example_short_circuit_operator.py for tasks to queue
[2024-10-04T01:05:30.752+0000] {logging_mixin.py:190} INFO - [2024-10-04T01:05:30.752+0000] {dagbag.py:588} INFO - Filling up the DagBag from /home/airflow/.local/lib/python3.12/site-packages/airflow/example_dags/example_short_circuit_operator.py
[2024-10-04T01:05:30.756+0000] {processor.py:925} INFO - DAG(s) 'example_short_circuit_operator' retrieved from /home/airflow/.local/lib/python3.12/site-packages/airflow/example_dags/example_short_circuit_operator.py
[2024-10-04T01:05:30.805+0000] {logging_mixin.py:190} INFO - [2024-10-04T01:05:30.805+0000] {dag.py:3239} INFO - Sync 1 DAGs
[2024-10-04T01:05:30.810+0000] {logging_mixin.py:190} INFO - [2024-10-04T01:05:30.810+0000] {dag.py:4180} INFO - Setting next_dagrun for example_short_circuit_operator to None, run_after=None
[2024-10-04T01:05:30.820+0000] {processor.py:208} INFO - Processing /home/airflow/.local/lib/python3.12/site-packages/airflow/example_dags/example_short_circuit_operator.py took 0.073 seconds
[2024-10-04T01:06:00.857+0000] {processor.py:186} INFO - Started process (PID=281) to work on /home/airflow/.local/lib/python3.12/site-packages/airflow/example_dags/example_short_circuit_operator.py
[2024-10-04T01:06:00.857+0000] {processor.py:914} INFO - Processing file /home/airflow/.local/lib/python3.12/site-packages/airflow/example_dags/example_short_circuit_operator.py for tasks to queue
[2024-10-04T01:06:00.858+0000] {logging_mixin.py:190} INFO - [2024-10-04T01:06:00.858+0000] {dagbag.py:588} INFO - Filling up the DagBag from /home/airflow/.local/lib/python3.12/site-packages/airflow/example_dags/example_short_circuit_operator.py
[2024-10-04T01:06:00.862+0000] {processor.py:925} INFO - DAG(s) 'example_short_circuit_operator' retrieved from /home/airflow/.local/lib/python3.12/site-packages/airflow/example_dags/example_short_circuit_operator.py
[2024-10-04T01:06:00.872+0000] {logging_mixin.py:190} INFO - [2024-10-04T01:06:00.872+0000] {dag.py:3239} INFO - Sync 1 DAGs
[2024-10-04T01:06:00.877+0000] {logging_mixin.py:190} INFO - [2024-10-04T01:06:00.877+0000] {dag.py:4180} INFO - Setting next_dagrun for example_short_circuit_operator to None, run_after=None
[2024-10-04T01:06:00.885+0000] {processor.py:208} INFO - Processing /home/airflow/.local/lib/python3.12/site-packages/airflow/example_dags/example_short_circuit_operator.py took 0.031 seconds
[2024-10-04T01:06:31.067+0000] {processor.py:186} INFO - Started process (PID=353) to work on /home/airflow/.local/lib/python3.12/site-packages/airflow/example_dags/example_short_circuit_operator.py
[2024-10-04T01:06:31.067+0000] {processor.py:914} INFO - Processing file /home/airflow/.local/lib/python3.12/site-packages/airflow/example_dags/example_short_circuit_operator.py for tasks to queue
[2024-10-04T01:06:31.068+0000] {logging_mixin.py:190} INFO - [2024-10-04T01:06:31.068+0000] {dagbag.py:588} INFO - Filling up the DagBag from /home/airflow/.local/lib/python3.12/site-packages/airflow/example_dags/example_short_circuit_operator.py
[2024-10-04T01:06:31.073+0000] {processor.py:925} INFO - DAG(s) 'example_short_circuit_operator' retrieved from /home/airflow/.local/lib/python3.12/site-packages/airflow/example_dags/example_short_circuit_operator.py
[2024-10-04T01:06:31.083+0000] {logging_mixin.py:190} INFO - [2024-10-04T01:06:31.083+0000] {dag.py:3239} INFO - Sync 1 DAGs
[2024-10-04T01:06:31.090+0000] {logging_mixin.py:190} INFO - [2024-10-04T01:06:31.090+0000] {dag.py:4180} INFO - Setting next_dagrun for example_short_circuit_operator to None, run_after=None
[2024-10-04T01:06:31.099+0000] {processor.py:208} INFO - Processing /home/airflow/.local/lib/python3.12/site-packages/airflow/example_dags/example_short_circuit_operator.py took 0.035 seconds
[2024-10-04T01:07:01.305+0000] {processor.py:186} INFO - Started process (PID=431) to work on /home/airflow/.local/lib/python3.12/site-packages/airflow/example_dags/example_short_circuit_operator.py
[2024-10-04T01:07:01.306+0000] {processor.py:914} INFO - Processing file /home/airflow/.local/lib/python3.12/site-packages/airflow/example_dags/example_short_circuit_operator.py for tasks to queue
[2024-10-04T01:07:01.307+0000] {logging_mixin.py:190} INFO - [2024-10-04T01:07:01.307+0000] {dagbag.py:588} INFO - Filling up the DagBag from /home/airflow/.local/lib/python3.12/site-packages/airflow/example_dags/example_short_circuit_operator.py
[2024-10-04T01:07:01.312+0000] {processor.py:925} INFO - DAG(s) 'example_short_circuit_operator' retrieved from /home/airflow/.local/lib/python3.12/site-packages/airflow/example_dags/example_short_circuit_operator.py
[2024-10-04T01:07:01.322+0000] {logging_mixin.py:190} INFO - [2024-10-04T01:07:01.322+0000] {dag.py:3239} INFO - Sync 1 DAGs
[2024-10-04T01:07:01.329+0000] {logging_mixin.py:190} INFO - [2024-10-04T01:07:01.329+0000] {dag.py:4180} INFO - Setting next_dagrun for example_short_circuit_operator to None, run_after=None
[2024-10-04T01:07:01.339+0000] {processor.py:208} INFO - Processing /home/airflow/.local/lib/python3.12/site-packages/airflow/example_dags/example_short_circuit_operator.py took 0.037 seconds
[2024-10-04T01:07:31.523+0000] {processor.py:186} INFO - Started process (PID=503) to work on /home/airflow/.local/lib/python3.12/site-packages/airflow/example_dags/example_short_circuit_operator.py
[2024-10-04T01:07:31.523+0000] {processor.py:914} INFO - Processing file /home/airflow/.local/lib/python3.12/site-packages/airflow/example_dags/example_short_circuit_operator.py for tasks to queue
[2024-10-04T01:07:31.525+0000] {logging_mixin.py:190} INFO - [2024-10-04T01:07:31.524+0000] {dagbag.py:588} INFO - Filling up the DagBag from /home/airflow/.local/lib/python3.12/site-packages/airflow/example_dags/example_short_circuit_operator.py
[2024-10-04T01:07:31.530+0000] {processor.py:925} INFO - DAG(s) 'example_short_circuit_operator' retrieved from /home/airflow/.local/lib/python3.12/site-packages/airflow/example_dags/example_short_circuit_operator.py
[2024-10-04T01:07:31.544+0000] {logging_mixin.py:190} INFO - [2024-10-04T01:07:31.544+0000] {dag.py:3239} INFO - Sync 1 DAGs
[2024-10-04T01:07:31.551+0000] {logging_mixin.py:190} INFO - [2024-10-04T01:07:31.551+0000] {dag.py:4180} INFO - Setting next_dagrun for example_short_circuit_operator to None, run_after=None
[2024-10-04T01:07:31.561+0000] {processor.py:208} INFO - Processing /home/airflow/.local/lib/python3.12/site-packages/airflow/example_dags/example_short_circuit_operator.py took 0.041 seconds
[2024-10-04T01:08:01.731+0000] {processor.py:186} INFO - Started process (PID=575) to work on /home/airflow/.local/lib/python3.12/site-packages/airflow/example_dags/example_short_circuit_operator.py
[2024-10-04T01:08:01.732+0000] {processor.py:914} INFO - Processing file /home/airflow/.local/lib/python3.12/site-packages/airflow/example_dags/example_short_circuit_operator.py for tasks to queue
[2024-10-04T01:08:01.733+0000] {logging_mixin.py:190} INFO - [2024-10-04T01:08:01.733+0000] {dagbag.py:588} INFO - Filling up the DagBag from /home/airflow/.local/lib/python3.12/site-packages/airflow/example_dags/example_short_circuit_operator.py
[2024-10-04T01:08:01.738+0000] {processor.py:925} INFO - DAG(s) 'example_short_circuit_operator' retrieved from /home/airflow/.local/lib/python3.12/site-packages/airflow/example_dags/example_short_circuit_operator.py
[2024-10-04T01:08:01.749+0000] {logging_mixin.py:190} INFO - [2024-10-04T01:08:01.749+0000] {dag.py:3239} INFO - Sync 1 DAGs
[2024-10-04T01:08:01.756+0000] {logging_mixin.py:190} INFO - [2024-10-04T01:08:01.756+0000] {dag.py:4180} INFO - Setting next_dagrun for example_short_circuit_operator to None, run_after=None
[2024-10-04T01:08:01.765+0000] {processor.py:208} INFO - Processing /home/airflow/.local/lib/python3.12/site-packages/airflow/example_dags/example_short_circuit_operator.py took 0.037 seconds
[2024-10-04T01:08:31.849+0000] {processor.py:186} INFO - Started process (PID=647) to work on /home/airflow/.local/lib/python3.12/site-packages/airflow/example_dags/example_short_circuit_operator.py
[2024-10-04T01:08:31.849+0000] {processor.py:914} INFO - Processing file /home/airflow/.local/lib/python3.12/site-packages/airflow/example_dags/example_short_circuit_operator.py for tasks to queue
[2024-10-04T01:08:31.850+0000] {logging_mixin.py:190} INFO - [2024-10-04T01:08:31.850+0000] {dagbag.py:588} INFO - Filling up the DagBag from /home/airflow/.local/lib/python3.12/site-packages/airflow/example_dags/example_short_circuit_operator.py
[2024-10-04T01:08:31.855+0000] {processor.py:925} INFO - DAG(s) 'example_short_circuit_operator' retrieved from /home/airflow/.local/lib/python3.12/site-packages/airflow/example_dags/example_short_circuit_operator.py
[2024-10-04T01:08:31.867+0000] {logging_mixin.py:190} INFO - [2024-10-04T01:08:31.867+0000] {dag.py:3239} INFO - Sync 1 DAGs
[2024-10-04T01:08:31.874+0000] {logging_mixin.py:190} INFO - [2024-10-04T01:08:31.874+0000] {dag.py:4180} INFO - Setting next_dagrun for example_short_circuit_operator to None, run_after=None
[2024-10-04T01:08:31.885+0000] {processor.py:208} INFO - Processing /home/airflow/.local/lib/python3.12/site-packages/airflow/example_dags/example_short_circuit_operator.py took 0.039 seconds
[2024-10-04T01:09:03.025+0000] {processor.py:186} INFO - Started process (PID=719) to work on /home/airflow/.local/lib/python3.12/site-packages/airflow/example_dags/example_short_circuit_operator.py
[2024-10-04T01:09:03.025+0000] {processor.py:914} INFO - Processing file /home/airflow/.local/lib/python3.12/site-packages/airflow/example_dags/example_short_circuit_operator.py for tasks to queue
[2024-10-04T01:09:03.027+0000] {logging_mixin.py:190} INFO - [2024-10-04T01:09:03.027+0000] {dagbag.py:588} INFO - Filling up the DagBag from /home/airflow/.local/lib/python3.12/site-packages/airflow/example_dags/example_short_circuit_operator.py
[2024-10-04T01:09:03.032+0000] {processor.py:925} INFO - DAG(s) 'example_short_circuit_operator' retrieved from /home/airflow/.local/lib/python3.12/site-packages/airflow/example_dags/example_short_circuit_operator.py
[2024-10-04T01:09:03.044+0000] {logging_mixin.py:190} INFO - [2024-10-04T01:09:03.044+0000] {dag.py:3239} INFO - Sync 1 DAGs
[2024-10-04T01:09:03.052+0000] {logging_mixin.py:190} INFO - [2024-10-04T01:09:03.052+0000] {dag.py:4180} INFO - Setting next_dagrun for example_short_circuit_operator to None, run_after=None
[2024-10-04T01:09:03.062+0000] {processor.py:208} INFO - Processing /home/airflow/.local/lib/python3.12/site-packages/airflow/example_dags/example_short_circuit_operator.py took 0.040 seconds
[2024-10-04T01:09:33.340+0000] {processor.py:186} INFO - Started process (PID=791) to work on /home/airflow/.local/lib/python3.12/site-packages/airflow/example_dags/example_short_circuit_operator.py
[2024-10-04T01:09:33.340+0000] {processor.py:914} INFO - Processing file /home/airflow/.local/lib/python3.12/site-packages/airflow/example_dags/example_short_circuit_operator.py for tasks to queue
[2024-10-04T01:09:33.342+0000] {logging_mixin.py:190} INFO - [2024-10-04T01:09:33.341+0000] {dagbag.py:588} INFO - Filling up the DagBag from /home/airflow/.local/lib/python3.12/site-packages/airflow/example_dags/example_short_circuit_operator.py
[2024-10-04T01:09:33.346+0000] {processor.py:925} INFO - DAG(s) 'example_short_circuit_operator' retrieved from /home/airflow/.local/lib/python3.12/site-packages/airflow/example_dags/example_short_circuit_operator.py
[2024-10-04T01:09:33.357+0000] {logging_mixin.py:190} INFO - [2024-10-04T01:09:33.357+0000] {dag.py:3239} INFO - Sync 1 DAGs
[2024-10-04T01:09:33.364+0000] {logging_mixin.py:190} INFO - [2024-10-04T01:09:33.364+0000] {dag.py:4180} INFO - Setting next_dagrun for example_short_circuit_operator to None, run_after=None
[2024-10-04T01:09:33.381+0000] {processor.py:208} INFO - Processing /home/airflow/.local/lib/python3.12/site-packages/airflow/example_dags/example_short_circuit_operator.py took 0.044 seconds
