[2024-10-04T01:05:00.001+0000] {processor.py:186} INFO - Started process (PID=145) to work on /home/airflow/.local/lib/python3.12/site-packages/airflow/example_dags/example_trigger_target_dag.py
[2024-10-04T01:05:00.002+0000] {processor.py:914} INFO - Processing file /home/airflow/.local/lib/python3.12/site-packages/airflow/example_dags/example_trigger_target_dag.py for tasks to queue
[2024-10-04T01:05:00.003+0000] {logging_mixin.py:190} INFO - [2024-10-04T01:05:00.003+0000] {dagbag.py:588} INFO - Filling up the DagBag from /home/airflow/.local/lib/python3.12/site-packages/airflow/example_dags/example_trigger_target_dag.py
[2024-10-04T01:05:00.007+0000] {processor.py:925} INFO - DAG(s) 'example_trigger_target_dag' retrieved from /home/airflow/.local/lib/python3.12/site-packages/airflow/example_dags/example_trigger_target_dag.py
[2024-10-04T01:05:00.013+0000] {logging_mixin.py:190} INFO - [2024-10-04T01:05:00.012+0000] {dag.py:3239} INFO - Sync 1 DAGs
[2024-10-04T01:05:00.019+0000] {logging_mixin.py:190} INFO - [2024-10-04T01:05:00.019+0000] {dag.py:4180} INFO - Setting next_dagrun for example_trigger_target_dag to None, run_after=None
[2024-10-04T01:05:00.030+0000] {processor.py:208} INFO - Processing /home/airflow/.local/lib/python3.12/site-packages/airflow/example_dags/example_trigger_target_dag.py took 0.032 seconds
[2024-10-04T01:05:31.168+0000] {processor.py:186} INFO - Started process (PID=217) to work on /home/airflow/.local/lib/python3.12/site-packages/airflow/example_dags/example_trigger_target_dag.py
[2024-10-04T01:05:31.169+0000] {processor.py:914} INFO - Processing file /home/airflow/.local/lib/python3.12/site-packages/airflow/example_dags/example_trigger_target_dag.py for tasks to queue
[2024-10-04T01:05:31.171+0000] {logging_mixin.py:190} INFO - [2024-10-04T01:05:31.170+0000] {dagbag.py:588} INFO - Filling up the DagBag from /home/airflow/.local/lib/python3.12/site-packages/airflow/example_dags/example_trigger_target_dag.py
[2024-10-04T01:05:31.175+0000] {processor.py:925} INFO - DAG(s) 'example_trigger_target_dag' retrieved from /home/airflow/.local/lib/python3.12/site-packages/airflow/example_dags/example_trigger_target_dag.py
[2024-10-04T01:05:31.239+0000] {logging_mixin.py:190} INFO - [2024-10-04T01:05:31.234+0000] {dag.py:3239} INFO - Sync 1 DAGs
[2024-10-04T01:05:31.285+0000] {logging_mixin.py:190} INFO - [2024-10-04T01:05:31.284+0000] {dag.py:4180} INFO - Setting next_dagrun for example_trigger_target_dag to None, run_after=None
[2024-10-04T01:05:31.308+0000] {processor.py:208} INFO - Processing /home/airflow/.local/lib/python3.12/site-packages/airflow/example_dags/example_trigger_target_dag.py took 0.144 seconds
[2024-10-04T01:06:02.131+0000] {processor.py:186} INFO - Started process (PID=295) to work on /home/airflow/.local/lib/python3.12/site-packages/airflow/example_dags/example_trigger_target_dag.py
[2024-10-04T01:06:02.132+0000] {processor.py:914} INFO - Processing file /home/airflow/.local/lib/python3.12/site-packages/airflow/example_dags/example_trigger_target_dag.py for tasks to queue
[2024-10-04T01:06:02.133+0000] {logging_mixin.py:190} INFO - [2024-10-04T01:06:02.133+0000] {dagbag.py:588} INFO - Filling up the DagBag from /home/airflow/.local/lib/python3.12/site-packages/airflow/example_dags/example_trigger_target_dag.py
[2024-10-04T01:06:02.137+0000] {processor.py:925} INFO - DAG(s) 'example_trigger_target_dag' retrieved from /home/airflow/.local/lib/python3.12/site-packages/airflow/example_dags/example_trigger_target_dag.py
[2024-10-04T01:06:02.145+0000] {logging_mixin.py:190} INFO - [2024-10-04T01:06:02.145+0000] {dag.py:3239} INFO - Sync 1 DAGs
[2024-10-04T01:06:02.151+0000] {logging_mixin.py:190} INFO - [2024-10-04T01:06:02.151+0000] {dag.py:4180} INFO - Setting next_dagrun for example_trigger_target_dag to None, run_after=None
[2024-10-04T01:06:02.160+0000] {processor.py:208} INFO - Processing /home/airflow/.local/lib/python3.12/site-packages/airflow/example_dags/example_trigger_target_dag.py took 0.032 seconds
[2024-10-04T01:06:32.281+0000] {processor.py:186} INFO - Started process (PID=367) to work on /home/airflow/.local/lib/python3.12/site-packages/airflow/example_dags/example_trigger_target_dag.py
[2024-10-04T01:06:32.281+0000] {processor.py:914} INFO - Processing file /home/airflow/.local/lib/python3.12/site-packages/airflow/example_dags/example_trigger_target_dag.py for tasks to queue
[2024-10-04T01:06:32.283+0000] {logging_mixin.py:190} INFO - [2024-10-04T01:06:32.283+0000] {dagbag.py:588} INFO - Filling up the DagBag from /home/airflow/.local/lib/python3.12/site-packages/airflow/example_dags/example_trigger_target_dag.py
[2024-10-04T01:06:32.287+0000] {processor.py:925} INFO - DAG(s) 'example_trigger_target_dag' retrieved from /home/airflow/.local/lib/python3.12/site-packages/airflow/example_dags/example_trigger_target_dag.py
[2024-10-04T01:06:32.296+0000] {logging_mixin.py:190} INFO - [2024-10-04T01:06:32.296+0000] {dag.py:3239} INFO - Sync 1 DAGs
[2024-10-04T01:06:32.302+0000] {logging_mixin.py:190} INFO - [2024-10-04T01:06:32.302+0000] {dag.py:4180} INFO - Setting next_dagrun for example_trigger_target_dag to None, run_after=None
[2024-10-04T01:06:32.310+0000] {processor.py:208} INFO - Processing /home/airflow/.local/lib/python3.12/site-packages/airflow/example_dags/example_trigger_target_dag.py took 0.033 seconds
[2024-10-04T01:07:02.518+0000] {processor.py:186} INFO - Started process (PID=439) to work on /home/airflow/.local/lib/python3.12/site-packages/airflow/example_dags/example_trigger_target_dag.py
[2024-10-04T01:07:02.518+0000] {processor.py:914} INFO - Processing file /home/airflow/.local/lib/python3.12/site-packages/airflow/example_dags/example_trigger_target_dag.py for tasks to queue
[2024-10-04T01:07:02.520+0000] {logging_mixin.py:190} INFO - [2024-10-04T01:07:02.519+0000] {dagbag.py:588} INFO - Filling up the DagBag from /home/airflow/.local/lib/python3.12/site-packages/airflow/example_dags/example_trigger_target_dag.py
[2024-10-04T01:07:02.524+0000] {processor.py:925} INFO - DAG(s) 'example_trigger_target_dag' retrieved from /home/airflow/.local/lib/python3.12/site-packages/airflow/example_dags/example_trigger_target_dag.py
[2024-10-04T01:07:02.533+0000] {logging_mixin.py:190} INFO - [2024-10-04T01:07:02.533+0000] {dag.py:3239} INFO - Sync 1 DAGs
[2024-10-04T01:07:02.539+0000] {logging_mixin.py:190} INFO - [2024-10-04T01:07:02.539+0000] {dag.py:4180} INFO - Setting next_dagrun for example_trigger_target_dag to None, run_after=None
[2024-10-04T01:07:02.547+0000] {processor.py:208} INFO - Processing /home/airflow/.local/lib/python3.12/site-packages/airflow/example_dags/example_trigger_target_dag.py took 0.033 seconds
[2024-10-04T01:07:32.743+0000] {processor.py:186} INFO - Started process (PID=511) to work on /home/airflow/.local/lib/python3.12/site-packages/airflow/example_dags/example_trigger_target_dag.py
[2024-10-04T01:07:32.744+0000] {processor.py:914} INFO - Processing file /home/airflow/.local/lib/python3.12/site-packages/airflow/example_dags/example_trigger_target_dag.py for tasks to queue
[2024-10-04T01:07:32.745+0000] {logging_mixin.py:190} INFO - [2024-10-04T01:07:32.745+0000] {dagbag.py:588} INFO - Filling up the DagBag from /home/airflow/.local/lib/python3.12/site-packages/airflow/example_dags/example_trigger_target_dag.py
[2024-10-04T01:07:32.750+0000] {processor.py:925} INFO - DAG(s) 'example_trigger_target_dag' retrieved from /home/airflow/.local/lib/python3.12/site-packages/airflow/example_dags/example_trigger_target_dag.py
[2024-10-04T01:07:32.759+0000] {logging_mixin.py:190} INFO - [2024-10-04T01:07:32.758+0000] {dag.py:3239} INFO - Sync 1 DAGs
[2024-10-04T01:07:32.765+0000] {logging_mixin.py:190} INFO - [2024-10-04T01:07:32.765+0000] {dag.py:4180} INFO - Setting next_dagrun for example_trigger_target_dag to None, run_after=None
[2024-10-04T01:07:32.775+0000] {processor.py:208} INFO - Processing /home/airflow/.local/lib/python3.12/site-packages/airflow/example_dags/example_trigger_target_dag.py took 0.035 seconds
[2024-10-04T01:08:02.917+0000] {processor.py:186} INFO - Started process (PID=583) to work on /home/airflow/.local/lib/python3.12/site-packages/airflow/example_dags/example_trigger_target_dag.py
[2024-10-04T01:08:02.918+0000] {processor.py:914} INFO - Processing file /home/airflow/.local/lib/python3.12/site-packages/airflow/example_dags/example_trigger_target_dag.py for tasks to queue
[2024-10-04T01:08:02.919+0000] {logging_mixin.py:190} INFO - [2024-10-04T01:08:02.919+0000] {dagbag.py:588} INFO - Filling up the DagBag from /home/airflow/.local/lib/python3.12/site-packages/airflow/example_dags/example_trigger_target_dag.py
[2024-10-04T01:08:02.923+0000] {processor.py:925} INFO - DAG(s) 'example_trigger_target_dag' retrieved from /home/airflow/.local/lib/python3.12/site-packages/airflow/example_dags/example_trigger_target_dag.py
[2024-10-04T01:08:02.933+0000] {logging_mixin.py:190} INFO - [2024-10-04T01:08:02.932+0000] {dag.py:3239} INFO - Sync 1 DAGs
[2024-10-04T01:08:02.940+0000] {logging_mixin.py:190} INFO - [2024-10-04T01:08:02.940+0000] {dag.py:4180} INFO - Setting next_dagrun for example_trigger_target_dag to None, run_after=None
[2024-10-04T01:08:02.950+0000] {processor.py:208} INFO - Processing /home/airflow/.local/lib/python3.12/site-packages/airflow/example_dags/example_trigger_target_dag.py took 0.036 seconds
[2024-10-04T01:08:33.058+0000] {processor.py:186} INFO - Started process (PID=655) to work on /home/airflow/.local/lib/python3.12/site-packages/airflow/example_dags/example_trigger_target_dag.py
[2024-10-04T01:08:33.060+0000] {processor.py:914} INFO - Processing file /home/airflow/.local/lib/python3.12/site-packages/airflow/example_dags/example_trigger_target_dag.py for tasks to queue
[2024-10-04T01:08:33.061+0000] {logging_mixin.py:190} INFO - [2024-10-04T01:08:33.061+0000] {dagbag.py:588} INFO - Filling up the DagBag from /home/airflow/.local/lib/python3.12/site-packages/airflow/example_dags/example_trigger_target_dag.py
[2024-10-04T01:08:33.067+0000] {processor.py:925} INFO - DAG(s) 'example_trigger_target_dag' retrieved from /home/airflow/.local/lib/python3.12/site-packages/airflow/example_dags/example_trigger_target_dag.py
[2024-10-04T01:08:33.078+0000] {logging_mixin.py:190} INFO - [2024-10-04T01:08:33.078+0000] {dag.py:3239} INFO - Sync 1 DAGs
[2024-10-04T01:08:33.086+0000] {logging_mixin.py:190} INFO - [2024-10-04T01:08:33.086+0000] {dag.py:4180} INFO - Setting next_dagrun for example_trigger_target_dag to None, run_after=None
[2024-10-04T01:08:33.096+0000] {processor.py:208} INFO - Processing /home/airflow/.local/lib/python3.12/site-packages/airflow/example_dags/example_trigger_target_dag.py took 0.041 seconds
[2024-10-04T01:09:03.249+0000] {processor.py:186} INFO - Started process (PID=727) to work on /home/airflow/.local/lib/python3.12/site-packages/airflow/example_dags/example_trigger_target_dag.py
[2024-10-04T01:09:03.250+0000] {processor.py:914} INFO - Processing file /home/airflow/.local/lib/python3.12/site-packages/airflow/example_dags/example_trigger_target_dag.py for tasks to queue
[2024-10-04T01:09:03.252+0000] {logging_mixin.py:190} INFO - [2024-10-04T01:09:03.252+0000] {dagbag.py:588} INFO - Filling up the DagBag from /home/airflow/.local/lib/python3.12/site-packages/airflow/example_dags/example_trigger_target_dag.py
[2024-10-04T01:09:03.256+0000] {processor.py:925} INFO - DAG(s) 'example_trigger_target_dag' retrieved from /home/airflow/.local/lib/python3.12/site-packages/airflow/example_dags/example_trigger_target_dag.py
[2024-10-04T01:09:03.265+0000] {logging_mixin.py:190} INFO - [2024-10-04T01:09:03.265+0000] {dag.py:3239} INFO - Sync 1 DAGs
[2024-10-04T01:09:03.272+0000] {logging_mixin.py:190} INFO - [2024-10-04T01:09:03.272+0000] {dag.py:4180} INFO - Setting next_dagrun for example_trigger_target_dag to None, run_after=None
[2024-10-04T01:09:03.282+0000] {processor.py:208} INFO - Processing /home/airflow/.local/lib/python3.12/site-packages/airflow/example_dags/example_trigger_target_dag.py took 0.036 seconds
[2024-10-04T01:09:33.540+0000] {processor.py:186} INFO - Started process (PID=799) to work on /home/airflow/.local/lib/python3.12/site-packages/airflow/example_dags/example_trigger_target_dag.py
[2024-10-04T01:09:33.541+0000] {processor.py:914} INFO - Processing file /home/airflow/.local/lib/python3.12/site-packages/airflow/example_dags/example_trigger_target_dag.py for tasks to queue
[2024-10-04T01:09:33.543+0000] {logging_mixin.py:190} INFO - [2024-10-04T01:09:33.542+0000] {dagbag.py:588} INFO - Filling up the DagBag from /home/airflow/.local/lib/python3.12/site-packages/airflow/example_dags/example_trigger_target_dag.py
[2024-10-04T01:09:33.546+0000] {processor.py:925} INFO - DAG(s) 'example_trigger_target_dag' retrieved from /home/airflow/.local/lib/python3.12/site-packages/airflow/example_dags/example_trigger_target_dag.py
[2024-10-04T01:09:33.555+0000] {logging_mixin.py:190} INFO - [2024-10-04T01:09:33.555+0000] {dag.py:3239} INFO - Sync 1 DAGs
[2024-10-04T01:09:33.562+0000] {logging_mixin.py:190} INFO - [2024-10-04T01:09:33.562+0000] {dag.py:4180} INFO - Setting next_dagrun for example_trigger_target_dag to None, run_after=None
[2024-10-04T01:09:33.571+0000] {processor.py:208} INFO - Processing /home/airflow/.local/lib/python3.12/site-packages/airflow/example_dags/example_trigger_target_dag.py took 0.034 seconds
