[2024-10-04T01:04:59.888+0000] {processor.py:186} INFO - Started process (PID=140) to work on /home/airflow/.local/lib/python3.12/site-packages/airflow/example_dags/example_subdag_operator.py
[2024-10-04T01:04:59.888+0000] {processor.py:914} INFO - Processing file /home/airflow/.local/lib/python3.12/site-packages/airflow/example_dags/example_subdag_operator.py for tasks to queue
[2024-10-04T01:04:59.889+0000] {logging_mixin.py:190} INFO - [2024-10-04T01:04:59.889+0000] {dagbag.py:588} INFO - Filling up the DagBag from /home/airflow/.local/lib/python3.12/site-packages/airflow/example_dags/example_subdag_operator.py
[2024-10-04T01:04:59.902+0000] {processor.py:925} INFO - DAG(s) 'example_subdag_operator.section-1', 'example_subdag_operator.section-2', 'example_subdag_operator' retrieved from /home/airflow/.local/lib/python3.12/site-packages/airflow/example_dags/example_subdag_operator.py
[2024-10-04T01:04:59.904+0000] {logging_mixin.py:190} INFO - [2024-10-04T01:04:59.904+0000] {dag.py:3239} INFO - Sync 3 DAGs
[2024-10-04T01:04:59.915+0000] {logging_mixin.py:190} INFO - [2024-10-04T01:04:59.915+0000] {dag.py:4180} INFO - Setting next_dagrun for example_subdag_operator to 2022-01-01 00:00:00+00:00, run_after=2022-01-01 00:00:00+00:00
[2024-10-04T01:04:59.917+0000] {logging_mixin.py:190} INFO - [2024-10-04T01:04:59.917+0000] {dag.py:4180} INFO - Setting next_dagrun for example_subdag_operator.section-1 to None, run_after=None
[2024-10-04T01:04:59.918+0000] {logging_mixin.py:190} INFO - [2024-10-04T01:04:59.917+0000] {dag.py:4180} INFO - Setting next_dagrun for example_subdag_operator.section-2 to None, run_after=None
[2024-10-04T01:04:59.921+0000] {logging_mixin.py:190} INFO - [2024-10-04T01:04:59.921+0000] {dag.py:3239} INFO - Sync 2 DAGs
[2024-10-04T01:04:59.923+0000] {logging_mixin.py:190} INFO - [2024-10-04T01:04:59.923+0000] {dag.py:4180} INFO - Setting next_dagrun for example_subdag_operator.section-1 to None, run_after=None
[2024-10-04T01:04:59.923+0000] {logging_mixin.py:190} INFO - [2024-10-04T01:04:59.923+0000] {dag.py:4180} INFO - Setting next_dagrun for example_subdag_operator.section-2 to None, run_after=None
[2024-10-04T01:04:59.930+0000] {processor.py:208} INFO - Processing /home/airflow/.local/lib/python3.12/site-packages/airflow/example_dags/example_subdag_operator.py took 0.045 seconds
[2024-10-04T01:05:30.887+0000] {processor.py:186} INFO - Started process (PID=212) to work on /home/airflow/.local/lib/python3.12/site-packages/airflow/example_dags/example_subdag_operator.py
[2024-10-04T01:05:30.887+0000] {processor.py:914} INFO - Processing file /home/airflow/.local/lib/python3.12/site-packages/airflow/example_dags/example_subdag_operator.py for tasks to queue
[2024-10-04T01:05:30.889+0000] {logging_mixin.py:190} INFO - [2024-10-04T01:05:30.889+0000] {dagbag.py:588} INFO - Filling up the DagBag from /home/airflow/.local/lib/python3.12/site-packages/airflow/example_dags/example_subdag_operator.py
[2024-10-04T01:05:30.902+0000] {processor.py:925} INFO - DAG(s) 'example_subdag_operator.section-1', 'example_subdag_operator.section-2', 'example_subdag_operator' retrieved from /home/airflow/.local/lib/python3.12/site-packages/airflow/example_dags/example_subdag_operator.py
[2024-10-04T01:05:30.948+0000] {logging_mixin.py:190} INFO - [2024-10-04T01:05:30.948+0000] {dag.py:3239} INFO - Sync 3 DAGs
[2024-10-04T01:05:30.958+0000] {logging_mixin.py:190} INFO - [2024-10-04T01:05:30.958+0000] {dag.py:4180} INFO - Setting next_dagrun for example_subdag_operator to 2022-01-01 00:00:00+00:00, run_after=2022-01-01 00:00:00+00:00
[2024-10-04T01:05:30.960+0000] {logging_mixin.py:190} INFO - [2024-10-04T01:05:30.960+0000] {dag.py:4180} INFO - Setting next_dagrun for example_subdag_operator.section-1 to None, run_after=None
[2024-10-04T01:05:30.960+0000] {logging_mixin.py:190} INFO - [2024-10-04T01:05:30.960+0000] {dag.py:4180} INFO - Setting next_dagrun for example_subdag_operator.section-2 to None, run_after=None
[2024-10-04T01:05:30.965+0000] {logging_mixin.py:190} INFO - [2024-10-04T01:05:30.965+0000] {dag.py:3239} INFO - Sync 2 DAGs
[2024-10-04T01:05:30.968+0000] {logging_mixin.py:190} INFO - [2024-10-04T01:05:30.967+0000] {dag.py:4180} INFO - Setting next_dagrun for example_subdag_operator.section-1 to None, run_after=None
[2024-10-04T01:05:30.968+0000] {logging_mixin.py:190} INFO - [2024-10-04T01:05:30.968+0000] {dag.py:4180} INFO - Setting next_dagrun for example_subdag_operator.section-2 to None, run_after=None
[2024-10-04T01:05:30.974+0000] {processor.py:208} INFO - Processing /home/airflow/.local/lib/python3.12/site-packages/airflow/example_dags/example_subdag_operator.py took 0.091 seconds
[2024-10-04T01:06:01.973+0000] {processor.py:186} INFO - Started process (PID=290) to work on /home/airflow/.local/lib/python3.12/site-packages/airflow/example_dags/example_subdag_operator.py
[2024-10-04T01:06:01.975+0000] {processor.py:914} INFO - Processing file /home/airflow/.local/lib/python3.12/site-packages/airflow/example_dags/example_subdag_operator.py for tasks to queue
[2024-10-04T01:06:01.977+0000] {logging_mixin.py:190} INFO - [2024-10-04T01:06:01.977+0000] {dagbag.py:588} INFO - Filling up the DagBag from /home/airflow/.local/lib/python3.12/site-packages/airflow/example_dags/example_subdag_operator.py
[2024-10-04T01:06:01.997+0000] {processor.py:925} INFO - DAG(s) 'example_subdag_operator.section-1', 'example_subdag_operator.section-2', 'example_subdag_operator' retrieved from /home/airflow/.local/lib/python3.12/site-packages/airflow/example_dags/example_subdag_operator.py
[2024-10-04T01:06:02.007+0000] {logging_mixin.py:190} INFO - [2024-10-04T01:06:02.007+0000] {dag.py:3239} INFO - Sync 3 DAGs
[2024-10-04T01:06:02.020+0000] {logging_mixin.py:190} INFO - [2024-10-04T01:06:02.020+0000] {dag.py:4180} INFO - Setting next_dagrun for example_subdag_operator to 2022-01-01 00:00:00+00:00, run_after=2022-01-01 00:00:00+00:00
[2024-10-04T01:06:02.026+0000] {logging_mixin.py:190} INFO - [2024-10-04T01:06:02.026+0000] {dag.py:4180} INFO - Setting next_dagrun for example_subdag_operator.section-1 to None, run_after=None
[2024-10-04T01:06:02.026+0000] {logging_mixin.py:190} INFO - [2024-10-04T01:06:02.026+0000] {dag.py:4180} INFO - Setting next_dagrun for example_subdag_operator.section-2 to None, run_after=None
[2024-10-04T01:06:02.030+0000] {logging_mixin.py:190} INFO - [2024-10-04T01:06:02.030+0000] {dag.py:3239} INFO - Sync 2 DAGs
[2024-10-04T01:06:02.032+0000] {logging_mixin.py:190} INFO - [2024-10-04T01:06:02.032+0000] {dag.py:4180} INFO - Setting next_dagrun for example_subdag_operator.section-1 to None, run_after=None
[2024-10-04T01:06:02.033+0000] {logging_mixin.py:190} INFO - [2024-10-04T01:06:02.032+0000] {dag.py:4180} INFO - Setting next_dagrun for example_subdag_operator.section-2 to None, run_after=None
[2024-10-04T01:06:02.039+0000] {processor.py:208} INFO - Processing /home/airflow/.local/lib/python3.12/site-packages/airflow/example_dags/example_subdag_operator.py took 0.073 seconds
[2024-10-04T01:06:32.159+0000] {processor.py:186} INFO - Started process (PID=362) to work on /home/airflow/.local/lib/python3.12/site-packages/airflow/example_dags/example_subdag_operator.py
[2024-10-04T01:06:32.161+0000] {processor.py:914} INFO - Processing file /home/airflow/.local/lib/python3.12/site-packages/airflow/example_dags/example_subdag_operator.py for tasks to queue
[2024-10-04T01:06:32.162+0000] {logging_mixin.py:190} INFO - [2024-10-04T01:06:32.162+0000] {dagbag.py:588} INFO - Filling up the DagBag from /home/airflow/.local/lib/python3.12/site-packages/airflow/example_dags/example_subdag_operator.py
[2024-10-04T01:06:32.182+0000] {processor.py:925} INFO - DAG(s) 'example_subdag_operator.section-1', 'example_subdag_operator.section-2', 'example_subdag_operator' retrieved from /home/airflow/.local/lib/python3.12/site-packages/airflow/example_dags/example_subdag_operator.py
[2024-10-04T01:06:32.192+0000] {logging_mixin.py:190} INFO - [2024-10-04T01:06:32.192+0000] {dag.py:3239} INFO - Sync 3 DAGs
[2024-10-04T01:06:32.207+0000] {logging_mixin.py:190} INFO - [2024-10-04T01:06:32.206+0000] {dag.py:4180} INFO - Setting next_dagrun for example_subdag_operator to 2022-01-01 00:00:00+00:00, run_after=2022-01-01 00:00:00+00:00
[2024-10-04T01:06:32.208+0000] {logging_mixin.py:190} INFO - [2024-10-04T01:06:32.208+0000] {dag.py:4180} INFO - Setting next_dagrun for example_subdag_operator.section-1 to None, run_after=None
[2024-10-04T01:06:32.209+0000] {logging_mixin.py:190} INFO - [2024-10-04T01:06:32.209+0000] {dag.py:4180} INFO - Setting next_dagrun for example_subdag_operator.section-2 to None, run_after=None
[2024-10-04T01:06:32.213+0000] {logging_mixin.py:190} INFO - [2024-10-04T01:06:32.213+0000] {dag.py:3239} INFO - Sync 2 DAGs
[2024-10-04T01:06:32.216+0000] {logging_mixin.py:190} INFO - [2024-10-04T01:06:32.215+0000] {dag.py:4180} INFO - Setting next_dagrun for example_subdag_operator.section-1 to None, run_after=None
[2024-10-04T01:06:32.216+0000] {logging_mixin.py:190} INFO - [2024-10-04T01:06:32.216+0000] {dag.py:4180} INFO - Setting next_dagrun for example_subdag_operator.section-2 to None, run_after=None
[2024-10-04T01:06:32.222+0000] {processor.py:208} INFO - Processing /home/airflow/.local/lib/python3.12/site-packages/airflow/example_dags/example_subdag_operator.py took 0.070 seconds
[2024-10-04T01:07:02.396+0000] {processor.py:186} INFO - Started process (PID=434) to work on /home/airflow/.local/lib/python3.12/site-packages/airflow/example_dags/example_subdag_operator.py
[2024-10-04T01:07:02.397+0000] {processor.py:914} INFO - Processing file /home/airflow/.local/lib/python3.12/site-packages/airflow/example_dags/example_subdag_operator.py for tasks to queue
[2024-10-04T01:07:02.399+0000] {logging_mixin.py:190} INFO - [2024-10-04T01:07:02.399+0000] {dagbag.py:588} INFO - Filling up the DagBag from /home/airflow/.local/lib/python3.12/site-packages/airflow/example_dags/example_subdag_operator.py
[2024-10-04T01:07:02.422+0000] {processor.py:925} INFO - DAG(s) 'example_subdag_operator.section-1', 'example_subdag_operator.section-2', 'example_subdag_operator' retrieved from /home/airflow/.local/lib/python3.12/site-packages/airflow/example_dags/example_subdag_operator.py
[2024-10-04T01:07:02.432+0000] {logging_mixin.py:190} INFO - [2024-10-04T01:07:02.431+0000] {dag.py:3239} INFO - Sync 3 DAGs
[2024-10-04T01:07:02.444+0000] {logging_mixin.py:190} INFO - [2024-10-04T01:07:02.444+0000] {dag.py:4180} INFO - Setting next_dagrun for example_subdag_operator to 2022-01-01 00:00:00+00:00, run_after=2022-01-01 00:00:00+00:00
[2024-10-04T01:07:02.446+0000] {logging_mixin.py:190} INFO - [2024-10-04T01:07:02.446+0000] {dag.py:4180} INFO - Setting next_dagrun for example_subdag_operator.section-1 to None, run_after=None
[2024-10-04T01:07:02.447+0000] {logging_mixin.py:190} INFO - [2024-10-04T01:07:02.447+0000] {dag.py:4180} INFO - Setting next_dagrun for example_subdag_operator.section-2 to None, run_after=None
[2024-10-04T01:07:02.450+0000] {logging_mixin.py:190} INFO - [2024-10-04T01:07:02.450+0000] {dag.py:3239} INFO - Sync 2 DAGs
[2024-10-04T01:07:02.453+0000] {logging_mixin.py:190} INFO - [2024-10-04T01:07:02.453+0000] {dag.py:4180} INFO - Setting next_dagrun for example_subdag_operator.section-1 to None, run_after=None
[2024-10-04T01:07:02.453+0000] {logging_mixin.py:190} INFO - [2024-10-04T01:07:02.453+0000] {dag.py:4180} INFO - Setting next_dagrun for example_subdag_operator.section-2 to None, run_after=None
[2024-10-04T01:07:02.460+0000] {processor.py:208} INFO - Processing /home/airflow/.local/lib/python3.12/site-packages/airflow/example_dags/example_subdag_operator.py took 0.072 seconds
[2024-10-04T01:07:32.625+0000] {processor.py:186} INFO - Started process (PID=506) to work on /home/airflow/.local/lib/python3.12/site-packages/airflow/example_dags/example_subdag_operator.py
[2024-10-04T01:07:32.626+0000] {processor.py:914} INFO - Processing file /home/airflow/.local/lib/python3.12/site-packages/airflow/example_dags/example_subdag_operator.py for tasks to queue
[2024-10-04T01:07:32.628+0000] {logging_mixin.py:190} INFO - [2024-10-04T01:07:32.627+0000] {dagbag.py:588} INFO - Filling up the DagBag from /home/airflow/.local/lib/python3.12/site-packages/airflow/example_dags/example_subdag_operator.py
[2024-10-04T01:07:32.648+0000] {processor.py:925} INFO - DAG(s) 'example_subdag_operator.section-1', 'example_subdag_operator.section-2', 'example_subdag_operator' retrieved from /home/airflow/.local/lib/python3.12/site-packages/airflow/example_dags/example_subdag_operator.py
[2024-10-04T01:07:32.658+0000] {logging_mixin.py:190} INFO - [2024-10-04T01:07:32.658+0000] {dag.py:3239} INFO - Sync 3 DAGs
[2024-10-04T01:07:32.671+0000] {logging_mixin.py:190} INFO - [2024-10-04T01:07:32.670+0000] {dag.py:4180} INFO - Setting next_dagrun for example_subdag_operator to 2022-01-01 00:00:00+00:00, run_after=2022-01-01 00:00:00+00:00
[2024-10-04T01:07:32.672+0000] {logging_mixin.py:190} INFO - [2024-10-04T01:07:32.672+0000] {dag.py:4180} INFO - Setting next_dagrun for example_subdag_operator.section-1 to None, run_after=None
[2024-10-04T01:07:32.673+0000] {logging_mixin.py:190} INFO - [2024-10-04T01:07:32.673+0000] {dag.py:4180} INFO - Setting next_dagrun for example_subdag_operator.section-2 to None, run_after=None
[2024-10-04T01:07:32.677+0000] {logging_mixin.py:190} INFO - [2024-10-04T01:07:32.676+0000] {dag.py:3239} INFO - Sync 2 DAGs
[2024-10-04T01:07:32.679+0000] {logging_mixin.py:190} INFO - [2024-10-04T01:07:32.679+0000] {dag.py:4180} INFO - Setting next_dagrun for example_subdag_operator.section-1 to None, run_after=None
[2024-10-04T01:07:32.679+0000] {logging_mixin.py:190} INFO - [2024-10-04T01:07:32.679+0000] {dag.py:4180} INFO - Setting next_dagrun for example_subdag_operator.section-2 to None, run_after=None
[2024-10-04T01:07:32.685+0000] {processor.py:208} INFO - Processing /home/airflow/.local/lib/python3.12/site-packages/airflow/example_dags/example_subdag_operator.py took 0.067 seconds
[2024-10-04T01:08:02.810+0000] {processor.py:186} INFO - Started process (PID=578) to work on /home/airflow/.local/lib/python3.12/site-packages/airflow/example_dags/example_subdag_operator.py
[2024-10-04T01:08:02.811+0000] {processor.py:914} INFO - Processing file /home/airflow/.local/lib/python3.12/site-packages/airflow/example_dags/example_subdag_operator.py for tasks to queue
[2024-10-04T01:08:02.812+0000] {logging_mixin.py:190} INFO - [2024-10-04T01:08:02.812+0000] {dagbag.py:588} INFO - Filling up the DagBag from /home/airflow/.local/lib/python3.12/site-packages/airflow/example_dags/example_subdag_operator.py
[2024-10-04T01:08:02.826+0000] {processor.py:925} INFO - DAG(s) 'example_subdag_operator.section-1', 'example_subdag_operator.section-2', 'example_subdag_operator' retrieved from /home/airflow/.local/lib/python3.12/site-packages/airflow/example_dags/example_subdag_operator.py
[2024-10-04T01:08:02.833+0000] {logging_mixin.py:190} INFO - [2024-10-04T01:08:02.833+0000] {dag.py:3239} INFO - Sync 3 DAGs
[2024-10-04T01:08:02.844+0000] {logging_mixin.py:190} INFO - [2024-10-04T01:08:02.844+0000] {dag.py:4180} INFO - Setting next_dagrun for example_subdag_operator to 2022-01-01 00:00:00+00:00, run_after=2022-01-01 00:00:00+00:00
[2024-10-04T01:08:02.845+0000] {logging_mixin.py:190} INFO - [2024-10-04T01:08:02.845+0000] {dag.py:4180} INFO - Setting next_dagrun for example_subdag_operator.section-1 to None, run_after=None
[2024-10-04T01:08:02.846+0000] {logging_mixin.py:190} INFO - [2024-10-04T01:08:02.846+0000] {dag.py:4180} INFO - Setting next_dagrun for example_subdag_operator.section-2 to None, run_after=None
[2024-10-04T01:08:02.849+0000] {logging_mixin.py:190} INFO - [2024-10-04T01:08:02.849+0000] {dag.py:3239} INFO - Sync 2 DAGs
[2024-10-04T01:08:02.851+0000] {logging_mixin.py:190} INFO - [2024-10-04T01:08:02.851+0000] {dag.py:4180} INFO - Setting next_dagrun for example_subdag_operator.section-1 to None, run_after=None
[2024-10-04T01:08:02.851+0000] {logging_mixin.py:190} INFO - [2024-10-04T01:08:02.851+0000] {dag.py:4180} INFO - Setting next_dagrun for example_subdag_operator.section-2 to None, run_after=None
[2024-10-04T01:08:02.857+0000] {processor.py:208} INFO - Processing /home/airflow/.local/lib/python3.12/site-packages/airflow/example_dags/example_subdag_operator.py took 0.050 seconds
[2024-10-04T01:08:32.934+0000] {processor.py:186} INFO - Started process (PID=650) to work on /home/airflow/.local/lib/python3.12/site-packages/airflow/example_dags/example_subdag_operator.py
[2024-10-04T01:08:32.934+0000] {processor.py:914} INFO - Processing file /home/airflow/.local/lib/python3.12/site-packages/airflow/example_dags/example_subdag_operator.py for tasks to queue
[2024-10-04T01:08:32.936+0000] {logging_mixin.py:190} INFO - [2024-10-04T01:08:32.936+0000] {dagbag.py:588} INFO - Filling up the DagBag from /home/airflow/.local/lib/python3.12/site-packages/airflow/example_dags/example_subdag_operator.py
[2024-10-04T01:08:32.951+0000] {processor.py:925} INFO - DAG(s) 'example_subdag_operator.section-1', 'example_subdag_operator.section-2', 'example_subdag_operator' retrieved from /home/airflow/.local/lib/python3.12/site-packages/airflow/example_dags/example_subdag_operator.py
[2024-10-04T01:08:32.959+0000] {logging_mixin.py:190} INFO - [2024-10-04T01:08:32.959+0000] {dag.py:3239} INFO - Sync 3 DAGs
[2024-10-04T01:08:32.972+0000] {logging_mixin.py:190} INFO - [2024-10-04T01:08:32.972+0000] {dag.py:4180} INFO - Setting next_dagrun for example_subdag_operator to 2022-01-01 00:00:00+00:00, run_after=2022-01-01 00:00:00+00:00
[2024-10-04T01:08:32.974+0000] {logging_mixin.py:190} INFO - [2024-10-04T01:08:32.974+0000] {dag.py:4180} INFO - Setting next_dagrun for example_subdag_operator.section-1 to None, run_after=None
[2024-10-04T01:08:32.975+0000] {logging_mixin.py:190} INFO - [2024-10-04T01:08:32.975+0000] {dag.py:4180} INFO - Setting next_dagrun for example_subdag_operator.section-2 to None, run_after=None
[2024-10-04T01:08:32.979+0000] {logging_mixin.py:190} INFO - [2024-10-04T01:08:32.979+0000] {dag.py:3239} INFO - Sync 2 DAGs
[2024-10-04T01:08:32.982+0000] {logging_mixin.py:190} INFO - [2024-10-04T01:08:32.982+0000] {dag.py:4180} INFO - Setting next_dagrun for example_subdag_operator.section-1 to None, run_after=None
[2024-10-04T01:08:32.982+0000] {logging_mixin.py:190} INFO - [2024-10-04T01:08:32.982+0000] {dag.py:4180} INFO - Setting next_dagrun for example_subdag_operator.section-2 to None, run_after=None
[2024-10-04T01:08:32.991+0000] {processor.py:208} INFO - Processing /home/airflow/.local/lib/python3.12/site-packages/airflow/example_dags/example_subdag_operator.py took 0.061 seconds
[2024-10-04T01:09:03.102+0000] {processor.py:186} INFO - Started process (PID=722) to work on /home/airflow/.local/lib/python3.12/site-packages/airflow/example_dags/example_subdag_operator.py
[2024-10-04T01:09:03.103+0000] {processor.py:914} INFO - Processing file /home/airflow/.local/lib/python3.12/site-packages/airflow/example_dags/example_subdag_operator.py for tasks to queue
[2024-10-04T01:09:03.104+0000] {logging_mixin.py:190} INFO - [2024-10-04T01:09:03.104+0000] {dagbag.py:588} INFO - Filling up the DagBag from /home/airflow/.local/lib/python3.12/site-packages/airflow/example_dags/example_subdag_operator.py
[2024-10-04T01:09:03.117+0000] {processor.py:925} INFO - DAG(s) 'example_subdag_operator.section-1', 'example_subdag_operator.section-2', 'example_subdag_operator' retrieved from /home/airflow/.local/lib/python3.12/site-packages/airflow/example_dags/example_subdag_operator.py
[2024-10-04T01:09:03.125+0000] {logging_mixin.py:190} INFO - [2024-10-04T01:09:03.124+0000] {dag.py:3239} INFO - Sync 3 DAGs
[2024-10-04T01:09:03.136+0000] {logging_mixin.py:190} INFO - [2024-10-04T01:09:03.135+0000] {dag.py:4180} INFO - Setting next_dagrun for example_subdag_operator to 2022-01-01 00:00:00+00:00, run_after=2022-01-01 00:00:00+00:00
[2024-10-04T01:09:03.137+0000] {logging_mixin.py:190} INFO - [2024-10-04T01:09:03.137+0000] {dag.py:4180} INFO - Setting next_dagrun for example_subdag_operator.section-1 to None, run_after=None
[2024-10-04T01:09:03.138+0000] {logging_mixin.py:190} INFO - [2024-10-04T01:09:03.138+0000] {dag.py:4180} INFO - Setting next_dagrun for example_subdag_operator.section-2 to None, run_after=None
[2024-10-04T01:09:03.142+0000] {logging_mixin.py:190} INFO - [2024-10-04T01:09:03.141+0000] {dag.py:3239} INFO - Sync 2 DAGs
[2024-10-04T01:09:03.144+0000] {logging_mixin.py:190} INFO - [2024-10-04T01:09:03.144+0000] {dag.py:4180} INFO - Setting next_dagrun for example_subdag_operator.section-1 to None, run_after=None
[2024-10-04T01:09:03.144+0000] {logging_mixin.py:190} INFO - [2024-10-04T01:09:03.144+0000] {dag.py:4180} INFO - Setting next_dagrun for example_subdag_operator.section-2 to None, run_after=None
[2024-10-04T01:09:03.153+0000] {processor.py:208} INFO - Processing /home/airflow/.local/lib/python3.12/site-packages/airflow/example_dags/example_subdag_operator.py took 0.054 seconds
[2024-10-04T01:09:33.412+0000] {processor.py:186} INFO - Started process (PID=794) to work on /home/airflow/.local/lib/python3.12/site-packages/airflow/example_dags/example_subdag_operator.py
[2024-10-04T01:09:33.413+0000] {processor.py:914} INFO - Processing file /home/airflow/.local/lib/python3.12/site-packages/airflow/example_dags/example_subdag_operator.py for tasks to queue
[2024-10-04T01:09:33.415+0000] {logging_mixin.py:190} INFO - [2024-10-04T01:09:33.415+0000] {dagbag.py:588} INFO - Filling up the DagBag from /home/airflow/.local/lib/python3.12/site-packages/airflow/example_dags/example_subdag_operator.py
[2024-10-04T01:09:33.427+0000] {processor.py:925} INFO - DAG(s) 'example_subdag_operator.section-1', 'example_subdag_operator.section-2', 'example_subdag_operator' retrieved from /home/airflow/.local/lib/python3.12/site-packages/airflow/example_dags/example_subdag_operator.py
[2024-10-04T01:09:33.434+0000] {logging_mixin.py:190} INFO - [2024-10-04T01:09:33.434+0000] {dag.py:3239} INFO - Sync 3 DAGs
[2024-10-04T01:09:33.445+0000] {logging_mixin.py:190} INFO - [2024-10-04T01:09:33.445+0000] {dag.py:4180} INFO - Setting next_dagrun for example_subdag_operator to 2022-01-01 00:00:00+00:00, run_after=2022-01-01 00:00:00+00:00
[2024-10-04T01:09:33.447+0000] {logging_mixin.py:190} INFO - [2024-10-04T01:09:33.447+0000] {dag.py:4180} INFO - Setting next_dagrun for example_subdag_operator.section-1 to None, run_after=None
[2024-10-04T01:09:33.447+0000] {logging_mixin.py:190} INFO - [2024-10-04T01:09:33.447+0000] {dag.py:4180} INFO - Setting next_dagrun for example_subdag_operator.section-2 to None, run_after=None
[2024-10-04T01:09:33.451+0000] {logging_mixin.py:190} INFO - [2024-10-04T01:09:33.451+0000] {dag.py:3239} INFO - Sync 2 DAGs
[2024-10-04T01:09:33.453+0000] {logging_mixin.py:190} INFO - [2024-10-04T01:09:33.453+0000] {dag.py:4180} INFO - Setting next_dagrun for example_subdag_operator.section-1 to None, run_after=None
[2024-10-04T01:09:33.453+0000] {logging_mixin.py:190} INFO - [2024-10-04T01:09:33.453+0000] {dag.py:4180} INFO - Setting next_dagrun for example_subdag_operator.section-2 to None, run_after=None
[2024-10-04T01:09:33.459+0000] {processor.py:208} INFO - Processing /home/airflow/.local/lib/python3.12/site-packages/airflow/example_dags/example_subdag_operator.py took 0.050 seconds
