[2024-10-04T01:04:59.335+0000] {processor.py:186} INFO - Started process (PID=120) to work on /home/airflow/.local/lib/python3.12/site-packages/airflow/example_dags/example_inlet_event_extra.py
[2024-10-04T01:04:59.336+0000] {processor.py:914} INFO - Processing file /home/airflow/.local/lib/python3.12/site-packages/airflow/example_dags/example_inlet_event_extra.py for tasks to queue
[2024-10-04T01:04:59.339+0000] {logging_mixin.py:190} INFO - [2024-10-04T01:04:59.339+0000] {dagbag.py:588} INFO - Filling up the DagBag from /home/airflow/.local/lib/python3.12/site-packages/airflow/example_dags/example_inlet_event_extra.py
[2024-10-04T01:04:59.348+0000] {processor.py:925} INFO - DAG(s) 'read_dataset_event_from_classic', 'read_dataset_event' retrieved from /home/airflow/.local/lib/python3.12/site-packages/airflow/example_dags/example_inlet_event_extra.py
[2024-10-04T01:04:59.354+0000] {logging_mixin.py:190} INFO - [2024-10-04T01:04:59.354+0000] {dag.py:3239} INFO - Sync 2 DAGs
[2024-10-04T01:04:59.368+0000] {logging_mixin.py:190} INFO - [2024-10-04T01:04:59.368+0000] {dag.py:4180} INFO - Setting next_dagrun for read_dataset_event to 2024-10-03 00:00:00+00:00, run_after=2024-10-04 00:00:00+00:00
[2024-10-04T01:04:59.370+0000] {logging_mixin.py:190} INFO - [2024-10-04T01:04:59.370+0000] {dag.py:4180} INFO - Setting next_dagrun for read_dataset_event_from_classic to 2024-10-03 00:00:00+00:00, run_after=2024-10-04 00:00:00+00:00
[2024-10-04T01:04:59.379+0000] {processor.py:208} INFO - Processing /home/airflow/.local/lib/python3.12/site-packages/airflow/example_dags/example_inlet_event_extra.py took 0.048 seconds
[2024-10-04T01:05:29.945+0000] {processor.py:186} INFO - Started process (PID=192) to work on /home/airflow/.local/lib/python3.12/site-packages/airflow/example_dags/example_inlet_event_extra.py
[2024-10-04T01:05:29.946+0000] {processor.py:914} INFO - Processing file /home/airflow/.local/lib/python3.12/site-packages/airflow/example_dags/example_inlet_event_extra.py for tasks to queue
[2024-10-04T01:05:29.947+0000] {logging_mixin.py:190} INFO - [2024-10-04T01:05:29.947+0000] {dagbag.py:588} INFO - Filling up the DagBag from /home/airflow/.local/lib/python3.12/site-packages/airflow/example_dags/example_inlet_event_extra.py
[2024-10-04T01:05:29.954+0000] {processor.py:925} INFO - DAG(s) 'read_dataset_event_from_classic', 'read_dataset_event' retrieved from /home/airflow/.local/lib/python3.12/site-packages/airflow/example_dags/example_inlet_event_extra.py
[2024-10-04T01:05:30.008+0000] {logging_mixin.py:190} INFO - [2024-10-04T01:05:30.007+0000] {dag.py:3239} INFO - Sync 2 DAGs
[2024-10-04T01:05:30.018+0000] {logging_mixin.py:190} INFO - [2024-10-04T01:05:30.018+0000] {dag.py:4180} INFO - Setting next_dagrun for read_dataset_event to 2024-10-03 00:00:00+00:00, run_after=2024-10-04 00:00:00+00:00
[2024-10-04T01:05:30.020+0000] {logging_mixin.py:190} INFO - [2024-10-04T01:05:30.020+0000] {dag.py:4180} INFO - Setting next_dagrun for read_dataset_event_from_classic to 2024-10-03 00:00:00+00:00, run_after=2024-10-04 00:00:00+00:00
[2024-10-04T01:05:30.028+0000] {processor.py:208} INFO - Processing /home/airflow/.local/lib/python3.12/site-packages/airflow/example_dags/example_inlet_event_extra.py took 0.086 seconds
[2024-10-04T01:06:00.067+0000] {processor.py:186} INFO - Started process (PID=264) to work on /home/airflow/.local/lib/python3.12/site-packages/airflow/example_dags/example_inlet_event_extra.py
[2024-10-04T01:06:00.068+0000] {processor.py:914} INFO - Processing file /home/airflow/.local/lib/python3.12/site-packages/airflow/example_dags/example_inlet_event_extra.py for tasks to queue
[2024-10-04T01:06:00.069+0000] {logging_mixin.py:190} INFO - [2024-10-04T01:06:00.069+0000] {dagbag.py:588} INFO - Filling up the DagBag from /home/airflow/.local/lib/python3.12/site-packages/airflow/example_dags/example_inlet_event_extra.py
[2024-10-04T01:06:00.076+0000] {processor.py:925} INFO - DAG(s) 'read_dataset_event', 'read_dataset_event_from_classic' retrieved from /home/airflow/.local/lib/python3.12/site-packages/airflow/example_dags/example_inlet_event_extra.py
[2024-10-04T01:06:00.086+0000] {logging_mixin.py:190} INFO - [2024-10-04T01:06:00.086+0000] {dag.py:3239} INFO - Sync 2 DAGs
[2024-10-04T01:06:00.097+0000] {logging_mixin.py:190} INFO - [2024-10-04T01:06:00.097+0000] {dag.py:4180} INFO - Setting next_dagrun for read_dataset_event to 2024-10-03 00:00:00+00:00, run_after=2024-10-04 00:00:00+00:00
[2024-10-04T01:06:00.099+0000] {logging_mixin.py:190} INFO - [2024-10-04T01:06:00.099+0000] {dag.py:4180} INFO - Setting next_dagrun for read_dataset_event_from_classic to 2024-10-03 00:00:00+00:00, run_after=2024-10-04 00:00:00+00:00
[2024-10-04T01:06:00.107+0000] {processor.py:208} INFO - Processing /home/airflow/.local/lib/python3.12/site-packages/airflow/example_dags/example_inlet_event_extra.py took 0.042 seconds
[2024-10-04T01:06:30.644+0000] {processor.py:186} INFO - Started process (PID=336) to work on /home/airflow/.local/lib/python3.12/site-packages/airflow/example_dags/example_inlet_event_extra.py
[2024-10-04T01:06:30.645+0000] {processor.py:914} INFO - Processing file /home/airflow/.local/lib/python3.12/site-packages/airflow/example_dags/example_inlet_event_extra.py for tasks to queue
[2024-10-04T01:06:30.646+0000] {logging_mixin.py:190} INFO - [2024-10-04T01:06:30.646+0000] {dagbag.py:588} INFO - Filling up the DagBag from /home/airflow/.local/lib/python3.12/site-packages/airflow/example_dags/example_inlet_event_extra.py
[2024-10-04T01:06:30.653+0000] {processor.py:925} INFO - DAG(s) 'read_dataset_event', 'read_dataset_event_from_classic' retrieved from /home/airflow/.local/lib/python3.12/site-packages/airflow/example_dags/example_inlet_event_extra.py
[2024-10-04T01:06:30.663+0000] {logging_mixin.py:190} INFO - [2024-10-04T01:06:30.663+0000] {dag.py:3239} INFO - Sync 2 DAGs
[2024-10-04T01:06:30.675+0000] {logging_mixin.py:190} INFO - [2024-10-04T01:06:30.675+0000] {dag.py:4180} INFO - Setting next_dagrun for read_dataset_event to 2024-10-03 00:00:00+00:00, run_after=2024-10-04 00:00:00+00:00
[2024-10-04T01:06:30.677+0000] {logging_mixin.py:190} INFO - [2024-10-04T01:06:30.677+0000] {dag.py:4180} INFO - Setting next_dagrun for read_dataset_event_from_classic to 2024-10-03 00:00:00+00:00, run_after=2024-10-04 00:00:00+00:00
[2024-10-04T01:06:30.686+0000] {processor.py:208} INFO - Processing /home/airflow/.local/lib/python3.12/site-packages/airflow/example_dags/example_inlet_event_extra.py took 0.044 seconds
[2024-10-04T01:07:00.892+0000] {processor.py:186} INFO - Started process (PID=408) to work on /home/airflow/.local/lib/python3.12/site-packages/airflow/example_dags/example_inlet_event_extra.py
[2024-10-04T01:07:00.892+0000] {processor.py:914} INFO - Processing file /home/airflow/.local/lib/python3.12/site-packages/airflow/example_dags/example_inlet_event_extra.py for tasks to queue
[2024-10-04T01:07:00.893+0000] {logging_mixin.py:190} INFO - [2024-10-04T01:07:00.893+0000] {dagbag.py:588} INFO - Filling up the DagBag from /home/airflow/.local/lib/python3.12/site-packages/airflow/example_dags/example_inlet_event_extra.py
[2024-10-04T01:07:00.900+0000] {processor.py:925} INFO - DAG(s) 'read_dataset_event_from_classic', 'read_dataset_event' retrieved from /home/airflow/.local/lib/python3.12/site-packages/airflow/example_dags/example_inlet_event_extra.py
[2024-10-04T01:07:00.909+0000] {logging_mixin.py:190} INFO - [2024-10-04T01:07:00.909+0000] {dag.py:3239} INFO - Sync 2 DAGs
[2024-10-04T01:07:00.920+0000] {logging_mixin.py:190} INFO - [2024-10-04T01:07:00.920+0000] {dag.py:4180} INFO - Setting next_dagrun for read_dataset_event to 2024-10-03 00:00:00+00:00, run_after=2024-10-04 00:00:00+00:00
[2024-10-04T01:07:00.922+0000] {logging_mixin.py:190} INFO - [2024-10-04T01:07:00.922+0000] {dag.py:4180} INFO - Setting next_dagrun for read_dataset_event_from_classic to 2024-10-03 00:00:00+00:00, run_after=2024-10-04 00:00:00+00:00
[2024-10-04T01:07:00.930+0000] {processor.py:208} INFO - Processing /home/airflow/.local/lib/python3.12/site-packages/airflow/example_dags/example_inlet_event_extra.py took 0.041 seconds
[2024-10-04T01:07:31.079+0000] {processor.py:186} INFO - Started process (PID=480) to work on /home/airflow/.local/lib/python3.12/site-packages/airflow/example_dags/example_inlet_event_extra.py
[2024-10-04T01:07:31.079+0000] {processor.py:914} INFO - Processing file /home/airflow/.local/lib/python3.12/site-packages/airflow/example_dags/example_inlet_event_extra.py for tasks to queue
[2024-10-04T01:07:31.081+0000] {logging_mixin.py:190} INFO - [2024-10-04T01:07:31.080+0000] {dagbag.py:588} INFO - Filling up the DagBag from /home/airflow/.local/lib/python3.12/site-packages/airflow/example_dags/example_inlet_event_extra.py
[2024-10-04T01:07:31.087+0000] {processor.py:925} INFO - DAG(s) 'read_dataset_event', 'read_dataset_event_from_classic' retrieved from /home/airflow/.local/lib/python3.12/site-packages/airflow/example_dags/example_inlet_event_extra.py
[2024-10-04T01:07:31.097+0000] {logging_mixin.py:190} INFO - [2024-10-04T01:07:31.097+0000] {dag.py:3239} INFO - Sync 2 DAGs
[2024-10-04T01:07:31.110+0000] {logging_mixin.py:190} INFO - [2024-10-04T01:07:31.110+0000] {dag.py:4180} INFO - Setting next_dagrun for read_dataset_event to 2024-10-03 00:00:00+00:00, run_after=2024-10-04 00:00:00+00:00
[2024-10-04T01:07:31.112+0000] {logging_mixin.py:190} INFO - [2024-10-04T01:07:31.112+0000] {dag.py:4180} INFO - Setting next_dagrun for read_dataset_event_from_classic to 2024-10-03 00:00:00+00:00, run_after=2024-10-04 00:00:00+00:00
[2024-10-04T01:07:31.121+0000] {processor.py:208} INFO - Processing /home/airflow/.local/lib/python3.12/site-packages/airflow/example_dags/example_inlet_event_extra.py took 0.045 seconds
[2024-10-04T01:08:01.288+0000] {processor.py:186} INFO - Started process (PID=552) to work on /home/airflow/.local/lib/python3.12/site-packages/airflow/example_dags/example_inlet_event_extra.py
[2024-10-04T01:08:01.289+0000] {processor.py:914} INFO - Processing file /home/airflow/.local/lib/python3.12/site-packages/airflow/example_dags/example_inlet_event_extra.py for tasks to queue
[2024-10-04T01:08:01.290+0000] {logging_mixin.py:190} INFO - [2024-10-04T01:08:01.290+0000] {dagbag.py:588} INFO - Filling up the DagBag from /home/airflow/.local/lib/python3.12/site-packages/airflow/example_dags/example_inlet_event_extra.py
[2024-10-04T01:08:01.297+0000] {processor.py:925} INFO - DAG(s) 'read_dataset_event_from_classic', 'read_dataset_event' retrieved from /home/airflow/.local/lib/python3.12/site-packages/airflow/example_dags/example_inlet_event_extra.py
[2024-10-04T01:08:01.308+0000] {logging_mixin.py:190} INFO - [2024-10-04T01:08:01.308+0000] {dag.py:3239} INFO - Sync 2 DAGs
[2024-10-04T01:08:01.320+0000] {logging_mixin.py:190} INFO - [2024-10-04T01:08:01.320+0000] {dag.py:4180} INFO - Setting next_dagrun for read_dataset_event to 2024-10-03 00:00:00+00:00, run_after=2024-10-04 00:00:00+00:00
[2024-10-04T01:08:01.322+0000] {logging_mixin.py:190} INFO - [2024-10-04T01:08:01.322+0000] {dag.py:4180} INFO - Setting next_dagrun for read_dataset_event_from_classic to 2024-10-03 00:00:00+00:00, run_after=2024-10-04 00:00:00+00:00
[2024-10-04T01:08:01.332+0000] {processor.py:208} INFO - Processing /home/airflow/.local/lib/python3.12/site-packages/airflow/example_dags/example_inlet_event_extra.py took 0.046 seconds
[2024-10-04T01:08:31.427+0000] {processor.py:186} INFO - Started process (PID=630) to work on /home/airflow/.local/lib/python3.12/site-packages/airflow/example_dags/example_inlet_event_extra.py
[2024-10-04T01:08:31.427+0000] {processor.py:914} INFO - Processing file /home/airflow/.local/lib/python3.12/site-packages/airflow/example_dags/example_inlet_event_extra.py for tasks to queue
[2024-10-04T01:08:31.429+0000] {logging_mixin.py:190} INFO - [2024-10-04T01:08:31.428+0000] {dagbag.py:588} INFO - Filling up the DagBag from /home/airflow/.local/lib/python3.12/site-packages/airflow/example_dags/example_inlet_event_extra.py
[2024-10-04T01:08:31.435+0000] {processor.py:925} INFO - DAG(s) 'read_dataset_event_from_classic', 'read_dataset_event' retrieved from /home/airflow/.local/lib/python3.12/site-packages/airflow/example_dags/example_inlet_event_extra.py
[2024-10-04T01:08:31.445+0000] {logging_mixin.py:190} INFO - [2024-10-04T01:08:31.445+0000] {dag.py:3239} INFO - Sync 2 DAGs
[2024-10-04T01:08:31.456+0000] {logging_mixin.py:190} INFO - [2024-10-04T01:08:31.456+0000] {dag.py:4180} INFO - Setting next_dagrun for read_dataset_event to 2024-10-03 00:00:00+00:00, run_after=2024-10-04 00:00:00+00:00
[2024-10-04T01:08:31.459+0000] {logging_mixin.py:190} INFO - [2024-10-04T01:08:31.459+0000] {dag.py:4180} INFO - Setting next_dagrun for read_dataset_event_from_classic to 2024-10-03 00:00:00+00:00, run_after=2024-10-04 00:00:00+00:00
[2024-10-04T01:08:31.467+0000] {processor.py:208} INFO - Processing /home/airflow/.local/lib/python3.12/site-packages/airflow/example_dags/example_inlet_event_extra.py took 0.042 seconds
[2024-10-04T01:09:02.569+0000] {processor.py:186} INFO - Started process (PID=702) to work on /home/airflow/.local/lib/python3.12/site-packages/airflow/example_dags/example_inlet_event_extra.py
[2024-10-04T01:09:02.570+0000] {processor.py:914} INFO - Processing file /home/airflow/.local/lib/python3.12/site-packages/airflow/example_dags/example_inlet_event_extra.py for tasks to queue
[2024-10-04T01:09:02.571+0000] {logging_mixin.py:190} INFO - [2024-10-04T01:09:02.571+0000] {dagbag.py:588} INFO - Filling up the DagBag from /home/airflow/.local/lib/python3.12/site-packages/airflow/example_dags/example_inlet_event_extra.py
[2024-10-04T01:09:02.578+0000] {processor.py:925} INFO - DAG(s) 'read_dataset_event', 'read_dataset_event_from_classic' retrieved from /home/airflow/.local/lib/python3.12/site-packages/airflow/example_dags/example_inlet_event_extra.py
[2024-10-04T01:09:02.588+0000] {logging_mixin.py:190} INFO - [2024-10-04T01:09:02.588+0000] {dag.py:3239} INFO - Sync 2 DAGs
[2024-10-04T01:09:02.601+0000] {logging_mixin.py:190} INFO - [2024-10-04T01:09:02.600+0000] {dag.py:4180} INFO - Setting next_dagrun for read_dataset_event to 2024-10-03 00:00:00+00:00, run_after=2024-10-04 00:00:00+00:00
[2024-10-04T01:09:02.603+0000] {logging_mixin.py:190} INFO - [2024-10-04T01:09:02.603+0000] {dag.py:4180} INFO - Setting next_dagrun for read_dataset_event_from_classic to 2024-10-03 00:00:00+00:00, run_after=2024-10-04 00:00:00+00:00
[2024-10-04T01:09:02.613+0000] {processor.py:208} INFO - Processing /home/airflow/.local/lib/python3.12/site-packages/airflow/example_dags/example_inlet_event_extra.py took 0.046 seconds
[2024-10-04T01:09:32.814+0000] {processor.py:186} INFO - Started process (PID=774) to work on /home/airflow/.local/lib/python3.12/site-packages/airflow/example_dags/example_inlet_event_extra.py
[2024-10-04T01:09:32.815+0000] {processor.py:914} INFO - Processing file /home/airflow/.local/lib/python3.12/site-packages/airflow/example_dags/example_inlet_event_extra.py for tasks to queue
[2024-10-04T01:09:32.816+0000] {logging_mixin.py:190} INFO - [2024-10-04T01:09:32.816+0000] {dagbag.py:588} INFO - Filling up the DagBag from /home/airflow/.local/lib/python3.12/site-packages/airflow/example_dags/example_inlet_event_extra.py
[2024-10-04T01:09:32.823+0000] {processor.py:925} INFO - DAG(s) 'read_dataset_event_from_classic', 'read_dataset_event' retrieved from /home/airflow/.local/lib/python3.12/site-packages/airflow/example_dags/example_inlet_event_extra.py
[2024-10-04T01:09:32.834+0000] {logging_mixin.py:190} INFO - [2024-10-04T01:09:32.834+0000] {dag.py:3239} INFO - Sync 2 DAGs
[2024-10-04T01:09:32.845+0000] {logging_mixin.py:190} INFO - [2024-10-04T01:09:32.845+0000] {dag.py:4180} INFO - Setting next_dagrun for read_dataset_event to 2024-10-03 00:00:00+00:00, run_after=2024-10-04 00:00:00+00:00
[2024-10-04T01:09:32.847+0000] {logging_mixin.py:190} INFO - [2024-10-04T01:09:32.847+0000] {dag.py:4180} INFO - Setting next_dagrun for read_dataset_event_from_classic to 2024-10-03 00:00:00+00:00, run_after=2024-10-04 00:00:00+00:00
[2024-10-04T01:09:32.856+0000] {processor.py:208} INFO - Processing /home/airflow/.local/lib/python3.12/site-packages/airflow/example_dags/example_inlet_event_extra.py took 0.045 seconds
