[2024-10-04T01:04:59.283+0000] {processor.py:186} INFO - Started process (PID=119) to work on /home/airflow/.local/lib/python3.12/site-packages/airflow/example_dags/example_external_task_marker_dag.py
[2024-10-04T01:04:59.284+0000] {processor.py:914} INFO - Processing file /home/airflow/.local/lib/python3.12/site-packages/airflow/example_dags/example_external_task_marker_dag.py for tasks to queue
[2024-10-04T01:04:59.287+0000] {logging_mixin.py:190} INFO - [2024-10-04T01:04:59.287+0000] {dagbag.py:588} INFO - Filling up the DagBag from /home/airflow/.local/lib/python3.12/site-packages/airflow/example_dags/example_external_task_marker_dag.py
[2024-10-04T01:04:59.292+0000] {processor.py:925} INFO - DAG(s) 'example_external_task_marker_parent', 'example_external_task_marker_child' retrieved from /home/airflow/.local/lib/python3.12/site-packages/airflow/example_dags/example_external_task_marker_dag.py
[2024-10-04T01:04:59.299+0000] {logging_mixin.py:190} INFO - [2024-10-04T01:04:59.299+0000] {dag.py:3239} INFO - Sync 2 DAGs
[2024-10-04T01:04:59.308+0000] {logging_mixin.py:190} INFO - [2024-10-04T01:04:59.308+0000] {dag.py:4180} INFO - Setting next_dagrun for example_external_task_marker_child to None, run_after=None
[2024-10-04T01:04:59.310+0000] {logging_mixin.py:190} INFO - [2024-10-04T01:04:59.310+0000] {dag.py:4180} INFO - Setting next_dagrun for example_external_task_marker_parent to None, run_after=None
[2024-10-04T01:04:59.321+0000] {processor.py:208} INFO - Processing /home/airflow/.local/lib/python3.12/site-packages/airflow/example_dags/example_external_task_marker_dag.py took 0.041 seconds
[2024-10-04T01:05:29.910+0000] {processor.py:186} INFO - Started process (PID=191) to work on /home/airflow/.local/lib/python3.12/site-packages/airflow/example_dags/example_external_task_marker_dag.py
[2024-10-04T01:05:29.911+0000] {processor.py:914} INFO - Processing file /home/airflow/.local/lib/python3.12/site-packages/airflow/example_dags/example_external_task_marker_dag.py for tasks to queue
[2024-10-04T01:05:29.912+0000] {logging_mixin.py:190} INFO - [2024-10-04T01:05:29.912+0000] {dagbag.py:588} INFO - Filling up the DagBag from /home/airflow/.local/lib/python3.12/site-packages/airflow/example_dags/example_external_task_marker_dag.py
[2024-10-04T01:05:29.916+0000] {processor.py:925} INFO - DAG(s) 'example_external_task_marker_parent', 'example_external_task_marker_child' retrieved from /home/airflow/.local/lib/python3.12/site-packages/airflow/example_dags/example_external_task_marker_dag.py
[2024-10-04T01:05:29.968+0000] {logging_mixin.py:190} INFO - [2024-10-04T01:05:29.968+0000] {dag.py:3239} INFO - Sync 2 DAGs
[2024-10-04T01:05:29.974+0000] {logging_mixin.py:190} INFO - [2024-10-04T01:05:29.974+0000] {dag.py:4180} INFO - Setting next_dagrun for example_external_task_marker_child to None, run_after=None
[2024-10-04T01:05:29.975+0000] {logging_mixin.py:190} INFO - [2024-10-04T01:05:29.975+0000] {dag.py:4180} INFO - Setting next_dagrun for example_external_task_marker_parent to None, run_after=None
[2024-10-04T01:05:29.984+0000] {processor.py:208} INFO - Processing /home/airflow/.local/lib/python3.12/site-packages/airflow/example_dags/example_external_task_marker_dag.py took 0.077 seconds
[2024-10-04T01:06:00.040+0000] {processor.py:186} INFO - Started process (PID=263) to work on /home/airflow/.local/lib/python3.12/site-packages/airflow/example_dags/example_external_task_marker_dag.py
[2024-10-04T01:06:00.041+0000] {processor.py:914} INFO - Processing file /home/airflow/.local/lib/python3.12/site-packages/airflow/example_dags/example_external_task_marker_dag.py for tasks to queue
[2024-10-04T01:06:00.042+0000] {logging_mixin.py:190} INFO - [2024-10-04T01:06:00.042+0000] {dagbag.py:588} INFO - Filling up the DagBag from /home/airflow/.local/lib/python3.12/site-packages/airflow/example_dags/example_external_task_marker_dag.py
[2024-10-04T01:06:00.046+0000] {processor.py:925} INFO - DAG(s) 'example_external_task_marker_parent', 'example_external_task_marker_child' retrieved from /home/airflow/.local/lib/python3.12/site-packages/airflow/example_dags/example_external_task_marker_dag.py
[2024-10-04T01:06:00.058+0000] {logging_mixin.py:190} INFO - [2024-10-04T01:06:00.058+0000] {dag.py:3239} INFO - Sync 2 DAGs
[2024-10-04T01:06:00.065+0000] {logging_mixin.py:190} INFO - [2024-10-04T01:06:00.064+0000] {dag.py:4180} INFO - Setting next_dagrun for example_external_task_marker_child to None, run_after=None
[2024-10-04T01:06:00.066+0000] {logging_mixin.py:190} INFO - [2024-10-04T01:06:00.066+0000] {dag.py:4180} INFO - Setting next_dagrun for example_external_task_marker_parent to None, run_after=None
[2024-10-04T01:06:00.075+0000] {processor.py:208} INFO - Processing /home/airflow/.local/lib/python3.12/site-packages/airflow/example_dags/example_external_task_marker_dag.py took 0.039 seconds
[2024-10-04T01:06:30.628+0000] {processor.py:186} INFO - Started process (PID=335) to work on /home/airflow/.local/lib/python3.12/site-packages/airflow/example_dags/example_external_task_marker_dag.py
[2024-10-04T01:06:30.629+0000] {processor.py:914} INFO - Processing file /home/airflow/.local/lib/python3.12/site-packages/airflow/example_dags/example_external_task_marker_dag.py for tasks to queue
[2024-10-04T01:06:30.630+0000] {logging_mixin.py:190} INFO - [2024-10-04T01:06:30.630+0000] {dagbag.py:588} INFO - Filling up the DagBag from /home/airflow/.local/lib/python3.12/site-packages/airflow/example_dags/example_external_task_marker_dag.py
[2024-10-04T01:06:30.634+0000] {processor.py:925} INFO - DAG(s) 'example_external_task_marker_parent', 'example_external_task_marker_child' retrieved from /home/airflow/.local/lib/python3.12/site-packages/airflow/example_dags/example_external_task_marker_dag.py
[2024-10-04T01:06:30.645+0000] {logging_mixin.py:190} INFO - [2024-10-04T01:06:30.644+0000] {dag.py:3239} INFO - Sync 2 DAGs
[2024-10-04T01:06:30.651+0000] {logging_mixin.py:190} INFO - [2024-10-04T01:06:30.651+0000] {dag.py:4180} INFO - Setting next_dagrun for example_external_task_marker_child to None, run_after=None
[2024-10-04T01:06:30.653+0000] {logging_mixin.py:190} INFO - [2024-10-04T01:06:30.653+0000] {dag.py:4180} INFO - Setting next_dagrun for example_external_task_marker_parent to None, run_after=None
[2024-10-04T01:06:30.661+0000] {processor.py:208} INFO - Processing /home/airflow/.local/lib/python3.12/site-packages/airflow/example_dags/example_external_task_marker_dag.py took 0.036 seconds
[2024-10-04T01:07:00.877+0000] {processor.py:186} INFO - Started process (PID=407) to work on /home/airflow/.local/lib/python3.12/site-packages/airflow/example_dags/example_external_task_marker_dag.py
[2024-10-04T01:07:00.877+0000] {processor.py:914} INFO - Processing file /home/airflow/.local/lib/python3.12/site-packages/airflow/example_dags/example_external_task_marker_dag.py for tasks to queue
[2024-10-04T01:07:00.878+0000] {logging_mixin.py:190} INFO - [2024-10-04T01:07:00.878+0000] {dagbag.py:588} INFO - Filling up the DagBag from /home/airflow/.local/lib/python3.12/site-packages/airflow/example_dags/example_external_task_marker_dag.py
[2024-10-04T01:07:00.883+0000] {processor.py:925} INFO - DAG(s) 'example_external_task_marker_child', 'example_external_task_marker_parent' retrieved from /home/airflow/.local/lib/python3.12/site-packages/airflow/example_dags/example_external_task_marker_dag.py
[2024-10-04T01:07:00.892+0000] {logging_mixin.py:190} INFO - [2024-10-04T01:07:00.892+0000] {dag.py:3239} INFO - Sync 2 DAGs
[2024-10-04T01:07:00.899+0000] {logging_mixin.py:190} INFO - [2024-10-04T01:07:00.899+0000] {dag.py:4180} INFO - Setting next_dagrun for example_external_task_marker_child to None, run_after=None
[2024-10-04T01:07:00.901+0000] {logging_mixin.py:190} INFO - [2024-10-04T01:07:00.901+0000] {dag.py:4180} INFO - Setting next_dagrun for example_external_task_marker_parent to None, run_after=None
[2024-10-04T01:07:00.908+0000] {processor.py:208} INFO - Processing /home/airflow/.local/lib/python3.12/site-packages/airflow/example_dags/example_external_task_marker_dag.py took 0.034 seconds
[2024-10-04T01:07:31.053+0000] {processor.py:186} INFO - Started process (PID=479) to work on /home/airflow/.local/lib/python3.12/site-packages/airflow/example_dags/example_external_task_marker_dag.py
[2024-10-04T01:07:31.053+0000] {processor.py:914} INFO - Processing file /home/airflow/.local/lib/python3.12/site-packages/airflow/example_dags/example_external_task_marker_dag.py for tasks to queue
[2024-10-04T01:07:31.054+0000] {logging_mixin.py:190} INFO - [2024-10-04T01:07:31.054+0000] {dagbag.py:588} INFO - Filling up the DagBag from /home/airflow/.local/lib/python3.12/site-packages/airflow/example_dags/example_external_task_marker_dag.py
[2024-10-04T01:07:31.059+0000] {processor.py:925} INFO - DAG(s) 'example_external_task_marker_child', 'example_external_task_marker_parent' retrieved from /home/airflow/.local/lib/python3.12/site-packages/airflow/example_dags/example_external_task_marker_dag.py
[2024-10-04T01:07:31.069+0000] {logging_mixin.py:190} INFO - [2024-10-04T01:07:31.069+0000] {dag.py:3239} INFO - Sync 2 DAGs
[2024-10-04T01:07:31.077+0000] {logging_mixin.py:190} INFO - [2024-10-04T01:07:31.076+0000] {dag.py:4180} INFO - Setting next_dagrun for example_external_task_marker_child to None, run_after=None
[2024-10-04T01:07:31.078+0000] {logging_mixin.py:190} INFO - [2024-10-04T01:07:31.078+0000] {dag.py:4180} INFO - Setting next_dagrun for example_external_task_marker_parent to None, run_after=None
[2024-10-04T01:07:31.087+0000] {processor.py:208} INFO - Processing /home/airflow/.local/lib/python3.12/site-packages/airflow/example_dags/example_external_task_marker_dag.py took 0.038 seconds
[2024-10-04T01:08:01.260+0000] {processor.py:186} INFO - Started process (PID=551) to work on /home/airflow/.local/lib/python3.12/site-packages/airflow/example_dags/example_external_task_marker_dag.py
[2024-10-04T01:08:01.261+0000] {processor.py:914} INFO - Processing file /home/airflow/.local/lib/python3.12/site-packages/airflow/example_dags/example_external_task_marker_dag.py for tasks to queue
[2024-10-04T01:08:01.262+0000] {logging_mixin.py:190} INFO - [2024-10-04T01:08:01.262+0000] {dagbag.py:588} INFO - Filling up the DagBag from /home/airflow/.local/lib/python3.12/site-packages/airflow/example_dags/example_external_task_marker_dag.py
[2024-10-04T01:08:01.267+0000] {processor.py:925} INFO - DAG(s) 'example_external_task_marker_child', 'example_external_task_marker_parent' retrieved from /home/airflow/.local/lib/python3.12/site-packages/airflow/example_dags/example_external_task_marker_dag.py
[2024-10-04T01:08:01.277+0000] {logging_mixin.py:190} INFO - [2024-10-04T01:08:01.277+0000] {dag.py:3239} INFO - Sync 2 DAGs
[2024-10-04T01:08:01.284+0000] {logging_mixin.py:190} INFO - [2024-10-04T01:08:01.284+0000] {dag.py:4180} INFO - Setting next_dagrun for example_external_task_marker_child to None, run_after=None
[2024-10-04T01:08:01.286+0000] {logging_mixin.py:190} INFO - [2024-10-04T01:08:01.286+0000] {dag.py:4180} INFO - Setting next_dagrun for example_external_task_marker_parent to None, run_after=None
[2024-10-04T01:08:01.294+0000] {processor.py:208} INFO - Processing /home/airflow/.local/lib/python3.12/site-packages/airflow/example_dags/example_external_task_marker_dag.py took 0.037 seconds
[2024-10-04T01:08:31.406+0000] {processor.py:186} INFO - Started process (PID=629) to work on /home/airflow/.local/lib/python3.12/site-packages/airflow/example_dags/example_external_task_marker_dag.py
[2024-10-04T01:08:31.407+0000] {processor.py:914} INFO - Processing file /home/airflow/.local/lib/python3.12/site-packages/airflow/example_dags/example_external_task_marker_dag.py for tasks to queue
[2024-10-04T01:08:31.408+0000] {logging_mixin.py:190} INFO - [2024-10-04T01:08:31.408+0000] {dagbag.py:588} INFO - Filling up the DagBag from /home/airflow/.local/lib/python3.12/site-packages/airflow/example_dags/example_external_task_marker_dag.py
[2024-10-04T01:08:31.412+0000] {processor.py:925} INFO - DAG(s) 'example_external_task_marker_child', 'example_external_task_marker_parent' retrieved from /home/airflow/.local/lib/python3.12/site-packages/airflow/example_dags/example_external_task_marker_dag.py
[2024-10-04T01:08:31.423+0000] {logging_mixin.py:190} INFO - [2024-10-04T01:08:31.423+0000] {dag.py:3239} INFO - Sync 2 DAGs
[2024-10-04T01:08:31.430+0000] {logging_mixin.py:190} INFO - [2024-10-04T01:08:31.430+0000] {dag.py:4180} INFO - Setting next_dagrun for example_external_task_marker_child to None, run_after=None
[2024-10-04T01:08:31.432+0000] {logging_mixin.py:190} INFO - [2024-10-04T01:08:31.432+0000] {dag.py:4180} INFO - Setting next_dagrun for example_external_task_marker_parent to None, run_after=None
[2024-10-04T01:08:31.440+0000] {processor.py:208} INFO - Processing /home/airflow/.local/lib/python3.12/site-packages/airflow/example_dags/example_external_task_marker_dag.py took 0.037 seconds
[2024-10-04T01:09:02.547+0000] {processor.py:186} INFO - Started process (PID=701) to work on /home/airflow/.local/lib/python3.12/site-packages/airflow/example_dags/example_external_task_marker_dag.py
[2024-10-04T01:09:02.548+0000] {processor.py:914} INFO - Processing file /home/airflow/.local/lib/python3.12/site-packages/airflow/example_dags/example_external_task_marker_dag.py for tasks to queue
[2024-10-04T01:09:02.549+0000] {logging_mixin.py:190} INFO - [2024-10-04T01:09:02.549+0000] {dagbag.py:588} INFO - Filling up the DagBag from /home/airflow/.local/lib/python3.12/site-packages/airflow/example_dags/example_external_task_marker_dag.py
[2024-10-04T01:09:02.553+0000] {processor.py:925} INFO - DAG(s) 'example_external_task_marker_parent', 'example_external_task_marker_child' retrieved from /home/airflow/.local/lib/python3.12/site-packages/airflow/example_dags/example_external_task_marker_dag.py
[2024-10-04T01:09:02.565+0000] {logging_mixin.py:190} INFO - [2024-10-04T01:09:02.565+0000] {dag.py:3239} INFO - Sync 2 DAGs
[2024-10-04T01:09:02.572+0000] {logging_mixin.py:190} INFO - [2024-10-04T01:09:02.572+0000] {dag.py:4180} INFO - Setting next_dagrun for example_external_task_marker_child to None, run_after=None
[2024-10-04T01:09:02.573+0000] {logging_mixin.py:190} INFO - [2024-10-04T01:09:02.573+0000] {dag.py:4180} INFO - Setting next_dagrun for example_external_task_marker_parent to None, run_after=None
[2024-10-04T01:09:02.581+0000] {processor.py:208} INFO - Processing /home/airflow/.local/lib/python3.12/site-packages/airflow/example_dags/example_external_task_marker_dag.py took 0.037 seconds
[2024-10-04T01:09:32.794+0000] {processor.py:186} INFO - Started process (PID=773) to work on /home/airflow/.local/lib/python3.12/site-packages/airflow/example_dags/example_external_task_marker_dag.py
[2024-10-04T01:09:32.794+0000] {processor.py:914} INFO - Processing file /home/airflow/.local/lib/python3.12/site-packages/airflow/example_dags/example_external_task_marker_dag.py for tasks to queue
[2024-10-04T01:09:32.796+0000] {logging_mixin.py:190} INFO - [2024-10-04T01:09:32.796+0000] {dagbag.py:588} INFO - Filling up the DagBag from /home/airflow/.local/lib/python3.12/site-packages/airflow/example_dags/example_external_task_marker_dag.py
[2024-10-04T01:09:32.800+0000] {processor.py:925} INFO - DAG(s) 'example_external_task_marker_child', 'example_external_task_marker_parent' retrieved from /home/airflow/.local/lib/python3.12/site-packages/airflow/example_dags/example_external_task_marker_dag.py
[2024-10-04T01:09:32.812+0000] {logging_mixin.py:190} INFO - [2024-10-04T01:09:32.812+0000] {dag.py:3239} INFO - Sync 2 DAGs
[2024-10-04T01:09:32.819+0000] {logging_mixin.py:190} INFO - [2024-10-04T01:09:32.819+0000] {dag.py:4180} INFO - Setting next_dagrun for example_external_task_marker_child to None, run_after=None
[2024-10-04T01:09:32.821+0000] {logging_mixin.py:190} INFO - [2024-10-04T01:09:32.821+0000] {dag.py:4180} INFO - Setting next_dagrun for example_external_task_marker_parent to None, run_after=None
[2024-10-04T01:09:32.830+0000] {processor.py:208} INFO - Processing /home/airflow/.local/lib/python3.12/site-packages/airflow/example_dags/example_external_task_marker_dag.py took 0.039 seconds
