[2024-10-04T01:04:59.076+0000] {processor.py:186} INFO - Started process (PID=112) to work on /home/airflow/.local/lib/python3.12/site-packages/airflow/example_dags/example_dag_decorator.py
[2024-10-04T01:04:59.076+0000] {processor.py:914} INFO - Processing file /home/airflow/.local/lib/python3.12/site-packages/airflow/example_dags/example_dag_decorator.py for tasks to queue
[2024-10-04T01:04:59.078+0000] {logging_mixin.py:190} INFO - [2024-10-04T01:04:59.078+0000] {dagbag.py:588} INFO - Filling up the DagBag from /home/airflow/.local/lib/python3.12/site-packages/airflow/example_dags/example_dag_decorator.py
[2024-10-04T01:04:59.085+0000] {processor.py:925} INFO - DAG(s) 'example_dag_decorator' retrieved from /home/airflow/.local/lib/python3.12/site-packages/airflow/example_dags/example_dag_decorator.py
[2024-10-04T01:04:59.094+0000] {logging_mixin.py:190} INFO - [2024-10-04T01:04:59.094+0000] {dag.py:3239} INFO - Sync 1 DAGs
[2024-10-04T01:04:59.103+0000] {logging_mixin.py:190} INFO - [2024-10-04T01:04:59.103+0000] {dag.py:4180} INFO - Setting next_dagrun for example_dag_decorator to None, run_after=None
[2024-10-04T01:04:59.112+0000] {processor.py:208} INFO - Processing /home/airflow/.local/lib/python3.12/site-packages/airflow/example_dags/example_dag_decorator.py took 0.040 seconds
[2024-10-04T01:05:29.441+0000] {processor.py:186} INFO - Started process (PID=184) to work on /home/airflow/.local/lib/python3.12/site-packages/airflow/example_dags/example_dag_decorator.py
[2024-10-04T01:05:29.442+0000] {processor.py:914} INFO - Processing file /home/airflow/.local/lib/python3.12/site-packages/airflow/example_dags/example_dag_decorator.py for tasks to queue
[2024-10-04T01:05:29.443+0000] {logging_mixin.py:190} INFO - [2024-10-04T01:05:29.443+0000] {dagbag.py:588} INFO - Filling up the DagBag from /home/airflow/.local/lib/python3.12/site-packages/airflow/example_dags/example_dag_decorator.py
[2024-10-04T01:05:29.449+0000] {processor.py:925} INFO - DAG(s) 'example_dag_decorator' retrieved from /home/airflow/.local/lib/python3.12/site-packages/airflow/example_dags/example_dag_decorator.py
[2024-10-04T01:05:29.509+0000] {logging_mixin.py:190} INFO - [2024-10-04T01:05:29.509+0000] {dag.py:3239} INFO - Sync 1 DAGs
[2024-10-04T01:05:29.516+0000] {logging_mixin.py:190} INFO - [2024-10-04T01:05:29.516+0000] {dag.py:4180} INFO - Setting next_dagrun for example_dag_decorator to None, run_after=None
[2024-10-04T01:05:29.528+0000] {processor.py:208} INFO - Processing /home/airflow/.local/lib/python3.12/site-packages/airflow/example_dags/example_dag_decorator.py took 0.090 seconds
[2024-10-04T01:05:59.836+0000] {processor.py:186} INFO - Started process (PID=256) to work on /home/airflow/.local/lib/python3.12/site-packages/airflow/example_dags/example_dag_decorator.py
[2024-10-04T01:05:59.837+0000] {processor.py:914} INFO - Processing file /home/airflow/.local/lib/python3.12/site-packages/airflow/example_dags/example_dag_decorator.py for tasks to queue
[2024-10-04T01:05:59.838+0000] {logging_mixin.py:190} INFO - [2024-10-04T01:05:59.838+0000] {dagbag.py:588} INFO - Filling up the DagBag from /home/airflow/.local/lib/python3.12/site-packages/airflow/example_dags/example_dag_decorator.py
[2024-10-04T01:05:59.844+0000] {processor.py:925} INFO - DAG(s) 'example_dag_decorator' retrieved from /home/airflow/.local/lib/python3.12/site-packages/airflow/example_dags/example_dag_decorator.py
[2024-10-04T01:05:59.892+0000] {logging_mixin.py:190} INFO - [2024-10-04T01:05:59.892+0000] {dag.py:3239} INFO - Sync 1 DAGs
[2024-10-04T01:05:59.897+0000] {logging_mixin.py:190} INFO - [2024-10-04T01:05:59.897+0000] {dag.py:4180} INFO - Setting next_dagrun for example_dag_decorator to None, run_after=None
[2024-10-04T01:05:59.906+0000] {processor.py:208} INFO - Processing /home/airflow/.local/lib/python3.12/site-packages/airflow/example_dags/example_dag_decorator.py took 0.073 seconds
[2024-10-04T01:06:30.409+0000] {processor.py:186} INFO - Started process (PID=328) to work on /home/airflow/.local/lib/python3.12/site-packages/airflow/example_dags/example_dag_decorator.py
[2024-10-04T01:06:30.410+0000] {processor.py:914} INFO - Processing file /home/airflow/.local/lib/python3.12/site-packages/airflow/example_dags/example_dag_decorator.py for tasks to queue
[2024-10-04T01:06:30.411+0000] {logging_mixin.py:190} INFO - [2024-10-04T01:06:30.411+0000] {dagbag.py:588} INFO - Filling up the DagBag from /home/airflow/.local/lib/python3.12/site-packages/airflow/example_dags/example_dag_decorator.py
[2024-10-04T01:06:30.417+0000] {processor.py:925} INFO - DAG(s) 'example_dag_decorator' retrieved from /home/airflow/.local/lib/python3.12/site-packages/airflow/example_dags/example_dag_decorator.py
[2024-10-04T01:06:30.466+0000] {logging_mixin.py:190} INFO - [2024-10-04T01:06:30.465+0000] {dag.py:3239} INFO - Sync 1 DAGs
[2024-10-04T01:06:30.472+0000] {logging_mixin.py:190} INFO - [2024-10-04T01:06:30.472+0000] {dag.py:4180} INFO - Setting next_dagrun for example_dag_decorator to None, run_after=None
[2024-10-04T01:06:30.480+0000] {processor.py:208} INFO - Processing /home/airflow/.local/lib/python3.12/site-packages/airflow/example_dags/example_dag_decorator.py took 0.074 seconds
[2024-10-04T01:07:00.652+0000] {processor.py:186} INFO - Started process (PID=400) to work on /home/airflow/.local/lib/python3.12/site-packages/airflow/example_dags/example_dag_decorator.py
[2024-10-04T01:07:00.653+0000] {processor.py:914} INFO - Processing file /home/airflow/.local/lib/python3.12/site-packages/airflow/example_dags/example_dag_decorator.py for tasks to queue
[2024-10-04T01:07:00.654+0000] {logging_mixin.py:190} INFO - [2024-10-04T01:07:00.654+0000] {dagbag.py:588} INFO - Filling up the DagBag from /home/airflow/.local/lib/python3.12/site-packages/airflow/example_dags/example_dag_decorator.py
[2024-10-04T01:07:00.663+0000] {processor.py:925} INFO - DAG(s) 'example_dag_decorator' retrieved from /home/airflow/.local/lib/python3.12/site-packages/airflow/example_dags/example_dag_decorator.py
[2024-10-04T01:07:00.719+0000] {logging_mixin.py:190} INFO - [2024-10-04T01:07:00.719+0000] {dag.py:3239} INFO - Sync 1 DAGs
[2024-10-04T01:07:00.727+0000] {logging_mixin.py:190} INFO - [2024-10-04T01:07:00.727+0000] {dag.py:4180} INFO - Setting next_dagrun for example_dag_decorator to None, run_after=None
[2024-10-04T01:07:00.736+0000] {processor.py:208} INFO - Processing /home/airflow/.local/lib/python3.12/site-packages/airflow/example_dags/example_dag_decorator.py took 0.087 seconds
[2024-10-04T01:07:30.835+0000] {processor.py:186} INFO - Started process (PID=472) to work on /home/airflow/.local/lib/python3.12/site-packages/airflow/example_dags/example_dag_decorator.py
[2024-10-04T01:07:30.836+0000] {processor.py:914} INFO - Processing file /home/airflow/.local/lib/python3.12/site-packages/airflow/example_dags/example_dag_decorator.py for tasks to queue
[2024-10-04T01:07:30.837+0000] {logging_mixin.py:190} INFO - [2024-10-04T01:07:30.836+0000] {dagbag.py:588} INFO - Filling up the DagBag from /home/airflow/.local/lib/python3.12/site-packages/airflow/example_dags/example_dag_decorator.py
[2024-10-04T01:07:30.842+0000] {processor.py:925} INFO - DAG(s) 'example_dag_decorator' retrieved from /home/airflow/.local/lib/python3.12/site-packages/airflow/example_dags/example_dag_decorator.py
[2024-10-04T01:07:30.894+0000] {logging_mixin.py:190} INFO - [2024-10-04T01:07:30.894+0000] {dag.py:3239} INFO - Sync 1 DAGs
[2024-10-04T01:07:30.900+0000] {logging_mixin.py:190} INFO - [2024-10-04T01:07:30.900+0000] {dag.py:4180} INFO - Setting next_dagrun for example_dag_decorator to None, run_after=None
[2024-10-04T01:07:30.909+0000] {processor.py:208} INFO - Processing /home/airflow/.local/lib/python3.12/site-packages/airflow/example_dags/example_dag_decorator.py took 0.077 seconds
[2024-10-04T01:08:01.021+0000] {processor.py:186} INFO - Started process (PID=544) to work on /home/airflow/.local/lib/python3.12/site-packages/airflow/example_dags/example_dag_decorator.py
[2024-10-04T01:08:01.022+0000] {processor.py:914} INFO - Processing file /home/airflow/.local/lib/python3.12/site-packages/airflow/example_dags/example_dag_decorator.py for tasks to queue
[2024-10-04T01:08:01.023+0000] {logging_mixin.py:190} INFO - [2024-10-04T01:08:01.023+0000] {dagbag.py:588} INFO - Filling up the DagBag from /home/airflow/.local/lib/python3.12/site-packages/airflow/example_dags/example_dag_decorator.py
[2024-10-04T01:08:01.030+0000] {processor.py:925} INFO - DAG(s) 'example_dag_decorator' retrieved from /home/airflow/.local/lib/python3.12/site-packages/airflow/example_dags/example_dag_decorator.py
[2024-10-04T01:08:01.078+0000] {logging_mixin.py:190} INFO - [2024-10-04T01:08:01.078+0000] {dag.py:3239} INFO - Sync 1 DAGs
[2024-10-04T01:08:01.083+0000] {logging_mixin.py:190} INFO - [2024-10-04T01:08:01.083+0000] {dag.py:4180} INFO - Setting next_dagrun for example_dag_decorator to None, run_after=None
[2024-10-04T01:08:01.093+0000] {processor.py:208} INFO - Processing /home/airflow/.local/lib/python3.12/site-packages/airflow/example_dags/example_dag_decorator.py took 0.076 seconds
[2024-10-04T01:08:31.197+0000] {processor.py:186} INFO - Started process (PID=616) to work on /home/airflow/.local/lib/python3.12/site-packages/airflow/example_dags/example_dag_decorator.py
[2024-10-04T01:08:31.198+0000] {processor.py:914} INFO - Processing file /home/airflow/.local/lib/python3.12/site-packages/airflow/example_dags/example_dag_decorator.py for tasks to queue
[2024-10-04T01:08:31.199+0000] {logging_mixin.py:190} INFO - [2024-10-04T01:08:31.199+0000] {dagbag.py:588} INFO - Filling up the DagBag from /home/airflow/.local/lib/python3.12/site-packages/airflow/example_dags/example_dag_decorator.py
[2024-10-04T01:08:31.205+0000] {processor.py:925} INFO - DAG(s) 'example_dag_decorator' retrieved from /home/airflow/.local/lib/python3.12/site-packages/airflow/example_dags/example_dag_decorator.py
[2024-10-04T01:08:31.255+0000] {logging_mixin.py:190} INFO - [2024-10-04T01:08:31.255+0000] {dag.py:3239} INFO - Sync 1 DAGs
[2024-10-04T01:08:31.260+0000] {logging_mixin.py:190} INFO - [2024-10-04T01:08:31.260+0000] {dag.py:4180} INFO - Setting next_dagrun for example_dag_decorator to None, run_after=None
[2024-10-04T01:08:31.268+0000] {processor.py:208} INFO - Processing /home/airflow/.local/lib/python3.12/site-packages/airflow/example_dags/example_dag_decorator.py took 0.074 seconds
[2024-10-04T01:09:02.304+0000] {processor.py:186} INFO - Started process (PID=694) to work on /home/airflow/.local/lib/python3.12/site-packages/airflow/example_dags/example_dag_decorator.py
[2024-10-04T01:09:02.305+0000] {processor.py:914} INFO - Processing file /home/airflow/.local/lib/python3.12/site-packages/airflow/example_dags/example_dag_decorator.py for tasks to queue
[2024-10-04T01:09:02.306+0000] {logging_mixin.py:190} INFO - [2024-10-04T01:09:02.306+0000] {dagbag.py:588} INFO - Filling up the DagBag from /home/airflow/.local/lib/python3.12/site-packages/airflow/example_dags/example_dag_decorator.py
[2024-10-04T01:09:02.313+0000] {processor.py:925} INFO - DAG(s) 'example_dag_decorator' retrieved from /home/airflow/.local/lib/python3.12/site-packages/airflow/example_dags/example_dag_decorator.py
[2024-10-04T01:09:02.366+0000] {logging_mixin.py:190} INFO - [2024-10-04T01:09:02.365+0000] {dag.py:3239} INFO - Sync 1 DAGs
[2024-10-04T01:09:02.372+0000] {logging_mixin.py:190} INFO - [2024-10-04T01:09:02.372+0000] {dag.py:4180} INFO - Setting next_dagrun for example_dag_decorator to None, run_after=None
[2024-10-04T01:09:02.382+0000] {processor.py:208} INFO - Processing /home/airflow/.local/lib/python3.12/site-packages/airflow/example_dags/example_dag_decorator.py took 0.081 seconds
[2024-10-04T01:09:32.566+0000] {processor.py:186} INFO - Started process (PID=766) to work on /home/airflow/.local/lib/python3.12/site-packages/airflow/example_dags/example_dag_decorator.py
[2024-10-04T01:09:32.567+0000] {processor.py:914} INFO - Processing file /home/airflow/.local/lib/python3.12/site-packages/airflow/example_dags/example_dag_decorator.py for tasks to queue
[2024-10-04T01:09:32.568+0000] {logging_mixin.py:190} INFO - [2024-10-04T01:09:32.568+0000] {dagbag.py:588} INFO - Filling up the DagBag from /home/airflow/.local/lib/python3.12/site-packages/airflow/example_dags/example_dag_decorator.py
[2024-10-04T01:09:32.575+0000] {processor.py:925} INFO - DAG(s) 'example_dag_decorator' retrieved from /home/airflow/.local/lib/python3.12/site-packages/airflow/example_dags/example_dag_decorator.py
[2024-10-04T01:09:32.627+0000] {logging_mixin.py:190} INFO - [2024-10-04T01:09:32.626+0000] {dag.py:3239} INFO - Sync 1 DAGs
[2024-10-04T01:09:32.632+0000] {logging_mixin.py:190} INFO - [2024-10-04T01:09:32.632+0000] {dag.py:4180} INFO - Setting next_dagrun for example_dag_decorator to None, run_after=None
[2024-10-04T01:09:32.642+0000] {processor.py:208} INFO - Processing /home/airflow/.local/lib/python3.12/site-packages/airflow/example_dags/example_dag_decorator.py took 0.079 seconds
