[2024-10-04T01:04:59.456+0000] {processor.py:186} INFO - Started process (PID=123) to work on /home/airflow/.local/lib/python3.12/site-packages/airflow/example_dags/example_latest_only_with_trigger.py
[2024-10-04T01:04:59.457+0000] {processor.py:914} INFO - Processing file /home/airflow/.local/lib/python3.12/site-packages/airflow/example_dags/example_latest_only_with_trigger.py for tasks to queue
[2024-10-04T01:04:59.458+0000] {logging_mixin.py:190} INFO - [2024-10-04T01:04:59.458+0000] {dagbag.py:588} INFO - Filling up the DagBag from /home/airflow/.local/lib/python3.12/site-packages/airflow/example_dags/example_latest_only_with_trigger.py
[2024-10-04T01:04:59.462+0000] {processor.py:925} INFO - DAG(s) 'latest_only_with_trigger' retrieved from /home/airflow/.local/lib/python3.12/site-packages/airflow/example_dags/example_latest_only_with_trigger.py
[2024-10-04T01:04:59.469+0000] {logging_mixin.py:190} INFO - [2024-10-04T01:04:59.468+0000] {dag.py:3239} INFO - Sync 1 DAGs
[2024-10-04T01:04:59.480+0000] {logging_mixin.py:190} INFO - [2024-10-04T01:04:59.480+0000] {dag.py:4180} INFO - Setting next_dagrun for latest_only_with_trigger to 2024-10-03 20:00:00+00:00, run_after=2024-10-04 00:00:00+00:00
[2024-10-04T01:04:59.489+0000] {processor.py:208} INFO - Processing /home/airflow/.local/lib/python3.12/site-packages/airflow/example_dags/example_latest_only_with_trigger.py took 0.036 seconds
[2024-10-04T01:05:30.098+0000] {processor.py:186} INFO - Started process (PID=195) to work on /home/airflow/.local/lib/python3.12/site-packages/airflow/example_dags/example_latest_only_with_trigger.py
[2024-10-04T01:05:30.099+0000] {processor.py:914} INFO - Processing file /home/airflow/.local/lib/python3.12/site-packages/airflow/example_dags/example_latest_only_with_trigger.py for tasks to queue
[2024-10-04T01:05:30.100+0000] {logging_mixin.py:190} INFO - [2024-10-04T01:05:30.100+0000] {dagbag.py:588} INFO - Filling up the DagBag from /home/airflow/.local/lib/python3.12/site-packages/airflow/example_dags/example_latest_only_with_trigger.py
[2024-10-04T01:05:30.105+0000] {processor.py:925} INFO - DAG(s) 'latest_only_with_trigger' retrieved from /home/airflow/.local/lib/python3.12/site-packages/airflow/example_dags/example_latest_only_with_trigger.py
[2024-10-04T01:05:30.182+0000] {logging_mixin.py:190} INFO - [2024-10-04T01:05:30.182+0000] {dag.py:3239} INFO - Sync 1 DAGs
[2024-10-04T01:05:30.192+0000] {logging_mixin.py:190} INFO - [2024-10-04T01:05:30.192+0000] {dag.py:4180} INFO - Setting next_dagrun for latest_only_with_trigger to 2024-10-03 20:00:00+00:00, run_after=2024-10-04 00:00:00+00:00
[2024-10-04T01:05:30.203+0000] {processor.py:208} INFO - Processing /home/airflow/.local/lib/python3.12/site-packages/airflow/example_dags/example_latest_only_with_trigger.py took 0.109 seconds
[2024-10-04T01:06:00.222+0000] {processor.py:186} INFO - Started process (PID=267) to work on /home/airflow/.local/lib/python3.12/site-packages/airflow/example_dags/example_latest_only_with_trigger.py
[2024-10-04T01:06:00.222+0000] {processor.py:914} INFO - Processing file /home/airflow/.local/lib/python3.12/site-packages/airflow/example_dags/example_latest_only_with_trigger.py for tasks to queue
[2024-10-04T01:06:00.223+0000] {logging_mixin.py:190} INFO - [2024-10-04T01:06:00.223+0000] {dagbag.py:588} INFO - Filling up the DagBag from /home/airflow/.local/lib/python3.12/site-packages/airflow/example_dags/example_latest_only_with_trigger.py
[2024-10-04T01:06:00.227+0000] {processor.py:925} INFO - DAG(s) 'latest_only_with_trigger' retrieved from /home/airflow/.local/lib/python3.12/site-packages/airflow/example_dags/example_latest_only_with_trigger.py
[2024-10-04T01:06:00.237+0000] {logging_mixin.py:190} INFO - [2024-10-04T01:06:00.237+0000] {dag.py:3239} INFO - Sync 1 DAGs
[2024-10-04T01:06:00.248+0000] {logging_mixin.py:190} INFO - [2024-10-04T01:06:00.248+0000] {dag.py:4180} INFO - Setting next_dagrun for latest_only_with_trigger to 2024-10-03 20:00:00+00:00, run_after=2024-10-04 00:00:00+00:00
[2024-10-04T01:06:00.257+0000] {processor.py:208} INFO - Processing /home/airflow/.local/lib/python3.12/site-packages/airflow/example_dags/example_latest_only_with_trigger.py took 0.038 seconds
[2024-10-04T01:06:30.723+0000] {processor.py:186} INFO - Started process (PID=339) to work on /home/airflow/.local/lib/python3.12/site-packages/airflow/example_dags/example_latest_only_with_trigger.py
[2024-10-04T01:06:30.724+0000] {processor.py:914} INFO - Processing file /home/airflow/.local/lib/python3.12/site-packages/airflow/example_dags/example_latest_only_with_trigger.py for tasks to queue
[2024-10-04T01:06:30.725+0000] {logging_mixin.py:190} INFO - [2024-10-04T01:06:30.725+0000] {dagbag.py:588} INFO - Filling up the DagBag from /home/airflow/.local/lib/python3.12/site-packages/airflow/example_dags/example_latest_only_with_trigger.py
[2024-10-04T01:06:30.729+0000] {processor.py:925} INFO - DAG(s) 'latest_only_with_trigger' retrieved from /home/airflow/.local/lib/python3.12/site-packages/airflow/example_dags/example_latest_only_with_trigger.py
[2024-10-04T01:06:30.739+0000] {logging_mixin.py:190} INFO - [2024-10-04T01:06:30.738+0000] {dag.py:3239} INFO - Sync 1 DAGs
[2024-10-04T01:06:30.749+0000] {logging_mixin.py:190} INFO - [2024-10-04T01:06:30.749+0000] {dag.py:4180} INFO - Setting next_dagrun for latest_only_with_trigger to 2024-10-03 20:00:00+00:00, run_after=2024-10-04 00:00:00+00:00
[2024-10-04T01:06:30.759+0000] {processor.py:208} INFO - Processing /home/airflow/.local/lib/python3.12/site-packages/airflow/example_dags/example_latest_only_with_trigger.py took 0.038 seconds
[2024-10-04T01:07:00.968+0000] {processor.py:186} INFO - Started process (PID=411) to work on /home/airflow/.local/lib/python3.12/site-packages/airflow/example_dags/example_latest_only_with_trigger.py
[2024-10-04T01:07:00.969+0000] {processor.py:914} INFO - Processing file /home/airflow/.local/lib/python3.12/site-packages/airflow/example_dags/example_latest_only_with_trigger.py for tasks to queue
[2024-10-04T01:07:00.970+0000] {logging_mixin.py:190} INFO - [2024-10-04T01:07:00.970+0000] {dagbag.py:588} INFO - Filling up the DagBag from /home/airflow/.local/lib/python3.12/site-packages/airflow/example_dags/example_latest_only_with_trigger.py
[2024-10-04T01:07:00.974+0000] {processor.py:925} INFO - DAG(s) 'latest_only_with_trigger' retrieved from /home/airflow/.local/lib/python3.12/site-packages/airflow/example_dags/example_latest_only_with_trigger.py
[2024-10-04T01:07:00.984+0000] {logging_mixin.py:190} INFO - [2024-10-04T01:07:00.984+0000] {dag.py:3239} INFO - Sync 1 DAGs
[2024-10-04T01:07:00.994+0000] {logging_mixin.py:190} INFO - [2024-10-04T01:07:00.994+0000] {dag.py:4180} INFO - Setting next_dagrun for latest_only_with_trigger to 2024-10-03 20:00:00+00:00, run_after=2024-10-04 00:00:00+00:00
[2024-10-04T01:07:01.003+0000] {processor.py:208} INFO - Processing /home/airflow/.local/lib/python3.12/site-packages/airflow/example_dags/example_latest_only_with_trigger.py took 0.037 seconds
[2024-10-04T01:07:31.154+0000] {processor.py:186} INFO - Started process (PID=483) to work on /home/airflow/.local/lib/python3.12/site-packages/airflow/example_dags/example_latest_only_with_trigger.py
[2024-10-04T01:07:31.155+0000] {processor.py:914} INFO - Processing file /home/airflow/.local/lib/python3.12/site-packages/airflow/example_dags/example_latest_only_with_trigger.py for tasks to queue
[2024-10-04T01:07:31.156+0000] {logging_mixin.py:190} INFO - [2024-10-04T01:07:31.156+0000] {dagbag.py:588} INFO - Filling up the DagBag from /home/airflow/.local/lib/python3.12/site-packages/airflow/example_dags/example_latest_only_with_trigger.py
[2024-10-04T01:07:31.160+0000] {processor.py:925} INFO - DAG(s) 'latest_only_with_trigger' retrieved from /home/airflow/.local/lib/python3.12/site-packages/airflow/example_dags/example_latest_only_with_trigger.py
[2024-10-04T01:07:31.171+0000] {logging_mixin.py:190} INFO - [2024-10-04T01:07:31.170+0000] {dag.py:3239} INFO - Sync 1 DAGs
[2024-10-04T01:07:31.183+0000] {logging_mixin.py:190} INFO - [2024-10-04T01:07:31.183+0000] {dag.py:4180} INFO - Setting next_dagrun for latest_only_with_trigger to 2024-10-03 20:00:00+00:00, run_after=2024-10-04 00:00:00+00:00
[2024-10-04T01:07:31.197+0000] {processor.py:208} INFO - Processing /home/airflow/.local/lib/python3.12/site-packages/airflow/example_dags/example_latest_only_with_trigger.py took 0.046 seconds
[2024-10-04T01:08:01.364+0000] {processor.py:186} INFO - Started process (PID=561) to work on /home/airflow/.local/lib/python3.12/site-packages/airflow/example_dags/example_latest_only_with_trigger.py
[2024-10-04T01:08:01.365+0000] {processor.py:914} INFO - Processing file /home/airflow/.local/lib/python3.12/site-packages/airflow/example_dags/example_latest_only_with_trigger.py for tasks to queue
[2024-10-04T01:08:01.366+0000] {logging_mixin.py:190} INFO - [2024-10-04T01:08:01.366+0000] {dagbag.py:588} INFO - Filling up the DagBag from /home/airflow/.local/lib/python3.12/site-packages/airflow/example_dags/example_latest_only_with_trigger.py
[2024-10-04T01:08:01.370+0000] {processor.py:925} INFO - DAG(s) 'latest_only_with_trigger' retrieved from /home/airflow/.local/lib/python3.12/site-packages/airflow/example_dags/example_latest_only_with_trigger.py
[2024-10-04T01:08:01.380+0000] {logging_mixin.py:190} INFO - [2024-10-04T01:08:01.380+0000] {dag.py:3239} INFO - Sync 1 DAGs
[2024-10-04T01:08:01.392+0000] {logging_mixin.py:190} INFO - [2024-10-04T01:08:01.391+0000] {dag.py:4180} INFO - Setting next_dagrun for latest_only_with_trigger to 2024-10-03 20:00:00+00:00, run_after=2024-10-04 00:00:00+00:00
[2024-10-04T01:08:01.401+0000] {processor.py:208} INFO - Processing /home/airflow/.local/lib/python3.12/site-packages/airflow/example_dags/example_latest_only_with_trigger.py took 0.039 seconds
[2024-10-04T01:08:31.503+0000] {processor.py:186} INFO - Started process (PID=633) to work on /home/airflow/.local/lib/python3.12/site-packages/airflow/example_dags/example_latest_only_with_trigger.py
[2024-10-04T01:08:31.503+0000] {processor.py:914} INFO - Processing file /home/airflow/.local/lib/python3.12/site-packages/airflow/example_dags/example_latest_only_with_trigger.py for tasks to queue
[2024-10-04T01:08:31.504+0000] {logging_mixin.py:190} INFO - [2024-10-04T01:08:31.504+0000] {dagbag.py:588} INFO - Filling up the DagBag from /home/airflow/.local/lib/python3.12/site-packages/airflow/example_dags/example_latest_only_with_trigger.py
[2024-10-04T01:08:31.509+0000] {processor.py:925} INFO - DAG(s) 'latest_only_with_trigger' retrieved from /home/airflow/.local/lib/python3.12/site-packages/airflow/example_dags/example_latest_only_with_trigger.py
[2024-10-04T01:08:31.519+0000] {logging_mixin.py:190} INFO - [2024-10-04T01:08:31.519+0000] {dag.py:3239} INFO - Sync 1 DAGs
[2024-10-04T01:08:31.529+0000] {logging_mixin.py:190} INFO - [2024-10-04T01:08:31.529+0000] {dag.py:4180} INFO - Setting next_dagrun for latest_only_with_trigger to 2024-10-03 20:00:00+00:00, run_after=2024-10-04 00:00:00+00:00
[2024-10-04T01:08:31.538+0000] {processor.py:208} INFO - Processing /home/airflow/.local/lib/python3.12/site-packages/airflow/example_dags/example_latest_only_with_trigger.py took 0.038 seconds
[2024-10-04T01:09:02.650+0000] {processor.py:186} INFO - Started process (PID=705) to work on /home/airflow/.local/lib/python3.12/site-packages/airflow/example_dags/example_latest_only_with_trigger.py
[2024-10-04T01:09:02.651+0000] {processor.py:914} INFO - Processing file /home/airflow/.local/lib/python3.12/site-packages/airflow/example_dags/example_latest_only_with_trigger.py for tasks to queue
[2024-10-04T01:09:02.652+0000] {logging_mixin.py:190} INFO - [2024-10-04T01:09:02.652+0000] {dagbag.py:588} INFO - Filling up the DagBag from /home/airflow/.local/lib/python3.12/site-packages/airflow/example_dags/example_latest_only_with_trigger.py
[2024-10-04T01:09:02.656+0000] {processor.py:925} INFO - DAG(s) 'latest_only_with_trigger' retrieved from /home/airflow/.local/lib/python3.12/site-packages/airflow/example_dags/example_latest_only_with_trigger.py
[2024-10-04T01:09:02.666+0000] {logging_mixin.py:190} INFO - [2024-10-04T01:09:02.666+0000] {dag.py:3239} INFO - Sync 1 DAGs
[2024-10-04T01:09:02.678+0000] {logging_mixin.py:190} INFO - [2024-10-04T01:09:02.678+0000] {dag.py:4180} INFO - Setting next_dagrun for latest_only_with_trigger to 2024-10-03 20:00:00+00:00, run_after=2024-10-04 00:00:00+00:00
[2024-10-04T01:09:02.688+0000] {processor.py:208} INFO - Processing /home/airflow/.local/lib/python3.12/site-packages/airflow/example_dags/example_latest_only_with_trigger.py took 0.041 seconds
[2024-10-04T01:09:32.899+0000] {processor.py:186} INFO - Started process (PID=777) to work on /home/airflow/.local/lib/python3.12/site-packages/airflow/example_dags/example_latest_only_with_trigger.py
[2024-10-04T01:09:32.899+0000] {processor.py:914} INFO - Processing file /home/airflow/.local/lib/python3.12/site-packages/airflow/example_dags/example_latest_only_with_trigger.py for tasks to queue
[2024-10-04T01:09:32.900+0000] {logging_mixin.py:190} INFO - [2024-10-04T01:09:32.900+0000] {dagbag.py:588} INFO - Filling up the DagBag from /home/airflow/.local/lib/python3.12/site-packages/airflow/example_dags/example_latest_only_with_trigger.py
[2024-10-04T01:09:32.905+0000] {processor.py:925} INFO - DAG(s) 'latest_only_with_trigger' retrieved from /home/airflow/.local/lib/python3.12/site-packages/airflow/example_dags/example_latest_only_with_trigger.py
[2024-10-04T01:09:32.915+0000] {logging_mixin.py:190} INFO - [2024-10-04T01:09:32.915+0000] {dag.py:3239} INFO - Sync 1 DAGs
[2024-10-04T01:09:32.926+0000] {logging_mixin.py:190} INFO - [2024-10-04T01:09:32.926+0000] {dag.py:4180} INFO - Setting next_dagrun for latest_only_with_trigger to 2024-10-03 20:00:00+00:00, run_after=2024-10-04 00:00:00+00:00
[2024-10-04T01:09:32.936+0000] {processor.py:208} INFO - Processing /home/airflow/.local/lib/python3.12/site-packages/airflow/example_dags/example_latest_only_with_trigger.py took 0.041 seconds
