[2024-10-04T01:04:59.009+0000] {processor.py:186} INFO - Started process (PID=110) to work on /home/airflow/.local/lib/python3.12/site-packages/airflow/example_dags/example_branch_python_dop_operator_3.py
[2024-10-04T01:04:59.010+0000] {processor.py:914} INFO - Processing file /home/airflow/.local/lib/python3.12/site-packages/airflow/example_dags/example_branch_python_dop_operator_3.py for tasks to queue
[2024-10-04T01:04:59.011+0000] {logging_mixin.py:190} INFO - [2024-10-04T01:04:59.011+0000] {dagbag.py:588} INFO - Filling up the DagBag from /home/airflow/.local/lib/python3.12/site-packages/airflow/example_dags/example_branch_python_dop_operator_3.py
[2024-10-04T01:04:59.021+0000] {processor.py:925} INFO - DAG(s) 'example_branch_dop_operator_v3' retrieved from /home/airflow/.local/lib/python3.12/site-packages/airflow/example_dags/example_branch_python_dop_operator_3.py
[2024-10-04T01:04:59.028+0000] {logging_mixin.py:190} INFO - [2024-10-04T01:04:59.028+0000] {dag.py:3239} INFO - Sync 1 DAGs
[2024-10-04T01:04:59.049+0000] {logging_mixin.py:190} INFO - [2024-10-04T01:04:59.048+0000] {dag.py:4180} INFO - Setting next_dagrun for example_branch_dop_operator_v3 to 2024-10-04 01:03:00+00:00, run_after=2024-10-04 01:04:00+00:00
[2024-10-04T01:04:59.060+0000] {processor.py:208} INFO - Processing /home/airflow/.local/lib/python3.12/site-packages/airflow/example_dags/example_branch_python_dop_operator_3.py took 0.055 seconds
[2024-10-04T01:05:29.349+0000] {processor.py:186} INFO - Started process (PID=182) to work on /home/airflow/.local/lib/python3.12/site-packages/airflow/example_dags/example_branch_python_dop_operator_3.py
[2024-10-04T01:05:29.350+0000] {processor.py:914} INFO - Processing file /home/airflow/.local/lib/python3.12/site-packages/airflow/example_dags/example_branch_python_dop_operator_3.py for tasks to queue
[2024-10-04T01:05:29.351+0000] {logging_mixin.py:190} INFO - [2024-10-04T01:05:29.351+0000] {dagbag.py:588} INFO - Filling up the DagBag from /home/airflow/.local/lib/python3.12/site-packages/airflow/example_dags/example_branch_python_dop_operator_3.py
[2024-10-04T01:05:29.356+0000] {processor.py:925} INFO - DAG(s) 'example_branch_dop_operator_v3' retrieved from /home/airflow/.local/lib/python3.12/site-packages/airflow/example_dags/example_branch_python_dop_operator_3.py
[2024-10-04T01:05:29.406+0000] {logging_mixin.py:190} INFO - [2024-10-04T01:05:29.406+0000] {dag.py:3239} INFO - Sync 1 DAGs
[2024-10-04T01:05:29.415+0000] {logging_mixin.py:190} INFO - [2024-10-04T01:05:29.415+0000] {dag.py:4180} INFO - Setting next_dagrun for example_branch_dop_operator_v3 to 2024-10-04 01:04:00+00:00, run_after=2024-10-04 01:05:00+00:00
[2024-10-04T01:05:29.423+0000] {processor.py:208} INFO - Processing /home/airflow/.local/lib/python3.12/site-packages/airflow/example_dags/example_branch_python_dop_operator_3.py took 0.077 seconds
[2024-10-04T01:05:59.780+0000] {processor.py:186} INFO - Started process (PID=254) to work on /home/airflow/.local/lib/python3.12/site-packages/airflow/example_dags/example_branch_python_dop_operator_3.py
[2024-10-04T01:05:59.780+0000] {processor.py:914} INFO - Processing file /home/airflow/.local/lib/python3.12/site-packages/airflow/example_dags/example_branch_python_dop_operator_3.py for tasks to queue
[2024-10-04T01:05:59.781+0000] {logging_mixin.py:190} INFO - [2024-10-04T01:05:59.781+0000] {dagbag.py:588} INFO - Filling up the DagBag from /home/airflow/.local/lib/python3.12/site-packages/airflow/example_dags/example_branch_python_dop_operator_3.py
[2024-10-04T01:05:59.786+0000] {processor.py:925} INFO - DAG(s) 'example_branch_dop_operator_v3' retrieved from /home/airflow/.local/lib/python3.12/site-packages/airflow/example_dags/example_branch_python_dop_operator_3.py
[2024-10-04T01:05:59.795+0000] {logging_mixin.py:190} INFO - [2024-10-04T01:05:59.795+0000] {dag.py:3239} INFO - Sync 1 DAGs
[2024-10-04T01:05:59.808+0000] {logging_mixin.py:190} INFO - [2024-10-04T01:05:59.808+0000] {dag.py:4180} INFO - Setting next_dagrun for example_branch_dop_operator_v3 to 2024-10-04 01:04:00+00:00, run_after=2024-10-04 01:05:00+00:00
[2024-10-04T01:05:59.823+0000] {processor.py:208} INFO - Processing /home/airflow/.local/lib/python3.12/site-packages/airflow/example_dags/example_branch_python_dop_operator_3.py took 0.047 seconds
[2024-10-04T01:06:30.356+0000] {processor.py:186} INFO - Started process (PID=326) to work on /home/airflow/.local/lib/python3.12/site-packages/airflow/example_dags/example_branch_python_dop_operator_3.py
[2024-10-04T01:06:30.357+0000] {processor.py:914} INFO - Processing file /home/airflow/.local/lib/python3.12/site-packages/airflow/example_dags/example_branch_python_dop_operator_3.py for tasks to queue
[2024-10-04T01:06:30.358+0000] {logging_mixin.py:190} INFO - [2024-10-04T01:06:30.358+0000] {dagbag.py:588} INFO - Filling up the DagBag from /home/airflow/.local/lib/python3.12/site-packages/airflow/example_dags/example_branch_python_dop_operator_3.py
[2024-10-04T01:06:30.364+0000] {processor.py:925} INFO - DAG(s) 'example_branch_dop_operator_v3' retrieved from /home/airflow/.local/lib/python3.12/site-packages/airflow/example_dags/example_branch_python_dop_operator_3.py
[2024-10-04T01:06:30.373+0000] {logging_mixin.py:190} INFO - [2024-10-04T01:06:30.373+0000] {dag.py:3239} INFO - Sync 1 DAGs
[2024-10-04T01:06:30.386+0000] {logging_mixin.py:190} INFO - [2024-10-04T01:06:30.385+0000] {dag.py:4180} INFO - Setting next_dagrun for example_branch_dop_operator_v3 to 2024-10-04 01:05:00+00:00, run_after=2024-10-04 01:06:00+00:00
[2024-10-04T01:06:30.395+0000] {processor.py:208} INFO - Processing /home/airflow/.local/lib/python3.12/site-packages/airflow/example_dags/example_branch_python_dop_operator_3.py took 0.042 seconds
[2024-10-04T01:07:00.590+0000] {processor.py:186} INFO - Started process (PID=398) to work on /home/airflow/.local/lib/python3.12/site-packages/airflow/example_dags/example_branch_python_dop_operator_3.py
[2024-10-04T01:07:00.590+0000] {processor.py:914} INFO - Processing file /home/airflow/.local/lib/python3.12/site-packages/airflow/example_dags/example_branch_python_dop_operator_3.py for tasks to queue
[2024-10-04T01:07:00.592+0000] {logging_mixin.py:190} INFO - [2024-10-04T01:07:00.591+0000] {dagbag.py:588} INFO - Filling up the DagBag from /home/airflow/.local/lib/python3.12/site-packages/airflow/example_dags/example_branch_python_dop_operator_3.py
[2024-10-04T01:07:00.599+0000] {processor.py:925} INFO - DAG(s) 'example_branch_dop_operator_v3' retrieved from /home/airflow/.local/lib/python3.12/site-packages/airflow/example_dags/example_branch_python_dop_operator_3.py
[2024-10-04T01:07:00.611+0000] {logging_mixin.py:190} INFO - [2024-10-04T01:07:00.611+0000] {dag.py:3239} INFO - Sync 1 DAGs
[2024-10-04T01:07:00.625+0000] {logging_mixin.py:190} INFO - [2024-10-04T01:07:00.625+0000] {dag.py:4180} INFO - Setting next_dagrun for example_branch_dop_operator_v3 to 2024-10-04 01:06:00+00:00, run_after=2024-10-04 01:07:00+00:00
[2024-10-04T01:07:00.636+0000] {processor.py:208} INFO - Processing /home/airflow/.local/lib/python3.12/site-packages/airflow/example_dags/example_branch_python_dop_operator_3.py took 0.050 seconds
[2024-10-04T01:07:30.783+0000] {processor.py:186} INFO - Started process (PID=470) to work on /home/airflow/.local/lib/python3.12/site-packages/airflow/example_dags/example_branch_python_dop_operator_3.py
[2024-10-04T01:07:30.783+0000] {processor.py:914} INFO - Processing file /home/airflow/.local/lib/python3.12/site-packages/airflow/example_dags/example_branch_python_dop_operator_3.py for tasks to queue
[2024-10-04T01:07:30.784+0000] {logging_mixin.py:190} INFO - [2024-10-04T01:07:30.784+0000] {dagbag.py:588} INFO - Filling up the DagBag from /home/airflow/.local/lib/python3.12/site-packages/airflow/example_dags/example_branch_python_dop_operator_3.py
[2024-10-04T01:07:30.789+0000] {processor.py:925} INFO - DAG(s) 'example_branch_dop_operator_v3' retrieved from /home/airflow/.local/lib/python3.12/site-packages/airflow/example_dags/example_branch_python_dop_operator_3.py
[2024-10-04T01:07:30.799+0000] {logging_mixin.py:190} INFO - [2024-10-04T01:07:30.799+0000] {dag.py:3239} INFO - Sync 1 DAGs
[2024-10-04T01:07:30.812+0000] {logging_mixin.py:190} INFO - [2024-10-04T01:07:30.811+0000] {dag.py:4180} INFO - Setting next_dagrun for example_branch_dop_operator_v3 to 2024-10-04 01:06:00+00:00, run_after=2024-10-04 01:07:00+00:00
[2024-10-04T01:07:30.822+0000] {processor.py:208} INFO - Processing /home/airflow/.local/lib/python3.12/site-packages/airflow/example_dags/example_branch_python_dop_operator_3.py took 0.042 seconds
[2024-10-04T01:08:00.969+0000] {processor.py:186} INFO - Started process (PID=542) to work on /home/airflow/.local/lib/python3.12/site-packages/airflow/example_dags/example_branch_python_dop_operator_3.py
[2024-10-04T01:08:00.970+0000] {processor.py:914} INFO - Processing file /home/airflow/.local/lib/python3.12/site-packages/airflow/example_dags/example_branch_python_dop_operator_3.py for tasks to queue
[2024-10-04T01:08:00.971+0000] {logging_mixin.py:190} INFO - [2024-10-04T01:08:00.971+0000] {dagbag.py:588} INFO - Filling up the DagBag from /home/airflow/.local/lib/python3.12/site-packages/airflow/example_dags/example_branch_python_dop_operator_3.py
[2024-10-04T01:08:00.977+0000] {processor.py:925} INFO - DAG(s) 'example_branch_dop_operator_v3' retrieved from /home/airflow/.local/lib/python3.12/site-packages/airflow/example_dags/example_branch_python_dop_operator_3.py
[2024-10-04T01:08:00.986+0000] {logging_mixin.py:190} INFO - [2024-10-04T01:08:00.986+0000] {dag.py:3239} INFO - Sync 1 DAGs
[2024-10-04T01:08:00.998+0000] {logging_mixin.py:190} INFO - [2024-10-04T01:08:00.998+0000] {dag.py:4180} INFO - Setting next_dagrun for example_branch_dop_operator_v3 to 2024-10-04 01:07:00+00:00, run_after=2024-10-04 01:08:00+00:00
[2024-10-04T01:08:01.007+0000] {processor.py:208} INFO - Processing /home/airflow/.local/lib/python3.12/site-packages/airflow/example_dags/example_branch_python_dop_operator_3.py took 0.040 seconds
[2024-10-04T01:08:31.148+0000] {processor.py:186} INFO - Started process (PID=614) to work on /home/airflow/.local/lib/python3.12/site-packages/airflow/example_dags/example_branch_python_dop_operator_3.py
[2024-10-04T01:08:31.149+0000] {processor.py:914} INFO - Processing file /home/airflow/.local/lib/python3.12/site-packages/airflow/example_dags/example_branch_python_dop_operator_3.py for tasks to queue
[2024-10-04T01:08:31.150+0000] {logging_mixin.py:190} INFO - [2024-10-04T01:08:31.149+0000] {dagbag.py:588} INFO - Filling up the DagBag from /home/airflow/.local/lib/python3.12/site-packages/airflow/example_dags/example_branch_python_dop_operator_3.py
[2024-10-04T01:08:31.154+0000] {processor.py:925} INFO - DAG(s) 'example_branch_dop_operator_v3' retrieved from /home/airflow/.local/lib/python3.12/site-packages/airflow/example_dags/example_branch_python_dop_operator_3.py
[2024-10-04T01:08:31.163+0000] {logging_mixin.py:190} INFO - [2024-10-04T01:08:31.163+0000] {dag.py:3239} INFO - Sync 1 DAGs
[2024-10-04T01:08:31.175+0000] {logging_mixin.py:190} INFO - [2024-10-04T01:08:31.175+0000] {dag.py:4180} INFO - Setting next_dagrun for example_branch_dop_operator_v3 to 2024-10-04 01:07:00+00:00, run_after=2024-10-04 01:08:00+00:00
[2024-10-04T01:08:31.184+0000] {processor.py:208} INFO - Processing /home/airflow/.local/lib/python3.12/site-packages/airflow/example_dags/example_branch_python_dop_operator_3.py took 0.038 seconds
[2024-10-04T01:09:02.254+0000] {processor.py:186} INFO - Started process (PID=692) to work on /home/airflow/.local/lib/python3.12/site-packages/airflow/example_dags/example_branch_python_dop_operator_3.py
[2024-10-04T01:09:02.255+0000] {processor.py:914} INFO - Processing file /home/airflow/.local/lib/python3.12/site-packages/airflow/example_dags/example_branch_python_dop_operator_3.py for tasks to queue
[2024-10-04T01:09:02.256+0000] {logging_mixin.py:190} INFO - [2024-10-04T01:09:02.256+0000] {dagbag.py:588} INFO - Filling up the DagBag from /home/airflow/.local/lib/python3.12/site-packages/airflow/example_dags/example_branch_python_dop_operator_3.py
[2024-10-04T01:09:02.261+0000] {processor.py:925} INFO - DAG(s) 'example_branch_dop_operator_v3' retrieved from /home/airflow/.local/lib/python3.12/site-packages/airflow/example_dags/example_branch_python_dop_operator_3.py
[2024-10-04T01:09:02.269+0000] {logging_mixin.py:190} INFO - [2024-10-04T01:09:02.269+0000] {dag.py:3239} INFO - Sync 1 DAGs
[2024-10-04T01:09:02.280+0000] {logging_mixin.py:190} INFO - [2024-10-04T01:09:02.280+0000] {dag.py:4180} INFO - Setting next_dagrun for example_branch_dop_operator_v3 to 2024-10-04 01:08:00+00:00, run_after=2024-10-04 01:09:00+00:00
[2024-10-04T01:09:02.290+0000] {processor.py:208} INFO - Processing /home/airflow/.local/lib/python3.12/site-packages/airflow/example_dags/example_branch_python_dop_operator_3.py took 0.038 seconds
[2024-10-04T01:09:32.513+0000] {processor.py:186} INFO - Started process (PID=764) to work on /home/airflow/.local/lib/python3.12/site-packages/airflow/example_dags/example_branch_python_dop_operator_3.py
[2024-10-04T01:09:32.514+0000] {processor.py:914} INFO - Processing file /home/airflow/.local/lib/python3.12/site-packages/airflow/example_dags/example_branch_python_dop_operator_3.py for tasks to queue
[2024-10-04T01:09:32.515+0000] {logging_mixin.py:190} INFO - [2024-10-04T01:09:32.515+0000] {dagbag.py:588} INFO - Filling up the DagBag from /home/airflow/.local/lib/python3.12/site-packages/airflow/example_dags/example_branch_python_dop_operator_3.py
[2024-10-04T01:09:32.521+0000] {processor.py:925} INFO - DAG(s) 'example_branch_dop_operator_v3' retrieved from /home/airflow/.local/lib/python3.12/site-packages/airflow/example_dags/example_branch_python_dop_operator_3.py
[2024-10-04T01:09:32.531+0000] {logging_mixin.py:190} INFO - [2024-10-04T01:09:32.530+0000] {dag.py:3239} INFO - Sync 1 DAGs
[2024-10-04T01:09:32.542+0000] {logging_mixin.py:190} INFO - [2024-10-04T01:09:32.542+0000] {dag.py:4180} INFO - Setting next_dagrun for example_branch_dop_operator_v3 to 2024-10-04 01:08:00+00:00, run_after=2024-10-04 01:09:00+00:00
[2024-10-04T01:09:32.551+0000] {processor.py:208} INFO - Processing /home/airflow/.local/lib/python3.12/site-packages/airflow/example_dags/example_branch_python_dop_operator_3.py took 0.042 seconds
