[2024-10-04T01:04:59.128+0000] {processor.py:186} INFO - Started process (PID=114) to work on /home/airflow/.local/lib/python3.12/site-packages/airflow/example_dags/example_dataset_alias_with_no_taskflow.py
[2024-10-04T01:04:59.128+0000] {processor.py:914} INFO - Processing file /home/airflow/.local/lib/python3.12/site-packages/airflow/example_dags/example_dataset_alias_with_no_taskflow.py for tasks to queue
[2024-10-04T01:04:59.129+0000] {logging_mixin.py:190} INFO - [2024-10-04T01:04:59.129+0000] {dagbag.py:588} INFO - Filling up the DagBag from /home/airflow/.local/lib/python3.12/site-packages/airflow/example_dags/example_dataset_alias_with_no_taskflow.py
[2024-10-04T01:04:59.146+0000] {processor.py:925} INFO - DAG(s) 'dataset_alias_example_alias_producer_with_no_taskflow', 'dataset_s3_bucket_producer_with_no_taskflow', 'dataset_s3_bucket_consumer_with_no_taskflow', 'dataset_alias_example_alias_consumer_with_no_taskflow' retrieved from /home/airflow/.local/lib/python3.12/site-packages/airflow/example_dags/example_dataset_alias_with_no_taskflow.py
[2024-10-04T01:04:59.148+0000] {logging_mixin.py:190} INFO - [2024-10-04T01:04:59.148+0000] {dag.py:3239} INFO - Sync 4 DAGs
[2024-10-04T01:04:59.159+0000] {logging_mixin.py:190} INFO - [2024-10-04T01:04:59.159+0000] {dag.py:4180} INFO - Setting next_dagrun for dataset_alias_example_alias_consumer_with_no_taskflow to None, run_after=None
[2024-10-04T01:04:59.161+0000] {logging_mixin.py:190} INFO - [2024-10-04T01:04:59.161+0000] {dag.py:4180} INFO - Setting next_dagrun for dataset_alias_example_alias_producer_with_no_taskflow to None, run_after=None
[2024-10-04T01:04:59.161+0000] {logging_mixin.py:190} INFO - [2024-10-04T01:04:59.161+0000] {dag.py:4180} INFO - Setting next_dagrun for dataset_s3_bucket_consumer_with_no_taskflow to None, run_after=None
[2024-10-04T01:04:59.162+0000] {logging_mixin.py:190} INFO - [2024-10-04T01:04:59.162+0000] {dag.py:4180} INFO - Setting next_dagrun for dataset_s3_bucket_producer_with_no_taskflow to None, run_after=None
[2024-10-04T01:04:59.173+0000] {processor.py:208} INFO - Processing /home/airflow/.local/lib/python3.12/site-packages/airflow/example_dags/example_dataset_alias_with_no_taskflow.py took 0.049 seconds
[2024-10-04T01:05:29.662+0000] {processor.py:186} INFO - Started process (PID=186) to work on /home/airflow/.local/lib/python3.12/site-packages/airflow/example_dags/example_dataset_alias_with_no_taskflow.py
[2024-10-04T01:05:29.663+0000] {processor.py:914} INFO - Processing file /home/airflow/.local/lib/python3.12/site-packages/airflow/example_dags/example_dataset_alias_with_no_taskflow.py for tasks to queue
[2024-10-04T01:05:29.664+0000] {logging_mixin.py:190} INFO - [2024-10-04T01:05:29.664+0000] {dagbag.py:588} INFO - Filling up the DagBag from /home/airflow/.local/lib/python3.12/site-packages/airflow/example_dags/example_dataset_alias_with_no_taskflow.py
[2024-10-04T01:05:29.679+0000] {processor.py:925} INFO - DAG(s) 'dataset_alias_example_alias_producer_with_no_taskflow', 'dataset_alias_example_alias_consumer_with_no_taskflow', 'dataset_s3_bucket_producer_with_no_taskflow', 'dataset_s3_bucket_consumer_with_no_taskflow' retrieved from /home/airflow/.local/lib/python3.12/site-packages/airflow/example_dags/example_dataset_alias_with_no_taskflow.py
[2024-10-04T01:05:29.742+0000] {logging_mixin.py:190} INFO - [2024-10-04T01:05:29.742+0000] {dag.py:3239} INFO - Sync 4 DAGs
[2024-10-04T01:05:29.752+0000] {logging_mixin.py:190} INFO - [2024-10-04T01:05:29.752+0000] {dag.py:4180} INFO - Setting next_dagrun for dataset_alias_example_alias_consumer_with_no_taskflow to None, run_after=None
[2024-10-04T01:05:29.753+0000] {logging_mixin.py:190} INFO - [2024-10-04T01:05:29.753+0000] {dag.py:4180} INFO - Setting next_dagrun for dataset_alias_example_alias_producer_with_no_taskflow to None, run_after=None
[2024-10-04T01:05:29.753+0000] {logging_mixin.py:190} INFO - [2024-10-04T01:05:29.753+0000] {dag.py:4180} INFO - Setting next_dagrun for dataset_s3_bucket_consumer_with_no_taskflow to None, run_after=None
[2024-10-04T01:05:29.754+0000] {logging_mixin.py:190} INFO - [2024-10-04T01:05:29.754+0000] {dag.py:4180} INFO - Setting next_dagrun for dataset_s3_bucket_producer_with_no_taskflow to None, run_after=None
[2024-10-04T01:05:29.765+0000] {processor.py:208} INFO - Processing /home/airflow/.local/lib/python3.12/site-packages/airflow/example_dags/example_dataset_alias_with_no_taskflow.py took 0.106 seconds
[2024-10-04T01:05:59.919+0000] {processor.py:186} INFO - Started process (PID=258) to work on /home/airflow/.local/lib/python3.12/site-packages/airflow/example_dags/example_dataset_alias_with_no_taskflow.py
[2024-10-04T01:05:59.920+0000] {processor.py:914} INFO - Processing file /home/airflow/.local/lib/python3.12/site-packages/airflow/example_dags/example_dataset_alias_with_no_taskflow.py for tasks to queue
[2024-10-04T01:05:59.921+0000] {logging_mixin.py:190} INFO - [2024-10-04T01:05:59.921+0000] {dagbag.py:588} INFO - Filling up the DagBag from /home/airflow/.local/lib/python3.12/site-packages/airflow/example_dags/example_dataset_alias_with_no_taskflow.py
[2024-10-04T01:05:59.935+0000] {processor.py:925} INFO - DAG(s) 'dataset_alias_example_alias_consumer_with_no_taskflow', 'dataset_s3_bucket_consumer_with_no_taskflow', 'dataset_s3_bucket_producer_with_no_taskflow', 'dataset_alias_example_alias_producer_with_no_taskflow' retrieved from /home/airflow/.local/lib/python3.12/site-packages/airflow/example_dags/example_dataset_alias_with_no_taskflow.py
[2024-10-04T01:05:59.944+0000] {logging_mixin.py:190} INFO - [2024-10-04T01:05:59.944+0000] {dag.py:3239} INFO - Sync 4 DAGs
[2024-10-04T01:05:59.954+0000] {logging_mixin.py:190} INFO - [2024-10-04T01:05:59.954+0000] {dag.py:4180} INFO - Setting next_dagrun for dataset_alias_example_alias_consumer_with_no_taskflow to None, run_after=None
[2024-10-04T01:05:59.955+0000] {logging_mixin.py:190} INFO - [2024-10-04T01:05:59.955+0000] {dag.py:4180} INFO - Setting next_dagrun for dataset_alias_example_alias_producer_with_no_taskflow to None, run_after=None
[2024-10-04T01:05:59.955+0000] {logging_mixin.py:190} INFO - [2024-10-04T01:05:59.955+0000] {dag.py:4180} INFO - Setting next_dagrun for dataset_s3_bucket_consumer_with_no_taskflow to None, run_after=None
[2024-10-04T01:05:59.956+0000] {logging_mixin.py:190} INFO - [2024-10-04T01:05:59.956+0000] {dag.py:4180} INFO - Setting next_dagrun for dataset_s3_bucket_producer_with_no_taskflow to None, run_after=None
[2024-10-04T01:05:59.966+0000] {processor.py:208} INFO - Processing /home/airflow/.local/lib/python3.12/site-packages/airflow/example_dags/example_dataset_alias_with_no_taskflow.py took 0.049 seconds
[2024-10-04T01:06:30.493+0000] {processor.py:186} INFO - Started process (PID=330) to work on /home/airflow/.local/lib/python3.12/site-packages/airflow/example_dags/example_dataset_alias_with_no_taskflow.py
[2024-10-04T01:06:30.494+0000] {processor.py:914} INFO - Processing file /home/airflow/.local/lib/python3.12/site-packages/airflow/example_dags/example_dataset_alias_with_no_taskflow.py for tasks to queue
[2024-10-04T01:06:30.495+0000] {logging_mixin.py:190} INFO - [2024-10-04T01:06:30.495+0000] {dagbag.py:588} INFO - Filling up the DagBag from /home/airflow/.local/lib/python3.12/site-packages/airflow/example_dags/example_dataset_alias_with_no_taskflow.py
[2024-10-04T01:06:30.508+0000] {processor.py:925} INFO - DAG(s) 'dataset_alias_example_alias_producer_with_no_taskflow', 'dataset_s3_bucket_consumer_with_no_taskflow', 'dataset_alias_example_alias_consumer_with_no_taskflow', 'dataset_s3_bucket_producer_with_no_taskflow' retrieved from /home/airflow/.local/lib/python3.12/site-packages/airflow/example_dags/example_dataset_alias_with_no_taskflow.py
[2024-10-04T01:06:30.518+0000] {logging_mixin.py:190} INFO - [2024-10-04T01:06:30.518+0000] {dag.py:3239} INFO - Sync 4 DAGs
[2024-10-04T01:06:30.529+0000] {logging_mixin.py:190} INFO - [2024-10-04T01:06:30.529+0000] {dag.py:4180} INFO - Setting next_dagrun for dataset_alias_example_alias_consumer_with_no_taskflow to None, run_after=None
[2024-10-04T01:06:30.530+0000] {logging_mixin.py:190} INFO - [2024-10-04T01:06:30.530+0000] {dag.py:4180} INFO - Setting next_dagrun for dataset_alias_example_alias_producer_with_no_taskflow to None, run_after=None
[2024-10-04T01:06:30.530+0000] {logging_mixin.py:190} INFO - [2024-10-04T01:06:30.530+0000] {dag.py:4180} INFO - Setting next_dagrun for dataset_s3_bucket_consumer_with_no_taskflow to None, run_after=None
[2024-10-04T01:06:30.531+0000] {logging_mixin.py:190} INFO - [2024-10-04T01:06:30.531+0000] {dag.py:4180} INFO - Setting next_dagrun for dataset_s3_bucket_producer_with_no_taskflow to None, run_after=None
[2024-10-04T01:06:30.540+0000] {processor.py:208} INFO - Processing /home/airflow/.local/lib/python3.12/site-packages/airflow/example_dags/example_dataset_alias_with_no_taskflow.py took 0.050 seconds
[2024-10-04T01:07:00.748+0000] {processor.py:186} INFO - Started process (PID=402) to work on /home/airflow/.local/lib/python3.12/site-packages/airflow/example_dags/example_dataset_alias_with_no_taskflow.py
[2024-10-04T01:07:00.749+0000] {processor.py:914} INFO - Processing file /home/airflow/.local/lib/python3.12/site-packages/airflow/example_dags/example_dataset_alias_with_no_taskflow.py for tasks to queue
[2024-10-04T01:07:00.750+0000] {logging_mixin.py:190} INFO - [2024-10-04T01:07:00.750+0000] {dagbag.py:588} INFO - Filling up the DagBag from /home/airflow/.local/lib/python3.12/site-packages/airflow/example_dags/example_dataset_alias_with_no_taskflow.py
[2024-10-04T01:07:00.763+0000] {processor.py:925} INFO - DAG(s) 'dataset_alias_example_alias_consumer_with_no_taskflow', 'dataset_alias_example_alias_producer_with_no_taskflow', 'dataset_s3_bucket_producer_with_no_taskflow', 'dataset_s3_bucket_consumer_with_no_taskflow' retrieved from /home/airflow/.local/lib/python3.12/site-packages/airflow/example_dags/example_dataset_alias_with_no_taskflow.py
[2024-10-04T01:07:00.771+0000] {logging_mixin.py:190} INFO - [2024-10-04T01:07:00.771+0000] {dag.py:3239} INFO - Sync 4 DAGs
[2024-10-04T01:07:00.781+0000] {logging_mixin.py:190} INFO - [2024-10-04T01:07:00.781+0000] {dag.py:4180} INFO - Setting next_dagrun for dataset_alias_example_alias_consumer_with_no_taskflow to None, run_after=None
[2024-10-04T01:07:00.783+0000] {logging_mixin.py:190} INFO - [2024-10-04T01:07:00.783+0000] {dag.py:4180} INFO - Setting next_dagrun for dataset_alias_example_alias_producer_with_no_taskflow to None, run_after=None
[2024-10-04T01:07:00.783+0000] {logging_mixin.py:190} INFO - [2024-10-04T01:07:00.783+0000] {dag.py:4180} INFO - Setting next_dagrun for dataset_s3_bucket_consumer_with_no_taskflow to None, run_after=None
[2024-10-04T01:07:00.783+0000] {logging_mixin.py:190} INFO - [2024-10-04T01:07:00.783+0000] {dag.py:4180} INFO - Setting next_dagrun for dataset_s3_bucket_producer_with_no_taskflow to None, run_after=None
[2024-10-04T01:07:00.796+0000] {processor.py:208} INFO - Processing /home/airflow/.local/lib/python3.12/site-packages/airflow/example_dags/example_dataset_alias_with_no_taskflow.py took 0.050 seconds
[2024-10-04T01:07:30.923+0000] {processor.py:186} INFO - Started process (PID=474) to work on /home/airflow/.local/lib/python3.12/site-packages/airflow/example_dags/example_dataset_alias_with_no_taskflow.py
[2024-10-04T01:07:30.923+0000] {processor.py:914} INFO - Processing file /home/airflow/.local/lib/python3.12/site-packages/airflow/example_dags/example_dataset_alias_with_no_taskflow.py for tasks to queue
[2024-10-04T01:07:30.924+0000] {logging_mixin.py:190} INFO - [2024-10-04T01:07:30.924+0000] {dagbag.py:588} INFO - Filling up the DagBag from /home/airflow/.local/lib/python3.12/site-packages/airflow/example_dags/example_dataset_alias_with_no_taskflow.py
[2024-10-04T01:07:30.944+0000] {processor.py:925} INFO - DAG(s) 'dataset_s3_bucket_consumer_with_no_taskflow', 'dataset_alias_example_alias_consumer_with_no_taskflow', 'dataset_s3_bucket_producer_with_no_taskflow', 'dataset_alias_example_alias_producer_with_no_taskflow' retrieved from /home/airflow/.local/lib/python3.12/site-packages/airflow/example_dags/example_dataset_alias_with_no_taskflow.py
[2024-10-04T01:07:30.953+0000] {logging_mixin.py:190} INFO - [2024-10-04T01:07:30.953+0000] {dag.py:3239} INFO - Sync 4 DAGs
[2024-10-04T01:07:30.964+0000] {logging_mixin.py:190} INFO - [2024-10-04T01:07:30.964+0000] {dag.py:4180} INFO - Setting next_dagrun for dataset_alias_example_alias_consumer_with_no_taskflow to None, run_after=None
[2024-10-04T01:07:30.965+0000] {logging_mixin.py:190} INFO - [2024-10-04T01:07:30.965+0000] {dag.py:4180} INFO - Setting next_dagrun for dataset_alias_example_alias_producer_with_no_taskflow to None, run_after=None
[2024-10-04T01:07:30.966+0000] {logging_mixin.py:190} INFO - [2024-10-04T01:07:30.966+0000] {dag.py:4180} INFO - Setting next_dagrun for dataset_s3_bucket_consumer_with_no_taskflow to None, run_after=None
[2024-10-04T01:07:30.966+0000] {logging_mixin.py:190} INFO - [2024-10-04T01:07:30.966+0000] {dag.py:4180} INFO - Setting next_dagrun for dataset_s3_bucket_producer_with_no_taskflow to None, run_after=None
[2024-10-04T01:07:30.976+0000] {processor.py:208} INFO - Processing /home/airflow/.local/lib/python3.12/site-packages/airflow/example_dags/example_dataset_alias_with_no_taskflow.py took 0.057 seconds
[2024-10-04T01:08:01.107+0000] {processor.py:186} INFO - Started process (PID=546) to work on /home/airflow/.local/lib/python3.12/site-packages/airflow/example_dags/example_dataset_alias_with_no_taskflow.py
[2024-10-04T01:08:01.108+0000] {processor.py:914} INFO - Processing file /home/airflow/.local/lib/python3.12/site-packages/airflow/example_dags/example_dataset_alias_with_no_taskflow.py for tasks to queue
[2024-10-04T01:08:01.109+0000] {logging_mixin.py:190} INFO - [2024-10-04T01:08:01.109+0000] {dagbag.py:588} INFO - Filling up the DagBag from /home/airflow/.local/lib/python3.12/site-packages/airflow/example_dags/example_dataset_alias_with_no_taskflow.py
[2024-10-04T01:08:01.124+0000] {processor.py:925} INFO - DAG(s) 'dataset_s3_bucket_consumer_with_no_taskflow', 'dataset_alias_example_alias_producer_with_no_taskflow', 'dataset_s3_bucket_producer_with_no_taskflow', 'dataset_alias_example_alias_consumer_with_no_taskflow' retrieved from /home/airflow/.local/lib/python3.12/site-packages/airflow/example_dags/example_dataset_alias_with_no_taskflow.py
[2024-10-04T01:08:01.132+0000] {logging_mixin.py:190} INFO - [2024-10-04T01:08:01.132+0000] {dag.py:3239} INFO - Sync 4 DAGs
[2024-10-04T01:08:01.142+0000] {logging_mixin.py:190} INFO - [2024-10-04T01:08:01.142+0000] {dag.py:4180} INFO - Setting next_dagrun for dataset_alias_example_alias_consumer_with_no_taskflow to None, run_after=None
[2024-10-04T01:08:01.143+0000] {logging_mixin.py:190} INFO - [2024-10-04T01:08:01.143+0000] {dag.py:4180} INFO - Setting next_dagrun for dataset_alias_example_alias_producer_with_no_taskflow to None, run_after=None
[2024-10-04T01:08:01.144+0000] {logging_mixin.py:190} INFO - [2024-10-04T01:08:01.144+0000] {dag.py:4180} INFO - Setting next_dagrun for dataset_s3_bucket_consumer_with_no_taskflow to None, run_after=None
[2024-10-04T01:08:01.144+0000] {logging_mixin.py:190} INFO - [2024-10-04T01:08:01.144+0000] {dag.py:4180} INFO - Setting next_dagrun for dataset_s3_bucket_producer_with_no_taskflow to None, run_after=None
[2024-10-04T01:08:01.153+0000] {processor.py:208} INFO - Processing /home/airflow/.local/lib/python3.12/site-packages/airflow/example_dags/example_dataset_alias_with_no_taskflow.py took 0.049 seconds
[2024-10-04T01:08:31.281+0000] {processor.py:186} INFO - Started process (PID=618) to work on /home/airflow/.local/lib/python3.12/site-packages/airflow/example_dags/example_dataset_alias_with_no_taskflow.py
[2024-10-04T01:08:31.281+0000] {processor.py:914} INFO - Processing file /home/airflow/.local/lib/python3.12/site-packages/airflow/example_dags/example_dataset_alias_with_no_taskflow.py for tasks to queue
[2024-10-04T01:08:31.282+0000] {logging_mixin.py:190} INFO - [2024-10-04T01:08:31.282+0000] {dagbag.py:588} INFO - Filling up the DagBag from /home/airflow/.local/lib/python3.12/site-packages/airflow/example_dags/example_dataset_alias_with_no_taskflow.py
[2024-10-04T01:08:31.296+0000] {processor.py:925} INFO - DAG(s) 'dataset_s3_bucket_producer_with_no_taskflow', 'dataset_alias_example_alias_consumer_with_no_taskflow', 'dataset_s3_bucket_consumer_with_no_taskflow', 'dataset_alias_example_alias_producer_with_no_taskflow' retrieved from /home/airflow/.local/lib/python3.12/site-packages/airflow/example_dags/example_dataset_alias_with_no_taskflow.py
[2024-10-04T01:08:31.304+0000] {logging_mixin.py:190} INFO - [2024-10-04T01:08:31.304+0000] {dag.py:3239} INFO - Sync 4 DAGs
[2024-10-04T01:08:31.314+0000] {logging_mixin.py:190} INFO - [2024-10-04T01:08:31.313+0000] {dag.py:4180} INFO - Setting next_dagrun for dataset_alias_example_alias_consumer_with_no_taskflow to None, run_after=None
[2024-10-04T01:08:31.315+0000] {logging_mixin.py:190} INFO - [2024-10-04T01:08:31.315+0000] {dag.py:4180} INFO - Setting next_dagrun for dataset_alias_example_alias_producer_with_no_taskflow to None, run_after=None
[2024-10-04T01:08:31.316+0000] {logging_mixin.py:190} INFO - [2024-10-04T01:08:31.316+0000] {dag.py:4180} INFO - Setting next_dagrun for dataset_s3_bucket_consumer_with_no_taskflow to None, run_after=None
[2024-10-04T01:08:31.316+0000] {logging_mixin.py:190} INFO - [2024-10-04T01:08:31.316+0000] {dag.py:4180} INFO - Setting next_dagrun for dataset_s3_bucket_producer_with_no_taskflow to None, run_after=None
[2024-10-04T01:08:31.325+0000] {processor.py:208} INFO - Processing /home/airflow/.local/lib/python3.12/site-packages/airflow/example_dags/example_dataset_alias_with_no_taskflow.py took 0.047 seconds
[2024-10-04T01:09:02.398+0000] {processor.py:186} INFO - Started process (PID=696) to work on /home/airflow/.local/lib/python3.12/site-packages/airflow/example_dags/example_dataset_alias_with_no_taskflow.py
[2024-10-04T01:09:02.398+0000] {processor.py:914} INFO - Processing file /home/airflow/.local/lib/python3.12/site-packages/airflow/example_dags/example_dataset_alias_with_no_taskflow.py for tasks to queue
[2024-10-04T01:09:02.400+0000] {logging_mixin.py:190} INFO - [2024-10-04T01:09:02.400+0000] {dagbag.py:588} INFO - Filling up the DagBag from /home/airflow/.local/lib/python3.12/site-packages/airflow/example_dags/example_dataset_alias_with_no_taskflow.py
[2024-10-04T01:09:02.416+0000] {processor.py:925} INFO - DAG(s) 'dataset_s3_bucket_consumer_with_no_taskflow', 'dataset_s3_bucket_producer_with_no_taskflow', 'dataset_alias_example_alias_producer_with_no_taskflow', 'dataset_alias_example_alias_consumer_with_no_taskflow' retrieved from /home/airflow/.local/lib/python3.12/site-packages/airflow/example_dags/example_dataset_alias_with_no_taskflow.py
[2024-10-04T01:09:02.434+0000] {logging_mixin.py:190} INFO - [2024-10-04T01:09:02.433+0000] {dag.py:3239} INFO - Sync 4 DAGs
[2024-10-04T01:09:02.447+0000] {logging_mixin.py:190} INFO - [2024-10-04T01:09:02.447+0000] {dag.py:4180} INFO - Setting next_dagrun for dataset_alias_example_alias_consumer_with_no_taskflow to None, run_after=None
[2024-10-04T01:09:02.448+0000] {logging_mixin.py:190} INFO - [2024-10-04T01:09:02.448+0000] {dag.py:4180} INFO - Setting next_dagrun for dataset_alias_example_alias_producer_with_no_taskflow to None, run_after=None
[2024-10-04T01:09:02.448+0000] {logging_mixin.py:190} INFO - [2024-10-04T01:09:02.448+0000] {dag.py:4180} INFO - Setting next_dagrun for dataset_s3_bucket_consumer_with_no_taskflow to None, run_after=None
[2024-10-04T01:09:02.449+0000] {logging_mixin.py:190} INFO - [2024-10-04T01:09:02.449+0000] {dag.py:4180} INFO - Setting next_dagrun for dataset_s3_bucket_producer_with_no_taskflow to None, run_after=None
[2024-10-04T01:09:02.462+0000] {processor.py:208} INFO - Processing /home/airflow/.local/lib/python3.12/site-packages/airflow/example_dags/example_dataset_alias_with_no_taskflow.py took 0.068 seconds
[2024-10-04T01:09:32.655+0000] {processor.py:186} INFO - Started process (PID=768) to work on /home/airflow/.local/lib/python3.12/site-packages/airflow/example_dags/example_dataset_alias_with_no_taskflow.py
[2024-10-04T01:09:32.656+0000] {processor.py:914} INFO - Processing file /home/airflow/.local/lib/python3.12/site-packages/airflow/example_dags/example_dataset_alias_with_no_taskflow.py for tasks to queue
[2024-10-04T01:09:32.658+0000] {logging_mixin.py:190} INFO - [2024-10-04T01:09:32.657+0000] {dagbag.py:588} INFO - Filling up the DagBag from /home/airflow/.local/lib/python3.12/site-packages/airflow/example_dags/example_dataset_alias_with_no_taskflow.py
[2024-10-04T01:09:32.672+0000] {processor.py:925} INFO - DAG(s) 'dataset_alias_example_alias_producer_with_no_taskflow', 'dataset_s3_bucket_consumer_with_no_taskflow', 'dataset_alias_example_alias_consumer_with_no_taskflow', 'dataset_s3_bucket_producer_with_no_taskflow' retrieved from /home/airflow/.local/lib/python3.12/site-packages/airflow/example_dags/example_dataset_alias_with_no_taskflow.py
[2024-10-04T01:09:32.682+0000] {logging_mixin.py:190} INFO - [2024-10-04T01:09:32.682+0000] {dag.py:3239} INFO - Sync 4 DAGs
[2024-10-04T01:09:32.693+0000] {logging_mixin.py:190} INFO - [2024-10-04T01:09:32.693+0000] {dag.py:4180} INFO - Setting next_dagrun for dataset_alias_example_alias_consumer_with_no_taskflow to None, run_after=None
[2024-10-04T01:09:32.694+0000] {logging_mixin.py:190} INFO - [2024-10-04T01:09:32.694+0000] {dag.py:4180} INFO - Setting next_dagrun for dataset_alias_example_alias_producer_with_no_taskflow to None, run_after=None
[2024-10-04T01:09:32.695+0000] {logging_mixin.py:190} INFO - [2024-10-04T01:09:32.695+0000] {dag.py:4180} INFO - Setting next_dagrun for dataset_s3_bucket_consumer_with_no_taskflow to None, run_after=None
[2024-10-04T01:09:32.695+0000] {logging_mixin.py:190} INFO - [2024-10-04T01:09:32.695+0000] {dag.py:4180} INFO - Setting next_dagrun for dataset_s3_bucket_producer_with_no_taskflow to None, run_after=None
[2024-10-04T01:09:32.706+0000] {processor.py:208} INFO - Processing /home/airflow/.local/lib/python3.12/site-packages/airflow/example_dags/example_dataset_alias_with_no_taskflow.py took 0.053 seconds
