[2024-10-04T01:04:59.051+0000] {processor.py:186} INFO - Started process (PID=111) to work on /home/airflow/.local/lib/python3.12/site-packages/airflow/example_dags/example_complex.py
[2024-10-04T01:04:59.052+0000] {processor.py:914} INFO - Processing file /home/airflow/.local/lib/python3.12/site-packages/airflow/example_dags/example_complex.py for tasks to queue
[2024-10-04T01:04:59.053+0000] {logging_mixin.py:190} INFO - [2024-10-04T01:04:59.053+0000] {dagbag.py:588} INFO - Filling up the DagBag from /home/airflow/.local/lib/python3.12/site-packages/airflow/example_dags/example_complex.py
[2024-10-04T01:04:59.062+0000] {processor.py:925} INFO - DAG(s) 'example_complex' retrieved from /home/airflow/.local/lib/python3.12/site-packages/airflow/example_dags/example_complex.py
[2024-10-04T01:04:59.069+0000] {logging_mixin.py:190} INFO - [2024-10-04T01:04:59.069+0000] {dag.py:3239} INFO - Sync 1 DAGs
[2024-10-04T01:04:59.076+0000] {logging_mixin.py:190} INFO - [2024-10-04T01:04:59.076+0000] {dag.py:4180} INFO - Setting next_dagrun for example_complex to None, run_after=None
[2024-10-04T01:04:59.086+0000] {processor.py:208} INFO - Processing /home/airflow/.local/lib/python3.12/site-packages/airflow/example_dags/example_complex.py took 0.038 seconds
[2024-10-04T01:05:29.438+0000] {processor.py:186} INFO - Started process (PID=183) to work on /home/airflow/.local/lib/python3.12/site-packages/airflow/example_dags/example_complex.py
[2024-10-04T01:05:29.439+0000] {processor.py:914} INFO - Processing file /home/airflow/.local/lib/python3.12/site-packages/airflow/example_dags/example_complex.py for tasks to queue
[2024-10-04T01:05:29.440+0000] {logging_mixin.py:190} INFO - [2024-10-04T01:05:29.440+0000] {dagbag.py:588} INFO - Filling up the DagBag from /home/airflow/.local/lib/python3.12/site-packages/airflow/example_dags/example_complex.py
[2024-10-04T01:05:29.447+0000] {processor.py:925} INFO - DAG(s) 'example_complex' retrieved from /home/airflow/.local/lib/python3.12/site-packages/airflow/example_dags/example_complex.py
[2024-10-04T01:05:29.509+0000] {logging_mixin.py:190} INFO - [2024-10-04T01:05:29.509+0000] {dag.py:3239} INFO - Sync 1 DAGs
[2024-10-04T01:05:29.516+0000] {logging_mixin.py:190} INFO - [2024-10-04T01:05:29.516+0000] {dag.py:4180} INFO - Setting next_dagrun for example_complex to None, run_after=None
[2024-10-04T01:05:29.530+0000] {processor.py:208} INFO - Processing /home/airflow/.local/lib/python3.12/site-packages/airflow/example_dags/example_complex.py took 0.095 seconds
[2024-10-04T01:05:59.811+0000] {processor.py:186} INFO - Started process (PID=255) to work on /home/airflow/.local/lib/python3.12/site-packages/airflow/example_dags/example_complex.py
[2024-10-04T01:05:59.812+0000] {processor.py:914} INFO - Processing file /home/airflow/.local/lib/python3.12/site-packages/airflow/example_dags/example_complex.py for tasks to queue
[2024-10-04T01:05:59.813+0000] {logging_mixin.py:190} INFO - [2024-10-04T01:05:59.813+0000] {dagbag.py:588} INFO - Filling up the DagBag from /home/airflow/.local/lib/python3.12/site-packages/airflow/example_dags/example_complex.py
[2024-10-04T01:05:59.825+0000] {processor.py:925} INFO - DAG(s) 'example_complex' retrieved from /home/airflow/.local/lib/python3.12/site-packages/airflow/example_dags/example_complex.py
[2024-10-04T01:05:59.839+0000] {logging_mixin.py:190} INFO - [2024-10-04T01:05:59.839+0000] {dag.py:3239} INFO - Sync 1 DAGs
[2024-10-04T01:05:59.846+0000] {logging_mixin.py:190} INFO - [2024-10-04T01:05:59.846+0000] {dag.py:4180} INFO - Setting next_dagrun for example_complex to None, run_after=None
[2024-10-04T01:05:59.854+0000] {processor.py:208} INFO - Processing /home/airflow/.local/lib/python3.12/site-packages/airflow/example_dags/example_complex.py took 0.046 seconds
[2024-10-04T01:06:30.389+0000] {processor.py:186} INFO - Started process (PID=327) to work on /home/airflow/.local/lib/python3.12/site-packages/airflow/example_dags/example_complex.py
[2024-10-04T01:06:30.389+0000] {processor.py:914} INFO - Processing file /home/airflow/.local/lib/python3.12/site-packages/airflow/example_dags/example_complex.py for tasks to queue
[2024-10-04T01:06:30.391+0000] {logging_mixin.py:190} INFO - [2024-10-04T01:06:30.390+0000] {dagbag.py:588} INFO - Filling up the DagBag from /home/airflow/.local/lib/python3.12/site-packages/airflow/example_dags/example_complex.py
[2024-10-04T01:06:30.397+0000] {processor.py:925} INFO - DAG(s) 'example_complex' retrieved from /home/airflow/.local/lib/python3.12/site-packages/airflow/example_dags/example_complex.py
[2024-10-04T01:06:30.411+0000] {logging_mixin.py:190} INFO - [2024-10-04T01:06:30.411+0000] {dag.py:3239} INFO - Sync 1 DAGs
[2024-10-04T01:06:30.417+0000] {logging_mixin.py:190} INFO - [2024-10-04T01:06:30.417+0000] {dag.py:4180} INFO - Setting next_dagrun for example_complex to None, run_after=None
[2024-10-04T01:06:30.431+0000] {processor.py:208} INFO - Processing /home/airflow/.local/lib/python3.12/site-packages/airflow/example_dags/example_complex.py took 0.046 seconds
[2024-10-04T01:07:00.636+0000] {processor.py:186} INFO - Started process (PID=399) to work on /home/airflow/.local/lib/python3.12/site-packages/airflow/example_dags/example_complex.py
[2024-10-04T01:07:00.637+0000] {processor.py:914} INFO - Processing file /home/airflow/.local/lib/python3.12/site-packages/airflow/example_dags/example_complex.py for tasks to queue
[2024-10-04T01:07:00.639+0000] {logging_mixin.py:190} INFO - [2024-10-04T01:07:00.639+0000] {dagbag.py:588} INFO - Filling up the DagBag from /home/airflow/.local/lib/python3.12/site-packages/airflow/example_dags/example_complex.py
[2024-10-04T01:07:00.646+0000] {processor.py:925} INFO - DAG(s) 'example_complex' retrieved from /home/airflow/.local/lib/python3.12/site-packages/airflow/example_dags/example_complex.py
[2024-10-04T01:07:00.661+0000] {logging_mixin.py:190} INFO - [2024-10-04T01:07:00.661+0000] {dag.py:3239} INFO - Sync 1 DAGs
[2024-10-04T01:07:00.670+0000] {logging_mixin.py:190} INFO - [2024-10-04T01:07:00.669+0000] {dag.py:4180} INFO - Setting next_dagrun for example_complex to None, run_after=None
[2024-10-04T01:07:00.680+0000] {processor.py:208} INFO - Processing /home/airflow/.local/lib/python3.12/site-packages/airflow/example_dags/example_complex.py took 0.048 seconds
[2024-10-04T01:07:30.817+0000] {processor.py:186} INFO - Started process (PID=471) to work on /home/airflow/.local/lib/python3.12/site-packages/airflow/example_dags/example_complex.py
[2024-10-04T01:07:30.817+0000] {processor.py:914} INFO - Processing file /home/airflow/.local/lib/python3.12/site-packages/airflow/example_dags/example_complex.py for tasks to queue
[2024-10-04T01:07:30.818+0000] {logging_mixin.py:190} INFO - [2024-10-04T01:07:30.818+0000] {dagbag.py:588} INFO - Filling up the DagBag from /home/airflow/.local/lib/python3.12/site-packages/airflow/example_dags/example_complex.py
[2024-10-04T01:07:30.824+0000] {processor.py:925} INFO - DAG(s) 'example_complex' retrieved from /home/airflow/.local/lib/python3.12/site-packages/airflow/example_dags/example_complex.py
[2024-10-04T01:07:30.839+0000] {logging_mixin.py:190} INFO - [2024-10-04T01:07:30.839+0000] {dag.py:3239} INFO - Sync 1 DAGs
[2024-10-04T01:07:30.846+0000] {logging_mixin.py:190} INFO - [2024-10-04T01:07:30.846+0000] {dag.py:4180} INFO - Setting next_dagrun for example_complex to None, run_after=None
[2024-10-04T01:07:30.855+0000] {processor.py:208} INFO - Processing /home/airflow/.local/lib/python3.12/site-packages/airflow/example_dags/example_complex.py took 0.042 seconds
[2024-10-04T01:08:01.000+0000] {processor.py:186} INFO - Started process (PID=543) to work on /home/airflow/.local/lib/python3.12/site-packages/airflow/example_dags/example_complex.py
[2024-10-04T01:08:01.001+0000] {processor.py:914} INFO - Processing file /home/airflow/.local/lib/python3.12/site-packages/airflow/example_dags/example_complex.py for tasks to queue
[2024-10-04T01:08:01.002+0000] {logging_mixin.py:190} INFO - [2024-10-04T01:08:01.002+0000] {dagbag.py:588} INFO - Filling up the DagBag from /home/airflow/.local/lib/python3.12/site-packages/airflow/example_dags/example_complex.py
[2024-10-04T01:08:01.008+0000] {processor.py:925} INFO - DAG(s) 'example_complex' retrieved from /home/airflow/.local/lib/python3.12/site-packages/airflow/example_dags/example_complex.py
[2024-10-04T01:08:01.022+0000] {logging_mixin.py:190} INFO - [2024-10-04T01:08:01.022+0000] {dag.py:3239} INFO - Sync 1 DAGs
[2024-10-04T01:08:01.029+0000] {logging_mixin.py:190} INFO - [2024-10-04T01:08:01.029+0000] {dag.py:4180} INFO - Setting next_dagrun for example_complex to None, run_after=None
[2024-10-04T01:08:01.040+0000] {processor.py:208} INFO - Processing /home/airflow/.local/lib/python3.12/site-packages/airflow/example_dags/example_complex.py took 0.042 seconds
[2024-10-04T01:08:31.182+0000] {processor.py:186} INFO - Started process (PID=615) to work on /home/airflow/.local/lib/python3.12/site-packages/airflow/example_dags/example_complex.py
[2024-10-04T01:08:31.182+0000] {processor.py:914} INFO - Processing file /home/airflow/.local/lib/python3.12/site-packages/airflow/example_dags/example_complex.py for tasks to queue
[2024-10-04T01:08:31.183+0000] {logging_mixin.py:190} INFO - [2024-10-04T01:08:31.183+0000] {dagbag.py:588} INFO - Filling up the DagBag from /home/airflow/.local/lib/python3.12/site-packages/airflow/example_dags/example_complex.py
[2024-10-04T01:08:31.189+0000] {processor.py:925} INFO - DAG(s) 'example_complex' retrieved from /home/airflow/.local/lib/python3.12/site-packages/airflow/example_dags/example_complex.py
[2024-10-04T01:08:31.202+0000] {logging_mixin.py:190} INFO - [2024-10-04T01:08:31.202+0000] {dag.py:3239} INFO - Sync 1 DAGs
[2024-10-04T01:08:31.209+0000] {logging_mixin.py:190} INFO - [2024-10-04T01:08:31.209+0000] {dag.py:4180} INFO - Setting next_dagrun for example_complex to None, run_after=None
[2024-10-04T01:08:31.218+0000] {processor.py:208} INFO - Processing /home/airflow/.local/lib/python3.12/site-packages/airflow/example_dags/example_complex.py took 0.039 seconds
[2024-10-04T01:09:02.289+0000] {processor.py:186} INFO - Started process (PID=693) to work on /home/airflow/.local/lib/python3.12/site-packages/airflow/example_dags/example_complex.py
[2024-10-04T01:09:02.289+0000] {processor.py:914} INFO - Processing file /home/airflow/.local/lib/python3.12/site-packages/airflow/example_dags/example_complex.py for tasks to queue
[2024-10-04T01:09:02.290+0000] {logging_mixin.py:190} INFO - [2024-10-04T01:09:02.290+0000] {dagbag.py:588} INFO - Filling up the DagBag from /home/airflow/.local/lib/python3.12/site-packages/airflow/example_dags/example_complex.py
[2024-10-04T01:09:02.297+0000] {processor.py:925} INFO - DAG(s) 'example_complex' retrieved from /home/airflow/.local/lib/python3.12/site-packages/airflow/example_dags/example_complex.py
[2024-10-04T01:09:02.310+0000] {logging_mixin.py:190} INFO - [2024-10-04T01:09:02.310+0000] {dag.py:3239} INFO - Sync 1 DAGs
[2024-10-04T01:09:02.317+0000] {logging_mixin.py:190} INFO - [2024-10-04T01:09:02.317+0000] {dag.py:4180} INFO - Setting next_dagrun for example_complex to None, run_after=None
[2024-10-04T01:09:02.327+0000] {processor.py:208} INFO - Processing /home/airflow/.local/lib/python3.12/site-packages/airflow/example_dags/example_complex.py took 0.041 seconds
[2024-10-04T01:09:32.551+0000] {processor.py:186} INFO - Started process (PID=765) to work on /home/airflow/.local/lib/python3.12/site-packages/airflow/example_dags/example_complex.py
[2024-10-04T01:09:32.551+0000] {processor.py:914} INFO - Processing file /home/airflow/.local/lib/python3.12/site-packages/airflow/example_dags/example_complex.py for tasks to queue
[2024-10-04T01:09:32.553+0000] {logging_mixin.py:190} INFO - [2024-10-04T01:09:32.552+0000] {dagbag.py:588} INFO - Filling up the DagBag from /home/airflow/.local/lib/python3.12/site-packages/airflow/example_dags/example_complex.py
[2024-10-04T01:09:32.559+0000] {processor.py:925} INFO - DAG(s) 'example_complex' retrieved from /home/airflow/.local/lib/python3.12/site-packages/airflow/example_dags/example_complex.py
[2024-10-04T01:09:32.573+0000] {logging_mixin.py:190} INFO - [2024-10-04T01:09:32.573+0000] {dag.py:3239} INFO - Sync 1 DAGs
[2024-10-04T01:09:32.580+0000] {logging_mixin.py:190} INFO - [2024-10-04T01:09:32.580+0000] {dag.py:4180} INFO - Setting next_dagrun for example_complex to None, run_after=None
[2024-10-04T01:09:32.590+0000] {processor.py:208} INFO - Processing /home/airflow/.local/lib/python3.12/site-packages/airflow/example_dags/example_complex.py took 0.043 seconds
