[2024-10-04T01:04:59.166+0000] {processor.py:186} INFO - Started process (PID=115) to work on /home/airflow/.local/lib/python3.12/site-packages/airflow/example_dags/example_datasets.py
[2024-10-04T01:04:59.167+0000] {processor.py:914} INFO - Processing file /home/airflow/.local/lib/python3.12/site-packages/airflow/example_dags/example_datasets.py for tasks to queue
[2024-10-04T01:04:59.168+0000] {logging_mixin.py:190} INFO - [2024-10-04T01:04:59.168+0000] {dagbag.py:588} INFO - Filling up the DagBag from /home/airflow/.local/lib/python3.12/site-packages/airflow/example_dags/example_datasets.py
[2024-10-04T01:04:59.178+0000] {processor.py:925} INFO - DAG(s) 'consume_1_or_both_2_and_3_with_dataset_expressions', 'dataset_consumes_1_never_scheduled', 'dataset_consumes_unknown_never_scheduled', 'dataset_consumes_1_and_2', 'dataset_consumes_1', 'consume_1_or_2_with_dataset_expressions', 'dataset_produces_1', 'conditional_dataset_and_time_based_timetable', 'dataset_produces_2', 'consume_1_and_2_with_dataset_expressions' retrieved from /home/airflow/.local/lib/python3.12/site-packages/airflow/example_dags/example_datasets.py
[2024-10-04T01:04:59.185+0000] {logging_mixin.py:190} INFO - [2024-10-04T01:04:59.185+0000] {dag.py:3239} INFO - Sync 10 DAGs
[2024-10-04T01:04:59.198+0000] {logging_mixin.py:190} INFO - [2024-10-04T01:04:59.198+0000] {dag.py:4180} INFO - Setting next_dagrun for conditional_dataset_and_time_based_timetable to 2024-10-02 01:00:00+00:00, run_after=2024-10-02 01:00:00+00:00
[2024-10-04T01:04:59.200+0000] {logging_mixin.py:190} INFO - [2024-10-04T01:04:59.200+0000] {dag.py:4180} INFO - Setting next_dagrun for consume_1_and_2_with_dataset_expressions to None, run_after=None
[2024-10-04T01:04:59.201+0000] {logging_mixin.py:190} INFO - [2024-10-04T01:04:59.201+0000] {dag.py:4180} INFO - Setting next_dagrun for consume_1_or_2_with_dataset_expressions to None, run_after=None
[2024-10-04T01:04:59.201+0000] {logging_mixin.py:190} INFO - [2024-10-04T01:04:59.201+0000] {dag.py:4180} INFO - Setting next_dagrun for consume_1_or_both_2_and_3_with_dataset_expressions to None, run_after=None
[2024-10-04T01:04:59.202+0000] {logging_mixin.py:190} INFO - [2024-10-04T01:04:59.201+0000] {dag.py:4180} INFO - Setting next_dagrun for dataset_consumes_1 to None, run_after=None
[2024-10-04T01:04:59.202+0000] {logging_mixin.py:190} INFO - [2024-10-04T01:04:59.202+0000] {dag.py:4180} INFO - Setting next_dagrun for dataset_consumes_1_and_2 to None, run_after=None
[2024-10-04T01:04:59.202+0000] {logging_mixin.py:190} INFO - [2024-10-04T01:04:59.202+0000] {dag.py:4180} INFO - Setting next_dagrun for dataset_consumes_1_never_scheduled to None, run_after=None
[2024-10-04T01:04:59.203+0000] {logging_mixin.py:190} INFO - [2024-10-04T01:04:59.203+0000] {dag.py:4180} INFO - Setting next_dagrun for dataset_consumes_unknown_never_scheduled to None, run_after=None
[2024-10-04T01:04:59.204+0000] {logging_mixin.py:190} INFO - [2024-10-04T01:04:59.204+0000] {dag.py:4180} INFO - Setting next_dagrun for dataset_produces_1 to 2024-10-03 00:00:00+00:00, run_after=2024-10-04 00:00:00+00:00
[2024-10-04T01:04:59.204+0000] {logging_mixin.py:190} INFO - [2024-10-04T01:04:59.204+0000] {dag.py:4180} INFO - Setting next_dagrun for dataset_produces_2 to None, run_after=None
[2024-10-04T01:04:59.219+0000] {processor.py:208} INFO - Processing /home/airflow/.local/lib/python3.12/site-packages/airflow/example_dags/example_datasets.py took 0.055 seconds
[2024-10-04T01:05:29.666+0000] {processor.py:186} INFO - Started process (PID=187) to work on /home/airflow/.local/lib/python3.12/site-packages/airflow/example_dags/example_datasets.py
[2024-10-04T01:05:29.667+0000] {processor.py:914} INFO - Processing file /home/airflow/.local/lib/python3.12/site-packages/airflow/example_dags/example_datasets.py for tasks to queue
[2024-10-04T01:05:29.668+0000] {logging_mixin.py:190} INFO - [2024-10-04T01:05:29.668+0000] {dagbag.py:588} INFO - Filling up the DagBag from /home/airflow/.local/lib/python3.12/site-packages/airflow/example_dags/example_datasets.py
[2024-10-04T01:05:29.677+0000] {processor.py:925} INFO - DAG(s) 'dataset_consumes_1', 'conditional_dataset_and_time_based_timetable', 'consume_1_and_2_with_dataset_expressions', 'dataset_produces_2', 'consume_1_or_2_with_dataset_expressions', 'dataset_consumes_unknown_never_scheduled', 'dataset_consumes_1_and_2', 'dataset_produces_1', 'dataset_consumes_1_never_scheduled', 'consume_1_or_both_2_and_3_with_dataset_expressions' retrieved from /home/airflow/.local/lib/python3.12/site-packages/airflow/example_dags/example_datasets.py
[2024-10-04T01:05:29.780+0000] {logging_mixin.py:190} INFO - [2024-10-04T01:05:29.780+0000] {dag.py:3239} INFO - Sync 10 DAGs
[2024-10-04T01:05:29.792+0000] {logging_mixin.py:190} INFO - [2024-10-04T01:05:29.792+0000] {dag.py:4180} INFO - Setting next_dagrun for conditional_dataset_and_time_based_timetable to 2024-10-02 01:00:00+00:00, run_after=2024-10-02 01:00:00+00:00
[2024-10-04T01:05:29.793+0000] {logging_mixin.py:190} INFO - [2024-10-04T01:05:29.793+0000] {dag.py:4180} INFO - Setting next_dagrun for consume_1_and_2_with_dataset_expressions to None, run_after=None
[2024-10-04T01:05:29.794+0000] {logging_mixin.py:190} INFO - [2024-10-04T01:05:29.794+0000] {dag.py:4180} INFO - Setting next_dagrun for consume_1_or_2_with_dataset_expressions to None, run_after=None
[2024-10-04T01:05:29.794+0000] {logging_mixin.py:190} INFO - [2024-10-04T01:05:29.794+0000] {dag.py:4180} INFO - Setting next_dagrun for consume_1_or_both_2_and_3_with_dataset_expressions to None, run_after=None
[2024-10-04T01:05:29.794+0000] {logging_mixin.py:190} INFO - [2024-10-04T01:05:29.794+0000] {dag.py:4180} INFO - Setting next_dagrun for dataset_consumes_1 to None, run_after=None
[2024-10-04T01:05:29.795+0000] {logging_mixin.py:190} INFO - [2024-10-04T01:05:29.795+0000] {dag.py:4180} INFO - Setting next_dagrun for dataset_consumes_1_and_2 to None, run_after=None
[2024-10-04T01:05:29.795+0000] {logging_mixin.py:190} INFO - [2024-10-04T01:05:29.795+0000] {dag.py:4180} INFO - Setting next_dagrun for dataset_consumes_1_never_scheduled to None, run_after=None
[2024-10-04T01:05:29.795+0000] {logging_mixin.py:190} INFO - [2024-10-04T01:05:29.795+0000] {dag.py:4180} INFO - Setting next_dagrun for dataset_consumes_unknown_never_scheduled to None, run_after=None
[2024-10-04T01:05:29.796+0000] {logging_mixin.py:190} INFO - [2024-10-04T01:05:29.796+0000] {dag.py:4180} INFO - Setting next_dagrun for dataset_produces_1 to 2024-10-03 00:00:00+00:00, run_after=2024-10-04 00:00:00+00:00
[2024-10-04T01:05:29.796+0000] {logging_mixin.py:190} INFO - [2024-10-04T01:05:29.796+0000] {dag.py:4180} INFO - Setting next_dagrun for dataset_produces_2 to None, run_after=None
[2024-10-04T01:05:29.812+0000] {processor.py:208} INFO - Processing /home/airflow/.local/lib/python3.12/site-packages/airflow/example_dags/example_datasets.py took 0.149 seconds
[2024-10-04T01:05:59.926+0000] {processor.py:186} INFO - Started process (PID=259) to work on /home/airflow/.local/lib/python3.12/site-packages/airflow/example_dags/example_datasets.py
[2024-10-04T01:05:59.927+0000] {processor.py:914} INFO - Processing file /home/airflow/.local/lib/python3.12/site-packages/airflow/example_dags/example_datasets.py for tasks to queue
[2024-10-04T01:05:59.928+0000] {logging_mixin.py:190} INFO - [2024-10-04T01:05:59.928+0000] {dagbag.py:588} INFO - Filling up the DagBag from /home/airflow/.local/lib/python3.12/site-packages/airflow/example_dags/example_datasets.py
[2024-10-04T01:05:59.936+0000] {processor.py:925} INFO - DAG(s) 'consume_1_or_2_with_dataset_expressions', 'dataset_consumes_unknown_never_scheduled', 'dataset_produces_2', 'dataset_produces_1', 'dataset_consumes_1', 'conditional_dataset_and_time_based_timetable', 'dataset_consumes_1_and_2', 'consume_1_or_both_2_and_3_with_dataset_expressions', 'dataset_consumes_1_never_scheduled', 'consume_1_and_2_with_dataset_expressions' retrieved from /home/airflow/.local/lib/python3.12/site-packages/airflow/example_dags/example_datasets.py
[2024-10-04T01:05:59.953+0000] {logging_mixin.py:190} INFO - [2024-10-04T01:05:59.952+0000] {dag.py:3239} INFO - Sync 10 DAGs
[2024-10-04T01:05:59.964+0000] {logging_mixin.py:190} INFO - [2024-10-04T01:05:59.963+0000] {dag.py:4180} INFO - Setting next_dagrun for conditional_dataset_and_time_based_timetable to 2024-10-02 01:00:00+00:00, run_after=2024-10-02 01:00:00+00:00
[2024-10-04T01:05:59.965+0000] {logging_mixin.py:190} INFO - [2024-10-04T01:05:59.965+0000] {dag.py:4180} INFO - Setting next_dagrun for consume_1_and_2_with_dataset_expressions to None, run_after=None
[2024-10-04T01:05:59.965+0000] {logging_mixin.py:190} INFO - [2024-10-04T01:05:59.965+0000] {dag.py:4180} INFO - Setting next_dagrun for consume_1_or_2_with_dataset_expressions to None, run_after=None
[2024-10-04T01:05:59.966+0000] {logging_mixin.py:190} INFO - [2024-10-04T01:05:59.966+0000] {dag.py:4180} INFO - Setting next_dagrun for consume_1_or_both_2_and_3_with_dataset_expressions to None, run_after=None
[2024-10-04T01:05:59.966+0000] {logging_mixin.py:190} INFO - [2024-10-04T01:05:59.966+0000] {dag.py:4180} INFO - Setting next_dagrun for dataset_consumes_1 to None, run_after=None
[2024-10-04T01:05:59.967+0000] {logging_mixin.py:190} INFO - [2024-10-04T01:05:59.967+0000] {dag.py:4180} INFO - Setting next_dagrun for dataset_consumes_1_and_2 to None, run_after=None
[2024-10-04T01:05:59.967+0000] {logging_mixin.py:190} INFO - [2024-10-04T01:05:59.967+0000] {dag.py:4180} INFO - Setting next_dagrun for dataset_consumes_1_never_scheduled to None, run_after=None
[2024-10-04T01:05:59.967+0000] {logging_mixin.py:190} INFO - [2024-10-04T01:05:59.967+0000] {dag.py:4180} INFO - Setting next_dagrun for dataset_consumes_unknown_never_scheduled to None, run_after=None
[2024-10-04T01:05:59.968+0000] {logging_mixin.py:190} INFO - [2024-10-04T01:05:59.968+0000] {dag.py:4180} INFO - Setting next_dagrun for dataset_produces_1 to 2024-10-03 00:00:00+00:00, run_after=2024-10-04 00:00:00+00:00
[2024-10-04T01:05:59.969+0000] {logging_mixin.py:190} INFO - [2024-10-04T01:05:59.969+0000] {dag.py:4180} INFO - Setting next_dagrun for dataset_produces_2 to None, run_after=None
[2024-10-04T01:05:59.982+0000] {processor.py:208} INFO - Processing /home/airflow/.local/lib/python3.12/site-packages/airflow/example_dags/example_datasets.py took 0.059 seconds
[2024-10-04T01:06:30.511+0000] {processor.py:186} INFO - Started process (PID=331) to work on /home/airflow/.local/lib/python3.12/site-packages/airflow/example_dags/example_datasets.py
[2024-10-04T01:06:30.512+0000] {processor.py:914} INFO - Processing file /home/airflow/.local/lib/python3.12/site-packages/airflow/example_dags/example_datasets.py for tasks to queue
[2024-10-04T01:06:30.513+0000] {logging_mixin.py:190} INFO - [2024-10-04T01:06:30.513+0000] {dagbag.py:588} INFO - Filling up the DagBag from /home/airflow/.local/lib/python3.12/site-packages/airflow/example_dags/example_datasets.py
[2024-10-04T01:06:30.521+0000] {processor.py:925} INFO - DAG(s) 'dataset_produces_1', 'dataset_produces_2', 'consume_1_or_2_with_dataset_expressions', 'conditional_dataset_and_time_based_timetable', 'consume_1_and_2_with_dataset_expressions', 'dataset_consumes_1_and_2', 'dataset_consumes_1_never_scheduled', 'dataset_consumes_1', 'dataset_consumes_unknown_never_scheduled', 'consume_1_or_both_2_and_3_with_dataset_expressions' retrieved from /home/airflow/.local/lib/python3.12/site-packages/airflow/example_dags/example_datasets.py
[2024-10-04T01:06:30.538+0000] {logging_mixin.py:190} INFO - [2024-10-04T01:06:30.538+0000] {dag.py:3239} INFO - Sync 10 DAGs
[2024-10-04T01:06:30.550+0000] {logging_mixin.py:190} INFO - [2024-10-04T01:06:30.549+0000] {dag.py:4180} INFO - Setting next_dagrun for conditional_dataset_and_time_based_timetable to 2024-10-02 01:00:00+00:00, run_after=2024-10-02 01:00:00+00:00
[2024-10-04T01:06:30.551+0000] {logging_mixin.py:190} INFO - [2024-10-04T01:06:30.551+0000] {dag.py:4180} INFO - Setting next_dagrun for consume_1_and_2_with_dataset_expressions to None, run_after=None
[2024-10-04T01:06:30.551+0000] {logging_mixin.py:190} INFO - [2024-10-04T01:06:30.551+0000] {dag.py:4180} INFO - Setting next_dagrun for consume_1_or_2_with_dataset_expressions to None, run_after=None
[2024-10-04T01:06:30.552+0000] {logging_mixin.py:190} INFO - [2024-10-04T01:06:30.552+0000] {dag.py:4180} INFO - Setting next_dagrun for consume_1_or_both_2_and_3_with_dataset_expressions to None, run_after=None
[2024-10-04T01:06:30.552+0000] {logging_mixin.py:190} INFO - [2024-10-04T01:06:30.552+0000] {dag.py:4180} INFO - Setting next_dagrun for dataset_consumes_1 to None, run_after=None
[2024-10-04T01:06:30.553+0000] {logging_mixin.py:190} INFO - [2024-10-04T01:06:30.552+0000] {dag.py:4180} INFO - Setting next_dagrun for dataset_consumes_1_and_2 to None, run_after=None
[2024-10-04T01:06:30.553+0000] {logging_mixin.py:190} INFO - [2024-10-04T01:06:30.553+0000] {dag.py:4180} INFO - Setting next_dagrun for dataset_consumes_1_never_scheduled to None, run_after=None
[2024-10-04T01:06:30.553+0000] {logging_mixin.py:190} INFO - [2024-10-04T01:06:30.553+0000] {dag.py:4180} INFO - Setting next_dagrun for dataset_consumes_unknown_never_scheduled to None, run_after=None
[2024-10-04T01:06:30.554+0000] {logging_mixin.py:190} INFO - [2024-10-04T01:06:30.554+0000] {dag.py:4180} INFO - Setting next_dagrun for dataset_produces_1 to 2024-10-03 00:00:00+00:00, run_after=2024-10-04 00:00:00+00:00
[2024-10-04T01:06:30.554+0000] {logging_mixin.py:190} INFO - [2024-10-04T01:06:30.554+0000] {dag.py:4180} INFO - Setting next_dagrun for dataset_produces_2 to None, run_after=None
[2024-10-04T01:06:30.569+0000] {processor.py:208} INFO - Processing /home/airflow/.local/lib/python3.12/site-packages/airflow/example_dags/example_datasets.py took 0.061 seconds
[2024-10-04T01:07:00.762+0000] {processor.py:186} INFO - Started process (PID=403) to work on /home/airflow/.local/lib/python3.12/site-packages/airflow/example_dags/example_datasets.py
[2024-10-04T01:07:00.762+0000] {processor.py:914} INFO - Processing file /home/airflow/.local/lib/python3.12/site-packages/airflow/example_dags/example_datasets.py for tasks to queue
[2024-10-04T01:07:00.763+0000] {logging_mixin.py:190} INFO - [2024-10-04T01:07:00.763+0000] {dagbag.py:588} INFO - Filling up the DagBag from /home/airflow/.local/lib/python3.12/site-packages/airflow/example_dags/example_datasets.py
[2024-10-04T01:07:00.771+0000] {processor.py:925} INFO - DAG(s) 'dataset_consumes_1', 'dataset_consumes_unknown_never_scheduled', 'dataset_produces_2', 'dataset_consumes_1_and_2', 'dataset_produces_1', 'consume_1_or_both_2_and_3_with_dataset_expressions', 'dataset_consumes_1_never_scheduled', 'consume_1_and_2_with_dataset_expressions', 'conditional_dataset_and_time_based_timetable', 'consume_1_or_2_with_dataset_expressions' retrieved from /home/airflow/.local/lib/python3.12/site-packages/airflow/example_dags/example_datasets.py
[2024-10-04T01:07:00.789+0000] {logging_mixin.py:190} INFO - [2024-10-04T01:07:00.789+0000] {dag.py:3239} INFO - Sync 10 DAGs
[2024-10-04T01:07:00.802+0000] {logging_mixin.py:190} INFO - [2024-10-04T01:07:00.802+0000] {dag.py:4180} INFO - Setting next_dagrun for conditional_dataset_and_time_based_timetable to 2024-10-02 01:00:00+00:00, run_after=2024-10-02 01:00:00+00:00
[2024-10-04T01:07:00.804+0000] {logging_mixin.py:190} INFO - [2024-10-04T01:07:00.804+0000] {dag.py:4180} INFO - Setting next_dagrun for consume_1_and_2_with_dataset_expressions to None, run_after=None
[2024-10-04T01:07:00.804+0000] {logging_mixin.py:190} INFO - [2024-10-04T01:07:00.804+0000] {dag.py:4180} INFO - Setting next_dagrun for consume_1_or_2_with_dataset_expressions to None, run_after=None
[2024-10-04T01:07:00.805+0000] {logging_mixin.py:190} INFO - [2024-10-04T01:07:00.805+0000] {dag.py:4180} INFO - Setting next_dagrun for consume_1_or_both_2_and_3_with_dataset_expressions to None, run_after=None
[2024-10-04T01:07:00.805+0000] {logging_mixin.py:190} INFO - [2024-10-04T01:07:00.805+0000] {dag.py:4180} INFO - Setting next_dagrun for dataset_consumes_1 to None, run_after=None
[2024-10-04T01:07:00.805+0000] {logging_mixin.py:190} INFO - [2024-10-04T01:07:00.805+0000] {dag.py:4180} INFO - Setting next_dagrun for dataset_consumes_1_and_2 to None, run_after=None
[2024-10-04T01:07:00.806+0000] {logging_mixin.py:190} INFO - [2024-10-04T01:07:00.806+0000] {dag.py:4180} INFO - Setting next_dagrun for dataset_consumes_1_never_scheduled to None, run_after=None
[2024-10-04T01:07:00.806+0000] {logging_mixin.py:190} INFO - [2024-10-04T01:07:00.806+0000] {dag.py:4180} INFO - Setting next_dagrun for dataset_consumes_unknown_never_scheduled to None, run_after=None
[2024-10-04T01:07:00.807+0000] {logging_mixin.py:190} INFO - [2024-10-04T01:07:00.807+0000] {dag.py:4180} INFO - Setting next_dagrun for dataset_produces_1 to 2024-10-03 00:00:00+00:00, run_after=2024-10-04 00:00:00+00:00
[2024-10-04T01:07:00.807+0000] {logging_mixin.py:190} INFO - [2024-10-04T01:07:00.807+0000] {dag.py:4180} INFO - Setting next_dagrun for dataset_produces_2 to None, run_after=None
[2024-10-04T01:07:00.822+0000] {processor.py:208} INFO - Processing /home/airflow/.local/lib/python3.12/site-packages/airflow/example_dags/example_datasets.py took 0.063 seconds
[2024-10-04T01:07:30.934+0000] {processor.py:186} INFO - Started process (PID=475) to work on /home/airflow/.local/lib/python3.12/site-packages/airflow/example_dags/example_datasets.py
[2024-10-04T01:07:30.934+0000] {processor.py:914} INFO - Processing file /home/airflow/.local/lib/python3.12/site-packages/airflow/example_dags/example_datasets.py for tasks to queue
[2024-10-04T01:07:30.935+0000] {logging_mixin.py:190} INFO - [2024-10-04T01:07:30.935+0000] {dagbag.py:588} INFO - Filling up the DagBag from /home/airflow/.local/lib/python3.12/site-packages/airflow/example_dags/example_datasets.py
[2024-10-04T01:07:30.944+0000] {processor.py:925} INFO - DAG(s) 'dataset_consumes_1_and_2', 'consume_1_or_both_2_and_3_with_dataset_expressions', 'dataset_consumes_1_never_scheduled', 'dataset_produces_1', 'conditional_dataset_and_time_based_timetable', 'dataset_produces_2', 'consume_1_or_2_with_dataset_expressions', 'dataset_consumes_1', 'consume_1_and_2_with_dataset_expressions', 'dataset_consumes_unknown_never_scheduled' retrieved from /home/airflow/.local/lib/python3.12/site-packages/airflow/example_dags/example_datasets.py
[2024-10-04T01:07:30.962+0000] {logging_mixin.py:190} INFO - [2024-10-04T01:07:30.962+0000] {dag.py:3239} INFO - Sync 10 DAGs
[2024-10-04T01:07:30.974+0000] {logging_mixin.py:190} INFO - [2024-10-04T01:07:30.974+0000] {dag.py:4180} INFO - Setting next_dagrun for conditional_dataset_and_time_based_timetable to 2024-10-02 01:00:00+00:00, run_after=2024-10-02 01:00:00+00:00
[2024-10-04T01:07:30.975+0000] {logging_mixin.py:190} INFO - [2024-10-04T01:07:30.975+0000] {dag.py:4180} INFO - Setting next_dagrun for consume_1_and_2_with_dataset_expressions to None, run_after=None
[2024-10-04T01:07:30.976+0000] {logging_mixin.py:190} INFO - [2024-10-04T01:07:30.976+0000] {dag.py:4180} INFO - Setting next_dagrun for consume_1_or_2_with_dataset_expressions to None, run_after=None
[2024-10-04T01:07:30.976+0000] {logging_mixin.py:190} INFO - [2024-10-04T01:07:30.976+0000] {dag.py:4180} INFO - Setting next_dagrun for consume_1_or_both_2_and_3_with_dataset_expressions to None, run_after=None
[2024-10-04T01:07:30.977+0000] {logging_mixin.py:190} INFO - [2024-10-04T01:07:30.977+0000] {dag.py:4180} INFO - Setting next_dagrun for dataset_consumes_1 to None, run_after=None
[2024-10-04T01:07:30.977+0000] {logging_mixin.py:190} INFO - [2024-10-04T01:07:30.977+0000] {dag.py:4180} INFO - Setting next_dagrun for dataset_consumes_1_and_2 to None, run_after=None
[2024-10-04T01:07:30.978+0000] {logging_mixin.py:190} INFO - [2024-10-04T01:07:30.977+0000] {dag.py:4180} INFO - Setting next_dagrun for dataset_consumes_1_never_scheduled to None, run_after=None
[2024-10-04T01:07:30.978+0000] {logging_mixin.py:190} INFO - [2024-10-04T01:07:30.978+0000] {dag.py:4180} INFO - Setting next_dagrun for dataset_consumes_unknown_never_scheduled to None, run_after=None
[2024-10-04T01:07:30.979+0000] {logging_mixin.py:190} INFO - [2024-10-04T01:07:30.979+0000] {dag.py:4180} INFO - Setting next_dagrun for dataset_produces_1 to 2024-10-03 00:00:00+00:00, run_after=2024-10-04 00:00:00+00:00
[2024-10-04T01:07:30.979+0000] {logging_mixin.py:190} INFO - [2024-10-04T01:07:30.979+0000] {dag.py:4180} INFO - Setting next_dagrun for dataset_produces_2 to None, run_after=None
[2024-10-04T01:07:30.994+0000] {processor.py:208} INFO - Processing /home/airflow/.local/lib/python3.12/site-packages/airflow/example_dags/example_datasets.py took 0.064 seconds
[2024-10-04T01:08:01.166+0000] {processor.py:186} INFO - Started process (PID=547) to work on /home/airflow/.local/lib/python3.12/site-packages/airflow/example_dags/example_datasets.py
[2024-10-04T01:08:01.167+0000] {processor.py:914} INFO - Processing file /home/airflow/.local/lib/python3.12/site-packages/airflow/example_dags/example_datasets.py for tasks to queue
[2024-10-04T01:08:01.169+0000] {logging_mixin.py:190} INFO - [2024-10-04T01:08:01.168+0000] {dagbag.py:588} INFO - Filling up the DagBag from /home/airflow/.local/lib/python3.12/site-packages/airflow/example_dags/example_datasets.py
[2024-10-04T01:08:01.177+0000] {processor.py:925} INFO - DAG(s) 'dataset_consumes_1', 'consume_1_and_2_with_dataset_expressions', 'consume_1_or_both_2_and_3_with_dataset_expressions', 'dataset_produces_1', 'dataset_produces_2', 'dataset_consumes_1_never_scheduled', 'conditional_dataset_and_time_based_timetable', 'dataset_consumes_unknown_never_scheduled', 'dataset_consumes_1_and_2', 'consume_1_or_2_with_dataset_expressions' retrieved from /home/airflow/.local/lib/python3.12/site-packages/airflow/example_dags/example_datasets.py
[2024-10-04T01:08:01.193+0000] {logging_mixin.py:190} INFO - [2024-10-04T01:08:01.193+0000] {dag.py:3239} INFO - Sync 10 DAGs
[2024-10-04T01:08:01.206+0000] {logging_mixin.py:190} INFO - [2024-10-04T01:08:01.206+0000] {dag.py:4180} INFO - Setting next_dagrun for conditional_dataset_and_time_based_timetable to 2024-10-02 01:00:00+00:00, run_after=2024-10-02 01:00:00+00:00
[2024-10-04T01:08:01.207+0000] {logging_mixin.py:190} INFO - [2024-10-04T01:08:01.207+0000] {dag.py:4180} INFO - Setting next_dagrun for consume_1_and_2_with_dataset_expressions to None, run_after=None
[2024-10-04T01:08:01.208+0000] {logging_mixin.py:190} INFO - [2024-10-04T01:08:01.208+0000] {dag.py:4180} INFO - Setting next_dagrun for consume_1_or_2_with_dataset_expressions to None, run_after=None
[2024-10-04T01:08:01.208+0000] {logging_mixin.py:190} INFO - [2024-10-04T01:08:01.208+0000] {dag.py:4180} INFO - Setting next_dagrun for consume_1_or_both_2_and_3_with_dataset_expressions to None, run_after=None
[2024-10-04T01:08:01.208+0000] {logging_mixin.py:190} INFO - [2024-10-04T01:08:01.208+0000] {dag.py:4180} INFO - Setting next_dagrun for dataset_consumes_1 to None, run_after=None
[2024-10-04T01:08:01.209+0000] {logging_mixin.py:190} INFO - [2024-10-04T01:08:01.209+0000] {dag.py:4180} INFO - Setting next_dagrun for dataset_consumes_1_and_2 to None, run_after=None
[2024-10-04T01:08:01.210+0000] {logging_mixin.py:190} INFO - [2024-10-04T01:08:01.209+0000] {dag.py:4180} INFO - Setting next_dagrun for dataset_consumes_1_never_scheduled to None, run_after=None
[2024-10-04T01:08:01.210+0000] {logging_mixin.py:190} INFO - [2024-10-04T01:08:01.210+0000] {dag.py:4180} INFO - Setting next_dagrun for dataset_consumes_unknown_never_scheduled to None, run_after=None
[2024-10-04T01:08:01.211+0000] {logging_mixin.py:190} INFO - [2024-10-04T01:08:01.211+0000] {dag.py:4180} INFO - Setting next_dagrun for dataset_produces_1 to 2024-10-03 00:00:00+00:00, run_after=2024-10-04 00:00:00+00:00
[2024-10-04T01:08:01.211+0000] {logging_mixin.py:190} INFO - [2024-10-04T01:08:01.211+0000] {dag.py:4180} INFO - Setting next_dagrun for dataset_produces_2 to None, run_after=None
[2024-10-04T01:08:01.226+0000] {processor.py:208} INFO - Processing /home/airflow/.local/lib/python3.12/site-packages/airflow/example_dags/example_datasets.py took 0.063 seconds
[2024-10-04T01:08:31.289+0000] {processor.py:186} INFO - Started process (PID=619) to work on /home/airflow/.local/lib/python3.12/site-packages/airflow/example_dags/example_datasets.py
[2024-10-04T01:08:31.290+0000] {processor.py:914} INFO - Processing file /home/airflow/.local/lib/python3.12/site-packages/airflow/example_dags/example_datasets.py for tasks to queue
[2024-10-04T01:08:31.291+0000] {logging_mixin.py:190} INFO - [2024-10-04T01:08:31.291+0000] {dagbag.py:588} INFO - Filling up the DagBag from /home/airflow/.local/lib/python3.12/site-packages/airflow/example_dags/example_datasets.py
[2024-10-04T01:08:31.299+0000] {processor.py:925} INFO - DAG(s) 'dataset_consumes_1', 'dataset_consumes_unknown_never_scheduled', 'conditional_dataset_and_time_based_timetable', 'dataset_produces_1', 'dataset_consumes_1_and_2', 'dataset_consumes_1_never_scheduled', 'consume_1_or_2_with_dataset_expressions', 'dataset_produces_2', 'consume_1_or_both_2_and_3_with_dataset_expressions', 'consume_1_and_2_with_dataset_expressions' retrieved from /home/airflow/.local/lib/python3.12/site-packages/airflow/example_dags/example_datasets.py
[2024-10-04T01:08:31.315+0000] {logging_mixin.py:190} INFO - [2024-10-04T01:08:31.315+0000] {dag.py:3239} INFO - Sync 10 DAGs
[2024-10-04T01:08:31.326+0000] {logging_mixin.py:190} INFO - [2024-10-04T01:08:31.326+0000] {dag.py:4180} INFO - Setting next_dagrun for conditional_dataset_and_time_based_timetable to 2024-10-02 01:00:00+00:00, run_after=2024-10-02 01:00:00+00:00
[2024-10-04T01:08:31.328+0000] {logging_mixin.py:190} INFO - [2024-10-04T01:08:31.328+0000] {dag.py:4180} INFO - Setting next_dagrun for consume_1_and_2_with_dataset_expressions to None, run_after=None
[2024-10-04T01:08:31.328+0000] {logging_mixin.py:190} INFO - [2024-10-04T01:08:31.328+0000] {dag.py:4180} INFO - Setting next_dagrun for consume_1_or_2_with_dataset_expressions to None, run_after=None
[2024-10-04T01:08:31.329+0000] {logging_mixin.py:190} INFO - [2024-10-04T01:08:31.329+0000] {dag.py:4180} INFO - Setting next_dagrun for consume_1_or_both_2_and_3_with_dataset_expressions to None, run_after=None
[2024-10-04T01:08:31.329+0000] {logging_mixin.py:190} INFO - [2024-10-04T01:08:31.329+0000] {dag.py:4180} INFO - Setting next_dagrun for dataset_consumes_1 to None, run_after=None
[2024-10-04T01:08:31.329+0000] {logging_mixin.py:190} INFO - [2024-10-04T01:08:31.329+0000] {dag.py:4180} INFO - Setting next_dagrun for dataset_consumes_1_and_2 to None, run_after=None
[2024-10-04T01:08:31.330+0000] {logging_mixin.py:190} INFO - [2024-10-04T01:08:31.330+0000] {dag.py:4180} INFO - Setting next_dagrun for dataset_consumes_1_never_scheduled to None, run_after=None
[2024-10-04T01:08:31.330+0000] {logging_mixin.py:190} INFO - [2024-10-04T01:08:31.330+0000] {dag.py:4180} INFO - Setting next_dagrun for dataset_consumes_unknown_never_scheduled to None, run_after=None
[2024-10-04T01:08:31.331+0000] {logging_mixin.py:190} INFO - [2024-10-04T01:08:31.331+0000] {dag.py:4180} INFO - Setting next_dagrun for dataset_produces_1 to 2024-10-03 00:00:00+00:00, run_after=2024-10-04 00:00:00+00:00
[2024-10-04T01:08:31.332+0000] {logging_mixin.py:190} INFO - [2024-10-04T01:08:31.332+0000] {dag.py:4180} INFO - Setting next_dagrun for dataset_produces_2 to None, run_after=None
[2024-10-04T01:08:31.346+0000] {processor.py:208} INFO - Processing /home/airflow/.local/lib/python3.12/site-packages/airflow/example_dags/example_datasets.py took 0.059 seconds
[2024-10-04T01:09:02.410+0000] {processor.py:186} INFO - Started process (PID=697) to work on /home/airflow/.local/lib/python3.12/site-packages/airflow/example_dags/example_datasets.py
[2024-10-04T01:09:02.411+0000] {processor.py:914} INFO - Processing file /home/airflow/.local/lib/python3.12/site-packages/airflow/example_dags/example_datasets.py for tasks to queue
[2024-10-04T01:09:02.413+0000] {logging_mixin.py:190} INFO - [2024-10-04T01:09:02.412+0000] {dagbag.py:588} INFO - Filling up the DagBag from /home/airflow/.local/lib/python3.12/site-packages/airflow/example_dags/example_datasets.py
[2024-10-04T01:09:02.425+0000] {processor.py:925} INFO - DAG(s) 'dataset_produces_1', 'conditional_dataset_and_time_based_timetable', 'dataset_consumes_1_and_2', 'dataset_consumes_1_never_scheduled', 'dataset_consumes_1', 'consume_1_or_2_with_dataset_expressions', 'dataset_consumes_unknown_never_scheduled', 'consume_1_or_both_2_and_3_with_dataset_expressions', 'dataset_produces_2', 'consume_1_and_2_with_dataset_expressions' retrieved from /home/airflow/.local/lib/python3.12/site-packages/airflow/example_dags/example_datasets.py
[2024-10-04T01:09:02.450+0000] {logging_mixin.py:190} INFO - [2024-10-04T01:09:02.450+0000] {dag.py:3239} INFO - Sync 10 DAGs
[2024-10-04T01:09:02.464+0000] {logging_mixin.py:190} INFO - [2024-10-04T01:09:02.464+0000] {dag.py:4180} INFO - Setting next_dagrun for conditional_dataset_and_time_based_timetable to 2024-10-02 01:00:00+00:00, run_after=2024-10-02 01:00:00+00:00
[2024-10-04T01:09:02.466+0000] {logging_mixin.py:190} INFO - [2024-10-04T01:09:02.466+0000] {dag.py:4180} INFO - Setting next_dagrun for consume_1_and_2_with_dataset_expressions to None, run_after=None
[2024-10-04T01:09:02.466+0000] {logging_mixin.py:190} INFO - [2024-10-04T01:09:02.466+0000] {dag.py:4180} INFO - Setting next_dagrun for consume_1_or_2_with_dataset_expressions to None, run_after=None
[2024-10-04T01:09:02.467+0000] {logging_mixin.py:190} INFO - [2024-10-04T01:09:02.467+0000] {dag.py:4180} INFO - Setting next_dagrun for consume_1_or_both_2_and_3_with_dataset_expressions to None, run_after=None
[2024-10-04T01:09:02.468+0000] {logging_mixin.py:190} INFO - [2024-10-04T01:09:02.468+0000] {dag.py:4180} INFO - Setting next_dagrun for dataset_consumes_1 to None, run_after=None
[2024-10-04T01:09:02.468+0000] {logging_mixin.py:190} INFO - [2024-10-04T01:09:02.468+0000] {dag.py:4180} INFO - Setting next_dagrun for dataset_consumes_1_and_2 to None, run_after=None
[2024-10-04T01:09:02.468+0000] {logging_mixin.py:190} INFO - [2024-10-04T01:09:02.468+0000] {dag.py:4180} INFO - Setting next_dagrun for dataset_consumes_1_never_scheduled to None, run_after=None
[2024-10-04T01:09:02.469+0000] {logging_mixin.py:190} INFO - [2024-10-04T01:09:02.469+0000] {dag.py:4180} INFO - Setting next_dagrun for dataset_consumes_unknown_never_scheduled to None, run_after=None
[2024-10-04T01:09:02.470+0000] {logging_mixin.py:190} INFO - [2024-10-04T01:09:02.470+0000] {dag.py:4180} INFO - Setting next_dagrun for dataset_produces_1 to 2024-10-03 00:00:00+00:00, run_after=2024-10-04 00:00:00+00:00
[2024-10-04T01:09:02.471+0000] {logging_mixin.py:190} INFO - [2024-10-04T01:09:02.471+0000] {dag.py:4180} INFO - Setting next_dagrun for dataset_produces_2 to None, run_after=None
[2024-10-04T01:09:02.487+0000] {processor.py:208} INFO - Processing /home/airflow/.local/lib/python3.12/site-packages/airflow/example_dags/example_datasets.py took 0.080 seconds
[2024-10-04T01:09:32.671+0000] {processor.py:186} INFO - Started process (PID=769) to work on /home/airflow/.local/lib/python3.12/site-packages/airflow/example_dags/example_datasets.py
[2024-10-04T01:09:32.672+0000] {processor.py:914} INFO - Processing file /home/airflow/.local/lib/python3.12/site-packages/airflow/example_dags/example_datasets.py for tasks to queue
[2024-10-04T01:09:32.674+0000] {logging_mixin.py:190} INFO - [2024-10-04T01:09:32.673+0000] {dagbag.py:588} INFO - Filling up the DagBag from /home/airflow/.local/lib/python3.12/site-packages/airflow/example_dags/example_datasets.py
[2024-10-04T01:09:32.682+0000] {processor.py:925} INFO - DAG(s) 'dataset_consumes_unknown_never_scheduled', 'dataset_produces_2', 'dataset_produces_1', 'dataset_consumes_1_never_scheduled', 'dataset_consumes_1', 'dataset_consumes_1_and_2', 'conditional_dataset_and_time_based_timetable', 'consume_1_or_both_2_and_3_with_dataset_expressions', 'consume_1_and_2_with_dataset_expressions', 'consume_1_or_2_with_dataset_expressions' retrieved from /home/airflow/.local/lib/python3.12/site-packages/airflow/example_dags/example_datasets.py
[2024-10-04T01:09:32.700+0000] {logging_mixin.py:190} INFO - [2024-10-04T01:09:32.700+0000] {dag.py:3239} INFO - Sync 10 DAGs
[2024-10-04T01:09:32.712+0000] {logging_mixin.py:190} INFO - [2024-10-04T01:09:32.712+0000] {dag.py:4180} INFO - Setting next_dagrun for conditional_dataset_and_time_based_timetable to 2024-10-02 01:00:00+00:00, run_after=2024-10-02 01:00:00+00:00
[2024-10-04T01:09:32.713+0000] {logging_mixin.py:190} INFO - [2024-10-04T01:09:32.713+0000] {dag.py:4180} INFO - Setting next_dagrun for consume_1_and_2_with_dataset_expressions to None, run_after=None
[2024-10-04T01:09:32.714+0000] {logging_mixin.py:190} INFO - [2024-10-04T01:09:32.714+0000] {dag.py:4180} INFO - Setting next_dagrun for consume_1_or_2_with_dataset_expressions to None, run_after=None
[2024-10-04T01:09:32.714+0000] {logging_mixin.py:190} INFO - [2024-10-04T01:09:32.714+0000] {dag.py:4180} INFO - Setting next_dagrun for consume_1_or_both_2_and_3_with_dataset_expressions to None, run_after=None
[2024-10-04T01:09:32.714+0000] {logging_mixin.py:190} INFO - [2024-10-04T01:09:32.714+0000] {dag.py:4180} INFO - Setting next_dagrun for dataset_consumes_1 to None, run_after=None
[2024-10-04T01:09:32.715+0000] {logging_mixin.py:190} INFO - [2024-10-04T01:09:32.715+0000] {dag.py:4180} INFO - Setting next_dagrun for dataset_consumes_1_and_2 to None, run_after=None
[2024-10-04T01:09:32.715+0000] {logging_mixin.py:190} INFO - [2024-10-04T01:09:32.715+0000] {dag.py:4180} INFO - Setting next_dagrun for dataset_consumes_1_never_scheduled to None, run_after=None
[2024-10-04T01:09:32.716+0000] {logging_mixin.py:190} INFO - [2024-10-04T01:09:32.716+0000] {dag.py:4180} INFO - Setting next_dagrun for dataset_consumes_unknown_never_scheduled to None, run_after=None
[2024-10-04T01:09:32.717+0000] {logging_mixin.py:190} INFO - [2024-10-04T01:09:32.717+0000] {dag.py:4180} INFO - Setting next_dagrun for dataset_produces_1 to 2024-10-03 00:00:00+00:00, run_after=2024-10-04 00:00:00+00:00
[2024-10-04T01:09:32.717+0000] {logging_mixin.py:190} INFO - [2024-10-04T01:09:32.717+0000] {dag.py:4180} INFO - Setting next_dagrun for dataset_produces_2 to None, run_after=None
[2024-10-04T01:09:32.732+0000] {processor.py:208} INFO - Processing /home/airflow/.local/lib/python3.12/site-packages/airflow/example_dags/example_datasets.py took 0.064 seconds
