[2024-10-04T01:04:59.101+0000] {processor.py:186} INFO - Started process (PID=113) to work on /home/airflow/.local/lib/python3.12/site-packages/airflow/example_dags/example_dataset_alias.py
[2024-10-04T01:04:59.102+0000] {processor.py:914} INFO - Processing file /home/airflow/.local/lib/python3.12/site-packages/airflow/example_dags/example_dataset_alias.py for tasks to queue
[2024-10-04T01:04:59.104+0000] {logging_mixin.py:190} INFO - [2024-10-04T01:04:59.103+0000] {dagbag.py:588} INFO - Filling up the DagBag from /home/airflow/.local/lib/python3.12/site-packages/airflow/example_dags/example_dataset_alias.py
[2024-10-04T01:04:59.125+0000] {processor.py:925} INFO - DAG(s) 'dataset_s3_bucket_consumer', 'dataset_s3_bucket_producer', 'dataset_alias_example_alias_producer', 'dataset_alias_example_alias_consumer' retrieved from /home/airflow/.local/lib/python3.12/site-packages/airflow/example_dags/example_dataset_alias.py
[2024-10-04T01:04:59.127+0000] {logging_mixin.py:190} INFO - [2024-10-04T01:04:59.127+0000] {dag.py:3239} INFO - Sync 4 DAGs
[2024-10-04T01:04:59.139+0000] {logging_mixin.py:190} INFO - [2024-10-04T01:04:59.139+0000] {dag.py:4180} INFO - Setting next_dagrun for dataset_alias_example_alias_consumer to None, run_after=None
[2024-10-04T01:04:59.140+0000] {logging_mixin.py:190} INFO - [2024-10-04T01:04:59.140+0000] {dag.py:4180} INFO - Setting next_dagrun for dataset_alias_example_alias_producer to None, run_after=None
[2024-10-04T01:04:59.141+0000] {logging_mixin.py:190} INFO - [2024-10-04T01:04:59.141+0000] {dag.py:4180} INFO - Setting next_dagrun for dataset_s3_bucket_consumer to None, run_after=None
[2024-10-04T01:04:59.141+0000] {logging_mixin.py:190} INFO - [2024-10-04T01:04:59.141+0000] {dag.py:4180} INFO - Setting next_dagrun for dataset_s3_bucket_producer to None, run_after=None
[2024-10-04T01:04:59.152+0000] {processor.py:208} INFO - Processing /home/airflow/.local/lib/python3.12/site-packages/airflow/example_dags/example_dataset_alias.py took 0.054 seconds
[2024-10-04T01:05:29.544+0000] {processor.py:186} INFO - Started process (PID=185) to work on /home/airflow/.local/lib/python3.12/site-packages/airflow/example_dags/example_dataset_alias.py
[2024-10-04T01:05:29.545+0000] {processor.py:914} INFO - Processing file /home/airflow/.local/lib/python3.12/site-packages/airflow/example_dags/example_dataset_alias.py for tasks to queue
[2024-10-04T01:05:29.546+0000] {logging_mixin.py:190} INFO - [2024-10-04T01:05:29.546+0000] {dagbag.py:588} INFO - Filling up the DagBag from /home/airflow/.local/lib/python3.12/site-packages/airflow/example_dags/example_dataset_alias.py
[2024-10-04T01:05:29.562+0000] {processor.py:925} INFO - DAG(s) 'dataset_s3_bucket_producer', 'dataset_alias_example_alias_producer', 'dataset_s3_bucket_consumer', 'dataset_alias_example_alias_consumer' retrieved from /home/airflow/.local/lib/python3.12/site-packages/airflow/example_dags/example_dataset_alias.py
[2024-10-04T01:05:29.628+0000] {logging_mixin.py:190} INFO - [2024-10-04T01:05:29.627+0000] {dag.py:3239} INFO - Sync 4 DAGs
[2024-10-04T01:05:29.637+0000] {logging_mixin.py:190} INFO - [2024-10-04T01:05:29.637+0000] {dag.py:4180} INFO - Setting next_dagrun for dataset_alias_example_alias_consumer to None, run_after=None
[2024-10-04T01:05:29.638+0000] {logging_mixin.py:190} INFO - [2024-10-04T01:05:29.638+0000] {dag.py:4180} INFO - Setting next_dagrun for dataset_alias_example_alias_producer to None, run_after=None
[2024-10-04T01:05:29.638+0000] {logging_mixin.py:190} INFO - [2024-10-04T01:05:29.638+0000] {dag.py:4180} INFO - Setting next_dagrun for dataset_s3_bucket_consumer to None, run_after=None
[2024-10-04T01:05:29.639+0000] {logging_mixin.py:190} INFO - [2024-10-04T01:05:29.639+0000] {dag.py:4180} INFO - Setting next_dagrun for dataset_s3_bucket_producer to None, run_after=None
[2024-10-04T01:05:29.649+0000] {processor.py:208} INFO - Processing /home/airflow/.local/lib/python3.12/site-packages/airflow/example_dags/example_dataset_alias.py took 0.107 seconds
[2024-10-04T01:05:59.867+0000] {processor.py:186} INFO - Started process (PID=257) to work on /home/airflow/.local/lib/python3.12/site-packages/airflow/example_dags/example_dataset_alias.py
[2024-10-04T01:05:59.867+0000] {processor.py:914} INFO - Processing file /home/airflow/.local/lib/python3.12/site-packages/airflow/example_dags/example_dataset_alias.py for tasks to queue
[2024-10-04T01:05:59.869+0000] {logging_mixin.py:190} INFO - [2024-10-04T01:05:59.868+0000] {dagbag.py:588} INFO - Filling up the DagBag from /home/airflow/.local/lib/python3.12/site-packages/airflow/example_dags/example_dataset_alias.py
[2024-10-04T01:05:59.883+0000] {processor.py:925} INFO - DAG(s) 'dataset_alias_example_alias_consumer', 'dataset_s3_bucket_consumer', 'dataset_alias_example_alias_producer', 'dataset_s3_bucket_producer' retrieved from /home/airflow/.local/lib/python3.12/site-packages/airflow/example_dags/example_dataset_alias.py
[2024-10-04T01:05:59.891+0000] {logging_mixin.py:190} INFO - [2024-10-04T01:05:59.891+0000] {dag.py:3239} INFO - Sync 4 DAGs
[2024-10-04T01:05:59.900+0000] {logging_mixin.py:190} INFO - [2024-10-04T01:05:59.900+0000] {dag.py:4180} INFO - Setting next_dagrun for dataset_alias_example_alias_consumer to None, run_after=None
[2024-10-04T01:05:59.902+0000] {logging_mixin.py:190} INFO - [2024-10-04T01:05:59.902+0000] {dag.py:4180} INFO - Setting next_dagrun for dataset_alias_example_alias_producer to None, run_after=None
[2024-10-04T01:05:59.902+0000] {logging_mixin.py:190} INFO - [2024-10-04T01:05:59.902+0000] {dag.py:4180} INFO - Setting next_dagrun for dataset_s3_bucket_consumer to None, run_after=None
[2024-10-04T01:05:59.903+0000] {logging_mixin.py:190} INFO - [2024-10-04T01:05:59.903+0000] {dag.py:4180} INFO - Setting next_dagrun for dataset_s3_bucket_producer to None, run_after=None
[2024-10-04T01:05:59.913+0000] {processor.py:208} INFO - Processing /home/airflow/.local/lib/python3.12/site-packages/airflow/example_dags/example_dataset_alias.py took 0.049 seconds
[2024-10-04T01:06:30.448+0000] {processor.py:186} INFO - Started process (PID=329) to work on /home/airflow/.local/lib/python3.12/site-packages/airflow/example_dags/example_dataset_alias.py
[2024-10-04T01:06:30.449+0000] {processor.py:914} INFO - Processing file /home/airflow/.local/lib/python3.12/site-packages/airflow/example_dags/example_dataset_alias.py for tasks to queue
[2024-10-04T01:06:30.450+0000] {logging_mixin.py:190} INFO - [2024-10-04T01:06:30.450+0000] {dagbag.py:588} INFO - Filling up the DagBag from /home/airflow/.local/lib/python3.12/site-packages/airflow/example_dags/example_dataset_alias.py
[2024-10-04T01:06:30.464+0000] {processor.py:925} INFO - DAG(s) 'dataset_s3_bucket_consumer', 'dataset_s3_bucket_producer', 'dataset_alias_example_alias_consumer', 'dataset_alias_example_alias_producer' retrieved from /home/airflow/.local/lib/python3.12/site-packages/airflow/example_dags/example_dataset_alias.py
[2024-10-04T01:06:30.473+0000] {logging_mixin.py:190} INFO - [2024-10-04T01:06:30.473+0000] {dag.py:3239} INFO - Sync 4 DAGs
[2024-10-04T01:06:30.483+0000] {logging_mixin.py:190} INFO - [2024-10-04T01:06:30.483+0000] {dag.py:4180} INFO - Setting next_dagrun for dataset_alias_example_alias_consumer to None, run_after=None
[2024-10-04T01:06:30.485+0000] {logging_mixin.py:190} INFO - [2024-10-04T01:06:30.485+0000] {dag.py:4180} INFO - Setting next_dagrun for dataset_alias_example_alias_producer to None, run_after=None
[2024-10-04T01:06:30.485+0000] {logging_mixin.py:190} INFO - [2024-10-04T01:06:30.485+0000] {dag.py:4180} INFO - Setting next_dagrun for dataset_s3_bucket_consumer to None, run_after=None
[2024-10-04T01:06:30.485+0000] {logging_mixin.py:190} INFO - [2024-10-04T01:06:30.485+0000] {dag.py:4180} INFO - Setting next_dagrun for dataset_s3_bucket_producer to None, run_after=None
[2024-10-04T01:06:30.496+0000] {processor.py:208} INFO - Processing /home/airflow/.local/lib/python3.12/site-packages/airflow/example_dags/example_dataset_alias.py took 0.051 seconds
[2024-10-04T01:07:00.697+0000] {processor.py:186} INFO - Started process (PID=401) to work on /home/airflow/.local/lib/python3.12/site-packages/airflow/example_dags/example_dataset_alias.py
[2024-10-04T01:07:00.698+0000] {processor.py:914} INFO - Processing file /home/airflow/.local/lib/python3.12/site-packages/airflow/example_dags/example_dataset_alias.py for tasks to queue
[2024-10-04T01:07:00.699+0000] {logging_mixin.py:190} INFO - [2024-10-04T01:07:00.699+0000] {dagbag.py:588} INFO - Filling up the DagBag from /home/airflow/.local/lib/python3.12/site-packages/airflow/example_dags/example_dataset_alias.py
[2024-10-04T01:07:00.715+0000] {processor.py:925} INFO - DAG(s) 'dataset_alias_example_alias_producer', 'dataset_s3_bucket_producer', 'dataset_alias_example_alias_consumer', 'dataset_s3_bucket_consumer' retrieved from /home/airflow/.local/lib/python3.12/site-packages/airflow/example_dags/example_dataset_alias.py
[2024-10-04T01:07:00.724+0000] {logging_mixin.py:190} INFO - [2024-10-04T01:07:00.724+0000] {dag.py:3239} INFO - Sync 4 DAGs
[2024-10-04T01:07:00.736+0000] {logging_mixin.py:190} INFO - [2024-10-04T01:07:00.736+0000] {dag.py:4180} INFO - Setting next_dagrun for dataset_alias_example_alias_consumer to None, run_after=None
[2024-10-04T01:07:00.737+0000] {logging_mixin.py:190} INFO - [2024-10-04T01:07:00.737+0000] {dag.py:4180} INFO - Setting next_dagrun for dataset_alias_example_alias_producer to None, run_after=None
[2024-10-04T01:07:00.738+0000] {logging_mixin.py:190} INFO - [2024-10-04T01:07:00.738+0000] {dag.py:4180} INFO - Setting next_dagrun for dataset_s3_bucket_consumer to None, run_after=None
[2024-10-04T01:07:00.738+0000] {logging_mixin.py:190} INFO - [2024-10-04T01:07:00.738+0000] {dag.py:4180} INFO - Setting next_dagrun for dataset_s3_bucket_producer to None, run_after=None
[2024-10-04T01:07:00.748+0000] {processor.py:208} INFO - Processing /home/airflow/.local/lib/python3.12/site-packages/airflow/example_dags/example_dataset_alias.py took 0.054 seconds
[2024-10-04T01:07:30.871+0000] {processor.py:186} INFO - Started process (PID=473) to work on /home/airflow/.local/lib/python3.12/site-packages/airflow/example_dags/example_dataset_alias.py
[2024-10-04T01:07:30.871+0000] {processor.py:914} INFO - Processing file /home/airflow/.local/lib/python3.12/site-packages/airflow/example_dags/example_dataset_alias.py for tasks to queue
[2024-10-04T01:07:30.872+0000] {logging_mixin.py:190} INFO - [2024-10-04T01:07:30.872+0000] {dagbag.py:588} INFO - Filling up the DagBag from /home/airflow/.local/lib/python3.12/site-packages/airflow/example_dags/example_dataset_alias.py
[2024-10-04T01:07:30.888+0000] {processor.py:925} INFO - DAG(s) 'dataset_alias_example_alias_consumer', 'dataset_alias_example_alias_producer', 'dataset_s3_bucket_consumer', 'dataset_s3_bucket_producer' retrieved from /home/airflow/.local/lib/python3.12/site-packages/airflow/example_dags/example_dataset_alias.py
[2024-10-04T01:07:30.895+0000] {logging_mixin.py:190} INFO - [2024-10-04T01:07:30.895+0000] {dag.py:3239} INFO - Sync 4 DAGs
[2024-10-04T01:07:30.906+0000] {logging_mixin.py:190} INFO - [2024-10-04T01:07:30.906+0000] {dag.py:4180} INFO - Setting next_dagrun for dataset_alias_example_alias_consumer to None, run_after=None
[2024-10-04T01:07:30.907+0000] {logging_mixin.py:190} INFO - [2024-10-04T01:07:30.907+0000] {dag.py:4180} INFO - Setting next_dagrun for dataset_alias_example_alias_producer to None, run_after=None
[2024-10-04T01:07:30.908+0000] {logging_mixin.py:190} INFO - [2024-10-04T01:07:30.908+0000] {dag.py:4180} INFO - Setting next_dagrun for dataset_s3_bucket_consumer to None, run_after=None
[2024-10-04T01:07:30.908+0000] {logging_mixin.py:190} INFO - [2024-10-04T01:07:30.908+0000] {dag.py:4180} INFO - Setting next_dagrun for dataset_s3_bucket_producer to None, run_after=None
[2024-10-04T01:07:30.918+0000] {processor.py:208} INFO - Processing /home/airflow/.local/lib/python3.12/site-packages/airflow/example_dags/example_dataset_alias.py took 0.052 seconds
[2024-10-04T01:08:01.052+0000] {processor.py:186} INFO - Started process (PID=545) to work on /home/airflow/.local/lib/python3.12/site-packages/airflow/example_dags/example_dataset_alias.py
[2024-10-04T01:08:01.052+0000] {processor.py:914} INFO - Processing file /home/airflow/.local/lib/python3.12/site-packages/airflow/example_dags/example_dataset_alias.py for tasks to queue
[2024-10-04T01:08:01.054+0000] {logging_mixin.py:190} INFO - [2024-10-04T01:08:01.054+0000] {dagbag.py:588} INFO - Filling up the DagBag from /home/airflow/.local/lib/python3.12/site-packages/airflow/example_dags/example_dataset_alias.py
[2024-10-04T01:08:01.067+0000] {processor.py:925} INFO - DAG(s) 'dataset_alias_example_alias_producer', 'dataset_alias_example_alias_consumer', 'dataset_s3_bucket_producer', 'dataset_s3_bucket_consumer' retrieved from /home/airflow/.local/lib/python3.12/site-packages/airflow/example_dags/example_dataset_alias.py
[2024-10-04T01:08:01.076+0000] {logging_mixin.py:190} INFO - [2024-10-04T01:08:01.076+0000] {dag.py:3239} INFO - Sync 4 DAGs
[2024-10-04T01:08:01.087+0000] {logging_mixin.py:190} INFO - [2024-10-04T01:08:01.087+0000] {dag.py:4180} INFO - Setting next_dagrun for dataset_alias_example_alias_consumer to None, run_after=None
[2024-10-04T01:08:01.088+0000] {logging_mixin.py:190} INFO - [2024-10-04T01:08:01.088+0000] {dag.py:4180} INFO - Setting next_dagrun for dataset_alias_example_alias_producer to None, run_after=None
[2024-10-04T01:08:01.089+0000] {logging_mixin.py:190} INFO - [2024-10-04T01:08:01.089+0000] {dag.py:4180} INFO - Setting next_dagrun for dataset_s3_bucket_consumer to None, run_after=None
[2024-10-04T01:08:01.089+0000] {logging_mixin.py:190} INFO - [2024-10-04T01:08:01.089+0000] {dag.py:4180} INFO - Setting next_dagrun for dataset_s3_bucket_producer to None, run_after=None
[2024-10-04T01:08:01.099+0000] {processor.py:208} INFO - Processing /home/airflow/.local/lib/python3.12/site-packages/airflow/example_dags/example_dataset_alias.py took 0.050 seconds
[2024-10-04T01:08:31.230+0000] {processor.py:186} INFO - Started process (PID=617) to work on /home/airflow/.local/lib/python3.12/site-packages/airflow/example_dags/example_dataset_alias.py
[2024-10-04T01:08:31.231+0000] {processor.py:914} INFO - Processing file /home/airflow/.local/lib/python3.12/site-packages/airflow/example_dags/example_dataset_alias.py for tasks to queue
[2024-10-04T01:08:31.232+0000] {logging_mixin.py:190} INFO - [2024-10-04T01:08:31.232+0000] {dagbag.py:588} INFO - Filling up the DagBag from /home/airflow/.local/lib/python3.12/site-packages/airflow/example_dags/example_dataset_alias.py
[2024-10-04T01:08:31.246+0000] {processor.py:925} INFO - DAG(s) 'dataset_alias_example_alias_consumer', 'dataset_alias_example_alias_producer', 'dataset_s3_bucket_consumer', 'dataset_s3_bucket_producer' retrieved from /home/airflow/.local/lib/python3.12/site-packages/airflow/example_dags/example_dataset_alias.py
[2024-10-04T01:08:31.255+0000] {logging_mixin.py:190} INFO - [2024-10-04T01:08:31.254+0000] {dag.py:3239} INFO - Sync 4 DAGs
[2024-10-04T01:08:31.264+0000] {logging_mixin.py:190} INFO - [2024-10-04T01:08:31.264+0000] {dag.py:4180} INFO - Setting next_dagrun for dataset_alias_example_alias_consumer to None, run_after=None
[2024-10-04T01:08:31.266+0000] {logging_mixin.py:190} INFO - [2024-10-04T01:08:31.265+0000] {dag.py:4180} INFO - Setting next_dagrun for dataset_alias_example_alias_producer to None, run_after=None
[2024-10-04T01:08:31.266+0000] {logging_mixin.py:190} INFO - [2024-10-04T01:08:31.266+0000] {dag.py:4180} INFO - Setting next_dagrun for dataset_s3_bucket_consumer to None, run_after=None
[2024-10-04T01:08:31.266+0000] {logging_mixin.py:190} INFO - [2024-10-04T01:08:31.266+0000] {dag.py:4180} INFO - Setting next_dagrun for dataset_s3_bucket_producer to None, run_after=None
[2024-10-04T01:08:31.276+0000] {processor.py:208} INFO - Processing /home/airflow/.local/lib/python3.12/site-packages/airflow/example_dags/example_dataset_alias.py took 0.049 seconds
[2024-10-04T01:09:02.341+0000] {processor.py:186} INFO - Started process (PID=695) to work on /home/airflow/.local/lib/python3.12/site-packages/airflow/example_dags/example_dataset_alias.py
[2024-10-04T01:09:02.341+0000] {processor.py:914} INFO - Processing file /home/airflow/.local/lib/python3.12/site-packages/airflow/example_dags/example_dataset_alias.py for tasks to queue
[2024-10-04T01:09:02.343+0000] {logging_mixin.py:190} INFO - [2024-10-04T01:09:02.342+0000] {dagbag.py:588} INFO - Filling up the DagBag from /home/airflow/.local/lib/python3.12/site-packages/airflow/example_dags/example_dataset_alias.py
[2024-10-04T01:09:02.358+0000] {processor.py:925} INFO - DAG(s) 'dataset_alias_example_alias_consumer', 'dataset_s3_bucket_producer', 'dataset_alias_example_alias_producer', 'dataset_s3_bucket_consumer' retrieved from /home/airflow/.local/lib/python3.12/site-packages/airflow/example_dags/example_dataset_alias.py
[2024-10-04T01:09:02.368+0000] {logging_mixin.py:190} INFO - [2024-10-04T01:09:02.368+0000] {dag.py:3239} INFO - Sync 4 DAGs
[2024-10-04T01:09:02.380+0000] {logging_mixin.py:190} INFO - [2024-10-04T01:09:02.380+0000] {dag.py:4180} INFO - Setting next_dagrun for dataset_alias_example_alias_consumer to None, run_after=None
[2024-10-04T01:09:02.381+0000] {logging_mixin.py:190} INFO - [2024-10-04T01:09:02.381+0000] {dag.py:4180} INFO - Setting next_dagrun for dataset_alias_example_alias_producer to None, run_after=None
[2024-10-04T01:09:02.382+0000] {logging_mixin.py:190} INFO - [2024-10-04T01:09:02.382+0000] {dag.py:4180} INFO - Setting next_dagrun for dataset_s3_bucket_consumer to None, run_after=None
[2024-10-04T01:09:02.382+0000] {logging_mixin.py:190} INFO - [2024-10-04T01:09:02.382+0000] {dag.py:4180} INFO - Setting next_dagrun for dataset_s3_bucket_producer to None, run_after=None
[2024-10-04T01:09:02.395+0000] {processor.py:208} INFO - Processing /home/airflow/.local/lib/python3.12/site-packages/airflow/example_dags/example_dataset_alias.py took 0.057 seconds
[2024-10-04T01:09:32.604+0000] {processor.py:186} INFO - Started process (PID=767) to work on /home/airflow/.local/lib/python3.12/site-packages/airflow/example_dags/example_dataset_alias.py
[2024-10-04T01:09:32.605+0000] {processor.py:914} INFO - Processing file /home/airflow/.local/lib/python3.12/site-packages/airflow/example_dags/example_dataset_alias.py for tasks to queue
[2024-10-04T01:09:32.606+0000] {logging_mixin.py:190} INFO - [2024-10-04T01:09:32.606+0000] {dagbag.py:588} INFO - Filling up the DagBag from /home/airflow/.local/lib/python3.12/site-packages/airflow/example_dags/example_dataset_alias.py
[2024-10-04T01:09:32.621+0000] {processor.py:925} INFO - DAG(s) 'dataset_s3_bucket_producer', 'dataset_s3_bucket_consumer', 'dataset_alias_example_alias_consumer', 'dataset_alias_example_alias_producer' retrieved from /home/airflow/.local/lib/python3.12/site-packages/airflow/example_dags/example_dataset_alias.py
[2024-10-04T01:09:32.632+0000] {logging_mixin.py:190} INFO - [2024-10-04T01:09:32.631+0000] {dag.py:3239} INFO - Sync 4 DAGs
[2024-10-04T01:09:32.642+0000] {logging_mixin.py:190} INFO - [2024-10-04T01:09:32.642+0000] {dag.py:4180} INFO - Setting next_dagrun for dataset_alias_example_alias_consumer to None, run_after=None
[2024-10-04T01:09:32.644+0000] {logging_mixin.py:190} INFO - [2024-10-04T01:09:32.644+0000] {dag.py:4180} INFO - Setting next_dagrun for dataset_alias_example_alias_producer to None, run_after=None
[2024-10-04T01:09:32.645+0000] {logging_mixin.py:190} INFO - [2024-10-04T01:09:32.645+0000] {dag.py:4180} INFO - Setting next_dagrun for dataset_s3_bucket_consumer to None, run_after=None
[2024-10-04T01:09:32.645+0000] {logging_mixin.py:190} INFO - [2024-10-04T01:09:32.645+0000] {dag.py:4180} INFO - Setting next_dagrun for dataset_s3_bucket_producer to None, run_after=None
[2024-10-04T01:09:32.656+0000] {processor.py:208} INFO - Processing /home/airflow/.local/lib/python3.12/site-packages/airflow/example_dags/example_dataset_alias.py took 0.055 seconds
