[2024-10-04T01:05:00.151+0000] {processor.py:186} INFO - Started process (PID=151) to work on /home/airflow/.local/lib/python3.12/site-packages/airflow/example_dags/tutorial_objectstorage.py
[2024-10-04T01:05:00.151+0000] {processor.py:914} INFO - Processing file /home/airflow/.local/lib/python3.12/site-packages/airflow/example_dags/tutorial_objectstorage.py for tasks to queue
[2024-10-04T01:05:00.152+0000] {logging_mixin.py:190} INFO - [2024-10-04T01:05:00.152+0000] {dagbag.py:588} INFO - Filling up the DagBag from /home/airflow/.local/lib/python3.12/site-packages/airflow/example_dags/tutorial_objectstorage.py
[2024-10-04T01:05:00.158+0000] {processor.py:925} INFO - DAG(s) 'tutorial_objectstorage' retrieved from /home/airflow/.local/lib/python3.12/site-packages/airflow/example_dags/tutorial_objectstorage.py
[2024-10-04T01:05:00.163+0000] {logging_mixin.py:190} INFO - [2024-10-04T01:05:00.163+0000] {dag.py:3239} INFO - Sync 1 DAGs
[2024-10-04T01:05:00.170+0000] {logging_mixin.py:190} INFO - [2024-10-04T01:05:00.169+0000] {dag.py:4180} INFO - Setting next_dagrun for tutorial_objectstorage to None, run_after=None
[2024-10-04T01:05:00.179+0000] {processor.py:208} INFO - Processing /home/airflow/.local/lib/python3.12/site-packages/airflow/example_dags/tutorial_objectstorage.py took 0.031 seconds
[2024-10-04T01:05:31.640+0000] {processor.py:186} INFO - Started process (PID=229) to work on /home/airflow/.local/lib/python3.12/site-packages/airflow/example_dags/tutorial_objectstorage.py
[2024-10-04T01:05:31.641+0000] {processor.py:914} INFO - Processing file /home/airflow/.local/lib/python3.12/site-packages/airflow/example_dags/tutorial_objectstorage.py for tasks to queue
[2024-10-04T01:05:31.642+0000] {logging_mixin.py:190} INFO - [2024-10-04T01:05:31.642+0000] {dagbag.py:588} INFO - Filling up the DagBag from /home/airflow/.local/lib/python3.12/site-packages/airflow/example_dags/tutorial_objectstorage.py
[2024-10-04T01:05:31.647+0000] {processor.py:925} INFO - DAG(s) 'tutorial_objectstorage' retrieved from /home/airflow/.local/lib/python3.12/site-packages/airflow/example_dags/tutorial_objectstorage.py
[2024-10-04T01:05:31.694+0000] {logging_mixin.py:190} INFO - [2024-10-04T01:05:31.694+0000] {dag.py:3239} INFO - Sync 1 DAGs
[2024-10-04T01:05:31.700+0000] {logging_mixin.py:190} INFO - [2024-10-04T01:05:31.699+0000] {dag.py:4180} INFO - Setting next_dagrun for tutorial_objectstorage to None, run_after=None
[2024-10-04T01:05:31.710+0000] {processor.py:208} INFO - Processing /home/airflow/.local/lib/python3.12/site-packages/airflow/example_dags/tutorial_objectstorage.py took 0.073 seconds
[2024-10-04T01:06:02.269+0000] {processor.py:186} INFO - Started process (PID=301) to work on /home/airflow/.local/lib/python3.12/site-packages/airflow/example_dags/tutorial_objectstorage.py
[2024-10-04T01:06:02.270+0000] {processor.py:914} INFO - Processing file /home/airflow/.local/lib/python3.12/site-packages/airflow/example_dags/tutorial_objectstorage.py for tasks to queue
[2024-10-04T01:06:02.271+0000] {logging_mixin.py:190} INFO - [2024-10-04T01:06:02.271+0000] {dagbag.py:588} INFO - Filling up the DagBag from /home/airflow/.local/lib/python3.12/site-packages/airflow/example_dags/tutorial_objectstorage.py
[2024-10-04T01:06:02.276+0000] {processor.py:925} INFO - DAG(s) 'tutorial_objectstorage' retrieved from /home/airflow/.local/lib/python3.12/site-packages/airflow/example_dags/tutorial_objectstorage.py
[2024-10-04T01:06:02.286+0000] {logging_mixin.py:190} INFO - [2024-10-04T01:06:02.285+0000] {dag.py:3239} INFO - Sync 1 DAGs
[2024-10-04T01:06:02.293+0000] {logging_mixin.py:190} INFO - [2024-10-04T01:06:02.293+0000] {dag.py:4180} INFO - Setting next_dagrun for tutorial_objectstorage to None, run_after=None
[2024-10-04T01:06:02.302+0000] {processor.py:208} INFO - Processing /home/airflow/.local/lib/python3.12/site-packages/airflow/example_dags/tutorial_objectstorage.py took 0.037 seconds
[2024-10-04T01:06:32.485+0000] {processor.py:186} INFO - Started process (PID=373) to work on /home/airflow/.local/lib/python3.12/site-packages/airflow/example_dags/tutorial_objectstorage.py
[2024-10-04T01:06:32.485+0000] {processor.py:914} INFO - Processing file /home/airflow/.local/lib/python3.12/site-packages/airflow/example_dags/tutorial_objectstorage.py for tasks to queue
[2024-10-04T01:06:32.486+0000] {logging_mixin.py:190} INFO - [2024-10-04T01:06:32.486+0000] {dagbag.py:588} INFO - Filling up the DagBag from /home/airflow/.local/lib/python3.12/site-packages/airflow/example_dags/tutorial_objectstorage.py
[2024-10-04T01:06:32.492+0000] {processor.py:925} INFO - DAG(s) 'tutorial_objectstorage' retrieved from /home/airflow/.local/lib/python3.12/site-packages/airflow/example_dags/tutorial_objectstorage.py
[2024-10-04T01:06:32.499+0000] {logging_mixin.py:190} INFO - [2024-10-04T01:06:32.499+0000] {dag.py:3239} INFO - Sync 1 DAGs
[2024-10-04T01:06:32.505+0000] {logging_mixin.py:190} INFO - [2024-10-04T01:06:32.505+0000] {dag.py:4180} INFO - Setting next_dagrun for tutorial_objectstorage to None, run_after=None
[2024-10-04T01:06:32.521+0000] {processor.py:208} INFO - Processing /home/airflow/.local/lib/python3.12/site-packages/airflow/example_dags/tutorial_objectstorage.py took 0.040 seconds
[2024-10-04T01:07:02.705+0000] {processor.py:186} INFO - Started process (PID=445) to work on /home/airflow/.local/lib/python3.12/site-packages/airflow/example_dags/tutorial_objectstorage.py
[2024-10-04T01:07:02.706+0000] {processor.py:914} INFO - Processing file /home/airflow/.local/lib/python3.12/site-packages/airflow/example_dags/tutorial_objectstorage.py for tasks to queue
[2024-10-04T01:07:02.707+0000] {logging_mixin.py:190} INFO - [2024-10-04T01:07:02.707+0000] {dagbag.py:588} INFO - Filling up the DagBag from /home/airflow/.local/lib/python3.12/site-packages/airflow/example_dags/tutorial_objectstorage.py
[2024-10-04T01:07:02.711+0000] {processor.py:925} INFO - DAG(s) 'tutorial_objectstorage' retrieved from /home/airflow/.local/lib/python3.12/site-packages/airflow/example_dags/tutorial_objectstorage.py
[2024-10-04T01:07:02.719+0000] {logging_mixin.py:190} INFO - [2024-10-04T01:07:02.719+0000] {dag.py:3239} INFO - Sync 1 DAGs
[2024-10-04T01:07:02.725+0000] {logging_mixin.py:190} INFO - [2024-10-04T01:07:02.725+0000] {dag.py:4180} INFO - Setting next_dagrun for tutorial_objectstorage to None, run_after=None
[2024-10-04T01:07:02.734+0000] {processor.py:208} INFO - Processing /home/airflow/.local/lib/python3.12/site-packages/airflow/example_dags/tutorial_objectstorage.py took 0.031 seconds
[2024-10-04T01:07:32.896+0000] {processor.py:186} INFO - Started process (PID=517) to work on /home/airflow/.local/lib/python3.12/site-packages/airflow/example_dags/tutorial_objectstorage.py
[2024-10-04T01:07:32.897+0000] {processor.py:914} INFO - Processing file /home/airflow/.local/lib/python3.12/site-packages/airflow/example_dags/tutorial_objectstorage.py for tasks to queue
[2024-10-04T01:07:32.898+0000] {logging_mixin.py:190} INFO - [2024-10-04T01:07:32.898+0000] {dagbag.py:588} INFO - Filling up the DagBag from /home/airflow/.local/lib/python3.12/site-packages/airflow/example_dags/tutorial_objectstorage.py
[2024-10-04T01:07:32.903+0000] {processor.py:925} INFO - DAG(s) 'tutorial_objectstorage' retrieved from /home/airflow/.local/lib/python3.12/site-packages/airflow/example_dags/tutorial_objectstorage.py
[2024-10-04T01:07:32.912+0000] {logging_mixin.py:190} INFO - [2024-10-04T01:07:32.912+0000] {dag.py:3239} INFO - Sync 1 DAGs
[2024-10-04T01:07:32.918+0000] {logging_mixin.py:190} INFO - [2024-10-04T01:07:32.918+0000] {dag.py:4180} INFO - Setting next_dagrun for tutorial_objectstorage to None, run_after=None
[2024-10-04T01:07:32.927+0000] {processor.py:208} INFO - Processing /home/airflow/.local/lib/python3.12/site-packages/airflow/example_dags/tutorial_objectstorage.py took 0.034 seconds
[2024-10-04T01:08:03.150+0000] {processor.py:186} INFO - Started process (PID=589) to work on /home/airflow/.local/lib/python3.12/site-packages/airflow/example_dags/tutorial_objectstorage.py
[2024-10-04T01:08:03.151+0000] {processor.py:914} INFO - Processing file /home/airflow/.local/lib/python3.12/site-packages/airflow/example_dags/tutorial_objectstorage.py for tasks to queue
[2024-10-04T01:08:03.152+0000] {logging_mixin.py:190} INFO - [2024-10-04T01:08:03.152+0000] {dagbag.py:588} INFO - Filling up the DagBag from /home/airflow/.local/lib/python3.12/site-packages/airflow/example_dags/tutorial_objectstorage.py
[2024-10-04T01:08:03.158+0000] {processor.py:925} INFO - DAG(s) 'tutorial_objectstorage' retrieved from /home/airflow/.local/lib/python3.12/site-packages/airflow/example_dags/tutorial_objectstorage.py
[2024-10-04T01:08:03.167+0000] {logging_mixin.py:190} INFO - [2024-10-04T01:08:03.167+0000] {dag.py:3239} INFO - Sync 1 DAGs
[2024-10-04T01:08:03.174+0000] {logging_mixin.py:190} INFO - [2024-10-04T01:08:03.174+0000] {dag.py:4180} INFO - Setting next_dagrun for tutorial_objectstorage to None, run_after=None
[2024-10-04T01:08:03.187+0000] {processor.py:208} INFO - Processing /home/airflow/.local/lib/python3.12/site-packages/airflow/example_dags/tutorial_objectstorage.py took 0.040 seconds
[2024-10-04T01:08:33.264+0000] {processor.py:186} INFO - Started process (PID=661) to work on /home/airflow/.local/lib/python3.12/site-packages/airflow/example_dags/tutorial_objectstorage.py
[2024-10-04T01:08:33.265+0000] {processor.py:914} INFO - Processing file /home/airflow/.local/lib/python3.12/site-packages/airflow/example_dags/tutorial_objectstorage.py for tasks to queue
[2024-10-04T01:08:33.267+0000] {logging_mixin.py:190} INFO - [2024-10-04T01:08:33.267+0000] {dagbag.py:588} INFO - Filling up the DagBag from /home/airflow/.local/lib/python3.12/site-packages/airflow/example_dags/tutorial_objectstorage.py
[2024-10-04T01:08:33.275+0000] {processor.py:925} INFO - DAG(s) 'tutorial_objectstorage' retrieved from /home/airflow/.local/lib/python3.12/site-packages/airflow/example_dags/tutorial_objectstorage.py
[2024-10-04T01:08:33.284+0000] {logging_mixin.py:190} INFO - [2024-10-04T01:08:33.284+0000] {dag.py:3239} INFO - Sync 1 DAGs
[2024-10-04T01:08:33.291+0000] {logging_mixin.py:190} INFO - [2024-10-04T01:08:33.291+0000] {dag.py:4180} INFO - Setting next_dagrun for tutorial_objectstorage to None, run_after=None
[2024-10-04T01:08:33.300+0000] {processor.py:208} INFO - Processing /home/airflow/.local/lib/python3.12/site-packages/airflow/example_dags/tutorial_objectstorage.py took 0.039 seconds
[2024-10-04T01:09:03.454+0000] {processor.py:186} INFO - Started process (PID=733) to work on /home/airflow/.local/lib/python3.12/site-packages/airflow/example_dags/tutorial_objectstorage.py
[2024-10-04T01:09:03.454+0000] {processor.py:914} INFO - Processing file /home/airflow/.local/lib/python3.12/site-packages/airflow/example_dags/tutorial_objectstorage.py for tasks to queue
[2024-10-04T01:09:03.456+0000] {logging_mixin.py:190} INFO - [2024-10-04T01:09:03.455+0000] {dagbag.py:588} INFO - Filling up the DagBag from /home/airflow/.local/lib/python3.12/site-packages/airflow/example_dags/tutorial_objectstorage.py
[2024-10-04T01:09:03.461+0000] {processor.py:925} INFO - DAG(s) 'tutorial_objectstorage' retrieved from /home/airflow/.local/lib/python3.12/site-packages/airflow/example_dags/tutorial_objectstorage.py
[2024-10-04T01:09:03.472+0000] {logging_mixin.py:190} INFO - [2024-10-04T01:09:03.472+0000] {dag.py:3239} INFO - Sync 1 DAGs
[2024-10-04T01:09:03.490+0000] {logging_mixin.py:190} INFO - [2024-10-04T01:09:03.490+0000] {dag.py:4180} INFO - Setting next_dagrun for tutorial_objectstorage to None, run_after=None
[2024-10-04T01:09:03.501+0000] {processor.py:208} INFO - Processing /home/airflow/.local/lib/python3.12/site-packages/airflow/example_dags/tutorial_objectstorage.py took 0.050 seconds
[2024-10-04T01:09:33.689+0000] {processor.py:186} INFO - Started process (PID=805) to work on /home/airflow/.local/lib/python3.12/site-packages/airflow/example_dags/tutorial_objectstorage.py
[2024-10-04T01:09:33.689+0000] {processor.py:914} INFO - Processing file /home/airflow/.local/lib/python3.12/site-packages/airflow/example_dags/tutorial_objectstorage.py for tasks to queue
[2024-10-04T01:09:33.691+0000] {logging_mixin.py:190} INFO - [2024-10-04T01:09:33.691+0000] {dagbag.py:588} INFO - Filling up the DagBag from /home/airflow/.local/lib/python3.12/site-packages/airflow/example_dags/tutorial_objectstorage.py
[2024-10-04T01:09:33.695+0000] {processor.py:925} INFO - DAG(s) 'tutorial_objectstorage' retrieved from /home/airflow/.local/lib/python3.12/site-packages/airflow/example_dags/tutorial_objectstorage.py
[2024-10-04T01:09:33.704+0000] {logging_mixin.py:190} INFO - [2024-10-04T01:09:33.704+0000] {dag.py:3239} INFO - Sync 1 DAGs
[2024-10-04T01:09:33.710+0000] {logging_mixin.py:190} INFO - [2024-10-04T01:09:33.710+0000] {dag.py:4180} INFO - Setting next_dagrun for tutorial_objectstorage to None, run_after=None
[2024-10-04T01:09:33.719+0000] {processor.py:208} INFO - Processing /home/airflow/.local/lib/python3.12/site-packages/airflow/example_dags/tutorial_objectstorage.py took 0.033 seconds
