[2024-10-04T01:05:00.102+0000] {processor.py:186} INFO - Started process (PID=149) to work on /home/airflow/.local/lib/python3.12/site-packages/airflow/example_dags/tutorial.py
[2024-10-04T01:05:00.103+0000] {processor.py:914} INFO - Processing file /home/airflow/.local/lib/python3.12/site-packages/airflow/example_dags/tutorial.py for tasks to queue
[2024-10-04T01:05:00.104+0000] {logging_mixin.py:190} INFO - [2024-10-04T01:05:00.103+0000] {dagbag.py:588} INFO - Filling up the DagBag from /home/airflow/.local/lib/python3.12/site-packages/airflow/example_dags/tutorial.py
[2024-10-04T01:05:00.108+0000] {processor.py:925} INFO - DAG(s) 'tutorial' retrieved from /home/airflow/.local/lib/python3.12/site-packages/airflow/example_dags/tutorial.py
[2024-10-04T01:05:00.114+0000] {logging_mixin.py:190} INFO - [2024-10-04T01:05:00.114+0000] {dag.py:3239} INFO - Sync 1 DAGs
[2024-10-04T01:05:00.125+0000] {logging_mixin.py:190} INFO - [2024-10-04T01:05:00.125+0000] {dag.py:4180} INFO - Setting next_dagrun for tutorial to 2024-10-03 00:00:00+00:00, run_after=2024-10-04 00:00:00+00:00
[2024-10-04T01:05:00.136+0000] {processor.py:208} INFO - Processing /home/airflow/.local/lib/python3.12/site-packages/airflow/example_dags/tutorial.py took 0.037 seconds
[2024-10-04T01:05:31.546+0000] {processor.py:186} INFO - Started process (PID=227) to work on /home/airflow/.local/lib/python3.12/site-packages/airflow/example_dags/tutorial.py
[2024-10-04T01:05:31.547+0000] {processor.py:914} INFO - Processing file /home/airflow/.local/lib/python3.12/site-packages/airflow/example_dags/tutorial.py for tasks to queue
[2024-10-04T01:05:31.549+0000] {logging_mixin.py:190} INFO - [2024-10-04T01:05:31.548+0000] {dagbag.py:588} INFO - Filling up the DagBag from /home/airflow/.local/lib/python3.12/site-packages/airflow/example_dags/tutorial.py
[2024-10-04T01:05:31.553+0000] {processor.py:925} INFO - DAG(s) 'tutorial' retrieved from /home/airflow/.local/lib/python3.12/site-packages/airflow/example_dags/tutorial.py
[2024-10-04T01:05:31.602+0000] {logging_mixin.py:190} INFO - [2024-10-04T01:05:31.602+0000] {dag.py:3239} INFO - Sync 1 DAGs
[2024-10-04T01:05:31.612+0000] {logging_mixin.py:190} INFO - [2024-10-04T01:05:31.612+0000] {dag.py:4180} INFO - Setting next_dagrun for tutorial to 2024-10-03 00:00:00+00:00, run_after=2024-10-04 00:00:00+00:00
[2024-10-04T01:05:31.623+0000] {processor.py:208} INFO - Processing /home/airflow/.local/lib/python3.12/site-packages/airflow/example_dags/tutorial.py took 0.080 seconds
[2024-10-04T01:06:02.221+0000] {processor.py:186} INFO - Started process (PID=299) to work on /home/airflow/.local/lib/python3.12/site-packages/airflow/example_dags/tutorial.py
[2024-10-04T01:06:02.222+0000] {processor.py:914} INFO - Processing file /home/airflow/.local/lib/python3.12/site-packages/airflow/example_dags/tutorial.py for tasks to queue
[2024-10-04T01:06:02.223+0000] {logging_mixin.py:190} INFO - [2024-10-04T01:06:02.223+0000] {dagbag.py:588} INFO - Filling up the DagBag from /home/airflow/.local/lib/python3.12/site-packages/airflow/example_dags/tutorial.py
[2024-10-04T01:06:02.227+0000] {processor.py:925} INFO - DAG(s) 'tutorial' retrieved from /home/airflow/.local/lib/python3.12/site-packages/airflow/example_dags/tutorial.py
[2024-10-04T01:06:02.236+0000] {logging_mixin.py:190} INFO - [2024-10-04T01:06:02.236+0000] {dag.py:3239} INFO - Sync 1 DAGs
[2024-10-04T01:06:02.246+0000] {logging_mixin.py:190} INFO - [2024-10-04T01:06:02.246+0000] {dag.py:4180} INFO - Setting next_dagrun for tutorial to 2024-10-03 00:00:00+00:00, run_after=2024-10-04 00:00:00+00:00
[2024-10-04T01:06:02.256+0000] {processor.py:208} INFO - Processing /home/airflow/.local/lib/python3.12/site-packages/airflow/example_dags/tutorial.py took 0.038 seconds
[2024-10-04T01:06:32.434+0000] {processor.py:186} INFO - Started process (PID=371) to work on /home/airflow/.local/lib/python3.12/site-packages/airflow/example_dags/tutorial.py
[2024-10-04T01:06:32.435+0000] {processor.py:914} INFO - Processing file /home/airflow/.local/lib/python3.12/site-packages/airflow/example_dags/tutorial.py for tasks to queue
[2024-10-04T01:06:32.437+0000] {logging_mixin.py:190} INFO - [2024-10-04T01:06:32.436+0000] {dagbag.py:588} INFO - Filling up the DagBag from /home/airflow/.local/lib/python3.12/site-packages/airflow/example_dags/tutorial.py
[2024-10-04T01:06:32.441+0000] {processor.py:925} INFO - DAG(s) 'tutorial' retrieved from /home/airflow/.local/lib/python3.12/site-packages/airflow/example_dags/tutorial.py
[2024-10-04T01:06:32.450+0000] {logging_mixin.py:190} INFO - [2024-10-04T01:06:32.450+0000] {dag.py:3239} INFO - Sync 1 DAGs
[2024-10-04T01:06:32.460+0000] {logging_mixin.py:190} INFO - [2024-10-04T01:06:32.459+0000] {dag.py:4180} INFO - Setting next_dagrun for tutorial to 2024-10-03 00:00:00+00:00, run_after=2024-10-04 00:00:00+00:00
[2024-10-04T01:06:32.469+0000] {processor.py:208} INFO - Processing /home/airflow/.local/lib/python3.12/site-packages/airflow/example_dags/tutorial.py took 0.038 seconds
[2024-10-04T01:07:02.662+0000] {processor.py:186} INFO - Started process (PID=443) to work on /home/airflow/.local/lib/python3.12/site-packages/airflow/example_dags/tutorial.py
[2024-10-04T01:07:02.662+0000] {processor.py:914} INFO - Processing file /home/airflow/.local/lib/python3.12/site-packages/airflow/example_dags/tutorial.py for tasks to queue
[2024-10-04T01:07:02.663+0000] {logging_mixin.py:190} INFO - [2024-10-04T01:07:02.663+0000] {dagbag.py:588} INFO - Filling up the DagBag from /home/airflow/.local/lib/python3.12/site-packages/airflow/example_dags/tutorial.py
[2024-10-04T01:07:02.667+0000] {processor.py:925} INFO - DAG(s) 'tutorial' retrieved from /home/airflow/.local/lib/python3.12/site-packages/airflow/example_dags/tutorial.py
[2024-10-04T01:07:02.675+0000] {logging_mixin.py:190} INFO - [2024-10-04T01:07:02.675+0000] {dag.py:3239} INFO - Sync 1 DAGs
[2024-10-04T01:07:02.684+0000] {logging_mixin.py:190} INFO - [2024-10-04T01:07:02.684+0000] {dag.py:4180} INFO - Setting next_dagrun for tutorial to 2024-10-03 00:00:00+00:00, run_after=2024-10-04 00:00:00+00:00
[2024-10-04T01:07:02.692+0000] {processor.py:208} INFO - Processing /home/airflow/.local/lib/python3.12/site-packages/airflow/example_dags/tutorial.py took 0.032 seconds
[2024-10-04T01:07:32.845+0000] {processor.py:186} INFO - Started process (PID=515) to work on /home/airflow/.local/lib/python3.12/site-packages/airflow/example_dags/tutorial.py
[2024-10-04T01:07:32.846+0000] {processor.py:914} INFO - Processing file /home/airflow/.local/lib/python3.12/site-packages/airflow/example_dags/tutorial.py for tasks to queue
[2024-10-04T01:07:32.847+0000] {logging_mixin.py:190} INFO - [2024-10-04T01:07:32.847+0000] {dagbag.py:588} INFO - Filling up the DagBag from /home/airflow/.local/lib/python3.12/site-packages/airflow/example_dags/tutorial.py
[2024-10-04T01:07:32.851+0000] {processor.py:925} INFO - DAG(s) 'tutorial' retrieved from /home/airflow/.local/lib/python3.12/site-packages/airflow/example_dags/tutorial.py
[2024-10-04T01:07:32.860+0000] {logging_mixin.py:190} INFO - [2024-10-04T01:07:32.860+0000] {dag.py:3239} INFO - Sync 1 DAGs
[2024-10-04T01:07:32.870+0000] {logging_mixin.py:190} INFO - [2024-10-04T01:07:32.870+0000] {dag.py:4180} INFO - Setting next_dagrun for tutorial to 2024-10-03 00:00:00+00:00, run_after=2024-10-04 00:00:00+00:00
[2024-10-04T01:07:32.880+0000] {processor.py:208} INFO - Processing /home/airflow/.local/lib/python3.12/site-packages/airflow/example_dags/tutorial.py took 0.038 seconds
[2024-10-04T01:08:03.091+0000] {processor.py:186} INFO - Started process (PID=587) to work on /home/airflow/.local/lib/python3.12/site-packages/airflow/example_dags/tutorial.py
[2024-10-04T01:08:03.092+0000] {processor.py:914} INFO - Processing file /home/airflow/.local/lib/python3.12/site-packages/airflow/example_dags/tutorial.py for tasks to queue
[2024-10-04T01:08:03.094+0000] {logging_mixin.py:190} INFO - [2024-10-04T01:08:03.093+0000] {dagbag.py:588} INFO - Filling up the DagBag from /home/airflow/.local/lib/python3.12/site-packages/airflow/example_dags/tutorial.py
[2024-10-04T01:08:03.099+0000] {processor.py:925} INFO - DAG(s) 'tutorial' retrieved from /home/airflow/.local/lib/python3.12/site-packages/airflow/example_dags/tutorial.py
[2024-10-04T01:08:03.109+0000] {logging_mixin.py:190} INFO - [2024-10-04T01:08:03.109+0000] {dag.py:3239} INFO - Sync 1 DAGs
[2024-10-04T01:08:03.121+0000] {logging_mixin.py:190} INFO - [2024-10-04T01:08:03.121+0000] {dag.py:4180} INFO - Setting next_dagrun for tutorial to 2024-10-03 00:00:00+00:00, run_after=2024-10-04 00:00:00+00:00
[2024-10-04T01:08:03.133+0000] {processor.py:208} INFO - Processing /home/airflow/.local/lib/python3.12/site-packages/airflow/example_dags/tutorial.py took 0.045 seconds
[2024-10-04T01:08:33.216+0000] {processor.py:186} INFO - Started process (PID=659) to work on /home/airflow/.local/lib/python3.12/site-packages/airflow/example_dags/tutorial.py
[2024-10-04T01:08:33.216+0000] {processor.py:914} INFO - Processing file /home/airflow/.local/lib/python3.12/site-packages/airflow/example_dags/tutorial.py for tasks to queue
[2024-10-04T01:08:33.218+0000] {logging_mixin.py:190} INFO - [2024-10-04T01:08:33.218+0000] {dagbag.py:588} INFO - Filling up the DagBag from /home/airflow/.local/lib/python3.12/site-packages/airflow/example_dags/tutorial.py
[2024-10-04T01:08:33.222+0000] {processor.py:925} INFO - DAG(s) 'tutorial' retrieved from /home/airflow/.local/lib/python3.12/site-packages/airflow/example_dags/tutorial.py
[2024-10-04T01:08:33.233+0000] {logging_mixin.py:190} INFO - [2024-10-04T01:08:33.233+0000] {dag.py:3239} INFO - Sync 1 DAGs
[2024-10-04T01:08:33.244+0000] {logging_mixin.py:190} INFO - [2024-10-04T01:08:33.244+0000] {dag.py:4180} INFO - Setting next_dagrun for tutorial to 2024-10-03 00:00:00+00:00, run_after=2024-10-04 00:00:00+00:00
[2024-10-04T01:08:33.257+0000] {processor.py:208} INFO - Processing /home/airflow/.local/lib/python3.12/site-packages/airflow/example_dags/tutorial.py took 0.045 seconds
[2024-10-04T01:09:03.406+0000] {processor.py:186} INFO - Started process (PID=731) to work on /home/airflow/.local/lib/python3.12/site-packages/airflow/example_dags/tutorial.py
[2024-10-04T01:09:03.407+0000] {processor.py:914} INFO - Processing file /home/airflow/.local/lib/python3.12/site-packages/airflow/example_dags/tutorial.py for tasks to queue
[2024-10-04T01:09:03.409+0000] {logging_mixin.py:190} INFO - [2024-10-04T01:09:03.408+0000] {dagbag.py:588} INFO - Filling up the DagBag from /home/airflow/.local/lib/python3.12/site-packages/airflow/example_dags/tutorial.py
[2024-10-04T01:09:03.413+0000] {processor.py:925} INFO - DAG(s) 'tutorial' retrieved from /home/airflow/.local/lib/python3.12/site-packages/airflow/example_dags/tutorial.py
[2024-10-04T01:09:03.423+0000] {logging_mixin.py:190} INFO - [2024-10-04T01:09:03.423+0000] {dag.py:3239} INFO - Sync 1 DAGs
[2024-10-04T01:09:03.435+0000] {logging_mixin.py:190} INFO - [2024-10-04T01:09:03.435+0000] {dag.py:4180} INFO - Setting next_dagrun for tutorial to 2024-10-03 00:00:00+00:00, run_after=2024-10-04 00:00:00+00:00
[2024-10-04T01:09:03.445+0000] {processor.py:208} INFO - Processing /home/airflow/.local/lib/python3.12/site-packages/airflow/example_dags/tutorial.py took 0.042 seconds
[2024-10-04T01:09:33.641+0000] {processor.py:186} INFO - Started process (PID=803) to work on /home/airflow/.local/lib/python3.12/site-packages/airflow/example_dags/tutorial.py
[2024-10-04T01:09:33.642+0000] {processor.py:914} INFO - Processing file /home/airflow/.local/lib/python3.12/site-packages/airflow/example_dags/tutorial.py for tasks to queue
[2024-10-04T01:09:33.643+0000] {logging_mixin.py:190} INFO - [2024-10-04T01:09:33.643+0000] {dagbag.py:588} INFO - Filling up the DagBag from /home/airflow/.local/lib/python3.12/site-packages/airflow/example_dags/tutorial.py
[2024-10-04T01:09:33.647+0000] {processor.py:925} INFO - DAG(s) 'tutorial' retrieved from /home/airflow/.local/lib/python3.12/site-packages/airflow/example_dags/tutorial.py
[2024-10-04T01:09:33.656+0000] {logging_mixin.py:190} INFO - [2024-10-04T01:09:33.656+0000] {dag.py:3239} INFO - Sync 1 DAGs
[2024-10-04T01:09:33.666+0000] {logging_mixin.py:190} INFO - [2024-10-04T01:09:33.666+0000] {dag.py:4180} INFO - Setting next_dagrun for tutorial to 2024-10-03 00:00:00+00:00, run_after=2024-10-04 00:00:00+00:00
[2024-10-04T01:09:33.675+0000] {processor.py:208} INFO - Processing /home/airflow/.local/lib/python3.12/site-packages/airflow/example_dags/tutorial.py took 0.036 seconds
