[2024-10-04T00:00:28.489+0000] {processor.py:186} INFO - Started process (PID=94892) to work on /home/airflow/.local/lib/python3.12/site-packages/airflow/example_dags/example_local_kubernetes_executor.py
[2024-10-04T00:00:28.490+0000] {processor.py:914} INFO - Processing file /home/airflow/.local/lib/python3.12/site-packages/airflow/example_dags/example_local_kubernetes_executor.py for tasks to queue
[2024-10-04T00:00:28.491+0000] {logging_mixin.py:190} INFO - [2024-10-04T00:00:28.491+0000] {dagbag.py:588} INFO - Filling up the DagBag from /home/airflow/.local/lib/python3.12/site-packages/airflow/example_dags/example_local_kubernetes_executor.py
[2024-10-04T00:00:28.496+0000] {processor.py:925} INFO - DAG(s) 'example_local_kubernetes_executor' retrieved from /home/airflow/.local/lib/python3.12/site-packages/airflow/example_dags/example_local_kubernetes_executor.py
[2024-10-04T00:00:28.512+0000] {logging_mixin.py:190} INFO - [2024-10-04T00:00:28.511+0000] {dag.py:3239} INFO - Sync 1 DAGs
[2024-10-04T00:00:28.518+0000] {logging_mixin.py:190} INFO - [2024-10-04T00:00:28.518+0000] {dag.py:4180} INFO - Setting next_dagrun for example_local_kubernetes_executor to None, run_after=None
[2024-10-04T00:00:28.527+0000] {processor.py:208} INFO - Processing /home/airflow/.local/lib/python3.12/site-packages/airflow/example_dags/example_local_kubernetes_executor.py took 0.041 seconds
[2024-10-04T00:00:58.676+0000] {processor.py:186} INFO - Started process (PID=94955) to work on /home/airflow/.local/lib/python3.12/site-packages/airflow/example_dags/example_local_kubernetes_executor.py
[2024-10-04T00:00:58.676+0000] {processor.py:914} INFO - Processing file /home/airflow/.local/lib/python3.12/site-packages/airflow/example_dags/example_local_kubernetes_executor.py for tasks to queue
[2024-10-04T00:00:58.676+0000] {logging_mixin.py:190} INFO - [2024-10-04T00:00:58.676+0000] {dagbag.py:588} INFO - Filling up the DagBag from /home/airflow/.local/lib/python3.12/site-packages/airflow/example_dags/example_local_kubernetes_executor.py
[2024-10-04T00:00:58.683+0000] {processor.py:925} INFO - DAG(s) 'example_local_kubernetes_executor' retrieved from /home/airflow/.local/lib/python3.12/site-packages/airflow/example_dags/example_local_kubernetes_executor.py
[2024-10-04T00:00:58.699+0000] {logging_mixin.py:190} INFO - [2024-10-04T00:00:58.698+0000] {dag.py:3239} INFO - Sync 1 DAGs
[2024-10-04T00:00:58.706+0000] {logging_mixin.py:190} INFO - [2024-10-04T00:00:58.706+0000] {dag.py:4180} INFO - Setting next_dagrun for example_local_kubernetes_executor to None, run_after=None
[2024-10-04T00:00:58.714+0000] {processor.py:208} INFO - Processing /home/airflow/.local/lib/python3.12/site-packages/airflow/example_dags/example_local_kubernetes_executor.py took 0.042 seconds
[2024-10-04T00:01:28.803+0000] {processor.py:186} INFO - Started process (PID=95018) to work on /home/airflow/.local/lib/python3.12/site-packages/airflow/example_dags/example_local_kubernetes_executor.py
[2024-10-04T00:01:28.804+0000] {processor.py:914} INFO - Processing file /home/airflow/.local/lib/python3.12/site-packages/airflow/example_dags/example_local_kubernetes_executor.py for tasks to queue
[2024-10-04T00:01:28.804+0000] {logging_mixin.py:190} INFO - [2024-10-04T00:01:28.804+0000] {dagbag.py:588} INFO - Filling up the DagBag from /home/airflow/.local/lib/python3.12/site-packages/airflow/example_dags/example_local_kubernetes_executor.py
[2024-10-04T00:01:28.809+0000] {processor.py:925} INFO - DAG(s) 'example_local_kubernetes_executor' retrieved from /home/airflow/.local/lib/python3.12/site-packages/airflow/example_dags/example_local_kubernetes_executor.py
[2024-10-04T00:01:28.824+0000] {logging_mixin.py:190} INFO - [2024-10-04T00:01:28.823+0000] {dag.py:3239} INFO - Sync 1 DAGs
[2024-10-04T00:01:28.831+0000] {logging_mixin.py:190} INFO - [2024-10-04T00:01:28.830+0000] {dag.py:4180} INFO - Setting next_dagrun for example_local_kubernetes_executor to None, run_after=None
[2024-10-04T00:01:28.840+0000] {processor.py:208} INFO - Processing /home/airflow/.local/lib/python3.12/site-packages/airflow/example_dags/example_local_kubernetes_executor.py took 0.040 seconds
[2024-10-04T00:01:59.117+0000] {processor.py:186} INFO - Started process (PID=95081) to work on /home/airflow/.local/lib/python3.12/site-packages/airflow/example_dags/example_local_kubernetes_executor.py
[2024-10-04T00:01:59.118+0000] {processor.py:914} INFO - Processing file /home/airflow/.local/lib/python3.12/site-packages/airflow/example_dags/example_local_kubernetes_executor.py for tasks to queue
[2024-10-04T00:01:59.119+0000] {logging_mixin.py:190} INFO - [2024-10-04T00:01:59.118+0000] {dagbag.py:588} INFO - Filling up the DagBag from /home/airflow/.local/lib/python3.12/site-packages/airflow/example_dags/example_local_kubernetes_executor.py
[2024-10-04T00:01:59.124+0000] {processor.py:925} INFO - DAG(s) 'example_local_kubernetes_executor' retrieved from /home/airflow/.local/lib/python3.12/site-packages/airflow/example_dags/example_local_kubernetes_executor.py
[2024-10-04T00:01:59.140+0000] {logging_mixin.py:190} INFO - [2024-10-04T00:01:59.140+0000] {dag.py:3239} INFO - Sync 1 DAGs
[2024-10-04T00:01:59.148+0000] {logging_mixin.py:190} INFO - [2024-10-04T00:01:59.147+0000] {dag.py:4180} INFO - Setting next_dagrun for example_local_kubernetes_executor to None, run_after=None
[2024-10-04T00:01:59.158+0000] {processor.py:208} INFO - Processing /home/airflow/.local/lib/python3.12/site-packages/airflow/example_dags/example_local_kubernetes_executor.py took 0.043 seconds
[2024-10-04T00:02:29.400+0000] {processor.py:186} INFO - Started process (PID=95144) to work on /home/airflow/.local/lib/python3.12/site-packages/airflow/example_dags/example_local_kubernetes_executor.py
[2024-10-04T00:02:29.401+0000] {processor.py:914} INFO - Processing file /home/airflow/.local/lib/python3.12/site-packages/airflow/example_dags/example_local_kubernetes_executor.py for tasks to queue
[2024-10-04T00:02:29.402+0000] {logging_mixin.py:190} INFO - [2024-10-04T00:02:29.402+0000] {dagbag.py:588} INFO - Filling up the DagBag from /home/airflow/.local/lib/python3.12/site-packages/airflow/example_dags/example_local_kubernetes_executor.py
[2024-10-04T00:02:29.407+0000] {processor.py:925} INFO - DAG(s) 'example_local_kubernetes_executor' retrieved from /home/airflow/.local/lib/python3.12/site-packages/airflow/example_dags/example_local_kubernetes_executor.py
[2024-10-04T00:02:29.425+0000] {logging_mixin.py:190} INFO - [2024-10-04T00:02:29.425+0000] {dag.py:3239} INFO - Sync 1 DAGs
[2024-10-04T00:02:29.433+0000] {logging_mixin.py:190} INFO - [2024-10-04T00:02:29.433+0000] {dag.py:4180} INFO - Setting next_dagrun for example_local_kubernetes_executor to None, run_after=None
[2024-10-04T00:02:29.444+0000] {processor.py:208} INFO - Processing /home/airflow/.local/lib/python3.12/site-packages/airflow/example_dags/example_local_kubernetes_executor.py took 0.047 seconds
[2024-10-04T00:02:59.582+0000] {processor.py:186} INFO - Started process (PID=95207) to work on /home/airflow/.local/lib/python3.12/site-packages/airflow/example_dags/example_local_kubernetes_executor.py
[2024-10-04T00:02:59.583+0000] {processor.py:914} INFO - Processing file /home/airflow/.local/lib/python3.12/site-packages/airflow/example_dags/example_local_kubernetes_executor.py for tasks to queue
[2024-10-04T00:02:59.584+0000] {logging_mixin.py:190} INFO - [2024-10-04T00:02:59.583+0000] {dagbag.py:588} INFO - Filling up the DagBag from /home/airflow/.local/lib/python3.12/site-packages/airflow/example_dags/example_local_kubernetes_executor.py
[2024-10-04T00:02:59.588+0000] {processor.py:925} INFO - DAG(s) 'example_local_kubernetes_executor' retrieved from /home/airflow/.local/lib/python3.12/site-packages/airflow/example_dags/example_local_kubernetes_executor.py
[2024-10-04T00:02:59.604+0000] {logging_mixin.py:190} INFO - [2024-10-04T00:02:59.604+0000] {dag.py:3239} INFO - Sync 1 DAGs
[2024-10-04T00:02:59.611+0000] {logging_mixin.py:190} INFO - [2024-10-04T00:02:59.611+0000] {dag.py:4180} INFO - Setting next_dagrun for example_local_kubernetes_executor to None, run_after=None
[2024-10-04T00:02:59.620+0000] {processor.py:208} INFO - Processing /home/airflow/.local/lib/python3.12/site-packages/airflow/example_dags/example_local_kubernetes_executor.py took 0.040 seconds
[2024-10-04T00:03:29.727+0000] {processor.py:186} INFO - Started process (PID=95270) to work on /home/airflow/.local/lib/python3.12/site-packages/airflow/example_dags/example_local_kubernetes_executor.py
[2024-10-04T00:03:29.728+0000] {processor.py:914} INFO - Processing file /home/airflow/.local/lib/python3.12/site-packages/airflow/example_dags/example_local_kubernetes_executor.py for tasks to queue
[2024-10-04T00:03:29.728+0000] {logging_mixin.py:190} INFO - [2024-10-04T00:03:29.728+0000] {dagbag.py:588} INFO - Filling up the DagBag from /home/airflow/.local/lib/python3.12/site-packages/airflow/example_dags/example_local_kubernetes_executor.py
[2024-10-04T00:03:29.734+0000] {processor.py:925} INFO - DAG(s) 'example_local_kubernetes_executor' retrieved from /home/airflow/.local/lib/python3.12/site-packages/airflow/example_dags/example_local_kubernetes_executor.py
[2024-10-04T00:03:29.748+0000] {logging_mixin.py:190} INFO - [2024-10-04T00:03:29.748+0000] {dag.py:3239} INFO - Sync 1 DAGs
[2024-10-04T00:03:29.755+0000] {logging_mixin.py:190} INFO - [2024-10-04T00:03:29.755+0000] {dag.py:4180} INFO - Setting next_dagrun for example_local_kubernetes_executor to None, run_after=None
[2024-10-04T00:03:29.763+0000] {processor.py:208} INFO - Processing /home/airflow/.local/lib/python3.12/site-packages/airflow/example_dags/example_local_kubernetes_executor.py took 0.039 seconds
[2024-10-04T00:03:59.936+0000] {processor.py:186} INFO - Started process (PID=95333) to work on /home/airflow/.local/lib/python3.12/site-packages/airflow/example_dags/example_local_kubernetes_executor.py
[2024-10-04T00:03:59.937+0000] {processor.py:914} INFO - Processing file /home/airflow/.local/lib/python3.12/site-packages/airflow/example_dags/example_local_kubernetes_executor.py for tasks to queue
[2024-10-04T00:03:59.937+0000] {logging_mixin.py:190} INFO - [2024-10-04T00:03:59.937+0000] {dagbag.py:588} INFO - Filling up the DagBag from /home/airflow/.local/lib/python3.12/site-packages/airflow/example_dags/example_local_kubernetes_executor.py
[2024-10-04T00:03:59.942+0000] {processor.py:925} INFO - DAG(s) 'example_local_kubernetes_executor' retrieved from /home/airflow/.local/lib/python3.12/site-packages/airflow/example_dags/example_local_kubernetes_executor.py
[2024-10-04T00:03:59.957+0000] {logging_mixin.py:190} INFO - [2024-10-04T00:03:59.957+0000] {dag.py:3239} INFO - Sync 1 DAGs
[2024-10-04T00:03:59.963+0000] {logging_mixin.py:190} INFO - [2024-10-04T00:03:59.963+0000] {dag.py:4180} INFO - Setting next_dagrun for example_local_kubernetes_executor to None, run_after=None
[2024-10-04T00:03:59.972+0000] {processor.py:208} INFO - Processing /home/airflow/.local/lib/python3.12/site-packages/airflow/example_dags/example_local_kubernetes_executor.py took 0.038 seconds
[2024-10-04T00:04:30.139+0000] {processor.py:186} INFO - Started process (PID=95396) to work on /home/airflow/.local/lib/python3.12/site-packages/airflow/example_dags/example_local_kubernetes_executor.py
[2024-10-04T00:04:30.139+0000] {processor.py:914} INFO - Processing file /home/airflow/.local/lib/python3.12/site-packages/airflow/example_dags/example_local_kubernetes_executor.py for tasks to queue
[2024-10-04T00:04:30.140+0000] {logging_mixin.py:190} INFO - [2024-10-04T00:04:30.140+0000] {dagbag.py:588} INFO - Filling up the DagBag from /home/airflow/.local/lib/python3.12/site-packages/airflow/example_dags/example_local_kubernetes_executor.py
[2024-10-04T00:04:30.146+0000] {processor.py:925} INFO - DAG(s) 'example_local_kubernetes_executor' retrieved from /home/airflow/.local/lib/python3.12/site-packages/airflow/example_dags/example_local_kubernetes_executor.py
[2024-10-04T00:04:30.161+0000] {logging_mixin.py:190} INFO - [2024-10-04T00:04:30.161+0000] {dag.py:3239} INFO - Sync 1 DAGs
[2024-10-04T00:04:30.169+0000] {logging_mixin.py:190} INFO - [2024-10-04T00:04:30.169+0000] {dag.py:4180} INFO - Setting next_dagrun for example_local_kubernetes_executor to None, run_after=None
[2024-10-04T00:04:30.178+0000] {processor.py:208} INFO - Processing /home/airflow/.local/lib/python3.12/site-packages/airflow/example_dags/example_local_kubernetes_executor.py took 0.042 seconds
[2024-10-04T00:05:00.441+0000] {processor.py:186} INFO - Started process (PID=95459) to work on /home/airflow/.local/lib/python3.12/site-packages/airflow/example_dags/example_local_kubernetes_executor.py
[2024-10-04T00:05:00.441+0000] {processor.py:914} INFO - Processing file /home/airflow/.local/lib/python3.12/site-packages/airflow/example_dags/example_local_kubernetes_executor.py for tasks to queue
[2024-10-04T00:05:00.442+0000] {logging_mixin.py:190} INFO - [2024-10-04T00:05:00.442+0000] {dagbag.py:588} INFO - Filling up the DagBag from /home/airflow/.local/lib/python3.12/site-packages/airflow/example_dags/example_local_kubernetes_executor.py
[2024-10-04T00:05:00.448+0000] {processor.py:925} INFO - DAG(s) 'example_local_kubernetes_executor' retrieved from /home/airflow/.local/lib/python3.12/site-packages/airflow/example_dags/example_local_kubernetes_executor.py
[2024-10-04T00:05:00.463+0000] {logging_mixin.py:190} INFO - [2024-10-04T00:05:00.463+0000] {dag.py:3239} INFO - Sync 1 DAGs
[2024-10-04T00:05:00.470+0000] {logging_mixin.py:190} INFO - [2024-10-04T00:05:00.470+0000] {dag.py:4180} INFO - Setting next_dagrun for example_local_kubernetes_executor to None, run_after=None
[2024-10-04T00:05:00.479+0000] {processor.py:208} INFO - Processing /home/airflow/.local/lib/python3.12/site-packages/airflow/example_dags/example_local_kubernetes_executor.py took 0.042 seconds
[2024-10-04T00:05:30.686+0000] {processor.py:186} INFO - Started process (PID=95522) to work on /home/airflow/.local/lib/python3.12/site-packages/airflow/example_dags/example_local_kubernetes_executor.py
[2024-10-04T00:05:30.686+0000] {processor.py:914} INFO - Processing file /home/airflow/.local/lib/python3.12/site-packages/airflow/example_dags/example_local_kubernetes_executor.py for tasks to queue
[2024-10-04T00:05:30.687+0000] {logging_mixin.py:190} INFO - [2024-10-04T00:05:30.687+0000] {dagbag.py:588} INFO - Filling up the DagBag from /home/airflow/.local/lib/python3.12/site-packages/airflow/example_dags/example_local_kubernetes_executor.py
[2024-10-04T00:05:30.692+0000] {processor.py:925} INFO - DAG(s) 'example_local_kubernetes_executor' retrieved from /home/airflow/.local/lib/python3.12/site-packages/airflow/example_dags/example_local_kubernetes_executor.py
[2024-10-04T00:05:30.708+0000] {logging_mixin.py:190} INFO - [2024-10-04T00:05:30.708+0000] {dag.py:3239} INFO - Sync 1 DAGs
[2024-10-04T00:05:30.716+0000] {logging_mixin.py:190} INFO - [2024-10-04T00:05:30.716+0000] {dag.py:4180} INFO - Setting next_dagrun for example_local_kubernetes_executor to None, run_after=None
[2024-10-04T00:05:30.727+0000] {processor.py:208} INFO - Processing /home/airflow/.local/lib/python3.12/site-packages/airflow/example_dags/example_local_kubernetes_executor.py took 0.044 seconds
[2024-10-04T00:06:01.025+0000] {processor.py:186} INFO - Started process (PID=95585) to work on /home/airflow/.local/lib/python3.12/site-packages/airflow/example_dags/example_local_kubernetes_executor.py
[2024-10-04T00:06:01.026+0000] {processor.py:914} INFO - Processing file /home/airflow/.local/lib/python3.12/site-packages/airflow/example_dags/example_local_kubernetes_executor.py for tasks to queue
[2024-10-04T00:06:01.026+0000] {logging_mixin.py:190} INFO - [2024-10-04T00:06:01.026+0000] {dagbag.py:588} INFO - Filling up the DagBag from /home/airflow/.local/lib/python3.12/site-packages/airflow/example_dags/example_local_kubernetes_executor.py
[2024-10-04T00:06:01.032+0000] {processor.py:925} INFO - DAG(s) 'example_local_kubernetes_executor' retrieved from /home/airflow/.local/lib/python3.12/site-packages/airflow/example_dags/example_local_kubernetes_executor.py
[2024-10-04T00:06:01.049+0000] {logging_mixin.py:190} INFO - [2024-10-04T00:06:01.049+0000] {dag.py:3239} INFO - Sync 1 DAGs
[2024-10-04T00:06:01.055+0000] {logging_mixin.py:190} INFO - [2024-10-04T00:06:01.055+0000] {dag.py:4180} INFO - Setting next_dagrun for example_local_kubernetes_executor to None, run_after=None
[2024-10-04T00:06:01.065+0000] {processor.py:208} INFO - Processing /home/airflow/.local/lib/python3.12/site-packages/airflow/example_dags/example_local_kubernetes_executor.py took 0.043 seconds
[2024-10-04T00:06:31.241+0000] {processor.py:186} INFO - Started process (PID=95648) to work on /home/airflow/.local/lib/python3.12/site-packages/airflow/example_dags/example_local_kubernetes_executor.py
[2024-10-04T00:06:31.241+0000] {processor.py:914} INFO - Processing file /home/airflow/.local/lib/python3.12/site-packages/airflow/example_dags/example_local_kubernetes_executor.py for tasks to queue
[2024-10-04T00:06:31.242+0000] {logging_mixin.py:190} INFO - [2024-10-04T00:06:31.242+0000] {dagbag.py:588} INFO - Filling up the DagBag from /home/airflow/.local/lib/python3.12/site-packages/airflow/example_dags/example_local_kubernetes_executor.py
[2024-10-04T00:06:31.248+0000] {processor.py:925} INFO - DAG(s) 'example_local_kubernetes_executor' retrieved from /home/airflow/.local/lib/python3.12/site-packages/airflow/example_dags/example_local_kubernetes_executor.py
[2024-10-04T00:06:31.264+0000] {logging_mixin.py:190} INFO - [2024-10-04T00:06:31.263+0000] {dag.py:3239} INFO - Sync 1 DAGs
[2024-10-04T00:06:31.271+0000] {logging_mixin.py:190} INFO - [2024-10-04T00:06:31.271+0000] {dag.py:4180} INFO - Setting next_dagrun for example_local_kubernetes_executor to None, run_after=None
[2024-10-04T00:06:31.281+0000] {processor.py:208} INFO - Processing /home/airflow/.local/lib/python3.12/site-packages/airflow/example_dags/example_local_kubernetes_executor.py took 0.043 seconds
[2024-10-04T00:07:01.513+0000] {processor.py:186} INFO - Started process (PID=95711) to work on /home/airflow/.local/lib/python3.12/site-packages/airflow/example_dags/example_local_kubernetes_executor.py
[2024-10-04T00:07:01.513+0000] {processor.py:914} INFO - Processing file /home/airflow/.local/lib/python3.12/site-packages/airflow/example_dags/example_local_kubernetes_executor.py for tasks to queue
[2024-10-04T00:07:01.514+0000] {logging_mixin.py:190} INFO - [2024-10-04T00:07:01.513+0000] {dagbag.py:588} INFO - Filling up the DagBag from /home/airflow/.local/lib/python3.12/site-packages/airflow/example_dags/example_local_kubernetes_executor.py
[2024-10-04T00:07:01.519+0000] {processor.py:925} INFO - DAG(s) 'example_local_kubernetes_executor' retrieved from /home/airflow/.local/lib/python3.12/site-packages/airflow/example_dags/example_local_kubernetes_executor.py
[2024-10-04T00:07:01.536+0000] {logging_mixin.py:190} INFO - [2024-10-04T00:07:01.536+0000] {dag.py:3239} INFO - Sync 1 DAGs
[2024-10-04T00:07:01.544+0000] {logging_mixin.py:190} INFO - [2024-10-04T00:07:01.544+0000] {dag.py:4180} INFO - Setting next_dagrun for example_local_kubernetes_executor to None, run_after=None
[2024-10-04T00:07:01.553+0000] {processor.py:208} INFO - Processing /home/airflow/.local/lib/python3.12/site-packages/airflow/example_dags/example_local_kubernetes_executor.py took 0.044 seconds
[2024-10-04T00:07:31.739+0000] {processor.py:186} INFO - Started process (PID=95774) to work on /home/airflow/.local/lib/python3.12/site-packages/airflow/example_dags/example_local_kubernetes_executor.py
[2024-10-04T00:07:31.740+0000] {processor.py:914} INFO - Processing file /home/airflow/.local/lib/python3.12/site-packages/airflow/example_dags/example_local_kubernetes_executor.py for tasks to queue
[2024-10-04T00:07:31.741+0000] {logging_mixin.py:190} INFO - [2024-10-04T00:07:31.741+0000] {dagbag.py:588} INFO - Filling up the DagBag from /home/airflow/.local/lib/python3.12/site-packages/airflow/example_dags/example_local_kubernetes_executor.py
[2024-10-04T00:07:31.746+0000] {processor.py:925} INFO - DAG(s) 'example_local_kubernetes_executor' retrieved from /home/airflow/.local/lib/python3.12/site-packages/airflow/example_dags/example_local_kubernetes_executor.py
[2024-10-04T00:07:31.763+0000] {logging_mixin.py:190} INFO - [2024-10-04T00:07:31.762+0000] {dag.py:3239} INFO - Sync 1 DAGs
[2024-10-04T00:07:31.769+0000] {logging_mixin.py:190} INFO - [2024-10-04T00:07:31.769+0000] {dag.py:4180} INFO - Setting next_dagrun for example_local_kubernetes_executor to None, run_after=None
[2024-10-04T00:07:31.779+0000] {processor.py:208} INFO - Processing /home/airflow/.local/lib/python3.12/site-packages/airflow/example_dags/example_local_kubernetes_executor.py took 0.043 seconds
[2024-10-04T00:08:01.983+0000] {processor.py:186} INFO - Started process (PID=95837) to work on /home/airflow/.local/lib/python3.12/site-packages/airflow/example_dags/example_local_kubernetes_executor.py
[2024-10-04T00:08:01.984+0000] {processor.py:914} INFO - Processing file /home/airflow/.local/lib/python3.12/site-packages/airflow/example_dags/example_local_kubernetes_executor.py for tasks to queue
[2024-10-04T00:08:01.984+0000] {logging_mixin.py:190} INFO - [2024-10-04T00:08:01.984+0000] {dagbag.py:588} INFO - Filling up the DagBag from /home/airflow/.local/lib/python3.12/site-packages/airflow/example_dags/example_local_kubernetes_executor.py
[2024-10-04T00:08:01.990+0000] {processor.py:925} INFO - DAG(s) 'example_local_kubernetes_executor' retrieved from /home/airflow/.local/lib/python3.12/site-packages/airflow/example_dags/example_local_kubernetes_executor.py
[2024-10-04T00:08:02.006+0000] {logging_mixin.py:190} INFO - [2024-10-04T00:08:02.005+0000] {dag.py:3239} INFO - Sync 1 DAGs
[2024-10-04T00:08:02.014+0000] {logging_mixin.py:190} INFO - [2024-10-04T00:08:02.014+0000] {dag.py:4180} INFO - Setting next_dagrun for example_local_kubernetes_executor to None, run_after=None
[2024-10-04T00:08:02.024+0000] {processor.py:208} INFO - Processing /home/airflow/.local/lib/python3.12/site-packages/airflow/example_dags/example_local_kubernetes_executor.py took 0.044 seconds
[2024-10-04T00:08:32.433+0000] {processor.py:186} INFO - Started process (PID=95900) to work on /home/airflow/.local/lib/python3.12/site-packages/airflow/example_dags/example_local_kubernetes_executor.py
[2024-10-04T00:08:32.433+0000] {processor.py:914} INFO - Processing file /home/airflow/.local/lib/python3.12/site-packages/airflow/example_dags/example_local_kubernetes_executor.py for tasks to queue
[2024-10-04T00:08:32.434+0000] {logging_mixin.py:190} INFO - [2024-10-04T00:08:32.434+0000] {dagbag.py:588} INFO - Filling up the DagBag from /home/airflow/.local/lib/python3.12/site-packages/airflow/example_dags/example_local_kubernetes_executor.py
[2024-10-04T00:08:32.440+0000] {processor.py:925} INFO - DAG(s) 'example_local_kubernetes_executor' retrieved from /home/airflow/.local/lib/python3.12/site-packages/airflow/example_dags/example_local_kubernetes_executor.py
[2024-10-04T00:08:32.456+0000] {logging_mixin.py:190} INFO - [2024-10-04T00:08:32.456+0000] {dag.py:3239} INFO - Sync 1 DAGs
[2024-10-04T00:08:32.463+0000] {logging_mixin.py:190} INFO - [2024-10-04T00:08:32.463+0000] {dag.py:4180} INFO - Setting next_dagrun for example_local_kubernetes_executor to None, run_after=None
[2024-10-04T00:08:32.473+0000] {processor.py:208} INFO - Processing /home/airflow/.local/lib/python3.12/site-packages/airflow/example_dags/example_local_kubernetes_executor.py took 0.044 seconds
[2024-10-04T00:09:02.737+0000] {processor.py:186} INFO - Started process (PID=95963) to work on /home/airflow/.local/lib/python3.12/site-packages/airflow/example_dags/example_local_kubernetes_executor.py
[2024-10-04T00:09:02.737+0000] {processor.py:914} INFO - Processing file /home/airflow/.local/lib/python3.12/site-packages/airflow/example_dags/example_local_kubernetes_executor.py for tasks to queue
[2024-10-04T00:09:02.738+0000] {logging_mixin.py:190} INFO - [2024-10-04T00:09:02.737+0000] {dagbag.py:588} INFO - Filling up the DagBag from /home/airflow/.local/lib/python3.12/site-packages/airflow/example_dags/example_local_kubernetes_executor.py
[2024-10-04T00:09:02.743+0000] {processor.py:925} INFO - DAG(s) 'example_local_kubernetes_executor' retrieved from /home/airflow/.local/lib/python3.12/site-packages/airflow/example_dags/example_local_kubernetes_executor.py
[2024-10-04T00:09:02.759+0000] {logging_mixin.py:190} INFO - [2024-10-04T00:09:02.759+0000] {dag.py:3239} INFO - Sync 1 DAGs
[2024-10-04T00:09:02.767+0000] {logging_mixin.py:190} INFO - [2024-10-04T00:09:02.767+0000] {dag.py:4180} INFO - Setting next_dagrun for example_local_kubernetes_executor to None, run_after=None
[2024-10-04T00:09:02.776+0000] {processor.py:208} INFO - Processing /home/airflow/.local/lib/python3.12/site-packages/airflow/example_dags/example_local_kubernetes_executor.py took 0.043 seconds
[2024-10-04T00:09:33.093+0000] {processor.py:186} INFO - Started process (PID=96026) to work on /home/airflow/.local/lib/python3.12/site-packages/airflow/example_dags/example_local_kubernetes_executor.py
[2024-10-04T00:09:33.094+0000] {processor.py:914} INFO - Processing file /home/airflow/.local/lib/python3.12/site-packages/airflow/example_dags/example_local_kubernetes_executor.py for tasks to queue
[2024-10-04T00:09:33.095+0000] {logging_mixin.py:190} INFO - [2024-10-04T00:09:33.094+0000] {dagbag.py:588} INFO - Filling up the DagBag from /home/airflow/.local/lib/python3.12/site-packages/airflow/example_dags/example_local_kubernetes_executor.py
[2024-10-04T00:09:33.100+0000] {processor.py:925} INFO - DAG(s) 'example_local_kubernetes_executor' retrieved from /home/airflow/.local/lib/python3.12/site-packages/airflow/example_dags/example_local_kubernetes_executor.py
[2024-10-04T00:09:33.116+0000] {logging_mixin.py:190} INFO - [2024-10-04T00:09:33.115+0000] {dag.py:3239} INFO - Sync 1 DAGs
[2024-10-04T00:09:33.123+0000] {logging_mixin.py:190} INFO - [2024-10-04T00:09:33.123+0000] {dag.py:4180} INFO - Setting next_dagrun for example_local_kubernetes_executor to None, run_after=None
[2024-10-04T00:09:33.131+0000] {processor.py:208} INFO - Processing /home/airflow/.local/lib/python3.12/site-packages/airflow/example_dags/example_local_kubernetes_executor.py took 0.041 seconds
[2024-10-04T00:10:03.340+0000] {processor.py:186} INFO - Started process (PID=96089) to work on /home/airflow/.local/lib/python3.12/site-packages/airflow/example_dags/example_local_kubernetes_executor.py
[2024-10-04T00:10:03.341+0000] {processor.py:914} INFO - Processing file /home/airflow/.local/lib/python3.12/site-packages/airflow/example_dags/example_local_kubernetes_executor.py for tasks to queue
[2024-10-04T00:10:03.341+0000] {logging_mixin.py:190} INFO - [2024-10-04T00:10:03.341+0000] {dagbag.py:588} INFO - Filling up the DagBag from /home/airflow/.local/lib/python3.12/site-packages/airflow/example_dags/example_local_kubernetes_executor.py
[2024-10-04T00:10:03.346+0000] {processor.py:925} INFO - DAG(s) 'example_local_kubernetes_executor' retrieved from /home/airflow/.local/lib/python3.12/site-packages/airflow/example_dags/example_local_kubernetes_executor.py
[2024-10-04T00:10:03.363+0000] {logging_mixin.py:190} INFO - [2024-10-04T00:10:03.363+0000] {dag.py:3239} INFO - Sync 1 DAGs
[2024-10-04T00:10:03.372+0000] {logging_mixin.py:190} INFO - [2024-10-04T00:10:03.372+0000] {dag.py:4180} INFO - Setting next_dagrun for example_local_kubernetes_executor to None, run_after=None
[2024-10-04T00:10:03.396+0000] {processor.py:208} INFO - Processing /home/airflow/.local/lib/python3.12/site-packages/airflow/example_dags/example_local_kubernetes_executor.py took 0.059 seconds
[2024-10-04T00:10:33.645+0000] {processor.py:186} INFO - Started process (PID=96152) to work on /home/airflow/.local/lib/python3.12/site-packages/airflow/example_dags/example_local_kubernetes_executor.py
[2024-10-04T00:10:33.646+0000] {processor.py:914} INFO - Processing file /home/airflow/.local/lib/python3.12/site-packages/airflow/example_dags/example_local_kubernetes_executor.py for tasks to queue
[2024-10-04T00:10:33.646+0000] {logging_mixin.py:190} INFO - [2024-10-04T00:10:33.646+0000] {dagbag.py:588} INFO - Filling up the DagBag from /home/airflow/.local/lib/python3.12/site-packages/airflow/example_dags/example_local_kubernetes_executor.py
[2024-10-04T00:10:33.651+0000] {processor.py:925} INFO - DAG(s) 'example_local_kubernetes_executor' retrieved from /home/airflow/.local/lib/python3.12/site-packages/airflow/example_dags/example_local_kubernetes_executor.py
[2024-10-04T00:10:33.667+0000] {logging_mixin.py:190} INFO - [2024-10-04T00:10:33.667+0000] {dag.py:3239} INFO - Sync 1 DAGs
[2024-10-04T00:10:33.675+0000] {logging_mixin.py:190} INFO - [2024-10-04T00:10:33.675+0000] {dag.py:4180} INFO - Setting next_dagrun for example_local_kubernetes_executor to None, run_after=None
[2024-10-04T00:10:33.684+0000] {processor.py:208} INFO - Processing /home/airflow/.local/lib/python3.12/site-packages/airflow/example_dags/example_local_kubernetes_executor.py took 0.042 seconds
[2024-10-04T00:11:04.053+0000] {processor.py:186} INFO - Started process (PID=96215) to work on /home/airflow/.local/lib/python3.12/site-packages/airflow/example_dags/example_local_kubernetes_executor.py
[2024-10-04T00:11:04.053+0000] {processor.py:914} INFO - Processing file /home/airflow/.local/lib/python3.12/site-packages/airflow/example_dags/example_local_kubernetes_executor.py for tasks to queue
[2024-10-04T00:11:04.054+0000] {logging_mixin.py:190} INFO - [2024-10-04T00:11:04.054+0000] {dagbag.py:588} INFO - Filling up the DagBag from /home/airflow/.local/lib/python3.12/site-packages/airflow/example_dags/example_local_kubernetes_executor.py
[2024-10-04T00:11:04.060+0000] {processor.py:925} INFO - DAG(s) 'example_local_kubernetes_executor' retrieved from /home/airflow/.local/lib/python3.12/site-packages/airflow/example_dags/example_local_kubernetes_executor.py
[2024-10-04T00:11:04.076+0000] {logging_mixin.py:190} INFO - [2024-10-04T00:11:04.076+0000] {dag.py:3239} INFO - Sync 1 DAGs
[2024-10-04T00:11:04.084+0000] {logging_mixin.py:190} INFO - [2024-10-04T00:11:04.084+0000] {dag.py:4180} INFO - Setting next_dagrun for example_local_kubernetes_executor to None, run_after=None
[2024-10-04T00:11:04.094+0000] {processor.py:208} INFO - Processing /home/airflow/.local/lib/python3.12/site-packages/airflow/example_dags/example_local_kubernetes_executor.py took 0.044 seconds
[2024-10-04T00:11:34.417+0000] {processor.py:186} INFO - Started process (PID=96278) to work on /home/airflow/.local/lib/python3.12/site-packages/airflow/example_dags/example_local_kubernetes_executor.py
[2024-10-04T00:11:34.417+0000] {processor.py:914} INFO - Processing file /home/airflow/.local/lib/python3.12/site-packages/airflow/example_dags/example_local_kubernetes_executor.py for tasks to queue
[2024-10-04T00:11:34.418+0000] {logging_mixin.py:190} INFO - [2024-10-04T00:11:34.418+0000] {dagbag.py:588} INFO - Filling up the DagBag from /home/airflow/.local/lib/python3.12/site-packages/airflow/example_dags/example_local_kubernetes_executor.py
[2024-10-04T00:11:34.424+0000] {processor.py:925} INFO - DAG(s) 'example_local_kubernetes_executor' retrieved from /home/airflow/.local/lib/python3.12/site-packages/airflow/example_dags/example_local_kubernetes_executor.py
[2024-10-04T00:11:34.441+0000] {logging_mixin.py:190} INFO - [2024-10-04T00:11:34.441+0000] {dag.py:3239} INFO - Sync 1 DAGs
[2024-10-04T00:11:34.449+0000] {logging_mixin.py:190} INFO - [2024-10-04T00:11:34.449+0000] {dag.py:4180} INFO - Setting next_dagrun for example_local_kubernetes_executor to None, run_after=None
[2024-10-04T00:11:34.463+0000] {processor.py:208} INFO - Processing /home/airflow/.local/lib/python3.12/site-packages/airflow/example_dags/example_local_kubernetes_executor.py took 0.050 seconds
[2024-10-04T00:12:04.846+0000] {processor.py:186} INFO - Started process (PID=96341) to work on /home/airflow/.local/lib/python3.12/site-packages/airflow/example_dags/example_local_kubernetes_executor.py
[2024-10-04T00:12:04.847+0000] {processor.py:914} INFO - Processing file /home/airflow/.local/lib/python3.12/site-packages/airflow/example_dags/example_local_kubernetes_executor.py for tasks to queue
[2024-10-04T00:12:04.847+0000] {logging_mixin.py:190} INFO - [2024-10-04T00:12:04.847+0000] {dagbag.py:588} INFO - Filling up the DagBag from /home/airflow/.local/lib/python3.12/site-packages/airflow/example_dags/example_local_kubernetes_executor.py
[2024-10-04T00:12:04.853+0000] {processor.py:925} INFO - DAG(s) 'example_local_kubernetes_executor' retrieved from /home/airflow/.local/lib/python3.12/site-packages/airflow/example_dags/example_local_kubernetes_executor.py
[2024-10-04T00:12:04.869+0000] {logging_mixin.py:190} INFO - [2024-10-04T00:12:04.869+0000] {dag.py:3239} INFO - Sync 1 DAGs
[2024-10-04T00:12:04.875+0000] {logging_mixin.py:190} INFO - [2024-10-04T00:12:04.875+0000] {dag.py:4180} INFO - Setting next_dagrun for example_local_kubernetes_executor to None, run_after=None
[2024-10-04T00:12:04.884+0000] {processor.py:208} INFO - Processing /home/airflow/.local/lib/python3.12/site-packages/airflow/example_dags/example_local_kubernetes_executor.py took 0.041 seconds
[2024-10-04T00:12:35.439+0000] {processor.py:186} INFO - Started process (PID=96404) to work on /home/airflow/.local/lib/python3.12/site-packages/airflow/example_dags/example_local_kubernetes_executor.py
[2024-10-04T00:12:35.439+0000] {processor.py:914} INFO - Processing file /home/airflow/.local/lib/python3.12/site-packages/airflow/example_dags/example_local_kubernetes_executor.py for tasks to queue
[2024-10-04T00:12:35.440+0000] {logging_mixin.py:190} INFO - [2024-10-04T00:12:35.440+0000] {dagbag.py:588} INFO - Filling up the DagBag from /home/airflow/.local/lib/python3.12/site-packages/airflow/example_dags/example_local_kubernetes_executor.py
[2024-10-04T00:12:35.445+0000] {processor.py:925} INFO - DAG(s) 'example_local_kubernetes_executor' retrieved from /home/airflow/.local/lib/python3.12/site-packages/airflow/example_dags/example_local_kubernetes_executor.py
[2024-10-04T00:12:35.461+0000] {logging_mixin.py:190} INFO - [2024-10-04T00:12:35.461+0000] {dag.py:3239} INFO - Sync 1 DAGs
[2024-10-04T00:12:35.468+0000] {logging_mixin.py:190} INFO - [2024-10-04T00:12:35.468+0000] {dag.py:4180} INFO - Setting next_dagrun for example_local_kubernetes_executor to None, run_after=None
[2024-10-04T00:12:35.477+0000] {processor.py:208} INFO - Processing /home/airflow/.local/lib/python3.12/site-packages/airflow/example_dags/example_local_kubernetes_executor.py took 0.040 seconds
[2024-10-04T00:13:05.934+0000] {processor.py:186} INFO - Started process (PID=96467) to work on /home/airflow/.local/lib/python3.12/site-packages/airflow/example_dags/example_local_kubernetes_executor.py
[2024-10-04T00:13:05.935+0000] {processor.py:914} INFO - Processing file /home/airflow/.local/lib/python3.12/site-packages/airflow/example_dags/example_local_kubernetes_executor.py for tasks to queue
[2024-10-04T00:13:05.936+0000] {logging_mixin.py:190} INFO - [2024-10-04T00:13:05.936+0000] {dagbag.py:588} INFO - Filling up the DagBag from /home/airflow/.local/lib/python3.12/site-packages/airflow/example_dags/example_local_kubernetes_executor.py
[2024-10-04T00:13:05.942+0000] {processor.py:925} INFO - DAG(s) 'example_local_kubernetes_executor' retrieved from /home/airflow/.local/lib/python3.12/site-packages/airflow/example_dags/example_local_kubernetes_executor.py
[2024-10-04T00:13:05.960+0000] {logging_mixin.py:190} INFO - [2024-10-04T00:13:05.960+0000] {dag.py:3239} INFO - Sync 1 DAGs
[2024-10-04T00:13:05.968+0000] {logging_mixin.py:190} INFO - [2024-10-04T00:13:05.967+0000] {dag.py:4180} INFO - Setting next_dagrun for example_local_kubernetes_executor to None, run_after=None
[2024-10-04T00:13:05.977+0000] {processor.py:208} INFO - Processing /home/airflow/.local/lib/python3.12/site-packages/airflow/example_dags/example_local_kubernetes_executor.py took 0.045 seconds
[2024-10-04T00:13:36.301+0000] {processor.py:186} INFO - Started process (PID=96530) to work on /home/airflow/.local/lib/python3.12/site-packages/airflow/example_dags/example_local_kubernetes_executor.py
[2024-10-04T00:13:36.302+0000] {processor.py:914} INFO - Processing file /home/airflow/.local/lib/python3.12/site-packages/airflow/example_dags/example_local_kubernetes_executor.py for tasks to queue
[2024-10-04T00:13:36.303+0000] {logging_mixin.py:190} INFO - [2024-10-04T00:13:36.302+0000] {dagbag.py:588} INFO - Filling up the DagBag from /home/airflow/.local/lib/python3.12/site-packages/airflow/example_dags/example_local_kubernetes_executor.py
[2024-10-04T00:13:36.308+0000] {processor.py:925} INFO - DAG(s) 'example_local_kubernetes_executor' retrieved from /home/airflow/.local/lib/python3.12/site-packages/airflow/example_dags/example_local_kubernetes_executor.py
[2024-10-04T00:13:36.326+0000] {logging_mixin.py:190} INFO - [2024-10-04T00:13:36.326+0000] {dag.py:3239} INFO - Sync 1 DAGs
[2024-10-04T00:13:36.334+0000] {logging_mixin.py:190} INFO - [2024-10-04T00:13:36.334+0000] {dag.py:4180} INFO - Setting next_dagrun for example_local_kubernetes_executor to None, run_after=None
[2024-10-04T00:13:36.344+0000] {processor.py:208} INFO - Processing /home/airflow/.local/lib/python3.12/site-packages/airflow/example_dags/example_local_kubernetes_executor.py took 0.046 seconds
[2024-10-04T00:14:06.717+0000] {processor.py:186} INFO - Started process (PID=96593) to work on /home/airflow/.local/lib/python3.12/site-packages/airflow/example_dags/example_local_kubernetes_executor.py
[2024-10-04T00:14:06.718+0000] {processor.py:914} INFO - Processing file /home/airflow/.local/lib/python3.12/site-packages/airflow/example_dags/example_local_kubernetes_executor.py for tasks to queue
[2024-10-04T00:14:06.718+0000] {logging_mixin.py:190} INFO - [2024-10-04T00:14:06.718+0000] {dagbag.py:588} INFO - Filling up the DagBag from /home/airflow/.local/lib/python3.12/site-packages/airflow/example_dags/example_local_kubernetes_executor.py
[2024-10-04T00:14:06.723+0000] {processor.py:925} INFO - DAG(s) 'example_local_kubernetes_executor' retrieved from /home/airflow/.local/lib/python3.12/site-packages/airflow/example_dags/example_local_kubernetes_executor.py
[2024-10-04T00:14:06.739+0000] {logging_mixin.py:190} INFO - [2024-10-04T00:14:06.739+0000] {dag.py:3239} INFO - Sync 1 DAGs
[2024-10-04T00:14:06.748+0000] {logging_mixin.py:190} INFO - [2024-10-04T00:14:06.747+0000] {dag.py:4180} INFO - Setting next_dagrun for example_local_kubernetes_executor to None, run_after=None
[2024-10-04T00:14:06.757+0000] {processor.py:208} INFO - Processing /home/airflow/.local/lib/python3.12/site-packages/airflow/example_dags/example_local_kubernetes_executor.py took 0.044 seconds
[2024-10-04T00:14:37.202+0000] {processor.py:186} INFO - Started process (PID=96655) to work on /home/airflow/.local/lib/python3.12/site-packages/airflow/example_dags/example_local_kubernetes_executor.py
[2024-10-04T00:14:37.202+0000] {processor.py:914} INFO - Processing file /home/airflow/.local/lib/python3.12/site-packages/airflow/example_dags/example_local_kubernetes_executor.py for tasks to queue
[2024-10-04T00:14:37.203+0000] {logging_mixin.py:190} INFO - [2024-10-04T00:14:37.203+0000] {dagbag.py:588} INFO - Filling up the DagBag from /home/airflow/.local/lib/python3.12/site-packages/airflow/example_dags/example_local_kubernetes_executor.py
[2024-10-04T00:14:37.208+0000] {processor.py:925} INFO - DAG(s) 'example_local_kubernetes_executor' retrieved from /home/airflow/.local/lib/python3.12/site-packages/airflow/example_dags/example_local_kubernetes_executor.py
[2024-10-04T00:14:37.224+0000] {logging_mixin.py:190} INFO - [2024-10-04T00:14:37.224+0000] {dag.py:3239} INFO - Sync 1 DAGs
[2024-10-04T00:14:37.231+0000] {logging_mixin.py:190} INFO - [2024-10-04T00:14:37.231+0000] {dag.py:4180} INFO - Setting next_dagrun for example_local_kubernetes_executor to None, run_after=None
[2024-10-04T00:14:37.241+0000] {processor.py:208} INFO - Processing /home/airflow/.local/lib/python3.12/site-packages/airflow/example_dags/example_local_kubernetes_executor.py took 0.043 seconds
[2024-10-04T00:15:07.784+0000] {processor.py:186} INFO - Started process (PID=96718) to work on /home/airflow/.local/lib/python3.12/site-packages/airflow/example_dags/example_local_kubernetes_executor.py
[2024-10-04T00:15:07.784+0000] {processor.py:914} INFO - Processing file /home/airflow/.local/lib/python3.12/site-packages/airflow/example_dags/example_local_kubernetes_executor.py for tasks to queue
[2024-10-04T00:15:07.785+0000] {logging_mixin.py:190} INFO - [2024-10-04T00:15:07.785+0000] {dagbag.py:588} INFO - Filling up the DagBag from /home/airflow/.local/lib/python3.12/site-packages/airflow/example_dags/example_local_kubernetes_executor.py
[2024-10-04T00:15:07.790+0000] {processor.py:925} INFO - DAG(s) 'example_local_kubernetes_executor' retrieved from /home/airflow/.local/lib/python3.12/site-packages/airflow/example_dags/example_local_kubernetes_executor.py
[2024-10-04T00:15:07.805+0000] {logging_mixin.py:190} INFO - [2024-10-04T00:15:07.805+0000] {dag.py:3239} INFO - Sync 1 DAGs
[2024-10-04T00:15:07.812+0000] {logging_mixin.py:190} INFO - [2024-10-04T00:15:07.812+0000] {dag.py:4180} INFO - Setting next_dagrun for example_local_kubernetes_executor to None, run_after=None
[2024-10-04T00:15:07.821+0000] {processor.py:208} INFO - Processing /home/airflow/.local/lib/python3.12/site-packages/airflow/example_dags/example_local_kubernetes_executor.py took 0.041 seconds
[2024-10-04T00:15:38.325+0000] {processor.py:186} INFO - Started process (PID=96781) to work on /home/airflow/.local/lib/python3.12/site-packages/airflow/example_dags/example_local_kubernetes_executor.py
[2024-10-04T00:15:38.325+0000] {processor.py:914} INFO - Processing file /home/airflow/.local/lib/python3.12/site-packages/airflow/example_dags/example_local_kubernetes_executor.py for tasks to queue
[2024-10-04T00:15:38.326+0000] {logging_mixin.py:190} INFO - [2024-10-04T00:15:38.325+0000] {dagbag.py:588} INFO - Filling up the DagBag from /home/airflow/.local/lib/python3.12/site-packages/airflow/example_dags/example_local_kubernetes_executor.py
[2024-10-04T00:15:38.331+0000] {processor.py:925} INFO - DAG(s) 'example_local_kubernetes_executor' retrieved from /home/airflow/.local/lib/python3.12/site-packages/airflow/example_dags/example_local_kubernetes_executor.py
[2024-10-04T00:15:38.347+0000] {logging_mixin.py:190} INFO - [2024-10-04T00:15:38.346+0000] {dag.py:3239} INFO - Sync 1 DAGs
[2024-10-04T00:15:38.353+0000] {logging_mixin.py:190} INFO - [2024-10-04T00:15:38.353+0000] {dag.py:4180} INFO - Setting next_dagrun for example_local_kubernetes_executor to None, run_after=None
[2024-10-04T00:15:38.362+0000] {processor.py:208} INFO - Processing /home/airflow/.local/lib/python3.12/site-packages/airflow/example_dags/example_local_kubernetes_executor.py took 0.041 seconds
[2024-10-04T00:16:08.755+0000] {processor.py:186} INFO - Started process (PID=96844) to work on /home/airflow/.local/lib/python3.12/site-packages/airflow/example_dags/example_local_kubernetes_executor.py
[2024-10-04T00:16:08.755+0000] {processor.py:914} INFO - Processing file /home/airflow/.local/lib/python3.12/site-packages/airflow/example_dags/example_local_kubernetes_executor.py for tasks to queue
[2024-10-04T00:16:08.756+0000] {logging_mixin.py:190} INFO - [2024-10-04T00:16:08.756+0000] {dagbag.py:588} INFO - Filling up the DagBag from /home/airflow/.local/lib/python3.12/site-packages/airflow/example_dags/example_local_kubernetes_executor.py
[2024-10-04T00:16:08.762+0000] {processor.py:925} INFO - DAG(s) 'example_local_kubernetes_executor' retrieved from /home/airflow/.local/lib/python3.12/site-packages/airflow/example_dags/example_local_kubernetes_executor.py
[2024-10-04T00:16:08.777+0000] {logging_mixin.py:190} INFO - [2024-10-04T00:16:08.777+0000] {dag.py:3239} INFO - Sync 1 DAGs
[2024-10-04T00:16:08.784+0000] {logging_mixin.py:190} INFO - [2024-10-04T00:16:08.784+0000] {dag.py:4180} INFO - Setting next_dagrun for example_local_kubernetes_executor to None, run_after=None
[2024-10-04T00:16:08.793+0000] {processor.py:208} INFO - Processing /home/airflow/.local/lib/python3.12/site-packages/airflow/example_dags/example_local_kubernetes_executor.py took 0.042 seconds
[2024-10-04T00:16:39.478+0000] {processor.py:186} INFO - Started process (PID=96907) to work on /home/airflow/.local/lib/python3.12/site-packages/airflow/example_dags/example_local_kubernetes_executor.py
[2024-10-04T00:16:39.479+0000] {processor.py:914} INFO - Processing file /home/airflow/.local/lib/python3.12/site-packages/airflow/example_dags/example_local_kubernetes_executor.py for tasks to queue
[2024-10-04T00:16:39.480+0000] {logging_mixin.py:190} INFO - [2024-10-04T00:16:39.479+0000] {dagbag.py:588} INFO - Filling up the DagBag from /home/airflow/.local/lib/python3.12/site-packages/airflow/example_dags/example_local_kubernetes_executor.py
[2024-10-04T00:16:39.486+0000] {processor.py:925} INFO - DAG(s) 'example_local_kubernetes_executor' retrieved from /home/airflow/.local/lib/python3.12/site-packages/airflow/example_dags/example_local_kubernetes_executor.py
[2024-10-04T00:16:39.502+0000] {logging_mixin.py:190} INFO - [2024-10-04T00:16:39.502+0000] {dag.py:3239} INFO - Sync 1 DAGs
[2024-10-04T00:16:39.509+0000] {logging_mixin.py:190} INFO - [2024-10-04T00:16:39.509+0000] {dag.py:4180} INFO - Setting next_dagrun for example_local_kubernetes_executor to None, run_after=None
[2024-10-04T00:16:39.518+0000] {processor.py:208} INFO - Processing /home/airflow/.local/lib/python3.12/site-packages/airflow/example_dags/example_local_kubernetes_executor.py took 0.043 seconds
[2024-10-04T00:17:10.044+0000] {processor.py:186} INFO - Started process (PID=96970) to work on /home/airflow/.local/lib/python3.12/site-packages/airflow/example_dags/example_local_kubernetes_executor.py
[2024-10-04T00:17:10.045+0000] {processor.py:914} INFO - Processing file /home/airflow/.local/lib/python3.12/site-packages/airflow/example_dags/example_local_kubernetes_executor.py for tasks to queue
[2024-10-04T00:17:10.046+0000] {logging_mixin.py:190} INFO - [2024-10-04T00:17:10.046+0000] {dagbag.py:588} INFO - Filling up the DagBag from /home/airflow/.local/lib/python3.12/site-packages/airflow/example_dags/example_local_kubernetes_executor.py
[2024-10-04T00:17:10.051+0000] {processor.py:925} INFO - DAG(s) 'example_local_kubernetes_executor' retrieved from /home/airflow/.local/lib/python3.12/site-packages/airflow/example_dags/example_local_kubernetes_executor.py
[2024-10-04T00:17:10.067+0000] {logging_mixin.py:190} INFO - [2024-10-04T00:17:10.067+0000] {dag.py:3239} INFO - Sync 1 DAGs
[2024-10-04T00:17:10.074+0000] {logging_mixin.py:190} INFO - [2024-10-04T00:17:10.074+0000] {dag.py:4180} INFO - Setting next_dagrun for example_local_kubernetes_executor to None, run_after=None
[2024-10-04T00:17:10.084+0000] {processor.py:208} INFO - Processing /home/airflow/.local/lib/python3.12/site-packages/airflow/example_dags/example_local_kubernetes_executor.py took 0.046 seconds
[2024-10-04T00:17:40.652+0000] {processor.py:186} INFO - Started process (PID=97033) to work on /home/airflow/.local/lib/python3.12/site-packages/airflow/example_dags/example_local_kubernetes_executor.py
[2024-10-04T00:17:40.653+0000] {processor.py:914} INFO - Processing file /home/airflow/.local/lib/python3.12/site-packages/airflow/example_dags/example_local_kubernetes_executor.py for tasks to queue
[2024-10-04T00:17:40.654+0000] {logging_mixin.py:190} INFO - [2024-10-04T00:17:40.654+0000] {dagbag.py:588} INFO - Filling up the DagBag from /home/airflow/.local/lib/python3.12/site-packages/airflow/example_dags/example_local_kubernetes_executor.py
[2024-10-04T00:17:40.663+0000] {processor.py:925} INFO - DAG(s) 'example_local_kubernetes_executor' retrieved from /home/airflow/.local/lib/python3.12/site-packages/airflow/example_dags/example_local_kubernetes_executor.py
[2024-10-04T00:17:40.677+0000] {logging_mixin.py:190} INFO - [2024-10-04T00:17:40.677+0000] {dag.py:3239} INFO - Sync 1 DAGs
[2024-10-04T00:17:40.684+0000] {logging_mixin.py:190} INFO - [2024-10-04T00:17:40.684+0000] {dag.py:4180} INFO - Setting next_dagrun for example_local_kubernetes_executor to None, run_after=None
[2024-10-04T00:17:40.694+0000] {processor.py:208} INFO - Processing /home/airflow/.local/lib/python3.12/site-packages/airflow/example_dags/example_local_kubernetes_executor.py took 0.049 seconds
[2024-10-04T00:18:11.166+0000] {processor.py:186} INFO - Started process (PID=97096) to work on /home/airflow/.local/lib/python3.12/site-packages/airflow/example_dags/example_local_kubernetes_executor.py
[2024-10-04T00:18:11.166+0000] {processor.py:914} INFO - Processing file /home/airflow/.local/lib/python3.12/site-packages/airflow/example_dags/example_local_kubernetes_executor.py for tasks to queue
[2024-10-04T00:18:11.167+0000] {logging_mixin.py:190} INFO - [2024-10-04T00:18:11.167+0000] {dagbag.py:588} INFO - Filling up the DagBag from /home/airflow/.local/lib/python3.12/site-packages/airflow/example_dags/example_local_kubernetes_executor.py
[2024-10-04T00:18:11.172+0000] {processor.py:925} INFO - DAG(s) 'example_local_kubernetes_executor' retrieved from /home/airflow/.local/lib/python3.12/site-packages/airflow/example_dags/example_local_kubernetes_executor.py
[2024-10-04T00:18:11.188+0000] {logging_mixin.py:190} INFO - [2024-10-04T00:18:11.188+0000] {dag.py:3239} INFO - Sync 1 DAGs
[2024-10-04T00:18:11.194+0000] {logging_mixin.py:190} INFO - [2024-10-04T00:18:11.194+0000] {dag.py:4180} INFO - Setting next_dagrun for example_local_kubernetes_executor to None, run_after=None
[2024-10-04T00:18:11.203+0000] {processor.py:208} INFO - Processing /home/airflow/.local/lib/python3.12/site-packages/airflow/example_dags/example_local_kubernetes_executor.py took 0.040 seconds
[2024-10-04T00:18:41.517+0000] {processor.py:186} INFO - Started process (PID=97159) to work on /home/airflow/.local/lib/python3.12/site-packages/airflow/example_dags/example_local_kubernetes_executor.py
[2024-10-04T00:18:41.517+0000] {processor.py:914} INFO - Processing file /home/airflow/.local/lib/python3.12/site-packages/airflow/example_dags/example_local_kubernetes_executor.py for tasks to queue
[2024-10-04T00:18:41.518+0000] {logging_mixin.py:190} INFO - [2024-10-04T00:18:41.518+0000] {dagbag.py:588} INFO - Filling up the DagBag from /home/airflow/.local/lib/python3.12/site-packages/airflow/example_dags/example_local_kubernetes_executor.py
[2024-10-04T00:18:41.524+0000] {processor.py:925} INFO - DAG(s) 'example_local_kubernetes_executor' retrieved from /home/airflow/.local/lib/python3.12/site-packages/airflow/example_dags/example_local_kubernetes_executor.py
[2024-10-04T00:18:41.542+0000] {logging_mixin.py:190} INFO - [2024-10-04T00:18:41.542+0000] {dag.py:3239} INFO - Sync 1 DAGs
[2024-10-04T00:18:41.550+0000] {logging_mixin.py:190} INFO - [2024-10-04T00:18:41.550+0000] {dag.py:4180} INFO - Setting next_dagrun for example_local_kubernetes_executor to None, run_after=None
[2024-10-04T00:18:41.569+0000] {processor.py:208} INFO - Processing /home/airflow/.local/lib/python3.12/site-packages/airflow/example_dags/example_local_kubernetes_executor.py took 0.056 seconds
[2024-10-04T00:19:12.404+0000] {processor.py:186} INFO - Started process (PID=97222) to work on /home/airflow/.local/lib/python3.12/site-packages/airflow/example_dags/example_local_kubernetes_executor.py
[2024-10-04T00:19:12.404+0000] {processor.py:914} INFO - Processing file /home/airflow/.local/lib/python3.12/site-packages/airflow/example_dags/example_local_kubernetes_executor.py for tasks to queue
[2024-10-04T00:19:12.405+0000] {logging_mixin.py:190} INFO - [2024-10-04T00:19:12.405+0000] {dagbag.py:588} INFO - Filling up the DagBag from /home/airflow/.local/lib/python3.12/site-packages/airflow/example_dags/example_local_kubernetes_executor.py
[2024-10-04T00:19:12.410+0000] {processor.py:925} INFO - DAG(s) 'example_local_kubernetes_executor' retrieved from /home/airflow/.local/lib/python3.12/site-packages/airflow/example_dags/example_local_kubernetes_executor.py
[2024-10-04T00:19:12.426+0000] {logging_mixin.py:190} INFO - [2024-10-04T00:19:12.426+0000] {dag.py:3239} INFO - Sync 1 DAGs
[2024-10-04T00:19:12.434+0000] {logging_mixin.py:190} INFO - [2024-10-04T00:19:12.434+0000] {dag.py:4180} INFO - Setting next_dagrun for example_local_kubernetes_executor to None, run_after=None
[2024-10-04T00:19:12.444+0000] {processor.py:208} INFO - Processing /home/airflow/.local/lib/python3.12/site-packages/airflow/example_dags/example_local_kubernetes_executor.py took 0.044 seconds
[2024-10-04T00:19:42.840+0000] {processor.py:186} INFO - Started process (PID=97285) to work on /home/airflow/.local/lib/python3.12/site-packages/airflow/example_dags/example_local_kubernetes_executor.py
[2024-10-04T00:19:42.841+0000] {processor.py:914} INFO - Processing file /home/airflow/.local/lib/python3.12/site-packages/airflow/example_dags/example_local_kubernetes_executor.py for tasks to queue
[2024-10-04T00:19:42.842+0000] {logging_mixin.py:190} INFO - [2024-10-04T00:19:42.842+0000] {dagbag.py:588} INFO - Filling up the DagBag from /home/airflow/.local/lib/python3.12/site-packages/airflow/example_dags/example_local_kubernetes_executor.py
[2024-10-04T00:19:42.849+0000] {processor.py:925} INFO - DAG(s) 'example_local_kubernetes_executor' retrieved from /home/airflow/.local/lib/python3.12/site-packages/airflow/example_dags/example_local_kubernetes_executor.py
[2024-10-04T00:19:42.867+0000] {logging_mixin.py:190} INFO - [2024-10-04T00:19:42.866+0000] {dag.py:3239} INFO - Sync 1 DAGs
[2024-10-04T00:19:42.875+0000] {logging_mixin.py:190} INFO - [2024-10-04T00:19:42.875+0000] {dag.py:4180} INFO - Setting next_dagrun for example_local_kubernetes_executor to None, run_after=None
[2024-10-04T00:19:42.890+0000] {processor.py:208} INFO - Processing /home/airflow/.local/lib/python3.12/site-packages/airflow/example_dags/example_local_kubernetes_executor.py took 0.053 seconds
[2024-10-04T00:20:13.455+0000] {processor.py:186} INFO - Started process (PID=97348) to work on /home/airflow/.local/lib/python3.12/site-packages/airflow/example_dags/example_local_kubernetes_executor.py
[2024-10-04T00:20:13.456+0000] {processor.py:914} INFO - Processing file /home/airflow/.local/lib/python3.12/site-packages/airflow/example_dags/example_local_kubernetes_executor.py for tasks to queue
[2024-10-04T00:20:13.457+0000] {logging_mixin.py:190} INFO - [2024-10-04T00:20:13.456+0000] {dagbag.py:588} INFO - Filling up the DagBag from /home/airflow/.local/lib/python3.12/site-packages/airflow/example_dags/example_local_kubernetes_executor.py
[2024-10-04T00:20:13.462+0000] {processor.py:925} INFO - DAG(s) 'example_local_kubernetes_executor' retrieved from /home/airflow/.local/lib/python3.12/site-packages/airflow/example_dags/example_local_kubernetes_executor.py
[2024-10-04T00:20:13.479+0000] {logging_mixin.py:190} INFO - [2024-10-04T00:20:13.479+0000] {dag.py:3239} INFO - Sync 1 DAGs
[2024-10-04T00:20:13.486+0000] {logging_mixin.py:190} INFO - [2024-10-04T00:20:13.486+0000] {dag.py:4180} INFO - Setting next_dagrun for example_local_kubernetes_executor to None, run_after=None
[2024-10-04T00:20:13.497+0000] {processor.py:208} INFO - Processing /home/airflow/.local/lib/python3.12/site-packages/airflow/example_dags/example_local_kubernetes_executor.py took 0.044 seconds
[2024-10-04T00:20:44.026+0000] {processor.py:186} INFO - Started process (PID=97411) to work on /home/airflow/.local/lib/python3.12/site-packages/airflow/example_dags/example_local_kubernetes_executor.py
[2024-10-04T00:20:44.026+0000] {processor.py:914} INFO - Processing file /home/airflow/.local/lib/python3.12/site-packages/airflow/example_dags/example_local_kubernetes_executor.py for tasks to queue
[2024-10-04T00:20:44.027+0000] {logging_mixin.py:190} INFO - [2024-10-04T00:20:44.027+0000] {dagbag.py:588} INFO - Filling up the DagBag from /home/airflow/.local/lib/python3.12/site-packages/airflow/example_dags/example_local_kubernetes_executor.py
[2024-10-04T00:20:44.033+0000] {processor.py:925} INFO - DAG(s) 'example_local_kubernetes_executor' retrieved from /home/airflow/.local/lib/python3.12/site-packages/airflow/example_dags/example_local_kubernetes_executor.py
[2024-10-04T00:20:44.047+0000] {logging_mixin.py:190} INFO - [2024-10-04T00:20:44.047+0000] {dag.py:3239} INFO - Sync 1 DAGs
[2024-10-04T00:20:44.055+0000] {logging_mixin.py:190} INFO - [2024-10-04T00:20:44.054+0000] {dag.py:4180} INFO - Setting next_dagrun for example_local_kubernetes_executor to None, run_after=None
[2024-10-04T00:20:44.063+0000] {processor.py:208} INFO - Processing /home/airflow/.local/lib/python3.12/site-packages/airflow/example_dags/example_local_kubernetes_executor.py took 0.041 seconds
[2024-10-04T00:21:14.588+0000] {processor.py:186} INFO - Started process (PID=97474) to work on /home/airflow/.local/lib/python3.12/site-packages/airflow/example_dags/example_local_kubernetes_executor.py
[2024-10-04T00:21:14.589+0000] {processor.py:914} INFO - Processing file /home/airflow/.local/lib/python3.12/site-packages/airflow/example_dags/example_local_kubernetes_executor.py for tasks to queue
[2024-10-04T00:21:14.590+0000] {logging_mixin.py:190} INFO - [2024-10-04T00:21:14.589+0000] {dagbag.py:588} INFO - Filling up the DagBag from /home/airflow/.local/lib/python3.12/site-packages/airflow/example_dags/example_local_kubernetes_executor.py
[2024-10-04T00:21:14.596+0000] {processor.py:925} INFO - DAG(s) 'example_local_kubernetes_executor' retrieved from /home/airflow/.local/lib/python3.12/site-packages/airflow/example_dags/example_local_kubernetes_executor.py
[2024-10-04T00:21:14.612+0000] {logging_mixin.py:190} INFO - [2024-10-04T00:21:14.612+0000] {dag.py:3239} INFO - Sync 1 DAGs
[2024-10-04T00:21:14.619+0000] {logging_mixin.py:190} INFO - [2024-10-04T00:21:14.619+0000] {dag.py:4180} INFO - Setting next_dagrun for example_local_kubernetes_executor to None, run_after=None
[2024-10-04T00:21:14.630+0000] {processor.py:208} INFO - Processing /home/airflow/.local/lib/python3.12/site-packages/airflow/example_dags/example_local_kubernetes_executor.py took 0.045 seconds
[2024-10-04T00:21:45.650+0000] {processor.py:186} INFO - Started process (PID=97537) to work on /home/airflow/.local/lib/python3.12/site-packages/airflow/example_dags/example_local_kubernetes_executor.py
[2024-10-04T00:21:45.650+0000] {processor.py:914} INFO - Processing file /home/airflow/.local/lib/python3.12/site-packages/airflow/example_dags/example_local_kubernetes_executor.py for tasks to queue
[2024-10-04T00:21:45.651+0000] {logging_mixin.py:190} INFO - [2024-10-04T00:21:45.650+0000] {dagbag.py:588} INFO - Filling up the DagBag from /home/airflow/.local/lib/python3.12/site-packages/airflow/example_dags/example_local_kubernetes_executor.py
[2024-10-04T00:21:45.656+0000] {processor.py:925} INFO - DAG(s) 'example_local_kubernetes_executor' retrieved from /home/airflow/.local/lib/python3.12/site-packages/airflow/example_dags/example_local_kubernetes_executor.py
[2024-10-04T00:21:45.676+0000] {logging_mixin.py:190} INFO - [2024-10-04T00:21:45.675+0000] {dag.py:3239} INFO - Sync 1 DAGs
[2024-10-04T00:21:45.682+0000] {logging_mixin.py:190} INFO - [2024-10-04T00:21:45.682+0000] {dag.py:4180} INFO - Setting next_dagrun for example_local_kubernetes_executor to None, run_after=None
[2024-10-04T00:21:45.693+0000] {processor.py:208} INFO - Processing /home/airflow/.local/lib/python3.12/site-packages/airflow/example_dags/example_local_kubernetes_executor.py took 0.047 seconds
