[2024-10-04T00:00:28.036+0000] {processor.py:186} INFO - Started process (PID=94880) to work on /home/airflow/.local/lib/python3.12/site-packages/airflow/example_dags/example_dag_decorator.py
[2024-10-04T00:00:28.038+0000] {processor.py:914} INFO - Processing file /home/airflow/.local/lib/python3.12/site-packages/airflow/example_dags/example_dag_decorator.py for tasks to queue
[2024-10-04T00:00:28.039+0000] {logging_mixin.py:190} INFO - [2024-10-04T00:00:28.039+0000] {dagbag.py:588} INFO - Filling up the DagBag from /home/airflow/.local/lib/python3.12/site-packages/airflow/example_dags/example_dag_decorator.py
[2024-10-04T00:00:28.052+0000] {processor.py:925} INFO - DAG(s) 'example_dag_decorator' retrieved from /home/airflow/.local/lib/python3.12/site-packages/airflow/example_dags/example_dag_decorator.py
[2024-10-04T00:00:28.067+0000] {logging_mixin.py:190} INFO - [2024-10-04T00:00:28.067+0000] {dag.py:3239} INFO - Sync 1 DAGs
[2024-10-04T00:00:28.076+0000] {logging_mixin.py:190} INFO - [2024-10-04T00:00:28.076+0000] {dag.py:4180} INFO - Setting next_dagrun for example_dag_decorator to None, run_after=None
[2024-10-04T00:00:28.086+0000] {processor.py:208} INFO - Processing /home/airflow/.local/lib/python3.12/site-packages/airflow/example_dags/example_dag_decorator.py took 0.058 seconds
[2024-10-04T00:00:58.231+0000] {processor.py:186} INFO - Started process (PID=94943) to work on /home/airflow/.local/lib/python3.12/site-packages/airflow/example_dags/example_dag_decorator.py
[2024-10-04T00:00:58.233+0000] {processor.py:914} INFO - Processing file /home/airflow/.local/lib/python3.12/site-packages/airflow/example_dags/example_dag_decorator.py for tasks to queue
[2024-10-04T00:00:58.234+0000] {logging_mixin.py:190} INFO - [2024-10-04T00:00:58.234+0000] {dagbag.py:588} INFO - Filling up the DagBag from /home/airflow/.local/lib/python3.12/site-packages/airflow/example_dags/example_dag_decorator.py
[2024-10-04T00:00:58.244+0000] {processor.py:925} INFO - DAG(s) 'example_dag_decorator' retrieved from /home/airflow/.local/lib/python3.12/site-packages/airflow/example_dags/example_dag_decorator.py
[2024-10-04T00:00:58.257+0000] {logging_mixin.py:190} INFO - [2024-10-04T00:00:58.257+0000] {dag.py:3239} INFO - Sync 1 DAGs
[2024-10-04T00:00:58.265+0000] {logging_mixin.py:190} INFO - [2024-10-04T00:00:58.265+0000] {dag.py:4180} INFO - Setting next_dagrun for example_dag_decorator to None, run_after=None
[2024-10-04T00:00:58.275+0000] {processor.py:208} INFO - Processing /home/airflow/.local/lib/python3.12/site-packages/airflow/example_dags/example_dag_decorator.py took 0.052 seconds
[2024-10-04T00:01:28.372+0000] {processor.py:186} INFO - Started process (PID=95006) to work on /home/airflow/.local/lib/python3.12/site-packages/airflow/example_dags/example_dag_decorator.py
[2024-10-04T00:01:28.373+0000] {processor.py:914} INFO - Processing file /home/airflow/.local/lib/python3.12/site-packages/airflow/example_dags/example_dag_decorator.py for tasks to queue
[2024-10-04T00:01:28.374+0000] {logging_mixin.py:190} INFO - [2024-10-04T00:01:28.374+0000] {dagbag.py:588} INFO - Filling up the DagBag from /home/airflow/.local/lib/python3.12/site-packages/airflow/example_dags/example_dag_decorator.py
[2024-10-04T00:01:28.380+0000] {processor.py:925} INFO - DAG(s) 'example_dag_decorator' retrieved from /home/airflow/.local/lib/python3.12/site-packages/airflow/example_dags/example_dag_decorator.py
[2024-10-04T00:01:28.391+0000] {logging_mixin.py:190} INFO - [2024-10-04T00:01:28.390+0000] {dag.py:3239} INFO - Sync 1 DAGs
[2024-10-04T00:01:28.397+0000] {logging_mixin.py:190} INFO - [2024-10-04T00:01:28.397+0000] {dag.py:4180} INFO - Setting next_dagrun for example_dag_decorator to None, run_after=None
[2024-10-04T00:01:28.407+0000] {processor.py:208} INFO - Processing /home/airflow/.local/lib/python3.12/site-packages/airflow/example_dags/example_dag_decorator.py took 0.039 seconds
[2024-10-04T00:01:58.628+0000] {processor.py:186} INFO - Started process (PID=95069) to work on /home/airflow/.local/lib/python3.12/site-packages/airflow/example_dags/example_dag_decorator.py
[2024-10-04T00:01:58.629+0000] {processor.py:914} INFO - Processing file /home/airflow/.local/lib/python3.12/site-packages/airflow/example_dags/example_dag_decorator.py for tasks to queue
[2024-10-04T00:01:58.630+0000] {logging_mixin.py:190} INFO - [2024-10-04T00:01:58.630+0000] {dagbag.py:588} INFO - Filling up the DagBag from /home/airflow/.local/lib/python3.12/site-packages/airflow/example_dags/example_dag_decorator.py
[2024-10-04T00:01:58.636+0000] {processor.py:925} INFO - DAG(s) 'example_dag_decorator' retrieved from /home/airflow/.local/lib/python3.12/site-packages/airflow/example_dags/example_dag_decorator.py
[2024-10-04T00:01:58.690+0000] {logging_mixin.py:190} INFO - [2024-10-04T00:01:58.689+0000] {dag.py:3239} INFO - Sync 1 DAGs
[2024-10-04T00:01:58.696+0000] {logging_mixin.py:190} INFO - [2024-10-04T00:01:58.696+0000] {dag.py:4180} INFO - Setting next_dagrun for example_dag_decorator to None, run_after=None
[2024-10-04T00:01:58.706+0000] {processor.py:208} INFO - Processing /home/airflow/.local/lib/python3.12/site-packages/airflow/example_dags/example_dag_decorator.py took 0.082 seconds
[2024-10-04T00:02:28.838+0000] {processor.py:186} INFO - Started process (PID=95132) to work on /home/airflow/.local/lib/python3.12/site-packages/airflow/example_dags/example_dag_decorator.py
[2024-10-04T00:02:28.838+0000] {processor.py:914} INFO - Processing file /home/airflow/.local/lib/python3.12/site-packages/airflow/example_dags/example_dag_decorator.py for tasks to queue
[2024-10-04T00:02:28.839+0000] {logging_mixin.py:190} INFO - [2024-10-04T00:02:28.839+0000] {dagbag.py:588} INFO - Filling up the DagBag from /home/airflow/.local/lib/python3.12/site-packages/airflow/example_dags/example_dag_decorator.py
[2024-10-04T00:02:28.847+0000] {processor.py:925} INFO - DAG(s) 'example_dag_decorator' retrieved from /home/airflow/.local/lib/python3.12/site-packages/airflow/example_dags/example_dag_decorator.py
[2024-10-04T00:02:28.917+0000] {logging_mixin.py:190} INFO - [2024-10-04T00:02:28.917+0000] {dag.py:3239} INFO - Sync 1 DAGs
[2024-10-04T00:02:28.925+0000] {logging_mixin.py:190} INFO - [2024-10-04T00:02:28.925+0000] {dag.py:4180} INFO - Setting next_dagrun for example_dag_decorator to None, run_after=None
[2024-10-04T00:02:28.945+0000] {processor.py:208} INFO - Processing /home/airflow/.local/lib/python3.12/site-packages/airflow/example_dags/example_dag_decorator.py took 0.110 seconds
[2024-10-04T00:02:59.111+0000] {processor.py:186} INFO - Started process (PID=95195) to work on /home/airflow/.local/lib/python3.12/site-packages/airflow/example_dags/example_dag_decorator.py
[2024-10-04T00:02:59.113+0000] {processor.py:914} INFO - Processing file /home/airflow/.local/lib/python3.12/site-packages/airflow/example_dags/example_dag_decorator.py for tasks to queue
[2024-10-04T00:02:59.115+0000] {logging_mixin.py:190} INFO - [2024-10-04T00:02:59.114+0000] {dagbag.py:588} INFO - Filling up the DagBag from /home/airflow/.local/lib/python3.12/site-packages/airflow/example_dags/example_dag_decorator.py
[2024-10-04T00:02:59.123+0000] {processor.py:925} INFO - DAG(s) 'example_dag_decorator' retrieved from /home/airflow/.local/lib/python3.12/site-packages/airflow/example_dags/example_dag_decorator.py
[2024-10-04T00:02:59.140+0000] {logging_mixin.py:190} INFO - [2024-10-04T00:02:59.140+0000] {dag.py:3239} INFO - Sync 1 DAGs
[2024-10-04T00:02:59.150+0000] {logging_mixin.py:190} INFO - [2024-10-04T00:02:59.150+0000] {dag.py:4180} INFO - Setting next_dagrun for example_dag_decorator to None, run_after=None
[2024-10-04T00:02:59.166+0000] {processor.py:208} INFO - Processing /home/airflow/.local/lib/python3.12/site-packages/airflow/example_dags/example_dag_decorator.py took 0.063 seconds
[2024-10-04T00:03:29.294+0000] {processor.py:186} INFO - Started process (PID=95258) to work on /home/airflow/.local/lib/python3.12/site-packages/airflow/example_dags/example_dag_decorator.py
[2024-10-04T00:03:29.295+0000] {processor.py:914} INFO - Processing file /home/airflow/.local/lib/python3.12/site-packages/airflow/example_dags/example_dag_decorator.py for tasks to queue
[2024-10-04T00:03:29.296+0000] {logging_mixin.py:190} INFO - [2024-10-04T00:03:29.296+0000] {dagbag.py:588} INFO - Filling up the DagBag from /home/airflow/.local/lib/python3.12/site-packages/airflow/example_dags/example_dag_decorator.py
[2024-10-04T00:03:29.304+0000] {processor.py:925} INFO - DAG(s) 'example_dag_decorator' retrieved from /home/airflow/.local/lib/python3.12/site-packages/airflow/example_dags/example_dag_decorator.py
[2024-10-04T00:03:29.355+0000] {logging_mixin.py:190} INFO - [2024-10-04T00:03:29.355+0000] {dag.py:3239} INFO - Sync 1 DAGs
[2024-10-04T00:03:29.362+0000] {logging_mixin.py:190} INFO - [2024-10-04T00:03:29.362+0000] {dag.py:4180} INFO - Setting next_dagrun for example_dag_decorator to None, run_after=None
[2024-10-04T00:03:29.371+0000] {processor.py:208} INFO - Processing /home/airflow/.local/lib/python3.12/site-packages/airflow/example_dags/example_dag_decorator.py took 0.083 seconds
[2024-10-04T00:03:59.449+0000] {processor.py:186} INFO - Started process (PID=95321) to work on /home/airflow/.local/lib/python3.12/site-packages/airflow/example_dags/example_dag_decorator.py
[2024-10-04T00:03:59.452+0000] {processor.py:914} INFO - Processing file /home/airflow/.local/lib/python3.12/site-packages/airflow/example_dags/example_dag_decorator.py for tasks to queue
[2024-10-04T00:03:59.453+0000] {logging_mixin.py:190} INFO - [2024-10-04T00:03:59.453+0000] {dagbag.py:588} INFO - Filling up the DagBag from /home/airflow/.local/lib/python3.12/site-packages/airflow/example_dags/example_dag_decorator.py
[2024-10-04T00:03:59.464+0000] {processor.py:925} INFO - DAG(s) 'example_dag_decorator' retrieved from /home/airflow/.local/lib/python3.12/site-packages/airflow/example_dags/example_dag_decorator.py
[2024-10-04T00:03:59.526+0000] {logging_mixin.py:190} INFO - [2024-10-04T00:03:59.526+0000] {dag.py:3239} INFO - Sync 1 DAGs
[2024-10-04T00:03:59.532+0000] {logging_mixin.py:190} INFO - [2024-10-04T00:03:59.532+0000] {dag.py:4180} INFO - Setting next_dagrun for example_dag_decorator to None, run_after=None
[2024-10-04T00:03:59.541+0000] {processor.py:208} INFO - Processing /home/airflow/.local/lib/python3.12/site-packages/airflow/example_dags/example_dag_decorator.py took 0.101 seconds
[2024-10-04T00:04:29.597+0000] {processor.py:186} INFO - Started process (PID=95384) to work on /home/airflow/.local/lib/python3.12/site-packages/airflow/example_dags/example_dag_decorator.py
[2024-10-04T00:04:29.598+0000] {processor.py:914} INFO - Processing file /home/airflow/.local/lib/python3.12/site-packages/airflow/example_dags/example_dag_decorator.py for tasks to queue
[2024-10-04T00:04:29.599+0000] {logging_mixin.py:190} INFO - [2024-10-04T00:04:29.599+0000] {dagbag.py:588} INFO - Filling up the DagBag from /home/airflow/.local/lib/python3.12/site-packages/airflow/example_dags/example_dag_decorator.py
[2024-10-04T00:04:29.605+0000] {processor.py:925} INFO - DAG(s) 'example_dag_decorator' retrieved from /home/airflow/.local/lib/python3.12/site-packages/airflow/example_dags/example_dag_decorator.py
[2024-10-04T00:04:29.663+0000] {logging_mixin.py:190} INFO - [2024-10-04T00:04:29.663+0000] {dag.py:3239} INFO - Sync 1 DAGs
[2024-10-04T00:04:29.668+0000] {logging_mixin.py:190} INFO - [2024-10-04T00:04:29.668+0000] {dag.py:4180} INFO - Setting next_dagrun for example_dag_decorator to None, run_after=None
[2024-10-04T00:04:29.681+0000] {processor.py:208} INFO - Processing /home/airflow/.local/lib/python3.12/site-packages/airflow/example_dags/example_dag_decorator.py took 0.087 seconds
[2024-10-04T00:04:59.964+0000] {processor.py:186} INFO - Started process (PID=95447) to work on /home/airflow/.local/lib/python3.12/site-packages/airflow/example_dags/example_dag_decorator.py
[2024-10-04T00:04:59.965+0000] {processor.py:914} INFO - Processing file /home/airflow/.local/lib/python3.12/site-packages/airflow/example_dags/example_dag_decorator.py for tasks to queue
[2024-10-04T00:04:59.966+0000] {logging_mixin.py:190} INFO - [2024-10-04T00:04:59.966+0000] {dagbag.py:588} INFO - Filling up the DagBag from /home/airflow/.local/lib/python3.12/site-packages/airflow/example_dags/example_dag_decorator.py
[2024-10-04T00:04:59.975+0000] {processor.py:925} INFO - DAG(s) 'example_dag_decorator' retrieved from /home/airflow/.local/lib/python3.12/site-packages/airflow/example_dags/example_dag_decorator.py
[2024-10-04T00:05:00.031+0000] {logging_mixin.py:190} INFO - [2024-10-04T00:05:00.031+0000] {dag.py:3239} INFO - Sync 1 DAGs
[2024-10-04T00:05:00.037+0000] {logging_mixin.py:190} INFO - [2024-10-04T00:05:00.037+0000] {dag.py:4180} INFO - Setting next_dagrun for example_dag_decorator to None, run_after=None
[2024-10-04T00:05:00.047+0000] {processor.py:208} INFO - Processing /home/airflow/.local/lib/python3.12/site-packages/airflow/example_dags/example_dag_decorator.py took 0.089 seconds
[2024-10-04T00:05:30.198+0000] {processor.py:186} INFO - Started process (PID=95510) to work on /home/airflow/.local/lib/python3.12/site-packages/airflow/example_dags/example_dag_decorator.py
[2024-10-04T00:05:30.199+0000] {processor.py:914} INFO - Processing file /home/airflow/.local/lib/python3.12/site-packages/airflow/example_dags/example_dag_decorator.py for tasks to queue
[2024-10-04T00:05:30.199+0000] {logging_mixin.py:190} INFO - [2024-10-04T00:05:30.199+0000] {dagbag.py:588} INFO - Filling up the DagBag from /home/airflow/.local/lib/python3.12/site-packages/airflow/example_dags/example_dag_decorator.py
[2024-10-04T00:05:30.210+0000] {processor.py:925} INFO - DAG(s) 'example_dag_decorator' retrieved from /home/airflow/.local/lib/python3.12/site-packages/airflow/example_dags/example_dag_decorator.py
[2024-10-04T00:05:30.274+0000] {logging_mixin.py:190} INFO - [2024-10-04T00:05:30.274+0000] {dag.py:3239} INFO - Sync 1 DAGs
[2024-10-04T00:05:30.281+0000] {logging_mixin.py:190} INFO - [2024-10-04T00:05:30.281+0000] {dag.py:4180} INFO - Setting next_dagrun for example_dag_decorator to None, run_after=None
[2024-10-04T00:05:30.291+0000] {processor.py:208} INFO - Processing /home/airflow/.local/lib/python3.12/site-packages/airflow/example_dags/example_dag_decorator.py took 0.100 seconds
[2024-10-04T00:06:00.564+0000] {processor.py:186} INFO - Started process (PID=95573) to work on /home/airflow/.local/lib/python3.12/site-packages/airflow/example_dags/example_dag_decorator.py
[2024-10-04T00:06:00.564+0000] {processor.py:914} INFO - Processing file /home/airflow/.local/lib/python3.12/site-packages/airflow/example_dags/example_dag_decorator.py for tasks to queue
[2024-10-04T00:06:00.565+0000] {logging_mixin.py:190} INFO - [2024-10-04T00:06:00.565+0000] {dagbag.py:588} INFO - Filling up the DagBag from /home/airflow/.local/lib/python3.12/site-packages/airflow/example_dags/example_dag_decorator.py
[2024-10-04T00:06:00.575+0000] {processor.py:925} INFO - DAG(s) 'example_dag_decorator' retrieved from /home/airflow/.local/lib/python3.12/site-packages/airflow/example_dags/example_dag_decorator.py
[2024-10-04T00:06:00.633+0000] {logging_mixin.py:190} INFO - [2024-10-04T00:06:00.633+0000] {dag.py:3239} INFO - Sync 1 DAGs
[2024-10-04T00:06:00.639+0000] {logging_mixin.py:190} INFO - [2024-10-04T00:06:00.639+0000] {dag.py:4180} INFO - Setting next_dagrun for example_dag_decorator to None, run_after=None
[2024-10-04T00:06:00.649+0000] {processor.py:208} INFO - Processing /home/airflow/.local/lib/python3.12/site-packages/airflow/example_dags/example_dag_decorator.py took 0.090 seconds
[2024-10-04T00:06:30.672+0000] {processor.py:186} INFO - Started process (PID=95636) to work on /home/airflow/.local/lib/python3.12/site-packages/airflow/example_dags/example_dag_decorator.py
[2024-10-04T00:06:30.673+0000] {processor.py:914} INFO - Processing file /home/airflow/.local/lib/python3.12/site-packages/airflow/example_dags/example_dag_decorator.py for tasks to queue
[2024-10-04T00:06:30.673+0000] {logging_mixin.py:190} INFO - [2024-10-04T00:06:30.673+0000] {dagbag.py:588} INFO - Filling up the DagBag from /home/airflow/.local/lib/python3.12/site-packages/airflow/example_dags/example_dag_decorator.py
[2024-10-04T00:06:30.680+0000] {processor.py:925} INFO - DAG(s) 'example_dag_decorator' retrieved from /home/airflow/.local/lib/python3.12/site-packages/airflow/example_dags/example_dag_decorator.py
[2024-10-04T00:06:30.737+0000] {logging_mixin.py:190} INFO - [2024-10-04T00:06:30.737+0000] {dag.py:3239} INFO - Sync 1 DAGs
[2024-10-04T00:06:30.744+0000] {logging_mixin.py:190} INFO - [2024-10-04T00:06:30.744+0000] {dag.py:4180} INFO - Setting next_dagrun for example_dag_decorator to None, run_after=None
[2024-10-04T00:06:30.755+0000] {processor.py:208} INFO - Processing /home/airflow/.local/lib/python3.12/site-packages/airflow/example_dags/example_dag_decorator.py took 0.085 seconds
[2024-10-04T00:07:00.991+0000] {processor.py:186} INFO - Started process (PID=95699) to work on /home/airflow/.local/lib/python3.12/site-packages/airflow/example_dags/example_dag_decorator.py
[2024-10-04T00:07:00.993+0000] {processor.py:914} INFO - Processing file /home/airflow/.local/lib/python3.12/site-packages/airflow/example_dags/example_dag_decorator.py for tasks to queue
[2024-10-04T00:07:00.995+0000] {logging_mixin.py:190} INFO - [2024-10-04T00:07:00.994+0000] {dagbag.py:588} INFO - Filling up the DagBag from /home/airflow/.local/lib/python3.12/site-packages/airflow/example_dags/example_dag_decorator.py
[2024-10-04T00:07:01.009+0000] {processor.py:925} INFO - DAG(s) 'example_dag_decorator' retrieved from /home/airflow/.local/lib/python3.12/site-packages/airflow/example_dags/example_dag_decorator.py
[2024-10-04T00:07:01.071+0000] {logging_mixin.py:190} INFO - [2024-10-04T00:07:01.071+0000] {dag.py:3239} INFO - Sync 1 DAGs
[2024-10-04T00:07:01.079+0000] {logging_mixin.py:190} INFO - [2024-10-04T00:07:01.079+0000] {dag.py:4180} INFO - Setting next_dagrun for example_dag_decorator to None, run_after=None
[2024-10-04T00:07:01.090+0000] {processor.py:208} INFO - Processing /home/airflow/.local/lib/python3.12/site-packages/airflow/example_dags/example_dag_decorator.py took 0.107 seconds
[2024-10-04T00:07:31.244+0000] {processor.py:186} INFO - Started process (PID=95762) to work on /home/airflow/.local/lib/python3.12/site-packages/airflow/example_dags/example_dag_decorator.py
[2024-10-04T00:07:31.246+0000] {processor.py:914} INFO - Processing file /home/airflow/.local/lib/python3.12/site-packages/airflow/example_dags/example_dag_decorator.py for tasks to queue
[2024-10-04T00:07:31.248+0000] {logging_mixin.py:190} INFO - [2024-10-04T00:07:31.248+0000] {dagbag.py:588} INFO - Filling up the DagBag from /home/airflow/.local/lib/python3.12/site-packages/airflow/example_dags/example_dag_decorator.py
[2024-10-04T00:07:31.260+0000] {processor.py:925} INFO - DAG(s) 'example_dag_decorator' retrieved from /home/airflow/.local/lib/python3.12/site-packages/airflow/example_dags/example_dag_decorator.py
[2024-10-04T00:07:31.274+0000] {logging_mixin.py:190} INFO - [2024-10-04T00:07:31.274+0000] {dag.py:3239} INFO - Sync 1 DAGs
[2024-10-04T00:07:31.283+0000] {logging_mixin.py:190} INFO - [2024-10-04T00:07:31.283+0000] {dag.py:4180} INFO - Setting next_dagrun for example_dag_decorator to None, run_after=None
[2024-10-04T00:07:31.295+0000] {processor.py:208} INFO - Processing /home/airflow/.local/lib/python3.12/site-packages/airflow/example_dags/example_dag_decorator.py took 0.059 seconds
[2024-10-04T00:08:01.506+0000] {processor.py:186} INFO - Started process (PID=95825) to work on /home/airflow/.local/lib/python3.12/site-packages/airflow/example_dags/example_dag_decorator.py
[2024-10-04T00:08:01.507+0000] {processor.py:914} INFO - Processing file /home/airflow/.local/lib/python3.12/site-packages/airflow/example_dags/example_dag_decorator.py for tasks to queue
[2024-10-04T00:08:01.508+0000] {logging_mixin.py:190} INFO - [2024-10-04T00:08:01.508+0000] {dagbag.py:588} INFO - Filling up the DagBag from /home/airflow/.local/lib/python3.12/site-packages/airflow/example_dags/example_dag_decorator.py
[2024-10-04T00:08:01.519+0000] {processor.py:925} INFO - DAG(s) 'example_dag_decorator' retrieved from /home/airflow/.local/lib/python3.12/site-packages/airflow/example_dags/example_dag_decorator.py
[2024-10-04T00:08:01.578+0000] {logging_mixin.py:190} INFO - [2024-10-04T00:08:01.578+0000] {dag.py:3239} INFO - Sync 1 DAGs
[2024-10-04T00:08:01.584+0000] {logging_mixin.py:190} INFO - [2024-10-04T00:08:01.584+0000] {dag.py:4180} INFO - Setting next_dagrun for example_dag_decorator to None, run_after=None
[2024-10-04T00:08:01.595+0000] {processor.py:208} INFO - Processing /home/airflow/.local/lib/python3.12/site-packages/airflow/example_dags/example_dag_decorator.py took 0.097 seconds
[2024-10-04T00:08:31.930+0000] {processor.py:186} INFO - Started process (PID=95888) to work on /home/airflow/.local/lib/python3.12/site-packages/airflow/example_dags/example_dag_decorator.py
[2024-10-04T00:08:31.931+0000] {processor.py:914} INFO - Processing file /home/airflow/.local/lib/python3.12/site-packages/airflow/example_dags/example_dag_decorator.py for tasks to queue
[2024-10-04T00:08:31.933+0000] {logging_mixin.py:190} INFO - [2024-10-04T00:08:31.932+0000] {dagbag.py:588} INFO - Filling up the DagBag from /home/airflow/.local/lib/python3.12/site-packages/airflow/example_dags/example_dag_decorator.py
[2024-10-04T00:08:31.948+0000] {processor.py:925} INFO - DAG(s) 'example_dag_decorator' retrieved from /home/airflow/.local/lib/python3.12/site-packages/airflow/example_dags/example_dag_decorator.py
[2024-10-04T00:08:32.012+0000] {logging_mixin.py:190} INFO - [2024-10-04T00:08:32.012+0000] {dag.py:3239} INFO - Sync 1 DAGs
[2024-10-04T00:08:32.018+0000] {logging_mixin.py:190} INFO - [2024-10-04T00:08:32.018+0000] {dag.py:4180} INFO - Setting next_dagrun for example_dag_decorator to None, run_after=None
[2024-10-04T00:08:32.029+0000] {processor.py:208} INFO - Processing /home/airflow/.local/lib/python3.12/site-packages/airflow/example_dags/example_dag_decorator.py took 0.106 seconds
[2024-10-04T00:09:02.233+0000] {processor.py:186} INFO - Started process (PID=95951) to work on /home/airflow/.local/lib/python3.12/site-packages/airflow/example_dags/example_dag_decorator.py
[2024-10-04T00:09:02.238+0000] {processor.py:914} INFO - Processing file /home/airflow/.local/lib/python3.12/site-packages/airflow/example_dags/example_dag_decorator.py for tasks to queue
[2024-10-04T00:09:02.241+0000] {logging_mixin.py:190} INFO - [2024-10-04T00:09:02.240+0000] {dagbag.py:588} INFO - Filling up the DagBag from /home/airflow/.local/lib/python3.12/site-packages/airflow/example_dags/example_dag_decorator.py
[2024-10-04T00:09:02.264+0000] {processor.py:925} INFO - DAG(s) 'example_dag_decorator' retrieved from /home/airflow/.local/lib/python3.12/site-packages/airflow/example_dags/example_dag_decorator.py
[2024-10-04T00:09:02.319+0000] {logging_mixin.py:190} INFO - [2024-10-04T00:09:02.319+0000] {dag.py:3239} INFO - Sync 1 DAGs
[2024-10-04T00:09:02.325+0000] {logging_mixin.py:190} INFO - [2024-10-04T00:09:02.325+0000] {dag.py:4180} INFO - Setting next_dagrun for example_dag_decorator to None, run_after=None
[2024-10-04T00:09:02.334+0000] {processor.py:208} INFO - Processing /home/airflow/.local/lib/python3.12/site-packages/airflow/example_dags/example_dag_decorator.py took 0.113 seconds
[2024-10-04T00:09:32.455+0000] {processor.py:186} INFO - Started process (PID=96014) to work on /home/airflow/.local/lib/python3.12/site-packages/airflow/example_dags/example_dag_decorator.py
[2024-10-04T00:09:32.457+0000] {processor.py:914} INFO - Processing file /home/airflow/.local/lib/python3.12/site-packages/airflow/example_dags/example_dag_decorator.py for tasks to queue
[2024-10-04T00:09:32.458+0000] {logging_mixin.py:190} INFO - [2024-10-04T00:09:32.458+0000] {dagbag.py:588} INFO - Filling up the DagBag from /home/airflow/.local/lib/python3.12/site-packages/airflow/example_dags/example_dag_decorator.py
[2024-10-04T00:09:32.467+0000] {processor.py:925} INFO - DAG(s) 'example_dag_decorator' retrieved from /home/airflow/.local/lib/python3.12/site-packages/airflow/example_dags/example_dag_decorator.py
[2024-10-04T00:09:32.529+0000] {logging_mixin.py:190} INFO - [2024-10-04T00:09:32.529+0000] {dag.py:3239} INFO - Sync 1 DAGs
[2024-10-04T00:09:32.535+0000] {logging_mixin.py:190} INFO - [2024-10-04T00:09:32.535+0000] {dag.py:4180} INFO - Setting next_dagrun for example_dag_decorator to None, run_after=None
[2024-10-04T00:09:32.545+0000] {processor.py:208} INFO - Processing /home/airflow/.local/lib/python3.12/site-packages/airflow/example_dags/example_dag_decorator.py took 0.095 seconds
[2024-10-04T00:10:02.862+0000] {processor.py:186} INFO - Started process (PID=96077) to work on /home/airflow/.local/lib/python3.12/site-packages/airflow/example_dags/example_dag_decorator.py
[2024-10-04T00:10:02.863+0000] {processor.py:914} INFO - Processing file /home/airflow/.local/lib/python3.12/site-packages/airflow/example_dags/example_dag_decorator.py for tasks to queue
[2024-10-04T00:10:02.864+0000] {logging_mixin.py:190} INFO - [2024-10-04T00:10:02.864+0000] {dagbag.py:588} INFO - Filling up the DagBag from /home/airflow/.local/lib/python3.12/site-packages/airflow/example_dags/example_dag_decorator.py
[2024-10-04T00:10:02.879+0000] {processor.py:925} INFO - DAG(s) 'example_dag_decorator' retrieved from /home/airflow/.local/lib/python3.12/site-packages/airflow/example_dags/example_dag_decorator.py
[2024-10-04T00:10:02.893+0000] {logging_mixin.py:190} INFO - [2024-10-04T00:10:02.893+0000] {dag.py:3239} INFO - Sync 1 DAGs
[2024-10-04T00:10:02.902+0000] {logging_mixin.py:190} INFO - [2024-10-04T00:10:02.901+0000] {dag.py:4180} INFO - Setting next_dagrun for example_dag_decorator to None, run_after=None
[2024-10-04T00:10:02.918+0000] {processor.py:208} INFO - Processing /home/airflow/.local/lib/python3.12/site-packages/airflow/example_dags/example_dag_decorator.py took 0.065 seconds
[2024-10-04T00:10:33.103+0000] {processor.py:186} INFO - Started process (PID=96140) to work on /home/airflow/.local/lib/python3.12/site-packages/airflow/example_dags/example_dag_decorator.py
[2024-10-04T00:10:33.106+0000] {processor.py:914} INFO - Processing file /home/airflow/.local/lib/python3.12/site-packages/airflow/example_dags/example_dag_decorator.py for tasks to queue
[2024-10-04T00:10:33.107+0000] {logging_mixin.py:190} INFO - [2024-10-04T00:10:33.107+0000] {dagbag.py:588} INFO - Filling up the DagBag from /home/airflow/.local/lib/python3.12/site-packages/airflow/example_dags/example_dag_decorator.py
[2024-10-04T00:10:33.123+0000] {processor.py:925} INFO - DAG(s) 'example_dag_decorator' retrieved from /home/airflow/.local/lib/python3.12/site-packages/airflow/example_dags/example_dag_decorator.py
[2024-10-04T00:10:33.179+0000] {logging_mixin.py:190} INFO - [2024-10-04T00:10:33.179+0000] {dag.py:3239} INFO - Sync 1 DAGs
[2024-10-04T00:10:33.185+0000] {logging_mixin.py:190} INFO - [2024-10-04T00:10:33.184+0000] {dag.py:4180} INFO - Setting next_dagrun for example_dag_decorator to None, run_after=None
[2024-10-04T00:10:33.195+0000] {processor.py:208} INFO - Processing /home/airflow/.local/lib/python3.12/site-packages/airflow/example_dags/example_dag_decorator.py took 0.100 seconds
[2024-10-04T00:11:03.424+0000] {processor.py:186} INFO - Started process (PID=96203) to work on /home/airflow/.local/lib/python3.12/site-packages/airflow/example_dags/example_dag_decorator.py
[2024-10-04T00:11:03.424+0000] {processor.py:914} INFO - Processing file /home/airflow/.local/lib/python3.12/site-packages/airflow/example_dags/example_dag_decorator.py for tasks to queue
[2024-10-04T00:11:03.425+0000] {logging_mixin.py:190} INFO - [2024-10-04T00:11:03.425+0000] {dagbag.py:588} INFO - Filling up the DagBag from /home/airflow/.local/lib/python3.12/site-packages/airflow/example_dags/example_dag_decorator.py
[2024-10-04T00:11:03.435+0000] {processor.py:925} INFO - DAG(s) 'example_dag_decorator' retrieved from /home/airflow/.local/lib/python3.12/site-packages/airflow/example_dags/example_dag_decorator.py
[2024-10-04T00:11:03.451+0000] {logging_mixin.py:190} INFO - [2024-10-04T00:11:03.451+0000] {dag.py:3239} INFO - Sync 1 DAGs
[2024-10-04T00:11:03.462+0000] {logging_mixin.py:190} INFO - [2024-10-04T00:11:03.461+0000] {dag.py:4180} INFO - Setting next_dagrun for example_dag_decorator to None, run_after=None
[2024-10-04T00:11:03.475+0000] {processor.py:208} INFO - Processing /home/airflow/.local/lib/python3.12/site-packages/airflow/example_dags/example_dag_decorator.py took 0.060 seconds
[2024-10-04T00:11:33.820+0000] {processor.py:186} INFO - Started process (PID=96266) to work on /home/airflow/.local/lib/python3.12/site-packages/airflow/example_dags/example_dag_decorator.py
[2024-10-04T00:11:33.820+0000] {processor.py:914} INFO - Processing file /home/airflow/.local/lib/python3.12/site-packages/airflow/example_dags/example_dag_decorator.py for tasks to queue
[2024-10-04T00:11:33.821+0000] {logging_mixin.py:190} INFO - [2024-10-04T00:11:33.821+0000] {dagbag.py:588} INFO - Filling up the DagBag from /home/airflow/.local/lib/python3.12/site-packages/airflow/example_dags/example_dag_decorator.py
[2024-10-04T00:11:33.829+0000] {processor.py:925} INFO - DAG(s) 'example_dag_decorator' retrieved from /home/airflow/.local/lib/python3.12/site-packages/airflow/example_dags/example_dag_decorator.py
[2024-10-04T00:11:33.842+0000] {logging_mixin.py:190} INFO - [2024-10-04T00:11:33.842+0000] {dag.py:3239} INFO - Sync 1 DAGs
[2024-10-04T00:11:33.850+0000] {logging_mixin.py:190} INFO - [2024-10-04T00:11:33.850+0000] {dag.py:4180} INFO - Setting next_dagrun for example_dag_decorator to None, run_after=None
[2024-10-04T00:11:33.862+0000] {processor.py:208} INFO - Processing /home/airflow/.local/lib/python3.12/site-packages/airflow/example_dags/example_dag_decorator.py took 0.047 seconds
[2024-10-04T00:12:04.239+0000] {processor.py:186} INFO - Started process (PID=96329) to work on /home/airflow/.local/lib/python3.12/site-packages/airflow/example_dags/example_dag_decorator.py
[2024-10-04T00:12:04.240+0000] {processor.py:914} INFO - Processing file /home/airflow/.local/lib/python3.12/site-packages/airflow/example_dags/example_dag_decorator.py for tasks to queue
[2024-10-04T00:12:04.241+0000] {logging_mixin.py:190} INFO - [2024-10-04T00:12:04.241+0000] {dagbag.py:588} INFO - Filling up the DagBag from /home/airflow/.local/lib/python3.12/site-packages/airflow/example_dags/example_dag_decorator.py
[2024-10-04T00:12:04.254+0000] {processor.py:925} INFO - DAG(s) 'example_dag_decorator' retrieved from /home/airflow/.local/lib/python3.12/site-packages/airflow/example_dags/example_dag_decorator.py
[2024-10-04T00:12:04.309+0000] {logging_mixin.py:190} INFO - [2024-10-04T00:12:04.308+0000] {dag.py:3239} INFO - Sync 1 DAGs
[2024-10-04T00:12:04.314+0000] {logging_mixin.py:190} INFO - [2024-10-04T00:12:04.314+0000] {dag.py:4180} INFO - Setting next_dagrun for example_dag_decorator to None, run_after=None
[2024-10-04T00:12:04.325+0000] {processor.py:208} INFO - Processing /home/airflow/.local/lib/python3.12/site-packages/airflow/example_dags/example_dag_decorator.py took 0.093 seconds
[2024-10-04T00:12:34.685+0000] {processor.py:186} INFO - Started process (PID=96392) to work on /home/airflow/.local/lib/python3.12/site-packages/airflow/example_dags/example_dag_decorator.py
[2024-10-04T00:12:34.686+0000] {processor.py:914} INFO - Processing file /home/airflow/.local/lib/python3.12/site-packages/airflow/example_dags/example_dag_decorator.py for tasks to queue
[2024-10-04T00:12:34.687+0000] {logging_mixin.py:190} INFO - [2024-10-04T00:12:34.687+0000] {dagbag.py:588} INFO - Filling up the DagBag from /home/airflow/.local/lib/python3.12/site-packages/airflow/example_dags/example_dag_decorator.py
[2024-10-04T00:12:34.696+0000] {processor.py:925} INFO - DAG(s) 'example_dag_decorator' retrieved from /home/airflow/.local/lib/python3.12/site-packages/airflow/example_dags/example_dag_decorator.py
[2024-10-04T00:12:34.757+0000] {logging_mixin.py:190} INFO - [2024-10-04T00:12:34.757+0000] {dag.py:3239} INFO - Sync 1 DAGs
[2024-10-04T00:12:34.764+0000] {logging_mixin.py:190} INFO - [2024-10-04T00:12:34.764+0000] {dag.py:4180} INFO - Setting next_dagrun for example_dag_decorator to None, run_after=None
[2024-10-04T00:12:34.774+0000] {processor.py:208} INFO - Processing /home/airflow/.local/lib/python3.12/site-packages/airflow/example_dags/example_dag_decorator.py took 0.094 seconds
[2024-10-04T00:13:05.163+0000] {processor.py:186} INFO - Started process (PID=96455) to work on /home/airflow/.local/lib/python3.12/site-packages/airflow/example_dags/example_dag_decorator.py
[2024-10-04T00:13:05.164+0000] {processor.py:914} INFO - Processing file /home/airflow/.local/lib/python3.12/site-packages/airflow/example_dags/example_dag_decorator.py for tasks to queue
[2024-10-04T00:13:05.165+0000] {logging_mixin.py:190} INFO - [2024-10-04T00:13:05.165+0000] {dagbag.py:588} INFO - Filling up the DagBag from /home/airflow/.local/lib/python3.12/site-packages/airflow/example_dags/example_dag_decorator.py
[2024-10-04T00:13:05.175+0000] {processor.py:925} INFO - DAG(s) 'example_dag_decorator' retrieved from /home/airflow/.local/lib/python3.12/site-packages/airflow/example_dags/example_dag_decorator.py
[2024-10-04T00:13:05.189+0000] {logging_mixin.py:190} INFO - [2024-10-04T00:13:05.189+0000] {dag.py:3239} INFO - Sync 1 DAGs
[2024-10-04T00:13:05.198+0000] {logging_mixin.py:190} INFO - [2024-10-04T00:13:05.198+0000] {dag.py:4180} INFO - Setting next_dagrun for example_dag_decorator to None, run_after=None
[2024-10-04T00:13:05.208+0000] {processor.py:208} INFO - Processing /home/airflow/.local/lib/python3.12/site-packages/airflow/example_dags/example_dag_decorator.py took 0.050 seconds
[2024-10-04T00:13:35.741+0000] {processor.py:186} INFO - Started process (PID=96518) to work on /home/airflow/.local/lib/python3.12/site-packages/airflow/example_dags/example_dag_decorator.py
[2024-10-04T00:13:35.741+0000] {processor.py:914} INFO - Processing file /home/airflow/.local/lib/python3.12/site-packages/airflow/example_dags/example_dag_decorator.py for tasks to queue
[2024-10-04T00:13:35.742+0000] {logging_mixin.py:190} INFO - [2024-10-04T00:13:35.742+0000] {dagbag.py:588} INFO - Filling up the DagBag from /home/airflow/.local/lib/python3.12/site-packages/airflow/example_dags/example_dag_decorator.py
[2024-10-04T00:13:35.750+0000] {processor.py:925} INFO - DAG(s) 'example_dag_decorator' retrieved from /home/airflow/.local/lib/python3.12/site-packages/airflow/example_dags/example_dag_decorator.py
[2024-10-04T00:13:35.812+0000] {logging_mixin.py:190} INFO - [2024-10-04T00:13:35.812+0000] {dag.py:3239} INFO - Sync 1 DAGs
[2024-10-04T00:13:35.819+0000] {logging_mixin.py:190} INFO - [2024-10-04T00:13:35.819+0000] {dag.py:4180} INFO - Setting next_dagrun for example_dag_decorator to None, run_after=None
[2024-10-04T00:13:35.831+0000] {processor.py:208} INFO - Processing /home/airflow/.local/lib/python3.12/site-packages/airflow/example_dags/example_dag_decorator.py took 0.094 seconds
[2024-10-04T00:14:06.063+0000] {processor.py:186} INFO - Started process (PID=96581) to work on /home/airflow/.local/lib/python3.12/site-packages/airflow/example_dags/example_dag_decorator.py
[2024-10-04T00:14:06.064+0000] {processor.py:914} INFO - Processing file /home/airflow/.local/lib/python3.12/site-packages/airflow/example_dags/example_dag_decorator.py for tasks to queue
[2024-10-04T00:14:06.066+0000] {logging_mixin.py:190} INFO - [2024-10-04T00:14:06.065+0000] {dagbag.py:588} INFO - Filling up the DagBag from /home/airflow/.local/lib/python3.12/site-packages/airflow/example_dags/example_dag_decorator.py
[2024-10-04T00:14:06.081+0000] {processor.py:925} INFO - DAG(s) 'example_dag_decorator' retrieved from /home/airflow/.local/lib/python3.12/site-packages/airflow/example_dags/example_dag_decorator.py
[2024-10-04T00:14:06.139+0000] {logging_mixin.py:190} INFO - [2024-10-04T00:14:06.139+0000] {dag.py:3239} INFO - Sync 1 DAGs
[2024-10-04T00:14:06.145+0000] {logging_mixin.py:190} INFO - [2024-10-04T00:14:06.145+0000] {dag.py:4180} INFO - Setting next_dagrun for example_dag_decorator to None, run_after=None
[2024-10-04T00:14:06.154+0000] {processor.py:208} INFO - Processing /home/airflow/.local/lib/python3.12/site-packages/airflow/example_dags/example_dag_decorator.py took 0.102 seconds
[2024-10-04T00:14:36.459+0000] {processor.py:186} INFO - Started process (PID=96643) to work on /home/airflow/.local/lib/python3.12/site-packages/airflow/example_dags/example_dag_decorator.py
[2024-10-04T00:14:36.460+0000] {processor.py:914} INFO - Processing file /home/airflow/.local/lib/python3.12/site-packages/airflow/example_dags/example_dag_decorator.py for tasks to queue
[2024-10-04T00:14:36.461+0000] {logging_mixin.py:190} INFO - [2024-10-04T00:14:36.461+0000] {dagbag.py:588} INFO - Filling up the DagBag from /home/airflow/.local/lib/python3.12/site-packages/airflow/example_dags/example_dag_decorator.py
[2024-10-04T00:14:36.468+0000] {processor.py:925} INFO - DAG(s) 'example_dag_decorator' retrieved from /home/airflow/.local/lib/python3.12/site-packages/airflow/example_dags/example_dag_decorator.py
[2024-10-04T00:14:36.482+0000] {logging_mixin.py:190} INFO - [2024-10-04T00:14:36.482+0000] {dag.py:3239} INFO - Sync 1 DAGs
[2024-10-04T00:14:36.491+0000] {logging_mixin.py:190} INFO - [2024-10-04T00:14:36.491+0000] {dag.py:4180} INFO - Setting next_dagrun for example_dag_decorator to None, run_after=None
[2024-10-04T00:14:36.510+0000] {processor.py:208} INFO - Processing /home/airflow/.local/lib/python3.12/site-packages/airflow/example_dags/example_dag_decorator.py took 0.056 seconds
[2024-10-04T00:15:07.022+0000] {processor.py:186} INFO - Started process (PID=96706) to work on /home/airflow/.local/lib/python3.12/site-packages/airflow/example_dags/example_dag_decorator.py
[2024-10-04T00:15:07.024+0000] {processor.py:914} INFO - Processing file /home/airflow/.local/lib/python3.12/site-packages/airflow/example_dags/example_dag_decorator.py for tasks to queue
[2024-10-04T00:15:07.025+0000] {logging_mixin.py:190} INFO - [2024-10-04T00:15:07.024+0000] {dagbag.py:588} INFO - Filling up the DagBag from /home/airflow/.local/lib/python3.12/site-packages/airflow/example_dags/example_dag_decorator.py
[2024-10-04T00:15:07.036+0000] {processor.py:925} INFO - DAG(s) 'example_dag_decorator' retrieved from /home/airflow/.local/lib/python3.12/site-packages/airflow/example_dags/example_dag_decorator.py
[2024-10-04T00:15:07.099+0000] {logging_mixin.py:190} INFO - [2024-10-04T00:15:07.099+0000] {dag.py:3239} INFO - Sync 1 DAGs
[2024-10-04T00:15:07.105+0000] {logging_mixin.py:190} INFO - [2024-10-04T00:15:07.105+0000] {dag.py:4180} INFO - Setting next_dagrun for example_dag_decorator to None, run_after=None
[2024-10-04T00:15:07.116+0000] {processor.py:208} INFO - Processing /home/airflow/.local/lib/python3.12/site-packages/airflow/example_dags/example_dag_decorator.py took 0.102 seconds
[2024-10-04T00:15:37.576+0000] {processor.py:186} INFO - Started process (PID=96769) to work on /home/airflow/.local/lib/python3.12/site-packages/airflow/example_dags/example_dag_decorator.py
[2024-10-04T00:15:37.577+0000] {processor.py:914} INFO - Processing file /home/airflow/.local/lib/python3.12/site-packages/airflow/example_dags/example_dag_decorator.py for tasks to queue
[2024-10-04T00:15:37.578+0000] {logging_mixin.py:190} INFO - [2024-10-04T00:15:37.578+0000] {dagbag.py:588} INFO - Filling up the DagBag from /home/airflow/.local/lib/python3.12/site-packages/airflow/example_dags/example_dag_decorator.py
[2024-10-04T00:15:37.594+0000] {processor.py:925} INFO - DAG(s) 'example_dag_decorator' retrieved from /home/airflow/.local/lib/python3.12/site-packages/airflow/example_dags/example_dag_decorator.py
[2024-10-04T00:15:37.651+0000] {logging_mixin.py:190} INFO - [2024-10-04T00:15:37.651+0000] {dag.py:3239} INFO - Sync 1 DAGs
[2024-10-04T00:15:37.657+0000] {logging_mixin.py:190} INFO - [2024-10-04T00:15:37.657+0000] {dag.py:4180} INFO - Setting next_dagrun for example_dag_decorator to None, run_after=None
[2024-10-04T00:15:37.671+0000] {processor.py:208} INFO - Processing /home/airflow/.local/lib/python3.12/site-packages/airflow/example_dags/example_dag_decorator.py took 0.103 seconds
[2024-10-04T00:16:08.023+0000] {processor.py:186} INFO - Started process (PID=96832) to work on /home/airflow/.local/lib/python3.12/site-packages/airflow/example_dags/example_dag_decorator.py
[2024-10-04T00:16:08.023+0000] {processor.py:914} INFO - Processing file /home/airflow/.local/lib/python3.12/site-packages/airflow/example_dags/example_dag_decorator.py for tasks to queue
[2024-10-04T00:16:08.024+0000] {logging_mixin.py:190} INFO - [2024-10-04T00:16:08.024+0000] {dagbag.py:588} INFO - Filling up the DagBag from /home/airflow/.local/lib/python3.12/site-packages/airflow/example_dags/example_dag_decorator.py
[2024-10-04T00:16:08.032+0000] {processor.py:925} INFO - DAG(s) 'example_dag_decorator' retrieved from /home/airflow/.local/lib/python3.12/site-packages/airflow/example_dags/example_dag_decorator.py
[2024-10-04T00:16:08.082+0000] {logging_mixin.py:190} INFO - [2024-10-04T00:16:08.081+0000] {dag.py:3239} INFO - Sync 1 DAGs
[2024-10-04T00:16:08.088+0000] {logging_mixin.py:190} INFO - [2024-10-04T00:16:08.088+0000] {dag.py:4180} INFO - Setting next_dagrun for example_dag_decorator to None, run_after=None
[2024-10-04T00:16:08.098+0000] {processor.py:208} INFO - Processing /home/airflow/.local/lib/python3.12/site-packages/airflow/example_dags/example_dag_decorator.py took 0.079 seconds
[2024-10-04T00:16:38.574+0000] {processor.py:186} INFO - Started process (PID=96895) to work on /home/airflow/.local/lib/python3.12/site-packages/airflow/example_dags/example_dag_decorator.py
[2024-10-04T00:16:38.574+0000] {processor.py:914} INFO - Processing file /home/airflow/.local/lib/python3.12/site-packages/airflow/example_dags/example_dag_decorator.py for tasks to queue
[2024-10-04T00:16:38.575+0000] {logging_mixin.py:190} INFO - [2024-10-04T00:16:38.575+0000] {dagbag.py:588} INFO - Filling up the DagBag from /home/airflow/.local/lib/python3.12/site-packages/airflow/example_dags/example_dag_decorator.py
[2024-10-04T00:16:38.582+0000] {processor.py:925} INFO - DAG(s) 'example_dag_decorator' retrieved from /home/airflow/.local/lib/python3.12/site-packages/airflow/example_dags/example_dag_decorator.py
[2024-10-04T00:16:38.632+0000] {logging_mixin.py:190} INFO - [2024-10-04T00:16:38.632+0000] {dag.py:3239} INFO - Sync 1 DAGs
[2024-10-04T00:16:38.639+0000] {logging_mixin.py:190} INFO - [2024-10-04T00:16:38.639+0000] {dag.py:4180} INFO - Setting next_dagrun for example_dag_decorator to None, run_after=None
[2024-10-04T00:16:38.766+0000] {processor.py:208} INFO - Processing /home/airflow/.local/lib/python3.12/site-packages/airflow/example_dags/example_dag_decorator.py took 0.196 seconds
[2024-10-04T00:17:09.226+0000] {processor.py:186} INFO - Started process (PID=96958) to work on /home/airflow/.local/lib/python3.12/site-packages/airflow/example_dags/example_dag_decorator.py
[2024-10-04T00:17:09.227+0000] {processor.py:914} INFO - Processing file /home/airflow/.local/lib/python3.12/site-packages/airflow/example_dags/example_dag_decorator.py for tasks to queue
[2024-10-04T00:17:09.228+0000] {logging_mixin.py:190} INFO - [2024-10-04T00:17:09.227+0000] {dagbag.py:588} INFO - Filling up the DagBag from /home/airflow/.local/lib/python3.12/site-packages/airflow/example_dags/example_dag_decorator.py
[2024-10-04T00:17:09.237+0000] {processor.py:925} INFO - DAG(s) 'example_dag_decorator' retrieved from /home/airflow/.local/lib/python3.12/site-packages/airflow/example_dags/example_dag_decorator.py
[2024-10-04T00:17:09.293+0000] {logging_mixin.py:190} INFO - [2024-10-04T00:17:09.293+0000] {dag.py:3239} INFO - Sync 1 DAGs
[2024-10-04T00:17:09.299+0000] {logging_mixin.py:190} INFO - [2024-10-04T00:17:09.299+0000] {dag.py:4180} INFO - Setting next_dagrun for example_dag_decorator to None, run_after=None
[2024-10-04T00:17:09.309+0000] {processor.py:208} INFO - Processing /home/airflow/.local/lib/python3.12/site-packages/airflow/example_dags/example_dag_decorator.py took 0.087 seconds
[2024-10-04T00:17:39.912+0000] {processor.py:186} INFO - Started process (PID=97021) to work on /home/airflow/.local/lib/python3.12/site-packages/airflow/example_dags/example_dag_decorator.py
[2024-10-04T00:17:39.913+0000] {processor.py:914} INFO - Processing file /home/airflow/.local/lib/python3.12/site-packages/airflow/example_dags/example_dag_decorator.py for tasks to queue
[2024-10-04T00:17:39.913+0000] {logging_mixin.py:190} INFO - [2024-10-04T00:17:39.913+0000] {dagbag.py:588} INFO - Filling up the DagBag from /home/airflow/.local/lib/python3.12/site-packages/airflow/example_dags/example_dag_decorator.py
[2024-10-04T00:17:39.923+0000] {processor.py:925} INFO - DAG(s) 'example_dag_decorator' retrieved from /home/airflow/.local/lib/python3.12/site-packages/airflow/example_dags/example_dag_decorator.py
[2024-10-04T00:17:39.984+0000] {logging_mixin.py:190} INFO - [2024-10-04T00:17:39.984+0000] {dag.py:3239} INFO - Sync 1 DAGs
[2024-10-04T00:17:39.990+0000] {logging_mixin.py:190} INFO - [2024-10-04T00:17:39.990+0000] {dag.py:4180} INFO - Setting next_dagrun for example_dag_decorator to None, run_after=None
[2024-10-04T00:17:40.009+0000] {processor.py:208} INFO - Processing /home/airflow/.local/lib/python3.12/site-packages/airflow/example_dags/example_dag_decorator.py took 0.102 seconds
[2024-10-04T00:18:10.452+0000] {processor.py:186} INFO - Started process (PID=97084) to work on /home/airflow/.local/lib/python3.12/site-packages/airflow/example_dags/example_dag_decorator.py
[2024-10-04T00:18:10.453+0000] {processor.py:914} INFO - Processing file /home/airflow/.local/lib/python3.12/site-packages/airflow/example_dags/example_dag_decorator.py for tasks to queue
[2024-10-04T00:18:10.454+0000] {logging_mixin.py:190} INFO - [2024-10-04T00:18:10.454+0000] {dagbag.py:588} INFO - Filling up the DagBag from /home/airflow/.local/lib/python3.12/site-packages/airflow/example_dags/example_dag_decorator.py
[2024-10-04T00:18:10.469+0000] {processor.py:925} INFO - DAG(s) 'example_dag_decorator' retrieved from /home/airflow/.local/lib/python3.12/site-packages/airflow/example_dags/example_dag_decorator.py
[2024-10-04T00:18:10.524+0000] {logging_mixin.py:190} INFO - [2024-10-04T00:18:10.524+0000] {dag.py:3239} INFO - Sync 1 DAGs
[2024-10-04T00:18:10.530+0000] {logging_mixin.py:190} INFO - [2024-10-04T00:18:10.530+0000] {dag.py:4180} INFO - Setting next_dagrun for example_dag_decorator to None, run_after=None
[2024-10-04T00:18:10.540+0000] {processor.py:208} INFO - Processing /home/airflow/.local/lib/python3.12/site-packages/airflow/example_dags/example_dag_decorator.py took 0.097 seconds
[2024-10-04T00:18:40.816+0000] {processor.py:186} INFO - Started process (PID=97147) to work on /home/airflow/.local/lib/python3.12/site-packages/airflow/example_dags/example_dag_decorator.py
[2024-10-04T00:18:40.816+0000] {processor.py:914} INFO - Processing file /home/airflow/.local/lib/python3.12/site-packages/airflow/example_dags/example_dag_decorator.py for tasks to queue
[2024-10-04T00:18:40.817+0000] {logging_mixin.py:190} INFO - [2024-10-04T00:18:40.817+0000] {dagbag.py:588} INFO - Filling up the DagBag from /home/airflow/.local/lib/python3.12/site-packages/airflow/example_dags/example_dag_decorator.py
[2024-10-04T00:18:40.825+0000] {processor.py:925} INFO - DAG(s) 'example_dag_decorator' retrieved from /home/airflow/.local/lib/python3.12/site-packages/airflow/example_dags/example_dag_decorator.py
[2024-10-04T00:18:40.881+0000] {logging_mixin.py:190} INFO - [2024-10-04T00:18:40.881+0000] {dag.py:3239} INFO - Sync 1 DAGs
[2024-10-04T00:18:40.888+0000] {logging_mixin.py:190} INFO - [2024-10-04T00:18:40.888+0000] {dag.py:4180} INFO - Setting next_dagrun for example_dag_decorator to None, run_after=None
[2024-10-04T00:18:40.899+0000] {processor.py:208} INFO - Processing /home/airflow/.local/lib/python3.12/site-packages/airflow/example_dags/example_dag_decorator.py took 0.087 seconds
[2024-10-04T00:19:11.645+0000] {processor.py:186} INFO - Started process (PID=97210) to work on /home/airflow/.local/lib/python3.12/site-packages/airflow/example_dags/example_dag_decorator.py
[2024-10-04T00:19:11.646+0000] {processor.py:914} INFO - Processing file /home/airflow/.local/lib/python3.12/site-packages/airflow/example_dags/example_dag_decorator.py for tasks to queue
[2024-10-04T00:19:11.647+0000] {logging_mixin.py:190} INFO - [2024-10-04T00:19:11.647+0000] {dagbag.py:588} INFO - Filling up the DagBag from /home/airflow/.local/lib/python3.12/site-packages/airflow/example_dags/example_dag_decorator.py
[2024-10-04T00:19:11.658+0000] {processor.py:925} INFO - DAG(s) 'example_dag_decorator' retrieved from /home/airflow/.local/lib/python3.12/site-packages/airflow/example_dags/example_dag_decorator.py
[2024-10-04T00:19:11.720+0000] {logging_mixin.py:190} INFO - [2024-10-04T00:19:11.720+0000] {dag.py:3239} INFO - Sync 1 DAGs
[2024-10-04T00:19:11.837+0000] {logging_mixin.py:190} INFO - [2024-10-04T00:19:11.837+0000] {dag.py:4180} INFO - Setting next_dagrun for example_dag_decorator to None, run_after=None
[2024-10-04T00:19:11.848+0000] {processor.py:208} INFO - Processing /home/airflow/.local/lib/python3.12/site-packages/airflow/example_dags/example_dag_decorator.py took 0.210 seconds
[2024-10-04T00:19:42.087+0000] {processor.py:186} INFO - Started process (PID=97273) to work on /home/airflow/.local/lib/python3.12/site-packages/airflow/example_dags/example_dag_decorator.py
[2024-10-04T00:19:42.088+0000] {processor.py:914} INFO - Processing file /home/airflow/.local/lib/python3.12/site-packages/airflow/example_dags/example_dag_decorator.py for tasks to queue
[2024-10-04T00:19:42.089+0000] {logging_mixin.py:190} INFO - [2024-10-04T00:19:42.088+0000] {dagbag.py:588} INFO - Filling up the DagBag from /home/airflow/.local/lib/python3.12/site-packages/airflow/example_dags/example_dag_decorator.py
[2024-10-04T00:19:42.097+0000] {processor.py:925} INFO - DAG(s) 'example_dag_decorator' retrieved from /home/airflow/.local/lib/python3.12/site-packages/airflow/example_dags/example_dag_decorator.py
[2024-10-04T00:19:42.156+0000] {logging_mixin.py:190} INFO - [2024-10-04T00:19:42.156+0000] {dag.py:3239} INFO - Sync 1 DAGs
[2024-10-04T00:19:42.318+0000] {logging_mixin.py:190} INFO - [2024-10-04T00:19:42.317+0000] {dag.py:4180} INFO - Setting next_dagrun for example_dag_decorator to None, run_after=None
[2024-10-04T00:19:42.328+0000] {processor.py:208} INFO - Processing /home/airflow/.local/lib/python3.12/site-packages/airflow/example_dags/example_dag_decorator.py took 0.249 seconds
[2024-10-04T00:20:12.811+0000] {processor.py:186} INFO - Started process (PID=97336) to work on /home/airflow/.local/lib/python3.12/site-packages/airflow/example_dags/example_dag_decorator.py
[2024-10-04T00:20:12.812+0000] {processor.py:914} INFO - Processing file /home/airflow/.local/lib/python3.12/site-packages/airflow/example_dags/example_dag_decorator.py for tasks to queue
[2024-10-04T00:20:12.814+0000] {logging_mixin.py:190} INFO - [2024-10-04T00:20:12.813+0000] {dagbag.py:588} INFO - Filling up the DagBag from /home/airflow/.local/lib/python3.12/site-packages/airflow/example_dags/example_dag_decorator.py
[2024-10-04T00:20:12.827+0000] {processor.py:925} INFO - DAG(s) 'example_dag_decorator' retrieved from /home/airflow/.local/lib/python3.12/site-packages/airflow/example_dags/example_dag_decorator.py
[2024-10-04T00:20:12.881+0000] {logging_mixin.py:190} INFO - [2024-10-04T00:20:12.881+0000] {dag.py:3239} INFO - Sync 1 DAGs
[2024-10-04T00:20:12.887+0000] {logging_mixin.py:190} INFO - [2024-10-04T00:20:12.887+0000] {dag.py:4180} INFO - Setting next_dagrun for example_dag_decorator to None, run_after=None
[2024-10-04T00:20:12.900+0000] {processor.py:208} INFO - Processing /home/airflow/.local/lib/python3.12/site-packages/airflow/example_dags/example_dag_decorator.py took 0.097 seconds
[2024-10-04T00:20:43.182+0000] {processor.py:186} INFO - Started process (PID=97399) to work on /home/airflow/.local/lib/python3.12/site-packages/airflow/example_dags/example_dag_decorator.py
[2024-10-04T00:20:43.183+0000] {processor.py:914} INFO - Processing file /home/airflow/.local/lib/python3.12/site-packages/airflow/example_dags/example_dag_decorator.py for tasks to queue
[2024-10-04T00:20:43.185+0000] {logging_mixin.py:190} INFO - [2024-10-04T00:20:43.184+0000] {dagbag.py:588} INFO - Filling up the DagBag from /home/airflow/.local/lib/python3.12/site-packages/airflow/example_dags/example_dag_decorator.py
[2024-10-04T00:20:43.200+0000] {processor.py:925} INFO - DAG(s) 'example_dag_decorator' retrieved from /home/airflow/.local/lib/python3.12/site-packages/airflow/example_dags/example_dag_decorator.py
[2024-10-04T00:20:43.260+0000] {logging_mixin.py:190} INFO - [2024-10-04T00:20:43.260+0000] {dag.py:3239} INFO - Sync 1 DAGs
[2024-10-04T00:20:43.267+0000] {logging_mixin.py:190} INFO - [2024-10-04T00:20:43.267+0000] {dag.py:4180} INFO - Setting next_dagrun for example_dag_decorator to None, run_after=None
[2024-10-04T00:20:43.284+0000] {processor.py:208} INFO - Processing /home/airflow/.local/lib/python3.12/site-packages/airflow/example_dags/example_dag_decorator.py took 0.110 seconds
[2024-10-04T00:21:13.850+0000] {processor.py:186} INFO - Started process (PID=97462) to work on /home/airflow/.local/lib/python3.12/site-packages/airflow/example_dags/example_dag_decorator.py
[2024-10-04T00:21:13.850+0000] {processor.py:914} INFO - Processing file /home/airflow/.local/lib/python3.12/site-packages/airflow/example_dags/example_dag_decorator.py for tasks to queue
[2024-10-04T00:21:13.851+0000] {logging_mixin.py:190} INFO - [2024-10-04T00:21:13.851+0000] {dagbag.py:588} INFO - Filling up the DagBag from /home/airflow/.local/lib/python3.12/site-packages/airflow/example_dags/example_dag_decorator.py
[2024-10-04T00:21:13.858+0000] {processor.py:925} INFO - DAG(s) 'example_dag_decorator' retrieved from /home/airflow/.local/lib/python3.12/site-packages/airflow/example_dags/example_dag_decorator.py
[2024-10-04T00:21:14.044+0000] {logging_mixin.py:190} INFO - [2024-10-04T00:21:14.043+0000] {dag.py:3239} INFO - Sync 1 DAGs
[2024-10-04T00:21:14.049+0000] {logging_mixin.py:190} INFO - [2024-10-04T00:21:14.049+0000] {dag.py:4180} INFO - Setting next_dagrun for example_dag_decorator to None, run_after=None
[2024-10-04T00:21:14.060+0000] {processor.py:208} INFO - Processing /home/airflow/.local/lib/python3.12/site-packages/airflow/example_dags/example_dag_decorator.py took 0.214 seconds
[2024-10-04T00:21:44.826+0000] {processor.py:186} INFO - Started process (PID=97525) to work on /home/airflow/.local/lib/python3.12/site-packages/airflow/example_dags/example_dag_decorator.py
[2024-10-04T00:21:44.826+0000] {processor.py:914} INFO - Processing file /home/airflow/.local/lib/python3.12/site-packages/airflow/example_dags/example_dag_decorator.py for tasks to queue
[2024-10-04T00:21:44.827+0000] {logging_mixin.py:190} INFO - [2024-10-04T00:21:44.827+0000] {dagbag.py:588} INFO - Filling up the DagBag from /home/airflow/.local/lib/python3.12/site-packages/airflow/example_dags/example_dag_decorator.py
[2024-10-04T00:21:44.834+0000] {processor.py:925} INFO - DAG(s) 'example_dag_decorator' retrieved from /home/airflow/.local/lib/python3.12/site-packages/airflow/example_dags/example_dag_decorator.py
[2024-10-04T00:21:45.006+0000] {logging_mixin.py:190} INFO - [2024-10-04T00:21:45.006+0000] {dag.py:3239} INFO - Sync 1 DAGs
[2024-10-04T00:21:45.011+0000] {logging_mixin.py:190} INFO - [2024-10-04T00:21:45.011+0000] {dag.py:4180} INFO - Setting next_dagrun for example_dag_decorator to None, run_after=None
[2024-10-04T00:21:45.020+0000] {processor.py:208} INFO - Processing /home/airflow/.local/lib/python3.12/site-packages/airflow/example_dags/example_dag_decorator.py took 0.198 seconds
[2024-10-04T00:22:15.551+0000] {processor.py:186} INFO - Started process (PID=97588) to work on /home/airflow/.local/lib/python3.12/site-packages/airflow/example_dags/example_dag_decorator.py
[2024-10-04T00:22:15.552+0000] {processor.py:914} INFO - Processing file /home/airflow/.local/lib/python3.12/site-packages/airflow/example_dags/example_dag_decorator.py for tasks to queue
[2024-10-04T00:22:15.554+0000] {logging_mixin.py:190} INFO - [2024-10-04T00:22:15.554+0000] {dagbag.py:588} INFO - Filling up the DagBag from /home/airflow/.local/lib/python3.12/site-packages/airflow/example_dags/example_dag_decorator.py
[2024-10-04T00:22:15.565+0000] {processor.py:925} INFO - DAG(s) 'example_dag_decorator' retrieved from /home/airflow/.local/lib/python3.12/site-packages/airflow/example_dags/example_dag_decorator.py
[2024-10-04T00:22:15.767+0000] {logging_mixin.py:190} INFO - [2024-10-04T00:22:15.766+0000] {dag.py:3239} INFO - Sync 1 DAGs
[2024-10-04T00:22:15.773+0000] {logging_mixin.py:190} INFO - [2024-10-04T00:22:15.773+0000] {dag.py:4180} INFO - Setting next_dagrun for example_dag_decorator to None, run_after=None
[2024-10-04T00:22:15.794+0000] {processor.py:208} INFO - Processing /home/airflow/.local/lib/python3.12/site-packages/airflow/example_dags/example_dag_decorator.py took 0.249 seconds
