[2024-10-04T00:00:28.839+0000] {processor.py:186} INFO - Started process (PID=94902) to work on /home/airflow/.local/lib/python3.12/site-packages/airflow/example_dags/example_setup_teardown.py
[2024-10-04T00:00:28.839+0000] {processor.py:914} INFO - Processing file /home/airflow/.local/lib/python3.12/site-packages/airflow/example_dags/example_setup_teardown.py for tasks to queue
[2024-10-04T00:00:28.840+0000] {logging_mixin.py:190} INFO - [2024-10-04T00:00:28.840+0000] {dagbag.py:588} INFO - Filling up the DagBag from /home/airflow/.local/lib/python3.12/site-packages/airflow/example_dags/example_setup_teardown.py
[2024-10-04T00:00:28.844+0000] {processor.py:925} INFO - DAG(s) 'example_setup_teardown' retrieved from /home/airflow/.local/lib/python3.12/site-packages/airflow/example_dags/example_setup_teardown.py
[2024-10-04T00:00:28.854+0000] {logging_mixin.py:190} INFO - [2024-10-04T00:00:28.854+0000] {dag.py:3239} INFO - Sync 1 DAGs
[2024-10-04T00:00:28.860+0000] {logging_mixin.py:190} INFO - [2024-10-04T00:00:28.860+0000] {dag.py:4180} INFO - Setting next_dagrun for example_setup_teardown to None, run_after=None
[2024-10-04T00:00:28.869+0000] {processor.py:208} INFO - Processing /home/airflow/.local/lib/python3.12/site-packages/airflow/example_dags/example_setup_teardown.py took 0.033 seconds
[2024-10-04T00:00:58.984+0000] {processor.py:186} INFO - Started process (PID=94965) to work on /home/airflow/.local/lib/python3.12/site-packages/airflow/example_dags/example_setup_teardown.py
[2024-10-04T00:00:58.985+0000] {processor.py:914} INFO - Processing file /home/airflow/.local/lib/python3.12/site-packages/airflow/example_dags/example_setup_teardown.py for tasks to queue
[2024-10-04T00:00:58.985+0000] {logging_mixin.py:190} INFO - [2024-10-04T00:00:58.985+0000] {dagbag.py:588} INFO - Filling up the DagBag from /home/airflow/.local/lib/python3.12/site-packages/airflow/example_dags/example_setup_teardown.py
[2024-10-04T00:00:58.989+0000] {processor.py:925} INFO - DAG(s) 'example_setup_teardown' retrieved from /home/airflow/.local/lib/python3.12/site-packages/airflow/example_dags/example_setup_teardown.py
[2024-10-04T00:00:58.999+0000] {logging_mixin.py:190} INFO - [2024-10-04T00:00:58.998+0000] {dag.py:3239} INFO - Sync 1 DAGs
[2024-10-04T00:00:59.005+0000] {logging_mixin.py:190} INFO - [2024-10-04T00:00:59.005+0000] {dag.py:4180} INFO - Setting next_dagrun for example_setup_teardown to None, run_after=None
[2024-10-04T00:00:59.014+0000] {processor.py:208} INFO - Processing /home/airflow/.local/lib/python3.12/site-packages/airflow/example_dags/example_setup_teardown.py took 0.032 seconds
[2024-10-04T00:01:29.118+0000] {processor.py:186} INFO - Started process (PID=95028) to work on /home/airflow/.local/lib/python3.12/site-packages/airflow/example_dags/example_setup_teardown.py
[2024-10-04T00:01:29.118+0000] {processor.py:914} INFO - Processing file /home/airflow/.local/lib/python3.12/site-packages/airflow/example_dags/example_setup_teardown.py for tasks to queue
[2024-10-04T00:01:29.119+0000] {logging_mixin.py:190} INFO - [2024-10-04T00:01:29.119+0000] {dagbag.py:588} INFO - Filling up the DagBag from /home/airflow/.local/lib/python3.12/site-packages/airflow/example_dags/example_setup_teardown.py
[2024-10-04T00:01:29.122+0000] {processor.py:925} INFO - DAG(s) 'example_setup_teardown' retrieved from /home/airflow/.local/lib/python3.12/site-packages/airflow/example_dags/example_setup_teardown.py
[2024-10-04T00:01:29.131+0000] {logging_mixin.py:190} INFO - [2024-10-04T00:01:29.131+0000] {dag.py:3239} INFO - Sync 1 DAGs
[2024-10-04T00:01:29.137+0000] {logging_mixin.py:190} INFO - [2024-10-04T00:01:29.137+0000] {dag.py:4180} INFO - Setting next_dagrun for example_setup_teardown to None, run_after=None
[2024-10-04T00:01:29.146+0000] {processor.py:208} INFO - Processing /home/airflow/.local/lib/python3.12/site-packages/airflow/example_dags/example_setup_teardown.py took 0.031 seconds
[2024-10-04T00:01:59.450+0000] {processor.py:186} INFO - Started process (PID=95091) to work on /home/airflow/.local/lib/python3.12/site-packages/airflow/example_dags/example_setup_teardown.py
[2024-10-04T00:01:59.451+0000] {processor.py:914} INFO - Processing file /home/airflow/.local/lib/python3.12/site-packages/airflow/example_dags/example_setup_teardown.py for tasks to queue
[2024-10-04T00:01:59.451+0000] {logging_mixin.py:190} INFO - [2024-10-04T00:01:59.451+0000] {dagbag.py:588} INFO - Filling up the DagBag from /home/airflow/.local/lib/python3.12/site-packages/airflow/example_dags/example_setup_teardown.py
[2024-10-04T00:01:59.456+0000] {processor.py:925} INFO - DAG(s) 'example_setup_teardown' retrieved from /home/airflow/.local/lib/python3.12/site-packages/airflow/example_dags/example_setup_teardown.py
[2024-10-04T00:01:59.467+0000] {logging_mixin.py:190} INFO - [2024-10-04T00:01:59.467+0000] {dag.py:3239} INFO - Sync 1 DAGs
[2024-10-04T00:01:59.475+0000] {logging_mixin.py:190} INFO - [2024-10-04T00:01:59.475+0000] {dag.py:4180} INFO - Setting next_dagrun for example_setup_teardown to None, run_after=None
[2024-10-04T00:01:59.485+0000] {processor.py:208} INFO - Processing /home/airflow/.local/lib/python3.12/site-packages/airflow/example_dags/example_setup_teardown.py took 0.039 seconds
[2024-10-04T00:02:29.726+0000] {processor.py:186} INFO - Started process (PID=95154) to work on /home/airflow/.local/lib/python3.12/site-packages/airflow/example_dags/example_setup_teardown.py
[2024-10-04T00:02:29.727+0000] {processor.py:914} INFO - Processing file /home/airflow/.local/lib/python3.12/site-packages/airflow/example_dags/example_setup_teardown.py for tasks to queue
[2024-10-04T00:02:29.728+0000] {logging_mixin.py:190} INFO - [2024-10-04T00:02:29.727+0000] {dagbag.py:588} INFO - Filling up the DagBag from /home/airflow/.local/lib/python3.12/site-packages/airflow/example_dags/example_setup_teardown.py
[2024-10-04T00:02:29.732+0000] {processor.py:925} INFO - DAG(s) 'example_setup_teardown' retrieved from /home/airflow/.local/lib/python3.12/site-packages/airflow/example_dags/example_setup_teardown.py
[2024-10-04T00:02:29.743+0000] {logging_mixin.py:190} INFO - [2024-10-04T00:02:29.743+0000] {dag.py:3239} INFO - Sync 1 DAGs
[2024-10-04T00:02:29.751+0000] {logging_mixin.py:190} INFO - [2024-10-04T00:02:29.751+0000] {dag.py:4180} INFO - Setting next_dagrun for example_setup_teardown to None, run_after=None
[2024-10-04T00:02:29.761+0000] {processor.py:208} INFO - Processing /home/airflow/.local/lib/python3.12/site-packages/airflow/example_dags/example_setup_teardown.py took 0.038 seconds
[2024-10-04T00:02:59.905+0000] {processor.py:186} INFO - Started process (PID=95217) to work on /home/airflow/.local/lib/python3.12/site-packages/airflow/example_dags/example_setup_teardown.py
[2024-10-04T00:02:59.905+0000] {processor.py:914} INFO - Processing file /home/airflow/.local/lib/python3.12/site-packages/airflow/example_dags/example_setup_teardown.py for tasks to queue
[2024-10-04T00:02:59.906+0000] {logging_mixin.py:190} INFO - [2024-10-04T00:02:59.906+0000] {dagbag.py:588} INFO - Filling up the DagBag from /home/airflow/.local/lib/python3.12/site-packages/airflow/example_dags/example_setup_teardown.py
[2024-10-04T00:02:59.910+0000] {processor.py:925} INFO - DAG(s) 'example_setup_teardown' retrieved from /home/airflow/.local/lib/python3.12/site-packages/airflow/example_dags/example_setup_teardown.py
[2024-10-04T00:02:59.920+0000] {logging_mixin.py:190} INFO - [2024-10-04T00:02:59.920+0000] {dag.py:3239} INFO - Sync 1 DAGs
[2024-10-04T00:02:59.927+0000] {logging_mixin.py:190} INFO - [2024-10-04T00:02:59.927+0000] {dag.py:4180} INFO - Setting next_dagrun for example_setup_teardown to None, run_after=None
[2024-10-04T00:02:59.936+0000] {processor.py:208} INFO - Processing /home/airflow/.local/lib/python3.12/site-packages/airflow/example_dags/example_setup_teardown.py took 0.035 seconds
[2024-10-04T00:03:30.074+0000] {processor.py:186} INFO - Started process (PID=95280) to work on /home/airflow/.local/lib/python3.12/site-packages/airflow/example_dags/example_setup_teardown.py
[2024-10-04T00:03:30.075+0000] {processor.py:914} INFO - Processing file /home/airflow/.local/lib/python3.12/site-packages/airflow/example_dags/example_setup_teardown.py for tasks to queue
[2024-10-04T00:03:30.076+0000] {logging_mixin.py:190} INFO - [2024-10-04T00:03:30.076+0000] {dagbag.py:588} INFO - Filling up the DagBag from /home/airflow/.local/lib/python3.12/site-packages/airflow/example_dags/example_setup_teardown.py
[2024-10-04T00:03:30.080+0000] {processor.py:925} INFO - DAG(s) 'example_setup_teardown' retrieved from /home/airflow/.local/lib/python3.12/site-packages/airflow/example_dags/example_setup_teardown.py
[2024-10-04T00:03:30.090+0000] {logging_mixin.py:190} INFO - [2024-10-04T00:03:30.089+0000] {dag.py:3239} INFO - Sync 1 DAGs
[2024-10-04T00:03:30.097+0000] {logging_mixin.py:190} INFO - [2024-10-04T00:03:30.097+0000] {dag.py:4180} INFO - Setting next_dagrun for example_setup_teardown to None, run_after=None
[2024-10-04T00:03:30.105+0000] {processor.py:208} INFO - Processing /home/airflow/.local/lib/python3.12/site-packages/airflow/example_dags/example_setup_teardown.py took 0.034 seconds
[2024-10-04T00:04:00.251+0000] {processor.py:186} INFO - Started process (PID=95343) to work on /home/airflow/.local/lib/python3.12/site-packages/airflow/example_dags/example_setup_teardown.py
[2024-10-04T00:04:00.251+0000] {processor.py:914} INFO - Processing file /home/airflow/.local/lib/python3.12/site-packages/airflow/example_dags/example_setup_teardown.py for tasks to queue
[2024-10-04T00:04:00.252+0000] {logging_mixin.py:190} INFO - [2024-10-04T00:04:00.252+0000] {dagbag.py:588} INFO - Filling up the DagBag from /home/airflow/.local/lib/python3.12/site-packages/airflow/example_dags/example_setup_teardown.py
[2024-10-04T00:04:00.257+0000] {processor.py:925} INFO - DAG(s) 'example_setup_teardown' retrieved from /home/airflow/.local/lib/python3.12/site-packages/airflow/example_dags/example_setup_teardown.py
[2024-10-04T00:04:00.267+0000] {logging_mixin.py:190} INFO - [2024-10-04T00:04:00.267+0000] {dag.py:3239} INFO - Sync 1 DAGs
[2024-10-04T00:04:00.275+0000] {logging_mixin.py:190} INFO - [2024-10-04T00:04:00.274+0000] {dag.py:4180} INFO - Setting next_dagrun for example_setup_teardown to None, run_after=None
[2024-10-04T00:04:00.284+0000] {processor.py:208} INFO - Processing /home/airflow/.local/lib/python3.12/site-packages/airflow/example_dags/example_setup_teardown.py took 0.037 seconds
[2024-10-04T00:04:30.586+0000] {processor.py:186} INFO - Started process (PID=95406) to work on /home/airflow/.local/lib/python3.12/site-packages/airflow/example_dags/example_setup_teardown.py
[2024-10-04T00:04:30.586+0000] {processor.py:914} INFO - Processing file /home/airflow/.local/lib/python3.12/site-packages/airflow/example_dags/example_setup_teardown.py for tasks to queue
[2024-10-04T00:04:30.587+0000] {logging_mixin.py:190} INFO - [2024-10-04T00:04:30.587+0000] {dagbag.py:588} INFO - Filling up the DagBag from /home/airflow/.local/lib/python3.12/site-packages/airflow/example_dags/example_setup_teardown.py
[2024-10-04T00:04:30.592+0000] {processor.py:925} INFO - DAG(s) 'example_setup_teardown' retrieved from /home/airflow/.local/lib/python3.12/site-packages/airflow/example_dags/example_setup_teardown.py
[2024-10-04T00:04:30.602+0000] {logging_mixin.py:190} INFO - [2024-10-04T00:04:30.602+0000] {dag.py:3239} INFO - Sync 1 DAGs
[2024-10-04T00:04:30.609+0000] {logging_mixin.py:190} INFO - [2024-10-04T00:04:30.609+0000] {dag.py:4180} INFO - Setting next_dagrun for example_setup_teardown to None, run_after=None
[2024-10-04T00:04:30.620+0000] {processor.py:208} INFO - Processing /home/airflow/.local/lib/python3.12/site-packages/airflow/example_dags/example_setup_teardown.py took 0.037 seconds
[2024-10-04T00:05:00.775+0000] {processor.py:186} INFO - Started process (PID=95469) to work on /home/airflow/.local/lib/python3.12/site-packages/airflow/example_dags/example_setup_teardown.py
[2024-10-04T00:05:00.776+0000] {processor.py:914} INFO - Processing file /home/airflow/.local/lib/python3.12/site-packages/airflow/example_dags/example_setup_teardown.py for tasks to queue
[2024-10-04T00:05:00.776+0000] {logging_mixin.py:190} INFO - [2024-10-04T00:05:00.776+0000] {dagbag.py:588} INFO - Filling up the DagBag from /home/airflow/.local/lib/python3.12/site-packages/airflow/example_dags/example_setup_teardown.py
[2024-10-04T00:05:00.782+0000] {processor.py:925} INFO - DAG(s) 'example_setup_teardown' retrieved from /home/airflow/.local/lib/python3.12/site-packages/airflow/example_dags/example_setup_teardown.py
[2024-10-04T00:05:00.792+0000] {logging_mixin.py:190} INFO - [2024-10-04T00:05:00.792+0000] {dag.py:3239} INFO - Sync 1 DAGs
[2024-10-04T00:05:00.799+0000] {logging_mixin.py:190} INFO - [2024-10-04T00:05:00.799+0000] {dag.py:4180} INFO - Setting next_dagrun for example_setup_teardown to None, run_after=None
[2024-10-04T00:05:00.810+0000] {processor.py:208} INFO - Processing /home/airflow/.local/lib/python3.12/site-packages/airflow/example_dags/example_setup_teardown.py took 0.038 seconds
[2024-10-04T00:05:31.147+0000] {processor.py:186} INFO - Started process (PID=95532) to work on /home/airflow/.local/lib/python3.12/site-packages/airflow/example_dags/example_setup_teardown.py
[2024-10-04T00:05:31.147+0000] {processor.py:914} INFO - Processing file /home/airflow/.local/lib/python3.12/site-packages/airflow/example_dags/example_setup_teardown.py for tasks to queue
[2024-10-04T00:05:31.148+0000] {logging_mixin.py:190} INFO - [2024-10-04T00:05:31.148+0000] {dagbag.py:588} INFO - Filling up the DagBag from /home/airflow/.local/lib/python3.12/site-packages/airflow/example_dags/example_setup_teardown.py
[2024-10-04T00:05:31.152+0000] {processor.py:925} INFO - DAG(s) 'example_setup_teardown' retrieved from /home/airflow/.local/lib/python3.12/site-packages/airflow/example_dags/example_setup_teardown.py
[2024-10-04T00:05:31.163+0000] {logging_mixin.py:190} INFO - [2024-10-04T00:05:31.163+0000] {dag.py:3239} INFO - Sync 1 DAGs
[2024-10-04T00:05:31.171+0000] {logging_mixin.py:190} INFO - [2024-10-04T00:05:31.171+0000] {dag.py:4180} INFO - Setting next_dagrun for example_setup_teardown to None, run_after=None
[2024-10-04T00:05:31.181+0000] {processor.py:208} INFO - Processing /home/airflow/.local/lib/python3.12/site-packages/airflow/example_dags/example_setup_teardown.py took 0.037 seconds
[2024-10-04T00:06:01.310+0000] {processor.py:186} INFO - Started process (PID=95595) to work on /home/airflow/.local/lib/python3.12/site-packages/airflow/example_dags/example_setup_teardown.py
[2024-10-04T00:06:01.310+0000] {processor.py:914} INFO - Processing file /home/airflow/.local/lib/python3.12/site-packages/airflow/example_dags/example_setup_teardown.py for tasks to queue
[2024-10-04T00:06:01.311+0000] {logging_mixin.py:190} INFO - [2024-10-04T00:06:01.311+0000] {dagbag.py:588} INFO - Filling up the DagBag from /home/airflow/.local/lib/python3.12/site-packages/airflow/example_dags/example_setup_teardown.py
[2024-10-04T00:06:01.315+0000] {processor.py:925} INFO - DAG(s) 'example_setup_teardown' retrieved from /home/airflow/.local/lib/python3.12/site-packages/airflow/example_dags/example_setup_teardown.py
[2024-10-04T00:06:01.325+0000] {logging_mixin.py:190} INFO - [2024-10-04T00:06:01.325+0000] {dag.py:3239} INFO - Sync 1 DAGs
[2024-10-04T00:06:01.331+0000] {logging_mixin.py:190} INFO - [2024-10-04T00:06:01.331+0000] {dag.py:4180} INFO - Setting next_dagrun for example_setup_teardown to None, run_after=None
[2024-10-04T00:06:01.340+0000] {processor.py:208} INFO - Processing /home/airflow/.local/lib/python3.12/site-packages/airflow/example_dags/example_setup_teardown.py took 0.033 seconds
[2024-10-04T00:06:31.562+0000] {processor.py:186} INFO - Started process (PID=95658) to work on /home/airflow/.local/lib/python3.12/site-packages/airflow/example_dags/example_setup_teardown.py
[2024-10-04T00:06:31.562+0000] {processor.py:914} INFO - Processing file /home/airflow/.local/lib/python3.12/site-packages/airflow/example_dags/example_setup_teardown.py for tasks to queue
[2024-10-04T00:06:31.563+0000] {logging_mixin.py:190} INFO - [2024-10-04T00:06:31.562+0000] {dagbag.py:588} INFO - Filling up the DagBag from /home/airflow/.local/lib/python3.12/site-packages/airflow/example_dags/example_setup_teardown.py
[2024-10-04T00:06:31.568+0000] {processor.py:925} INFO - DAG(s) 'example_setup_teardown' retrieved from /home/airflow/.local/lib/python3.12/site-packages/airflow/example_dags/example_setup_teardown.py
[2024-10-04T00:06:31.578+0000] {logging_mixin.py:190} INFO - [2024-10-04T00:06:31.578+0000] {dag.py:3239} INFO - Sync 1 DAGs
[2024-10-04T00:06:31.586+0000] {logging_mixin.py:190} INFO - [2024-10-04T00:06:31.586+0000] {dag.py:4180} INFO - Setting next_dagrun for example_setup_teardown to None, run_after=None
[2024-10-04T00:06:31.595+0000] {processor.py:208} INFO - Processing /home/airflow/.local/lib/python3.12/site-packages/airflow/example_dags/example_setup_teardown.py took 0.036 seconds
[2024-10-04T00:07:01.831+0000] {processor.py:186} INFO - Started process (PID=95721) to work on /home/airflow/.local/lib/python3.12/site-packages/airflow/example_dags/example_setup_teardown.py
[2024-10-04T00:07:01.831+0000] {processor.py:914} INFO - Processing file /home/airflow/.local/lib/python3.12/site-packages/airflow/example_dags/example_setup_teardown.py for tasks to queue
[2024-10-04T00:07:01.832+0000] {logging_mixin.py:190} INFO - [2024-10-04T00:07:01.832+0000] {dagbag.py:588} INFO - Filling up the DagBag from /home/airflow/.local/lib/python3.12/site-packages/airflow/example_dags/example_setup_teardown.py
[2024-10-04T00:07:01.837+0000] {processor.py:925} INFO - DAG(s) 'example_setup_teardown' retrieved from /home/airflow/.local/lib/python3.12/site-packages/airflow/example_dags/example_setup_teardown.py
[2024-10-04T00:07:01.846+0000] {logging_mixin.py:190} INFO - [2024-10-04T00:07:01.846+0000] {dag.py:3239} INFO - Sync 1 DAGs
[2024-10-04T00:07:01.854+0000] {logging_mixin.py:190} INFO - [2024-10-04T00:07:01.854+0000] {dag.py:4180} INFO - Setting next_dagrun for example_setup_teardown to None, run_after=None
[2024-10-04T00:07:01.864+0000] {processor.py:208} INFO - Processing /home/airflow/.local/lib/python3.12/site-packages/airflow/example_dags/example_setup_teardown.py took 0.036 seconds
[2024-10-04T00:07:32.083+0000] {processor.py:186} INFO - Started process (PID=95784) to work on /home/airflow/.local/lib/python3.12/site-packages/airflow/example_dags/example_setup_teardown.py
[2024-10-04T00:07:32.083+0000] {processor.py:914} INFO - Processing file /home/airflow/.local/lib/python3.12/site-packages/airflow/example_dags/example_setup_teardown.py for tasks to queue
[2024-10-04T00:07:32.084+0000] {logging_mixin.py:190} INFO - [2024-10-04T00:07:32.084+0000] {dagbag.py:588} INFO - Filling up the DagBag from /home/airflow/.local/lib/python3.12/site-packages/airflow/example_dags/example_setup_teardown.py
[2024-10-04T00:07:32.088+0000] {processor.py:925} INFO - DAG(s) 'example_setup_teardown' retrieved from /home/airflow/.local/lib/python3.12/site-packages/airflow/example_dags/example_setup_teardown.py
[2024-10-04T00:07:32.098+0000] {logging_mixin.py:190} INFO - [2024-10-04T00:07:32.098+0000] {dag.py:3239} INFO - Sync 1 DAGs
[2024-10-04T00:07:32.105+0000] {logging_mixin.py:190} INFO - [2024-10-04T00:07:32.105+0000] {dag.py:4180} INFO - Setting next_dagrun for example_setup_teardown to None, run_after=None
[2024-10-04T00:07:32.116+0000] {processor.py:208} INFO - Processing /home/airflow/.local/lib/python3.12/site-packages/airflow/example_dags/example_setup_teardown.py took 0.036 seconds
[2024-10-04T00:08:02.286+0000] {processor.py:186} INFO - Started process (PID=95847) to work on /home/airflow/.local/lib/python3.12/site-packages/airflow/example_dags/example_setup_teardown.py
[2024-10-04T00:08:02.286+0000] {processor.py:914} INFO - Processing file /home/airflow/.local/lib/python3.12/site-packages/airflow/example_dags/example_setup_teardown.py for tasks to queue
[2024-10-04T00:08:02.287+0000] {logging_mixin.py:190} INFO - [2024-10-04T00:08:02.287+0000] {dagbag.py:588} INFO - Filling up the DagBag from /home/airflow/.local/lib/python3.12/site-packages/airflow/example_dags/example_setup_teardown.py
[2024-10-04T00:08:02.292+0000] {processor.py:925} INFO - DAG(s) 'example_setup_teardown' retrieved from /home/airflow/.local/lib/python3.12/site-packages/airflow/example_dags/example_setup_teardown.py
[2024-10-04T00:08:02.302+0000] {logging_mixin.py:190} INFO - [2024-10-04T00:08:02.302+0000] {dag.py:3239} INFO - Sync 1 DAGs
[2024-10-04T00:08:02.309+0000] {logging_mixin.py:190} INFO - [2024-10-04T00:08:02.309+0000] {dag.py:4180} INFO - Setting next_dagrun for example_setup_teardown to None, run_after=None
[2024-10-04T00:08:02.324+0000] {processor.py:208} INFO - Processing /home/airflow/.local/lib/python3.12/site-packages/airflow/example_dags/example_setup_teardown.py took 0.041 seconds
[2024-10-04T00:08:32.738+0000] {processor.py:186} INFO - Started process (PID=95910) to work on /home/airflow/.local/lib/python3.12/site-packages/airflow/example_dags/example_setup_teardown.py
[2024-10-04T00:08:32.738+0000] {processor.py:914} INFO - Processing file /home/airflow/.local/lib/python3.12/site-packages/airflow/example_dags/example_setup_teardown.py for tasks to queue
[2024-10-04T00:08:32.738+0000] {logging_mixin.py:190} INFO - [2024-10-04T00:08:32.738+0000] {dagbag.py:588} INFO - Filling up the DagBag from /home/airflow/.local/lib/python3.12/site-packages/airflow/example_dags/example_setup_teardown.py
[2024-10-04T00:08:32.743+0000] {processor.py:925} INFO - DAG(s) 'example_setup_teardown' retrieved from /home/airflow/.local/lib/python3.12/site-packages/airflow/example_dags/example_setup_teardown.py
[2024-10-04T00:08:32.754+0000] {logging_mixin.py:190} INFO - [2024-10-04T00:08:32.754+0000] {dag.py:3239} INFO - Sync 1 DAGs
[2024-10-04T00:08:32.761+0000] {logging_mixin.py:190} INFO - [2024-10-04T00:08:32.761+0000] {dag.py:4180} INFO - Setting next_dagrun for example_setup_teardown to None, run_after=None
[2024-10-04T00:08:32.770+0000] {processor.py:208} INFO - Processing /home/airflow/.local/lib/python3.12/site-packages/airflow/example_dags/example_setup_teardown.py took 0.035 seconds
[2024-10-04T00:09:03.074+0000] {processor.py:186} INFO - Started process (PID=95973) to work on /home/airflow/.local/lib/python3.12/site-packages/airflow/example_dags/example_setup_teardown.py
[2024-10-04T00:09:03.075+0000] {processor.py:914} INFO - Processing file /home/airflow/.local/lib/python3.12/site-packages/airflow/example_dags/example_setup_teardown.py for tasks to queue
[2024-10-04T00:09:03.075+0000] {logging_mixin.py:190} INFO - [2024-10-04T00:09:03.075+0000] {dagbag.py:588} INFO - Filling up the DagBag from /home/airflow/.local/lib/python3.12/site-packages/airflow/example_dags/example_setup_teardown.py
[2024-10-04T00:09:03.080+0000] {processor.py:925} INFO - DAG(s) 'example_setup_teardown' retrieved from /home/airflow/.local/lib/python3.12/site-packages/airflow/example_dags/example_setup_teardown.py
[2024-10-04T00:09:03.090+0000] {logging_mixin.py:190} INFO - [2024-10-04T00:09:03.090+0000] {dag.py:3239} INFO - Sync 1 DAGs
[2024-10-04T00:09:03.097+0000] {logging_mixin.py:190} INFO - [2024-10-04T00:09:03.097+0000] {dag.py:4180} INFO - Setting next_dagrun for example_setup_teardown to None, run_after=None
[2024-10-04T00:09:03.107+0000] {processor.py:208} INFO - Processing /home/airflow/.local/lib/python3.12/site-packages/airflow/example_dags/example_setup_teardown.py took 0.036 seconds
[2024-10-04T00:09:33.438+0000] {processor.py:186} INFO - Started process (PID=96036) to work on /home/airflow/.local/lib/python3.12/site-packages/airflow/example_dags/example_setup_teardown.py
[2024-10-04T00:09:33.438+0000] {processor.py:914} INFO - Processing file /home/airflow/.local/lib/python3.12/site-packages/airflow/example_dags/example_setup_teardown.py for tasks to queue
[2024-10-04T00:09:33.439+0000] {logging_mixin.py:190} INFO - [2024-10-04T00:09:33.439+0000] {dagbag.py:588} INFO - Filling up the DagBag from /home/airflow/.local/lib/python3.12/site-packages/airflow/example_dags/example_setup_teardown.py
[2024-10-04T00:09:33.444+0000] {processor.py:925} INFO - DAG(s) 'example_setup_teardown' retrieved from /home/airflow/.local/lib/python3.12/site-packages/airflow/example_dags/example_setup_teardown.py
[2024-10-04T00:09:33.455+0000] {logging_mixin.py:190} INFO - [2024-10-04T00:09:33.455+0000] {dag.py:3239} INFO - Sync 1 DAGs
[2024-10-04T00:09:33.465+0000] {logging_mixin.py:190} INFO - [2024-10-04T00:09:33.465+0000] {dag.py:4180} INFO - Setting next_dagrun for example_setup_teardown to None, run_after=None
[2024-10-04T00:09:33.483+0000] {processor.py:208} INFO - Processing /home/airflow/.local/lib/python3.12/site-packages/airflow/example_dags/example_setup_teardown.py took 0.049 seconds
[2024-10-04T00:10:03.721+0000] {processor.py:186} INFO - Started process (PID=96099) to work on /home/airflow/.local/lib/python3.12/site-packages/airflow/example_dags/example_setup_teardown.py
[2024-10-04T00:10:03.721+0000] {processor.py:914} INFO - Processing file /home/airflow/.local/lib/python3.12/site-packages/airflow/example_dags/example_setup_teardown.py for tasks to queue
[2024-10-04T00:10:03.722+0000] {logging_mixin.py:190} INFO - [2024-10-04T00:10:03.722+0000] {dagbag.py:588} INFO - Filling up the DagBag from /home/airflow/.local/lib/python3.12/site-packages/airflow/example_dags/example_setup_teardown.py
[2024-10-04T00:10:03.726+0000] {processor.py:925} INFO - DAG(s) 'example_setup_teardown' retrieved from /home/airflow/.local/lib/python3.12/site-packages/airflow/example_dags/example_setup_teardown.py
[2024-10-04T00:10:03.737+0000] {logging_mixin.py:190} INFO - [2024-10-04T00:10:03.736+0000] {dag.py:3239} INFO - Sync 1 DAGs
[2024-10-04T00:10:03.744+0000] {logging_mixin.py:190} INFO - [2024-10-04T00:10:03.743+0000] {dag.py:4180} INFO - Setting next_dagrun for example_setup_teardown to None, run_after=None
[2024-10-04T00:10:03.753+0000] {processor.py:208} INFO - Processing /home/airflow/.local/lib/python3.12/site-packages/airflow/example_dags/example_setup_teardown.py took 0.035 seconds
[2024-10-04T00:10:33.937+0000] {processor.py:186} INFO - Started process (PID=96162) to work on /home/airflow/.local/lib/python3.12/site-packages/airflow/example_dags/example_setup_teardown.py
[2024-10-04T00:10:33.938+0000] {processor.py:914} INFO - Processing file /home/airflow/.local/lib/python3.12/site-packages/airflow/example_dags/example_setup_teardown.py for tasks to queue
[2024-10-04T00:10:33.938+0000] {logging_mixin.py:190} INFO - [2024-10-04T00:10:33.938+0000] {dagbag.py:588} INFO - Filling up the DagBag from /home/airflow/.local/lib/python3.12/site-packages/airflow/example_dags/example_setup_teardown.py
[2024-10-04T00:10:33.943+0000] {processor.py:925} INFO - DAG(s) 'example_setup_teardown' retrieved from /home/airflow/.local/lib/python3.12/site-packages/airflow/example_dags/example_setup_teardown.py
[2024-10-04T00:10:33.953+0000] {logging_mixin.py:190} INFO - [2024-10-04T00:10:33.953+0000] {dag.py:3239} INFO - Sync 1 DAGs
[2024-10-04T00:10:33.959+0000] {logging_mixin.py:190} INFO - [2024-10-04T00:10:33.959+0000] {dag.py:4180} INFO - Setting next_dagrun for example_setup_teardown to None, run_after=None
[2024-10-04T00:10:33.968+0000] {processor.py:208} INFO - Processing /home/airflow/.local/lib/python3.12/site-packages/airflow/example_dags/example_setup_teardown.py took 0.034 seconds
[2024-10-04T00:11:04.400+0000] {processor.py:186} INFO - Started process (PID=96225) to work on /home/airflow/.local/lib/python3.12/site-packages/airflow/example_dags/example_setup_teardown.py
[2024-10-04T00:11:04.400+0000] {processor.py:914} INFO - Processing file /home/airflow/.local/lib/python3.12/site-packages/airflow/example_dags/example_setup_teardown.py for tasks to queue
[2024-10-04T00:11:04.401+0000] {logging_mixin.py:190} INFO - [2024-10-04T00:11:04.401+0000] {dagbag.py:588} INFO - Filling up the DagBag from /home/airflow/.local/lib/python3.12/site-packages/airflow/example_dags/example_setup_teardown.py
[2024-10-04T00:11:04.405+0000] {processor.py:925} INFO - DAG(s) 'example_setup_teardown' retrieved from /home/airflow/.local/lib/python3.12/site-packages/airflow/example_dags/example_setup_teardown.py
[2024-10-04T00:11:04.416+0000] {logging_mixin.py:190} INFO - [2024-10-04T00:11:04.416+0000] {dag.py:3239} INFO - Sync 1 DAGs
[2024-10-04T00:11:04.424+0000] {logging_mixin.py:190} INFO - [2024-10-04T00:11:04.424+0000] {dag.py:4180} INFO - Setting next_dagrun for example_setup_teardown to None, run_after=None
[2024-10-04T00:11:04.436+0000] {processor.py:208} INFO - Processing /home/airflow/.local/lib/python3.12/site-packages/airflow/example_dags/example_setup_teardown.py took 0.039 seconds
[2024-10-04T00:11:34.825+0000] {processor.py:186} INFO - Started process (PID=96288) to work on /home/airflow/.local/lib/python3.12/site-packages/airflow/example_dags/example_setup_teardown.py
[2024-10-04T00:11:34.826+0000] {processor.py:914} INFO - Processing file /home/airflow/.local/lib/python3.12/site-packages/airflow/example_dags/example_setup_teardown.py for tasks to queue
[2024-10-04T00:11:34.826+0000] {logging_mixin.py:190} INFO - [2024-10-04T00:11:34.826+0000] {dagbag.py:588} INFO - Filling up the DagBag from /home/airflow/.local/lib/python3.12/site-packages/airflow/example_dags/example_setup_teardown.py
[2024-10-04T00:11:34.830+0000] {processor.py:925} INFO - DAG(s) 'example_setup_teardown' retrieved from /home/airflow/.local/lib/python3.12/site-packages/airflow/example_dags/example_setup_teardown.py
[2024-10-04T00:11:34.840+0000] {logging_mixin.py:190} INFO - [2024-10-04T00:11:34.840+0000] {dag.py:3239} INFO - Sync 1 DAGs
[2024-10-04T00:11:34.846+0000] {logging_mixin.py:190} INFO - [2024-10-04T00:11:34.846+0000] {dag.py:4180} INFO - Setting next_dagrun for example_setup_teardown to None, run_after=None
[2024-10-04T00:11:34.856+0000] {processor.py:208} INFO - Processing /home/airflow/.local/lib/python3.12/site-packages/airflow/example_dags/example_setup_teardown.py took 0.034 seconds
[2024-10-04T00:12:05.240+0000] {processor.py:186} INFO - Started process (PID=96351) to work on /home/airflow/.local/lib/python3.12/site-packages/airflow/example_dags/example_setup_teardown.py
[2024-10-04T00:12:05.241+0000] {processor.py:914} INFO - Processing file /home/airflow/.local/lib/python3.12/site-packages/airflow/example_dags/example_setup_teardown.py for tasks to queue
[2024-10-04T00:12:05.241+0000] {logging_mixin.py:190} INFO - [2024-10-04T00:12:05.241+0000] {dagbag.py:588} INFO - Filling up the DagBag from /home/airflow/.local/lib/python3.12/site-packages/airflow/example_dags/example_setup_teardown.py
[2024-10-04T00:12:05.246+0000] {processor.py:925} INFO - DAG(s) 'example_setup_teardown' retrieved from /home/airflow/.local/lib/python3.12/site-packages/airflow/example_dags/example_setup_teardown.py
[2024-10-04T00:12:05.255+0000] {logging_mixin.py:190} INFO - [2024-10-04T00:12:05.255+0000] {dag.py:3239} INFO - Sync 1 DAGs
[2024-10-04T00:12:05.263+0000] {logging_mixin.py:190} INFO - [2024-10-04T00:12:05.262+0000] {dag.py:4180} INFO - Setting next_dagrun for example_setup_teardown to None, run_after=None
[2024-10-04T00:12:05.273+0000] {processor.py:208} INFO - Processing /home/airflow/.local/lib/python3.12/site-packages/airflow/example_dags/example_setup_teardown.py took 0.036 seconds
[2024-10-04T00:12:35.793+0000] {processor.py:186} INFO - Started process (PID=96414) to work on /home/airflow/.local/lib/python3.12/site-packages/airflow/example_dags/example_setup_teardown.py
[2024-10-04T00:12:35.793+0000] {processor.py:914} INFO - Processing file /home/airflow/.local/lib/python3.12/site-packages/airflow/example_dags/example_setup_teardown.py for tasks to queue
[2024-10-04T00:12:35.794+0000] {logging_mixin.py:190} INFO - [2024-10-04T00:12:35.794+0000] {dagbag.py:588} INFO - Filling up the DagBag from /home/airflow/.local/lib/python3.12/site-packages/airflow/example_dags/example_setup_teardown.py
[2024-10-04T00:12:35.799+0000] {processor.py:925} INFO - DAG(s) 'example_setup_teardown' retrieved from /home/airflow/.local/lib/python3.12/site-packages/airflow/example_dags/example_setup_teardown.py
[2024-10-04T00:12:35.809+0000] {logging_mixin.py:190} INFO - [2024-10-04T00:12:35.808+0000] {dag.py:3239} INFO - Sync 1 DAGs
[2024-10-04T00:12:35.815+0000] {logging_mixin.py:190} INFO - [2024-10-04T00:12:35.815+0000] {dag.py:4180} INFO - Setting next_dagrun for example_setup_teardown to None, run_after=None
[2024-10-04T00:12:35.824+0000] {processor.py:208} INFO - Processing /home/airflow/.local/lib/python3.12/site-packages/airflow/example_dags/example_setup_teardown.py took 0.035 seconds
[2024-10-04T00:13:06.320+0000] {processor.py:186} INFO - Started process (PID=96477) to work on /home/airflow/.local/lib/python3.12/site-packages/airflow/example_dags/example_setup_teardown.py
[2024-10-04T00:13:06.321+0000] {processor.py:914} INFO - Processing file /home/airflow/.local/lib/python3.12/site-packages/airflow/example_dags/example_setup_teardown.py for tasks to queue
[2024-10-04T00:13:06.321+0000] {logging_mixin.py:190} INFO - [2024-10-04T00:13:06.321+0000] {dagbag.py:588} INFO - Filling up the DagBag from /home/airflow/.local/lib/python3.12/site-packages/airflow/example_dags/example_setup_teardown.py
[2024-10-04T00:13:06.326+0000] {processor.py:925} INFO - DAG(s) 'example_setup_teardown' retrieved from /home/airflow/.local/lib/python3.12/site-packages/airflow/example_dags/example_setup_teardown.py
[2024-10-04T00:13:06.337+0000] {logging_mixin.py:190} INFO - [2024-10-04T00:13:06.336+0000] {dag.py:3239} INFO - Sync 1 DAGs
[2024-10-04T00:13:06.343+0000] {logging_mixin.py:190} INFO - [2024-10-04T00:13:06.343+0000] {dag.py:4180} INFO - Setting next_dagrun for example_setup_teardown to None, run_after=None
[2024-10-04T00:13:06.353+0000] {processor.py:208} INFO - Processing /home/airflow/.local/lib/python3.12/site-packages/airflow/example_dags/example_setup_teardown.py took 0.036 seconds
[2024-10-04T00:13:36.687+0000] {processor.py:186} INFO - Started process (PID=96540) to work on /home/airflow/.local/lib/python3.12/site-packages/airflow/example_dags/example_setup_teardown.py
[2024-10-04T00:13:36.687+0000] {processor.py:914} INFO - Processing file /home/airflow/.local/lib/python3.12/site-packages/airflow/example_dags/example_setup_teardown.py for tasks to queue
[2024-10-04T00:13:36.688+0000] {logging_mixin.py:190} INFO - [2024-10-04T00:13:36.687+0000] {dagbag.py:588} INFO - Filling up the DagBag from /home/airflow/.local/lib/python3.12/site-packages/airflow/example_dags/example_setup_teardown.py
[2024-10-04T00:13:36.693+0000] {processor.py:925} INFO - DAG(s) 'example_setup_teardown' retrieved from /home/airflow/.local/lib/python3.12/site-packages/airflow/example_dags/example_setup_teardown.py
[2024-10-04T00:13:36.703+0000] {logging_mixin.py:190} INFO - [2024-10-04T00:13:36.703+0000] {dag.py:3239} INFO - Sync 1 DAGs
[2024-10-04T00:13:36.711+0000] {logging_mixin.py:190} INFO - [2024-10-04T00:13:36.711+0000] {dag.py:4180} INFO - Setting next_dagrun for example_setup_teardown to None, run_after=None
[2024-10-04T00:13:36.721+0000] {processor.py:208} INFO - Processing /home/airflow/.local/lib/python3.12/site-packages/airflow/example_dags/example_setup_teardown.py took 0.037 seconds
[2024-10-04T00:14:07.026+0000] {processor.py:186} INFO - Started process (PID=96603) to work on /home/airflow/.local/lib/python3.12/site-packages/airflow/example_dags/example_setup_teardown.py
[2024-10-04T00:14:07.027+0000] {processor.py:914} INFO - Processing file /home/airflow/.local/lib/python3.12/site-packages/airflow/example_dags/example_setup_teardown.py for tasks to queue
[2024-10-04T00:14:07.027+0000] {logging_mixin.py:190} INFO - [2024-10-04T00:14:07.027+0000] {dagbag.py:588} INFO - Filling up the DagBag from /home/airflow/.local/lib/python3.12/site-packages/airflow/example_dags/example_setup_teardown.py
[2024-10-04T00:14:07.032+0000] {processor.py:925} INFO - DAG(s) 'example_setup_teardown' retrieved from /home/airflow/.local/lib/python3.12/site-packages/airflow/example_dags/example_setup_teardown.py
[2024-10-04T00:14:07.042+0000] {logging_mixin.py:190} INFO - [2024-10-04T00:14:07.042+0000] {dag.py:3239} INFO - Sync 1 DAGs
[2024-10-04T00:14:07.049+0000] {logging_mixin.py:190} INFO - [2024-10-04T00:14:07.049+0000] {dag.py:4180} INFO - Setting next_dagrun for example_setup_teardown to None, run_after=None
[2024-10-04T00:14:07.058+0000] {processor.py:208} INFO - Processing /home/airflow/.local/lib/python3.12/site-packages/airflow/example_dags/example_setup_teardown.py took 0.035 seconds
[2024-10-04T00:14:37.619+0000] {processor.py:186} INFO - Started process (PID=96665) to work on /home/airflow/.local/lib/python3.12/site-packages/airflow/example_dags/example_setup_teardown.py
[2024-10-04T00:14:37.620+0000] {processor.py:914} INFO - Processing file /home/airflow/.local/lib/python3.12/site-packages/airflow/example_dags/example_setup_teardown.py for tasks to queue
[2024-10-04T00:14:37.620+0000] {logging_mixin.py:190} INFO - [2024-10-04T00:14:37.620+0000] {dagbag.py:588} INFO - Filling up the DagBag from /home/airflow/.local/lib/python3.12/site-packages/airflow/example_dags/example_setup_teardown.py
[2024-10-04T00:14:37.625+0000] {processor.py:925} INFO - DAG(s) 'example_setup_teardown' retrieved from /home/airflow/.local/lib/python3.12/site-packages/airflow/example_dags/example_setup_teardown.py
[2024-10-04T00:14:37.636+0000] {logging_mixin.py:190} INFO - [2024-10-04T00:14:37.636+0000] {dag.py:3239} INFO - Sync 1 DAGs
[2024-10-04T00:14:37.643+0000] {logging_mixin.py:190} INFO - [2024-10-04T00:14:37.643+0000] {dag.py:4180} INFO - Setting next_dagrun for example_setup_teardown to None, run_after=None
[2024-10-04T00:14:37.653+0000] {processor.py:208} INFO - Processing /home/airflow/.local/lib/python3.12/site-packages/airflow/example_dags/example_setup_teardown.py took 0.037 seconds
[2024-10-04T00:15:08.138+0000] {processor.py:186} INFO - Started process (PID=96728) to work on /home/airflow/.local/lib/python3.12/site-packages/airflow/example_dags/example_setup_teardown.py
[2024-10-04T00:15:08.139+0000] {processor.py:914} INFO - Processing file /home/airflow/.local/lib/python3.12/site-packages/airflow/example_dags/example_setup_teardown.py for tasks to queue
[2024-10-04T00:15:08.140+0000] {logging_mixin.py:190} INFO - [2024-10-04T00:15:08.139+0000] {dagbag.py:588} INFO - Filling up the DagBag from /home/airflow/.local/lib/python3.12/site-packages/airflow/example_dags/example_setup_teardown.py
[2024-10-04T00:15:08.144+0000] {processor.py:925} INFO - DAG(s) 'example_setup_teardown' retrieved from /home/airflow/.local/lib/python3.12/site-packages/airflow/example_dags/example_setup_teardown.py
[2024-10-04T00:15:08.154+0000] {logging_mixin.py:190} INFO - [2024-10-04T00:15:08.153+0000] {dag.py:3239} INFO - Sync 1 DAGs
[2024-10-04T00:15:08.161+0000] {logging_mixin.py:190} INFO - [2024-10-04T00:15:08.161+0000] {dag.py:4180} INFO - Setting next_dagrun for example_setup_teardown to None, run_after=None
[2024-10-04T00:15:08.170+0000] {processor.py:208} INFO - Processing /home/airflow/.local/lib/python3.12/site-packages/airflow/example_dags/example_setup_teardown.py took 0.034 seconds
[2024-10-04T00:15:38.703+0000] {processor.py:186} INFO - Started process (PID=96791) to work on /home/airflow/.local/lib/python3.12/site-packages/airflow/example_dags/example_setup_teardown.py
[2024-10-04T00:15:38.703+0000] {processor.py:914} INFO - Processing file /home/airflow/.local/lib/python3.12/site-packages/airflow/example_dags/example_setup_teardown.py for tasks to queue
[2024-10-04T00:15:38.704+0000] {logging_mixin.py:190} INFO - [2024-10-04T00:15:38.704+0000] {dagbag.py:588} INFO - Filling up the DagBag from /home/airflow/.local/lib/python3.12/site-packages/airflow/example_dags/example_setup_teardown.py
[2024-10-04T00:15:38.708+0000] {processor.py:925} INFO - DAG(s) 'example_setup_teardown' retrieved from /home/airflow/.local/lib/python3.12/site-packages/airflow/example_dags/example_setup_teardown.py
[2024-10-04T00:15:38.718+0000] {logging_mixin.py:190} INFO - [2024-10-04T00:15:38.718+0000] {dag.py:3239} INFO - Sync 1 DAGs
[2024-10-04T00:15:38.725+0000] {logging_mixin.py:190} INFO - [2024-10-04T00:15:38.725+0000] {dag.py:4180} INFO - Setting next_dagrun for example_setup_teardown to None, run_after=None
[2024-10-04T00:15:38.735+0000] {processor.py:208} INFO - Processing /home/airflow/.local/lib/python3.12/site-packages/airflow/example_dags/example_setup_teardown.py took 0.035 seconds
[2024-10-04T00:16:09.178+0000] {processor.py:186} INFO - Started process (PID=96854) to work on /home/airflow/.local/lib/python3.12/site-packages/airflow/example_dags/example_setup_teardown.py
[2024-10-04T00:16:09.178+0000] {processor.py:914} INFO - Processing file /home/airflow/.local/lib/python3.12/site-packages/airflow/example_dags/example_setup_teardown.py for tasks to queue
[2024-10-04T00:16:09.179+0000] {logging_mixin.py:190} INFO - [2024-10-04T00:16:09.179+0000] {dagbag.py:588} INFO - Filling up the DagBag from /home/airflow/.local/lib/python3.12/site-packages/airflow/example_dags/example_setup_teardown.py
[2024-10-04T00:16:09.183+0000] {processor.py:925} INFO - DAG(s) 'example_setup_teardown' retrieved from /home/airflow/.local/lib/python3.12/site-packages/airflow/example_dags/example_setup_teardown.py
[2024-10-04T00:16:09.193+0000] {logging_mixin.py:190} INFO - [2024-10-04T00:16:09.192+0000] {dag.py:3239} INFO - Sync 1 DAGs
[2024-10-04T00:16:09.199+0000] {logging_mixin.py:190} INFO - [2024-10-04T00:16:09.199+0000] {dag.py:4180} INFO - Setting next_dagrun for example_setup_teardown to None, run_after=None
[2024-10-04T00:16:09.208+0000] {processor.py:208} INFO - Processing /home/airflow/.local/lib/python3.12/site-packages/airflow/example_dags/example_setup_teardown.py took 0.034 seconds
[2024-10-04T00:16:39.857+0000] {processor.py:186} INFO - Started process (PID=96917) to work on /home/airflow/.local/lib/python3.12/site-packages/airflow/example_dags/example_setup_teardown.py
[2024-10-04T00:16:39.857+0000] {processor.py:914} INFO - Processing file /home/airflow/.local/lib/python3.12/site-packages/airflow/example_dags/example_setup_teardown.py for tasks to queue
[2024-10-04T00:16:39.858+0000] {logging_mixin.py:190} INFO - [2024-10-04T00:16:39.858+0000] {dagbag.py:588} INFO - Filling up the DagBag from /home/airflow/.local/lib/python3.12/site-packages/airflow/example_dags/example_setup_teardown.py
[2024-10-04T00:16:39.862+0000] {processor.py:925} INFO - DAG(s) 'example_setup_teardown' retrieved from /home/airflow/.local/lib/python3.12/site-packages/airflow/example_dags/example_setup_teardown.py
[2024-10-04T00:16:39.873+0000] {logging_mixin.py:190} INFO - [2024-10-04T00:16:39.872+0000] {dag.py:3239} INFO - Sync 1 DAGs
[2024-10-04T00:16:39.880+0000] {logging_mixin.py:190} INFO - [2024-10-04T00:16:39.880+0000] {dag.py:4180} INFO - Setting next_dagrun for example_setup_teardown to None, run_after=None
[2024-10-04T00:16:39.889+0000] {processor.py:208} INFO - Processing /home/airflow/.local/lib/python3.12/site-packages/airflow/example_dags/example_setup_teardown.py took 0.036 seconds
[2024-10-04T00:17:10.493+0000] {processor.py:186} INFO - Started process (PID=96980) to work on /home/airflow/.local/lib/python3.12/site-packages/airflow/example_dags/example_setup_teardown.py
[2024-10-04T00:17:10.494+0000] {processor.py:914} INFO - Processing file /home/airflow/.local/lib/python3.12/site-packages/airflow/example_dags/example_setup_teardown.py for tasks to queue
[2024-10-04T00:17:10.494+0000] {logging_mixin.py:190} INFO - [2024-10-04T00:17:10.494+0000] {dagbag.py:588} INFO - Filling up the DagBag from /home/airflow/.local/lib/python3.12/site-packages/airflow/example_dags/example_setup_teardown.py
[2024-10-04T00:17:10.498+0000] {processor.py:925} INFO - DAG(s) 'example_setup_teardown' retrieved from /home/airflow/.local/lib/python3.12/site-packages/airflow/example_dags/example_setup_teardown.py
[2024-10-04T00:17:10.508+0000] {logging_mixin.py:190} INFO - [2024-10-04T00:17:10.507+0000] {dag.py:3239} INFO - Sync 1 DAGs
[2024-10-04T00:17:10.515+0000] {logging_mixin.py:190} INFO - [2024-10-04T00:17:10.514+0000] {dag.py:4180} INFO - Setting next_dagrun for example_setup_teardown to None, run_after=None
[2024-10-04T00:17:10.523+0000] {processor.py:208} INFO - Processing /home/airflow/.local/lib/python3.12/site-packages/airflow/example_dags/example_setup_teardown.py took 0.032 seconds
[2024-10-04T00:17:41.084+0000] {processor.py:186} INFO - Started process (PID=97043) to work on /home/airflow/.local/lib/python3.12/site-packages/airflow/example_dags/example_setup_teardown.py
[2024-10-04T00:17:41.085+0000] {processor.py:914} INFO - Processing file /home/airflow/.local/lib/python3.12/site-packages/airflow/example_dags/example_setup_teardown.py for tasks to queue
[2024-10-04T00:17:41.085+0000] {logging_mixin.py:190} INFO - [2024-10-04T00:17:41.085+0000] {dagbag.py:588} INFO - Filling up the DagBag from /home/airflow/.local/lib/python3.12/site-packages/airflow/example_dags/example_setup_teardown.py
[2024-10-04T00:17:41.090+0000] {processor.py:925} INFO - DAG(s) 'example_setup_teardown' retrieved from /home/airflow/.local/lib/python3.12/site-packages/airflow/example_dags/example_setup_teardown.py
[2024-10-04T00:17:41.101+0000] {logging_mixin.py:190} INFO - [2024-10-04T00:17:41.101+0000] {dag.py:3239} INFO - Sync 1 DAGs
[2024-10-04T00:17:41.109+0000] {logging_mixin.py:190} INFO - [2024-10-04T00:17:41.108+0000] {dag.py:4180} INFO - Setting next_dagrun for example_setup_teardown to None, run_after=None
[2024-10-04T00:17:41.118+0000] {processor.py:208} INFO - Processing /home/airflow/.local/lib/python3.12/site-packages/airflow/example_dags/example_setup_teardown.py took 0.037 seconds
[2024-10-04T00:18:11.530+0000] {processor.py:186} INFO - Started process (PID=97106) to work on /home/airflow/.local/lib/python3.12/site-packages/airflow/example_dags/example_setup_teardown.py
[2024-10-04T00:18:11.530+0000] {processor.py:914} INFO - Processing file /home/airflow/.local/lib/python3.12/site-packages/airflow/example_dags/example_setup_teardown.py for tasks to queue
[2024-10-04T00:18:11.531+0000] {logging_mixin.py:190} INFO - [2024-10-04T00:18:11.530+0000] {dagbag.py:588} INFO - Filling up the DagBag from /home/airflow/.local/lib/python3.12/site-packages/airflow/example_dags/example_setup_teardown.py
[2024-10-04T00:18:11.536+0000] {processor.py:925} INFO - DAG(s) 'example_setup_teardown' retrieved from /home/airflow/.local/lib/python3.12/site-packages/airflow/example_dags/example_setup_teardown.py
[2024-10-04T00:18:11.546+0000] {logging_mixin.py:190} INFO - [2024-10-04T00:18:11.546+0000] {dag.py:3239} INFO - Sync 1 DAGs
[2024-10-04T00:18:11.553+0000] {logging_mixin.py:190} INFO - [2024-10-04T00:18:11.553+0000] {dag.py:4180} INFO - Setting next_dagrun for example_setup_teardown to None, run_after=None
[2024-10-04T00:18:11.563+0000] {processor.py:208} INFO - Processing /home/airflow/.local/lib/python3.12/site-packages/airflow/example_dags/example_setup_teardown.py took 0.036 seconds
[2024-10-04T00:18:42.077+0000] {processor.py:186} INFO - Started process (PID=97169) to work on /home/airflow/.local/lib/python3.12/site-packages/airflow/example_dags/example_setup_teardown.py
[2024-10-04T00:18:42.078+0000] {processor.py:914} INFO - Processing file /home/airflow/.local/lib/python3.12/site-packages/airflow/example_dags/example_setup_teardown.py for tasks to queue
[2024-10-04T00:18:42.079+0000] {logging_mixin.py:190} INFO - [2024-10-04T00:18:42.079+0000] {dagbag.py:588} INFO - Filling up the DagBag from /home/airflow/.local/lib/python3.12/site-packages/airflow/example_dags/example_setup_teardown.py
[2024-10-04T00:18:42.084+0000] {processor.py:925} INFO - DAG(s) 'example_setup_teardown' retrieved from /home/airflow/.local/lib/python3.12/site-packages/airflow/example_dags/example_setup_teardown.py
[2024-10-04T00:18:42.093+0000] {logging_mixin.py:190} INFO - [2024-10-04T00:18:42.093+0000] {dag.py:3239} INFO - Sync 1 DAGs
[2024-10-04T00:18:42.101+0000] {logging_mixin.py:190} INFO - [2024-10-04T00:18:42.101+0000] {dag.py:4180} INFO - Setting next_dagrun for example_setup_teardown to None, run_after=None
[2024-10-04T00:18:42.111+0000] {processor.py:208} INFO - Processing /home/airflow/.local/lib/python3.12/site-packages/airflow/example_dags/example_setup_teardown.py took 0.037 seconds
[2024-10-04T00:19:12.767+0000] {processor.py:186} INFO - Started process (PID=97232) to work on /home/airflow/.local/lib/python3.12/site-packages/airflow/example_dags/example_setup_teardown.py
[2024-10-04T00:19:12.767+0000] {processor.py:914} INFO - Processing file /home/airflow/.local/lib/python3.12/site-packages/airflow/example_dags/example_setup_teardown.py for tasks to queue
[2024-10-04T00:19:12.768+0000] {logging_mixin.py:190} INFO - [2024-10-04T00:19:12.768+0000] {dagbag.py:588} INFO - Filling up the DagBag from /home/airflow/.local/lib/python3.12/site-packages/airflow/example_dags/example_setup_teardown.py
[2024-10-04T00:19:12.772+0000] {processor.py:925} INFO - DAG(s) 'example_setup_teardown' retrieved from /home/airflow/.local/lib/python3.12/site-packages/airflow/example_dags/example_setup_teardown.py
[2024-10-04T00:19:12.782+0000] {logging_mixin.py:190} INFO - [2024-10-04T00:19:12.782+0000] {dag.py:3239} INFO - Sync 1 DAGs
[2024-10-04T00:19:12.789+0000] {logging_mixin.py:190} INFO - [2024-10-04T00:19:12.789+0000] {dag.py:4180} INFO - Setting next_dagrun for example_setup_teardown to None, run_after=None
[2024-10-04T00:19:12.797+0000] {processor.py:208} INFO - Processing /home/airflow/.local/lib/python3.12/site-packages/airflow/example_dags/example_setup_teardown.py took 0.033 seconds
[2024-10-04T00:19:43.272+0000] {processor.py:186} INFO - Started process (PID=97295) to work on /home/airflow/.local/lib/python3.12/site-packages/airflow/example_dags/example_setup_teardown.py
[2024-10-04T00:19:43.272+0000] {processor.py:914} INFO - Processing file /home/airflow/.local/lib/python3.12/site-packages/airflow/example_dags/example_setup_teardown.py for tasks to queue
[2024-10-04T00:19:43.273+0000] {logging_mixin.py:190} INFO - [2024-10-04T00:19:43.272+0000] {dagbag.py:588} INFO - Filling up the DagBag from /home/airflow/.local/lib/python3.12/site-packages/airflow/example_dags/example_setup_teardown.py
[2024-10-04T00:19:43.277+0000] {processor.py:925} INFO - DAG(s) 'example_setup_teardown' retrieved from /home/airflow/.local/lib/python3.12/site-packages/airflow/example_dags/example_setup_teardown.py
[2024-10-04T00:19:43.288+0000] {logging_mixin.py:190} INFO - [2024-10-04T00:19:43.288+0000] {dag.py:3239} INFO - Sync 1 DAGs
[2024-10-04T00:19:43.296+0000] {logging_mixin.py:190} INFO - [2024-10-04T00:19:43.296+0000] {dag.py:4180} INFO - Setting next_dagrun for example_setup_teardown to None, run_after=None
[2024-10-04T00:19:43.306+0000] {processor.py:208} INFO - Processing /home/airflow/.local/lib/python3.12/site-packages/airflow/example_dags/example_setup_teardown.py took 0.038 seconds
[2024-10-04T00:20:13.878+0000] {processor.py:186} INFO - Started process (PID=97358) to work on /home/airflow/.local/lib/python3.12/site-packages/airflow/example_dags/example_setup_teardown.py
[2024-10-04T00:20:13.878+0000] {processor.py:914} INFO - Processing file /home/airflow/.local/lib/python3.12/site-packages/airflow/example_dags/example_setup_teardown.py for tasks to queue
[2024-10-04T00:20:13.879+0000] {logging_mixin.py:190} INFO - [2024-10-04T00:20:13.879+0000] {dagbag.py:588} INFO - Filling up the DagBag from /home/airflow/.local/lib/python3.12/site-packages/airflow/example_dags/example_setup_teardown.py
[2024-10-04T00:20:13.884+0000] {processor.py:925} INFO - DAG(s) 'example_setup_teardown' retrieved from /home/airflow/.local/lib/python3.12/site-packages/airflow/example_dags/example_setup_teardown.py
[2024-10-04T00:20:13.894+0000] {logging_mixin.py:190} INFO - [2024-10-04T00:20:13.894+0000] {dag.py:3239} INFO - Sync 1 DAGs
[2024-10-04T00:20:13.902+0000] {logging_mixin.py:190} INFO - [2024-10-04T00:20:13.902+0000] {dag.py:4180} INFO - Setting next_dagrun for example_setup_teardown to None, run_after=None
[2024-10-04T00:20:13.911+0000] {processor.py:208} INFO - Processing /home/airflow/.local/lib/python3.12/site-packages/airflow/example_dags/example_setup_teardown.py took 0.036 seconds
[2024-10-04T00:20:44.412+0000] {processor.py:186} INFO - Started process (PID=97421) to work on /home/airflow/.local/lib/python3.12/site-packages/airflow/example_dags/example_setup_teardown.py
[2024-10-04T00:20:44.413+0000] {processor.py:914} INFO - Processing file /home/airflow/.local/lib/python3.12/site-packages/airflow/example_dags/example_setup_teardown.py for tasks to queue
[2024-10-04T00:20:44.413+0000] {logging_mixin.py:190} INFO - [2024-10-04T00:20:44.413+0000] {dagbag.py:588} INFO - Filling up the DagBag from /home/airflow/.local/lib/python3.12/site-packages/airflow/example_dags/example_setup_teardown.py
[2024-10-04T00:20:44.418+0000] {processor.py:925} INFO - DAG(s) 'example_setup_teardown' retrieved from /home/airflow/.local/lib/python3.12/site-packages/airflow/example_dags/example_setup_teardown.py
[2024-10-04T00:20:44.428+0000] {logging_mixin.py:190} INFO - [2024-10-04T00:20:44.428+0000] {dag.py:3239} INFO - Sync 1 DAGs
[2024-10-04T00:20:44.436+0000] {logging_mixin.py:190} INFO - [2024-10-04T00:20:44.436+0000] {dag.py:4180} INFO - Setting next_dagrun for example_setup_teardown to None, run_after=None
[2024-10-04T00:20:44.445+0000] {processor.py:208} INFO - Processing /home/airflow/.local/lib/python3.12/site-packages/airflow/example_dags/example_setup_teardown.py took 0.036 seconds
[2024-10-04T00:21:15.090+0000] {processor.py:186} INFO - Started process (PID=97484) to work on /home/airflow/.local/lib/python3.12/site-packages/airflow/example_dags/example_setup_teardown.py
[2024-10-04T00:21:15.090+0000] {processor.py:914} INFO - Processing file /home/airflow/.local/lib/python3.12/site-packages/airflow/example_dags/example_setup_teardown.py for tasks to queue
[2024-10-04T00:21:15.091+0000] {logging_mixin.py:190} INFO - [2024-10-04T00:21:15.090+0000] {dagbag.py:588} INFO - Filling up the DagBag from /home/airflow/.local/lib/python3.12/site-packages/airflow/example_dags/example_setup_teardown.py
[2024-10-04T00:21:15.096+0000] {processor.py:925} INFO - DAG(s) 'example_setup_teardown' retrieved from /home/airflow/.local/lib/python3.12/site-packages/airflow/example_dags/example_setup_teardown.py
[2024-10-04T00:21:15.106+0000] {logging_mixin.py:190} INFO - [2024-10-04T00:21:15.106+0000] {dag.py:3239} INFO - Sync 1 DAGs
[2024-10-04T00:21:15.113+0000] {logging_mixin.py:190} INFO - [2024-10-04T00:21:15.113+0000] {dag.py:4180} INFO - Setting next_dagrun for example_setup_teardown to None, run_after=None
[2024-10-04T00:21:15.121+0000] {processor.py:208} INFO - Processing /home/airflow/.local/lib/python3.12/site-packages/airflow/example_dags/example_setup_teardown.py took 0.035 seconds
[2024-10-04T00:21:46.036+0000] {processor.py:186} INFO - Started process (PID=97547) to work on /home/airflow/.local/lib/python3.12/site-packages/airflow/example_dags/example_setup_teardown.py
[2024-10-04T00:21:46.036+0000] {processor.py:914} INFO - Processing file /home/airflow/.local/lib/python3.12/site-packages/airflow/example_dags/example_setup_teardown.py for tasks to queue
[2024-10-04T00:21:46.037+0000] {logging_mixin.py:190} INFO - [2024-10-04T00:21:46.037+0000] {dagbag.py:588} INFO - Filling up the DagBag from /home/airflow/.local/lib/python3.12/site-packages/airflow/example_dags/example_setup_teardown.py
[2024-10-04T00:21:46.041+0000] {processor.py:925} INFO - DAG(s) 'example_setup_teardown' retrieved from /home/airflow/.local/lib/python3.12/site-packages/airflow/example_dags/example_setup_teardown.py
[2024-10-04T00:21:46.050+0000] {logging_mixin.py:190} INFO - [2024-10-04T00:21:46.050+0000] {dag.py:3239} INFO - Sync 1 DAGs
[2024-10-04T00:21:46.057+0000] {logging_mixin.py:190} INFO - [2024-10-04T00:21:46.057+0000] {dag.py:4180} INFO - Setting next_dagrun for example_setup_teardown to None, run_after=None
[2024-10-04T00:21:46.065+0000] {processor.py:208} INFO - Processing /home/airflow/.local/lib/python3.12/site-packages/airflow/example_dags/example_setup_teardown.py took 0.032 seconds
