[2024-10-04T00:00:26.987+0000] {processor.py:186} INFO - Started process (PID=94873) to work on /home/airflow/.local/lib/python3.12/site-packages/airflow/example_dags/example_complex.py
[2024-10-04T00:00:26.988+0000] {processor.py:914} INFO - Processing file /home/airflow/.local/lib/python3.12/site-packages/airflow/example_dags/example_complex.py for tasks to queue
[2024-10-04T00:00:26.988+0000] {logging_mixin.py:190} INFO - [2024-10-04T00:00:26.988+0000] {dagbag.py:588} INFO - Filling up the DagBag from /home/airflow/.local/lib/python3.12/site-packages/airflow/example_dags/example_complex.py
[2024-10-04T00:00:26.994+0000] {processor.py:925} INFO - DAG(s) 'example_complex' retrieved from /home/airflow/.local/lib/python3.12/site-packages/airflow/example_dags/example_complex.py
[2024-10-04T00:00:27.006+0000] {logging_mixin.py:190} INFO - [2024-10-04T00:00:27.005+0000] {dag.py:3239} INFO - Sync 1 DAGs
[2024-10-04T00:00:27.012+0000] {logging_mixin.py:190} INFO - [2024-10-04T00:00:27.012+0000] {dag.py:4180} INFO - Setting next_dagrun for example_complex to None, run_after=None
[2024-10-04T00:00:27.020+0000] {processor.py:208} INFO - Processing /home/airflow/.local/lib/python3.12/site-packages/airflow/example_dags/example_complex.py took 0.035 seconds
[2024-10-04T00:00:57.182+0000] {processor.py:186} INFO - Started process (PID=94936) to work on /home/airflow/.local/lib/python3.12/site-packages/airflow/example_dags/example_complex.py
[2024-10-04T00:00:57.182+0000] {processor.py:914} INFO - Processing file /home/airflow/.local/lib/python3.12/site-packages/airflow/example_dags/example_complex.py for tasks to queue
[2024-10-04T00:00:57.183+0000] {logging_mixin.py:190} INFO - [2024-10-04T00:00:57.183+0000] {dagbag.py:588} INFO - Filling up the DagBag from /home/airflow/.local/lib/python3.12/site-packages/airflow/example_dags/example_complex.py
[2024-10-04T00:00:57.188+0000] {processor.py:925} INFO - DAG(s) 'example_complex' retrieved from /home/airflow/.local/lib/python3.12/site-packages/airflow/example_dags/example_complex.py
[2024-10-04T00:00:57.200+0000] {logging_mixin.py:190} INFO - [2024-10-04T00:00:57.200+0000] {dag.py:3239} INFO - Sync 1 DAGs
[2024-10-04T00:00:57.206+0000] {logging_mixin.py:190} INFO - [2024-10-04T00:00:57.206+0000] {dag.py:4180} INFO - Setting next_dagrun for example_complex to None, run_after=None
[2024-10-04T00:00:57.214+0000] {processor.py:208} INFO - Processing /home/airflow/.local/lib/python3.12/site-packages/airflow/example_dags/example_complex.py took 0.035 seconds
[2024-10-04T00:01:27.358+0000] {processor.py:186} INFO - Started process (PID=94999) to work on /home/airflow/.local/lib/python3.12/site-packages/airflow/example_dags/example_complex.py
[2024-10-04T00:01:27.359+0000] {processor.py:914} INFO - Processing file /home/airflow/.local/lib/python3.12/site-packages/airflow/example_dags/example_complex.py for tasks to queue
[2024-10-04T00:01:27.359+0000] {logging_mixin.py:190} INFO - [2024-10-04T00:01:27.359+0000] {dagbag.py:588} INFO - Filling up the DagBag from /home/airflow/.local/lib/python3.12/site-packages/airflow/example_dags/example_complex.py
[2024-10-04T00:01:27.365+0000] {processor.py:925} INFO - DAG(s) 'example_complex' retrieved from /home/airflow/.local/lib/python3.12/site-packages/airflow/example_dags/example_complex.py
[2024-10-04T00:01:27.378+0000] {logging_mixin.py:190} INFO - [2024-10-04T00:01:27.378+0000] {dag.py:3239} INFO - Sync 1 DAGs
[2024-10-04T00:01:27.385+0000] {logging_mixin.py:190} INFO - [2024-10-04T00:01:27.385+0000] {dag.py:4180} INFO - Setting next_dagrun for example_complex to None, run_after=None
[2024-10-04T00:01:27.394+0000] {processor.py:208} INFO - Processing /home/airflow/.local/lib/python3.12/site-packages/airflow/example_dags/example_complex.py took 0.038 seconds
[2024-10-04T00:01:57.617+0000] {processor.py:186} INFO - Started process (PID=95062) to work on /home/airflow/.local/lib/python3.12/site-packages/airflow/example_dags/example_complex.py
[2024-10-04T00:01:57.617+0000] {processor.py:914} INFO - Processing file /home/airflow/.local/lib/python3.12/site-packages/airflow/example_dags/example_complex.py for tasks to queue
[2024-10-04T00:01:57.618+0000] {logging_mixin.py:190} INFO - [2024-10-04T00:01:57.618+0000] {dagbag.py:588} INFO - Filling up the DagBag from /home/airflow/.local/lib/python3.12/site-packages/airflow/example_dags/example_complex.py
[2024-10-04T00:01:57.624+0000] {processor.py:925} INFO - DAG(s) 'example_complex' retrieved from /home/airflow/.local/lib/python3.12/site-packages/airflow/example_dags/example_complex.py
[2024-10-04T00:01:57.638+0000] {logging_mixin.py:190} INFO - [2024-10-04T00:01:57.638+0000] {dag.py:3239} INFO - Sync 1 DAGs
[2024-10-04T00:01:57.645+0000] {logging_mixin.py:190} INFO - [2024-10-04T00:01:57.645+0000] {dag.py:4180} INFO - Setting next_dagrun for example_complex to None, run_after=None
[2024-10-04T00:01:57.654+0000] {processor.py:208} INFO - Processing /home/airflow/.local/lib/python3.12/site-packages/airflow/example_dags/example_complex.py took 0.041 seconds
[2024-10-04T00:02:27.809+0000] {processor.py:186} INFO - Started process (PID=95125) to work on /home/airflow/.local/lib/python3.12/site-packages/airflow/example_dags/example_complex.py
[2024-10-04T00:02:27.810+0000] {processor.py:914} INFO - Processing file /home/airflow/.local/lib/python3.12/site-packages/airflow/example_dags/example_complex.py for tasks to queue
[2024-10-04T00:02:27.810+0000] {logging_mixin.py:190} INFO - [2024-10-04T00:02:27.810+0000] {dagbag.py:588} INFO - Filling up the DagBag from /home/airflow/.local/lib/python3.12/site-packages/airflow/example_dags/example_complex.py
[2024-10-04T00:02:27.816+0000] {processor.py:925} INFO - DAG(s) 'example_complex' retrieved from /home/airflow/.local/lib/python3.12/site-packages/airflow/example_dags/example_complex.py
[2024-10-04T00:02:27.828+0000] {logging_mixin.py:190} INFO - [2024-10-04T00:02:27.828+0000] {dag.py:3239} INFO - Sync 1 DAGs
[2024-10-04T00:02:27.834+0000] {logging_mixin.py:190} INFO - [2024-10-04T00:02:27.834+0000] {dag.py:4180} INFO - Setting next_dagrun for example_complex to None, run_after=None
[2024-10-04T00:02:27.843+0000] {processor.py:208} INFO - Processing /home/airflow/.local/lib/python3.12/site-packages/airflow/example_dags/example_complex.py took 0.036 seconds
[2024-10-04T00:02:58.089+0000] {processor.py:186} INFO - Started process (PID=95194) to work on /home/airflow/.local/lib/python3.12/site-packages/airflow/example_dags/example_complex.py
[2024-10-04T00:02:58.089+0000] {processor.py:914} INFO - Processing file /home/airflow/.local/lib/python3.12/site-packages/airflow/example_dags/example_complex.py for tasks to queue
[2024-10-04T00:02:58.090+0000] {logging_mixin.py:190} INFO - [2024-10-04T00:02:58.090+0000] {dagbag.py:588} INFO - Filling up the DagBag from /home/airflow/.local/lib/python3.12/site-packages/airflow/example_dags/example_complex.py
[2024-10-04T00:02:58.095+0000] {processor.py:925} INFO - DAG(s) 'example_complex' retrieved from /home/airflow/.local/lib/python3.12/site-packages/airflow/example_dags/example_complex.py
[2024-10-04T00:02:58.108+0000] {logging_mixin.py:190} INFO - [2024-10-04T00:02:58.108+0000] {dag.py:3239} INFO - Sync 1 DAGs
[2024-10-04T00:02:58.114+0000] {logging_mixin.py:190} INFO - [2024-10-04T00:02:58.114+0000] {dag.py:4180} INFO - Setting next_dagrun for example_complex to None, run_after=None
[2024-10-04T00:02:58.122+0000] {processor.py:208} INFO - Processing /home/airflow/.local/lib/python3.12/site-packages/airflow/example_dags/example_complex.py took 0.036 seconds
[2024-10-04T00:03:28.271+0000] {processor.py:186} INFO - Started process (PID=95257) to work on /home/airflow/.local/lib/python3.12/site-packages/airflow/example_dags/example_complex.py
[2024-10-04T00:03:28.272+0000] {processor.py:914} INFO - Processing file /home/airflow/.local/lib/python3.12/site-packages/airflow/example_dags/example_complex.py for tasks to queue
[2024-10-04T00:03:28.272+0000] {logging_mixin.py:190} INFO - [2024-10-04T00:03:28.272+0000] {dagbag.py:588} INFO - Filling up the DagBag from /home/airflow/.local/lib/python3.12/site-packages/airflow/example_dags/example_complex.py
[2024-10-04T00:03:28.278+0000] {processor.py:925} INFO - DAG(s) 'example_complex' retrieved from /home/airflow/.local/lib/python3.12/site-packages/airflow/example_dags/example_complex.py
[2024-10-04T00:03:28.291+0000] {logging_mixin.py:190} INFO - [2024-10-04T00:03:28.291+0000] {dag.py:3239} INFO - Sync 1 DAGs
[2024-10-04T00:03:28.298+0000] {logging_mixin.py:190} INFO - [2024-10-04T00:03:28.297+0000] {dag.py:4180} INFO - Setting next_dagrun for example_complex to None, run_after=None
[2024-10-04T00:03:28.305+0000] {processor.py:208} INFO - Processing /home/airflow/.local/lib/python3.12/site-packages/airflow/example_dags/example_complex.py took 0.037 seconds
[2024-10-04T00:03:58.405+0000] {processor.py:186} INFO - Started process (PID=95320) to work on /home/airflow/.local/lib/python3.12/site-packages/airflow/example_dags/example_complex.py
[2024-10-04T00:03:58.405+0000] {processor.py:914} INFO - Processing file /home/airflow/.local/lib/python3.12/site-packages/airflow/example_dags/example_complex.py for tasks to queue
[2024-10-04T00:03:58.406+0000] {logging_mixin.py:190} INFO - [2024-10-04T00:03:58.406+0000] {dagbag.py:588} INFO - Filling up the DagBag from /home/airflow/.local/lib/python3.12/site-packages/airflow/example_dags/example_complex.py
[2024-10-04T00:03:58.412+0000] {processor.py:925} INFO - DAG(s) 'example_complex' retrieved from /home/airflow/.local/lib/python3.12/site-packages/airflow/example_dags/example_complex.py
[2024-10-04T00:03:58.426+0000] {logging_mixin.py:190} INFO - [2024-10-04T00:03:58.425+0000] {dag.py:3239} INFO - Sync 1 DAGs
[2024-10-04T00:03:58.432+0000] {logging_mixin.py:190} INFO - [2024-10-04T00:03:58.432+0000] {dag.py:4180} INFO - Setting next_dagrun for example_complex to None, run_after=None
[2024-10-04T00:03:58.440+0000] {processor.py:208} INFO - Processing /home/airflow/.local/lib/python3.12/site-packages/airflow/example_dags/example_complex.py took 0.038 seconds
[2024-10-04T00:04:28.527+0000] {processor.py:186} INFO - Started process (PID=95383) to work on /home/airflow/.local/lib/python3.12/site-packages/airflow/example_dags/example_complex.py
[2024-10-04T00:04:28.528+0000] {processor.py:914} INFO - Processing file /home/airflow/.local/lib/python3.12/site-packages/airflow/example_dags/example_complex.py for tasks to queue
[2024-10-04T00:04:28.529+0000] {logging_mixin.py:190} INFO - [2024-10-04T00:04:28.528+0000] {dagbag.py:588} INFO - Filling up the DagBag from /home/airflow/.local/lib/python3.12/site-packages/airflow/example_dags/example_complex.py
[2024-10-04T00:04:28.535+0000] {processor.py:925} INFO - DAG(s) 'example_complex' retrieved from /home/airflow/.local/lib/python3.12/site-packages/airflow/example_dags/example_complex.py
[2024-10-04T00:04:28.551+0000] {logging_mixin.py:190} INFO - [2024-10-04T00:04:28.551+0000] {dag.py:3239} INFO - Sync 1 DAGs
[2024-10-04T00:04:28.558+0000] {logging_mixin.py:190} INFO - [2024-10-04T00:04:28.558+0000] {dag.py:4180} INFO - Setting next_dagrun for example_complex to None, run_after=None
[2024-10-04T00:04:28.568+0000] {processor.py:208} INFO - Processing /home/airflow/.local/lib/python3.12/site-packages/airflow/example_dags/example_complex.py took 0.044 seconds
[2024-10-04T00:04:58.931+0000] {processor.py:186} INFO - Started process (PID=95446) to work on /home/airflow/.local/lib/python3.12/site-packages/airflow/example_dags/example_complex.py
[2024-10-04T00:04:58.932+0000] {processor.py:914} INFO - Processing file /home/airflow/.local/lib/python3.12/site-packages/airflow/example_dags/example_complex.py for tasks to queue
[2024-10-04T00:04:58.932+0000] {logging_mixin.py:190} INFO - [2024-10-04T00:04:58.932+0000] {dagbag.py:588} INFO - Filling up the DagBag from /home/airflow/.local/lib/python3.12/site-packages/airflow/example_dags/example_complex.py
[2024-10-04T00:04:58.938+0000] {processor.py:925} INFO - DAG(s) 'example_complex' retrieved from /home/airflow/.local/lib/python3.12/site-packages/airflow/example_dags/example_complex.py
[2024-10-04T00:04:58.950+0000] {logging_mixin.py:190} INFO - [2024-10-04T00:04:58.950+0000] {dag.py:3239} INFO - Sync 1 DAGs
[2024-10-04T00:04:58.957+0000] {logging_mixin.py:190} INFO - [2024-10-04T00:04:58.956+0000] {dag.py:4180} INFO - Setting next_dagrun for example_complex to None, run_after=None
[2024-10-04T00:04:58.966+0000] {processor.py:208} INFO - Processing /home/airflow/.local/lib/python3.12/site-packages/airflow/example_dags/example_complex.py took 0.038 seconds
[2024-10-04T00:05:29.150+0000] {processor.py:186} INFO - Started process (PID=95509) to work on /home/airflow/.local/lib/python3.12/site-packages/airflow/example_dags/example_complex.py
[2024-10-04T00:05:29.150+0000] {processor.py:914} INFO - Processing file /home/airflow/.local/lib/python3.12/site-packages/airflow/example_dags/example_complex.py for tasks to queue
[2024-10-04T00:05:29.151+0000] {logging_mixin.py:190} INFO - [2024-10-04T00:05:29.151+0000] {dagbag.py:588} INFO - Filling up the DagBag from /home/airflow/.local/lib/python3.12/site-packages/airflow/example_dags/example_complex.py
[2024-10-04T00:05:29.156+0000] {processor.py:925} INFO - DAG(s) 'example_complex' retrieved from /home/airflow/.local/lib/python3.12/site-packages/airflow/example_dags/example_complex.py
[2024-10-04T00:05:29.171+0000] {logging_mixin.py:190} INFO - [2024-10-04T00:05:29.171+0000] {dag.py:3239} INFO - Sync 1 DAGs
[2024-10-04T00:05:29.178+0000] {logging_mixin.py:190} INFO - [2024-10-04T00:05:29.178+0000] {dag.py:4180} INFO - Setting next_dagrun for example_complex to None, run_after=None
[2024-10-04T00:05:29.187+0000] {processor.py:208} INFO - Processing /home/airflow/.local/lib/python3.12/site-packages/airflow/example_dags/example_complex.py took 0.040 seconds
[2024-10-04T00:05:59.528+0000] {processor.py:186} INFO - Started process (PID=95572) to work on /home/airflow/.local/lib/python3.12/site-packages/airflow/example_dags/example_complex.py
[2024-10-04T00:05:59.528+0000] {processor.py:914} INFO - Processing file /home/airflow/.local/lib/python3.12/site-packages/airflow/example_dags/example_complex.py for tasks to queue
[2024-10-04T00:05:59.529+0000] {logging_mixin.py:190} INFO - [2024-10-04T00:05:59.529+0000] {dagbag.py:588} INFO - Filling up the DagBag from /home/airflow/.local/lib/python3.12/site-packages/airflow/example_dags/example_complex.py
[2024-10-04T00:05:59.534+0000] {processor.py:925} INFO - DAG(s) 'example_complex' retrieved from /home/airflow/.local/lib/python3.12/site-packages/airflow/example_dags/example_complex.py
[2024-10-04T00:05:59.548+0000] {logging_mixin.py:190} INFO - [2024-10-04T00:05:59.548+0000] {dag.py:3239} INFO - Sync 1 DAGs
[2024-10-04T00:05:59.555+0000] {logging_mixin.py:190} INFO - [2024-10-04T00:05:59.555+0000] {dag.py:4180} INFO - Setting next_dagrun for example_complex to None, run_after=None
[2024-10-04T00:05:59.564+0000] {processor.py:208} INFO - Processing /home/airflow/.local/lib/python3.12/site-packages/airflow/example_dags/example_complex.py took 0.038 seconds
[2024-10-04T00:06:29.663+0000] {processor.py:186} INFO - Started process (PID=95635) to work on /home/airflow/.local/lib/python3.12/site-packages/airflow/example_dags/example_complex.py
[2024-10-04T00:06:29.664+0000] {processor.py:914} INFO - Processing file /home/airflow/.local/lib/python3.12/site-packages/airflow/example_dags/example_complex.py for tasks to queue
[2024-10-04T00:06:29.664+0000] {logging_mixin.py:190} INFO - [2024-10-04T00:06:29.664+0000] {dagbag.py:588} INFO - Filling up the DagBag from /home/airflow/.local/lib/python3.12/site-packages/airflow/example_dags/example_complex.py
[2024-10-04T00:06:29.670+0000] {processor.py:925} INFO - DAG(s) 'example_complex' retrieved from /home/airflow/.local/lib/python3.12/site-packages/airflow/example_dags/example_complex.py
[2024-10-04T00:06:29.684+0000] {logging_mixin.py:190} INFO - [2024-10-04T00:06:29.684+0000] {dag.py:3239} INFO - Sync 1 DAGs
[2024-10-04T00:06:29.692+0000] {logging_mixin.py:190} INFO - [2024-10-04T00:06:29.692+0000] {dag.py:4180} INFO - Setting next_dagrun for example_complex to None, run_after=None
[2024-10-04T00:06:29.701+0000] {processor.py:208} INFO - Processing /home/airflow/.local/lib/python3.12/site-packages/airflow/example_dags/example_complex.py took 0.041 seconds
[2024-10-04T00:06:59.954+0000] {processor.py:186} INFO - Started process (PID=95698) to work on /home/airflow/.local/lib/python3.12/site-packages/airflow/example_dags/example_complex.py
[2024-10-04T00:06:59.954+0000] {processor.py:914} INFO - Processing file /home/airflow/.local/lib/python3.12/site-packages/airflow/example_dags/example_complex.py for tasks to queue
[2024-10-04T00:06:59.955+0000] {logging_mixin.py:190} INFO - [2024-10-04T00:06:59.954+0000] {dagbag.py:588} INFO - Filling up the DagBag from /home/airflow/.local/lib/python3.12/site-packages/airflow/example_dags/example_complex.py
[2024-10-04T00:06:59.960+0000] {processor.py:925} INFO - DAG(s) 'example_complex' retrieved from /home/airflow/.local/lib/python3.12/site-packages/airflow/example_dags/example_complex.py
[2024-10-04T00:06:59.974+0000] {logging_mixin.py:190} INFO - [2024-10-04T00:06:59.974+0000] {dag.py:3239} INFO - Sync 1 DAGs
[2024-10-04T00:06:59.981+0000] {logging_mixin.py:190} INFO - [2024-10-04T00:06:59.981+0000] {dag.py:4180} INFO - Setting next_dagrun for example_complex to None, run_after=None
[2024-10-04T00:06:59.990+0000] {processor.py:208} INFO - Processing /home/airflow/.local/lib/python3.12/site-packages/airflow/example_dags/example_complex.py took 0.039 seconds
[2024-10-04T00:07:30.199+0000] {processor.py:186} INFO - Started process (PID=95761) to work on /home/airflow/.local/lib/python3.12/site-packages/airflow/example_dags/example_complex.py
[2024-10-04T00:07:30.200+0000] {processor.py:914} INFO - Processing file /home/airflow/.local/lib/python3.12/site-packages/airflow/example_dags/example_complex.py for tasks to queue
[2024-10-04T00:07:30.201+0000] {logging_mixin.py:190} INFO - [2024-10-04T00:07:30.200+0000] {dagbag.py:588} INFO - Filling up the DagBag from /home/airflow/.local/lib/python3.12/site-packages/airflow/example_dags/example_complex.py
[2024-10-04T00:07:30.206+0000] {processor.py:925} INFO - DAG(s) 'example_complex' retrieved from /home/airflow/.local/lib/python3.12/site-packages/airflow/example_dags/example_complex.py
[2024-10-04T00:07:30.220+0000] {logging_mixin.py:190} INFO - [2024-10-04T00:07:30.220+0000] {dag.py:3239} INFO - Sync 1 DAGs
[2024-10-04T00:07:30.227+0000] {logging_mixin.py:190} INFO - [2024-10-04T00:07:30.227+0000] {dag.py:4180} INFO - Setting next_dagrun for example_complex to None, run_after=None
[2024-10-04T00:07:30.239+0000] {processor.py:208} INFO - Processing /home/airflow/.local/lib/python3.12/site-packages/airflow/example_dags/example_complex.py took 0.043 seconds
[2024-10-04T00:08:00.453+0000] {processor.py:186} INFO - Started process (PID=95824) to work on /home/airflow/.local/lib/python3.12/site-packages/airflow/example_dags/example_complex.py
[2024-10-04T00:08:00.454+0000] {processor.py:914} INFO - Processing file /home/airflow/.local/lib/python3.12/site-packages/airflow/example_dags/example_complex.py for tasks to queue
[2024-10-04T00:08:00.454+0000] {logging_mixin.py:190} INFO - [2024-10-04T00:08:00.454+0000] {dagbag.py:588} INFO - Filling up the DagBag from /home/airflow/.local/lib/python3.12/site-packages/airflow/example_dags/example_complex.py
[2024-10-04T00:08:00.461+0000] {processor.py:925} INFO - DAG(s) 'example_complex' retrieved from /home/airflow/.local/lib/python3.12/site-packages/airflow/example_dags/example_complex.py
[2024-10-04T00:08:00.475+0000] {logging_mixin.py:190} INFO - [2024-10-04T00:08:00.475+0000] {dag.py:3239} INFO - Sync 1 DAGs
[2024-10-04T00:08:00.483+0000] {logging_mixin.py:190} INFO - [2024-10-04T00:08:00.483+0000] {dag.py:4180} INFO - Setting next_dagrun for example_complex to None, run_after=None
[2024-10-04T00:08:00.492+0000] {processor.py:208} INFO - Processing /home/airflow/.local/lib/python3.12/site-packages/airflow/example_dags/example_complex.py took 0.042 seconds
[2024-10-04T00:08:30.896+0000] {processor.py:186} INFO - Started process (PID=95887) to work on /home/airflow/.local/lib/python3.12/site-packages/airflow/example_dags/example_complex.py
[2024-10-04T00:08:30.896+0000] {processor.py:914} INFO - Processing file /home/airflow/.local/lib/python3.12/site-packages/airflow/example_dags/example_complex.py for tasks to queue
[2024-10-04T00:08:30.897+0000] {logging_mixin.py:190} INFO - [2024-10-04T00:08:30.897+0000] {dagbag.py:588} INFO - Filling up the DagBag from /home/airflow/.local/lib/python3.12/site-packages/airflow/example_dags/example_complex.py
[2024-10-04T00:08:30.904+0000] {processor.py:925} INFO - DAG(s) 'example_complex' retrieved from /home/airflow/.local/lib/python3.12/site-packages/airflow/example_dags/example_complex.py
[2024-10-04T00:08:30.921+0000] {logging_mixin.py:190} INFO - [2024-10-04T00:08:30.921+0000] {dag.py:3239} INFO - Sync 1 DAGs
[2024-10-04T00:08:30.928+0000] {logging_mixin.py:190} INFO - [2024-10-04T00:08:30.928+0000] {dag.py:4180} INFO - Setting next_dagrun for example_complex to None, run_after=None
[2024-10-04T00:08:30.940+0000] {processor.py:208} INFO - Processing /home/airflow/.local/lib/python3.12/site-packages/airflow/example_dags/example_complex.py took 0.048 seconds
[2024-10-04T00:09:01.192+0000] {processor.py:186} INFO - Started process (PID=95950) to work on /home/airflow/.local/lib/python3.12/site-packages/airflow/example_dags/example_complex.py
[2024-10-04T00:09:01.192+0000] {processor.py:914} INFO - Processing file /home/airflow/.local/lib/python3.12/site-packages/airflow/example_dags/example_complex.py for tasks to queue
[2024-10-04T00:09:01.193+0000] {logging_mixin.py:190} INFO - [2024-10-04T00:09:01.193+0000] {dagbag.py:588} INFO - Filling up the DagBag from /home/airflow/.local/lib/python3.12/site-packages/airflow/example_dags/example_complex.py
[2024-10-04T00:09:01.199+0000] {processor.py:925} INFO - DAG(s) 'example_complex' retrieved from /home/airflow/.local/lib/python3.12/site-packages/airflow/example_dags/example_complex.py
[2024-10-04T00:09:01.214+0000] {logging_mixin.py:190} INFO - [2024-10-04T00:09:01.214+0000] {dag.py:3239} INFO - Sync 1 DAGs
[2024-10-04T00:09:01.222+0000] {logging_mixin.py:190} INFO - [2024-10-04T00:09:01.222+0000] {dag.py:4180} INFO - Setting next_dagrun for example_complex to None, run_after=None
[2024-10-04T00:09:01.233+0000] {processor.py:208} INFO - Processing /home/airflow/.local/lib/python3.12/site-packages/airflow/example_dags/example_complex.py took 0.044 seconds
[2024-10-04T00:09:31.427+0000] {processor.py:186} INFO - Started process (PID=96013) to work on /home/airflow/.local/lib/python3.12/site-packages/airflow/example_dags/example_complex.py
[2024-10-04T00:09:31.427+0000] {processor.py:914} INFO - Processing file /home/airflow/.local/lib/python3.12/site-packages/airflow/example_dags/example_complex.py for tasks to queue
[2024-10-04T00:09:31.428+0000] {logging_mixin.py:190} INFO - [2024-10-04T00:09:31.428+0000] {dagbag.py:588} INFO - Filling up the DagBag from /home/airflow/.local/lib/python3.12/site-packages/airflow/example_dags/example_complex.py
[2024-10-04T00:09:31.436+0000] {processor.py:925} INFO - DAG(s) 'example_complex' retrieved from /home/airflow/.local/lib/python3.12/site-packages/airflow/example_dags/example_complex.py
[2024-10-04T00:09:31.451+0000] {logging_mixin.py:190} INFO - [2024-10-04T00:09:31.451+0000] {dag.py:3239} INFO - Sync 1 DAGs
[2024-10-04T00:09:31.457+0000] {logging_mixin.py:190} INFO - [2024-10-04T00:09:31.457+0000] {dag.py:4180} INFO - Setting next_dagrun for example_complex to None, run_after=None
[2024-10-04T00:09:31.468+0000] {processor.py:208} INFO - Processing /home/airflow/.local/lib/python3.12/site-packages/airflow/example_dags/example_complex.py took 0.045 seconds
[2024-10-04T00:10:01.819+0000] {processor.py:186} INFO - Started process (PID=96076) to work on /home/airflow/.local/lib/python3.12/site-packages/airflow/example_dags/example_complex.py
[2024-10-04T00:10:01.820+0000] {processor.py:914} INFO - Processing file /home/airflow/.local/lib/python3.12/site-packages/airflow/example_dags/example_complex.py for tasks to queue
[2024-10-04T00:10:01.820+0000] {logging_mixin.py:190} INFO - [2024-10-04T00:10:01.820+0000] {dagbag.py:588} INFO - Filling up the DagBag from /home/airflow/.local/lib/python3.12/site-packages/airflow/example_dags/example_complex.py
[2024-10-04T00:10:01.827+0000] {processor.py:925} INFO - DAG(s) 'example_complex' retrieved from /home/airflow/.local/lib/python3.12/site-packages/airflow/example_dags/example_complex.py
[2024-10-04T00:10:01.843+0000] {logging_mixin.py:190} INFO - [2024-10-04T00:10:01.843+0000] {dag.py:3239} INFO - Sync 1 DAGs
[2024-10-04T00:10:01.849+0000] {logging_mixin.py:190} INFO - [2024-10-04T00:10:01.849+0000] {dag.py:4180} INFO - Setting next_dagrun for example_complex to None, run_after=None
[2024-10-04T00:10:01.859+0000] {processor.py:208} INFO - Processing /home/airflow/.local/lib/python3.12/site-packages/airflow/example_dags/example_complex.py took 0.043 seconds
[2024-10-04T00:10:32.064+0000] {processor.py:186} INFO - Started process (PID=96139) to work on /home/airflow/.local/lib/python3.12/site-packages/airflow/example_dags/example_complex.py
[2024-10-04T00:10:32.064+0000] {processor.py:914} INFO - Processing file /home/airflow/.local/lib/python3.12/site-packages/airflow/example_dags/example_complex.py for tasks to queue
[2024-10-04T00:10:32.065+0000] {logging_mixin.py:190} INFO - [2024-10-04T00:10:32.065+0000] {dagbag.py:588} INFO - Filling up the DagBag from /home/airflow/.local/lib/python3.12/site-packages/airflow/example_dags/example_complex.py
[2024-10-04T00:10:32.071+0000] {processor.py:925} INFO - DAG(s) 'example_complex' retrieved from /home/airflow/.local/lib/python3.12/site-packages/airflow/example_dags/example_complex.py
[2024-10-04T00:10:32.087+0000] {logging_mixin.py:190} INFO - [2024-10-04T00:10:32.087+0000] {dag.py:3239} INFO - Sync 1 DAGs
[2024-10-04T00:10:32.095+0000] {logging_mixin.py:190} INFO - [2024-10-04T00:10:32.095+0000] {dag.py:4180} INFO - Setting next_dagrun for example_complex to None, run_after=None
[2024-10-04T00:10:32.107+0000] {processor.py:208} INFO - Processing /home/airflow/.local/lib/python3.12/site-packages/airflow/example_dags/example_complex.py took 0.047 seconds
[2024-10-04T00:11:02.400+0000] {processor.py:186} INFO - Started process (PID=96202) to work on /home/airflow/.local/lib/python3.12/site-packages/airflow/example_dags/example_complex.py
[2024-10-04T00:11:02.400+0000] {processor.py:914} INFO - Processing file /home/airflow/.local/lib/python3.12/site-packages/airflow/example_dags/example_complex.py for tasks to queue
[2024-10-04T00:11:02.401+0000] {logging_mixin.py:190} INFO - [2024-10-04T00:11:02.401+0000] {dagbag.py:588} INFO - Filling up the DagBag from /home/airflow/.local/lib/python3.12/site-packages/airflow/example_dags/example_complex.py
[2024-10-04T00:11:02.407+0000] {processor.py:925} INFO - DAG(s) 'example_complex' retrieved from /home/airflow/.local/lib/python3.12/site-packages/airflow/example_dags/example_complex.py
[2024-10-04T00:11:02.420+0000] {logging_mixin.py:190} INFO - [2024-10-04T00:11:02.420+0000] {dag.py:3239} INFO - Sync 1 DAGs
[2024-10-04T00:11:02.427+0000] {logging_mixin.py:190} INFO - [2024-10-04T00:11:02.426+0000] {dag.py:4180} INFO - Setting next_dagrun for example_complex to None, run_after=None
[2024-10-04T00:11:02.436+0000] {processor.py:208} INFO - Processing /home/airflow/.local/lib/python3.12/site-packages/airflow/example_dags/example_complex.py took 0.039 seconds
[2024-10-04T00:11:32.791+0000] {processor.py:186} INFO - Started process (PID=96265) to work on /home/airflow/.local/lib/python3.12/site-packages/airflow/example_dags/example_complex.py
[2024-10-04T00:11:32.791+0000] {processor.py:914} INFO - Processing file /home/airflow/.local/lib/python3.12/site-packages/airflow/example_dags/example_complex.py for tasks to queue
[2024-10-04T00:11:32.792+0000] {logging_mixin.py:190} INFO - [2024-10-04T00:11:32.792+0000] {dagbag.py:588} INFO - Filling up the DagBag from /home/airflow/.local/lib/python3.12/site-packages/airflow/example_dags/example_complex.py
[2024-10-04T00:11:32.798+0000] {processor.py:925} INFO - DAG(s) 'example_complex' retrieved from /home/airflow/.local/lib/python3.12/site-packages/airflow/example_dags/example_complex.py
[2024-10-04T00:11:32.812+0000] {logging_mixin.py:190} INFO - [2024-10-04T00:11:32.812+0000] {dag.py:3239} INFO - Sync 1 DAGs
[2024-10-04T00:11:32.820+0000] {logging_mixin.py:190} INFO - [2024-10-04T00:11:32.820+0000] {dag.py:4180} INFO - Setting next_dagrun for example_complex to None, run_after=None
[2024-10-04T00:11:32.831+0000] {processor.py:208} INFO - Processing /home/airflow/.local/lib/python3.12/site-packages/airflow/example_dags/example_complex.py took 0.044 seconds
[2024-10-04T00:12:03.169+0000] {processor.py:186} INFO - Started process (PID=96328) to work on /home/airflow/.local/lib/python3.12/site-packages/airflow/example_dags/example_complex.py
[2024-10-04T00:12:03.170+0000] {processor.py:914} INFO - Processing file /home/airflow/.local/lib/python3.12/site-packages/airflow/example_dags/example_complex.py for tasks to queue
[2024-10-04T00:12:03.170+0000] {logging_mixin.py:190} INFO - [2024-10-04T00:12:03.170+0000] {dagbag.py:588} INFO - Filling up the DagBag from /home/airflow/.local/lib/python3.12/site-packages/airflow/example_dags/example_complex.py
[2024-10-04T00:12:03.176+0000] {processor.py:925} INFO - DAG(s) 'example_complex' retrieved from /home/airflow/.local/lib/python3.12/site-packages/airflow/example_dags/example_complex.py
[2024-10-04T00:12:03.190+0000] {logging_mixin.py:190} INFO - [2024-10-04T00:12:03.190+0000] {dag.py:3239} INFO - Sync 1 DAGs
[2024-10-04T00:12:03.196+0000] {logging_mixin.py:190} INFO - [2024-10-04T00:12:03.196+0000] {dag.py:4180} INFO - Setting next_dagrun for example_complex to None, run_after=None
[2024-10-04T00:12:03.206+0000] {processor.py:208} INFO - Processing /home/airflow/.local/lib/python3.12/site-packages/airflow/example_dags/example_complex.py took 0.040 seconds
[2024-10-04T00:12:33.665+0000] {processor.py:186} INFO - Started process (PID=96391) to work on /home/airflow/.local/lib/python3.12/site-packages/airflow/example_dags/example_complex.py
[2024-10-04T00:12:33.666+0000] {processor.py:914} INFO - Processing file /home/airflow/.local/lib/python3.12/site-packages/airflow/example_dags/example_complex.py for tasks to queue
[2024-10-04T00:12:33.667+0000] {logging_mixin.py:190} INFO - [2024-10-04T00:12:33.666+0000] {dagbag.py:588} INFO - Filling up the DagBag from /home/airflow/.local/lib/python3.12/site-packages/airflow/example_dags/example_complex.py
[2024-10-04T00:12:33.673+0000] {processor.py:925} INFO - DAG(s) 'example_complex' retrieved from /home/airflow/.local/lib/python3.12/site-packages/airflow/example_dags/example_complex.py
[2024-10-04T00:12:33.687+0000] {logging_mixin.py:190} INFO - [2024-10-04T00:12:33.686+0000] {dag.py:3239} INFO - Sync 1 DAGs
[2024-10-04T00:12:33.693+0000] {logging_mixin.py:190} INFO - [2024-10-04T00:12:33.693+0000] {dag.py:4180} INFO - Setting next_dagrun for example_complex to None, run_after=None
[2024-10-04T00:12:33.703+0000] {processor.py:208} INFO - Processing /home/airflow/.local/lib/python3.12/site-packages/airflow/example_dags/example_complex.py took 0.040 seconds
[2024-10-04T00:13:04.147+0000] {processor.py:186} INFO - Started process (PID=96454) to work on /home/airflow/.local/lib/python3.12/site-packages/airflow/example_dags/example_complex.py
[2024-10-04T00:13:04.148+0000] {processor.py:914} INFO - Processing file /home/airflow/.local/lib/python3.12/site-packages/airflow/example_dags/example_complex.py for tasks to queue
[2024-10-04T00:13:04.149+0000] {logging_mixin.py:190} INFO - [2024-10-04T00:13:04.148+0000] {dagbag.py:588} INFO - Filling up the DagBag from /home/airflow/.local/lib/python3.12/site-packages/airflow/example_dags/example_complex.py
[2024-10-04T00:13:04.155+0000] {processor.py:925} INFO - DAG(s) 'example_complex' retrieved from /home/airflow/.local/lib/python3.12/site-packages/airflow/example_dags/example_complex.py
[2024-10-04T00:13:04.169+0000] {logging_mixin.py:190} INFO - [2024-10-04T00:13:04.169+0000] {dag.py:3239} INFO - Sync 1 DAGs
[2024-10-04T00:13:04.176+0000] {logging_mixin.py:190} INFO - [2024-10-04T00:13:04.176+0000] {dag.py:4180} INFO - Setting next_dagrun for example_complex to None, run_after=None
[2024-10-04T00:13:04.186+0000] {processor.py:208} INFO - Processing /home/airflow/.local/lib/python3.12/site-packages/airflow/example_dags/example_complex.py took 0.042 seconds
[2024-10-04T00:13:34.707+0000] {processor.py:186} INFO - Started process (PID=96517) to work on /home/airflow/.local/lib/python3.12/site-packages/airflow/example_dags/example_complex.py
[2024-10-04T00:13:34.707+0000] {processor.py:914} INFO - Processing file /home/airflow/.local/lib/python3.12/site-packages/airflow/example_dags/example_complex.py for tasks to queue
[2024-10-04T00:13:34.708+0000] {logging_mixin.py:190} INFO - [2024-10-04T00:13:34.708+0000] {dagbag.py:588} INFO - Filling up the DagBag from /home/airflow/.local/lib/python3.12/site-packages/airflow/example_dags/example_complex.py
[2024-10-04T00:13:34.714+0000] {processor.py:925} INFO - DAG(s) 'example_complex' retrieved from /home/airflow/.local/lib/python3.12/site-packages/airflow/example_dags/example_complex.py
[2024-10-04T00:13:34.729+0000] {logging_mixin.py:190} INFO - [2024-10-04T00:13:34.728+0000] {dag.py:3239} INFO - Sync 1 DAGs
[2024-10-04T00:13:34.736+0000] {logging_mixin.py:190} INFO - [2024-10-04T00:13:34.736+0000] {dag.py:4180} INFO - Setting next_dagrun for example_complex to None, run_after=None
[2024-10-04T00:13:34.745+0000] {processor.py:208} INFO - Processing /home/airflow/.local/lib/python3.12/site-packages/airflow/example_dags/example_complex.py took 0.042 seconds
[2024-10-04T00:14:05.024+0000] {processor.py:186} INFO - Started process (PID=96580) to work on /home/airflow/.local/lib/python3.12/site-packages/airflow/example_dags/example_complex.py
[2024-10-04T00:14:05.025+0000] {processor.py:914} INFO - Processing file /home/airflow/.local/lib/python3.12/site-packages/airflow/example_dags/example_complex.py for tasks to queue
[2024-10-04T00:14:05.026+0000] {logging_mixin.py:190} INFO - [2024-10-04T00:14:05.025+0000] {dagbag.py:588} INFO - Filling up the DagBag from /home/airflow/.local/lib/python3.12/site-packages/airflow/example_dags/example_complex.py
[2024-10-04T00:14:05.032+0000] {processor.py:925} INFO - DAG(s) 'example_complex' retrieved from /home/airflow/.local/lib/python3.12/site-packages/airflow/example_dags/example_complex.py
[2024-10-04T00:14:05.047+0000] {logging_mixin.py:190} INFO - [2024-10-04T00:14:05.046+0000] {dag.py:3239} INFO - Sync 1 DAGs
[2024-10-04T00:14:05.054+0000] {logging_mixin.py:190} INFO - [2024-10-04T00:14:05.054+0000] {dag.py:4180} INFO - Setting next_dagrun for example_complex to None, run_after=None
[2024-10-04T00:14:05.064+0000] {processor.py:208} INFO - Processing /home/airflow/.local/lib/python3.12/site-packages/airflow/example_dags/example_complex.py took 0.043 seconds
[2024-10-04T00:14:35.411+0000] {processor.py:186} INFO - Started process (PID=96642) to work on /home/airflow/.local/lib/python3.12/site-packages/airflow/example_dags/example_complex.py
[2024-10-04T00:14:35.412+0000] {processor.py:914} INFO - Processing file /home/airflow/.local/lib/python3.12/site-packages/airflow/example_dags/example_complex.py for tasks to queue
[2024-10-04T00:14:35.413+0000] {logging_mixin.py:190} INFO - [2024-10-04T00:14:35.413+0000] {dagbag.py:588} INFO - Filling up the DagBag from /home/airflow/.local/lib/python3.12/site-packages/airflow/example_dags/example_complex.py
[2024-10-04T00:14:35.419+0000] {processor.py:925} INFO - DAG(s) 'example_complex' retrieved from /home/airflow/.local/lib/python3.12/site-packages/airflow/example_dags/example_complex.py
[2024-10-04T00:14:35.433+0000] {logging_mixin.py:190} INFO - [2024-10-04T00:14:35.433+0000] {dag.py:3239} INFO - Sync 1 DAGs
[2024-10-04T00:14:35.440+0000] {logging_mixin.py:190} INFO - [2024-10-04T00:14:35.440+0000] {dag.py:4180} INFO - Setting next_dagrun for example_complex to None, run_after=None
[2024-10-04T00:14:35.449+0000] {processor.py:208} INFO - Processing /home/airflow/.local/lib/python3.12/site-packages/airflow/example_dags/example_complex.py took 0.041 seconds
[2024-10-04T00:15:05.993+0000] {processor.py:186} INFO - Started process (PID=96705) to work on /home/airflow/.local/lib/python3.12/site-packages/airflow/example_dags/example_complex.py
[2024-10-04T00:15:05.994+0000] {processor.py:914} INFO - Processing file /home/airflow/.local/lib/python3.12/site-packages/airflow/example_dags/example_complex.py for tasks to queue
[2024-10-04T00:15:05.995+0000] {logging_mixin.py:190} INFO - [2024-10-04T00:15:05.994+0000] {dagbag.py:588} INFO - Filling up the DagBag from /home/airflow/.local/lib/python3.12/site-packages/airflow/example_dags/example_complex.py
[2024-10-04T00:15:06.001+0000] {processor.py:925} INFO - DAG(s) 'example_complex' retrieved from /home/airflow/.local/lib/python3.12/site-packages/airflow/example_dags/example_complex.py
[2024-10-04T00:15:06.015+0000] {logging_mixin.py:190} INFO - [2024-10-04T00:15:06.015+0000] {dag.py:3239} INFO - Sync 1 DAGs
[2024-10-04T00:15:06.023+0000] {logging_mixin.py:190} INFO - [2024-10-04T00:15:06.022+0000] {dag.py:4180} INFO - Setting next_dagrun for example_complex to None, run_after=None
[2024-10-04T00:15:06.033+0000] {processor.py:208} INFO - Processing /home/airflow/.local/lib/python3.12/site-packages/airflow/example_dags/example_complex.py took 0.043 seconds
[2024-10-04T00:15:36.546+0000] {processor.py:186} INFO - Started process (PID=96768) to work on /home/airflow/.local/lib/python3.12/site-packages/airflow/example_dags/example_complex.py
[2024-10-04T00:15:36.547+0000] {processor.py:914} INFO - Processing file /home/airflow/.local/lib/python3.12/site-packages/airflow/example_dags/example_complex.py for tasks to queue
[2024-10-04T00:15:36.547+0000] {logging_mixin.py:190} INFO - [2024-10-04T00:15:36.547+0000] {dagbag.py:588} INFO - Filling up the DagBag from /home/airflow/.local/lib/python3.12/site-packages/airflow/example_dags/example_complex.py
[2024-10-04T00:15:36.553+0000] {processor.py:925} INFO - DAG(s) 'example_complex' retrieved from /home/airflow/.local/lib/python3.12/site-packages/airflow/example_dags/example_complex.py
[2024-10-04T00:15:36.568+0000] {logging_mixin.py:190} INFO - [2024-10-04T00:15:36.568+0000] {dag.py:3239} INFO - Sync 1 DAGs
[2024-10-04T00:15:36.575+0000] {logging_mixin.py:190} INFO - [2024-10-04T00:15:36.575+0000] {dag.py:4180} INFO - Setting next_dagrun for example_complex to None, run_after=None
[2024-10-04T00:15:36.584+0000] {processor.py:208} INFO - Processing /home/airflow/.local/lib/python3.12/site-packages/airflow/example_dags/example_complex.py took 0.041 seconds
[2024-10-04T00:16:07.011+0000] {processor.py:186} INFO - Started process (PID=96831) to work on /home/airflow/.local/lib/python3.12/site-packages/airflow/example_dags/example_complex.py
[2024-10-04T00:16:07.012+0000] {processor.py:914} INFO - Processing file /home/airflow/.local/lib/python3.12/site-packages/airflow/example_dags/example_complex.py for tasks to queue
[2024-10-04T00:16:07.012+0000] {logging_mixin.py:190} INFO - [2024-10-04T00:16:07.012+0000] {dagbag.py:588} INFO - Filling up the DagBag from /home/airflow/.local/lib/python3.12/site-packages/airflow/example_dags/example_complex.py
[2024-10-04T00:16:07.019+0000] {processor.py:925} INFO - DAG(s) 'example_complex' retrieved from /home/airflow/.local/lib/python3.12/site-packages/airflow/example_dags/example_complex.py
[2024-10-04T00:16:07.035+0000] {logging_mixin.py:190} INFO - [2024-10-04T00:16:07.034+0000] {dag.py:3239} INFO - Sync 1 DAGs
[2024-10-04T00:16:07.043+0000] {logging_mixin.py:190} INFO - [2024-10-04T00:16:07.043+0000] {dag.py:4180} INFO - Setting next_dagrun for example_complex to None, run_after=None
[2024-10-04T00:16:07.054+0000] {processor.py:208} INFO - Processing /home/airflow/.local/lib/python3.12/site-packages/airflow/example_dags/example_complex.py took 0.045 seconds
[2024-10-04T00:16:37.562+0000] {processor.py:186} INFO - Started process (PID=96894) to work on /home/airflow/.local/lib/python3.12/site-packages/airflow/example_dags/example_complex.py
[2024-10-04T00:16:37.562+0000] {processor.py:914} INFO - Processing file /home/airflow/.local/lib/python3.12/site-packages/airflow/example_dags/example_complex.py for tasks to queue
[2024-10-04T00:16:37.563+0000] {logging_mixin.py:190} INFO - [2024-10-04T00:16:37.562+0000] {dagbag.py:588} INFO - Filling up the DagBag from /home/airflow/.local/lib/python3.12/site-packages/airflow/example_dags/example_complex.py
[2024-10-04T00:16:37.568+0000] {processor.py:925} INFO - DAG(s) 'example_complex' retrieved from /home/airflow/.local/lib/python3.12/site-packages/airflow/example_dags/example_complex.py
[2024-10-04T00:16:37.582+0000] {logging_mixin.py:190} INFO - [2024-10-04T00:16:37.582+0000] {dag.py:3239} INFO - Sync 1 DAGs
[2024-10-04T00:16:37.589+0000] {logging_mixin.py:190} INFO - [2024-10-04T00:16:37.589+0000] {dag.py:4180} INFO - Setting next_dagrun for example_complex to None, run_after=None
[2024-10-04T00:16:37.597+0000] {processor.py:208} INFO - Processing /home/airflow/.local/lib/python3.12/site-packages/airflow/example_dags/example_complex.py took 0.038 seconds
[2024-10-04T00:17:08.185+0000] {processor.py:186} INFO - Started process (PID=96957) to work on /home/airflow/.local/lib/python3.12/site-packages/airflow/example_dags/example_complex.py
[2024-10-04T00:17:08.186+0000] {processor.py:914} INFO - Processing file /home/airflow/.local/lib/python3.12/site-packages/airflow/example_dags/example_complex.py for tasks to queue
[2024-10-04T00:17:08.186+0000] {logging_mixin.py:190} INFO - [2024-10-04T00:17:08.186+0000] {dagbag.py:588} INFO - Filling up the DagBag from /home/airflow/.local/lib/python3.12/site-packages/airflow/example_dags/example_complex.py
[2024-10-04T00:17:08.192+0000] {processor.py:925} INFO - DAG(s) 'example_complex' retrieved from /home/airflow/.local/lib/python3.12/site-packages/airflow/example_dags/example_complex.py
[2024-10-04T00:17:08.204+0000] {logging_mixin.py:190} INFO - [2024-10-04T00:17:08.204+0000] {dag.py:3239} INFO - Sync 1 DAGs
[2024-10-04T00:17:08.210+0000] {logging_mixin.py:190} INFO - [2024-10-04T00:17:08.210+0000] {dag.py:4180} INFO - Setting next_dagrun for example_complex to None, run_after=None
[2024-10-04T00:17:08.219+0000] {processor.py:208} INFO - Processing /home/airflow/.local/lib/python3.12/site-packages/airflow/example_dags/example_complex.py took 0.036 seconds
[2024-10-04T00:17:38.898+0000] {processor.py:186} INFO - Started process (PID=97020) to work on /home/airflow/.local/lib/python3.12/site-packages/airflow/example_dags/example_complex.py
[2024-10-04T00:17:38.898+0000] {processor.py:914} INFO - Processing file /home/airflow/.local/lib/python3.12/site-packages/airflow/example_dags/example_complex.py for tasks to queue
[2024-10-04T00:17:38.899+0000] {logging_mixin.py:190} INFO - [2024-10-04T00:17:38.899+0000] {dagbag.py:588} INFO - Filling up the DagBag from /home/airflow/.local/lib/python3.12/site-packages/airflow/example_dags/example_complex.py
[2024-10-04T00:17:38.905+0000] {processor.py:925} INFO - DAG(s) 'example_complex' retrieved from /home/airflow/.local/lib/python3.12/site-packages/airflow/example_dags/example_complex.py
[2024-10-04T00:17:38.919+0000] {logging_mixin.py:190} INFO - [2024-10-04T00:17:38.919+0000] {dag.py:3239} INFO - Sync 1 DAGs
[2024-10-04T00:17:38.926+0000] {logging_mixin.py:190} INFO - [2024-10-04T00:17:38.926+0000] {dag.py:4180} INFO - Setting next_dagrun for example_complex to None, run_after=None
[2024-10-04T00:17:38.934+0000] {processor.py:208} INFO - Processing /home/airflow/.local/lib/python3.12/site-packages/airflow/example_dags/example_complex.py took 0.039 seconds
[2024-10-04T00:18:09.420+0000] {processor.py:186} INFO - Started process (PID=97083) to work on /home/airflow/.local/lib/python3.12/site-packages/airflow/example_dags/example_complex.py
[2024-10-04T00:18:09.420+0000] {processor.py:914} INFO - Processing file /home/airflow/.local/lib/python3.12/site-packages/airflow/example_dags/example_complex.py for tasks to queue
[2024-10-04T00:18:09.421+0000] {logging_mixin.py:190} INFO - [2024-10-04T00:18:09.421+0000] {dagbag.py:588} INFO - Filling up the DagBag from /home/airflow/.local/lib/python3.12/site-packages/airflow/example_dags/example_complex.py
[2024-10-04T00:18:09.426+0000] {processor.py:925} INFO - DAG(s) 'example_complex' retrieved from /home/airflow/.local/lib/python3.12/site-packages/airflow/example_dags/example_complex.py
[2024-10-04T00:18:09.439+0000] {logging_mixin.py:190} INFO - [2024-10-04T00:18:09.439+0000] {dag.py:3239} INFO - Sync 1 DAGs
[2024-10-04T00:18:09.445+0000] {logging_mixin.py:190} INFO - [2024-10-04T00:18:09.445+0000] {dag.py:4180} INFO - Setting next_dagrun for example_complex to None, run_after=None
[2024-10-04T00:18:09.453+0000] {processor.py:208} INFO - Processing /home/airflow/.local/lib/python3.12/site-packages/airflow/example_dags/example_complex.py took 0.036 seconds
[2024-10-04T00:18:39.788+0000] {processor.py:186} INFO - Started process (PID=97146) to work on /home/airflow/.local/lib/python3.12/site-packages/airflow/example_dags/example_complex.py
[2024-10-04T00:18:39.788+0000] {processor.py:914} INFO - Processing file /home/airflow/.local/lib/python3.12/site-packages/airflow/example_dags/example_complex.py for tasks to queue
[2024-10-04T00:18:39.789+0000] {logging_mixin.py:190} INFO - [2024-10-04T00:18:39.788+0000] {dagbag.py:588} INFO - Filling up the DagBag from /home/airflow/.local/lib/python3.12/site-packages/airflow/example_dags/example_complex.py
[2024-10-04T00:18:39.795+0000] {processor.py:925} INFO - DAG(s) 'example_complex' retrieved from /home/airflow/.local/lib/python3.12/site-packages/airflow/example_dags/example_complex.py
[2024-10-04T00:18:39.810+0000] {logging_mixin.py:190} INFO - [2024-10-04T00:18:39.810+0000] {dag.py:3239} INFO - Sync 1 DAGs
[2024-10-04T00:18:39.817+0000] {logging_mixin.py:190} INFO - [2024-10-04T00:18:39.817+0000] {dag.py:4180} INFO - Setting next_dagrun for example_complex to None, run_after=None
[2024-10-04T00:18:39.828+0000] {processor.py:208} INFO - Processing /home/airflow/.local/lib/python3.12/site-packages/airflow/example_dags/example_complex.py took 0.044 seconds
[2024-10-04T00:19:10.610+0000] {processor.py:186} INFO - Started process (PID=97209) to work on /home/airflow/.local/lib/python3.12/site-packages/airflow/example_dags/example_complex.py
[2024-10-04T00:19:10.611+0000] {processor.py:914} INFO - Processing file /home/airflow/.local/lib/python3.12/site-packages/airflow/example_dags/example_complex.py for tasks to queue
[2024-10-04T00:19:10.611+0000] {logging_mixin.py:190} INFO - [2024-10-04T00:19:10.611+0000] {dagbag.py:588} INFO - Filling up the DagBag from /home/airflow/.local/lib/python3.12/site-packages/airflow/example_dags/example_complex.py
[2024-10-04T00:19:10.617+0000] {processor.py:925} INFO - DAG(s) 'example_complex' retrieved from /home/airflow/.local/lib/python3.12/site-packages/airflow/example_dags/example_complex.py
[2024-10-04T00:19:10.631+0000] {logging_mixin.py:190} INFO - [2024-10-04T00:19:10.631+0000] {dag.py:3239} INFO - Sync 1 DAGs
[2024-10-04T00:19:10.639+0000] {logging_mixin.py:190} INFO - [2024-10-04T00:19:10.639+0000] {dag.py:4180} INFO - Setting next_dagrun for example_complex to None, run_after=None
[2024-10-04T00:19:10.649+0000] {processor.py:208} INFO - Processing /home/airflow/.local/lib/python3.12/site-packages/airflow/example_dags/example_complex.py took 0.041 seconds
[2024-10-04T00:19:41.058+0000] {processor.py:186} INFO - Started process (PID=97272) to work on /home/airflow/.local/lib/python3.12/site-packages/airflow/example_dags/example_complex.py
[2024-10-04T00:19:41.059+0000] {processor.py:914} INFO - Processing file /home/airflow/.local/lib/python3.12/site-packages/airflow/example_dags/example_complex.py for tasks to queue
[2024-10-04T00:19:41.059+0000] {logging_mixin.py:190} INFO - [2024-10-04T00:19:41.059+0000] {dagbag.py:588} INFO - Filling up the DagBag from /home/airflow/.local/lib/python3.12/site-packages/airflow/example_dags/example_complex.py
[2024-10-04T00:19:41.066+0000] {processor.py:925} INFO - DAG(s) 'example_complex' retrieved from /home/airflow/.local/lib/python3.12/site-packages/airflow/example_dags/example_complex.py
[2024-10-04T00:19:41.081+0000] {logging_mixin.py:190} INFO - [2024-10-04T00:19:41.081+0000] {dag.py:3239} INFO - Sync 1 DAGs
[2024-10-04T00:19:41.088+0000] {logging_mixin.py:190} INFO - [2024-10-04T00:19:41.088+0000] {dag.py:4180} INFO - Setting next_dagrun for example_complex to None, run_after=None
[2024-10-04T00:19:41.100+0000] {processor.py:208} INFO - Processing /home/airflow/.local/lib/python3.12/site-packages/airflow/example_dags/example_complex.py took 0.044 seconds
[2024-10-04T00:20:11.774+0000] {processor.py:186} INFO - Started process (PID=97335) to work on /home/airflow/.local/lib/python3.12/site-packages/airflow/example_dags/example_complex.py
[2024-10-04T00:20:11.774+0000] {processor.py:914} INFO - Processing file /home/airflow/.local/lib/python3.12/site-packages/airflow/example_dags/example_complex.py for tasks to queue
[2024-10-04T00:20:11.775+0000] {logging_mixin.py:190} INFO - [2024-10-04T00:20:11.775+0000] {dagbag.py:588} INFO - Filling up the DagBag from /home/airflow/.local/lib/python3.12/site-packages/airflow/example_dags/example_complex.py
[2024-10-04T00:20:11.781+0000] {processor.py:925} INFO - DAG(s) 'example_complex' retrieved from /home/airflow/.local/lib/python3.12/site-packages/airflow/example_dags/example_complex.py
[2024-10-04T00:20:11.794+0000] {logging_mixin.py:190} INFO - [2024-10-04T00:20:11.794+0000] {dag.py:3239} INFO - Sync 1 DAGs
[2024-10-04T00:20:11.801+0000] {logging_mixin.py:190} INFO - [2024-10-04T00:20:11.801+0000] {dag.py:4180} INFO - Setting next_dagrun for example_complex to None, run_after=None
[2024-10-04T00:20:11.811+0000] {processor.py:208} INFO - Processing /home/airflow/.local/lib/python3.12/site-packages/airflow/example_dags/example_complex.py took 0.041 seconds
[2024-10-04T00:20:42.106+0000] {processor.py:186} INFO - Started process (PID=97398) to work on /home/airflow/.local/lib/python3.12/site-packages/airflow/example_dags/example_complex.py
[2024-10-04T00:20:42.107+0000] {processor.py:914} INFO - Processing file /home/airflow/.local/lib/python3.12/site-packages/airflow/example_dags/example_complex.py for tasks to queue
[2024-10-04T00:20:42.107+0000] {logging_mixin.py:190} INFO - [2024-10-04T00:20:42.107+0000] {dagbag.py:588} INFO - Filling up the DagBag from /home/airflow/.local/lib/python3.12/site-packages/airflow/example_dags/example_complex.py
[2024-10-04T00:20:42.114+0000] {processor.py:925} INFO - DAG(s) 'example_complex' retrieved from /home/airflow/.local/lib/python3.12/site-packages/airflow/example_dags/example_complex.py
[2024-10-04T00:20:42.129+0000] {logging_mixin.py:190} INFO - [2024-10-04T00:20:42.129+0000] {dag.py:3239} INFO - Sync 1 DAGs
[2024-10-04T00:20:42.137+0000] {logging_mixin.py:190} INFO - [2024-10-04T00:20:42.137+0000] {dag.py:4180} INFO - Setting next_dagrun for example_complex to None, run_after=None
[2024-10-04T00:20:42.153+0000] {processor.py:208} INFO - Processing /home/airflow/.local/lib/python3.12/site-packages/airflow/example_dags/example_complex.py took 0.049 seconds
[2024-10-04T00:21:12.841+0000] {processor.py:186} INFO - Started process (PID=97461) to work on /home/airflow/.local/lib/python3.12/site-packages/airflow/example_dags/example_complex.py
[2024-10-04T00:21:12.842+0000] {processor.py:914} INFO - Processing file /home/airflow/.local/lib/python3.12/site-packages/airflow/example_dags/example_complex.py for tasks to queue
[2024-10-04T00:21:12.842+0000] {logging_mixin.py:190} INFO - [2024-10-04T00:21:12.842+0000] {dagbag.py:588} INFO - Filling up the DagBag from /home/airflow/.local/lib/python3.12/site-packages/airflow/example_dags/example_complex.py
[2024-10-04T00:21:12.849+0000] {processor.py:925} INFO - DAG(s) 'example_complex' retrieved from /home/airflow/.local/lib/python3.12/site-packages/airflow/example_dags/example_complex.py
[2024-10-04T00:21:12.863+0000] {logging_mixin.py:190} INFO - [2024-10-04T00:21:12.862+0000] {dag.py:3239} INFO - Sync 1 DAGs
[2024-10-04T00:21:12.870+0000] {logging_mixin.py:190} INFO - [2024-10-04T00:21:12.870+0000] {dag.py:4180} INFO - Setting next_dagrun for example_complex to None, run_after=None
[2024-10-04T00:21:12.879+0000] {processor.py:208} INFO - Processing /home/airflow/.local/lib/python3.12/site-packages/airflow/example_dags/example_complex.py took 0.041 seconds
[2024-10-04T00:21:43.807+0000] {processor.py:186} INFO - Started process (PID=97524) to work on /home/airflow/.local/lib/python3.12/site-packages/airflow/example_dags/example_complex.py
[2024-10-04T00:21:43.807+0000] {processor.py:914} INFO - Processing file /home/airflow/.local/lib/python3.12/site-packages/airflow/example_dags/example_complex.py for tasks to queue
[2024-10-04T00:21:43.808+0000] {logging_mixin.py:190} INFO - [2024-10-04T00:21:43.808+0000] {dagbag.py:588} INFO - Filling up the DagBag from /home/airflow/.local/lib/python3.12/site-packages/airflow/example_dags/example_complex.py
[2024-10-04T00:21:43.814+0000] {processor.py:925} INFO - DAG(s) 'example_complex' retrieved from /home/airflow/.local/lib/python3.12/site-packages/airflow/example_dags/example_complex.py
[2024-10-04T00:21:43.828+0000] {logging_mixin.py:190} INFO - [2024-10-04T00:21:43.828+0000] {dag.py:3239} INFO - Sync 1 DAGs
[2024-10-04T00:21:43.835+0000] {logging_mixin.py:190} INFO - [2024-10-04T00:21:43.835+0000] {dag.py:4180} INFO - Setting next_dagrun for example_complex to None, run_after=None
[2024-10-04T00:21:43.845+0000] {processor.py:208} INFO - Processing /home/airflow/.local/lib/python3.12/site-packages/airflow/example_dags/example_complex.py took 0.041 seconds
[2024-10-04T00:22:14.512+0000] {processor.py:186} INFO - Started process (PID=97587) to work on /home/airflow/.local/lib/python3.12/site-packages/airflow/example_dags/example_complex.py
[2024-10-04T00:22:14.513+0000] {processor.py:914} INFO - Processing file /home/airflow/.local/lib/python3.12/site-packages/airflow/example_dags/example_complex.py for tasks to queue
[2024-10-04T00:22:14.514+0000] {logging_mixin.py:190} INFO - [2024-10-04T00:22:14.513+0000] {dagbag.py:588} INFO - Filling up the DagBag from /home/airflow/.local/lib/python3.12/site-packages/airflow/example_dags/example_complex.py
[2024-10-04T00:22:14.520+0000] {processor.py:925} INFO - DAG(s) 'example_complex' retrieved from /home/airflow/.local/lib/python3.12/site-packages/airflow/example_dags/example_complex.py
[2024-10-04T00:22:14.535+0000] {logging_mixin.py:190} INFO - [2024-10-04T00:22:14.535+0000] {dag.py:3239} INFO - Sync 1 DAGs
[2024-10-04T00:22:14.542+0000] {logging_mixin.py:190} INFO - [2024-10-04T00:22:14.542+0000] {dag.py:4180} INFO - Setting next_dagrun for example_complex to None, run_after=None
[2024-10-04T00:22:14.553+0000] {processor.py:208} INFO - Processing /home/airflow/.local/lib/python3.12/site-packages/airflow/example_dags/example_complex.py took 0.044 seconds
