[2024-10-04T00:00:28.461+0000] {processor.py:186} INFO - Started process (PID=94891) to work on /home/airflow/.local/lib/python3.12/site-packages/airflow/example_dags/example_latest_only_with_trigger.py
[2024-10-04T00:00:28.461+0000] {processor.py:914} INFO - Processing file /home/airflow/.local/lib/python3.12/site-packages/airflow/example_dags/example_latest_only_with_trigger.py for tasks to queue
[2024-10-04T00:00:28.462+0000] {logging_mixin.py:190} INFO - [2024-10-04T00:00:28.461+0000] {dagbag.py:588} INFO - Filling up the DagBag from /home/airflow/.local/lib/python3.12/site-packages/airflow/example_dags/example_latest_only_with_trigger.py
[2024-10-04T00:00:28.466+0000] {processor.py:925} INFO - DAG(s) 'latest_only_with_trigger' retrieved from /home/airflow/.local/lib/python3.12/site-packages/airflow/example_dags/example_latest_only_with_trigger.py
[2024-10-04T00:00:28.475+0000] {logging_mixin.py:190} INFO - [2024-10-04T00:00:28.475+0000] {dag.py:3239} INFO - Sync 1 DAGs
[2024-10-04T00:00:28.485+0000] {logging_mixin.py:190} INFO - [2024-10-04T00:00:28.485+0000] {dag.py:4180} INFO - Setting next_dagrun for latest_only_with_trigger to 2024-10-03 20:00:00+00:00, run_after=2024-10-04 00:00:00+00:00
[2024-10-04T00:00:28.494+0000] {processor.py:208} INFO - Processing /home/airflow/.local/lib/python3.12/site-packages/airflow/example_dags/example_latest_only_with_trigger.py took 0.037 seconds
[2024-10-04T00:00:58.644+0000] {processor.py:186} INFO - Started process (PID=94954) to work on /home/airflow/.local/lib/python3.12/site-packages/airflow/example_dags/example_latest_only_with_trigger.py
[2024-10-04T00:00:58.645+0000] {processor.py:914} INFO - Processing file /home/airflow/.local/lib/python3.12/site-packages/airflow/example_dags/example_latest_only_with_trigger.py for tasks to queue
[2024-10-04T00:00:58.645+0000] {logging_mixin.py:190} INFO - [2024-10-04T00:00:58.645+0000] {dagbag.py:588} INFO - Filling up the DagBag from /home/airflow/.local/lib/python3.12/site-packages/airflow/example_dags/example_latest_only_with_trigger.py
[2024-10-04T00:00:58.649+0000] {processor.py:925} INFO - DAG(s) 'latest_only_with_trigger' retrieved from /home/airflow/.local/lib/python3.12/site-packages/airflow/example_dags/example_latest_only_with_trigger.py
[2024-10-04T00:00:58.658+0000] {logging_mixin.py:190} INFO - [2024-10-04T00:00:58.658+0000] {dag.py:3239} INFO - Sync 1 DAGs
[2024-10-04T00:00:58.669+0000] {logging_mixin.py:190} INFO - [2024-10-04T00:00:58.668+0000] {dag.py:4180} INFO - Setting next_dagrun for latest_only_with_trigger to 2024-10-03 20:00:00+00:00, run_after=2024-10-04 00:00:00+00:00
[2024-10-04T00:00:58.678+0000] {processor.py:208} INFO - Processing /home/airflow/.local/lib/python3.12/site-packages/airflow/example_dags/example_latest_only_with_trigger.py took 0.037 seconds
[2024-10-04T00:01:28.776+0000] {processor.py:186} INFO - Started process (PID=95017) to work on /home/airflow/.local/lib/python3.12/site-packages/airflow/example_dags/example_latest_only_with_trigger.py
[2024-10-04T00:01:28.777+0000] {processor.py:914} INFO - Processing file /home/airflow/.local/lib/python3.12/site-packages/airflow/example_dags/example_latest_only_with_trigger.py for tasks to queue
[2024-10-04T00:01:28.777+0000] {logging_mixin.py:190} INFO - [2024-10-04T00:01:28.777+0000] {dagbag.py:588} INFO - Filling up the DagBag from /home/airflow/.local/lib/python3.12/site-packages/airflow/example_dags/example_latest_only_with_trigger.py
[2024-10-04T00:01:28.781+0000] {processor.py:925} INFO - DAG(s) 'latest_only_with_trigger' retrieved from /home/airflow/.local/lib/python3.12/site-packages/airflow/example_dags/example_latest_only_with_trigger.py
[2024-10-04T00:01:28.790+0000] {logging_mixin.py:190} INFO - [2024-10-04T00:01:28.790+0000] {dag.py:3239} INFO - Sync 1 DAGs
[2024-10-04T00:01:28.800+0000] {logging_mixin.py:190} INFO - [2024-10-04T00:01:28.800+0000] {dag.py:4180} INFO - Setting next_dagrun for latest_only_with_trigger to 2024-10-03 20:00:00+00:00, run_after=2024-10-04 00:00:00+00:00
[2024-10-04T00:01:28.810+0000] {processor.py:208} INFO - Processing /home/airflow/.local/lib/python3.12/site-packages/airflow/example_dags/example_latest_only_with_trigger.py took 0.037 seconds
[2024-10-04T00:01:59.075+0000] {processor.py:186} INFO - Started process (PID=95080) to work on /home/airflow/.local/lib/python3.12/site-packages/airflow/example_dags/example_latest_only_with_trigger.py
[2024-10-04T00:01:59.075+0000] {processor.py:914} INFO - Processing file /home/airflow/.local/lib/python3.12/site-packages/airflow/example_dags/example_latest_only_with_trigger.py for tasks to queue
[2024-10-04T00:01:59.076+0000] {logging_mixin.py:190} INFO - [2024-10-04T00:01:59.076+0000] {dagbag.py:588} INFO - Filling up the DagBag from /home/airflow/.local/lib/python3.12/site-packages/airflow/example_dags/example_latest_only_with_trigger.py
[2024-10-04T00:01:59.081+0000] {processor.py:925} INFO - DAG(s) 'latest_only_with_trigger' retrieved from /home/airflow/.local/lib/python3.12/site-packages/airflow/example_dags/example_latest_only_with_trigger.py
[2024-10-04T00:01:59.091+0000] {logging_mixin.py:190} INFO - [2024-10-04T00:01:59.091+0000] {dag.py:3239} INFO - Sync 1 DAGs
[2024-10-04T00:01:59.102+0000] {logging_mixin.py:190} INFO - [2024-10-04T00:01:59.102+0000] {dag.py:4180} INFO - Setting next_dagrun for latest_only_with_trigger to 2024-10-03 20:00:00+00:00, run_after=2024-10-04 00:00:00+00:00
[2024-10-04T00:01:59.112+0000] {processor.py:208} INFO - Processing /home/airflow/.local/lib/python3.12/site-packages/airflow/example_dags/example_latest_only_with_trigger.py took 0.040 seconds
[2024-10-04T00:02:29.373+0000] {processor.py:186} INFO - Started process (PID=95143) to work on /home/airflow/.local/lib/python3.12/site-packages/airflow/example_dags/example_latest_only_with_trigger.py
[2024-10-04T00:02:29.374+0000] {processor.py:914} INFO - Processing file /home/airflow/.local/lib/python3.12/site-packages/airflow/example_dags/example_latest_only_with_trigger.py for tasks to queue
[2024-10-04T00:02:29.375+0000] {logging_mixin.py:190} INFO - [2024-10-04T00:02:29.374+0000] {dagbag.py:588} INFO - Filling up the DagBag from /home/airflow/.local/lib/python3.12/site-packages/airflow/example_dags/example_latest_only_with_trigger.py
[2024-10-04T00:02:29.379+0000] {processor.py:925} INFO - DAG(s) 'latest_only_with_trigger' retrieved from /home/airflow/.local/lib/python3.12/site-packages/airflow/example_dags/example_latest_only_with_trigger.py
[2024-10-04T00:02:29.392+0000] {logging_mixin.py:190} INFO - [2024-10-04T00:02:29.392+0000] {dag.py:3239} INFO - Sync 1 DAGs
[2024-10-04T00:02:29.403+0000] {logging_mixin.py:190} INFO - [2024-10-04T00:02:29.403+0000] {dag.py:4180} INFO - Setting next_dagrun for latest_only_with_trigger to 2024-10-03 20:00:00+00:00, run_after=2024-10-04 00:00:00+00:00
[2024-10-04T00:02:29.414+0000] {processor.py:208} INFO - Processing /home/airflow/.local/lib/python3.12/site-packages/airflow/example_dags/example_latest_only_with_trigger.py took 0.044 seconds
[2024-10-04T00:02:59.559+0000] {processor.py:186} INFO - Started process (PID=95206) to work on /home/airflow/.local/lib/python3.12/site-packages/airflow/example_dags/example_latest_only_with_trigger.py
[2024-10-04T00:02:59.560+0000] {processor.py:914} INFO - Processing file /home/airflow/.local/lib/python3.12/site-packages/airflow/example_dags/example_latest_only_with_trigger.py for tasks to queue
[2024-10-04T00:02:59.560+0000] {logging_mixin.py:190} INFO - [2024-10-04T00:02:59.560+0000] {dagbag.py:588} INFO - Filling up the DagBag from /home/airflow/.local/lib/python3.12/site-packages/airflow/example_dags/example_latest_only_with_trigger.py
[2024-10-04T00:02:59.565+0000] {processor.py:925} INFO - DAG(s) 'latest_only_with_trigger' retrieved from /home/airflow/.local/lib/python3.12/site-packages/airflow/example_dags/example_latest_only_with_trigger.py
[2024-10-04T00:02:59.575+0000] {logging_mixin.py:190} INFO - [2024-10-04T00:02:59.575+0000] {dag.py:3239} INFO - Sync 1 DAGs
[2024-10-04T00:02:59.585+0000] {logging_mixin.py:190} INFO - [2024-10-04T00:02:59.585+0000] {dag.py:4180} INFO - Setting next_dagrun for latest_only_with_trigger to 2024-10-03 20:00:00+00:00, run_after=2024-10-04 00:00:00+00:00
[2024-10-04T00:02:59.595+0000] {processor.py:208} INFO - Processing /home/airflow/.local/lib/python3.12/site-packages/airflow/example_dags/example_latest_only_with_trigger.py took 0.039 seconds
[2024-10-04T00:03:29.679+0000] {processor.py:186} INFO - Started process (PID=95269) to work on /home/airflow/.local/lib/python3.12/site-packages/airflow/example_dags/example_latest_only_with_trigger.py
[2024-10-04T00:03:29.680+0000] {processor.py:914} INFO - Processing file /home/airflow/.local/lib/python3.12/site-packages/airflow/example_dags/example_latest_only_with_trigger.py for tasks to queue
[2024-10-04T00:03:29.680+0000] {logging_mixin.py:190} INFO - [2024-10-04T00:03:29.680+0000] {dagbag.py:588} INFO - Filling up the DagBag from /home/airflow/.local/lib/python3.12/site-packages/airflow/example_dags/example_latest_only_with_trigger.py
[2024-10-04T00:03:29.685+0000] {processor.py:925} INFO - DAG(s) 'latest_only_with_trigger' retrieved from /home/airflow/.local/lib/python3.12/site-packages/airflow/example_dags/example_latest_only_with_trigger.py
[2024-10-04T00:03:29.695+0000] {logging_mixin.py:190} INFO - [2024-10-04T00:03:29.694+0000] {dag.py:3239} INFO - Sync 1 DAGs
[2024-10-04T00:03:29.705+0000] {logging_mixin.py:190} INFO - [2024-10-04T00:03:29.705+0000] {dag.py:4180} INFO - Setting next_dagrun for latest_only_with_trigger to 2024-10-03 20:00:00+00:00, run_after=2024-10-04 00:00:00+00:00
[2024-10-04T00:03:29.713+0000] {processor.py:208} INFO - Processing /home/airflow/.local/lib/python3.12/site-packages/airflow/example_dags/example_latest_only_with_trigger.py took 0.038 seconds
[2024-10-04T00:03:59.889+0000] {processor.py:186} INFO - Started process (PID=95331) to work on /home/airflow/.local/lib/python3.12/site-packages/airflow/example_dags/example_latest_only_with_trigger.py
[2024-10-04T00:03:59.890+0000] {processor.py:914} INFO - Processing file /home/airflow/.local/lib/python3.12/site-packages/airflow/example_dags/example_latest_only_with_trigger.py for tasks to queue
[2024-10-04T00:03:59.891+0000] {logging_mixin.py:190} INFO - [2024-10-04T00:03:59.890+0000] {dagbag.py:588} INFO - Filling up the DagBag from /home/airflow/.local/lib/python3.12/site-packages/airflow/example_dags/example_latest_only_with_trigger.py
[2024-10-04T00:03:59.895+0000] {processor.py:925} INFO - DAG(s) 'latest_only_with_trigger' retrieved from /home/airflow/.local/lib/python3.12/site-packages/airflow/example_dags/example_latest_only_with_trigger.py
[2024-10-04T00:03:59.904+0000] {logging_mixin.py:190} INFO - [2024-10-04T00:03:59.904+0000] {dag.py:3239} INFO - Sync 1 DAGs
[2024-10-04T00:03:59.915+0000] {logging_mixin.py:190} INFO - [2024-10-04T00:03:59.914+0000] {dag.py:4180} INFO - Setting next_dagrun for latest_only_with_trigger to 2024-10-03 20:00:00+00:00, run_after=2024-10-04 00:00:00+00:00
[2024-10-04T00:03:59.923+0000] {processor.py:208} INFO - Processing /home/airflow/.local/lib/python3.12/site-packages/airflow/example_dags/example_latest_only_with_trigger.py took 0.036 seconds
[2024-10-04T00:04:30.088+0000] {processor.py:186} INFO - Started process (PID=95395) to work on /home/airflow/.local/lib/python3.12/site-packages/airflow/example_dags/example_latest_only_with_trigger.py
[2024-10-04T00:04:30.089+0000] {processor.py:914} INFO - Processing file /home/airflow/.local/lib/python3.12/site-packages/airflow/example_dags/example_latest_only_with_trigger.py for tasks to queue
[2024-10-04T00:04:30.089+0000] {logging_mixin.py:190} INFO - [2024-10-04T00:04:30.089+0000] {dagbag.py:588} INFO - Filling up the DagBag from /home/airflow/.local/lib/python3.12/site-packages/airflow/example_dags/example_latest_only_with_trigger.py
[2024-10-04T00:04:30.094+0000] {processor.py:925} INFO - DAG(s) 'latest_only_with_trigger' retrieved from /home/airflow/.local/lib/python3.12/site-packages/airflow/example_dags/example_latest_only_with_trigger.py
[2024-10-04T00:04:30.103+0000] {logging_mixin.py:190} INFO - [2024-10-04T00:04:30.103+0000] {dag.py:3239} INFO - Sync 1 DAGs
[2024-10-04T00:04:30.115+0000] {logging_mixin.py:190} INFO - [2024-10-04T00:04:30.114+0000] {dag.py:4180} INFO - Setting next_dagrun for latest_only_with_trigger to 2024-10-03 20:00:00+00:00, run_after=2024-10-04 00:00:00+00:00
[2024-10-04T00:04:30.124+0000] {processor.py:208} INFO - Processing /home/airflow/.local/lib/python3.12/site-packages/airflow/example_dags/example_latest_only_with_trigger.py took 0.039 seconds
[2024-10-04T00:05:00.397+0000] {processor.py:186} INFO - Started process (PID=95458) to work on /home/airflow/.local/lib/python3.12/site-packages/airflow/example_dags/example_latest_only_with_trigger.py
[2024-10-04T00:05:00.398+0000] {processor.py:914} INFO - Processing file /home/airflow/.local/lib/python3.12/site-packages/airflow/example_dags/example_latest_only_with_trigger.py for tasks to queue
[2024-10-04T00:05:00.398+0000] {logging_mixin.py:190} INFO - [2024-10-04T00:05:00.398+0000] {dagbag.py:588} INFO - Filling up the DagBag from /home/airflow/.local/lib/python3.12/site-packages/airflow/example_dags/example_latest_only_with_trigger.py
[2024-10-04T00:05:00.403+0000] {processor.py:925} INFO - DAG(s) 'latest_only_with_trigger' retrieved from /home/airflow/.local/lib/python3.12/site-packages/airflow/example_dags/example_latest_only_with_trigger.py
[2024-10-04T00:05:00.413+0000] {logging_mixin.py:190} INFO - [2024-10-04T00:05:00.413+0000] {dag.py:3239} INFO - Sync 1 DAGs
[2024-10-04T00:05:00.424+0000] {logging_mixin.py:190} INFO - [2024-10-04T00:05:00.424+0000] {dag.py:4180} INFO - Setting next_dagrun for latest_only_with_trigger to 2024-10-03 20:00:00+00:00, run_after=2024-10-04 00:00:00+00:00
[2024-10-04T00:05:00.436+0000] {processor.py:208} INFO - Processing /home/airflow/.local/lib/python3.12/site-packages/airflow/example_dags/example_latest_only_with_trigger.py took 0.041 seconds
[2024-10-04T00:05:30.657+0000] {processor.py:186} INFO - Started process (PID=95521) to work on /home/airflow/.local/lib/python3.12/site-packages/airflow/example_dags/example_latest_only_with_trigger.py
[2024-10-04T00:05:30.658+0000] {processor.py:914} INFO - Processing file /home/airflow/.local/lib/python3.12/site-packages/airflow/example_dags/example_latest_only_with_trigger.py for tasks to queue
[2024-10-04T00:05:30.659+0000] {logging_mixin.py:190} INFO - [2024-10-04T00:05:30.658+0000] {dagbag.py:588} INFO - Filling up the DagBag from /home/airflow/.local/lib/python3.12/site-packages/airflow/example_dags/example_latest_only_with_trigger.py
[2024-10-04T00:05:30.663+0000] {processor.py:925} INFO - DAG(s) 'latest_only_with_trigger' retrieved from /home/airflow/.local/lib/python3.12/site-packages/airflow/example_dags/example_latest_only_with_trigger.py
[2024-10-04T00:05:30.674+0000] {logging_mixin.py:190} INFO - [2024-10-04T00:05:30.674+0000] {dag.py:3239} INFO - Sync 1 DAGs
[2024-10-04T00:05:30.686+0000] {logging_mixin.py:190} INFO - [2024-10-04T00:05:30.686+0000] {dag.py:4180} INFO - Setting next_dagrun for latest_only_with_trigger to 2024-10-03 20:00:00+00:00, run_after=2024-10-04 00:00:00+00:00
[2024-10-04T00:05:30.695+0000] {processor.py:208} INFO - Processing /home/airflow/.local/lib/python3.12/site-packages/airflow/example_dags/example_latest_only_with_trigger.py took 0.041 seconds
[2024-10-04T00:06:00.997+0000] {processor.py:186} INFO - Started process (PID=95584) to work on /home/airflow/.local/lib/python3.12/site-packages/airflow/example_dags/example_latest_only_with_trigger.py
[2024-10-04T00:06:00.998+0000] {processor.py:914} INFO - Processing file /home/airflow/.local/lib/python3.12/site-packages/airflow/example_dags/example_latest_only_with_trigger.py for tasks to queue
[2024-10-04T00:06:00.999+0000] {logging_mixin.py:190} INFO - [2024-10-04T00:06:00.999+0000] {dagbag.py:588} INFO - Filling up the DagBag from /home/airflow/.local/lib/python3.12/site-packages/airflow/example_dags/example_latest_only_with_trigger.py
[2024-10-04T00:06:01.003+0000] {processor.py:925} INFO - DAG(s) 'latest_only_with_trigger' retrieved from /home/airflow/.local/lib/python3.12/site-packages/airflow/example_dags/example_latest_only_with_trigger.py
[2024-10-04T00:06:01.014+0000] {logging_mixin.py:190} INFO - [2024-10-04T00:06:01.013+0000] {dag.py:3239} INFO - Sync 1 DAGs
[2024-10-04T00:06:01.024+0000] {logging_mixin.py:190} INFO - [2024-10-04T00:06:01.024+0000] {dag.py:4180} INFO - Setting next_dagrun for latest_only_with_trigger to 2024-10-03 20:00:00+00:00, run_after=2024-10-04 00:00:00+00:00
[2024-10-04T00:06:01.034+0000] {processor.py:208} INFO - Processing /home/airflow/.local/lib/python3.12/site-packages/airflow/example_dags/example_latest_only_with_trigger.py took 0.040 seconds
[2024-10-04T00:06:31.230+0000] {processor.py:186} INFO - Started process (PID=95647) to work on /home/airflow/.local/lib/python3.12/site-packages/airflow/example_dags/example_latest_only_with_trigger.py
[2024-10-04T00:06:31.231+0000] {processor.py:914} INFO - Processing file /home/airflow/.local/lib/python3.12/site-packages/airflow/example_dags/example_latest_only_with_trigger.py for tasks to queue
[2024-10-04T00:06:31.231+0000] {logging_mixin.py:190} INFO - [2024-10-04T00:06:31.231+0000] {dagbag.py:588} INFO - Filling up the DagBag from /home/airflow/.local/lib/python3.12/site-packages/airflow/example_dags/example_latest_only_with_trigger.py
[2024-10-04T00:06:31.237+0000] {processor.py:925} INFO - DAG(s) 'latest_only_with_trigger' retrieved from /home/airflow/.local/lib/python3.12/site-packages/airflow/example_dags/example_latest_only_with_trigger.py
[2024-10-04T00:06:31.247+0000] {logging_mixin.py:190} INFO - [2024-10-04T00:06:31.247+0000] {dag.py:3239} INFO - Sync 1 DAGs
[2024-10-04T00:06:31.258+0000] {logging_mixin.py:190} INFO - [2024-10-04T00:06:31.258+0000] {dag.py:4180} INFO - Setting next_dagrun for latest_only_with_trigger to 2024-10-03 20:00:00+00:00, run_after=2024-10-04 00:00:00+00:00
[2024-10-04T00:06:31.267+0000] {processor.py:208} INFO - Processing /home/airflow/.local/lib/python3.12/site-packages/airflow/example_dags/example_latest_only_with_trigger.py took 0.041 seconds
[2024-10-04T00:07:01.482+0000] {processor.py:186} INFO - Started process (PID=95710) to work on /home/airflow/.local/lib/python3.12/site-packages/airflow/example_dags/example_latest_only_with_trigger.py
[2024-10-04T00:07:01.482+0000] {processor.py:914} INFO - Processing file /home/airflow/.local/lib/python3.12/site-packages/airflow/example_dags/example_latest_only_with_trigger.py for tasks to queue
[2024-10-04T00:07:01.483+0000] {logging_mixin.py:190} INFO - [2024-10-04T00:07:01.483+0000] {dagbag.py:588} INFO - Filling up the DagBag from /home/airflow/.local/lib/python3.12/site-packages/airflow/example_dags/example_latest_only_with_trigger.py
[2024-10-04T00:07:01.488+0000] {processor.py:925} INFO - DAG(s) 'latest_only_with_trigger' retrieved from /home/airflow/.local/lib/python3.12/site-packages/airflow/example_dags/example_latest_only_with_trigger.py
[2024-10-04T00:07:01.498+0000] {logging_mixin.py:190} INFO - [2024-10-04T00:07:01.498+0000] {dag.py:3239} INFO - Sync 1 DAGs
[2024-10-04T00:07:01.510+0000] {logging_mixin.py:190} INFO - [2024-10-04T00:07:01.510+0000] {dag.py:4180} INFO - Setting next_dagrun for latest_only_with_trigger to 2024-10-03 20:00:00+00:00, run_after=2024-10-04 00:00:00+00:00
[2024-10-04T00:07:01.519+0000] {processor.py:208} INFO - Processing /home/airflow/.local/lib/python3.12/site-packages/airflow/example_dags/example_latest_only_with_trigger.py took 0.041 seconds
[2024-10-04T00:07:31.698+0000] {processor.py:186} INFO - Started process (PID=95773) to work on /home/airflow/.local/lib/python3.12/site-packages/airflow/example_dags/example_latest_only_with_trigger.py
[2024-10-04T00:07:31.699+0000] {processor.py:914} INFO - Processing file /home/airflow/.local/lib/python3.12/site-packages/airflow/example_dags/example_latest_only_with_trigger.py for tasks to queue
[2024-10-04T00:07:31.700+0000] {logging_mixin.py:190} INFO - [2024-10-04T00:07:31.700+0000] {dagbag.py:588} INFO - Filling up the DagBag from /home/airflow/.local/lib/python3.12/site-packages/airflow/example_dags/example_latest_only_with_trigger.py
[2024-10-04T00:07:31.705+0000] {processor.py:925} INFO - DAG(s) 'latest_only_with_trigger' retrieved from /home/airflow/.local/lib/python3.12/site-packages/airflow/example_dags/example_latest_only_with_trigger.py
[2024-10-04T00:07:31.714+0000] {logging_mixin.py:190} INFO - [2024-10-04T00:07:31.714+0000] {dag.py:3239} INFO - Sync 1 DAGs
[2024-10-04T00:07:31.726+0000] {logging_mixin.py:190} INFO - [2024-10-04T00:07:31.726+0000] {dag.py:4180} INFO - Setting next_dagrun for latest_only_with_trigger to 2024-10-03 20:00:00+00:00, run_after=2024-10-04 00:00:00+00:00
[2024-10-04T00:07:31.736+0000] {processor.py:208} INFO - Processing /home/airflow/.local/lib/python3.12/site-packages/airflow/example_dags/example_latest_only_with_trigger.py took 0.041 seconds
[2024-10-04T00:08:01.958+0000] {processor.py:186} INFO - Started process (PID=95836) to work on /home/airflow/.local/lib/python3.12/site-packages/airflow/example_dags/example_latest_only_with_trigger.py
[2024-10-04T00:08:01.958+0000] {processor.py:914} INFO - Processing file /home/airflow/.local/lib/python3.12/site-packages/airflow/example_dags/example_latest_only_with_trigger.py for tasks to queue
[2024-10-04T00:08:01.959+0000] {logging_mixin.py:190} INFO - [2024-10-04T00:08:01.959+0000] {dagbag.py:588} INFO - Filling up the DagBag from /home/airflow/.local/lib/python3.12/site-packages/airflow/example_dags/example_latest_only_with_trigger.py
[2024-10-04T00:08:01.963+0000] {processor.py:925} INFO - DAG(s) 'latest_only_with_trigger' retrieved from /home/airflow/.local/lib/python3.12/site-packages/airflow/example_dags/example_latest_only_with_trigger.py
[2024-10-04T00:08:01.973+0000] {logging_mixin.py:190} INFO - [2024-10-04T00:08:01.973+0000] {dag.py:3239} INFO - Sync 1 DAGs
[2024-10-04T00:08:01.984+0000] {logging_mixin.py:190} INFO - [2024-10-04T00:08:01.984+0000] {dag.py:4180} INFO - Setting next_dagrun for latest_only_with_trigger to 2024-10-03 20:00:00+00:00, run_after=2024-10-04 00:00:00+00:00
[2024-10-04T00:08:01.995+0000] {processor.py:208} INFO - Processing /home/airflow/.local/lib/python3.12/site-packages/airflow/example_dags/example_latest_only_with_trigger.py took 0.040 seconds
[2024-10-04T00:08:32.407+0000] {processor.py:186} INFO - Started process (PID=95899) to work on /home/airflow/.local/lib/python3.12/site-packages/airflow/example_dags/example_latest_only_with_trigger.py
[2024-10-04T00:08:32.408+0000] {processor.py:914} INFO - Processing file /home/airflow/.local/lib/python3.12/site-packages/airflow/example_dags/example_latest_only_with_trigger.py for tasks to queue
[2024-10-04T00:08:32.408+0000] {logging_mixin.py:190} INFO - [2024-10-04T00:08:32.408+0000] {dagbag.py:588} INFO - Filling up the DagBag from /home/airflow/.local/lib/python3.12/site-packages/airflow/example_dags/example_latest_only_with_trigger.py
[2024-10-04T00:08:32.413+0000] {processor.py:925} INFO - DAG(s) 'latest_only_with_trigger' retrieved from /home/airflow/.local/lib/python3.12/site-packages/airflow/example_dags/example_latest_only_with_trigger.py
[2024-10-04T00:08:32.424+0000] {logging_mixin.py:190} INFO - [2024-10-04T00:08:32.424+0000] {dag.py:3239} INFO - Sync 1 DAGs
[2024-10-04T00:08:32.436+0000] {logging_mixin.py:190} INFO - [2024-10-04T00:08:32.435+0000] {dag.py:4180} INFO - Setting next_dagrun for latest_only_with_trigger to 2024-10-03 20:00:00+00:00, run_after=2024-10-04 00:00:00+00:00
[2024-10-04T00:08:32.446+0000] {processor.py:208} INFO - Processing /home/airflow/.local/lib/python3.12/site-packages/airflow/example_dags/example_latest_only_with_trigger.py took 0.042 seconds
[2024-10-04T00:09:02.693+0000] {processor.py:186} INFO - Started process (PID=95962) to work on /home/airflow/.local/lib/python3.12/site-packages/airflow/example_dags/example_latest_only_with_trigger.py
[2024-10-04T00:09:02.694+0000] {processor.py:914} INFO - Processing file /home/airflow/.local/lib/python3.12/site-packages/airflow/example_dags/example_latest_only_with_trigger.py for tasks to queue
[2024-10-04T00:09:02.695+0000] {logging_mixin.py:190} INFO - [2024-10-04T00:09:02.694+0000] {dagbag.py:588} INFO - Filling up the DagBag from /home/airflow/.local/lib/python3.12/site-packages/airflow/example_dags/example_latest_only_with_trigger.py
[2024-10-04T00:09:02.699+0000] {processor.py:925} INFO - DAG(s) 'latest_only_with_trigger' retrieved from /home/airflow/.local/lib/python3.12/site-packages/airflow/example_dags/example_latest_only_with_trigger.py
[2024-10-04T00:09:02.709+0000] {logging_mixin.py:190} INFO - [2024-10-04T00:09:02.708+0000] {dag.py:3239} INFO - Sync 1 DAGs
[2024-10-04T00:09:02.719+0000] {logging_mixin.py:190} INFO - [2024-10-04T00:09:02.719+0000] {dag.py:4180} INFO - Setting next_dagrun for latest_only_with_trigger to 2024-10-03 20:00:00+00:00, run_after=2024-10-04 00:00:00+00:00
[2024-10-04T00:09:02.730+0000] {processor.py:208} INFO - Processing /home/airflow/.local/lib/python3.12/site-packages/airflow/example_dags/example_latest_only_with_trigger.py took 0.040 seconds
[2024-10-04T00:09:33.073+0000] {processor.py:186} INFO - Started process (PID=96025) to work on /home/airflow/.local/lib/python3.12/site-packages/airflow/example_dags/example_latest_only_with_trigger.py
[2024-10-04T00:09:33.074+0000] {processor.py:914} INFO - Processing file /home/airflow/.local/lib/python3.12/site-packages/airflow/example_dags/example_latest_only_with_trigger.py for tasks to queue
[2024-10-04T00:09:33.074+0000] {logging_mixin.py:190} INFO - [2024-10-04T00:09:33.074+0000] {dagbag.py:588} INFO - Filling up the DagBag from /home/airflow/.local/lib/python3.12/site-packages/airflow/example_dags/example_latest_only_with_trigger.py
[2024-10-04T00:09:33.079+0000] {processor.py:925} INFO - DAG(s) 'latest_only_with_trigger' retrieved from /home/airflow/.local/lib/python3.12/site-packages/airflow/example_dags/example_latest_only_with_trigger.py
[2024-10-04T00:09:33.089+0000] {logging_mixin.py:190} INFO - [2024-10-04T00:09:33.089+0000] {dag.py:3239} INFO - Sync 1 DAGs
[2024-10-04T00:09:33.099+0000] {logging_mixin.py:190} INFO - [2024-10-04T00:09:33.099+0000] {dag.py:4180} INFO - Setting next_dagrun for latest_only_with_trigger to 2024-10-03 20:00:00+00:00, run_after=2024-10-04 00:00:00+00:00
[2024-10-04T00:09:33.110+0000] {processor.py:208} INFO - Processing /home/airflow/.local/lib/python3.12/site-packages/airflow/example_dags/example_latest_only_with_trigger.py took 0.039 seconds
[2024-10-04T00:10:03.333+0000] {processor.py:186} INFO - Started process (PID=96088) to work on /home/airflow/.local/lib/python3.12/site-packages/airflow/example_dags/example_latest_only_with_trigger.py
[2024-10-04T00:10:03.333+0000] {processor.py:914} INFO - Processing file /home/airflow/.local/lib/python3.12/site-packages/airflow/example_dags/example_latest_only_with_trigger.py for tasks to queue
[2024-10-04T00:10:03.334+0000] {logging_mixin.py:190} INFO - [2024-10-04T00:10:03.334+0000] {dagbag.py:588} INFO - Filling up the DagBag from /home/airflow/.local/lib/python3.12/site-packages/airflow/example_dags/example_latest_only_with_trigger.py
[2024-10-04T00:10:03.338+0000] {processor.py:925} INFO - DAG(s) 'latest_only_with_trigger' retrieved from /home/airflow/.local/lib/python3.12/site-packages/airflow/example_dags/example_latest_only_with_trigger.py
[2024-10-04T00:10:03.348+0000] {logging_mixin.py:190} INFO - [2024-10-04T00:10:03.348+0000] {dag.py:3239} INFO - Sync 1 DAGs
[2024-10-04T00:10:03.359+0000] {logging_mixin.py:190} INFO - [2024-10-04T00:10:03.359+0000] {dag.py:4180} INFO - Setting next_dagrun for latest_only_with_trigger to 2024-10-03 20:00:00+00:00, run_after=2024-10-04 00:00:00+00:00
[2024-10-04T00:10:03.370+0000] {processor.py:208} INFO - Processing /home/airflow/.local/lib/python3.12/site-packages/airflow/example_dags/example_latest_only_with_trigger.py took 0.041 seconds
[2024-10-04T00:10:33.621+0000] {processor.py:186} INFO - Started process (PID=96151) to work on /home/airflow/.local/lib/python3.12/site-packages/airflow/example_dags/example_latest_only_with_trigger.py
[2024-10-04T00:10:33.622+0000] {processor.py:914} INFO - Processing file /home/airflow/.local/lib/python3.12/site-packages/airflow/example_dags/example_latest_only_with_trigger.py for tasks to queue
[2024-10-04T00:10:33.623+0000] {logging_mixin.py:190} INFO - [2024-10-04T00:10:33.622+0000] {dagbag.py:588} INFO - Filling up the DagBag from /home/airflow/.local/lib/python3.12/site-packages/airflow/example_dags/example_latest_only_with_trigger.py
[2024-10-04T00:10:33.627+0000] {processor.py:925} INFO - DAG(s) 'latest_only_with_trigger' retrieved from /home/airflow/.local/lib/python3.12/site-packages/airflow/example_dags/example_latest_only_with_trigger.py
[2024-10-04T00:10:33.637+0000] {logging_mixin.py:190} INFO - [2024-10-04T00:10:33.637+0000] {dag.py:3239} INFO - Sync 1 DAGs
[2024-10-04T00:10:33.648+0000] {logging_mixin.py:190} INFO - [2024-10-04T00:10:33.647+0000] {dag.py:4180} INFO - Setting next_dagrun for latest_only_with_trigger to 2024-10-03 20:00:00+00:00, run_after=2024-10-04 00:00:00+00:00
[2024-10-04T00:10:33.657+0000] {processor.py:208} INFO - Processing /home/airflow/.local/lib/python3.12/site-packages/airflow/example_dags/example_latest_only_with_trigger.py took 0.038 seconds
[2024-10-04T00:11:03.998+0000] {processor.py:186} INFO - Started process (PID=96214) to work on /home/airflow/.local/lib/python3.12/site-packages/airflow/example_dags/example_latest_only_with_trigger.py
[2024-10-04T00:11:03.999+0000] {processor.py:914} INFO - Processing file /home/airflow/.local/lib/python3.12/site-packages/airflow/example_dags/example_latest_only_with_trigger.py for tasks to queue
[2024-10-04T00:11:03.999+0000] {logging_mixin.py:190} INFO - [2024-10-04T00:11:03.999+0000] {dagbag.py:588} INFO - Filling up the DagBag from /home/airflow/.local/lib/python3.12/site-packages/airflow/example_dags/example_latest_only_with_trigger.py
[2024-10-04T00:11:04.004+0000] {processor.py:925} INFO - DAG(s) 'latest_only_with_trigger' retrieved from /home/airflow/.local/lib/python3.12/site-packages/airflow/example_dags/example_latest_only_with_trigger.py
[2024-10-04T00:11:04.016+0000] {logging_mixin.py:190} INFO - [2024-10-04T00:11:04.015+0000] {dag.py:3239} INFO - Sync 1 DAGs
[2024-10-04T00:11:04.028+0000] {logging_mixin.py:190} INFO - [2024-10-04T00:11:04.028+0000] {dag.py:4180} INFO - Setting next_dagrun for latest_only_with_trigger to 2024-10-03 20:00:00+00:00, run_after=2024-10-04 00:00:00+00:00
[2024-10-04T00:11:04.038+0000] {processor.py:208} INFO - Processing /home/airflow/.local/lib/python3.12/site-packages/airflow/example_dags/example_latest_only_with_trigger.py took 0.043 seconds
[2024-10-04T00:11:34.366+0000] {processor.py:186} INFO - Started process (PID=96277) to work on /home/airflow/.local/lib/python3.12/site-packages/airflow/example_dags/example_latest_only_with_trigger.py
[2024-10-04T00:11:34.367+0000] {processor.py:914} INFO - Processing file /home/airflow/.local/lib/python3.12/site-packages/airflow/example_dags/example_latest_only_with_trigger.py for tasks to queue
[2024-10-04T00:11:34.368+0000] {logging_mixin.py:190} INFO - [2024-10-04T00:11:34.367+0000] {dagbag.py:588} INFO - Filling up the DagBag from /home/airflow/.local/lib/python3.12/site-packages/airflow/example_dags/example_latest_only_with_trigger.py
[2024-10-04T00:11:34.373+0000] {processor.py:925} INFO - DAG(s) 'latest_only_with_trigger' retrieved from /home/airflow/.local/lib/python3.12/site-packages/airflow/example_dags/example_latest_only_with_trigger.py
[2024-10-04T00:11:34.383+0000] {logging_mixin.py:190} INFO - [2024-10-04T00:11:34.383+0000] {dag.py:3239} INFO - Sync 1 DAGs
[2024-10-04T00:11:34.394+0000] {logging_mixin.py:190} INFO - [2024-10-04T00:11:34.394+0000] {dag.py:4180} INFO - Setting next_dagrun for latest_only_with_trigger to 2024-10-03 20:00:00+00:00, run_after=2024-10-04 00:00:00+00:00
[2024-10-04T00:11:34.404+0000] {processor.py:208} INFO - Processing /home/airflow/.local/lib/python3.12/site-packages/airflow/example_dags/example_latest_only_with_trigger.py took 0.041 seconds
[2024-10-04T00:12:04.795+0000] {processor.py:186} INFO - Started process (PID=96340) to work on /home/airflow/.local/lib/python3.12/site-packages/airflow/example_dags/example_latest_only_with_trigger.py
[2024-10-04T00:12:04.795+0000] {processor.py:914} INFO - Processing file /home/airflow/.local/lib/python3.12/site-packages/airflow/example_dags/example_latest_only_with_trigger.py for tasks to queue
[2024-10-04T00:12:04.796+0000] {logging_mixin.py:190} INFO - [2024-10-04T00:12:04.796+0000] {dagbag.py:588} INFO - Filling up the DagBag from /home/airflow/.local/lib/python3.12/site-packages/airflow/example_dags/example_latest_only_with_trigger.py
[2024-10-04T00:12:04.801+0000] {processor.py:925} INFO - DAG(s) 'latest_only_with_trigger' retrieved from /home/airflow/.local/lib/python3.12/site-packages/airflow/example_dags/example_latest_only_with_trigger.py
[2024-10-04T00:12:04.811+0000] {logging_mixin.py:190} INFO - [2024-10-04T00:12:04.810+0000] {dag.py:3239} INFO - Sync 1 DAGs
[2024-10-04T00:12:04.823+0000] {logging_mixin.py:190} INFO - [2024-10-04T00:12:04.823+0000] {dag.py:4180} INFO - Setting next_dagrun for latest_only_with_trigger to 2024-10-03 20:00:00+00:00, run_after=2024-10-04 00:00:00+00:00
[2024-10-04T00:12:04.833+0000] {processor.py:208} INFO - Processing /home/airflow/.local/lib/python3.12/site-packages/airflow/example_dags/example_latest_only_with_trigger.py took 0.041 seconds
[2024-10-04T00:12:35.378+0000] {processor.py:186} INFO - Started process (PID=96403) to work on /home/airflow/.local/lib/python3.12/site-packages/airflow/example_dags/example_latest_only_with_trigger.py
[2024-10-04T00:12:35.378+0000] {processor.py:914} INFO - Processing file /home/airflow/.local/lib/python3.12/site-packages/airflow/example_dags/example_latest_only_with_trigger.py for tasks to queue
[2024-10-04T00:12:35.379+0000] {logging_mixin.py:190} INFO - [2024-10-04T00:12:35.379+0000] {dagbag.py:588} INFO - Filling up the DagBag from /home/airflow/.local/lib/python3.12/site-packages/airflow/example_dags/example_latest_only_with_trigger.py
[2024-10-04T00:12:35.384+0000] {processor.py:925} INFO - DAG(s) 'latest_only_with_trigger' retrieved from /home/airflow/.local/lib/python3.12/site-packages/airflow/example_dags/example_latest_only_with_trigger.py
[2024-10-04T00:12:35.396+0000] {logging_mixin.py:190} INFO - [2024-10-04T00:12:35.396+0000] {dag.py:3239} INFO - Sync 1 DAGs
[2024-10-04T00:12:35.408+0000] {logging_mixin.py:190} INFO - [2024-10-04T00:12:35.407+0000] {dag.py:4180} INFO - Setting next_dagrun for latest_only_with_trigger to 2024-10-03 20:00:00+00:00, run_after=2024-10-04 00:00:00+00:00
[2024-10-04T00:12:35.420+0000] {processor.py:208} INFO - Processing /home/airflow/.local/lib/python3.12/site-packages/airflow/example_dags/example_latest_only_with_trigger.py took 0.046 seconds
[2024-10-04T00:13:05.903+0000] {processor.py:186} INFO - Started process (PID=96466) to work on /home/airflow/.local/lib/python3.12/site-packages/airflow/example_dags/example_latest_only_with_trigger.py
[2024-10-04T00:13:05.904+0000] {processor.py:914} INFO - Processing file /home/airflow/.local/lib/python3.12/site-packages/airflow/example_dags/example_latest_only_with_trigger.py for tasks to queue
[2024-10-04T00:13:05.904+0000] {logging_mixin.py:190} INFO - [2024-10-04T00:13:05.904+0000] {dagbag.py:588} INFO - Filling up the DagBag from /home/airflow/.local/lib/python3.12/site-packages/airflow/example_dags/example_latest_only_with_trigger.py
[2024-10-04T00:13:05.909+0000] {processor.py:925} INFO - DAG(s) 'latest_only_with_trigger' retrieved from /home/airflow/.local/lib/python3.12/site-packages/airflow/example_dags/example_latest_only_with_trigger.py
[2024-10-04T00:13:05.919+0000] {logging_mixin.py:190} INFO - [2024-10-04T00:13:05.919+0000] {dag.py:3239} INFO - Sync 1 DAGs
[2024-10-04T00:13:05.930+0000] {logging_mixin.py:190} INFO - [2024-10-04T00:13:05.930+0000] {dag.py:4180} INFO - Setting next_dagrun for latest_only_with_trigger to 2024-10-03 20:00:00+00:00, run_after=2024-10-04 00:00:00+00:00
[2024-10-04T00:13:05.941+0000] {processor.py:208} INFO - Processing /home/airflow/.local/lib/python3.12/site-packages/airflow/example_dags/example_latest_only_with_trigger.py took 0.041 seconds
[2024-10-04T00:13:36.292+0000] {processor.py:186} INFO - Started process (PID=96529) to work on /home/airflow/.local/lib/python3.12/site-packages/airflow/example_dags/example_latest_only_with_trigger.py
[2024-10-04T00:13:36.293+0000] {processor.py:914} INFO - Processing file /home/airflow/.local/lib/python3.12/site-packages/airflow/example_dags/example_latest_only_with_trigger.py for tasks to queue
[2024-10-04T00:13:36.293+0000] {logging_mixin.py:190} INFO - [2024-10-04T00:13:36.293+0000] {dagbag.py:588} INFO - Filling up the DagBag from /home/airflow/.local/lib/python3.12/site-packages/airflow/example_dags/example_latest_only_with_trigger.py
[2024-10-04T00:13:36.298+0000] {processor.py:925} INFO - DAG(s) 'latest_only_with_trigger' retrieved from /home/airflow/.local/lib/python3.12/site-packages/airflow/example_dags/example_latest_only_with_trigger.py
[2024-10-04T00:13:36.309+0000] {logging_mixin.py:190} INFO - [2024-10-04T00:13:36.308+0000] {dag.py:3239} INFO - Sync 1 DAGs
[2024-10-04T00:13:36.320+0000] {logging_mixin.py:190} INFO - [2024-10-04T00:13:36.320+0000] {dag.py:4180} INFO - Setting next_dagrun for latest_only_with_trigger to 2024-10-03 20:00:00+00:00, run_after=2024-10-04 00:00:00+00:00
[2024-10-04T00:13:36.331+0000] {processor.py:208} INFO - Processing /home/airflow/.local/lib/python3.12/site-packages/airflow/example_dags/example_latest_only_with_trigger.py took 0.042 seconds
[2024-10-04T00:14:06.697+0000] {processor.py:186} INFO - Started process (PID=96592) to work on /home/airflow/.local/lib/python3.12/site-packages/airflow/example_dags/example_latest_only_with_trigger.py
[2024-10-04T00:14:06.697+0000] {processor.py:914} INFO - Processing file /home/airflow/.local/lib/python3.12/site-packages/airflow/example_dags/example_latest_only_with_trigger.py for tasks to queue
[2024-10-04T00:14:06.698+0000] {logging_mixin.py:190} INFO - [2024-10-04T00:14:06.698+0000] {dagbag.py:588} INFO - Filling up the DagBag from /home/airflow/.local/lib/python3.12/site-packages/airflow/example_dags/example_latest_only_with_trigger.py
[2024-10-04T00:14:06.703+0000] {processor.py:925} INFO - DAG(s) 'latest_only_with_trigger' retrieved from /home/airflow/.local/lib/python3.12/site-packages/airflow/example_dags/example_latest_only_with_trigger.py
[2024-10-04T00:14:06.713+0000] {logging_mixin.py:190} INFO - [2024-10-04T00:14:06.713+0000] {dag.py:3239} INFO - Sync 1 DAGs
[2024-10-04T00:14:06.725+0000] {logging_mixin.py:190} INFO - [2024-10-04T00:14:06.724+0000] {dag.py:4180} INFO - Setting next_dagrun for latest_only_with_trigger to 2024-10-03 20:00:00+00:00, run_after=2024-10-04 00:00:00+00:00
[2024-10-04T00:14:06.735+0000] {processor.py:208} INFO - Processing /home/airflow/.local/lib/python3.12/site-packages/airflow/example_dags/example_latest_only_with_trigger.py took 0.041 seconds
[2024-10-04T00:14:37.153+0000] {processor.py:186} INFO - Started process (PID=96654) to work on /home/airflow/.local/lib/python3.12/site-packages/airflow/example_dags/example_latest_only_with_trigger.py
[2024-10-04T00:14:37.154+0000] {processor.py:914} INFO - Processing file /home/airflow/.local/lib/python3.12/site-packages/airflow/example_dags/example_latest_only_with_trigger.py for tasks to queue
[2024-10-04T00:14:37.154+0000] {logging_mixin.py:190} INFO - [2024-10-04T00:14:37.154+0000] {dagbag.py:588} INFO - Filling up the DagBag from /home/airflow/.local/lib/python3.12/site-packages/airflow/example_dags/example_latest_only_with_trigger.py
[2024-10-04T00:14:37.159+0000] {processor.py:925} INFO - DAG(s) 'latest_only_with_trigger' retrieved from /home/airflow/.local/lib/python3.12/site-packages/airflow/example_dags/example_latest_only_with_trigger.py
[2024-10-04T00:14:37.168+0000] {logging_mixin.py:190} INFO - [2024-10-04T00:14:37.168+0000] {dag.py:3239} INFO - Sync 1 DAGs
[2024-10-04T00:14:37.178+0000] {logging_mixin.py:190} INFO - [2024-10-04T00:14:37.178+0000] {dag.py:4180} INFO - Setting next_dagrun for latest_only_with_trigger to 2024-10-03 20:00:00+00:00, run_after=2024-10-04 00:00:00+00:00
[2024-10-04T00:14:37.188+0000] {processor.py:208} INFO - Processing /home/airflow/.local/lib/python3.12/site-packages/airflow/example_dags/example_latest_only_with_trigger.py took 0.038 seconds
[2024-10-04T00:15:07.771+0000] {processor.py:186} INFO - Started process (PID=96717) to work on /home/airflow/.local/lib/python3.12/site-packages/airflow/example_dags/example_latest_only_with_trigger.py
[2024-10-04T00:15:07.772+0000] {processor.py:914} INFO - Processing file /home/airflow/.local/lib/python3.12/site-packages/airflow/example_dags/example_latest_only_with_trigger.py for tasks to queue
[2024-10-04T00:15:07.773+0000] {logging_mixin.py:190} INFO - [2024-10-04T00:15:07.772+0000] {dagbag.py:588} INFO - Filling up the DagBag from /home/airflow/.local/lib/python3.12/site-packages/airflow/example_dags/example_latest_only_with_trigger.py
[2024-10-04T00:15:07.777+0000] {processor.py:925} INFO - DAG(s) 'latest_only_with_trigger' retrieved from /home/airflow/.local/lib/python3.12/site-packages/airflow/example_dags/example_latest_only_with_trigger.py
[2024-10-04T00:15:07.787+0000] {logging_mixin.py:190} INFO - [2024-10-04T00:15:07.787+0000] {dag.py:3239} INFO - Sync 1 DAGs
[2024-10-04T00:15:07.798+0000] {logging_mixin.py:190} INFO - [2024-10-04T00:15:07.798+0000] {dag.py:4180} INFO - Setting next_dagrun for latest_only_with_trigger to 2024-10-03 20:00:00+00:00, run_after=2024-10-04 00:00:00+00:00
[2024-10-04T00:15:07.807+0000] {processor.py:208} INFO - Processing /home/airflow/.local/lib/python3.12/site-packages/airflow/example_dags/example_latest_only_with_trigger.py took 0.039 seconds
[2024-10-04T00:15:38.308+0000] {processor.py:186} INFO - Started process (PID=96780) to work on /home/airflow/.local/lib/python3.12/site-packages/airflow/example_dags/example_latest_only_with_trigger.py
[2024-10-04T00:15:38.308+0000] {processor.py:914} INFO - Processing file /home/airflow/.local/lib/python3.12/site-packages/airflow/example_dags/example_latest_only_with_trigger.py for tasks to queue
[2024-10-04T00:15:38.309+0000] {logging_mixin.py:190} INFO - [2024-10-04T00:15:38.309+0000] {dagbag.py:588} INFO - Filling up the DagBag from /home/airflow/.local/lib/python3.12/site-packages/airflow/example_dags/example_latest_only_with_trigger.py
[2024-10-04T00:15:38.314+0000] {processor.py:925} INFO - DAG(s) 'latest_only_with_trigger' retrieved from /home/airflow/.local/lib/python3.12/site-packages/airflow/example_dags/example_latest_only_with_trigger.py
[2024-10-04T00:15:38.324+0000] {logging_mixin.py:190} INFO - [2024-10-04T00:15:38.323+0000] {dag.py:3239} INFO - Sync 1 DAGs
[2024-10-04T00:15:38.335+0000] {logging_mixin.py:190} INFO - [2024-10-04T00:15:38.335+0000] {dag.py:4180} INFO - Setting next_dagrun for latest_only_with_trigger to 2024-10-03 20:00:00+00:00, run_after=2024-10-04 00:00:00+00:00
[2024-10-04T00:15:38.344+0000] {processor.py:208} INFO - Processing /home/airflow/.local/lib/python3.12/site-packages/airflow/example_dags/example_latest_only_with_trigger.py took 0.039 seconds
[2024-10-04T00:16:08.734+0000] {processor.py:186} INFO - Started process (PID=96843) to work on /home/airflow/.local/lib/python3.12/site-packages/airflow/example_dags/example_latest_only_with_trigger.py
[2024-10-04T00:16:08.735+0000] {processor.py:914} INFO - Processing file /home/airflow/.local/lib/python3.12/site-packages/airflow/example_dags/example_latest_only_with_trigger.py for tasks to queue
[2024-10-04T00:16:08.735+0000] {logging_mixin.py:190} INFO - [2024-10-04T00:16:08.735+0000] {dagbag.py:588} INFO - Filling up the DagBag from /home/airflow/.local/lib/python3.12/site-packages/airflow/example_dags/example_latest_only_with_trigger.py
[2024-10-04T00:16:08.740+0000] {processor.py:925} INFO - DAG(s) 'latest_only_with_trigger' retrieved from /home/airflow/.local/lib/python3.12/site-packages/airflow/example_dags/example_latest_only_with_trigger.py
[2024-10-04T00:16:08.750+0000] {logging_mixin.py:190} INFO - [2024-10-04T00:16:08.750+0000] {dag.py:3239} INFO - Sync 1 DAGs
[2024-10-04T00:16:08.761+0000] {logging_mixin.py:190} INFO - [2024-10-04T00:16:08.761+0000] {dag.py:4180} INFO - Setting next_dagrun for latest_only_with_trigger to 2024-10-03 20:00:00+00:00, run_after=2024-10-04 00:00:00+00:00
[2024-10-04T00:16:08.771+0000] {processor.py:208} INFO - Processing /home/airflow/.local/lib/python3.12/site-packages/airflow/example_dags/example_latest_only_with_trigger.py took 0.040 seconds
[2024-10-04T00:16:39.413+0000] {processor.py:186} INFO - Started process (PID=96906) to work on /home/airflow/.local/lib/python3.12/site-packages/airflow/example_dags/example_latest_only_with_trigger.py
[2024-10-04T00:16:39.414+0000] {processor.py:914} INFO - Processing file /home/airflow/.local/lib/python3.12/site-packages/airflow/example_dags/example_latest_only_with_trigger.py for tasks to queue
[2024-10-04T00:16:39.415+0000] {logging_mixin.py:190} INFO - [2024-10-04T00:16:39.414+0000] {dagbag.py:588} INFO - Filling up the DagBag from /home/airflow/.local/lib/python3.12/site-packages/airflow/example_dags/example_latest_only_with_trigger.py
[2024-10-04T00:16:39.419+0000] {processor.py:925} INFO - DAG(s) 'latest_only_with_trigger' retrieved from /home/airflow/.local/lib/python3.12/site-packages/airflow/example_dags/example_latest_only_with_trigger.py
[2024-10-04T00:16:39.432+0000] {logging_mixin.py:190} INFO - [2024-10-04T00:16:39.432+0000] {dag.py:3239} INFO - Sync 1 DAGs
[2024-10-04T00:16:39.446+0000] {logging_mixin.py:190} INFO - [2024-10-04T00:16:39.446+0000] {dag.py:4180} INFO - Setting next_dagrun for latest_only_with_trigger to 2024-10-03 20:00:00+00:00, run_after=2024-10-04 00:00:00+00:00
[2024-10-04T00:16:39.457+0000] {processor.py:208} INFO - Processing /home/airflow/.local/lib/python3.12/site-packages/airflow/example_dags/example_latest_only_with_trigger.py took 0.049 seconds
[2024-10-04T00:17:09.982+0000] {processor.py:186} INFO - Started process (PID=96969) to work on /home/airflow/.local/lib/python3.12/site-packages/airflow/example_dags/example_latest_only_with_trigger.py
[2024-10-04T00:17:09.982+0000] {processor.py:914} INFO - Processing file /home/airflow/.local/lib/python3.12/site-packages/airflow/example_dags/example_latest_only_with_trigger.py for tasks to queue
[2024-10-04T00:17:09.983+0000] {logging_mixin.py:190} INFO - [2024-10-04T00:17:09.983+0000] {dagbag.py:588} INFO - Filling up the DagBag from /home/airflow/.local/lib/python3.12/site-packages/airflow/example_dags/example_latest_only_with_trigger.py
[2024-10-04T00:17:09.988+0000] {processor.py:925} INFO - DAG(s) 'latest_only_with_trigger' retrieved from /home/airflow/.local/lib/python3.12/site-packages/airflow/example_dags/example_latest_only_with_trigger.py
[2024-10-04T00:17:09.999+0000] {logging_mixin.py:190} INFO - [2024-10-04T00:17:09.999+0000] {dag.py:3239} INFO - Sync 1 DAGs
[2024-10-04T00:17:10.010+0000] {logging_mixin.py:190} INFO - [2024-10-04T00:17:10.010+0000] {dag.py:4180} INFO - Setting next_dagrun for latest_only_with_trigger to 2024-10-03 20:00:00+00:00, run_after=2024-10-04 00:00:00+00:00
[2024-10-04T00:17:10.020+0000] {processor.py:208} INFO - Processing /home/airflow/.local/lib/python3.12/site-packages/airflow/example_dags/example_latest_only_with_trigger.py took 0.041 seconds
[2024-10-04T00:17:40.592+0000] {processor.py:186} INFO - Started process (PID=97032) to work on /home/airflow/.local/lib/python3.12/site-packages/airflow/example_dags/example_latest_only_with_trigger.py
[2024-10-04T00:17:40.592+0000] {processor.py:914} INFO - Processing file /home/airflow/.local/lib/python3.12/site-packages/airflow/example_dags/example_latest_only_with_trigger.py for tasks to queue
[2024-10-04T00:17:40.593+0000] {logging_mixin.py:190} INFO - [2024-10-04T00:17:40.592+0000] {dagbag.py:588} INFO - Filling up the DagBag from /home/airflow/.local/lib/python3.12/site-packages/airflow/example_dags/example_latest_only_with_trigger.py
[2024-10-04T00:17:40.598+0000] {processor.py:925} INFO - DAG(s) 'latest_only_with_trigger' retrieved from /home/airflow/.local/lib/python3.12/site-packages/airflow/example_dags/example_latest_only_with_trigger.py
[2024-10-04T00:17:40.609+0000] {logging_mixin.py:190} INFO - [2024-10-04T00:17:40.609+0000] {dag.py:3239} INFO - Sync 1 DAGs
[2024-10-04T00:17:40.621+0000] {logging_mixin.py:190} INFO - [2024-10-04T00:17:40.621+0000] {dag.py:4180} INFO - Setting next_dagrun for latest_only_with_trigger to 2024-10-03 20:00:00+00:00, run_after=2024-10-04 00:00:00+00:00
[2024-10-04T00:17:40.632+0000] {processor.py:208} INFO - Processing /home/airflow/.local/lib/python3.12/site-packages/airflow/example_dags/example_latest_only_with_trigger.py took 0.043 seconds
[2024-10-04T00:18:11.114+0000] {processor.py:186} INFO - Started process (PID=97095) to work on /home/airflow/.local/lib/python3.12/site-packages/airflow/example_dags/example_latest_only_with_trigger.py
[2024-10-04T00:18:11.115+0000] {processor.py:914} INFO - Processing file /home/airflow/.local/lib/python3.12/site-packages/airflow/example_dags/example_latest_only_with_trigger.py for tasks to queue
[2024-10-04T00:18:11.116+0000] {logging_mixin.py:190} INFO - [2024-10-04T00:18:11.116+0000] {dagbag.py:588} INFO - Filling up the DagBag from /home/airflow/.local/lib/python3.12/site-packages/airflow/example_dags/example_latest_only_with_trigger.py
[2024-10-04T00:18:11.125+0000] {processor.py:925} INFO - DAG(s) 'latest_only_with_trigger' retrieved from /home/airflow/.local/lib/python3.12/site-packages/airflow/example_dags/example_latest_only_with_trigger.py
[2024-10-04T00:18:11.135+0000] {logging_mixin.py:190} INFO - [2024-10-04T00:18:11.135+0000] {dag.py:3239} INFO - Sync 1 DAGs
[2024-10-04T00:18:11.145+0000] {logging_mixin.py:190} INFO - [2024-10-04T00:18:11.144+0000] {dag.py:4180} INFO - Setting next_dagrun for latest_only_with_trigger to 2024-10-03 20:00:00+00:00, run_after=2024-10-04 00:00:00+00:00
[2024-10-04T00:18:11.153+0000] {processor.py:208} INFO - Processing /home/airflow/.local/lib/python3.12/site-packages/airflow/example_dags/example_latest_only_with_trigger.py took 0.045 seconds
[2024-10-04T00:18:41.459+0000] {processor.py:186} INFO - Started process (PID=97158) to work on /home/airflow/.local/lib/python3.12/site-packages/airflow/example_dags/example_latest_only_with_trigger.py
[2024-10-04T00:18:41.459+0000] {processor.py:914} INFO - Processing file /home/airflow/.local/lib/python3.12/site-packages/airflow/example_dags/example_latest_only_with_trigger.py for tasks to queue
[2024-10-04T00:18:41.460+0000] {logging_mixin.py:190} INFO - [2024-10-04T00:18:41.460+0000] {dagbag.py:588} INFO - Filling up the DagBag from /home/airflow/.local/lib/python3.12/site-packages/airflow/example_dags/example_latest_only_with_trigger.py
[2024-10-04T00:18:41.466+0000] {processor.py:925} INFO - DAG(s) 'latest_only_with_trigger' retrieved from /home/airflow/.local/lib/python3.12/site-packages/airflow/example_dags/example_latest_only_with_trigger.py
[2024-10-04T00:18:41.477+0000] {logging_mixin.py:190} INFO - [2024-10-04T00:18:41.477+0000] {dag.py:3239} INFO - Sync 1 DAGs
[2024-10-04T00:18:41.490+0000] {logging_mixin.py:190} INFO - [2024-10-04T00:18:41.490+0000] {dag.py:4180} INFO - Setting next_dagrun for latest_only_with_trigger to 2024-10-03 20:00:00+00:00, run_after=2024-10-04 00:00:00+00:00
[2024-10-04T00:18:41.501+0000] {processor.py:208} INFO - Processing /home/airflow/.local/lib/python3.12/site-packages/airflow/example_dags/example_latest_only_with_trigger.py took 0.045 seconds
[2024-10-04T00:19:12.347+0000] {processor.py:186} INFO - Started process (PID=97221) to work on /home/airflow/.local/lib/python3.12/site-packages/airflow/example_dags/example_latest_only_with_trigger.py
[2024-10-04T00:19:12.347+0000] {processor.py:914} INFO - Processing file /home/airflow/.local/lib/python3.12/site-packages/airflow/example_dags/example_latest_only_with_trigger.py for tasks to queue
[2024-10-04T00:19:12.348+0000] {logging_mixin.py:190} INFO - [2024-10-04T00:19:12.348+0000] {dagbag.py:588} INFO - Filling up the DagBag from /home/airflow/.local/lib/python3.12/site-packages/airflow/example_dags/example_latest_only_with_trigger.py
[2024-10-04T00:19:12.353+0000] {processor.py:925} INFO - DAG(s) 'latest_only_with_trigger' retrieved from /home/airflow/.local/lib/python3.12/site-packages/airflow/example_dags/example_latest_only_with_trigger.py
[2024-10-04T00:19:12.368+0000] {logging_mixin.py:190} INFO - [2024-10-04T00:19:12.368+0000] {dag.py:3239} INFO - Sync 1 DAGs
[2024-10-04T00:19:12.380+0000] {logging_mixin.py:190} INFO - [2024-10-04T00:19:12.380+0000] {dag.py:4180} INFO - Setting next_dagrun for latest_only_with_trigger to 2024-10-03 20:00:00+00:00, run_after=2024-10-04 00:00:00+00:00
[2024-10-04T00:19:12.390+0000] {processor.py:208} INFO - Processing /home/airflow/.local/lib/python3.12/site-packages/airflow/example_dags/example_latest_only_with_trigger.py took 0.047 seconds
[2024-10-04T00:19:42.783+0000] {processor.py:186} INFO - Started process (PID=97284) to work on /home/airflow/.local/lib/python3.12/site-packages/airflow/example_dags/example_latest_only_with_trigger.py
[2024-10-04T00:19:42.784+0000] {processor.py:914} INFO - Processing file /home/airflow/.local/lib/python3.12/site-packages/airflow/example_dags/example_latest_only_with_trigger.py for tasks to queue
[2024-10-04T00:19:42.784+0000] {logging_mixin.py:190} INFO - [2024-10-04T00:19:42.784+0000] {dagbag.py:588} INFO - Filling up the DagBag from /home/airflow/.local/lib/python3.12/site-packages/airflow/example_dags/example_latest_only_with_trigger.py
[2024-10-04T00:19:42.789+0000] {processor.py:925} INFO - DAG(s) 'latest_only_with_trigger' retrieved from /home/airflow/.local/lib/python3.12/site-packages/airflow/example_dags/example_latest_only_with_trigger.py
[2024-10-04T00:19:42.801+0000] {logging_mixin.py:190} INFO - [2024-10-04T00:19:42.800+0000] {dag.py:3239} INFO - Sync 1 DAGs
[2024-10-04T00:19:42.813+0000] {logging_mixin.py:190} INFO - [2024-10-04T00:19:42.813+0000] {dag.py:4180} INFO - Setting next_dagrun for latest_only_with_trigger to 2024-10-03 20:00:00+00:00, run_after=2024-10-04 00:00:00+00:00
[2024-10-04T00:19:42.824+0000] {processor.py:208} INFO - Processing /home/airflow/.local/lib/python3.12/site-packages/airflow/example_dags/example_latest_only_with_trigger.py took 0.045 seconds
[2024-10-04T00:20:13.403+0000] {processor.py:186} INFO - Started process (PID=97347) to work on /home/airflow/.local/lib/python3.12/site-packages/airflow/example_dags/example_latest_only_with_trigger.py
[2024-10-04T00:20:13.404+0000] {processor.py:914} INFO - Processing file /home/airflow/.local/lib/python3.12/site-packages/airflow/example_dags/example_latest_only_with_trigger.py for tasks to queue
[2024-10-04T00:20:13.404+0000] {logging_mixin.py:190} INFO - [2024-10-04T00:20:13.404+0000] {dagbag.py:588} INFO - Filling up the DagBag from /home/airflow/.local/lib/python3.12/site-packages/airflow/example_dags/example_latest_only_with_trigger.py
[2024-10-04T00:20:13.409+0000] {processor.py:925} INFO - DAG(s) 'latest_only_with_trigger' retrieved from /home/airflow/.local/lib/python3.12/site-packages/airflow/example_dags/example_latest_only_with_trigger.py
[2024-10-04T00:20:13.419+0000] {logging_mixin.py:190} INFO - [2024-10-04T00:20:13.419+0000] {dag.py:3239} INFO - Sync 1 DAGs
[2024-10-04T00:20:13.431+0000] {logging_mixin.py:190} INFO - [2024-10-04T00:20:13.431+0000] {dag.py:4180} INFO - Setting next_dagrun for latest_only_with_trigger to 2024-10-03 20:00:00+00:00, run_after=2024-10-04 00:00:00+00:00
[2024-10-04T00:20:13.441+0000] {processor.py:208} INFO - Processing /home/airflow/.local/lib/python3.12/site-packages/airflow/example_dags/example_latest_only_with_trigger.py took 0.041 seconds
[2024-10-04T00:20:44.023+0000] {processor.py:186} INFO - Started process (PID=97410) to work on /home/airflow/.local/lib/python3.12/site-packages/airflow/example_dags/example_latest_only_with_trigger.py
[2024-10-04T00:20:44.024+0000] {processor.py:914} INFO - Processing file /home/airflow/.local/lib/python3.12/site-packages/airflow/example_dags/example_latest_only_with_trigger.py for tasks to queue
[2024-10-04T00:20:44.024+0000] {logging_mixin.py:190} INFO - [2024-10-04T00:20:44.024+0000] {dagbag.py:588} INFO - Filling up the DagBag from /home/airflow/.local/lib/python3.12/site-packages/airflow/example_dags/example_latest_only_with_trigger.py
[2024-10-04T00:20:44.029+0000] {processor.py:925} INFO - DAG(s) 'latest_only_with_trigger' retrieved from /home/airflow/.local/lib/python3.12/site-packages/airflow/example_dags/example_latest_only_with_trigger.py
[2024-10-04T00:20:44.039+0000] {logging_mixin.py:190} INFO - [2024-10-04T00:20:44.039+0000] {dag.py:3239} INFO - Sync 1 DAGs
[2024-10-04T00:20:44.050+0000] {logging_mixin.py:190} INFO - [2024-10-04T00:20:44.050+0000] {dag.py:4180} INFO - Setting next_dagrun for latest_only_with_trigger to 2024-10-03 20:00:00+00:00, run_after=2024-10-04 00:00:00+00:00
[2024-10-04T00:20:44.059+0000] {processor.py:208} INFO - Processing /home/airflow/.local/lib/python3.12/site-packages/airflow/example_dags/example_latest_only_with_trigger.py took 0.040 seconds
[2024-10-04T00:21:14.537+0000] {processor.py:186} INFO - Started process (PID=97473) to work on /home/airflow/.local/lib/python3.12/site-packages/airflow/example_dags/example_latest_only_with_trigger.py
[2024-10-04T00:21:14.537+0000] {processor.py:914} INFO - Processing file /home/airflow/.local/lib/python3.12/site-packages/airflow/example_dags/example_latest_only_with_trigger.py for tasks to queue
[2024-10-04T00:21:14.538+0000] {logging_mixin.py:190} INFO - [2024-10-04T00:21:14.538+0000] {dagbag.py:588} INFO - Filling up the DagBag from /home/airflow/.local/lib/python3.12/site-packages/airflow/example_dags/example_latest_only_with_trigger.py
[2024-10-04T00:21:14.543+0000] {processor.py:925} INFO - DAG(s) 'latest_only_with_trigger' retrieved from /home/airflow/.local/lib/python3.12/site-packages/airflow/example_dags/example_latest_only_with_trigger.py
[2024-10-04T00:21:14.553+0000] {logging_mixin.py:190} INFO - [2024-10-04T00:21:14.553+0000] {dag.py:3239} INFO - Sync 1 DAGs
[2024-10-04T00:21:14.563+0000] {logging_mixin.py:190} INFO - [2024-10-04T00:21:14.563+0000] {dag.py:4180} INFO - Setting next_dagrun for latest_only_with_trigger to 2024-10-03 20:00:00+00:00, run_after=2024-10-04 00:00:00+00:00
[2024-10-04T00:21:14.573+0000] {processor.py:208} INFO - Processing /home/airflow/.local/lib/python3.12/site-packages/airflow/example_dags/example_latest_only_with_trigger.py took 0.039 seconds
[2024-10-04T00:21:45.586+0000] {processor.py:186} INFO - Started process (PID=97536) to work on /home/airflow/.local/lib/python3.12/site-packages/airflow/example_dags/example_latest_only_with_trigger.py
[2024-10-04T00:21:45.586+0000] {processor.py:914} INFO - Processing file /home/airflow/.local/lib/python3.12/site-packages/airflow/example_dags/example_latest_only_with_trigger.py for tasks to queue
[2024-10-04T00:21:45.587+0000] {logging_mixin.py:190} INFO - [2024-10-04T00:21:45.587+0000] {dagbag.py:588} INFO - Filling up the DagBag from /home/airflow/.local/lib/python3.12/site-packages/airflow/example_dags/example_latest_only_with_trigger.py
[2024-10-04T00:21:45.592+0000] {processor.py:925} INFO - DAG(s) 'latest_only_with_trigger' retrieved from /home/airflow/.local/lib/python3.12/site-packages/airflow/example_dags/example_latest_only_with_trigger.py
[2024-10-04T00:21:45.602+0000] {logging_mixin.py:190} INFO - [2024-10-04T00:21:45.602+0000] {dag.py:3239} INFO - Sync 1 DAGs
[2024-10-04T00:21:45.616+0000] {logging_mixin.py:190} INFO - [2024-10-04T00:21:45.615+0000] {dag.py:4180} INFO - Setting next_dagrun for latest_only_with_trigger to 2024-10-03 20:00:00+00:00, run_after=2024-10-04 00:00:00+00:00
[2024-10-04T00:21:45.635+0000] {processor.py:208} INFO - Processing /home/airflow/.local/lib/python3.12/site-packages/airflow/example_dags/example_latest_only_with_trigger.py took 0.052 seconds
[2024-10-04T00:22:16.715+0000] {processor.py:186} INFO - Started process (PID=97599) to work on /home/airflow/.local/lib/python3.12/site-packages/airflow/example_dags/example_latest_only_with_trigger.py
[2024-10-04T00:22:16.716+0000] {processor.py:914} INFO - Processing file /home/airflow/.local/lib/python3.12/site-packages/airflow/example_dags/example_latest_only_with_trigger.py for tasks to queue
[2024-10-04T00:22:16.719+0000] {logging_mixin.py:190} INFO - [2024-10-04T00:22:16.718+0000] {dagbag.py:588} INFO - Filling up the DagBag from /home/airflow/.local/lib/python3.12/site-packages/airflow/example_dags/example_latest_only_with_trigger.py
[2024-10-04T00:22:17.511+0000] {logging_mixin.py:190} INFO - [2024-10-04T00:22:17.511+0000] {process_utils.py:266} INFO - Waiting up to 5 seconds for processes to exit...
