[2024-10-04T00:00:28.750+0000] {processor.py:186} INFO - Started process (PID=94900) to work on /home/airflow/.local/lib/python3.12/site-packages/airflow/example_dags/example_sensor_decorator.py
[2024-10-04T00:00:28.750+0000] {processor.py:914} INFO - Processing file /home/airflow/.local/lib/python3.12/site-packages/airflow/example_dags/example_sensor_decorator.py for tasks to queue
[2024-10-04T00:00:28.750+0000] {logging_mixin.py:190} INFO - [2024-10-04T00:00:28.750+0000] {dagbag.py:588} INFO - Filling up the DagBag from /home/airflow/.local/lib/python3.12/site-packages/airflow/example_dags/example_sensor_decorator.py
[2024-10-04T00:00:28.754+0000] {processor.py:925} INFO - DAG(s) 'example_sensor_decorator' retrieved from /home/airflow/.local/lib/python3.12/site-packages/airflow/example_dags/example_sensor_decorator.py
[2024-10-04T00:00:28.763+0000] {logging_mixin.py:190} INFO - [2024-10-04T00:00:28.763+0000] {dag.py:3239} INFO - Sync 1 DAGs
[2024-10-04T00:00:28.770+0000] {logging_mixin.py:190} INFO - [2024-10-04T00:00:28.770+0000] {dag.py:4180} INFO - Setting next_dagrun for example_sensor_decorator to None, run_after=None
[2024-10-04T00:00:28.780+0000] {processor.py:208} INFO - Processing /home/airflow/.local/lib/python3.12/site-packages/airflow/example_dags/example_sensor_decorator.py took 0.033 seconds
[2024-10-04T00:00:58.942+0000] {processor.py:186} INFO - Started process (PID=94963) to work on /home/airflow/.local/lib/python3.12/site-packages/airflow/example_dags/example_sensor_decorator.py
[2024-10-04T00:00:58.942+0000] {processor.py:914} INFO - Processing file /home/airflow/.local/lib/python3.12/site-packages/airflow/example_dags/example_sensor_decorator.py for tasks to queue
[2024-10-04T00:00:58.943+0000] {logging_mixin.py:190} INFO - [2024-10-04T00:00:58.942+0000] {dagbag.py:588} INFO - Filling up the DagBag from /home/airflow/.local/lib/python3.12/site-packages/airflow/example_dags/example_sensor_decorator.py
[2024-10-04T00:00:58.946+0000] {processor.py:925} INFO - DAG(s) 'example_sensor_decorator' retrieved from /home/airflow/.local/lib/python3.12/site-packages/airflow/example_dags/example_sensor_decorator.py
[2024-10-04T00:00:58.955+0000] {logging_mixin.py:190} INFO - [2024-10-04T00:00:58.955+0000] {dag.py:3239} INFO - Sync 1 DAGs
[2024-10-04T00:00:58.961+0000] {logging_mixin.py:190} INFO - [2024-10-04T00:00:58.961+0000] {dag.py:4180} INFO - Setting next_dagrun for example_sensor_decorator to None, run_after=None
[2024-10-04T00:00:58.969+0000] {processor.py:208} INFO - Processing /home/airflow/.local/lib/python3.12/site-packages/airflow/example_dags/example_sensor_decorator.py took 0.030 seconds
[2024-10-04T00:01:29.036+0000] {processor.py:186} INFO - Started process (PID=95026) to work on /home/airflow/.local/lib/python3.12/site-packages/airflow/example_dags/example_sensor_decorator.py
[2024-10-04T00:01:29.037+0000] {processor.py:914} INFO - Processing file /home/airflow/.local/lib/python3.12/site-packages/airflow/example_dags/example_sensor_decorator.py for tasks to queue
[2024-10-04T00:01:29.037+0000] {logging_mixin.py:190} INFO - [2024-10-04T00:01:29.037+0000] {dagbag.py:588} INFO - Filling up the DagBag from /home/airflow/.local/lib/python3.12/site-packages/airflow/example_dags/example_sensor_decorator.py
[2024-10-04T00:01:29.042+0000] {processor.py:925} INFO - DAG(s) 'example_sensor_decorator' retrieved from /home/airflow/.local/lib/python3.12/site-packages/airflow/example_dags/example_sensor_decorator.py
[2024-10-04T00:01:29.050+0000] {logging_mixin.py:190} INFO - [2024-10-04T00:01:29.050+0000] {dag.py:3239} INFO - Sync 1 DAGs
[2024-10-04T00:01:29.057+0000] {logging_mixin.py:190} INFO - [2024-10-04T00:01:29.057+0000] {dag.py:4180} INFO - Setting next_dagrun for example_sensor_decorator to None, run_after=None
[2024-10-04T00:01:29.065+0000] {processor.py:208} INFO - Processing /home/airflow/.local/lib/python3.12/site-packages/airflow/example_dags/example_sensor_decorator.py took 0.032 seconds
[2024-10-04T00:01:59.401+0000] {processor.py:186} INFO - Started process (PID=95089) to work on /home/airflow/.local/lib/python3.12/site-packages/airflow/example_dags/example_sensor_decorator.py
[2024-10-04T00:01:59.402+0000] {processor.py:914} INFO - Processing file /home/airflow/.local/lib/python3.12/site-packages/airflow/example_dags/example_sensor_decorator.py for tasks to queue
[2024-10-04T00:01:59.403+0000] {logging_mixin.py:190} INFO - [2024-10-04T00:01:59.403+0000] {dagbag.py:588} INFO - Filling up the DagBag from /home/airflow/.local/lib/python3.12/site-packages/airflow/example_dags/example_sensor_decorator.py
[2024-10-04T00:01:59.408+0000] {processor.py:925} INFO - DAG(s) 'example_sensor_decorator' retrieved from /home/airflow/.local/lib/python3.12/site-packages/airflow/example_dags/example_sensor_decorator.py
[2024-10-04T00:01:59.418+0000] {logging_mixin.py:190} INFO - [2024-10-04T00:01:59.418+0000] {dag.py:3239} INFO - Sync 1 DAGs
[2024-10-04T00:01:59.425+0000] {logging_mixin.py:190} INFO - [2024-10-04T00:01:59.425+0000] {dag.py:4180} INFO - Setting next_dagrun for example_sensor_decorator to None, run_after=None
[2024-10-04T00:01:59.435+0000] {processor.py:208} INFO - Processing /home/airflow/.local/lib/python3.12/site-packages/airflow/example_dags/example_sensor_decorator.py took 0.037 seconds
[2024-10-04T00:02:29.678+0000] {processor.py:186} INFO - Started process (PID=95152) to work on /home/airflow/.local/lib/python3.12/site-packages/airflow/example_dags/example_sensor_decorator.py
[2024-10-04T00:02:29.679+0000] {processor.py:914} INFO - Processing file /home/airflow/.local/lib/python3.12/site-packages/airflow/example_dags/example_sensor_decorator.py for tasks to queue
[2024-10-04T00:02:29.679+0000] {logging_mixin.py:190} INFO - [2024-10-04T00:02:29.679+0000] {dagbag.py:588} INFO - Filling up the DagBag from /home/airflow/.local/lib/python3.12/site-packages/airflow/example_dags/example_sensor_decorator.py
[2024-10-04T00:02:29.684+0000] {processor.py:925} INFO - DAG(s) 'example_sensor_decorator' retrieved from /home/airflow/.local/lib/python3.12/site-packages/airflow/example_dags/example_sensor_decorator.py
[2024-10-04T00:02:29.694+0000] {logging_mixin.py:190} INFO - [2024-10-04T00:02:29.693+0000] {dag.py:3239} INFO - Sync 1 DAGs
[2024-10-04T00:02:29.701+0000] {logging_mixin.py:190} INFO - [2024-10-04T00:02:29.701+0000] {dag.py:4180} INFO - Setting next_dagrun for example_sensor_decorator to None, run_after=None
[2024-10-04T00:02:29.711+0000] {processor.py:208} INFO - Processing /home/airflow/.local/lib/python3.12/site-packages/airflow/example_dags/example_sensor_decorator.py took 0.037 seconds
[2024-10-04T00:02:59.816+0000] {processor.py:186} INFO - Started process (PID=95215) to work on /home/airflow/.local/lib/python3.12/site-packages/airflow/example_dags/example_sensor_decorator.py
[2024-10-04T00:02:59.817+0000] {processor.py:914} INFO - Processing file /home/airflow/.local/lib/python3.12/site-packages/airflow/example_dags/example_sensor_decorator.py for tasks to queue
[2024-10-04T00:02:59.817+0000] {logging_mixin.py:190} INFO - [2024-10-04T00:02:59.817+0000] {dagbag.py:588} INFO - Filling up the DagBag from /home/airflow/.local/lib/python3.12/site-packages/airflow/example_dags/example_sensor_decorator.py
[2024-10-04T00:02:59.822+0000] {processor.py:925} INFO - DAG(s) 'example_sensor_decorator' retrieved from /home/airflow/.local/lib/python3.12/site-packages/airflow/example_dags/example_sensor_decorator.py
[2024-10-04T00:02:59.831+0000] {logging_mixin.py:190} INFO - [2024-10-04T00:02:59.830+0000] {dag.py:3239} INFO - Sync 1 DAGs
[2024-10-04T00:02:59.837+0000] {logging_mixin.py:190} INFO - [2024-10-04T00:02:59.837+0000] {dag.py:4180} INFO - Setting next_dagrun for example_sensor_decorator to None, run_after=None
[2024-10-04T00:02:59.845+0000] {processor.py:208} INFO - Processing /home/airflow/.local/lib/python3.12/site-packages/airflow/example_dags/example_sensor_decorator.py took 0.032 seconds
[2024-10-04T00:03:30.028+0000] {processor.py:186} INFO - Started process (PID=95278) to work on /home/airflow/.local/lib/python3.12/site-packages/airflow/example_dags/example_sensor_decorator.py
[2024-10-04T00:03:30.029+0000] {processor.py:914} INFO - Processing file /home/airflow/.local/lib/python3.12/site-packages/airflow/example_dags/example_sensor_decorator.py for tasks to queue
[2024-10-04T00:03:30.029+0000] {logging_mixin.py:190} INFO - [2024-10-04T00:03:30.029+0000] {dagbag.py:588} INFO - Filling up the DagBag from /home/airflow/.local/lib/python3.12/site-packages/airflow/example_dags/example_sensor_decorator.py
[2024-10-04T00:03:30.034+0000] {processor.py:925} INFO - DAG(s) 'example_sensor_decorator' retrieved from /home/airflow/.local/lib/python3.12/site-packages/airflow/example_dags/example_sensor_decorator.py
[2024-10-04T00:03:30.044+0000] {logging_mixin.py:190} INFO - [2024-10-04T00:03:30.044+0000] {dag.py:3239} INFO - Sync 1 DAGs
[2024-10-04T00:03:30.051+0000] {logging_mixin.py:190} INFO - [2024-10-04T00:03:30.051+0000] {dag.py:4180} INFO - Setting next_dagrun for example_sensor_decorator to None, run_after=None
[2024-10-04T00:03:30.060+0000] {processor.py:208} INFO - Processing /home/airflow/.local/lib/python3.12/site-packages/airflow/example_dags/example_sensor_decorator.py took 0.035 seconds
[2024-10-04T00:04:00.202+0000] {processor.py:186} INFO - Started process (PID=95341) to work on /home/airflow/.local/lib/python3.12/site-packages/airflow/example_dags/example_sensor_decorator.py
[2024-10-04T00:04:00.203+0000] {processor.py:914} INFO - Processing file /home/airflow/.local/lib/python3.12/site-packages/airflow/example_dags/example_sensor_decorator.py for tasks to queue
[2024-10-04T00:04:00.204+0000] {logging_mixin.py:190} INFO - [2024-10-04T00:04:00.203+0000] {dagbag.py:588} INFO - Filling up the DagBag from /home/airflow/.local/lib/python3.12/site-packages/airflow/example_dags/example_sensor_decorator.py
[2024-10-04T00:04:00.208+0000] {processor.py:925} INFO - DAG(s) 'example_sensor_decorator' retrieved from /home/airflow/.local/lib/python3.12/site-packages/airflow/example_dags/example_sensor_decorator.py
[2024-10-04T00:04:00.218+0000] {logging_mixin.py:190} INFO - [2024-10-04T00:04:00.218+0000] {dag.py:3239} INFO - Sync 1 DAGs
[2024-10-04T00:04:00.225+0000] {logging_mixin.py:190} INFO - [2024-10-04T00:04:00.225+0000] {dag.py:4180} INFO - Setting next_dagrun for example_sensor_decorator to None, run_after=None
[2024-10-04T00:04:00.236+0000] {processor.py:208} INFO - Processing /home/airflow/.local/lib/python3.12/site-packages/airflow/example_dags/example_sensor_decorator.py took 0.037 seconds
[2024-10-04T00:04:30.484+0000] {processor.py:186} INFO - Started process (PID=95404) to work on /home/airflow/.local/lib/python3.12/site-packages/airflow/example_dags/example_sensor_decorator.py
[2024-10-04T00:04:30.485+0000] {processor.py:914} INFO - Processing file /home/airflow/.local/lib/python3.12/site-packages/airflow/example_dags/example_sensor_decorator.py for tasks to queue
[2024-10-04T00:04:30.486+0000] {logging_mixin.py:190} INFO - [2024-10-04T00:04:30.485+0000] {dagbag.py:588} INFO - Filling up the DagBag from /home/airflow/.local/lib/python3.12/site-packages/airflow/example_dags/example_sensor_decorator.py
[2024-10-04T00:04:30.490+0000] {processor.py:925} INFO - DAG(s) 'example_sensor_decorator' retrieved from /home/airflow/.local/lib/python3.12/site-packages/airflow/example_dags/example_sensor_decorator.py
[2024-10-04T00:04:30.499+0000] {logging_mixin.py:190} INFO - [2024-10-04T00:04:30.499+0000] {dag.py:3239} INFO - Sync 1 DAGs
[2024-10-04T00:04:30.507+0000] {logging_mixin.py:190} INFO - [2024-10-04T00:04:30.507+0000] {dag.py:4180} INFO - Setting next_dagrun for example_sensor_decorator to None, run_after=None
[2024-10-04T00:04:30.516+0000] {processor.py:208} INFO - Processing /home/airflow/.local/lib/python3.12/site-packages/airflow/example_dags/example_sensor_decorator.py took 0.035 seconds
[2024-10-04T00:05:00.680+0000] {processor.py:186} INFO - Started process (PID=95467) to work on /home/airflow/.local/lib/python3.12/site-packages/airflow/example_dags/example_sensor_decorator.py
[2024-10-04T00:05:00.681+0000] {processor.py:914} INFO - Processing file /home/airflow/.local/lib/python3.12/site-packages/airflow/example_dags/example_sensor_decorator.py for tasks to queue
[2024-10-04T00:05:00.681+0000] {logging_mixin.py:190} INFO - [2024-10-04T00:05:00.681+0000] {dagbag.py:588} INFO - Filling up the DagBag from /home/airflow/.local/lib/python3.12/site-packages/airflow/example_dags/example_sensor_decorator.py
[2024-10-04T00:05:00.686+0000] {processor.py:925} INFO - DAG(s) 'example_sensor_decorator' retrieved from /home/airflow/.local/lib/python3.12/site-packages/airflow/example_dags/example_sensor_decorator.py
[2024-10-04T00:05:00.696+0000] {logging_mixin.py:190} INFO - [2024-10-04T00:05:00.696+0000] {dag.py:3239} INFO - Sync 1 DAGs
[2024-10-04T00:05:00.703+0000] {logging_mixin.py:190} INFO - [2024-10-04T00:05:00.703+0000] {dag.py:4180} INFO - Setting next_dagrun for example_sensor_decorator to None, run_after=None
[2024-10-04T00:05:00.714+0000] {processor.py:208} INFO - Processing /home/airflow/.local/lib/python3.12/site-packages/airflow/example_dags/example_sensor_decorator.py took 0.037 seconds
[2024-10-04T00:05:31.099+0000] {processor.py:186} INFO - Started process (PID=95530) to work on /home/airflow/.local/lib/python3.12/site-packages/airflow/example_dags/example_sensor_decorator.py
[2024-10-04T00:05:31.100+0000] {processor.py:914} INFO - Processing file /home/airflow/.local/lib/python3.12/site-packages/airflow/example_dags/example_sensor_decorator.py for tasks to queue
[2024-10-04T00:05:31.100+0000] {logging_mixin.py:190} INFO - [2024-10-04T00:05:31.100+0000] {dagbag.py:588} INFO - Filling up the DagBag from /home/airflow/.local/lib/python3.12/site-packages/airflow/example_dags/example_sensor_decorator.py
[2024-10-04T00:05:31.105+0000] {processor.py:925} INFO - DAG(s) 'example_sensor_decorator' retrieved from /home/airflow/.local/lib/python3.12/site-packages/airflow/example_dags/example_sensor_decorator.py
[2024-10-04T00:05:31.116+0000] {logging_mixin.py:190} INFO - [2024-10-04T00:05:31.116+0000] {dag.py:3239} INFO - Sync 1 DAGs
[2024-10-04T00:05:31.124+0000] {logging_mixin.py:190} INFO - [2024-10-04T00:05:31.124+0000] {dag.py:4180} INFO - Setting next_dagrun for example_sensor_decorator to None, run_after=None
[2024-10-04T00:05:31.132+0000] {processor.py:208} INFO - Processing /home/airflow/.local/lib/python3.12/site-packages/airflow/example_dags/example_sensor_decorator.py took 0.036 seconds
[2024-10-04T00:06:01.265+0000] {processor.py:186} INFO - Started process (PID=95593) to work on /home/airflow/.local/lib/python3.12/site-packages/airflow/example_dags/example_sensor_decorator.py
[2024-10-04T00:06:01.265+0000] {processor.py:914} INFO - Processing file /home/airflow/.local/lib/python3.12/site-packages/airflow/example_dags/example_sensor_decorator.py for tasks to queue
[2024-10-04T00:06:01.266+0000] {logging_mixin.py:190} INFO - [2024-10-04T00:06:01.265+0000] {dagbag.py:588} INFO - Filling up the DagBag from /home/airflow/.local/lib/python3.12/site-packages/airflow/example_dags/example_sensor_decorator.py
[2024-10-04T00:06:01.270+0000] {processor.py:925} INFO - DAG(s) 'example_sensor_decorator' retrieved from /home/airflow/.local/lib/python3.12/site-packages/airflow/example_dags/example_sensor_decorator.py
[2024-10-04T00:06:01.278+0000] {logging_mixin.py:190} INFO - [2024-10-04T00:06:01.278+0000] {dag.py:3239} INFO - Sync 1 DAGs
[2024-10-04T00:06:01.286+0000] {logging_mixin.py:190} INFO - [2024-10-04T00:06:01.285+0000] {dag.py:4180} INFO - Setting next_dagrun for example_sensor_decorator to None, run_after=None
[2024-10-04T00:06:01.295+0000] {processor.py:208} INFO - Processing /home/airflow/.local/lib/python3.12/site-packages/airflow/example_dags/example_sensor_decorator.py took 0.034 seconds
[2024-10-04T00:06:31.518+0000] {processor.py:186} INFO - Started process (PID=95656) to work on /home/airflow/.local/lib/python3.12/site-packages/airflow/example_dags/example_sensor_decorator.py
[2024-10-04T00:06:31.519+0000] {processor.py:914} INFO - Processing file /home/airflow/.local/lib/python3.12/site-packages/airflow/example_dags/example_sensor_decorator.py for tasks to queue
[2024-10-04T00:06:31.520+0000] {logging_mixin.py:190} INFO - [2024-10-04T00:06:31.519+0000] {dagbag.py:588} INFO - Filling up the DagBag from /home/airflow/.local/lib/python3.12/site-packages/airflow/example_dags/example_sensor_decorator.py
[2024-10-04T00:06:31.524+0000] {processor.py:925} INFO - DAG(s) 'example_sensor_decorator' retrieved from /home/airflow/.local/lib/python3.12/site-packages/airflow/example_dags/example_sensor_decorator.py
[2024-10-04T00:06:31.533+0000] {logging_mixin.py:190} INFO - [2024-10-04T00:06:31.533+0000] {dag.py:3239} INFO - Sync 1 DAGs
[2024-10-04T00:06:31.540+0000] {logging_mixin.py:190} INFO - [2024-10-04T00:06:31.540+0000] {dag.py:4180} INFO - Setting next_dagrun for example_sensor_decorator to None, run_after=None
[2024-10-04T00:06:31.548+0000] {processor.py:208} INFO - Processing /home/airflow/.local/lib/python3.12/site-packages/airflow/example_dags/example_sensor_decorator.py took 0.033 seconds
[2024-10-04T00:07:01.780+0000] {processor.py:186} INFO - Started process (PID=95719) to work on /home/airflow/.local/lib/python3.12/site-packages/airflow/example_dags/example_sensor_decorator.py
[2024-10-04T00:07:01.780+0000] {processor.py:914} INFO - Processing file /home/airflow/.local/lib/python3.12/site-packages/airflow/example_dags/example_sensor_decorator.py for tasks to queue
[2024-10-04T00:07:01.781+0000] {logging_mixin.py:190} INFO - [2024-10-04T00:07:01.781+0000] {dagbag.py:588} INFO - Filling up the DagBag from /home/airflow/.local/lib/python3.12/site-packages/airflow/example_dags/example_sensor_decorator.py
[2024-10-04T00:07:01.785+0000] {processor.py:925} INFO - DAG(s) 'example_sensor_decorator' retrieved from /home/airflow/.local/lib/python3.12/site-packages/airflow/example_dags/example_sensor_decorator.py
[2024-10-04T00:07:01.797+0000] {logging_mixin.py:190} INFO - [2024-10-04T00:07:01.797+0000] {dag.py:3239} INFO - Sync 1 DAGs
[2024-10-04T00:07:01.804+0000] {logging_mixin.py:190} INFO - [2024-10-04T00:07:01.804+0000] {dag.py:4180} INFO - Setting next_dagrun for example_sensor_decorator to None, run_after=None
[2024-10-04T00:07:01.815+0000] {processor.py:208} INFO - Processing /home/airflow/.local/lib/python3.12/site-packages/airflow/example_dags/example_sensor_decorator.py took 0.039 seconds
[2024-10-04T00:07:32.031+0000] {processor.py:186} INFO - Started process (PID=95782) to work on /home/airflow/.local/lib/python3.12/site-packages/airflow/example_dags/example_sensor_decorator.py
[2024-10-04T00:07:32.032+0000] {processor.py:914} INFO - Processing file /home/airflow/.local/lib/python3.12/site-packages/airflow/example_dags/example_sensor_decorator.py for tasks to queue
[2024-10-04T00:07:32.032+0000] {logging_mixin.py:190} INFO - [2024-10-04T00:07:32.032+0000] {dagbag.py:588} INFO - Filling up the DagBag from /home/airflow/.local/lib/python3.12/site-packages/airflow/example_dags/example_sensor_decorator.py
[2024-10-04T00:07:32.037+0000] {processor.py:925} INFO - DAG(s) 'example_sensor_decorator' retrieved from /home/airflow/.local/lib/python3.12/site-packages/airflow/example_dags/example_sensor_decorator.py
[2024-10-04T00:07:32.048+0000] {logging_mixin.py:190} INFO - [2024-10-04T00:07:32.048+0000] {dag.py:3239} INFO - Sync 1 DAGs
[2024-10-04T00:07:32.056+0000] {logging_mixin.py:190} INFO - [2024-10-04T00:07:32.056+0000] {dag.py:4180} INFO - Setting next_dagrun for example_sensor_decorator to None, run_after=None
[2024-10-04T00:07:32.065+0000] {processor.py:208} INFO - Processing /home/airflow/.local/lib/python3.12/site-packages/airflow/example_dags/example_sensor_decorator.py took 0.037 seconds
[2024-10-04T00:08:02.239+0000] {processor.py:186} INFO - Started process (PID=95845) to work on /home/airflow/.local/lib/python3.12/site-packages/airflow/example_dags/example_sensor_decorator.py
[2024-10-04T00:08:02.239+0000] {processor.py:914} INFO - Processing file /home/airflow/.local/lib/python3.12/site-packages/airflow/example_dags/example_sensor_decorator.py for tasks to queue
[2024-10-04T00:08:02.240+0000] {logging_mixin.py:190} INFO - [2024-10-04T00:08:02.239+0000] {dagbag.py:588} INFO - Filling up the DagBag from /home/airflow/.local/lib/python3.12/site-packages/airflow/example_dags/example_sensor_decorator.py
[2024-10-04T00:08:02.244+0000] {processor.py:925} INFO - DAG(s) 'example_sensor_decorator' retrieved from /home/airflow/.local/lib/python3.12/site-packages/airflow/example_dags/example_sensor_decorator.py
[2024-10-04T00:08:02.254+0000] {logging_mixin.py:190} INFO - [2024-10-04T00:08:02.254+0000] {dag.py:3239} INFO - Sync 1 DAGs
[2024-10-04T00:08:02.262+0000] {logging_mixin.py:190} INFO - [2024-10-04T00:08:02.262+0000] {dag.py:4180} INFO - Setting next_dagrun for example_sensor_decorator to None, run_after=None
[2024-10-04T00:08:02.272+0000] {processor.py:208} INFO - Processing /home/airflow/.local/lib/python3.12/site-packages/airflow/example_dags/example_sensor_decorator.py took 0.036 seconds
[2024-10-04T00:08:32.690+0000] {processor.py:186} INFO - Started process (PID=95908) to work on /home/airflow/.local/lib/python3.12/site-packages/airflow/example_dags/example_sensor_decorator.py
[2024-10-04T00:08:32.690+0000] {processor.py:914} INFO - Processing file /home/airflow/.local/lib/python3.12/site-packages/airflow/example_dags/example_sensor_decorator.py for tasks to queue
[2024-10-04T00:08:32.691+0000] {logging_mixin.py:190} INFO - [2024-10-04T00:08:32.691+0000] {dagbag.py:588} INFO - Filling up the DagBag from /home/airflow/.local/lib/python3.12/site-packages/airflow/example_dags/example_sensor_decorator.py
[2024-10-04T00:08:32.696+0000] {processor.py:925} INFO - DAG(s) 'example_sensor_decorator' retrieved from /home/airflow/.local/lib/python3.12/site-packages/airflow/example_dags/example_sensor_decorator.py
[2024-10-04T00:08:32.706+0000] {logging_mixin.py:190} INFO - [2024-10-04T00:08:32.706+0000] {dag.py:3239} INFO - Sync 1 DAGs
[2024-10-04T00:08:32.713+0000] {logging_mixin.py:190} INFO - [2024-10-04T00:08:32.713+0000] {dag.py:4180} INFO - Setting next_dagrun for example_sensor_decorator to None, run_after=None
[2024-10-04T00:08:32.723+0000] {processor.py:208} INFO - Processing /home/airflow/.local/lib/python3.12/site-packages/airflow/example_dags/example_sensor_decorator.py took 0.036 seconds
[2024-10-04T00:09:03.023+0000] {processor.py:186} INFO - Started process (PID=95971) to work on /home/airflow/.local/lib/python3.12/site-packages/airflow/example_dags/example_sensor_decorator.py
[2024-10-04T00:09:03.024+0000] {processor.py:914} INFO - Processing file /home/airflow/.local/lib/python3.12/site-packages/airflow/example_dags/example_sensor_decorator.py for tasks to queue
[2024-10-04T00:09:03.025+0000] {logging_mixin.py:190} INFO - [2024-10-04T00:09:03.024+0000] {dagbag.py:588} INFO - Filling up the DagBag from /home/airflow/.local/lib/python3.12/site-packages/airflow/example_dags/example_sensor_decorator.py
[2024-10-04T00:09:03.029+0000] {processor.py:925} INFO - DAG(s) 'example_sensor_decorator' retrieved from /home/airflow/.local/lib/python3.12/site-packages/airflow/example_dags/example_sensor_decorator.py
[2024-10-04T00:09:03.038+0000] {logging_mixin.py:190} INFO - [2024-10-04T00:09:03.038+0000] {dag.py:3239} INFO - Sync 1 DAGs
[2024-10-04T00:09:03.046+0000] {logging_mixin.py:190} INFO - [2024-10-04T00:09:03.046+0000] {dag.py:4180} INFO - Setting next_dagrun for example_sensor_decorator to None, run_after=None
[2024-10-04T00:09:03.056+0000] {processor.py:208} INFO - Processing /home/airflow/.local/lib/python3.12/site-packages/airflow/example_dags/example_sensor_decorator.py took 0.036 seconds
[2024-10-04T00:09:33.339+0000] {processor.py:186} INFO - Started process (PID=96034) to work on /home/airflow/.local/lib/python3.12/site-packages/airflow/example_dags/example_sensor_decorator.py
[2024-10-04T00:09:33.340+0000] {processor.py:914} INFO - Processing file /home/airflow/.local/lib/python3.12/site-packages/airflow/example_dags/example_sensor_decorator.py for tasks to queue
[2024-10-04T00:09:33.341+0000] {logging_mixin.py:190} INFO - [2024-10-04T00:09:33.341+0000] {dagbag.py:588} INFO - Filling up the DagBag from /home/airflow/.local/lib/python3.12/site-packages/airflow/example_dags/example_sensor_decorator.py
[2024-10-04T00:09:33.346+0000] {processor.py:925} INFO - DAG(s) 'example_sensor_decorator' retrieved from /home/airflow/.local/lib/python3.12/site-packages/airflow/example_dags/example_sensor_decorator.py
[2024-10-04T00:09:33.356+0000] {logging_mixin.py:190} INFO - [2024-10-04T00:09:33.355+0000] {dag.py:3239} INFO - Sync 1 DAGs
[2024-10-04T00:09:33.363+0000] {logging_mixin.py:190} INFO - [2024-10-04T00:09:33.363+0000] {dag.py:4180} INFO - Setting next_dagrun for example_sensor_decorator to None, run_after=None
[2024-10-04T00:09:33.373+0000] {processor.py:208} INFO - Processing /home/airflow/.local/lib/python3.12/site-packages/airflow/example_dags/example_sensor_decorator.py took 0.037 seconds
[2024-10-04T00:10:03.678+0000] {processor.py:186} INFO - Started process (PID=96097) to work on /home/airflow/.local/lib/python3.12/site-packages/airflow/example_dags/example_sensor_decorator.py
[2024-10-04T00:10:03.678+0000] {processor.py:914} INFO - Processing file /home/airflow/.local/lib/python3.12/site-packages/airflow/example_dags/example_sensor_decorator.py for tasks to queue
[2024-10-04T00:10:03.679+0000] {logging_mixin.py:190} INFO - [2024-10-04T00:10:03.679+0000] {dagbag.py:588} INFO - Filling up the DagBag from /home/airflow/.local/lib/python3.12/site-packages/airflow/example_dags/example_sensor_decorator.py
[2024-10-04T00:10:03.683+0000] {processor.py:925} INFO - DAG(s) 'example_sensor_decorator' retrieved from /home/airflow/.local/lib/python3.12/site-packages/airflow/example_dags/example_sensor_decorator.py
[2024-10-04T00:10:03.692+0000] {logging_mixin.py:190} INFO - [2024-10-04T00:10:03.692+0000] {dag.py:3239} INFO - Sync 1 DAGs
[2024-10-04T00:10:03.699+0000] {logging_mixin.py:190} INFO - [2024-10-04T00:10:03.699+0000] {dag.py:4180} INFO - Setting next_dagrun for example_sensor_decorator to None, run_after=None
[2024-10-04T00:10:03.708+0000] {processor.py:208} INFO - Processing /home/airflow/.local/lib/python3.12/site-packages/airflow/example_dags/example_sensor_decorator.py took 0.033 seconds
[2024-10-04T00:10:33.888+0000] {processor.py:186} INFO - Started process (PID=96160) to work on /home/airflow/.local/lib/python3.12/site-packages/airflow/example_dags/example_sensor_decorator.py
[2024-10-04T00:10:33.889+0000] {processor.py:914} INFO - Processing file /home/airflow/.local/lib/python3.12/site-packages/airflow/example_dags/example_sensor_decorator.py for tasks to queue
[2024-10-04T00:10:33.890+0000] {logging_mixin.py:190} INFO - [2024-10-04T00:10:33.889+0000] {dagbag.py:588} INFO - Filling up the DagBag from /home/airflow/.local/lib/python3.12/site-packages/airflow/example_dags/example_sensor_decorator.py
[2024-10-04T00:10:33.894+0000] {processor.py:925} INFO - DAG(s) 'example_sensor_decorator' retrieved from /home/airflow/.local/lib/python3.12/site-packages/airflow/example_dags/example_sensor_decorator.py
[2024-10-04T00:10:33.904+0000] {logging_mixin.py:190} INFO - [2024-10-04T00:10:33.904+0000] {dag.py:3239} INFO - Sync 1 DAGs
[2024-10-04T00:10:33.911+0000] {logging_mixin.py:190} INFO - [2024-10-04T00:10:33.911+0000] {dag.py:4180} INFO - Setting next_dagrun for example_sensor_decorator to None, run_after=None
[2024-10-04T00:10:33.921+0000] {processor.py:208} INFO - Processing /home/airflow/.local/lib/python3.12/site-packages/airflow/example_dags/example_sensor_decorator.py took 0.036 seconds
[2024-10-04T00:11:04.348+0000] {processor.py:186} INFO - Started process (PID=96223) to work on /home/airflow/.local/lib/python3.12/site-packages/airflow/example_dags/example_sensor_decorator.py
[2024-10-04T00:11:04.348+0000] {processor.py:914} INFO - Processing file /home/airflow/.local/lib/python3.12/site-packages/airflow/example_dags/example_sensor_decorator.py for tasks to queue
[2024-10-04T00:11:04.349+0000] {logging_mixin.py:190} INFO - [2024-10-04T00:11:04.349+0000] {dagbag.py:588} INFO - Filling up the DagBag from /home/airflow/.local/lib/python3.12/site-packages/airflow/example_dags/example_sensor_decorator.py
[2024-10-04T00:11:04.354+0000] {processor.py:925} INFO - DAG(s) 'example_sensor_decorator' retrieved from /home/airflow/.local/lib/python3.12/site-packages/airflow/example_dags/example_sensor_decorator.py
[2024-10-04T00:11:04.365+0000] {logging_mixin.py:190} INFO - [2024-10-04T00:11:04.365+0000] {dag.py:3239} INFO - Sync 1 DAGs
[2024-10-04T00:11:04.373+0000] {logging_mixin.py:190} INFO - [2024-10-04T00:11:04.373+0000] {dag.py:4180} INFO - Setting next_dagrun for example_sensor_decorator to None, run_after=None
[2024-10-04T00:11:04.384+0000] {processor.py:208} INFO - Processing /home/airflow/.local/lib/python3.12/site-packages/airflow/example_dags/example_sensor_decorator.py took 0.040 seconds
[2024-10-04T00:11:34.774+0000] {processor.py:186} INFO - Started process (PID=96286) to work on /home/airflow/.local/lib/python3.12/site-packages/airflow/example_dags/example_sensor_decorator.py
[2024-10-04T00:11:34.775+0000] {processor.py:914} INFO - Processing file /home/airflow/.local/lib/python3.12/site-packages/airflow/example_dags/example_sensor_decorator.py for tasks to queue
[2024-10-04T00:11:34.776+0000] {logging_mixin.py:190} INFO - [2024-10-04T00:11:34.776+0000] {dagbag.py:588} INFO - Filling up the DagBag from /home/airflow/.local/lib/python3.12/site-packages/airflow/example_dags/example_sensor_decorator.py
[2024-10-04T00:11:34.780+0000] {processor.py:925} INFO - DAG(s) 'example_sensor_decorator' retrieved from /home/airflow/.local/lib/python3.12/site-packages/airflow/example_dags/example_sensor_decorator.py
[2024-10-04T00:11:34.790+0000] {logging_mixin.py:190} INFO - [2024-10-04T00:11:34.790+0000] {dag.py:3239} INFO - Sync 1 DAGs
[2024-10-04T00:11:34.797+0000] {logging_mixin.py:190} INFO - [2024-10-04T00:11:34.797+0000] {dag.py:4180} INFO - Setting next_dagrun for example_sensor_decorator to None, run_after=None
[2024-10-04T00:11:34.807+0000] {processor.py:208} INFO - Processing /home/airflow/.local/lib/python3.12/site-packages/airflow/example_dags/example_sensor_decorator.py took 0.036 seconds
[2024-10-04T00:12:05.189+0000] {processor.py:186} INFO - Started process (PID=96349) to work on /home/airflow/.local/lib/python3.12/site-packages/airflow/example_dags/example_sensor_decorator.py
[2024-10-04T00:12:05.189+0000] {processor.py:914} INFO - Processing file /home/airflow/.local/lib/python3.12/site-packages/airflow/example_dags/example_sensor_decorator.py for tasks to queue
[2024-10-04T00:12:05.190+0000] {logging_mixin.py:190} INFO - [2024-10-04T00:12:05.190+0000] {dagbag.py:588} INFO - Filling up the DagBag from /home/airflow/.local/lib/python3.12/site-packages/airflow/example_dags/example_sensor_decorator.py
[2024-10-04T00:12:05.195+0000] {processor.py:925} INFO - DAG(s) 'example_sensor_decorator' retrieved from /home/airflow/.local/lib/python3.12/site-packages/airflow/example_dags/example_sensor_decorator.py
[2024-10-04T00:12:05.206+0000] {logging_mixin.py:190} INFO - [2024-10-04T00:12:05.205+0000] {dag.py:3239} INFO - Sync 1 DAGs
[2024-10-04T00:12:05.213+0000] {logging_mixin.py:190} INFO - [2024-10-04T00:12:05.213+0000] {dag.py:4180} INFO - Setting next_dagrun for example_sensor_decorator to None, run_after=None
[2024-10-04T00:12:05.223+0000] {processor.py:208} INFO - Processing /home/airflow/.local/lib/python3.12/site-packages/airflow/example_dags/example_sensor_decorator.py took 0.038 seconds
[2024-10-04T00:12:35.746+0000] {processor.py:186} INFO - Started process (PID=96412) to work on /home/airflow/.local/lib/python3.12/site-packages/airflow/example_dags/example_sensor_decorator.py
[2024-10-04T00:12:35.746+0000] {processor.py:914} INFO - Processing file /home/airflow/.local/lib/python3.12/site-packages/airflow/example_dags/example_sensor_decorator.py for tasks to queue
[2024-10-04T00:12:35.747+0000] {logging_mixin.py:190} INFO - [2024-10-04T00:12:35.747+0000] {dagbag.py:588} INFO - Filling up the DagBag from /home/airflow/.local/lib/python3.12/site-packages/airflow/example_dags/example_sensor_decorator.py
[2024-10-04T00:12:35.751+0000] {processor.py:925} INFO - DAG(s) 'example_sensor_decorator' retrieved from /home/airflow/.local/lib/python3.12/site-packages/airflow/example_dags/example_sensor_decorator.py
[2024-10-04T00:12:35.761+0000] {logging_mixin.py:190} INFO - [2024-10-04T00:12:35.760+0000] {dag.py:3239} INFO - Sync 1 DAGs
[2024-10-04T00:12:35.767+0000] {logging_mixin.py:190} INFO - [2024-10-04T00:12:35.767+0000] {dag.py:4180} INFO - Setting next_dagrun for example_sensor_decorator to None, run_after=None
[2024-10-04T00:12:35.777+0000] {processor.py:208} INFO - Processing /home/airflow/.local/lib/python3.12/site-packages/airflow/example_dags/example_sensor_decorator.py took 0.034 seconds
[2024-10-04T00:13:06.269+0000] {processor.py:186} INFO - Started process (PID=96475) to work on /home/airflow/.local/lib/python3.12/site-packages/airflow/example_dags/example_sensor_decorator.py
[2024-10-04T00:13:06.269+0000] {processor.py:914} INFO - Processing file /home/airflow/.local/lib/python3.12/site-packages/airflow/example_dags/example_sensor_decorator.py for tasks to queue
[2024-10-04T00:13:06.270+0000] {logging_mixin.py:190} INFO - [2024-10-04T00:13:06.270+0000] {dagbag.py:588} INFO - Filling up the DagBag from /home/airflow/.local/lib/python3.12/site-packages/airflow/example_dags/example_sensor_decorator.py
[2024-10-04T00:13:06.275+0000] {processor.py:925} INFO - DAG(s) 'example_sensor_decorator' retrieved from /home/airflow/.local/lib/python3.12/site-packages/airflow/example_dags/example_sensor_decorator.py
[2024-10-04T00:13:06.285+0000] {logging_mixin.py:190} INFO - [2024-10-04T00:13:06.285+0000] {dag.py:3239} INFO - Sync 1 DAGs
[2024-10-04T00:13:06.293+0000] {logging_mixin.py:190} INFO - [2024-10-04T00:13:06.293+0000] {dag.py:4180} INFO - Setting next_dagrun for example_sensor_decorator to None, run_after=None
[2024-10-04T00:13:06.305+0000] {processor.py:208} INFO - Processing /home/airflow/.local/lib/python3.12/site-packages/airflow/example_dags/example_sensor_decorator.py took 0.040 seconds
[2024-10-04T00:13:36.641+0000] {processor.py:186} INFO - Started process (PID=96538) to work on /home/airflow/.local/lib/python3.12/site-packages/airflow/example_dags/example_sensor_decorator.py
[2024-10-04T00:13:36.642+0000] {processor.py:914} INFO - Processing file /home/airflow/.local/lib/python3.12/site-packages/airflow/example_dags/example_sensor_decorator.py for tasks to queue
[2024-10-04T00:13:36.642+0000] {logging_mixin.py:190} INFO - [2024-10-04T00:13:36.642+0000] {dagbag.py:588} INFO - Filling up the DagBag from /home/airflow/.local/lib/python3.12/site-packages/airflow/example_dags/example_sensor_decorator.py
[2024-10-04T00:13:36.647+0000] {processor.py:925} INFO - DAG(s) 'example_sensor_decorator' retrieved from /home/airflow/.local/lib/python3.12/site-packages/airflow/example_dags/example_sensor_decorator.py
[2024-10-04T00:13:36.657+0000] {logging_mixin.py:190} INFO - [2024-10-04T00:13:36.657+0000] {dag.py:3239} INFO - Sync 1 DAGs
[2024-10-04T00:13:36.664+0000] {logging_mixin.py:190} INFO - [2024-10-04T00:13:36.664+0000] {dag.py:4180} INFO - Setting next_dagrun for example_sensor_decorator to None, run_after=None
[2024-10-04T00:13:36.673+0000] {processor.py:208} INFO - Processing /home/airflow/.local/lib/python3.12/site-packages/airflow/example_dags/example_sensor_decorator.py took 0.035 seconds
[2024-10-04T00:14:06.980+0000] {processor.py:186} INFO - Started process (PID=96601) to work on /home/airflow/.local/lib/python3.12/site-packages/airflow/example_dags/example_sensor_decorator.py
[2024-10-04T00:14:06.980+0000] {processor.py:914} INFO - Processing file /home/airflow/.local/lib/python3.12/site-packages/airflow/example_dags/example_sensor_decorator.py for tasks to queue
[2024-10-04T00:14:06.981+0000] {logging_mixin.py:190} INFO - [2024-10-04T00:14:06.981+0000] {dagbag.py:588} INFO - Filling up the DagBag from /home/airflow/.local/lib/python3.12/site-packages/airflow/example_dags/example_sensor_decorator.py
[2024-10-04T00:14:06.986+0000] {processor.py:925} INFO - DAG(s) 'example_sensor_decorator' retrieved from /home/airflow/.local/lib/python3.12/site-packages/airflow/example_dags/example_sensor_decorator.py
[2024-10-04T00:14:06.995+0000] {logging_mixin.py:190} INFO - [2024-10-04T00:14:06.995+0000] {dag.py:3239} INFO - Sync 1 DAGs
[2024-10-04T00:14:07.003+0000] {logging_mixin.py:190} INFO - [2024-10-04T00:14:07.003+0000] {dag.py:4180} INFO - Setting next_dagrun for example_sensor_decorator to None, run_after=None
[2024-10-04T00:14:07.012+0000] {processor.py:208} INFO - Processing /home/airflow/.local/lib/python3.12/site-packages/airflow/example_dags/example_sensor_decorator.py took 0.035 seconds
[2024-10-04T00:14:37.571+0000] {processor.py:186} INFO - Started process (PID=96663) to work on /home/airflow/.local/lib/python3.12/site-packages/airflow/example_dags/example_sensor_decorator.py
[2024-10-04T00:14:37.572+0000] {processor.py:914} INFO - Processing file /home/airflow/.local/lib/python3.12/site-packages/airflow/example_dags/example_sensor_decorator.py for tasks to queue
[2024-10-04T00:14:37.573+0000] {logging_mixin.py:190} INFO - [2024-10-04T00:14:37.573+0000] {dagbag.py:588} INFO - Filling up the DagBag from /home/airflow/.local/lib/python3.12/site-packages/airflow/example_dags/example_sensor_decorator.py
[2024-10-04T00:14:37.578+0000] {processor.py:925} INFO - DAG(s) 'example_sensor_decorator' retrieved from /home/airflow/.local/lib/python3.12/site-packages/airflow/example_dags/example_sensor_decorator.py
[2024-10-04T00:14:37.587+0000] {logging_mixin.py:190} INFO - [2024-10-04T00:14:37.587+0000] {dag.py:3239} INFO - Sync 1 DAGs
[2024-10-04T00:14:37.595+0000] {logging_mixin.py:190} INFO - [2024-10-04T00:14:37.594+0000] {dag.py:4180} INFO - Setting next_dagrun for example_sensor_decorator to None, run_after=None
[2024-10-04T00:14:37.605+0000] {processor.py:208} INFO - Processing /home/airflow/.local/lib/python3.12/site-packages/airflow/example_dags/example_sensor_decorator.py took 0.037 seconds
[2024-10-04T00:15:08.092+0000] {processor.py:186} INFO - Started process (PID=96726) to work on /home/airflow/.local/lib/python3.12/site-packages/airflow/example_dags/example_sensor_decorator.py
[2024-10-04T00:15:08.093+0000] {processor.py:914} INFO - Processing file /home/airflow/.local/lib/python3.12/site-packages/airflow/example_dags/example_sensor_decorator.py for tasks to queue
[2024-10-04T00:15:08.093+0000] {logging_mixin.py:190} INFO - [2024-10-04T00:15:08.093+0000] {dagbag.py:588} INFO - Filling up the DagBag from /home/airflow/.local/lib/python3.12/site-packages/airflow/example_dags/example_sensor_decorator.py
[2024-10-04T00:15:08.098+0000] {processor.py:925} INFO - DAG(s) 'example_sensor_decorator' retrieved from /home/airflow/.local/lib/python3.12/site-packages/airflow/example_dags/example_sensor_decorator.py
[2024-10-04T00:15:08.107+0000] {logging_mixin.py:190} INFO - [2024-10-04T00:15:08.107+0000] {dag.py:3239} INFO - Sync 1 DAGs
[2024-10-04T00:15:08.114+0000] {logging_mixin.py:190} INFO - [2024-10-04T00:15:08.114+0000] {dag.py:4180} INFO - Setting next_dagrun for example_sensor_decorator to None, run_after=None
[2024-10-04T00:15:08.124+0000] {processor.py:208} INFO - Processing /home/airflow/.local/lib/python3.12/site-packages/airflow/example_dags/example_sensor_decorator.py took 0.035 seconds
[2024-10-04T00:15:38.593+0000] {processor.py:186} INFO - Started process (PID=96789) to work on /home/airflow/.local/lib/python3.12/site-packages/airflow/example_dags/example_sensor_decorator.py
[2024-10-04T00:15:38.594+0000] {processor.py:914} INFO - Processing file /home/airflow/.local/lib/python3.12/site-packages/airflow/example_dags/example_sensor_decorator.py for tasks to queue
[2024-10-04T00:15:38.594+0000] {logging_mixin.py:190} INFO - [2024-10-04T00:15:38.594+0000] {dagbag.py:588} INFO - Filling up the DagBag from /home/airflow/.local/lib/python3.12/site-packages/airflow/example_dags/example_sensor_decorator.py
[2024-10-04T00:15:38.599+0000] {processor.py:925} INFO - DAG(s) 'example_sensor_decorator' retrieved from /home/airflow/.local/lib/python3.12/site-packages/airflow/example_dags/example_sensor_decorator.py
[2024-10-04T00:15:38.610+0000] {logging_mixin.py:190} INFO - [2024-10-04T00:15:38.610+0000] {dag.py:3239} INFO - Sync 1 DAGs
[2024-10-04T00:15:38.618+0000] {logging_mixin.py:190} INFO - [2024-10-04T00:15:38.618+0000] {dag.py:4180} INFO - Setting next_dagrun for example_sensor_decorator to None, run_after=None
[2024-10-04T00:15:38.629+0000] {processor.py:208} INFO - Processing /home/airflow/.local/lib/python3.12/site-packages/airflow/example_dags/example_sensor_decorator.py took 0.039 seconds
[2024-10-04T00:16:09.128+0000] {processor.py:186} INFO - Started process (PID=96852) to work on /home/airflow/.local/lib/python3.12/site-packages/airflow/example_dags/example_sensor_decorator.py
[2024-10-04T00:16:09.128+0000] {processor.py:914} INFO - Processing file /home/airflow/.local/lib/python3.12/site-packages/airflow/example_dags/example_sensor_decorator.py for tasks to queue
[2024-10-04T00:16:09.129+0000] {logging_mixin.py:190} INFO - [2024-10-04T00:16:09.129+0000] {dagbag.py:588} INFO - Filling up the DagBag from /home/airflow/.local/lib/python3.12/site-packages/airflow/example_dags/example_sensor_decorator.py
[2024-10-04T00:16:09.134+0000] {processor.py:925} INFO - DAG(s) 'example_sensor_decorator' retrieved from /home/airflow/.local/lib/python3.12/site-packages/airflow/example_dags/example_sensor_decorator.py
[2024-10-04T00:16:09.143+0000] {logging_mixin.py:190} INFO - [2024-10-04T00:16:09.143+0000] {dag.py:3239} INFO - Sync 1 DAGs
[2024-10-04T00:16:09.152+0000] {logging_mixin.py:190} INFO - [2024-10-04T00:16:09.151+0000] {dag.py:4180} INFO - Setting next_dagrun for example_sensor_decorator to None, run_after=None
[2024-10-04T00:16:09.162+0000] {processor.py:208} INFO - Processing /home/airflow/.local/lib/python3.12/site-packages/airflow/example_dags/example_sensor_decorator.py took 0.037 seconds
[2024-10-04T00:16:39.749+0000] {processor.py:186} INFO - Started process (PID=96915) to work on /home/airflow/.local/lib/python3.12/site-packages/airflow/example_dags/example_sensor_decorator.py
[2024-10-04T00:16:39.750+0000] {processor.py:914} INFO - Processing file /home/airflow/.local/lib/python3.12/site-packages/airflow/example_dags/example_sensor_decorator.py for tasks to queue
[2024-10-04T00:16:39.750+0000] {logging_mixin.py:190} INFO - [2024-10-04T00:16:39.750+0000] {dagbag.py:588} INFO - Filling up the DagBag from /home/airflow/.local/lib/python3.12/site-packages/airflow/example_dags/example_sensor_decorator.py
[2024-10-04T00:16:39.755+0000] {processor.py:925} INFO - DAG(s) 'example_sensor_decorator' retrieved from /home/airflow/.local/lib/python3.12/site-packages/airflow/example_dags/example_sensor_decorator.py
[2024-10-04T00:16:39.765+0000] {logging_mixin.py:190} INFO - [2024-10-04T00:16:39.765+0000] {dag.py:3239} INFO - Sync 1 DAGs
[2024-10-04T00:16:39.773+0000] {logging_mixin.py:190} INFO - [2024-10-04T00:16:39.773+0000] {dag.py:4180} INFO - Setting next_dagrun for example_sensor_decorator to None, run_after=None
[2024-10-04T00:16:39.783+0000] {processor.py:208} INFO - Processing /home/airflow/.local/lib/python3.12/site-packages/airflow/example_dags/example_sensor_decorator.py took 0.037 seconds
[2024-10-04T00:17:10.445+0000] {processor.py:186} INFO - Started process (PID=96978) to work on /home/airflow/.local/lib/python3.12/site-packages/airflow/example_dags/example_sensor_decorator.py
[2024-10-04T00:17:10.446+0000] {processor.py:914} INFO - Processing file /home/airflow/.local/lib/python3.12/site-packages/airflow/example_dags/example_sensor_decorator.py for tasks to queue
[2024-10-04T00:17:10.447+0000] {logging_mixin.py:190} INFO - [2024-10-04T00:17:10.446+0000] {dagbag.py:588} INFO - Filling up the DagBag from /home/airflow/.local/lib/python3.12/site-packages/airflow/example_dags/example_sensor_decorator.py
[2024-10-04T00:17:10.451+0000] {processor.py:925} INFO - DAG(s) 'example_sensor_decorator' retrieved from /home/airflow/.local/lib/python3.12/site-packages/airflow/example_dags/example_sensor_decorator.py
[2024-10-04T00:17:10.461+0000] {logging_mixin.py:190} INFO - [2024-10-04T00:17:10.461+0000] {dag.py:3239} INFO - Sync 1 DAGs
[2024-10-04T00:17:10.468+0000] {logging_mixin.py:190} INFO - [2024-10-04T00:17:10.468+0000] {dag.py:4180} INFO - Setting next_dagrun for example_sensor_decorator to None, run_after=None
[2024-10-04T00:17:10.477+0000] {processor.py:208} INFO - Processing /home/airflow/.local/lib/python3.12/site-packages/airflow/example_dags/example_sensor_decorator.py took 0.035 seconds
[2024-10-04T00:17:41.040+0000] {processor.py:186} INFO - Started process (PID=97041) to work on /home/airflow/.local/lib/python3.12/site-packages/airflow/example_dags/example_sensor_decorator.py
[2024-10-04T00:17:41.040+0000] {processor.py:914} INFO - Processing file /home/airflow/.local/lib/python3.12/site-packages/airflow/example_dags/example_sensor_decorator.py for tasks to queue
[2024-10-04T00:17:41.041+0000] {logging_mixin.py:190} INFO - [2024-10-04T00:17:41.041+0000] {dagbag.py:588} INFO - Filling up the DagBag from /home/airflow/.local/lib/python3.12/site-packages/airflow/example_dags/example_sensor_decorator.py
[2024-10-04T00:17:41.045+0000] {processor.py:925} INFO - DAG(s) 'example_sensor_decorator' retrieved from /home/airflow/.local/lib/python3.12/site-packages/airflow/example_dags/example_sensor_decorator.py
[2024-10-04T00:17:41.054+0000] {logging_mixin.py:190} INFO - [2024-10-04T00:17:41.054+0000] {dag.py:3239} INFO - Sync 1 DAGs
[2024-10-04T00:17:41.061+0000] {logging_mixin.py:190} INFO - [2024-10-04T00:17:41.061+0000] {dag.py:4180} INFO - Setting next_dagrun for example_sensor_decorator to None, run_after=None
[2024-10-04T00:17:41.070+0000] {processor.py:208} INFO - Processing /home/airflow/.local/lib/python3.12/site-packages/airflow/example_dags/example_sensor_decorator.py took 0.034 seconds
[2024-10-04T00:18:11.448+0000] {processor.py:186} INFO - Started process (PID=97104) to work on /home/airflow/.local/lib/python3.12/site-packages/airflow/example_dags/example_sensor_decorator.py
[2024-10-04T00:18:11.449+0000] {processor.py:914} INFO - Processing file /home/airflow/.local/lib/python3.12/site-packages/airflow/example_dags/example_sensor_decorator.py for tasks to queue
[2024-10-04T00:18:11.449+0000] {logging_mixin.py:190} INFO - [2024-10-04T00:18:11.449+0000] {dagbag.py:588} INFO - Filling up the DagBag from /home/airflow/.local/lib/python3.12/site-packages/airflow/example_dags/example_sensor_decorator.py
[2024-10-04T00:18:11.454+0000] {processor.py:925} INFO - DAG(s) 'example_sensor_decorator' retrieved from /home/airflow/.local/lib/python3.12/site-packages/airflow/example_dags/example_sensor_decorator.py
[2024-10-04T00:18:11.463+0000] {logging_mixin.py:190} INFO - [2024-10-04T00:18:11.463+0000] {dag.py:3239} INFO - Sync 1 DAGs
[2024-10-04T00:18:11.471+0000] {logging_mixin.py:190} INFO - [2024-10-04T00:18:11.470+0000] {dag.py:4180} INFO - Setting next_dagrun for example_sensor_decorator to None, run_after=None
[2024-10-04T00:18:11.480+0000] {processor.py:208} INFO - Processing /home/airflow/.local/lib/python3.12/site-packages/airflow/example_dags/example_sensor_decorator.py took 0.035 seconds
[2024-10-04T00:18:41.979+0000] {processor.py:186} INFO - Started process (PID=97167) to work on /home/airflow/.local/lib/python3.12/site-packages/airflow/example_dags/example_sensor_decorator.py
[2024-10-04T00:18:41.979+0000] {processor.py:914} INFO - Processing file /home/airflow/.local/lib/python3.12/site-packages/airflow/example_dags/example_sensor_decorator.py for tasks to queue
[2024-10-04T00:18:41.980+0000] {logging_mixin.py:190} INFO - [2024-10-04T00:18:41.980+0000] {dagbag.py:588} INFO - Filling up the DagBag from /home/airflow/.local/lib/python3.12/site-packages/airflow/example_dags/example_sensor_decorator.py
[2024-10-04T00:18:41.984+0000] {processor.py:925} INFO - DAG(s) 'example_sensor_decorator' retrieved from /home/airflow/.local/lib/python3.12/site-packages/airflow/example_dags/example_sensor_decorator.py
[2024-10-04T00:18:41.994+0000] {logging_mixin.py:190} INFO - [2024-10-04T00:18:41.994+0000] {dag.py:3239} INFO - Sync 1 DAGs
[2024-10-04T00:18:42.002+0000] {logging_mixin.py:190} INFO - [2024-10-04T00:18:42.002+0000] {dag.py:4180} INFO - Setting next_dagrun for example_sensor_decorator to None, run_after=None
[2024-10-04T00:18:42.014+0000] {processor.py:208} INFO - Processing /home/airflow/.local/lib/python3.12/site-packages/airflow/example_dags/example_sensor_decorator.py took 0.038 seconds
[2024-10-04T00:19:12.720+0000] {processor.py:186} INFO - Started process (PID=97230) to work on /home/airflow/.local/lib/python3.12/site-packages/airflow/example_dags/example_sensor_decorator.py
[2024-10-04T00:19:12.720+0000] {processor.py:914} INFO - Processing file /home/airflow/.local/lib/python3.12/site-packages/airflow/example_dags/example_sensor_decorator.py for tasks to queue
[2024-10-04T00:19:12.721+0000] {logging_mixin.py:190} INFO - [2024-10-04T00:19:12.721+0000] {dagbag.py:588} INFO - Filling up the DagBag from /home/airflow/.local/lib/python3.12/site-packages/airflow/example_dags/example_sensor_decorator.py
[2024-10-04T00:19:12.726+0000] {processor.py:925} INFO - DAG(s) 'example_sensor_decorator' retrieved from /home/airflow/.local/lib/python3.12/site-packages/airflow/example_dags/example_sensor_decorator.py
[2024-10-04T00:19:12.735+0000] {logging_mixin.py:190} INFO - [2024-10-04T00:19:12.735+0000] {dag.py:3239} INFO - Sync 1 DAGs
[2024-10-04T00:19:12.743+0000] {logging_mixin.py:190} INFO - [2024-10-04T00:19:12.743+0000] {dag.py:4180} INFO - Setting next_dagrun for example_sensor_decorator to None, run_after=None
[2024-10-04T00:19:12.753+0000] {processor.py:208} INFO - Processing /home/airflow/.local/lib/python3.12/site-packages/airflow/example_dags/example_sensor_decorator.py took 0.036 seconds
[2024-10-04T00:19:43.223+0000] {processor.py:186} INFO - Started process (PID=97293) to work on /home/airflow/.local/lib/python3.12/site-packages/airflow/example_dags/example_sensor_decorator.py
[2024-10-04T00:19:43.223+0000] {processor.py:914} INFO - Processing file /home/airflow/.local/lib/python3.12/site-packages/airflow/example_dags/example_sensor_decorator.py for tasks to queue
[2024-10-04T00:19:43.224+0000] {logging_mixin.py:190} INFO - [2024-10-04T00:19:43.224+0000] {dagbag.py:588} INFO - Filling up the DagBag from /home/airflow/.local/lib/python3.12/site-packages/airflow/example_dags/example_sensor_decorator.py
[2024-10-04T00:19:43.228+0000] {processor.py:925} INFO - DAG(s) 'example_sensor_decorator' retrieved from /home/airflow/.local/lib/python3.12/site-packages/airflow/example_dags/example_sensor_decorator.py
[2024-10-04T00:19:43.238+0000] {logging_mixin.py:190} INFO - [2024-10-04T00:19:43.237+0000] {dag.py:3239} INFO - Sync 1 DAGs
[2024-10-04T00:19:43.245+0000] {logging_mixin.py:190} INFO - [2024-10-04T00:19:43.245+0000] {dag.py:4180} INFO - Setting next_dagrun for example_sensor_decorator to None, run_after=None
[2024-10-04T00:19:43.256+0000] {processor.py:208} INFO - Processing /home/airflow/.local/lib/python3.12/site-packages/airflow/example_dags/example_sensor_decorator.py took 0.036 seconds
[2024-10-04T00:20:13.833+0000] {processor.py:186} INFO - Started process (PID=97356) to work on /home/airflow/.local/lib/python3.12/site-packages/airflow/example_dags/example_sensor_decorator.py
[2024-10-04T00:20:13.833+0000] {processor.py:914} INFO - Processing file /home/airflow/.local/lib/python3.12/site-packages/airflow/example_dags/example_sensor_decorator.py for tasks to queue
[2024-10-04T00:20:13.834+0000] {logging_mixin.py:190} INFO - [2024-10-04T00:20:13.834+0000] {dagbag.py:588} INFO - Filling up the DagBag from /home/airflow/.local/lib/python3.12/site-packages/airflow/example_dags/example_sensor_decorator.py
[2024-10-04T00:20:13.838+0000] {processor.py:925} INFO - DAG(s) 'example_sensor_decorator' retrieved from /home/airflow/.local/lib/python3.12/site-packages/airflow/example_dags/example_sensor_decorator.py
[2024-10-04T00:20:13.847+0000] {logging_mixin.py:190} INFO - [2024-10-04T00:20:13.847+0000] {dag.py:3239} INFO - Sync 1 DAGs
[2024-10-04T00:20:13.855+0000] {logging_mixin.py:190} INFO - [2024-10-04T00:20:13.854+0000] {dag.py:4180} INFO - Setting next_dagrun for example_sensor_decorator to None, run_after=None
[2024-10-04T00:20:13.864+0000] {processor.py:208} INFO - Processing /home/airflow/.local/lib/python3.12/site-packages/airflow/example_dags/example_sensor_decorator.py took 0.034 seconds
[2024-10-04T00:20:44.365+0000] {processor.py:186} INFO - Started process (PID=97419) to work on /home/airflow/.local/lib/python3.12/site-packages/airflow/example_dags/example_sensor_decorator.py
[2024-10-04T00:20:44.366+0000] {processor.py:914} INFO - Processing file /home/airflow/.local/lib/python3.12/site-packages/airflow/example_dags/example_sensor_decorator.py for tasks to queue
[2024-10-04T00:20:44.366+0000] {logging_mixin.py:190} INFO - [2024-10-04T00:20:44.366+0000] {dagbag.py:588} INFO - Filling up the DagBag from /home/airflow/.local/lib/python3.12/site-packages/airflow/example_dags/example_sensor_decorator.py
[2024-10-04T00:20:44.371+0000] {processor.py:925} INFO - DAG(s) 'example_sensor_decorator' retrieved from /home/airflow/.local/lib/python3.12/site-packages/airflow/example_dags/example_sensor_decorator.py
[2024-10-04T00:20:44.382+0000] {logging_mixin.py:190} INFO - [2024-10-04T00:20:44.381+0000] {dag.py:3239} INFO - Sync 1 DAGs
[2024-10-04T00:20:44.388+0000] {logging_mixin.py:190} INFO - [2024-10-04T00:20:44.388+0000] {dag.py:4180} INFO - Setting next_dagrun for example_sensor_decorator to None, run_after=None
[2024-10-04T00:20:44.397+0000] {processor.py:208} INFO - Processing /home/airflow/.local/lib/python3.12/site-packages/airflow/example_dags/example_sensor_decorator.py took 0.036 seconds
[2024-10-04T00:21:15.043+0000] {processor.py:186} INFO - Started process (PID=97482) to work on /home/airflow/.local/lib/python3.12/site-packages/airflow/example_dags/example_sensor_decorator.py
[2024-10-04T00:21:15.043+0000] {processor.py:914} INFO - Processing file /home/airflow/.local/lib/python3.12/site-packages/airflow/example_dags/example_sensor_decorator.py for tasks to queue
[2024-10-04T00:21:15.044+0000] {logging_mixin.py:190} INFO - [2024-10-04T00:21:15.044+0000] {dagbag.py:588} INFO - Filling up the DagBag from /home/airflow/.local/lib/python3.12/site-packages/airflow/example_dags/example_sensor_decorator.py
[2024-10-04T00:21:15.049+0000] {processor.py:925} INFO - DAG(s) 'example_sensor_decorator' retrieved from /home/airflow/.local/lib/python3.12/site-packages/airflow/example_dags/example_sensor_decorator.py
[2024-10-04T00:21:15.058+0000] {logging_mixin.py:190} INFO - [2024-10-04T00:21:15.058+0000] {dag.py:3239} INFO - Sync 1 DAGs
[2024-10-04T00:21:15.065+0000] {logging_mixin.py:190} INFO - [2024-10-04T00:21:15.065+0000] {dag.py:4180} INFO - Setting next_dagrun for example_sensor_decorator to None, run_after=None
[2024-10-04T00:21:15.075+0000] {processor.py:208} INFO - Processing /home/airflow/.local/lib/python3.12/site-packages/airflow/example_dags/example_sensor_decorator.py took 0.036 seconds
[2024-10-04T00:21:45.990+0000] {processor.py:186} INFO - Started process (PID=97545) to work on /home/airflow/.local/lib/python3.12/site-packages/airflow/example_dags/example_sensor_decorator.py
[2024-10-04T00:21:45.991+0000] {processor.py:914} INFO - Processing file /home/airflow/.local/lib/python3.12/site-packages/airflow/example_dags/example_sensor_decorator.py for tasks to queue
[2024-10-04T00:21:45.992+0000] {logging_mixin.py:190} INFO - [2024-10-04T00:21:45.992+0000] {dagbag.py:588} INFO - Filling up the DagBag from /home/airflow/.local/lib/python3.12/site-packages/airflow/example_dags/example_sensor_decorator.py
[2024-10-04T00:21:45.996+0000] {processor.py:925} INFO - DAG(s) 'example_sensor_decorator' retrieved from /home/airflow/.local/lib/python3.12/site-packages/airflow/example_dags/example_sensor_decorator.py
[2024-10-04T00:21:46.005+0000] {logging_mixin.py:190} INFO - [2024-10-04T00:21:46.005+0000] {dag.py:3239} INFO - Sync 1 DAGs
[2024-10-04T00:21:46.013+0000] {logging_mixin.py:190} INFO - [2024-10-04T00:21:46.012+0000] {dag.py:4180} INFO - Setting next_dagrun for example_sensor_decorator to None, run_after=None
[2024-10-04T00:21:46.021+0000] {processor.py:208} INFO - Processing /home/airflow/.local/lib/python3.12/site-packages/airflow/example_dags/example_sensor_decorator.py took 0.034 seconds
