[2024-10-04T00:00:29.012+0000] {processor.py:186} INFO - Started process (PID=94909) to work on /home/airflow/.local/lib/python3.12/site-packages/airflow/example_dags/example_task_group.py
[2024-10-04T00:00:29.012+0000] {processor.py:914} INFO - Processing file /home/airflow/.local/lib/python3.12/site-packages/airflow/example_dags/example_task_group.py for tasks to queue
[2024-10-04T00:00:29.012+0000] {logging_mixin.py:190} INFO - [2024-10-04T00:00:29.012+0000] {dagbag.py:588} INFO - Filling up the DagBag from /home/airflow/.local/lib/python3.12/site-packages/airflow/example_dags/example_task_group.py
[2024-10-04T00:00:29.016+0000] {processor.py:925} INFO - DAG(s) 'example_task_group' retrieved from /home/airflow/.local/lib/python3.12/site-packages/airflow/example_dags/example_task_group.py
[2024-10-04T00:00:29.025+0000] {logging_mixin.py:190} INFO - [2024-10-04T00:00:29.025+0000] {dag.py:3239} INFO - Sync 1 DAGs
[2024-10-04T00:00:29.032+0000] {logging_mixin.py:190} INFO - [2024-10-04T00:00:29.032+0000] {dag.py:4180} INFO - Setting next_dagrun for example_task_group to None, run_after=None
[2024-10-04T00:00:29.040+0000] {processor.py:208} INFO - Processing /home/airflow/.local/lib/python3.12/site-packages/airflow/example_dags/example_task_group.py took 0.031 seconds
[2024-10-04T00:00:59.207+0000] {processor.py:186} INFO - Started process (PID=94972) to work on /home/airflow/.local/lib/python3.12/site-packages/airflow/example_dags/example_task_group.py
[2024-10-04T00:00:59.207+0000] {processor.py:914} INFO - Processing file /home/airflow/.local/lib/python3.12/site-packages/airflow/example_dags/example_task_group.py for tasks to queue
[2024-10-04T00:00:59.208+0000] {logging_mixin.py:190} INFO - [2024-10-04T00:00:59.208+0000] {dagbag.py:588} INFO - Filling up the DagBag from /home/airflow/.local/lib/python3.12/site-packages/airflow/example_dags/example_task_group.py
[2024-10-04T00:00:59.212+0000] {processor.py:925} INFO - DAG(s) 'example_task_group' retrieved from /home/airflow/.local/lib/python3.12/site-packages/airflow/example_dags/example_task_group.py
[2024-10-04T00:00:59.222+0000] {logging_mixin.py:190} INFO - [2024-10-04T00:00:59.222+0000] {dag.py:3239} INFO - Sync 1 DAGs
[2024-10-04T00:00:59.229+0000] {logging_mixin.py:190} INFO - [2024-10-04T00:00:59.229+0000] {dag.py:4180} INFO - Setting next_dagrun for example_task_group to None, run_after=None
[2024-10-04T00:00:59.238+0000] {processor.py:208} INFO - Processing /home/airflow/.local/lib/python3.12/site-packages/airflow/example_dags/example_task_group.py took 0.035 seconds
[2024-10-04T00:01:29.298+0000] {processor.py:186} INFO - Started process (PID=95035) to work on /home/airflow/.local/lib/python3.12/site-packages/airflow/example_dags/example_task_group.py
[2024-10-04T00:01:29.299+0000] {processor.py:914} INFO - Processing file /home/airflow/.local/lib/python3.12/site-packages/airflow/example_dags/example_task_group.py for tasks to queue
[2024-10-04T00:01:29.299+0000] {logging_mixin.py:190} INFO - [2024-10-04T00:01:29.299+0000] {dagbag.py:588} INFO - Filling up the DagBag from /home/airflow/.local/lib/python3.12/site-packages/airflow/example_dags/example_task_group.py
[2024-10-04T00:01:29.303+0000] {processor.py:925} INFO - DAG(s) 'example_task_group' retrieved from /home/airflow/.local/lib/python3.12/site-packages/airflow/example_dags/example_task_group.py
[2024-10-04T00:01:29.312+0000] {logging_mixin.py:190} INFO - [2024-10-04T00:01:29.312+0000] {dag.py:3239} INFO - Sync 1 DAGs
[2024-10-04T00:01:29.319+0000] {logging_mixin.py:190} INFO - [2024-10-04T00:01:29.319+0000] {dag.py:4180} INFO - Setting next_dagrun for example_task_group to None, run_after=None
[2024-10-04T00:01:29.328+0000] {processor.py:208} INFO - Processing /home/airflow/.local/lib/python3.12/site-packages/airflow/example_dags/example_task_group.py took 0.032 seconds
[2024-10-04T00:01:59.714+0000] {processor.py:186} INFO - Started process (PID=95098) to work on /home/airflow/.local/lib/python3.12/site-packages/airflow/example_dags/example_task_group.py
[2024-10-04T00:01:59.715+0000] {processor.py:914} INFO - Processing file /home/airflow/.local/lib/python3.12/site-packages/airflow/example_dags/example_task_group.py for tasks to queue
[2024-10-04T00:01:59.716+0000] {logging_mixin.py:190} INFO - [2024-10-04T00:01:59.715+0000] {dagbag.py:588} INFO - Filling up the DagBag from /home/airflow/.local/lib/python3.12/site-packages/airflow/example_dags/example_task_group.py
[2024-10-04T00:01:59.721+0000] {processor.py:925} INFO - DAG(s) 'example_task_group' retrieved from /home/airflow/.local/lib/python3.12/site-packages/airflow/example_dags/example_task_group.py
[2024-10-04T00:01:59.733+0000] {logging_mixin.py:190} INFO - [2024-10-04T00:01:59.733+0000] {dag.py:3239} INFO - Sync 1 DAGs
[2024-10-04T00:01:59.740+0000] {logging_mixin.py:190} INFO - [2024-10-04T00:01:59.740+0000] {dag.py:4180} INFO - Setting next_dagrun for example_task_group to None, run_after=None
[2024-10-04T00:01:59.751+0000] {processor.py:208} INFO - Processing /home/airflow/.local/lib/python3.12/site-packages/airflow/example_dags/example_task_group.py took 0.040 seconds
[2024-10-04T00:02:29.902+0000] {processor.py:186} INFO - Started process (PID=95161) to work on /home/airflow/.local/lib/python3.12/site-packages/airflow/example_dags/example_task_group.py
[2024-10-04T00:02:29.904+0000] {processor.py:914} INFO - Processing file /home/airflow/.local/lib/python3.12/site-packages/airflow/example_dags/example_task_group.py for tasks to queue
[2024-10-04T00:02:29.904+0000] {logging_mixin.py:190} INFO - [2024-10-04T00:02:29.904+0000] {dagbag.py:588} INFO - Filling up the DagBag from /home/airflow/.local/lib/python3.12/site-packages/airflow/example_dags/example_task_group.py
[2024-10-04T00:02:29.910+0000] {processor.py:925} INFO - DAG(s) 'example_task_group' retrieved from /home/airflow/.local/lib/python3.12/site-packages/airflow/example_dags/example_task_group.py
[2024-10-04T00:02:29.921+0000] {logging_mixin.py:190} INFO - [2024-10-04T00:02:29.921+0000] {dag.py:3239} INFO - Sync 1 DAGs
[2024-10-04T00:02:29.928+0000] {logging_mixin.py:190} INFO - [2024-10-04T00:02:29.928+0000] {dag.py:4180} INFO - Setting next_dagrun for example_task_group to None, run_after=None
[2024-10-04T00:02:29.938+0000] {processor.py:208} INFO - Processing /home/airflow/.local/lib/python3.12/site-packages/airflow/example_dags/example_task_group.py took 0.039 seconds
[2024-10-04T00:03:00.138+0000] {processor.py:186} INFO - Started process (PID=95224) to work on /home/airflow/.local/lib/python3.12/site-packages/airflow/example_dags/example_task_group.py
[2024-10-04T00:03:00.138+0000] {processor.py:914} INFO - Processing file /home/airflow/.local/lib/python3.12/site-packages/airflow/example_dags/example_task_group.py for tasks to queue
[2024-10-04T00:03:00.139+0000] {logging_mixin.py:190} INFO - [2024-10-04T00:03:00.139+0000] {dagbag.py:588} INFO - Filling up the DagBag from /home/airflow/.local/lib/python3.12/site-packages/airflow/example_dags/example_task_group.py
[2024-10-04T00:03:00.144+0000] {processor.py:925} INFO - DAG(s) 'example_task_group' retrieved from /home/airflow/.local/lib/python3.12/site-packages/airflow/example_dags/example_task_group.py
[2024-10-04T00:03:00.155+0000] {logging_mixin.py:190} INFO - [2024-10-04T00:03:00.155+0000] {dag.py:3239} INFO - Sync 1 DAGs
[2024-10-04T00:03:00.161+0000] {logging_mixin.py:190} INFO - [2024-10-04T00:03:00.161+0000] {dag.py:4180} INFO - Setting next_dagrun for example_task_group to None, run_after=None
[2024-10-04T00:03:00.176+0000] {processor.py:208} INFO - Processing /home/airflow/.local/lib/python3.12/site-packages/airflow/example_dags/example_task_group.py took 0.042 seconds
[2024-10-04T00:03:30.241+0000] {processor.py:186} INFO - Started process (PID=95287) to work on /home/airflow/.local/lib/python3.12/site-packages/airflow/example_dags/example_task_group.py
[2024-10-04T00:03:30.242+0000] {processor.py:914} INFO - Processing file /home/airflow/.local/lib/python3.12/site-packages/airflow/example_dags/example_task_group.py for tasks to queue
[2024-10-04T00:03:30.242+0000] {logging_mixin.py:190} INFO - [2024-10-04T00:03:30.242+0000] {dagbag.py:588} INFO - Filling up the DagBag from /home/airflow/.local/lib/python3.12/site-packages/airflow/example_dags/example_task_group.py
[2024-10-04T00:03:30.248+0000] {processor.py:925} INFO - DAG(s) 'example_task_group' retrieved from /home/airflow/.local/lib/python3.12/site-packages/airflow/example_dags/example_task_group.py
[2024-10-04T00:03:30.258+0000] {logging_mixin.py:190} INFO - [2024-10-04T00:03:30.258+0000] {dag.py:3239} INFO - Sync 1 DAGs
[2024-10-04T00:03:30.265+0000] {logging_mixin.py:190} INFO - [2024-10-04T00:03:30.265+0000] {dag.py:4180} INFO - Setting next_dagrun for example_task_group to None, run_after=None
[2024-10-04T00:03:30.274+0000] {processor.py:208} INFO - Processing /home/airflow/.local/lib/python3.12/site-packages/airflow/example_dags/example_task_group.py took 0.036 seconds
[2024-10-04T00:04:00.443+0000] {processor.py:186} INFO - Started process (PID=95350) to work on /home/airflow/.local/lib/python3.12/site-packages/airflow/example_dags/example_task_group.py
[2024-10-04T00:04:00.444+0000] {processor.py:914} INFO - Processing file /home/airflow/.local/lib/python3.12/site-packages/airflow/example_dags/example_task_group.py for tasks to queue
[2024-10-04T00:04:00.445+0000] {logging_mixin.py:190} INFO - [2024-10-04T00:04:00.445+0000] {dagbag.py:588} INFO - Filling up the DagBag from /home/airflow/.local/lib/python3.12/site-packages/airflow/example_dags/example_task_group.py
[2024-10-04T00:04:00.450+0000] {processor.py:925} INFO - DAG(s) 'example_task_group' retrieved from /home/airflow/.local/lib/python3.12/site-packages/airflow/example_dags/example_task_group.py
[2024-10-04T00:04:00.461+0000] {logging_mixin.py:190} INFO - [2024-10-04T00:04:00.461+0000] {dag.py:3239} INFO - Sync 1 DAGs
[2024-10-04T00:04:00.469+0000] {logging_mixin.py:190} INFO - [2024-10-04T00:04:00.469+0000] {dag.py:4180} INFO - Setting next_dagrun for example_task_group to None, run_after=None
[2024-10-04T00:04:00.480+0000] {processor.py:208} INFO - Processing /home/airflow/.local/lib/python3.12/site-packages/airflow/example_dags/example_task_group.py took 0.040 seconds
[2024-10-04T00:04:30.787+0000] {processor.py:186} INFO - Started process (PID=95413) to work on /home/airflow/.local/lib/python3.12/site-packages/airflow/example_dags/example_task_group.py
[2024-10-04T00:04:30.787+0000] {processor.py:914} INFO - Processing file /home/airflow/.local/lib/python3.12/site-packages/airflow/example_dags/example_task_group.py for tasks to queue
[2024-10-04T00:04:30.788+0000] {logging_mixin.py:190} INFO - [2024-10-04T00:04:30.788+0000] {dagbag.py:588} INFO - Filling up the DagBag from /home/airflow/.local/lib/python3.12/site-packages/airflow/example_dags/example_task_group.py
[2024-10-04T00:04:30.792+0000] {processor.py:925} INFO - DAG(s) 'example_task_group' retrieved from /home/airflow/.local/lib/python3.12/site-packages/airflow/example_dags/example_task_group.py
[2024-10-04T00:04:30.802+0000] {logging_mixin.py:190} INFO - [2024-10-04T00:04:30.802+0000] {dag.py:3239} INFO - Sync 1 DAGs
[2024-10-04T00:04:30.810+0000] {logging_mixin.py:190} INFO - [2024-10-04T00:04:30.810+0000] {dag.py:4180} INFO - Setting next_dagrun for example_task_group to None, run_after=None
[2024-10-04T00:04:30.819+0000] {processor.py:208} INFO - Processing /home/airflow/.local/lib/python3.12/site-packages/airflow/example_dags/example_task_group.py took 0.035 seconds
[2024-10-04T00:05:00.962+0000] {processor.py:186} INFO - Started process (PID=95476) to work on /home/airflow/.local/lib/python3.12/site-packages/airflow/example_dags/example_task_group.py
[2024-10-04T00:05:00.962+0000] {processor.py:914} INFO - Processing file /home/airflow/.local/lib/python3.12/site-packages/airflow/example_dags/example_task_group.py for tasks to queue
[2024-10-04T00:05:00.963+0000] {logging_mixin.py:190} INFO - [2024-10-04T00:05:00.962+0000] {dagbag.py:588} INFO - Filling up the DagBag from /home/airflow/.local/lib/python3.12/site-packages/airflow/example_dags/example_task_group.py
[2024-10-04T00:05:00.967+0000] {processor.py:925} INFO - DAG(s) 'example_task_group' retrieved from /home/airflow/.local/lib/python3.12/site-packages/airflow/example_dags/example_task_group.py
[2024-10-04T00:05:00.977+0000] {logging_mixin.py:190} INFO - [2024-10-04T00:05:00.976+0000] {dag.py:3239} INFO - Sync 1 DAGs
[2024-10-04T00:05:00.984+0000] {logging_mixin.py:190} INFO - [2024-10-04T00:05:00.984+0000] {dag.py:4180} INFO - Setting next_dagrun for example_task_group to None, run_after=None
[2024-10-04T00:05:00.994+0000] {processor.py:208} INFO - Processing /home/airflow/.local/lib/python3.12/site-packages/airflow/example_dags/example_task_group.py took 0.035 seconds
[2024-10-04T00:05:31.307+0000] {processor.py:186} INFO - Started process (PID=95539) to work on /home/airflow/.local/lib/python3.12/site-packages/airflow/example_dags/example_task_group.py
[2024-10-04T00:05:31.307+0000] {processor.py:914} INFO - Processing file /home/airflow/.local/lib/python3.12/site-packages/airflow/example_dags/example_task_group.py for tasks to queue
[2024-10-04T00:05:31.308+0000] {logging_mixin.py:190} INFO - [2024-10-04T00:05:31.307+0000] {dagbag.py:588} INFO - Filling up the DagBag from /home/airflow/.local/lib/python3.12/site-packages/airflow/example_dags/example_task_group.py
[2024-10-04T00:05:31.313+0000] {processor.py:925} INFO - DAG(s) 'example_task_group' retrieved from /home/airflow/.local/lib/python3.12/site-packages/airflow/example_dags/example_task_group.py
[2024-10-04T00:05:31.323+0000] {logging_mixin.py:190} INFO - [2024-10-04T00:05:31.323+0000] {dag.py:3239} INFO - Sync 1 DAGs
[2024-10-04T00:05:31.330+0000] {logging_mixin.py:190} INFO - [2024-10-04T00:05:31.330+0000] {dag.py:4180} INFO - Setting next_dagrun for example_task_group to None, run_after=None
[2024-10-04T00:05:31.340+0000] {processor.py:208} INFO - Processing /home/airflow/.local/lib/python3.12/site-packages/airflow/example_dags/example_task_group.py took 0.037 seconds
[2024-10-04T00:06:01.488+0000] {processor.py:186} INFO - Started process (PID=95602) to work on /home/airflow/.local/lib/python3.12/site-packages/airflow/example_dags/example_task_group.py
[2024-10-04T00:06:01.488+0000] {processor.py:914} INFO - Processing file /home/airflow/.local/lib/python3.12/site-packages/airflow/example_dags/example_task_group.py for tasks to queue
[2024-10-04T00:06:01.489+0000] {logging_mixin.py:190} INFO - [2024-10-04T00:06:01.489+0000] {dagbag.py:588} INFO - Filling up the DagBag from /home/airflow/.local/lib/python3.12/site-packages/airflow/example_dags/example_task_group.py
[2024-10-04T00:06:01.493+0000] {processor.py:925} INFO - DAG(s) 'example_task_group' retrieved from /home/airflow/.local/lib/python3.12/site-packages/airflow/example_dags/example_task_group.py
[2024-10-04T00:06:01.503+0000] {logging_mixin.py:190} INFO - [2024-10-04T00:06:01.503+0000] {dag.py:3239} INFO - Sync 1 DAGs
[2024-10-04T00:06:01.511+0000] {logging_mixin.py:190} INFO - [2024-10-04T00:06:01.511+0000] {dag.py:4180} INFO - Setting next_dagrun for example_task_group to None, run_after=None
[2024-10-04T00:06:01.521+0000] {processor.py:208} INFO - Processing /home/airflow/.local/lib/python3.12/site-packages/airflow/example_dags/example_task_group.py took 0.036 seconds
[2024-10-04T00:06:31.726+0000] {processor.py:186} INFO - Started process (PID=95665) to work on /home/airflow/.local/lib/python3.12/site-packages/airflow/example_dags/example_task_group.py
[2024-10-04T00:06:31.726+0000] {processor.py:914} INFO - Processing file /home/airflow/.local/lib/python3.12/site-packages/airflow/example_dags/example_task_group.py for tasks to queue
[2024-10-04T00:06:31.727+0000] {logging_mixin.py:190} INFO - [2024-10-04T00:06:31.727+0000] {dagbag.py:588} INFO - Filling up the DagBag from /home/airflow/.local/lib/python3.12/site-packages/airflow/example_dags/example_task_group.py
[2024-10-04T00:06:31.732+0000] {processor.py:925} INFO - DAG(s) 'example_task_group' retrieved from /home/airflow/.local/lib/python3.12/site-packages/airflow/example_dags/example_task_group.py
[2024-10-04T00:06:31.742+0000] {logging_mixin.py:190} INFO - [2024-10-04T00:06:31.742+0000] {dag.py:3239} INFO - Sync 1 DAGs
[2024-10-04T00:06:31.749+0000] {logging_mixin.py:190} INFO - [2024-10-04T00:06:31.749+0000] {dag.py:4180} INFO - Setting next_dagrun for example_task_group to None, run_after=None
[2024-10-04T00:06:31.758+0000] {processor.py:208} INFO - Processing /home/airflow/.local/lib/python3.12/site-packages/airflow/example_dags/example_task_group.py took 0.035 seconds
[2024-10-04T00:07:02.018+0000] {processor.py:186} INFO - Started process (PID=95728) to work on /home/airflow/.local/lib/python3.12/site-packages/airflow/example_dags/example_task_group.py
[2024-10-04T00:07:02.018+0000] {processor.py:914} INFO - Processing file /home/airflow/.local/lib/python3.12/site-packages/airflow/example_dags/example_task_group.py for tasks to queue
[2024-10-04T00:07:02.019+0000] {logging_mixin.py:190} INFO - [2024-10-04T00:07:02.019+0000] {dagbag.py:588} INFO - Filling up the DagBag from /home/airflow/.local/lib/python3.12/site-packages/airflow/example_dags/example_task_group.py
[2024-10-04T00:07:02.024+0000] {processor.py:925} INFO - DAG(s) 'example_task_group' retrieved from /home/airflow/.local/lib/python3.12/site-packages/airflow/example_dags/example_task_group.py
[2024-10-04T00:07:02.035+0000] {logging_mixin.py:190} INFO - [2024-10-04T00:07:02.035+0000] {dag.py:3239} INFO - Sync 1 DAGs
[2024-10-04T00:07:02.043+0000] {logging_mixin.py:190} INFO - [2024-10-04T00:07:02.043+0000] {dag.py:4180} INFO - Setting next_dagrun for example_task_group to None, run_after=None
[2024-10-04T00:07:02.053+0000] {processor.py:208} INFO - Processing /home/airflow/.local/lib/python3.12/site-packages/airflow/example_dags/example_task_group.py took 0.039 seconds
[2024-10-04T00:07:32.340+0000] {processor.py:186} INFO - Started process (PID=95791) to work on /home/airflow/.local/lib/python3.12/site-packages/airflow/example_dags/example_task_group.py
[2024-10-04T00:07:32.341+0000] {processor.py:914} INFO - Processing file /home/airflow/.local/lib/python3.12/site-packages/airflow/example_dags/example_task_group.py for tasks to queue
[2024-10-04T00:07:32.342+0000] {logging_mixin.py:190} INFO - [2024-10-04T00:07:32.342+0000] {dagbag.py:588} INFO - Filling up the DagBag from /home/airflow/.local/lib/python3.12/site-packages/airflow/example_dags/example_task_group.py
[2024-10-04T00:07:32.347+0000] {processor.py:925} INFO - DAG(s) 'example_task_group' retrieved from /home/airflow/.local/lib/python3.12/site-packages/airflow/example_dags/example_task_group.py
[2024-10-04T00:07:32.358+0000] {logging_mixin.py:190} INFO - [2024-10-04T00:07:32.358+0000] {dag.py:3239} INFO - Sync 1 DAGs
[2024-10-04T00:07:32.365+0000] {logging_mixin.py:190} INFO - [2024-10-04T00:07:32.365+0000] {dag.py:4180} INFO - Setting next_dagrun for example_task_group to None, run_after=None
[2024-10-04T00:07:32.374+0000] {processor.py:208} INFO - Processing /home/airflow/.local/lib/python3.12/site-packages/airflow/example_dags/example_task_group.py took 0.037 seconds
[2024-10-04T00:08:02.528+0000] {processor.py:186} INFO - Started process (PID=95854) to work on /home/airflow/.local/lib/python3.12/site-packages/airflow/example_dags/example_task_group.py
[2024-10-04T00:08:02.528+0000] {processor.py:914} INFO - Processing file /home/airflow/.local/lib/python3.12/site-packages/airflow/example_dags/example_task_group.py for tasks to queue
[2024-10-04T00:08:02.529+0000] {logging_mixin.py:190} INFO - [2024-10-04T00:08:02.528+0000] {dagbag.py:588} INFO - Filling up the DagBag from /home/airflow/.local/lib/python3.12/site-packages/airflow/example_dags/example_task_group.py
[2024-10-04T00:08:02.533+0000] {processor.py:925} INFO - DAG(s) 'example_task_group' retrieved from /home/airflow/.local/lib/python3.12/site-packages/airflow/example_dags/example_task_group.py
[2024-10-04T00:08:02.543+0000] {logging_mixin.py:190} INFO - [2024-10-04T00:08:02.543+0000] {dag.py:3239} INFO - Sync 1 DAGs
[2024-10-04T00:08:02.550+0000] {logging_mixin.py:190} INFO - [2024-10-04T00:08:02.550+0000] {dag.py:4180} INFO - Setting next_dagrun for example_task_group to None, run_after=None
[2024-10-04T00:08:02.560+0000] {processor.py:208} INFO - Processing /home/airflow/.local/lib/python3.12/site-packages/airflow/example_dags/example_task_group.py took 0.035 seconds
[2024-10-04T00:08:32.932+0000] {processor.py:186} INFO - Started process (PID=95917) to work on /home/airflow/.local/lib/python3.12/site-packages/airflow/example_dags/example_task_group.py
[2024-10-04T00:08:32.933+0000] {processor.py:914} INFO - Processing file /home/airflow/.local/lib/python3.12/site-packages/airflow/example_dags/example_task_group.py for tasks to queue
[2024-10-04T00:08:32.933+0000] {logging_mixin.py:190} INFO - [2024-10-04T00:08:32.933+0000] {dagbag.py:588} INFO - Filling up the DagBag from /home/airflow/.local/lib/python3.12/site-packages/airflow/example_dags/example_task_group.py
[2024-10-04T00:08:32.938+0000] {processor.py:925} INFO - DAG(s) 'example_task_group' retrieved from /home/airflow/.local/lib/python3.12/site-packages/airflow/example_dags/example_task_group.py
[2024-10-04T00:08:32.950+0000] {logging_mixin.py:190} INFO - [2024-10-04T00:08:32.949+0000] {dag.py:3239} INFO - Sync 1 DAGs
[2024-10-04T00:08:32.958+0000] {logging_mixin.py:190} INFO - [2024-10-04T00:08:32.958+0000] {dag.py:4180} INFO - Setting next_dagrun for example_task_group to None, run_after=None
[2024-10-04T00:08:32.970+0000] {processor.py:208} INFO - Processing /home/airflow/.local/lib/python3.12/site-packages/airflow/example_dags/example_task_group.py took 0.041 seconds
[2024-10-04T00:09:03.320+0000] {processor.py:186} INFO - Started process (PID=95980) to work on /home/airflow/.local/lib/python3.12/site-packages/airflow/example_dags/example_task_group.py
[2024-10-04T00:09:03.321+0000] {processor.py:914} INFO - Processing file /home/airflow/.local/lib/python3.12/site-packages/airflow/example_dags/example_task_group.py for tasks to queue
[2024-10-04T00:09:03.321+0000] {logging_mixin.py:190} INFO - [2024-10-04T00:09:03.321+0000] {dagbag.py:588} INFO - Filling up the DagBag from /home/airflow/.local/lib/python3.12/site-packages/airflow/example_dags/example_task_group.py
[2024-10-04T00:09:03.326+0000] {processor.py:925} INFO - DAG(s) 'example_task_group' retrieved from /home/airflow/.local/lib/python3.12/site-packages/airflow/example_dags/example_task_group.py
[2024-10-04T00:09:03.336+0000] {logging_mixin.py:190} INFO - [2024-10-04T00:09:03.336+0000] {dag.py:3239} INFO - Sync 1 DAGs
[2024-10-04T00:09:03.343+0000] {logging_mixin.py:190} INFO - [2024-10-04T00:09:03.342+0000] {dag.py:4180} INFO - Setting next_dagrun for example_task_group to None, run_after=None
[2024-10-04T00:09:03.352+0000] {processor.py:208} INFO - Processing /home/airflow/.local/lib/python3.12/site-packages/airflow/example_dags/example_task_group.py took 0.035 seconds
[2024-10-04T00:09:33.620+0000] {processor.py:186} INFO - Started process (PID=96043) to work on /home/airflow/.local/lib/python3.12/site-packages/airflow/example_dags/example_task_group.py
[2024-10-04T00:09:33.621+0000] {processor.py:914} INFO - Processing file /home/airflow/.local/lib/python3.12/site-packages/airflow/example_dags/example_task_group.py for tasks to queue
[2024-10-04T00:09:33.622+0000] {logging_mixin.py:190} INFO - [2024-10-04T00:09:33.622+0000] {dagbag.py:588} INFO - Filling up the DagBag from /home/airflow/.local/lib/python3.12/site-packages/airflow/example_dags/example_task_group.py
[2024-10-04T00:09:33.627+0000] {processor.py:925} INFO - DAG(s) 'example_task_group' retrieved from /home/airflow/.local/lib/python3.12/site-packages/airflow/example_dags/example_task_group.py
[2024-10-04T00:09:33.638+0000] {logging_mixin.py:190} INFO - [2024-10-04T00:09:33.637+0000] {dag.py:3239} INFO - Sync 1 DAGs
[2024-10-04T00:09:33.645+0000] {logging_mixin.py:190} INFO - [2024-10-04T00:09:33.645+0000] {dag.py:4180} INFO - Setting next_dagrun for example_task_group to None, run_after=None
[2024-10-04T00:09:33.654+0000] {processor.py:208} INFO - Processing /home/airflow/.local/lib/python3.12/site-packages/airflow/example_dags/example_task_group.py took 0.037 seconds
[2024-10-04T00:10:03.888+0000] {processor.py:186} INFO - Started process (PID=96106) to work on /home/airflow/.local/lib/python3.12/site-packages/airflow/example_dags/example_task_group.py
[2024-10-04T00:10:03.888+0000] {processor.py:914} INFO - Processing file /home/airflow/.local/lib/python3.12/site-packages/airflow/example_dags/example_task_group.py for tasks to queue
[2024-10-04T00:10:03.889+0000] {logging_mixin.py:190} INFO - [2024-10-04T00:10:03.889+0000] {dagbag.py:588} INFO - Filling up the DagBag from /home/airflow/.local/lib/python3.12/site-packages/airflow/example_dags/example_task_group.py
[2024-10-04T00:10:03.893+0000] {processor.py:925} INFO - DAG(s) 'example_task_group' retrieved from /home/airflow/.local/lib/python3.12/site-packages/airflow/example_dags/example_task_group.py
[2024-10-04T00:10:03.903+0000] {logging_mixin.py:190} INFO - [2024-10-04T00:10:03.903+0000] {dag.py:3239} INFO - Sync 1 DAGs
[2024-10-04T00:10:03.910+0000] {logging_mixin.py:190} INFO - [2024-10-04T00:10:03.910+0000] {dag.py:4180} INFO - Setting next_dagrun for example_task_group to None, run_after=None
[2024-10-04T00:10:03.928+0000] {processor.py:208} INFO - Processing /home/airflow/.local/lib/python3.12/site-packages/airflow/example_dags/example_task_group.py took 0.043 seconds
[2024-10-04T00:10:34.182+0000] {processor.py:186} INFO - Started process (PID=96169) to work on /home/airflow/.local/lib/python3.12/site-packages/airflow/example_dags/example_task_group.py
[2024-10-04T00:10:34.183+0000] {processor.py:914} INFO - Processing file /home/airflow/.local/lib/python3.12/site-packages/airflow/example_dags/example_task_group.py for tasks to queue
[2024-10-04T00:10:34.184+0000] {logging_mixin.py:190} INFO - [2024-10-04T00:10:34.184+0000] {dagbag.py:588} INFO - Filling up the DagBag from /home/airflow/.local/lib/python3.12/site-packages/airflow/example_dags/example_task_group.py
[2024-10-04T00:10:34.189+0000] {processor.py:925} INFO - DAG(s) 'example_task_group' retrieved from /home/airflow/.local/lib/python3.12/site-packages/airflow/example_dags/example_task_group.py
[2024-10-04T00:10:34.200+0000] {logging_mixin.py:190} INFO - [2024-10-04T00:10:34.199+0000] {dag.py:3239} INFO - Sync 1 DAGs
[2024-10-04T00:10:34.206+0000] {logging_mixin.py:190} INFO - [2024-10-04T00:10:34.206+0000] {dag.py:4180} INFO - Setting next_dagrun for example_task_group to None, run_after=None
[2024-10-04T00:10:34.216+0000] {processor.py:208} INFO - Processing /home/airflow/.local/lib/python3.12/site-packages/airflow/example_dags/example_task_group.py took 0.036 seconds
[2024-10-04T00:11:04.659+0000] {processor.py:186} INFO - Started process (PID=96232) to work on /home/airflow/.local/lib/python3.12/site-packages/airflow/example_dags/example_task_group.py
[2024-10-04T00:11:04.659+0000] {processor.py:914} INFO - Processing file /home/airflow/.local/lib/python3.12/site-packages/airflow/example_dags/example_task_group.py for tasks to queue
[2024-10-04T00:11:04.660+0000] {logging_mixin.py:190} INFO - [2024-10-04T00:11:04.660+0000] {dagbag.py:588} INFO - Filling up the DagBag from /home/airflow/.local/lib/python3.12/site-packages/airflow/example_dags/example_task_group.py
[2024-10-04T00:11:04.665+0000] {processor.py:925} INFO - DAG(s) 'example_task_group' retrieved from /home/airflow/.local/lib/python3.12/site-packages/airflow/example_dags/example_task_group.py
[2024-10-04T00:11:04.676+0000] {logging_mixin.py:190} INFO - [2024-10-04T00:11:04.675+0000] {dag.py:3239} INFO - Sync 1 DAGs
[2024-10-04T00:11:04.683+0000] {logging_mixin.py:190} INFO - [2024-10-04T00:11:04.683+0000] {dag.py:4180} INFO - Setting next_dagrun for example_task_group to None, run_after=None
[2024-10-04T00:11:04.692+0000] {processor.py:208} INFO - Processing /home/airflow/.local/lib/python3.12/site-packages/airflow/example_dags/example_task_group.py took 0.037 seconds
[2024-10-04T00:11:35.063+0000] {processor.py:186} INFO - Started process (PID=96295) to work on /home/airflow/.local/lib/python3.12/site-packages/airflow/example_dags/example_task_group.py
[2024-10-04T00:11:35.063+0000] {processor.py:914} INFO - Processing file /home/airflow/.local/lib/python3.12/site-packages/airflow/example_dags/example_task_group.py for tasks to queue
[2024-10-04T00:11:35.064+0000] {logging_mixin.py:190} INFO - [2024-10-04T00:11:35.064+0000] {dagbag.py:588} INFO - Filling up the DagBag from /home/airflow/.local/lib/python3.12/site-packages/airflow/example_dags/example_task_group.py
[2024-10-04T00:11:35.069+0000] {processor.py:925} INFO - DAG(s) 'example_task_group' retrieved from /home/airflow/.local/lib/python3.12/site-packages/airflow/example_dags/example_task_group.py
[2024-10-04T00:11:35.079+0000] {logging_mixin.py:190} INFO - [2024-10-04T00:11:35.079+0000] {dag.py:3239} INFO - Sync 1 DAGs
[2024-10-04T00:11:35.087+0000] {logging_mixin.py:190} INFO - [2024-10-04T00:11:35.086+0000] {dag.py:4180} INFO - Setting next_dagrun for example_task_group to None, run_after=None
[2024-10-04T00:11:35.096+0000] {processor.py:208} INFO - Processing /home/airflow/.local/lib/python3.12/site-packages/airflow/example_dags/example_task_group.py took 0.037 seconds
[2024-10-04T00:12:05.484+0000] {processor.py:186} INFO - Started process (PID=96358) to work on /home/airflow/.local/lib/python3.12/site-packages/airflow/example_dags/example_task_group.py
[2024-10-04T00:12:05.484+0000] {processor.py:914} INFO - Processing file /home/airflow/.local/lib/python3.12/site-packages/airflow/example_dags/example_task_group.py for tasks to queue
[2024-10-04T00:12:05.485+0000] {logging_mixin.py:190} INFO - [2024-10-04T00:12:05.485+0000] {dagbag.py:588} INFO - Filling up the DagBag from /home/airflow/.local/lib/python3.12/site-packages/airflow/example_dags/example_task_group.py
[2024-10-04T00:12:05.490+0000] {processor.py:925} INFO - DAG(s) 'example_task_group' retrieved from /home/airflow/.local/lib/python3.12/site-packages/airflow/example_dags/example_task_group.py
[2024-10-04T00:12:05.500+0000] {logging_mixin.py:190} INFO - [2024-10-04T00:12:05.500+0000] {dag.py:3239} INFO - Sync 1 DAGs
[2024-10-04T00:12:05.507+0000] {logging_mixin.py:190} INFO - [2024-10-04T00:12:05.507+0000] {dag.py:4180} INFO - Setting next_dagrun for example_task_group to None, run_after=None
[2024-10-04T00:12:05.516+0000] {processor.py:208} INFO - Processing /home/airflow/.local/lib/python3.12/site-packages/airflow/example_dags/example_task_group.py took 0.035 seconds
[2024-10-04T00:12:35.977+0000] {processor.py:186} INFO - Started process (PID=96421) to work on /home/airflow/.local/lib/python3.12/site-packages/airflow/example_dags/example_task_group.py
[2024-10-04T00:12:35.977+0000] {processor.py:914} INFO - Processing file /home/airflow/.local/lib/python3.12/site-packages/airflow/example_dags/example_task_group.py for tasks to queue
[2024-10-04T00:12:35.978+0000] {logging_mixin.py:190} INFO - [2024-10-04T00:12:35.978+0000] {dagbag.py:588} INFO - Filling up the DagBag from /home/airflow/.local/lib/python3.12/site-packages/airflow/example_dags/example_task_group.py
[2024-10-04T00:12:35.983+0000] {processor.py:925} INFO - DAG(s) 'example_task_group' retrieved from /home/airflow/.local/lib/python3.12/site-packages/airflow/example_dags/example_task_group.py
[2024-10-04T00:12:35.992+0000] {logging_mixin.py:190} INFO - [2024-10-04T00:12:35.992+0000] {dag.py:3239} INFO - Sync 1 DAGs
[2024-10-04T00:12:36.000+0000] {logging_mixin.py:190} INFO - [2024-10-04T00:12:36.000+0000] {dag.py:4180} INFO - Setting next_dagrun for example_task_group to None, run_after=None
[2024-10-04T00:12:36.009+0000] {processor.py:208} INFO - Processing /home/airflow/.local/lib/python3.12/site-packages/airflow/example_dags/example_task_group.py took 0.035 seconds
[2024-10-04T00:13:06.509+0000] {processor.py:186} INFO - Started process (PID=96484) to work on /home/airflow/.local/lib/python3.12/site-packages/airflow/example_dags/example_task_group.py
[2024-10-04T00:13:06.510+0000] {processor.py:914} INFO - Processing file /home/airflow/.local/lib/python3.12/site-packages/airflow/example_dags/example_task_group.py for tasks to queue
[2024-10-04T00:13:06.510+0000] {logging_mixin.py:190} INFO - [2024-10-04T00:13:06.510+0000] {dagbag.py:588} INFO - Filling up the DagBag from /home/airflow/.local/lib/python3.12/site-packages/airflow/example_dags/example_task_group.py
[2024-10-04T00:13:06.515+0000] {processor.py:925} INFO - DAG(s) 'example_task_group' retrieved from /home/airflow/.local/lib/python3.12/site-packages/airflow/example_dags/example_task_group.py
[2024-10-04T00:13:06.525+0000] {logging_mixin.py:190} INFO - [2024-10-04T00:13:06.525+0000] {dag.py:3239} INFO - Sync 1 DAGs
[2024-10-04T00:13:06.532+0000] {logging_mixin.py:190} INFO - [2024-10-04T00:13:06.532+0000] {dag.py:4180} INFO - Setting next_dagrun for example_task_group to None, run_after=None
[2024-10-04T00:13:06.541+0000] {processor.py:208} INFO - Processing /home/airflow/.local/lib/python3.12/site-packages/airflow/example_dags/example_task_group.py took 0.035 seconds
[2024-10-04T00:13:36.877+0000] {processor.py:186} INFO - Started process (PID=96547) to work on /home/airflow/.local/lib/python3.12/site-packages/airflow/example_dags/example_task_group.py
[2024-10-04T00:13:36.878+0000] {processor.py:914} INFO - Processing file /home/airflow/.local/lib/python3.12/site-packages/airflow/example_dags/example_task_group.py for tasks to queue
[2024-10-04T00:13:36.879+0000] {logging_mixin.py:190} INFO - [2024-10-04T00:13:36.879+0000] {dagbag.py:588} INFO - Filling up the DagBag from /home/airflow/.local/lib/python3.12/site-packages/airflow/example_dags/example_task_group.py
[2024-10-04T00:13:36.884+0000] {processor.py:925} INFO - DAG(s) 'example_task_group' retrieved from /home/airflow/.local/lib/python3.12/site-packages/airflow/example_dags/example_task_group.py
[2024-10-04T00:13:36.894+0000] {logging_mixin.py:190} INFO - [2024-10-04T00:13:36.894+0000] {dag.py:3239} INFO - Sync 1 DAGs
[2024-10-04T00:13:36.901+0000] {logging_mixin.py:190} INFO - [2024-10-04T00:13:36.901+0000] {dag.py:4180} INFO - Setting next_dagrun for example_task_group to None, run_after=None
[2024-10-04T00:13:36.911+0000] {processor.py:208} INFO - Processing /home/airflow/.local/lib/python3.12/site-packages/airflow/example_dags/example_task_group.py took 0.037 seconds
[2024-10-04T00:14:07.192+0000] {processor.py:186} INFO - Started process (PID=96610) to work on /home/airflow/.local/lib/python3.12/site-packages/airflow/example_dags/example_task_group.py
[2024-10-04T00:14:07.192+0000] {processor.py:914} INFO - Processing file /home/airflow/.local/lib/python3.12/site-packages/airflow/example_dags/example_task_group.py for tasks to queue
[2024-10-04T00:14:07.193+0000] {logging_mixin.py:190} INFO - [2024-10-04T00:14:07.193+0000] {dagbag.py:588} INFO - Filling up the DagBag from /home/airflow/.local/lib/python3.12/site-packages/airflow/example_dags/example_task_group.py
[2024-10-04T00:14:07.198+0000] {processor.py:925} INFO - DAG(s) 'example_task_group' retrieved from /home/airflow/.local/lib/python3.12/site-packages/airflow/example_dags/example_task_group.py
[2024-10-04T00:14:07.208+0000] {logging_mixin.py:190} INFO - [2024-10-04T00:14:07.208+0000] {dag.py:3239} INFO - Sync 1 DAGs
[2024-10-04T00:14:07.216+0000] {logging_mixin.py:190} INFO - [2024-10-04T00:14:07.216+0000] {dag.py:4180} INFO - Setting next_dagrun for example_task_group to None, run_after=None
[2024-10-04T00:14:07.225+0000] {processor.py:208} INFO - Processing /home/airflow/.local/lib/python3.12/site-packages/airflow/example_dags/example_task_group.py took 0.037 seconds
[2024-10-04T00:14:37.805+0000] {processor.py:186} INFO - Started process (PID=96672) to work on /home/airflow/.local/lib/python3.12/site-packages/airflow/example_dags/example_task_group.py
[2024-10-04T00:14:37.806+0000] {processor.py:914} INFO - Processing file /home/airflow/.local/lib/python3.12/site-packages/airflow/example_dags/example_task_group.py for tasks to queue
[2024-10-04T00:14:37.806+0000] {logging_mixin.py:190} INFO - [2024-10-04T00:14:37.806+0000] {dagbag.py:588} INFO - Filling up the DagBag from /home/airflow/.local/lib/python3.12/site-packages/airflow/example_dags/example_task_group.py
[2024-10-04T00:14:37.811+0000] {processor.py:925} INFO - DAG(s) 'example_task_group' retrieved from /home/airflow/.local/lib/python3.12/site-packages/airflow/example_dags/example_task_group.py
[2024-10-04T00:14:37.822+0000] {logging_mixin.py:190} INFO - [2024-10-04T00:14:37.822+0000] {dag.py:3239} INFO - Sync 1 DAGs
[2024-10-04T00:14:37.829+0000] {logging_mixin.py:190} INFO - [2024-10-04T00:14:37.829+0000] {dag.py:4180} INFO - Setting next_dagrun for example_task_group to None, run_after=None
[2024-10-04T00:14:37.840+0000] {processor.py:208} INFO - Processing /home/airflow/.local/lib/python3.12/site-packages/airflow/example_dags/example_task_group.py took 0.038 seconds
[2024-10-04T00:15:08.321+0000] {processor.py:186} INFO - Started process (PID=96735) to work on /home/airflow/.local/lib/python3.12/site-packages/airflow/example_dags/example_task_group.py
[2024-10-04T00:15:08.321+0000] {processor.py:914} INFO - Processing file /home/airflow/.local/lib/python3.12/site-packages/airflow/example_dags/example_task_group.py for tasks to queue
[2024-10-04T00:15:08.322+0000] {logging_mixin.py:190} INFO - [2024-10-04T00:15:08.322+0000] {dagbag.py:588} INFO - Filling up the DagBag from /home/airflow/.local/lib/python3.12/site-packages/airflow/example_dags/example_task_group.py
[2024-10-04T00:15:08.326+0000] {processor.py:925} INFO - DAG(s) 'example_task_group' retrieved from /home/airflow/.local/lib/python3.12/site-packages/airflow/example_dags/example_task_group.py
[2024-10-04T00:15:08.337+0000] {logging_mixin.py:190} INFO - [2024-10-04T00:15:08.337+0000] {dag.py:3239} INFO - Sync 1 DAGs
[2024-10-04T00:15:08.344+0000] {logging_mixin.py:190} INFO - [2024-10-04T00:15:08.344+0000] {dag.py:4180} INFO - Setting next_dagrun for example_task_group to None, run_after=None
[2024-10-04T00:15:08.353+0000] {processor.py:208} INFO - Processing /home/airflow/.local/lib/python3.12/site-packages/airflow/example_dags/example_task_group.py took 0.035 seconds
[2024-10-04T00:15:38.894+0000] {processor.py:186} INFO - Started process (PID=96798) to work on /home/airflow/.local/lib/python3.12/site-packages/airflow/example_dags/example_task_group.py
[2024-10-04T00:15:38.895+0000] {processor.py:914} INFO - Processing file /home/airflow/.local/lib/python3.12/site-packages/airflow/example_dags/example_task_group.py for tasks to queue
[2024-10-04T00:15:38.895+0000] {logging_mixin.py:190} INFO - [2024-10-04T00:15:38.895+0000] {dagbag.py:588} INFO - Filling up the DagBag from /home/airflow/.local/lib/python3.12/site-packages/airflow/example_dags/example_task_group.py
[2024-10-04T00:15:38.900+0000] {processor.py:925} INFO - DAG(s) 'example_task_group' retrieved from /home/airflow/.local/lib/python3.12/site-packages/airflow/example_dags/example_task_group.py
[2024-10-04T00:15:38.909+0000] {logging_mixin.py:190} INFO - [2024-10-04T00:15:38.909+0000] {dag.py:3239} INFO - Sync 1 DAGs
[2024-10-04T00:15:38.916+0000] {logging_mixin.py:190} INFO - [2024-10-04T00:15:38.916+0000] {dag.py:4180} INFO - Setting next_dagrun for example_task_group to None, run_after=None
[2024-10-04T00:15:38.925+0000] {processor.py:208} INFO - Processing /home/airflow/.local/lib/python3.12/site-packages/airflow/example_dags/example_task_group.py took 0.033 seconds
[2024-10-04T00:16:09.359+0000] {processor.py:186} INFO - Started process (PID=96861) to work on /home/airflow/.local/lib/python3.12/site-packages/airflow/example_dags/example_task_group.py
[2024-10-04T00:16:09.359+0000] {processor.py:914} INFO - Processing file /home/airflow/.local/lib/python3.12/site-packages/airflow/example_dags/example_task_group.py for tasks to queue
[2024-10-04T00:16:09.360+0000] {logging_mixin.py:190} INFO - [2024-10-04T00:16:09.360+0000] {dagbag.py:588} INFO - Filling up the DagBag from /home/airflow/.local/lib/python3.12/site-packages/airflow/example_dags/example_task_group.py
[2024-10-04T00:16:09.365+0000] {processor.py:925} INFO - DAG(s) 'example_task_group' retrieved from /home/airflow/.local/lib/python3.12/site-packages/airflow/example_dags/example_task_group.py
[2024-10-04T00:16:09.375+0000] {logging_mixin.py:190} INFO - [2024-10-04T00:16:09.375+0000] {dag.py:3239} INFO - Sync 1 DAGs
[2024-10-04T00:16:09.382+0000] {logging_mixin.py:190} INFO - [2024-10-04T00:16:09.382+0000] {dag.py:4180} INFO - Setting next_dagrun for example_task_group to None, run_after=None
[2024-10-04T00:16:09.392+0000] {processor.py:208} INFO - Processing /home/airflow/.local/lib/python3.12/site-packages/airflow/example_dags/example_task_group.py took 0.037 seconds
[2024-10-04T00:16:40.026+0000] {processor.py:186} INFO - Started process (PID=96924) to work on /home/airflow/.local/lib/python3.12/site-packages/airflow/example_dags/example_task_group.py
[2024-10-04T00:16:40.026+0000] {processor.py:914} INFO - Processing file /home/airflow/.local/lib/python3.12/site-packages/airflow/example_dags/example_task_group.py for tasks to queue
[2024-10-04T00:16:40.027+0000] {logging_mixin.py:190} INFO - [2024-10-04T00:16:40.027+0000] {dagbag.py:588} INFO - Filling up the DagBag from /home/airflow/.local/lib/python3.12/site-packages/airflow/example_dags/example_task_group.py
[2024-10-04T00:16:40.032+0000] {processor.py:925} INFO - DAG(s) 'example_task_group' retrieved from /home/airflow/.local/lib/python3.12/site-packages/airflow/example_dags/example_task_group.py
[2024-10-04T00:16:40.042+0000] {logging_mixin.py:190} INFO - [2024-10-04T00:16:40.042+0000] {dag.py:3239} INFO - Sync 1 DAGs
[2024-10-04T00:16:40.048+0000] {logging_mixin.py:190} INFO - [2024-10-04T00:16:40.048+0000] {dag.py:4180} INFO - Setting next_dagrun for example_task_group to None, run_after=None
[2024-10-04T00:16:40.058+0000] {processor.py:208} INFO - Processing /home/airflow/.local/lib/python3.12/site-packages/airflow/example_dags/example_task_group.py took 0.035 seconds
[2024-10-04T00:17:10.751+0000] {processor.py:186} INFO - Started process (PID=96987) to work on /home/airflow/.local/lib/python3.12/site-packages/airflow/example_dags/example_task_group.py
[2024-10-04T00:17:10.752+0000] {processor.py:914} INFO - Processing file /home/airflow/.local/lib/python3.12/site-packages/airflow/example_dags/example_task_group.py for tasks to queue
[2024-10-04T00:17:10.752+0000] {logging_mixin.py:190} INFO - [2024-10-04T00:17:10.752+0000] {dagbag.py:588} INFO - Filling up the DagBag from /home/airflow/.local/lib/python3.12/site-packages/airflow/example_dags/example_task_group.py
[2024-10-04T00:17:10.758+0000] {processor.py:925} INFO - DAG(s) 'example_task_group' retrieved from /home/airflow/.local/lib/python3.12/site-packages/airflow/example_dags/example_task_group.py
[2024-10-04T00:17:10.772+0000] {logging_mixin.py:190} INFO - [2024-10-04T00:17:10.772+0000] {dag.py:3239} INFO - Sync 1 DAGs
[2024-10-04T00:17:10.780+0000] {logging_mixin.py:190} INFO - [2024-10-04T00:17:10.780+0000] {dag.py:4180} INFO - Setting next_dagrun for example_task_group to None, run_after=None
[2024-10-04T00:17:10.790+0000] {processor.py:208} INFO - Processing /home/airflow/.local/lib/python3.12/site-packages/airflow/example_dags/example_task_group.py took 0.043 seconds
[2024-10-04T00:17:41.245+0000] {processor.py:186} INFO - Started process (PID=97050) to work on /home/airflow/.local/lib/python3.12/site-packages/airflow/example_dags/example_task_group.py
[2024-10-04T00:17:41.245+0000] {processor.py:914} INFO - Processing file /home/airflow/.local/lib/python3.12/site-packages/airflow/example_dags/example_task_group.py for tasks to queue
[2024-10-04T00:17:41.246+0000] {logging_mixin.py:190} INFO - [2024-10-04T00:17:41.246+0000] {dagbag.py:588} INFO - Filling up the DagBag from /home/airflow/.local/lib/python3.12/site-packages/airflow/example_dags/example_task_group.py
[2024-10-04T00:17:41.251+0000] {processor.py:925} INFO - DAG(s) 'example_task_group' retrieved from /home/airflow/.local/lib/python3.12/site-packages/airflow/example_dags/example_task_group.py
[2024-10-04T00:17:41.261+0000] {logging_mixin.py:190} INFO - [2024-10-04T00:17:41.261+0000] {dag.py:3239} INFO - Sync 1 DAGs
[2024-10-04T00:17:41.268+0000] {logging_mixin.py:190} INFO - [2024-10-04T00:17:41.268+0000] {dag.py:4180} INFO - Setting next_dagrun for example_task_group to None, run_after=None
[2024-10-04T00:17:41.278+0000] {processor.py:208} INFO - Processing /home/airflow/.local/lib/python3.12/site-packages/airflow/example_dags/example_task_group.py took 0.037 seconds
[2024-10-04T00:18:11.695+0000] {processor.py:186} INFO - Started process (PID=97113) to work on /home/airflow/.local/lib/python3.12/site-packages/airflow/example_dags/example_task_group.py
[2024-10-04T00:18:11.696+0000] {processor.py:914} INFO - Processing file /home/airflow/.local/lib/python3.12/site-packages/airflow/example_dags/example_task_group.py for tasks to queue
[2024-10-04T00:18:11.696+0000] {logging_mixin.py:190} INFO - [2024-10-04T00:18:11.696+0000] {dagbag.py:588} INFO - Filling up the DagBag from /home/airflow/.local/lib/python3.12/site-packages/airflow/example_dags/example_task_group.py
[2024-10-04T00:18:11.701+0000] {processor.py:925} INFO - DAG(s) 'example_task_group' retrieved from /home/airflow/.local/lib/python3.12/site-packages/airflow/example_dags/example_task_group.py
[2024-10-04T00:18:11.711+0000] {logging_mixin.py:190} INFO - [2024-10-04T00:18:11.711+0000] {dag.py:3239} INFO - Sync 1 DAGs
[2024-10-04T00:18:11.718+0000] {logging_mixin.py:190} INFO - [2024-10-04T00:18:11.718+0000] {dag.py:4180} INFO - Setting next_dagrun for example_task_group to None, run_after=None
[2024-10-04T00:18:11.727+0000] {processor.py:208} INFO - Processing /home/airflow/.local/lib/python3.12/site-packages/airflow/example_dags/example_task_group.py took 0.035 seconds
[2024-10-04T00:18:42.283+0000] {processor.py:186} INFO - Started process (PID=97176) to work on /home/airflow/.local/lib/python3.12/site-packages/airflow/example_dags/example_task_group.py
[2024-10-04T00:18:42.284+0000] {processor.py:914} INFO - Processing file /home/airflow/.local/lib/python3.12/site-packages/airflow/example_dags/example_task_group.py for tasks to queue
[2024-10-04T00:18:42.284+0000] {logging_mixin.py:190} INFO - [2024-10-04T00:18:42.284+0000] {dagbag.py:588} INFO - Filling up the DagBag from /home/airflow/.local/lib/python3.12/site-packages/airflow/example_dags/example_task_group.py
[2024-10-04T00:18:42.290+0000] {processor.py:925} INFO - DAG(s) 'example_task_group' retrieved from /home/airflow/.local/lib/python3.12/site-packages/airflow/example_dags/example_task_group.py
[2024-10-04T00:18:42.300+0000] {logging_mixin.py:190} INFO - [2024-10-04T00:18:42.299+0000] {dag.py:3239} INFO - Sync 1 DAGs
[2024-10-04T00:18:42.307+0000] {logging_mixin.py:190} INFO - [2024-10-04T00:18:42.307+0000] {dag.py:4180} INFO - Setting next_dagrun for example_task_group to None, run_after=None
[2024-10-04T00:18:42.318+0000] {processor.py:208} INFO - Processing /home/airflow/.local/lib/python3.12/site-packages/airflow/example_dags/example_task_group.py took 0.038 seconds
[2024-10-04T00:19:12.947+0000] {processor.py:186} INFO - Started process (PID=97239) to work on /home/airflow/.local/lib/python3.12/site-packages/airflow/example_dags/example_task_group.py
[2024-10-04T00:19:12.948+0000] {processor.py:914} INFO - Processing file /home/airflow/.local/lib/python3.12/site-packages/airflow/example_dags/example_task_group.py for tasks to queue
[2024-10-04T00:19:12.948+0000] {logging_mixin.py:190} INFO - [2024-10-04T00:19:12.948+0000] {dagbag.py:588} INFO - Filling up the DagBag from /home/airflow/.local/lib/python3.12/site-packages/airflow/example_dags/example_task_group.py
[2024-10-04T00:19:12.953+0000] {processor.py:925} INFO - DAG(s) 'example_task_group' retrieved from /home/airflow/.local/lib/python3.12/site-packages/airflow/example_dags/example_task_group.py
[2024-10-04T00:19:12.963+0000] {logging_mixin.py:190} INFO - [2024-10-04T00:19:12.962+0000] {dag.py:3239} INFO - Sync 1 DAGs
[2024-10-04T00:19:12.970+0000] {logging_mixin.py:190} INFO - [2024-10-04T00:19:12.970+0000] {dag.py:4180} INFO - Setting next_dagrun for example_task_group to None, run_after=None
[2024-10-04T00:19:12.979+0000] {processor.py:208} INFO - Processing /home/airflow/.local/lib/python3.12/site-packages/airflow/example_dags/example_task_group.py took 0.035 seconds
[2024-10-04T00:19:43.535+0000] {processor.py:186} INFO - Started process (PID=97302) to work on /home/airflow/.local/lib/python3.12/site-packages/airflow/example_dags/example_task_group.py
[2024-10-04T00:19:43.536+0000] {processor.py:914} INFO - Processing file /home/airflow/.local/lib/python3.12/site-packages/airflow/example_dags/example_task_group.py for tasks to queue
[2024-10-04T00:19:43.536+0000] {logging_mixin.py:190} INFO - [2024-10-04T00:19:43.536+0000] {dagbag.py:588} INFO - Filling up the DagBag from /home/airflow/.local/lib/python3.12/site-packages/airflow/example_dags/example_task_group.py
[2024-10-04T00:19:43.541+0000] {processor.py:925} INFO - DAG(s) 'example_task_group' retrieved from /home/airflow/.local/lib/python3.12/site-packages/airflow/example_dags/example_task_group.py
[2024-10-04T00:19:43.551+0000] {logging_mixin.py:190} INFO - [2024-10-04T00:19:43.551+0000] {dag.py:3239} INFO - Sync 1 DAGs
[2024-10-04T00:19:43.558+0000] {logging_mixin.py:190} INFO - [2024-10-04T00:19:43.558+0000] {dag.py:4180} INFO - Setting next_dagrun for example_task_group to None, run_after=None
[2024-10-04T00:19:43.568+0000] {processor.py:208} INFO - Processing /home/airflow/.local/lib/python3.12/site-packages/airflow/example_dags/example_task_group.py took 0.036 seconds
[2024-10-04T00:20:14.052+0000] {processor.py:186} INFO - Started process (PID=97365) to work on /home/airflow/.local/lib/python3.12/site-packages/airflow/example_dags/example_task_group.py
[2024-10-04T00:20:14.053+0000] {processor.py:914} INFO - Processing file /home/airflow/.local/lib/python3.12/site-packages/airflow/example_dags/example_task_group.py for tasks to queue
[2024-10-04T00:20:14.053+0000] {logging_mixin.py:190} INFO - [2024-10-04T00:20:14.053+0000] {dagbag.py:588} INFO - Filling up the DagBag from /home/airflow/.local/lib/python3.12/site-packages/airflow/example_dags/example_task_group.py
[2024-10-04T00:20:14.058+0000] {processor.py:925} INFO - DAG(s) 'example_task_group' retrieved from /home/airflow/.local/lib/python3.12/site-packages/airflow/example_dags/example_task_group.py
[2024-10-04T00:20:14.070+0000] {logging_mixin.py:190} INFO - [2024-10-04T00:20:14.070+0000] {dag.py:3239} INFO - Sync 1 DAGs
[2024-10-04T00:20:14.077+0000] {logging_mixin.py:190} INFO - [2024-10-04T00:20:14.076+0000] {dag.py:4180} INFO - Setting next_dagrun for example_task_group to None, run_after=None
[2024-10-04T00:20:14.086+0000] {processor.py:208} INFO - Processing /home/airflow/.local/lib/python3.12/site-packages/airflow/example_dags/example_task_group.py took 0.037 seconds
[2024-10-04T00:20:44.666+0000] {processor.py:186} INFO - Started process (PID=97428) to work on /home/airflow/.local/lib/python3.12/site-packages/airflow/example_dags/example_task_group.py
[2024-10-04T00:20:44.666+0000] {processor.py:914} INFO - Processing file /home/airflow/.local/lib/python3.12/site-packages/airflow/example_dags/example_task_group.py for tasks to queue
[2024-10-04T00:20:44.667+0000] {logging_mixin.py:190} INFO - [2024-10-04T00:20:44.667+0000] {dagbag.py:588} INFO - Filling up the DagBag from /home/airflow/.local/lib/python3.12/site-packages/airflow/example_dags/example_task_group.py
[2024-10-04T00:20:44.671+0000] {processor.py:925} INFO - DAG(s) 'example_task_group' retrieved from /home/airflow/.local/lib/python3.12/site-packages/airflow/example_dags/example_task_group.py
[2024-10-04T00:20:44.682+0000] {logging_mixin.py:190} INFO - [2024-10-04T00:20:44.682+0000] {dag.py:3239} INFO - Sync 1 DAGs
[2024-10-04T00:20:44.690+0000] {logging_mixin.py:190} INFO - [2024-10-04T00:20:44.690+0000] {dag.py:4180} INFO - Setting next_dagrun for example_task_group to None, run_after=None
[2024-10-04T00:20:44.698+0000] {processor.py:208} INFO - Processing /home/airflow/.local/lib/python3.12/site-packages/airflow/example_dags/example_task_group.py took 0.036 seconds
[2024-10-04T00:21:15.378+0000] {processor.py:186} INFO - Started process (PID=97491) to work on /home/airflow/.local/lib/python3.12/site-packages/airflow/example_dags/example_task_group.py
[2024-10-04T00:21:15.378+0000] {processor.py:914} INFO - Processing file /home/airflow/.local/lib/python3.12/site-packages/airflow/example_dags/example_task_group.py for tasks to queue
[2024-10-04T00:21:15.379+0000] {logging_mixin.py:190} INFO - [2024-10-04T00:21:15.379+0000] {dagbag.py:588} INFO - Filling up the DagBag from /home/airflow/.local/lib/python3.12/site-packages/airflow/example_dags/example_task_group.py
[2024-10-04T00:21:15.399+0000] {processor.py:925} INFO - DAG(s) 'example_task_group' retrieved from /home/airflow/.local/lib/python3.12/site-packages/airflow/example_dags/example_task_group.py
[2024-10-04T00:21:15.414+0000] {logging_mixin.py:190} INFO - [2024-10-04T00:21:15.414+0000] {dag.py:3239} INFO - Sync 1 DAGs
[2024-10-04T00:21:15.424+0000] {logging_mixin.py:190} INFO - [2024-10-04T00:21:15.424+0000] {dag.py:4180} INFO - Setting next_dagrun for example_task_group to None, run_after=None
[2024-10-04T00:21:15.444+0000] {processor.py:208} INFO - Processing /home/airflow/.local/lib/python3.12/site-packages/airflow/example_dags/example_task_group.py took 0.069 seconds
[2024-10-04T00:21:46.281+0000] {processor.py:186} INFO - Started process (PID=97554) to work on /home/airflow/.local/lib/python3.12/site-packages/airflow/example_dags/example_task_group.py
[2024-10-04T00:21:46.282+0000] {processor.py:914} INFO - Processing file /home/airflow/.local/lib/python3.12/site-packages/airflow/example_dags/example_task_group.py for tasks to queue
[2024-10-04T00:21:46.282+0000] {logging_mixin.py:190} INFO - [2024-10-04T00:21:46.282+0000] {dagbag.py:588} INFO - Filling up the DagBag from /home/airflow/.local/lib/python3.12/site-packages/airflow/example_dags/example_task_group.py
[2024-10-04T00:21:46.287+0000] {processor.py:925} INFO - DAG(s) 'example_task_group' retrieved from /home/airflow/.local/lib/python3.12/site-packages/airflow/example_dags/example_task_group.py
[2024-10-04T00:21:46.297+0000] {logging_mixin.py:190} INFO - [2024-10-04T00:21:46.297+0000] {dag.py:3239} INFO - Sync 1 DAGs
[2024-10-04T00:21:46.304+0000] {logging_mixin.py:190} INFO - [2024-10-04T00:21:46.304+0000] {dag.py:4180} INFO - Setting next_dagrun for example_task_group to None, run_after=None
[2024-10-04T00:21:46.314+0000] {processor.py:208} INFO - Processing /home/airflow/.local/lib/python3.12/site-packages/airflow/example_dags/example_task_group.py took 0.036 seconds
