[2024-10-04T00:00:28.792+0000] {processor.py:186} INFO - Started process (PID=94901) to work on /home/airflow/.local/lib/python3.12/site-packages/airflow/example_dags/example_sensors.py
[2024-10-04T00:00:28.793+0000] {processor.py:914} INFO - Processing file /home/airflow/.local/lib/python3.12/site-packages/airflow/example_dags/example_sensors.py for tasks to queue
[2024-10-04T00:00:28.793+0000] {logging_mixin.py:190} INFO - [2024-10-04T00:00:28.793+0000] {dagbag.py:588} INFO - Filling up the DagBag from /home/airflow/.local/lib/python3.12/site-packages/airflow/example_dags/example_sensors.py
[2024-10-04T00:00:28.800+0000] {processor.py:925} INFO - DAG(s) 'example_sensors' retrieved from /home/airflow/.local/lib/python3.12/site-packages/airflow/example_dags/example_sensors.py
[2024-10-04T00:00:28.811+0000] {logging_mixin.py:190} INFO - [2024-10-04T00:00:28.811+0000] {dag.py:3239} INFO - Sync 1 DAGs
[2024-10-04T00:00:28.818+0000] {logging_mixin.py:190} INFO - [2024-10-04T00:00:28.818+0000] {dag.py:4180} INFO - Setting next_dagrun for example_sensors to None, run_after=None
[2024-10-04T00:00:28.827+0000] {processor.py:208} INFO - Processing /home/airflow/.local/lib/python3.12/site-packages/airflow/example_dags/example_sensors.py took 0.037 seconds
[2024-10-04T00:00:58.982+0000] {processor.py:186} INFO - Started process (PID=94964) to work on /home/airflow/.local/lib/python3.12/site-packages/airflow/example_dags/example_sensors.py
[2024-10-04T00:00:58.983+0000] {processor.py:914} INFO - Processing file /home/airflow/.local/lib/python3.12/site-packages/airflow/example_dags/example_sensors.py for tasks to queue
[2024-10-04T00:00:58.984+0000] {logging_mixin.py:190} INFO - [2024-10-04T00:00:58.983+0000] {dagbag.py:588} INFO - Filling up the DagBag from /home/airflow/.local/lib/python3.12/site-packages/airflow/example_dags/example_sensors.py
[2024-10-04T00:00:58.989+0000] {processor.py:925} INFO - DAG(s) 'example_sensors' retrieved from /home/airflow/.local/lib/python3.12/site-packages/airflow/example_dags/example_sensors.py
[2024-10-04T00:00:59.001+0000] {logging_mixin.py:190} INFO - [2024-10-04T00:00:59.000+0000] {dag.py:3239} INFO - Sync 1 DAGs
[2024-10-04T00:00:59.006+0000] {logging_mixin.py:190} INFO - [2024-10-04T00:00:59.006+0000] {dag.py:4180} INFO - Setting next_dagrun for example_sensors to None, run_after=None
[2024-10-04T00:00:59.016+0000] {processor.py:208} INFO - Processing /home/airflow/.local/lib/python3.12/site-packages/airflow/example_dags/example_sensors.py took 0.036 seconds
[2024-10-04T00:01:29.074+0000] {processor.py:186} INFO - Started process (PID=95027) to work on /home/airflow/.local/lib/python3.12/site-packages/airflow/example_dags/example_sensors.py
[2024-10-04T00:01:29.074+0000] {processor.py:914} INFO - Processing file /home/airflow/.local/lib/python3.12/site-packages/airflow/example_dags/example_sensors.py for tasks to queue
[2024-10-04T00:01:29.075+0000] {logging_mixin.py:190} INFO - [2024-10-04T00:01:29.075+0000] {dagbag.py:588} INFO - Filling up the DagBag from /home/airflow/.local/lib/python3.12/site-packages/airflow/example_dags/example_sensors.py
[2024-10-04T00:01:29.080+0000] {processor.py:925} INFO - DAG(s) 'example_sensors' retrieved from /home/airflow/.local/lib/python3.12/site-packages/airflow/example_dags/example_sensors.py
[2024-10-04T00:01:29.091+0000] {logging_mixin.py:190} INFO - [2024-10-04T00:01:29.091+0000] {dag.py:3239} INFO - Sync 1 DAGs
[2024-10-04T00:01:29.097+0000] {logging_mixin.py:190} INFO - [2024-10-04T00:01:29.097+0000] {dag.py:4180} INFO - Setting next_dagrun for example_sensors to None, run_after=None
[2024-10-04T00:01:29.106+0000] {processor.py:208} INFO - Processing /home/airflow/.local/lib/python3.12/site-packages/airflow/example_dags/example_sensors.py took 0.035 seconds
[2024-10-04T00:01:59.404+0000] {processor.py:186} INFO - Started process (PID=95090) to work on /home/airflow/.local/lib/python3.12/site-packages/airflow/example_dags/example_sensors.py
[2024-10-04T00:01:59.405+0000] {processor.py:914} INFO - Processing file /home/airflow/.local/lib/python3.12/site-packages/airflow/example_dags/example_sensors.py for tasks to queue
[2024-10-04T00:01:59.405+0000] {logging_mixin.py:190} INFO - [2024-10-04T00:01:59.405+0000] {dagbag.py:588} INFO - Filling up the DagBag from /home/airflow/.local/lib/python3.12/site-packages/airflow/example_dags/example_sensors.py
[2024-10-04T00:01:59.412+0000] {processor.py:925} INFO - DAG(s) 'example_sensors' retrieved from /home/airflow/.local/lib/python3.12/site-packages/airflow/example_dags/example_sensors.py
[2024-10-04T00:01:59.423+0000] {logging_mixin.py:190} INFO - [2024-10-04T00:01:59.423+0000] {dag.py:3239} INFO - Sync 1 DAGs
[2024-10-04T00:01:59.430+0000] {logging_mixin.py:190} INFO - [2024-10-04T00:01:59.430+0000] {dag.py:4180} INFO - Setting next_dagrun for example_sensors to None, run_after=None
[2024-10-04T00:01:59.441+0000] {processor.py:208} INFO - Processing /home/airflow/.local/lib/python3.12/site-packages/airflow/example_dags/example_sensors.py took 0.040 seconds
[2024-10-04T00:02:29.695+0000] {processor.py:186} INFO - Started process (PID=95153) to work on /home/airflow/.local/lib/python3.12/site-packages/airflow/example_dags/example_sensors.py
[2024-10-04T00:02:29.696+0000] {processor.py:914} INFO - Processing file /home/airflow/.local/lib/python3.12/site-packages/airflow/example_dags/example_sensors.py for tasks to queue
[2024-10-04T00:02:29.696+0000] {logging_mixin.py:190} INFO - [2024-10-04T00:02:29.696+0000] {dagbag.py:588} INFO - Filling up the DagBag from /home/airflow/.local/lib/python3.12/site-packages/airflow/example_dags/example_sensors.py
[2024-10-04T00:02:29.703+0000] {processor.py:925} INFO - DAG(s) 'example_sensors' retrieved from /home/airflow/.local/lib/python3.12/site-packages/airflow/example_dags/example_sensors.py
[2024-10-04T00:02:29.716+0000] {logging_mixin.py:190} INFO - [2024-10-04T00:02:29.716+0000] {dag.py:3239} INFO - Sync 1 DAGs
[2024-10-04T00:02:29.723+0000] {logging_mixin.py:190} INFO - [2024-10-04T00:02:29.723+0000] {dag.py:4180} INFO - Setting next_dagrun for example_sensors to None, run_after=None
[2024-10-04T00:02:29.732+0000] {processor.py:208} INFO - Processing /home/airflow/.local/lib/python3.12/site-packages/airflow/example_dags/example_sensors.py took 0.040 seconds
[2024-10-04T00:02:59.857+0000] {processor.py:186} INFO - Started process (PID=95216) to work on /home/airflow/.local/lib/python3.12/site-packages/airflow/example_dags/example_sensors.py
[2024-10-04T00:02:59.857+0000] {processor.py:914} INFO - Processing file /home/airflow/.local/lib/python3.12/site-packages/airflow/example_dags/example_sensors.py for tasks to queue
[2024-10-04T00:02:59.858+0000] {logging_mixin.py:190} INFO - [2024-10-04T00:02:59.858+0000] {dagbag.py:588} INFO - Filling up the DagBag from /home/airflow/.local/lib/python3.12/site-packages/airflow/example_dags/example_sensors.py
[2024-10-04T00:02:59.864+0000] {processor.py:925} INFO - DAG(s) 'example_sensors' retrieved from /home/airflow/.local/lib/python3.12/site-packages/airflow/example_dags/example_sensors.py
[2024-10-04T00:02:59.877+0000] {logging_mixin.py:190} INFO - [2024-10-04T00:02:59.876+0000] {dag.py:3239} INFO - Sync 1 DAGs
[2024-10-04T00:02:59.883+0000] {logging_mixin.py:190} INFO - [2024-10-04T00:02:59.883+0000] {dag.py:4180} INFO - Setting next_dagrun for example_sensors to None, run_after=None
[2024-10-04T00:02:59.891+0000] {processor.py:208} INFO - Processing /home/airflow/.local/lib/python3.12/site-packages/airflow/example_dags/example_sensors.py took 0.038 seconds
[2024-10-04T00:03:30.047+0000] {processor.py:186} INFO - Started process (PID=95279) to work on /home/airflow/.local/lib/python3.12/site-packages/airflow/example_dags/example_sensors.py
[2024-10-04T00:03:30.047+0000] {processor.py:914} INFO - Processing file /home/airflow/.local/lib/python3.12/site-packages/airflow/example_dags/example_sensors.py for tasks to queue
[2024-10-04T00:03:30.048+0000] {logging_mixin.py:190} INFO - [2024-10-04T00:03:30.048+0000] {dagbag.py:588} INFO - Filling up the DagBag from /home/airflow/.local/lib/python3.12/site-packages/airflow/example_dags/example_sensors.py
[2024-10-04T00:03:30.055+0000] {processor.py:925} INFO - DAG(s) 'example_sensors' retrieved from /home/airflow/.local/lib/python3.12/site-packages/airflow/example_dags/example_sensors.py
[2024-10-04T00:03:30.066+0000] {logging_mixin.py:190} INFO - [2024-10-04T00:03:30.066+0000] {dag.py:3239} INFO - Sync 1 DAGs
[2024-10-04T00:03:30.073+0000] {logging_mixin.py:190} INFO - [2024-10-04T00:03:30.073+0000] {dag.py:4180} INFO - Setting next_dagrun for example_sensors to None, run_after=None
[2024-10-04T00:03:30.082+0000] {processor.py:208} INFO - Processing /home/airflow/.local/lib/python3.12/site-packages/airflow/example_dags/example_sensors.py took 0.039 seconds
[2024-10-04T00:04:00.239+0000] {processor.py:186} INFO - Started process (PID=95342) to work on /home/airflow/.local/lib/python3.12/site-packages/airflow/example_dags/example_sensors.py
[2024-10-04T00:04:00.239+0000] {processor.py:914} INFO - Processing file /home/airflow/.local/lib/python3.12/site-packages/airflow/example_dags/example_sensors.py for tasks to queue
[2024-10-04T00:04:00.240+0000] {logging_mixin.py:190} INFO - [2024-10-04T00:04:00.240+0000] {dagbag.py:588} INFO - Filling up the DagBag from /home/airflow/.local/lib/python3.12/site-packages/airflow/example_dags/example_sensors.py
[2024-10-04T00:04:00.246+0000] {processor.py:925} INFO - DAG(s) 'example_sensors' retrieved from /home/airflow/.local/lib/python3.12/site-packages/airflow/example_dags/example_sensors.py
[2024-10-04T00:04:00.259+0000] {logging_mixin.py:190} INFO - [2024-10-04T00:04:00.259+0000] {dag.py:3239} INFO - Sync 1 DAGs
[2024-10-04T00:04:00.266+0000] {logging_mixin.py:190} INFO - [2024-10-04T00:04:00.266+0000] {dag.py:4180} INFO - Setting next_dagrun for example_sensors to None, run_after=None
[2024-10-04T00:04:00.276+0000] {processor.py:208} INFO - Processing /home/airflow/.local/lib/python3.12/site-packages/airflow/example_dags/example_sensors.py took 0.041 seconds
[2024-10-04T00:04:30.531+0000] {processor.py:186} INFO - Started process (PID=95405) to work on /home/airflow/.local/lib/python3.12/site-packages/airflow/example_dags/example_sensors.py
[2024-10-04T00:04:30.532+0000] {processor.py:914} INFO - Processing file /home/airflow/.local/lib/python3.12/site-packages/airflow/example_dags/example_sensors.py for tasks to queue
[2024-10-04T00:04:30.533+0000] {logging_mixin.py:190} INFO - [2024-10-04T00:04:30.532+0000] {dagbag.py:588} INFO - Filling up the DagBag from /home/airflow/.local/lib/python3.12/site-packages/airflow/example_dags/example_sensors.py
[2024-10-04T00:04:30.539+0000] {processor.py:925} INFO - DAG(s) 'example_sensors' retrieved from /home/airflow/.local/lib/python3.12/site-packages/airflow/example_dags/example_sensors.py
[2024-10-04T00:04:30.553+0000] {logging_mixin.py:190} INFO - [2024-10-04T00:04:30.552+0000] {dag.py:3239} INFO - Sync 1 DAGs
[2024-10-04T00:04:30.559+0000] {logging_mixin.py:190} INFO - [2024-10-04T00:04:30.559+0000] {dag.py:4180} INFO - Setting next_dagrun for example_sensors to None, run_after=None
[2024-10-04T00:04:30.572+0000] {processor.py:208} INFO - Processing /home/airflow/.local/lib/python3.12/site-packages/airflow/example_dags/example_sensors.py took 0.044 seconds
[2024-10-04T00:05:00.723+0000] {processor.py:186} INFO - Started process (PID=95468) to work on /home/airflow/.local/lib/python3.12/site-packages/airflow/example_dags/example_sensors.py
[2024-10-04T00:05:00.723+0000] {processor.py:914} INFO - Processing file /home/airflow/.local/lib/python3.12/site-packages/airflow/example_dags/example_sensors.py for tasks to queue
[2024-10-04T00:05:00.724+0000] {logging_mixin.py:190} INFO - [2024-10-04T00:05:00.724+0000] {dagbag.py:588} INFO - Filling up the DagBag from /home/airflow/.local/lib/python3.12/site-packages/airflow/example_dags/example_sensors.py
[2024-10-04T00:05:00.730+0000] {processor.py:925} INFO - DAG(s) 'example_sensors' retrieved from /home/airflow/.local/lib/python3.12/site-packages/airflow/example_dags/example_sensors.py
[2024-10-04T00:05:00.743+0000] {logging_mixin.py:190} INFO - [2024-10-04T00:05:00.743+0000] {dag.py:3239} INFO - Sync 1 DAGs
[2024-10-04T00:05:00.750+0000] {logging_mixin.py:190} INFO - [2024-10-04T00:05:00.750+0000] {dag.py:4180} INFO - Setting next_dagrun for example_sensors to None, run_after=None
[2024-10-04T00:05:00.760+0000] {processor.py:208} INFO - Processing /home/airflow/.local/lib/python3.12/site-packages/airflow/example_dags/example_sensors.py took 0.040 seconds
[2024-10-04T00:05:31.102+0000] {processor.py:186} INFO - Started process (PID=95531) to work on /home/airflow/.local/lib/python3.12/site-packages/airflow/example_dags/example_sensors.py
[2024-10-04T00:05:31.103+0000] {processor.py:914} INFO - Processing file /home/airflow/.local/lib/python3.12/site-packages/airflow/example_dags/example_sensors.py for tasks to queue
[2024-10-04T00:05:31.103+0000] {logging_mixin.py:190} INFO - [2024-10-04T00:05:31.103+0000] {dagbag.py:588} INFO - Filling up the DagBag from /home/airflow/.local/lib/python3.12/site-packages/airflow/example_dags/example_sensors.py
[2024-10-04T00:05:31.110+0000] {processor.py:925} INFO - DAG(s) 'example_sensors' retrieved from /home/airflow/.local/lib/python3.12/site-packages/airflow/example_dags/example_sensors.py
[2024-10-04T00:05:31.123+0000] {logging_mixin.py:190} INFO - [2024-10-04T00:05:31.122+0000] {dag.py:3239} INFO - Sync 1 DAGs
[2024-10-04T00:05:31.129+0000] {logging_mixin.py:190} INFO - [2024-10-04T00:05:31.129+0000] {dag.py:4180} INFO - Setting next_dagrun for example_sensors to None, run_after=None
[2024-10-04T00:05:31.138+0000] {processor.py:208} INFO - Processing /home/airflow/.local/lib/python3.12/site-packages/airflow/example_dags/example_sensors.py took 0.039 seconds
[2024-10-04T00:06:01.296+0000] {processor.py:186} INFO - Started process (PID=95594) to work on /home/airflow/.local/lib/python3.12/site-packages/airflow/example_dags/example_sensors.py
[2024-10-04T00:06:01.297+0000] {processor.py:914} INFO - Processing file /home/airflow/.local/lib/python3.12/site-packages/airflow/example_dags/example_sensors.py for tasks to queue
[2024-10-04T00:06:01.297+0000] {logging_mixin.py:190} INFO - [2024-10-04T00:06:01.297+0000] {dagbag.py:588} INFO - Filling up the DagBag from /home/airflow/.local/lib/python3.12/site-packages/airflow/example_dags/example_sensors.py
[2024-10-04T00:06:01.303+0000] {processor.py:925} INFO - DAG(s) 'example_sensors' retrieved from /home/airflow/.local/lib/python3.12/site-packages/airflow/example_dags/example_sensors.py
[2024-10-04T00:06:01.315+0000] {logging_mixin.py:190} INFO - [2024-10-04T00:06:01.314+0000] {dag.py:3239} INFO - Sync 1 DAGs
[2024-10-04T00:06:01.321+0000] {logging_mixin.py:190} INFO - [2024-10-04T00:06:01.321+0000] {dag.py:4180} INFO - Setting next_dagrun for example_sensors to None, run_after=None
[2024-10-04T00:06:01.330+0000] {processor.py:208} INFO - Processing /home/airflow/.local/lib/python3.12/site-packages/airflow/example_dags/example_sensors.py took 0.037 seconds
[2024-10-04T00:06:31.528+0000] {processor.py:186} INFO - Started process (PID=95657) to work on /home/airflow/.local/lib/python3.12/site-packages/airflow/example_dags/example_sensors.py
[2024-10-04T00:06:31.529+0000] {processor.py:914} INFO - Processing file /home/airflow/.local/lib/python3.12/site-packages/airflow/example_dags/example_sensors.py for tasks to queue
[2024-10-04T00:06:31.529+0000] {logging_mixin.py:190} INFO - [2024-10-04T00:06:31.529+0000] {dagbag.py:588} INFO - Filling up the DagBag from /home/airflow/.local/lib/python3.12/site-packages/airflow/example_dags/example_sensors.py
[2024-10-04T00:06:31.535+0000] {processor.py:925} INFO - DAG(s) 'example_sensors' retrieved from /home/airflow/.local/lib/python3.12/site-packages/airflow/example_dags/example_sensors.py
[2024-10-04T00:06:31.546+0000] {logging_mixin.py:190} INFO - [2024-10-04T00:06:31.546+0000] {dag.py:3239} INFO - Sync 1 DAGs
[2024-10-04T00:06:31.553+0000] {logging_mixin.py:190} INFO - [2024-10-04T00:06:31.553+0000] {dag.py:4180} INFO - Setting next_dagrun for example_sensors to None, run_after=None
[2024-10-04T00:06:31.563+0000] {processor.py:208} INFO - Processing /home/airflow/.local/lib/python3.12/site-packages/airflow/example_dags/example_sensors.py took 0.037 seconds
[2024-10-04T00:07:01.803+0000] {processor.py:186} INFO - Started process (PID=95720) to work on /home/airflow/.local/lib/python3.12/site-packages/airflow/example_dags/example_sensors.py
[2024-10-04T00:07:01.803+0000] {processor.py:914} INFO - Processing file /home/airflow/.local/lib/python3.12/site-packages/airflow/example_dags/example_sensors.py for tasks to queue
[2024-10-04T00:07:01.804+0000] {logging_mixin.py:190} INFO - [2024-10-04T00:07:01.803+0000] {dagbag.py:588} INFO - Filling up the DagBag from /home/airflow/.local/lib/python3.12/site-packages/airflow/example_dags/example_sensors.py
[2024-10-04T00:07:01.810+0000] {processor.py:925} INFO - DAG(s) 'example_sensors' retrieved from /home/airflow/.local/lib/python3.12/site-packages/airflow/example_dags/example_sensors.py
[2024-10-04T00:07:01.824+0000] {logging_mixin.py:190} INFO - [2024-10-04T00:07:01.824+0000] {dag.py:3239} INFO - Sync 1 DAGs
[2024-10-04T00:07:01.830+0000] {logging_mixin.py:190} INFO - [2024-10-04T00:07:01.830+0000] {dag.py:4180} INFO - Setting next_dagrun for example_sensors to None, run_after=None
[2024-10-04T00:07:01.840+0000] {processor.py:208} INFO - Processing /home/airflow/.local/lib/python3.12/site-packages/airflow/example_dags/example_sensors.py took 0.040 seconds
[2024-10-04T00:07:32.080+0000] {processor.py:186} INFO - Started process (PID=95783) to work on /home/airflow/.local/lib/python3.12/site-packages/airflow/example_dags/example_sensors.py
[2024-10-04T00:07:32.080+0000] {processor.py:914} INFO - Processing file /home/airflow/.local/lib/python3.12/site-packages/airflow/example_dags/example_sensors.py for tasks to queue
[2024-10-04T00:07:32.081+0000] {logging_mixin.py:190} INFO - [2024-10-04T00:07:32.081+0000] {dagbag.py:588} INFO - Filling up the DagBag from /home/airflow/.local/lib/python3.12/site-packages/airflow/example_dags/example_sensors.py
[2024-10-04T00:07:32.088+0000] {processor.py:925} INFO - DAG(s) 'example_sensors' retrieved from /home/airflow/.local/lib/python3.12/site-packages/airflow/example_dags/example_sensors.py
[2024-10-04T00:07:32.100+0000] {logging_mixin.py:190} INFO - [2024-10-04T00:07:32.100+0000] {dag.py:3239} INFO - Sync 1 DAGs
[2024-10-04T00:07:32.106+0000] {logging_mixin.py:190} INFO - [2024-10-04T00:07:32.106+0000] {dag.py:4180} INFO - Setting next_dagrun for example_sensors to None, run_after=None
[2024-10-04T00:07:32.119+0000] {processor.py:208} INFO - Processing /home/airflow/.local/lib/python3.12/site-packages/airflow/example_dags/example_sensors.py took 0.042 seconds
[2024-10-04T00:08:02.279+0000] {processor.py:186} INFO - Started process (PID=95846) to work on /home/airflow/.local/lib/python3.12/site-packages/airflow/example_dags/example_sensors.py
[2024-10-04T00:08:02.279+0000] {processor.py:914} INFO - Processing file /home/airflow/.local/lib/python3.12/site-packages/airflow/example_dags/example_sensors.py for tasks to queue
[2024-10-04T00:08:02.280+0000] {logging_mixin.py:190} INFO - [2024-10-04T00:08:02.279+0000] {dagbag.py:588} INFO - Filling up the DagBag from /home/airflow/.local/lib/python3.12/site-packages/airflow/example_dags/example_sensors.py
[2024-10-04T00:08:02.286+0000] {processor.py:925} INFO - DAG(s) 'example_sensors' retrieved from /home/airflow/.local/lib/python3.12/site-packages/airflow/example_dags/example_sensors.py
[2024-10-04T00:08:02.299+0000] {logging_mixin.py:190} INFO - [2024-10-04T00:08:02.299+0000] {dag.py:3239} INFO - Sync 1 DAGs
[2024-10-04T00:08:02.306+0000] {logging_mixin.py:190} INFO - [2024-10-04T00:08:02.306+0000] {dag.py:4180} INFO - Setting next_dagrun for example_sensors to None, run_after=None
[2024-10-04T00:08:02.315+0000] {processor.py:208} INFO - Processing /home/airflow/.local/lib/python3.12/site-packages/airflow/example_dags/example_sensors.py took 0.040 seconds
[2024-10-04T00:08:32.728+0000] {processor.py:186} INFO - Started process (PID=95909) to work on /home/airflow/.local/lib/python3.12/site-packages/airflow/example_dags/example_sensors.py
[2024-10-04T00:08:32.728+0000] {processor.py:914} INFO - Processing file /home/airflow/.local/lib/python3.12/site-packages/airflow/example_dags/example_sensors.py for tasks to queue
[2024-10-04T00:08:32.729+0000] {logging_mixin.py:190} INFO - [2024-10-04T00:08:32.729+0000] {dagbag.py:588} INFO - Filling up the DagBag from /home/airflow/.local/lib/python3.12/site-packages/airflow/example_dags/example_sensors.py
[2024-10-04T00:08:32.735+0000] {processor.py:925} INFO - DAG(s) 'example_sensors' retrieved from /home/airflow/.local/lib/python3.12/site-packages/airflow/example_dags/example_sensors.py
[2024-10-04T00:08:32.748+0000] {logging_mixin.py:190} INFO - [2024-10-04T00:08:32.748+0000] {dag.py:3239} INFO - Sync 1 DAGs
[2024-10-04T00:08:32.755+0000] {logging_mixin.py:190} INFO - [2024-10-04T00:08:32.755+0000] {dag.py:4180} INFO - Setting next_dagrun for example_sensors to None, run_after=None
[2024-10-04T00:08:32.764+0000] {processor.py:208} INFO - Processing /home/airflow/.local/lib/python3.12/site-packages/airflow/example_dags/example_sensors.py took 0.039 seconds
[2024-10-04T00:09:03.072+0000] {processor.py:186} INFO - Started process (PID=95972) to work on /home/airflow/.local/lib/python3.12/site-packages/airflow/example_dags/example_sensors.py
[2024-10-04T00:09:03.072+0000] {processor.py:914} INFO - Processing file /home/airflow/.local/lib/python3.12/site-packages/airflow/example_dags/example_sensors.py for tasks to queue
[2024-10-04T00:09:03.073+0000] {logging_mixin.py:190} INFO - [2024-10-04T00:09:03.073+0000] {dagbag.py:588} INFO - Filling up the DagBag from /home/airflow/.local/lib/python3.12/site-packages/airflow/example_dags/example_sensors.py
[2024-10-04T00:09:03.080+0000] {processor.py:925} INFO - DAG(s) 'example_sensors' retrieved from /home/airflow/.local/lib/python3.12/site-packages/airflow/example_dags/example_sensors.py
[2024-10-04T00:09:03.092+0000] {logging_mixin.py:190} INFO - [2024-10-04T00:09:03.092+0000] {dag.py:3239} INFO - Sync 1 DAGs
[2024-10-04T00:09:03.098+0000] {logging_mixin.py:190} INFO - [2024-10-04T00:09:03.098+0000] {dag.py:4180} INFO - Setting next_dagrun for example_sensors to None, run_after=None
[2024-10-04T00:09:03.107+0000] {processor.py:208} INFO - Processing /home/airflow/.local/lib/python3.12/site-packages/airflow/example_dags/example_sensors.py took 0.039 seconds
[2024-10-04T00:09:33.380+0000] {processor.py:186} INFO - Started process (PID=96035) to work on /home/airflow/.local/lib/python3.12/site-packages/airflow/example_dags/example_sensors.py
[2024-10-04T00:09:33.381+0000] {processor.py:914} INFO - Processing file /home/airflow/.local/lib/python3.12/site-packages/airflow/example_dags/example_sensors.py for tasks to queue
[2024-10-04T00:09:33.382+0000] {logging_mixin.py:190} INFO - [2024-10-04T00:09:33.382+0000] {dagbag.py:588} INFO - Filling up the DagBag from /home/airflow/.local/lib/python3.12/site-packages/airflow/example_dags/example_sensors.py
[2024-10-04T00:09:33.388+0000] {processor.py:925} INFO - DAG(s) 'example_sensors' retrieved from /home/airflow/.local/lib/python3.12/site-packages/airflow/example_dags/example_sensors.py
[2024-10-04T00:09:33.400+0000] {logging_mixin.py:190} INFO - [2024-10-04T00:09:33.400+0000] {dag.py:3239} INFO - Sync 1 DAGs
[2024-10-04T00:09:33.413+0000] {logging_mixin.py:190} INFO - [2024-10-04T00:09:33.413+0000] {dag.py:4180} INFO - Setting next_dagrun for example_sensors to None, run_after=None
[2024-10-04T00:09:33.424+0000] {processor.py:208} INFO - Processing /home/airflow/.local/lib/python3.12/site-packages/airflow/example_dags/example_sensors.py took 0.047 seconds
[2024-10-04T00:10:03.691+0000] {processor.py:186} INFO - Started process (PID=96098) to work on /home/airflow/.local/lib/python3.12/site-packages/airflow/example_dags/example_sensors.py
[2024-10-04T00:10:03.691+0000] {processor.py:914} INFO - Processing file /home/airflow/.local/lib/python3.12/site-packages/airflow/example_dags/example_sensors.py for tasks to queue
[2024-10-04T00:10:03.692+0000] {logging_mixin.py:190} INFO - [2024-10-04T00:10:03.692+0000] {dagbag.py:588} INFO - Filling up the DagBag from /home/airflow/.local/lib/python3.12/site-packages/airflow/example_dags/example_sensors.py
[2024-10-04T00:10:03.698+0000] {processor.py:925} INFO - DAG(s) 'example_sensors' retrieved from /home/airflow/.local/lib/python3.12/site-packages/airflow/example_dags/example_sensors.py
[2024-10-04T00:10:03.710+0000] {logging_mixin.py:190} INFO - [2024-10-04T00:10:03.710+0000] {dag.py:3239} INFO - Sync 1 DAGs
[2024-10-04T00:10:03.717+0000] {logging_mixin.py:190} INFO - [2024-10-04T00:10:03.717+0000] {dag.py:4180} INFO - Setting next_dagrun for example_sensors to None, run_after=None
[2024-10-04T00:10:03.725+0000] {processor.py:208} INFO - Processing /home/airflow/.local/lib/python3.12/site-packages/airflow/example_dags/example_sensors.py took 0.038 seconds
[2024-10-04T00:10:33.930+0000] {processor.py:186} INFO - Started process (PID=96161) to work on /home/airflow/.local/lib/python3.12/site-packages/airflow/example_dags/example_sensors.py
[2024-10-04T00:10:33.930+0000] {processor.py:914} INFO - Processing file /home/airflow/.local/lib/python3.12/site-packages/airflow/example_dags/example_sensors.py for tasks to queue
[2024-10-04T00:10:33.931+0000] {logging_mixin.py:190} INFO - [2024-10-04T00:10:33.931+0000] {dagbag.py:588} INFO - Filling up the DagBag from /home/airflow/.local/lib/python3.12/site-packages/airflow/example_dags/example_sensors.py
[2024-10-04T00:10:33.937+0000] {processor.py:925} INFO - DAG(s) 'example_sensors' retrieved from /home/airflow/.local/lib/python3.12/site-packages/airflow/example_dags/example_sensors.py
[2024-10-04T00:10:33.950+0000] {logging_mixin.py:190} INFO - [2024-10-04T00:10:33.949+0000] {dag.py:3239} INFO - Sync 1 DAGs
[2024-10-04T00:10:33.956+0000] {logging_mixin.py:190} INFO - [2024-10-04T00:10:33.956+0000] {dag.py:4180} INFO - Setting next_dagrun for example_sensors to None, run_after=None
[2024-10-04T00:10:33.965+0000] {processor.py:208} INFO - Processing /home/airflow/.local/lib/python3.12/site-packages/airflow/example_dags/example_sensors.py took 0.038 seconds
[2024-10-04T00:11:04.398+0000] {processor.py:186} INFO - Started process (PID=96224) to work on /home/airflow/.local/lib/python3.12/site-packages/airflow/example_dags/example_sensors.py
[2024-10-04T00:11:04.399+0000] {processor.py:914} INFO - Processing file /home/airflow/.local/lib/python3.12/site-packages/airflow/example_dags/example_sensors.py for tasks to queue
[2024-10-04T00:11:04.399+0000] {logging_mixin.py:190} INFO - [2024-10-04T00:11:04.399+0000] {dagbag.py:588} INFO - Filling up the DagBag from /home/airflow/.local/lib/python3.12/site-packages/airflow/example_dags/example_sensors.py
[2024-10-04T00:11:04.405+0000] {processor.py:925} INFO - DAG(s) 'example_sensors' retrieved from /home/airflow/.local/lib/python3.12/site-packages/airflow/example_dags/example_sensors.py
[2024-10-04T00:11:04.417+0000] {logging_mixin.py:190} INFO - [2024-10-04T00:11:04.417+0000] {dag.py:3239} INFO - Sync 1 DAGs
[2024-10-04T00:11:04.424+0000] {logging_mixin.py:190} INFO - [2024-10-04T00:11:04.424+0000] {dag.py:4180} INFO - Setting next_dagrun for example_sensors to None, run_after=None
[2024-10-04T00:11:04.433+0000] {processor.py:208} INFO - Processing /home/airflow/.local/lib/python3.12/site-packages/airflow/example_dags/example_sensors.py took 0.039 seconds
[2024-10-04T00:11:34.822+0000] {processor.py:186} INFO - Started process (PID=96287) to work on /home/airflow/.local/lib/python3.12/site-packages/airflow/example_dags/example_sensors.py
[2024-10-04T00:11:34.823+0000] {processor.py:914} INFO - Processing file /home/airflow/.local/lib/python3.12/site-packages/airflow/example_dags/example_sensors.py for tasks to queue
[2024-10-04T00:11:34.823+0000] {logging_mixin.py:190} INFO - [2024-10-04T00:11:34.823+0000] {dagbag.py:588} INFO - Filling up the DagBag from /home/airflow/.local/lib/python3.12/site-packages/airflow/example_dags/example_sensors.py
[2024-10-04T00:11:34.830+0000] {processor.py:925} INFO - DAG(s) 'example_sensors' retrieved from /home/airflow/.local/lib/python3.12/site-packages/airflow/example_dags/example_sensors.py
[2024-10-04T00:11:34.842+0000] {logging_mixin.py:190} INFO - [2024-10-04T00:11:34.841+0000] {dag.py:3239} INFO - Sync 1 DAGs
[2024-10-04T00:11:34.847+0000] {logging_mixin.py:190} INFO - [2024-10-04T00:11:34.847+0000] {dag.py:4180} INFO - Setting next_dagrun for example_sensors to None, run_after=None
[2024-10-04T00:11:34.857+0000] {processor.py:208} INFO - Processing /home/airflow/.local/lib/python3.12/site-packages/airflow/example_dags/example_sensors.py took 0.038 seconds
[2024-10-04T00:12:05.238+0000] {processor.py:186} INFO - Started process (PID=96350) to work on /home/airflow/.local/lib/python3.12/site-packages/airflow/example_dags/example_sensors.py
[2024-10-04T00:12:05.238+0000] {processor.py:914} INFO - Processing file /home/airflow/.local/lib/python3.12/site-packages/airflow/example_dags/example_sensors.py for tasks to queue
[2024-10-04T00:12:05.239+0000] {logging_mixin.py:190} INFO - [2024-10-04T00:12:05.239+0000] {dagbag.py:588} INFO - Filling up the DagBag from /home/airflow/.local/lib/python3.12/site-packages/airflow/example_dags/example_sensors.py
[2024-10-04T00:12:05.245+0000] {processor.py:925} INFO - DAG(s) 'example_sensors' retrieved from /home/airflow/.local/lib/python3.12/site-packages/airflow/example_dags/example_sensors.py
[2024-10-04T00:12:05.257+0000] {logging_mixin.py:190} INFO - [2024-10-04T00:12:05.257+0000] {dag.py:3239} INFO - Sync 1 DAGs
[2024-10-04T00:12:05.263+0000] {logging_mixin.py:190} INFO - [2024-10-04T00:12:05.263+0000] {dag.py:4180} INFO - Setting next_dagrun for example_sensors to None, run_after=None
[2024-10-04T00:12:05.271+0000] {processor.py:208} INFO - Processing /home/airflow/.local/lib/python3.12/site-packages/airflow/example_dags/example_sensors.py took 0.037 seconds
[2024-10-04T00:12:35.784+0000] {processor.py:186} INFO - Started process (PID=96413) to work on /home/airflow/.local/lib/python3.12/site-packages/airflow/example_dags/example_sensors.py
[2024-10-04T00:12:35.784+0000] {processor.py:914} INFO - Processing file /home/airflow/.local/lib/python3.12/site-packages/airflow/example_dags/example_sensors.py for tasks to queue
[2024-10-04T00:12:35.785+0000] {logging_mixin.py:190} INFO - [2024-10-04T00:12:35.785+0000] {dagbag.py:588} INFO - Filling up the DagBag from /home/airflow/.local/lib/python3.12/site-packages/airflow/example_dags/example_sensors.py
[2024-10-04T00:12:35.791+0000] {processor.py:925} INFO - DAG(s) 'example_sensors' retrieved from /home/airflow/.local/lib/python3.12/site-packages/airflow/example_dags/example_sensors.py
[2024-10-04T00:12:35.803+0000] {logging_mixin.py:190} INFO - [2024-10-04T00:12:35.803+0000] {dag.py:3239} INFO - Sync 1 DAGs
[2024-10-04T00:12:35.810+0000] {logging_mixin.py:190} INFO - [2024-10-04T00:12:35.810+0000] {dag.py:4180} INFO - Setting next_dagrun for example_sensors to None, run_after=None
[2024-10-04T00:12:35.819+0000] {processor.py:208} INFO - Processing /home/airflow/.local/lib/python3.12/site-packages/airflow/example_dags/example_sensors.py took 0.039 seconds
[2024-10-04T00:13:06.299+0000] {processor.py:186} INFO - Started process (PID=96476) to work on /home/airflow/.local/lib/python3.12/site-packages/airflow/example_dags/example_sensors.py
[2024-10-04T00:13:06.299+0000] {processor.py:914} INFO - Processing file /home/airflow/.local/lib/python3.12/site-packages/airflow/example_dags/example_sensors.py for tasks to queue
[2024-10-04T00:13:06.301+0000] {logging_mixin.py:190} INFO - [2024-10-04T00:13:06.300+0000] {dagbag.py:588} INFO - Filling up the DagBag from /home/airflow/.local/lib/python3.12/site-packages/airflow/example_dags/example_sensors.py
[2024-10-04T00:13:06.307+0000] {processor.py:925} INFO - DAG(s) 'example_sensors' retrieved from /home/airflow/.local/lib/python3.12/site-packages/airflow/example_dags/example_sensors.py
[2024-10-04T00:13:06.320+0000] {logging_mixin.py:190} INFO - [2024-10-04T00:13:06.320+0000] {dag.py:3239} INFO - Sync 1 DAGs
[2024-10-04T00:13:06.327+0000] {logging_mixin.py:190} INFO - [2024-10-04T00:13:06.327+0000] {dag.py:4180} INFO - Setting next_dagrun for example_sensors to None, run_after=None
[2024-10-04T00:13:06.337+0000] {processor.py:208} INFO - Processing /home/airflow/.local/lib/python3.12/site-packages/airflow/example_dags/example_sensors.py took 0.042 seconds
[2024-10-04T00:13:36.651+0000] {processor.py:186} INFO - Started process (PID=96539) to work on /home/airflow/.local/lib/python3.12/site-packages/airflow/example_dags/example_sensors.py
[2024-10-04T00:13:36.651+0000] {processor.py:914} INFO - Processing file /home/airflow/.local/lib/python3.12/site-packages/airflow/example_dags/example_sensors.py for tasks to queue
[2024-10-04T00:13:36.652+0000] {logging_mixin.py:190} INFO - [2024-10-04T00:13:36.652+0000] {dagbag.py:588} INFO - Filling up the DagBag from /home/airflow/.local/lib/python3.12/site-packages/airflow/example_dags/example_sensors.py
[2024-10-04T00:13:36.659+0000] {processor.py:925} INFO - DAG(s) 'example_sensors' retrieved from /home/airflow/.local/lib/python3.12/site-packages/airflow/example_dags/example_sensors.py
[2024-10-04T00:13:36.670+0000] {logging_mixin.py:190} INFO - [2024-10-04T00:13:36.670+0000] {dag.py:3239} INFO - Sync 1 DAGs
[2024-10-04T00:13:36.676+0000] {logging_mixin.py:190} INFO - [2024-10-04T00:13:36.676+0000] {dag.py:4180} INFO - Setting next_dagrun for example_sensors to None, run_after=None
[2024-10-04T00:13:36.685+0000] {processor.py:208} INFO - Processing /home/airflow/.local/lib/python3.12/site-packages/airflow/example_dags/example_sensors.py took 0.038 seconds
[2024-10-04T00:14:06.992+0000] {processor.py:186} INFO - Started process (PID=96602) to work on /home/airflow/.local/lib/python3.12/site-packages/airflow/example_dags/example_sensors.py
[2024-10-04T00:14:06.993+0000] {processor.py:914} INFO - Processing file /home/airflow/.local/lib/python3.12/site-packages/airflow/example_dags/example_sensors.py for tasks to queue
[2024-10-04T00:14:06.994+0000] {logging_mixin.py:190} INFO - [2024-10-04T00:14:06.994+0000] {dagbag.py:588} INFO - Filling up the DagBag from /home/airflow/.local/lib/python3.12/site-packages/airflow/example_dags/example_sensors.py
[2024-10-04T00:14:07.000+0000] {processor.py:925} INFO - DAG(s) 'example_sensors' retrieved from /home/airflow/.local/lib/python3.12/site-packages/airflow/example_dags/example_sensors.py
[2024-10-04T00:14:07.013+0000] {logging_mixin.py:190} INFO - [2024-10-04T00:14:07.012+0000] {dag.py:3239} INFO - Sync 1 DAGs
[2024-10-04T00:14:07.019+0000] {logging_mixin.py:190} INFO - [2024-10-04T00:14:07.019+0000] {dag.py:4180} INFO - Setting next_dagrun for example_sensors to None, run_after=None
[2024-10-04T00:14:07.029+0000] {processor.py:208} INFO - Processing /home/airflow/.local/lib/python3.12/site-packages/airflow/example_dags/example_sensors.py took 0.040 seconds
[2024-10-04T00:14:37.591+0000] {processor.py:186} INFO - Started process (PID=96664) to work on /home/airflow/.local/lib/python3.12/site-packages/airflow/example_dags/example_sensors.py
[2024-10-04T00:14:37.592+0000] {processor.py:914} INFO - Processing file /home/airflow/.local/lib/python3.12/site-packages/airflow/example_dags/example_sensors.py for tasks to queue
[2024-10-04T00:14:37.592+0000] {logging_mixin.py:190} INFO - [2024-10-04T00:14:37.592+0000] {dagbag.py:588} INFO - Filling up the DagBag from /home/airflow/.local/lib/python3.12/site-packages/airflow/example_dags/example_sensors.py
[2024-10-04T00:14:37.599+0000] {processor.py:925} INFO - DAG(s) 'example_sensors' retrieved from /home/airflow/.local/lib/python3.12/site-packages/airflow/example_dags/example_sensors.py
[2024-10-04T00:14:37.612+0000] {logging_mixin.py:190} INFO - [2024-10-04T00:14:37.612+0000] {dag.py:3239} INFO - Sync 1 DAGs
[2024-10-04T00:14:37.620+0000] {logging_mixin.py:190} INFO - [2024-10-04T00:14:37.620+0000] {dag.py:4180} INFO - Setting next_dagrun for example_sensors to None, run_after=None
[2024-10-04T00:14:37.631+0000] {processor.py:208} INFO - Processing /home/airflow/.local/lib/python3.12/site-packages/airflow/example_dags/example_sensors.py took 0.043 seconds
[2024-10-04T00:15:08.125+0000] {processor.py:186} INFO - Started process (PID=96727) to work on /home/airflow/.local/lib/python3.12/site-packages/airflow/example_dags/example_sensors.py
[2024-10-04T00:15:08.126+0000] {processor.py:914} INFO - Processing file /home/airflow/.local/lib/python3.12/site-packages/airflow/example_dags/example_sensors.py for tasks to queue
[2024-10-04T00:15:08.127+0000] {logging_mixin.py:190} INFO - [2024-10-04T00:15:08.126+0000] {dagbag.py:588} INFO - Filling up the DagBag from /home/airflow/.local/lib/python3.12/site-packages/airflow/example_dags/example_sensors.py
[2024-10-04T00:15:08.133+0000] {processor.py:925} INFO - DAG(s) 'example_sensors' retrieved from /home/airflow/.local/lib/python3.12/site-packages/airflow/example_dags/example_sensors.py
[2024-10-04T00:15:08.145+0000] {logging_mixin.py:190} INFO - [2024-10-04T00:15:08.145+0000] {dag.py:3239} INFO - Sync 1 DAGs
[2024-10-04T00:15:08.151+0000] {logging_mixin.py:190} INFO - [2024-10-04T00:15:08.151+0000] {dag.py:4180} INFO - Setting next_dagrun for example_sensors to None, run_after=None
[2024-10-04T00:15:08.160+0000] {processor.py:208} INFO - Processing /home/airflow/.local/lib/python3.12/site-packages/airflow/example_dags/example_sensors.py took 0.038 seconds
[2024-10-04T00:15:38.649+0000] {processor.py:186} INFO - Started process (PID=96790) to work on /home/airflow/.local/lib/python3.12/site-packages/airflow/example_dags/example_sensors.py
[2024-10-04T00:15:38.650+0000] {processor.py:914} INFO - Processing file /home/airflow/.local/lib/python3.12/site-packages/airflow/example_dags/example_sensors.py for tasks to queue
[2024-10-04T00:15:38.651+0000] {logging_mixin.py:190} INFO - [2024-10-04T00:15:38.650+0000] {dagbag.py:588} INFO - Filling up the DagBag from /home/airflow/.local/lib/python3.12/site-packages/airflow/example_dags/example_sensors.py
[2024-10-04T00:15:38.661+0000] {processor.py:925} INFO - DAG(s) 'example_sensors' retrieved from /home/airflow/.local/lib/python3.12/site-packages/airflow/example_dags/example_sensors.py
[2024-10-04T00:15:38.674+0000] {logging_mixin.py:190} INFO - [2024-10-04T00:15:38.673+0000] {dag.py:3239} INFO - Sync 1 DAGs
[2024-10-04T00:15:38.680+0000] {logging_mixin.py:190} INFO - [2024-10-04T00:15:38.680+0000] {dag.py:4180} INFO - Setting next_dagrun for example_sensors to None, run_after=None
[2024-10-04T00:15:38.690+0000] {processor.py:208} INFO - Processing /home/airflow/.local/lib/python3.12/site-packages/airflow/example_dags/example_sensors.py took 0.049 seconds
[2024-10-04T00:16:09.163+0000] {processor.py:186} INFO - Started process (PID=96853) to work on /home/airflow/.local/lib/python3.12/site-packages/airflow/example_dags/example_sensors.py
[2024-10-04T00:16:09.164+0000] {processor.py:914} INFO - Processing file /home/airflow/.local/lib/python3.12/site-packages/airflow/example_dags/example_sensors.py for tasks to queue
[2024-10-04T00:16:09.164+0000] {logging_mixin.py:190} INFO - [2024-10-04T00:16:09.164+0000] {dagbag.py:588} INFO - Filling up the DagBag from /home/airflow/.local/lib/python3.12/site-packages/airflow/example_dags/example_sensors.py
[2024-10-04T00:16:09.171+0000] {processor.py:925} INFO - DAG(s) 'example_sensors' retrieved from /home/airflow/.local/lib/python3.12/site-packages/airflow/example_dags/example_sensors.py
[2024-10-04T00:16:09.183+0000] {logging_mixin.py:190} INFO - [2024-10-04T00:16:09.183+0000] {dag.py:3239} INFO - Sync 1 DAGs
[2024-10-04T00:16:09.190+0000] {logging_mixin.py:190} INFO - [2024-10-04T00:16:09.190+0000] {dag.py:4180} INFO - Setting next_dagrun for example_sensors to None, run_after=None
[2024-10-04T00:16:09.199+0000] {processor.py:208} INFO - Processing /home/airflow/.local/lib/python3.12/site-packages/airflow/example_dags/example_sensors.py took 0.039 seconds
[2024-10-04T00:16:39.808+0000] {processor.py:186} INFO - Started process (PID=96916) to work on /home/airflow/.local/lib/python3.12/site-packages/airflow/example_dags/example_sensors.py
[2024-10-04T00:16:39.808+0000] {processor.py:914} INFO - Processing file /home/airflow/.local/lib/python3.12/site-packages/airflow/example_dags/example_sensors.py for tasks to queue
[2024-10-04T00:16:39.809+0000] {logging_mixin.py:190} INFO - [2024-10-04T00:16:39.809+0000] {dagbag.py:588} INFO - Filling up the DagBag from /home/airflow/.local/lib/python3.12/site-packages/airflow/example_dags/example_sensors.py
[2024-10-04T00:16:39.815+0000] {processor.py:925} INFO - DAG(s) 'example_sensors' retrieved from /home/airflow/.local/lib/python3.12/site-packages/airflow/example_dags/example_sensors.py
[2024-10-04T00:16:39.827+0000] {logging_mixin.py:190} INFO - [2024-10-04T00:16:39.827+0000] {dag.py:3239} INFO - Sync 1 DAGs
[2024-10-04T00:16:39.833+0000] {logging_mixin.py:190} INFO - [2024-10-04T00:16:39.833+0000] {dag.py:4180} INFO - Setting next_dagrun for example_sensors to None, run_after=None
[2024-10-04T00:16:39.842+0000] {processor.py:208} INFO - Processing /home/airflow/.local/lib/python3.12/site-packages/airflow/example_dags/example_sensors.py took 0.039 seconds
[2024-10-04T00:17:10.491+0000] {processor.py:186} INFO - Started process (PID=96979) to work on /home/airflow/.local/lib/python3.12/site-packages/airflow/example_dags/example_sensors.py
[2024-10-04T00:17:10.492+0000] {processor.py:914} INFO - Processing file /home/airflow/.local/lib/python3.12/site-packages/airflow/example_dags/example_sensors.py for tasks to queue
[2024-10-04T00:17:10.492+0000] {logging_mixin.py:190} INFO - [2024-10-04T00:17:10.492+0000] {dagbag.py:588} INFO - Filling up the DagBag from /home/airflow/.local/lib/python3.12/site-packages/airflow/example_dags/example_sensors.py
[2024-10-04T00:17:10.498+0000] {processor.py:925} INFO - DAG(s) 'example_sensors' retrieved from /home/airflow/.local/lib/python3.12/site-packages/airflow/example_dags/example_sensors.py
[2024-10-04T00:17:10.510+0000] {logging_mixin.py:190} INFO - [2024-10-04T00:17:10.510+0000] {dag.py:3239} INFO - Sync 1 DAGs
[2024-10-04T00:17:10.516+0000] {logging_mixin.py:190} INFO - [2024-10-04T00:17:10.516+0000] {dag.py:4180} INFO - Setting next_dagrun for example_sensors to None, run_after=None
[2024-10-04T00:17:10.524+0000] {processor.py:208} INFO - Processing /home/airflow/.local/lib/python3.12/site-packages/airflow/example_dags/example_sensors.py took 0.036 seconds
[2024-10-04T00:17:41.042+0000] {processor.py:186} INFO - Started process (PID=97042) to work on /home/airflow/.local/lib/python3.12/site-packages/airflow/example_dags/example_sensors.py
[2024-10-04T00:17:41.043+0000] {processor.py:914} INFO - Processing file /home/airflow/.local/lib/python3.12/site-packages/airflow/example_dags/example_sensors.py for tasks to queue
[2024-10-04T00:17:41.043+0000] {logging_mixin.py:190} INFO - [2024-10-04T00:17:41.043+0000] {dagbag.py:588} INFO - Filling up the DagBag from /home/airflow/.local/lib/python3.12/site-packages/airflow/example_dags/example_sensors.py
[2024-10-04T00:17:41.049+0000] {processor.py:925} INFO - DAG(s) 'example_sensors' retrieved from /home/airflow/.local/lib/python3.12/site-packages/airflow/example_dags/example_sensors.py
[2024-10-04T00:17:41.060+0000] {logging_mixin.py:190} INFO - [2024-10-04T00:17:41.060+0000] {dag.py:3239} INFO - Sync 1 DAGs
[2024-10-04T00:17:41.067+0000] {logging_mixin.py:190} INFO - [2024-10-04T00:17:41.067+0000] {dag.py:4180} INFO - Setting next_dagrun for example_sensors to None, run_after=None
[2024-10-04T00:17:41.077+0000] {processor.py:208} INFO - Processing /home/airflow/.local/lib/python3.12/site-packages/airflow/example_dags/example_sensors.py took 0.037 seconds
[2024-10-04T00:18:11.495+0000] {processor.py:186} INFO - Started process (PID=97105) to work on /home/airflow/.local/lib/python3.12/site-packages/airflow/example_dags/example_sensors.py
[2024-10-04T00:18:11.495+0000] {processor.py:914} INFO - Processing file /home/airflow/.local/lib/python3.12/site-packages/airflow/example_dags/example_sensors.py for tasks to queue
[2024-10-04T00:18:11.496+0000] {logging_mixin.py:190} INFO - [2024-10-04T00:18:11.496+0000] {dagbag.py:588} INFO - Filling up the DagBag from /home/airflow/.local/lib/python3.12/site-packages/airflow/example_dags/example_sensors.py
[2024-10-04T00:18:11.502+0000] {processor.py:925} INFO - DAG(s) 'example_sensors' retrieved from /home/airflow/.local/lib/python3.12/site-packages/airflow/example_dags/example_sensors.py
[2024-10-04T00:18:11.514+0000] {logging_mixin.py:190} INFO - [2024-10-04T00:18:11.514+0000] {dag.py:3239} INFO - Sync 1 DAGs
[2024-10-04T00:18:11.521+0000] {logging_mixin.py:190} INFO - [2024-10-04T00:18:11.520+0000] {dag.py:4180} INFO - Setting next_dagrun for example_sensors to None, run_after=None
[2024-10-04T00:18:11.531+0000] {processor.py:208} INFO - Processing /home/airflow/.local/lib/python3.12/site-packages/airflow/example_dags/example_sensors.py took 0.039 seconds
[2024-10-04T00:18:42.026+0000] {processor.py:186} INFO - Started process (PID=97168) to work on /home/airflow/.local/lib/python3.12/site-packages/airflow/example_dags/example_sensors.py
[2024-10-04T00:18:42.027+0000] {processor.py:914} INFO - Processing file /home/airflow/.local/lib/python3.12/site-packages/airflow/example_dags/example_sensors.py for tasks to queue
[2024-10-04T00:18:42.027+0000] {logging_mixin.py:190} INFO - [2024-10-04T00:18:42.027+0000] {dagbag.py:588} INFO - Filling up the DagBag from /home/airflow/.local/lib/python3.12/site-packages/airflow/example_dags/example_sensors.py
[2024-10-04T00:18:42.034+0000] {processor.py:925} INFO - DAG(s) 'example_sensors' retrieved from /home/airflow/.local/lib/python3.12/site-packages/airflow/example_dags/example_sensors.py
[2024-10-04T00:18:42.047+0000] {logging_mixin.py:190} INFO - [2024-10-04T00:18:42.047+0000] {dag.py:3239} INFO - Sync 1 DAGs
[2024-10-04T00:18:42.054+0000] {logging_mixin.py:190} INFO - [2024-10-04T00:18:42.054+0000] {dag.py:4180} INFO - Setting next_dagrun for example_sensors to None, run_after=None
[2024-10-04T00:18:42.064+0000] {processor.py:208} INFO - Processing /home/airflow/.local/lib/python3.12/site-packages/airflow/example_dags/example_sensors.py took 0.041 seconds
[2024-10-04T00:19:12.748+0000] {processor.py:186} INFO - Started process (PID=97231) to work on /home/airflow/.local/lib/python3.12/site-packages/airflow/example_dags/example_sensors.py
[2024-10-04T00:19:12.749+0000] {processor.py:914} INFO - Processing file /home/airflow/.local/lib/python3.12/site-packages/airflow/example_dags/example_sensors.py for tasks to queue
[2024-10-04T00:19:12.750+0000] {logging_mixin.py:190} INFO - [2024-10-04T00:19:12.749+0000] {dagbag.py:588} INFO - Filling up the DagBag from /home/airflow/.local/lib/python3.12/site-packages/airflow/example_dags/example_sensors.py
[2024-10-04T00:19:12.756+0000] {processor.py:925} INFO - DAG(s) 'example_sensors' retrieved from /home/airflow/.local/lib/python3.12/site-packages/airflow/example_dags/example_sensors.py
[2024-10-04T00:19:12.769+0000] {logging_mixin.py:190} INFO - [2024-10-04T00:19:12.769+0000] {dag.py:3239} INFO - Sync 1 DAGs
[2024-10-04T00:19:12.775+0000] {logging_mixin.py:190} INFO - [2024-10-04T00:19:12.775+0000] {dag.py:4180} INFO - Setting next_dagrun for example_sensors to None, run_after=None
[2024-10-04T00:19:12.783+0000] {processor.py:208} INFO - Processing /home/airflow/.local/lib/python3.12/site-packages/airflow/example_dags/example_sensors.py took 0.038 seconds
[2024-10-04T00:19:43.262+0000] {processor.py:186} INFO - Started process (PID=97294) to work on /home/airflow/.local/lib/python3.12/site-packages/airflow/example_dags/example_sensors.py
[2024-10-04T00:19:43.262+0000] {processor.py:914} INFO - Processing file /home/airflow/.local/lib/python3.12/site-packages/airflow/example_dags/example_sensors.py for tasks to queue
[2024-10-04T00:19:43.263+0000] {logging_mixin.py:190} INFO - [2024-10-04T00:19:43.263+0000] {dagbag.py:588} INFO - Filling up the DagBag from /home/airflow/.local/lib/python3.12/site-packages/airflow/example_dags/example_sensors.py
[2024-10-04T00:19:43.270+0000] {processor.py:925} INFO - DAG(s) 'example_sensors' retrieved from /home/airflow/.local/lib/python3.12/site-packages/airflow/example_dags/example_sensors.py
[2024-10-04T00:19:43.282+0000] {logging_mixin.py:190} INFO - [2024-10-04T00:19:43.282+0000] {dag.py:3239} INFO - Sync 1 DAGs
[2024-10-04T00:19:43.290+0000] {logging_mixin.py:190} INFO - [2024-10-04T00:19:43.290+0000] {dag.py:4180} INFO - Setting next_dagrun for example_sensors to None, run_after=None
[2024-10-04T00:19:43.300+0000] {processor.py:208} INFO - Processing /home/airflow/.local/lib/python3.12/site-packages/airflow/example_dags/example_sensors.py took 0.042 seconds
[2024-10-04T00:20:13.848+0000] {processor.py:186} INFO - Started process (PID=97357) to work on /home/airflow/.local/lib/python3.12/site-packages/airflow/example_dags/example_sensors.py
[2024-10-04T00:20:13.848+0000] {processor.py:914} INFO - Processing file /home/airflow/.local/lib/python3.12/site-packages/airflow/example_dags/example_sensors.py for tasks to queue
[2024-10-04T00:20:13.849+0000] {logging_mixin.py:190} INFO - [2024-10-04T00:20:13.849+0000] {dagbag.py:588} INFO - Filling up the DagBag from /home/airflow/.local/lib/python3.12/site-packages/airflow/example_dags/example_sensors.py
[2024-10-04T00:20:13.855+0000] {processor.py:925} INFO - DAG(s) 'example_sensors' retrieved from /home/airflow/.local/lib/python3.12/site-packages/airflow/example_dags/example_sensors.py
[2024-10-04T00:20:13.868+0000] {logging_mixin.py:190} INFO - [2024-10-04T00:20:13.868+0000] {dag.py:3239} INFO - Sync 1 DAGs
[2024-10-04T00:20:13.875+0000] {logging_mixin.py:190} INFO - [2024-10-04T00:20:13.874+0000] {dag.py:4180} INFO - Setting next_dagrun for example_sensors to None, run_after=None
[2024-10-04T00:20:13.887+0000] {processor.py:208} INFO - Processing /home/airflow/.local/lib/python3.12/site-packages/airflow/example_dags/example_sensors.py took 0.042 seconds
[2024-10-04T00:20:44.403+0000] {processor.py:186} INFO - Started process (PID=97420) to work on /home/airflow/.local/lib/python3.12/site-packages/airflow/example_dags/example_sensors.py
[2024-10-04T00:20:44.403+0000] {processor.py:914} INFO - Processing file /home/airflow/.local/lib/python3.12/site-packages/airflow/example_dags/example_sensors.py for tasks to queue
[2024-10-04T00:20:44.404+0000] {logging_mixin.py:190} INFO - [2024-10-04T00:20:44.404+0000] {dagbag.py:588} INFO - Filling up the DagBag from /home/airflow/.local/lib/python3.12/site-packages/airflow/example_dags/example_sensors.py
[2024-10-04T00:20:44.410+0000] {processor.py:925} INFO - DAG(s) 'example_sensors' retrieved from /home/airflow/.local/lib/python3.12/site-packages/airflow/example_dags/example_sensors.py
[2024-10-04T00:20:44.422+0000] {logging_mixin.py:190} INFO - [2024-10-04T00:20:44.422+0000] {dag.py:3239} INFO - Sync 1 DAGs
[2024-10-04T00:20:44.430+0000] {logging_mixin.py:190} INFO - [2024-10-04T00:20:44.429+0000] {dag.py:4180} INFO - Setting next_dagrun for example_sensors to None, run_after=None
[2024-10-04T00:20:44.439+0000] {processor.py:208} INFO - Processing /home/airflow/.local/lib/python3.12/site-packages/airflow/example_dags/example_sensors.py took 0.040 seconds
[2024-10-04T00:21:15.057+0000] {processor.py:186} INFO - Started process (PID=97483) to work on /home/airflow/.local/lib/python3.12/site-packages/airflow/example_dags/example_sensors.py
[2024-10-04T00:21:15.058+0000] {processor.py:914} INFO - Processing file /home/airflow/.local/lib/python3.12/site-packages/airflow/example_dags/example_sensors.py for tasks to queue
[2024-10-04T00:21:15.058+0000] {logging_mixin.py:190} INFO - [2024-10-04T00:21:15.058+0000] {dagbag.py:588} INFO - Filling up the DagBag from /home/airflow/.local/lib/python3.12/site-packages/airflow/example_dags/example_sensors.py
[2024-10-04T00:21:15.064+0000] {processor.py:925} INFO - DAG(s) 'example_sensors' retrieved from /home/airflow/.local/lib/python3.12/site-packages/airflow/example_dags/example_sensors.py
[2024-10-04T00:21:15.076+0000] {logging_mixin.py:190} INFO - [2024-10-04T00:21:15.076+0000] {dag.py:3239} INFO - Sync 1 DAGs
[2024-10-04T00:21:15.083+0000] {logging_mixin.py:190} INFO - [2024-10-04T00:21:15.083+0000] {dag.py:4180} INFO - Setting next_dagrun for example_sensors to None, run_after=None
[2024-10-04T00:21:15.093+0000] {processor.py:208} INFO - Processing /home/airflow/.local/lib/python3.12/site-packages/airflow/example_dags/example_sensors.py took 0.039 seconds
[2024-10-04T00:21:46.028+0000] {processor.py:186} INFO - Started process (PID=97546) to work on /home/airflow/.local/lib/python3.12/site-packages/airflow/example_dags/example_sensors.py
[2024-10-04T00:21:46.029+0000] {processor.py:914} INFO - Processing file /home/airflow/.local/lib/python3.12/site-packages/airflow/example_dags/example_sensors.py for tasks to queue
[2024-10-04T00:21:46.030+0000] {logging_mixin.py:190} INFO - [2024-10-04T00:21:46.030+0000] {dagbag.py:588} INFO - Filling up the DagBag from /home/airflow/.local/lib/python3.12/site-packages/airflow/example_dags/example_sensors.py
[2024-10-04T00:21:46.036+0000] {processor.py:925} INFO - DAG(s) 'example_sensors' retrieved from /home/airflow/.local/lib/python3.12/site-packages/airflow/example_dags/example_sensors.py
[2024-10-04T00:21:46.048+0000] {logging_mixin.py:190} INFO - [2024-10-04T00:21:46.047+0000] {dag.py:3239} INFO - Sync 1 DAGs
[2024-10-04T00:21:46.054+0000] {logging_mixin.py:190} INFO - [2024-10-04T00:21:46.054+0000] {dag.py:4180} INFO - Setting next_dagrun for example_sensors to None, run_after=None
[2024-10-04T00:21:46.063+0000] {processor.py:208} INFO - Processing /home/airflow/.local/lib/python3.12/site-packages/airflow/example_dags/example_sensors.py took 0.037 seconds
