[2024-10-04T00:00:29.102+0000] {processor.py:186} INFO - Started process (PID=94912) to work on /home/airflow/.local/lib/python3.12/site-packages/airflow/example_dags/example_trigger_controller_dag.py
[2024-10-04T00:00:29.102+0000] {processor.py:914} INFO - Processing file /home/airflow/.local/lib/python3.12/site-packages/airflow/example_dags/example_trigger_controller_dag.py for tasks to queue
[2024-10-04T00:00:29.103+0000] {logging_mixin.py:190} INFO - [2024-10-04T00:00:29.103+0000] {dagbag.py:588} INFO - Filling up the DagBag from /home/airflow/.local/lib/python3.12/site-packages/airflow/example_dags/example_trigger_controller_dag.py
[2024-10-04T00:00:29.107+0000] {processor.py:925} INFO - DAG(s) 'example_trigger_controller_dag' retrieved from /home/airflow/.local/lib/python3.12/site-packages/airflow/example_dags/example_trigger_controller_dag.py
[2024-10-04T00:00:29.115+0000] {logging_mixin.py:190} INFO - [2024-10-04T00:00:29.115+0000] {dag.py:3239} INFO - Sync 1 DAGs
[2024-10-04T00:00:29.125+0000] {logging_mixin.py:190} INFO - [2024-10-04T00:00:29.125+0000] {dag.py:4180} INFO - Setting next_dagrun for example_trigger_controller_dag to 2021-01-01 00:00:00+00:00, run_after=2021-01-01 00:00:00+00:00
[2024-10-04T00:00:29.134+0000] {processor.py:208} INFO - Processing /home/airflow/.local/lib/python3.12/site-packages/airflow/example_dags/example_trigger_controller_dag.py took 0.035 seconds
[2024-10-04T00:00:59.266+0000] {processor.py:186} INFO - Started process (PID=94975) to work on /home/airflow/.local/lib/python3.12/site-packages/airflow/example_dags/example_trigger_controller_dag.py
[2024-10-04T00:00:59.266+0000] {processor.py:914} INFO - Processing file /home/airflow/.local/lib/python3.12/site-packages/airflow/example_dags/example_trigger_controller_dag.py for tasks to queue
[2024-10-04T00:00:59.267+0000] {logging_mixin.py:190} INFO - [2024-10-04T00:00:59.267+0000] {dagbag.py:588} INFO - Filling up the DagBag from /home/airflow/.local/lib/python3.12/site-packages/airflow/example_dags/example_trigger_controller_dag.py
[2024-10-04T00:00:59.271+0000] {processor.py:925} INFO - DAG(s) 'example_trigger_controller_dag' retrieved from /home/airflow/.local/lib/python3.12/site-packages/airflow/example_dags/example_trigger_controller_dag.py
[2024-10-04T00:00:59.280+0000] {logging_mixin.py:190} INFO - [2024-10-04T00:00:59.280+0000] {dag.py:3239} INFO - Sync 1 DAGs
[2024-10-04T00:00:59.291+0000] {logging_mixin.py:190} INFO - [2024-10-04T00:00:59.291+0000] {dag.py:4180} INFO - Setting next_dagrun for example_trigger_controller_dag to 2021-01-01 00:00:00+00:00, run_after=2021-01-01 00:00:00+00:00
[2024-10-04T00:00:59.300+0000] {processor.py:208} INFO - Processing /home/airflow/.local/lib/python3.12/site-packages/airflow/example_dags/example_trigger_controller_dag.py took 0.038 seconds
[2024-10-04T00:01:29.389+0000] {processor.py:186} INFO - Started process (PID=95038) to work on /home/airflow/.local/lib/python3.12/site-packages/airflow/example_dags/example_trigger_controller_dag.py
[2024-10-04T00:01:29.390+0000] {processor.py:914} INFO - Processing file /home/airflow/.local/lib/python3.12/site-packages/airflow/example_dags/example_trigger_controller_dag.py for tasks to queue
[2024-10-04T00:01:29.390+0000] {logging_mixin.py:190} INFO - [2024-10-04T00:01:29.390+0000] {dagbag.py:588} INFO - Filling up the DagBag from /home/airflow/.local/lib/python3.12/site-packages/airflow/example_dags/example_trigger_controller_dag.py
[2024-10-04T00:01:29.394+0000] {processor.py:925} INFO - DAG(s) 'example_trigger_controller_dag' retrieved from /home/airflow/.local/lib/python3.12/site-packages/airflow/example_dags/example_trigger_controller_dag.py
[2024-10-04T00:01:29.403+0000] {logging_mixin.py:190} INFO - [2024-10-04T00:01:29.402+0000] {dag.py:3239} INFO - Sync 1 DAGs
[2024-10-04T00:01:29.413+0000] {logging_mixin.py:190} INFO - [2024-10-04T00:01:29.413+0000] {dag.py:4180} INFO - Setting next_dagrun for example_trigger_controller_dag to 2021-01-01 00:00:00+00:00, run_after=2021-01-01 00:00:00+00:00
[2024-10-04T00:01:29.421+0000] {processor.py:208} INFO - Processing /home/airflow/.local/lib/python3.12/site-packages/airflow/example_dags/example_trigger_controller_dag.py took 0.034 seconds
[2024-10-04T00:01:59.780+0000] {processor.py:186} INFO - Started process (PID=95101) to work on /home/airflow/.local/lib/python3.12/site-packages/airflow/example_dags/example_trigger_controller_dag.py
[2024-10-04T00:01:59.781+0000] {processor.py:914} INFO - Processing file /home/airflow/.local/lib/python3.12/site-packages/airflow/example_dags/example_trigger_controller_dag.py for tasks to queue
[2024-10-04T00:01:59.781+0000] {logging_mixin.py:190} INFO - [2024-10-04T00:01:59.781+0000] {dagbag.py:588} INFO - Filling up the DagBag from /home/airflow/.local/lib/python3.12/site-packages/airflow/example_dags/example_trigger_controller_dag.py
[2024-10-04T00:01:59.786+0000] {processor.py:925} INFO - DAG(s) 'example_trigger_controller_dag' retrieved from /home/airflow/.local/lib/python3.12/site-packages/airflow/example_dags/example_trigger_controller_dag.py
[2024-10-04T00:01:59.794+0000] {logging_mixin.py:190} INFO - [2024-10-04T00:01:59.794+0000] {dag.py:3239} INFO - Sync 1 DAGs
[2024-10-04T00:01:59.806+0000] {logging_mixin.py:190} INFO - [2024-10-04T00:01:59.806+0000] {dag.py:4180} INFO - Setting next_dagrun for example_trigger_controller_dag to 2021-01-01 00:00:00+00:00, run_after=2021-01-01 00:00:00+00:00
[2024-10-04T00:01:59.817+0000] {processor.py:208} INFO - Processing /home/airflow/.local/lib/python3.12/site-packages/airflow/example_dags/example_trigger_controller_dag.py took 0.043 seconds
[2024-10-04T00:02:29.998+0000] {processor.py:186} INFO - Started process (PID=95164) to work on /home/airflow/.local/lib/python3.12/site-packages/airflow/example_dags/example_trigger_controller_dag.py
[2024-10-04T00:02:29.999+0000] {processor.py:914} INFO - Processing file /home/airflow/.local/lib/python3.12/site-packages/airflow/example_dags/example_trigger_controller_dag.py for tasks to queue
[2024-10-04T00:02:29.999+0000] {logging_mixin.py:190} INFO - [2024-10-04T00:02:29.999+0000] {dagbag.py:588} INFO - Filling up the DagBag from /home/airflow/.local/lib/python3.12/site-packages/airflow/example_dags/example_trigger_controller_dag.py
[2024-10-04T00:02:30.003+0000] {processor.py:925} INFO - DAG(s) 'example_trigger_controller_dag' retrieved from /home/airflow/.local/lib/python3.12/site-packages/airflow/example_dags/example_trigger_controller_dag.py
[2024-10-04T00:02:30.013+0000] {logging_mixin.py:190} INFO - [2024-10-04T00:02:30.013+0000] {dag.py:3239} INFO - Sync 1 DAGs
[2024-10-04T00:02:30.023+0000] {logging_mixin.py:190} INFO - [2024-10-04T00:02:30.023+0000] {dag.py:4180} INFO - Setting next_dagrun for example_trigger_controller_dag to 2021-01-01 00:00:00+00:00, run_after=2021-01-01 00:00:00+00:00
[2024-10-04T00:02:30.036+0000] {processor.py:208} INFO - Processing /home/airflow/.local/lib/python3.12/site-packages/airflow/example_dags/example_trigger_controller_dag.py took 0.042 seconds
[2024-10-04T00:03:00.229+0000] {processor.py:186} INFO - Started process (PID=95227) to work on /home/airflow/.local/lib/python3.12/site-packages/airflow/example_dags/example_trigger_controller_dag.py
[2024-10-04T00:03:00.229+0000] {processor.py:914} INFO - Processing file /home/airflow/.local/lib/python3.12/site-packages/airflow/example_dags/example_trigger_controller_dag.py for tasks to queue
[2024-10-04T00:03:00.230+0000] {logging_mixin.py:190} INFO - [2024-10-04T00:03:00.230+0000] {dagbag.py:588} INFO - Filling up the DagBag from /home/airflow/.local/lib/python3.12/site-packages/airflow/example_dags/example_trigger_controller_dag.py
[2024-10-04T00:03:00.233+0000] {processor.py:925} INFO - DAG(s) 'example_trigger_controller_dag' retrieved from /home/airflow/.local/lib/python3.12/site-packages/airflow/example_dags/example_trigger_controller_dag.py
[2024-10-04T00:03:00.242+0000] {logging_mixin.py:190} INFO - [2024-10-04T00:03:00.242+0000] {dag.py:3239} INFO - Sync 1 DAGs
[2024-10-04T00:03:00.253+0000] {logging_mixin.py:190} INFO - [2024-10-04T00:03:00.252+0000] {dag.py:4180} INFO - Setting next_dagrun for example_trigger_controller_dag to 2021-01-01 00:00:00+00:00, run_after=2021-01-01 00:00:00+00:00
[2024-10-04T00:03:00.263+0000] {processor.py:208} INFO - Processing /home/airflow/.local/lib/python3.12/site-packages/airflow/example_dags/example_trigger_controller_dag.py took 0.037 seconds
[2024-10-04T00:03:30.332+0000] {processor.py:186} INFO - Started process (PID=95290) to work on /home/airflow/.local/lib/python3.12/site-packages/airflow/example_dags/example_trigger_controller_dag.py
[2024-10-04T00:03:30.333+0000] {processor.py:914} INFO - Processing file /home/airflow/.local/lib/python3.12/site-packages/airflow/example_dags/example_trigger_controller_dag.py for tasks to queue
[2024-10-04T00:03:30.334+0000] {logging_mixin.py:190} INFO - [2024-10-04T00:03:30.334+0000] {dagbag.py:588} INFO - Filling up the DagBag from /home/airflow/.local/lib/python3.12/site-packages/airflow/example_dags/example_trigger_controller_dag.py
[2024-10-04T00:03:30.338+0000] {processor.py:925} INFO - DAG(s) 'example_trigger_controller_dag' retrieved from /home/airflow/.local/lib/python3.12/site-packages/airflow/example_dags/example_trigger_controller_dag.py
[2024-10-04T00:03:30.348+0000] {logging_mixin.py:190} INFO - [2024-10-04T00:03:30.348+0000] {dag.py:3239} INFO - Sync 1 DAGs
[2024-10-04T00:03:30.359+0000] {logging_mixin.py:190} INFO - [2024-10-04T00:03:30.359+0000] {dag.py:4180} INFO - Setting next_dagrun for example_trigger_controller_dag to 2021-01-01 00:00:00+00:00, run_after=2021-01-01 00:00:00+00:00
[2024-10-04T00:03:30.369+0000] {processor.py:208} INFO - Processing /home/airflow/.local/lib/python3.12/site-packages/airflow/example_dags/example_trigger_controller_dag.py took 0.039 seconds
[2024-10-04T00:04:00.517+0000] {processor.py:186} INFO - Started process (PID=95353) to work on /home/airflow/.local/lib/python3.12/site-packages/airflow/example_dags/example_trigger_controller_dag.py
[2024-10-04T00:04:00.518+0000] {processor.py:914} INFO - Processing file /home/airflow/.local/lib/python3.12/site-packages/airflow/example_dags/example_trigger_controller_dag.py for tasks to queue
[2024-10-04T00:04:00.519+0000] {logging_mixin.py:190} INFO - [2024-10-04T00:04:00.518+0000] {dagbag.py:588} INFO - Filling up the DagBag from /home/airflow/.local/lib/python3.12/site-packages/airflow/example_dags/example_trigger_controller_dag.py
[2024-10-04T00:04:00.523+0000] {processor.py:925} INFO - DAG(s) 'example_trigger_controller_dag' retrieved from /home/airflow/.local/lib/python3.12/site-packages/airflow/example_dags/example_trigger_controller_dag.py
[2024-10-04T00:04:00.533+0000] {logging_mixin.py:190} INFO - [2024-10-04T00:04:00.533+0000] {dag.py:3239} INFO - Sync 1 DAGs
[2024-10-04T00:04:00.544+0000] {logging_mixin.py:190} INFO - [2024-10-04T00:04:00.544+0000] {dag.py:4180} INFO - Setting next_dagrun for example_trigger_controller_dag to 2021-01-01 00:00:00+00:00, run_after=2021-01-01 00:00:00+00:00
[2024-10-04T00:04:00.554+0000] {processor.py:208} INFO - Processing /home/airflow/.local/lib/python3.12/site-packages/airflow/example_dags/example_trigger_controller_dag.py took 0.040 seconds
[2024-10-04T00:04:30.889+0000] {processor.py:186} INFO - Started process (PID=95416) to work on /home/airflow/.local/lib/python3.12/site-packages/airflow/example_dags/example_trigger_controller_dag.py
[2024-10-04T00:04:30.890+0000] {processor.py:914} INFO - Processing file /home/airflow/.local/lib/python3.12/site-packages/airflow/example_dags/example_trigger_controller_dag.py for tasks to queue
[2024-10-04T00:04:30.890+0000] {logging_mixin.py:190} INFO - [2024-10-04T00:04:30.890+0000] {dagbag.py:588} INFO - Filling up the DagBag from /home/airflow/.local/lib/python3.12/site-packages/airflow/example_dags/example_trigger_controller_dag.py
[2024-10-04T00:04:30.895+0000] {processor.py:925} INFO - DAG(s) 'example_trigger_controller_dag' retrieved from /home/airflow/.local/lib/python3.12/site-packages/airflow/example_dags/example_trigger_controller_dag.py
[2024-10-04T00:04:30.904+0000] {logging_mixin.py:190} INFO - [2024-10-04T00:04:30.904+0000] {dag.py:3239} INFO - Sync 1 DAGs
[2024-10-04T00:04:30.915+0000] {logging_mixin.py:190} INFO - [2024-10-04T00:04:30.915+0000] {dag.py:4180} INFO - Setting next_dagrun for example_trigger_controller_dag to 2021-01-01 00:00:00+00:00, run_after=2021-01-01 00:00:00+00:00
[2024-10-04T00:04:30.924+0000] {processor.py:208} INFO - Processing /home/airflow/.local/lib/python3.12/site-packages/airflow/example_dags/example_trigger_controller_dag.py took 0.038 seconds
[2024-10-04T00:05:01.058+0000] {processor.py:186} INFO - Started process (PID=95479) to work on /home/airflow/.local/lib/python3.12/site-packages/airflow/example_dags/example_trigger_controller_dag.py
[2024-10-04T00:05:01.058+0000] {processor.py:914} INFO - Processing file /home/airflow/.local/lib/python3.12/site-packages/airflow/example_dags/example_trigger_controller_dag.py for tasks to queue
[2024-10-04T00:05:01.059+0000] {logging_mixin.py:190} INFO - [2024-10-04T00:05:01.058+0000] {dagbag.py:588} INFO - Filling up the DagBag from /home/airflow/.local/lib/python3.12/site-packages/airflow/example_dags/example_trigger_controller_dag.py
[2024-10-04T00:05:01.062+0000] {processor.py:925} INFO - DAG(s) 'example_trigger_controller_dag' retrieved from /home/airflow/.local/lib/python3.12/site-packages/airflow/example_dags/example_trigger_controller_dag.py
[2024-10-04T00:05:01.072+0000] {logging_mixin.py:190} INFO - [2024-10-04T00:05:01.072+0000] {dag.py:3239} INFO - Sync 1 DAGs
[2024-10-04T00:05:01.083+0000] {logging_mixin.py:190} INFO - [2024-10-04T00:05:01.083+0000] {dag.py:4180} INFO - Setting next_dagrun for example_trigger_controller_dag to 2021-01-01 00:00:00+00:00, run_after=2021-01-01 00:00:00+00:00
[2024-10-04T00:05:01.092+0000] {processor.py:208} INFO - Processing /home/airflow/.local/lib/python3.12/site-packages/airflow/example_dags/example_trigger_controller_dag.py took 0.038 seconds
[2024-10-04T00:05:31.412+0000] {processor.py:186} INFO - Started process (PID=95542) to work on /home/airflow/.local/lib/python3.12/site-packages/airflow/example_dags/example_trigger_controller_dag.py
[2024-10-04T00:05:31.413+0000] {processor.py:914} INFO - Processing file /home/airflow/.local/lib/python3.12/site-packages/airflow/example_dags/example_trigger_controller_dag.py for tasks to queue
[2024-10-04T00:05:31.413+0000] {logging_mixin.py:190} INFO - [2024-10-04T00:05:31.413+0000] {dagbag.py:588} INFO - Filling up the DagBag from /home/airflow/.local/lib/python3.12/site-packages/airflow/example_dags/example_trigger_controller_dag.py
[2024-10-04T00:05:31.419+0000] {processor.py:925} INFO - DAG(s) 'example_trigger_controller_dag' retrieved from /home/airflow/.local/lib/python3.12/site-packages/airflow/example_dags/example_trigger_controller_dag.py
[2024-10-04T00:05:31.431+0000] {logging_mixin.py:190} INFO - [2024-10-04T00:05:31.431+0000] {dag.py:3239} INFO - Sync 1 DAGs
[2024-10-04T00:05:31.451+0000] {logging_mixin.py:190} INFO - [2024-10-04T00:05:31.451+0000] {dag.py:4180} INFO - Setting next_dagrun for example_trigger_controller_dag to 2021-01-01 00:00:00+00:00, run_after=2021-01-01 00:00:00+00:00
[2024-10-04T00:05:31.461+0000] {processor.py:208} INFO - Processing /home/airflow/.local/lib/python3.12/site-packages/airflow/example_dags/example_trigger_controller_dag.py took 0.053 seconds
[2024-10-04T00:06:01.561+0000] {processor.py:186} INFO - Started process (PID=95605) to work on /home/airflow/.local/lib/python3.12/site-packages/airflow/example_dags/example_trigger_controller_dag.py
[2024-10-04T00:06:01.562+0000] {processor.py:914} INFO - Processing file /home/airflow/.local/lib/python3.12/site-packages/airflow/example_dags/example_trigger_controller_dag.py for tasks to queue
[2024-10-04T00:06:01.562+0000] {logging_mixin.py:190} INFO - [2024-10-04T00:06:01.562+0000] {dagbag.py:588} INFO - Filling up the DagBag from /home/airflow/.local/lib/python3.12/site-packages/airflow/example_dags/example_trigger_controller_dag.py
[2024-10-04T00:06:01.566+0000] {processor.py:925} INFO - DAG(s) 'example_trigger_controller_dag' retrieved from /home/airflow/.local/lib/python3.12/site-packages/airflow/example_dags/example_trigger_controller_dag.py
[2024-10-04T00:06:01.575+0000] {logging_mixin.py:190} INFO - [2024-10-04T00:06:01.575+0000] {dag.py:3239} INFO - Sync 1 DAGs
[2024-10-04T00:06:01.585+0000] {logging_mixin.py:190} INFO - [2024-10-04T00:06:01.585+0000] {dag.py:4180} INFO - Setting next_dagrun for example_trigger_controller_dag to 2021-01-01 00:00:00+00:00, run_after=2021-01-01 00:00:00+00:00
[2024-10-04T00:06:01.594+0000] {processor.py:208} INFO - Processing /home/airflow/.local/lib/python3.12/site-packages/airflow/example_dags/example_trigger_controller_dag.py took 0.036 seconds
[2024-10-04T00:06:31.817+0000] {processor.py:186} INFO - Started process (PID=95668) to work on /home/airflow/.local/lib/python3.12/site-packages/airflow/example_dags/example_trigger_controller_dag.py
[2024-10-04T00:06:31.817+0000] {processor.py:914} INFO - Processing file /home/airflow/.local/lib/python3.12/site-packages/airflow/example_dags/example_trigger_controller_dag.py for tasks to queue
[2024-10-04T00:06:31.817+0000] {logging_mixin.py:190} INFO - [2024-10-04T00:06:31.817+0000] {dagbag.py:588} INFO - Filling up the DagBag from /home/airflow/.local/lib/python3.12/site-packages/airflow/example_dags/example_trigger_controller_dag.py
[2024-10-04T00:06:31.821+0000] {processor.py:925} INFO - DAG(s) 'example_trigger_controller_dag' retrieved from /home/airflow/.local/lib/python3.12/site-packages/airflow/example_dags/example_trigger_controller_dag.py
[2024-10-04T00:06:31.829+0000] {logging_mixin.py:190} INFO - [2024-10-04T00:06:31.829+0000] {dag.py:3239} INFO - Sync 1 DAGs
[2024-10-04T00:06:31.839+0000] {logging_mixin.py:190} INFO - [2024-10-04T00:06:31.839+0000] {dag.py:4180} INFO - Setting next_dagrun for example_trigger_controller_dag to 2021-01-01 00:00:00+00:00, run_after=2021-01-01 00:00:00+00:00
[2024-10-04T00:06:31.848+0000] {processor.py:208} INFO - Processing /home/airflow/.local/lib/python3.12/site-packages/airflow/example_dags/example_trigger_controller_dag.py took 0.035 seconds
[2024-10-04T00:07:02.098+0000] {processor.py:186} INFO - Started process (PID=95731) to work on /home/airflow/.local/lib/python3.12/site-packages/airflow/example_dags/example_trigger_controller_dag.py
[2024-10-04T00:07:02.099+0000] {processor.py:914} INFO - Processing file /home/airflow/.local/lib/python3.12/site-packages/airflow/example_dags/example_trigger_controller_dag.py for tasks to queue
[2024-10-04T00:07:02.099+0000] {logging_mixin.py:190} INFO - [2024-10-04T00:07:02.099+0000] {dagbag.py:588} INFO - Filling up the DagBag from /home/airflow/.local/lib/python3.12/site-packages/airflow/example_dags/example_trigger_controller_dag.py
[2024-10-04T00:07:02.104+0000] {processor.py:925} INFO - DAG(s) 'example_trigger_controller_dag' retrieved from /home/airflow/.local/lib/python3.12/site-packages/airflow/example_dags/example_trigger_controller_dag.py
[2024-10-04T00:07:02.114+0000] {logging_mixin.py:190} INFO - [2024-10-04T00:07:02.114+0000] {dag.py:3239} INFO - Sync 1 DAGs
[2024-10-04T00:07:02.126+0000] {logging_mixin.py:190} INFO - [2024-10-04T00:07:02.126+0000] {dag.py:4180} INFO - Setting next_dagrun for example_trigger_controller_dag to 2021-01-01 00:00:00+00:00, run_after=2021-01-01 00:00:00+00:00
[2024-10-04T00:07:02.137+0000] {processor.py:208} INFO - Processing /home/airflow/.local/lib/python3.12/site-packages/airflow/example_dags/example_trigger_controller_dag.py took 0.042 seconds
[2024-10-04T00:07:32.403+0000] {processor.py:186} INFO - Started process (PID=95794) to work on /home/airflow/.local/lib/python3.12/site-packages/airflow/example_dags/example_trigger_controller_dag.py
[2024-10-04T00:07:32.404+0000] {processor.py:914} INFO - Processing file /home/airflow/.local/lib/python3.12/site-packages/airflow/example_dags/example_trigger_controller_dag.py for tasks to queue
[2024-10-04T00:07:32.405+0000] {logging_mixin.py:190} INFO - [2024-10-04T00:07:32.404+0000] {dagbag.py:588} INFO - Filling up the DagBag from /home/airflow/.local/lib/python3.12/site-packages/airflow/example_dags/example_trigger_controller_dag.py
[2024-10-04T00:07:32.409+0000] {processor.py:925} INFO - DAG(s) 'example_trigger_controller_dag' retrieved from /home/airflow/.local/lib/python3.12/site-packages/airflow/example_dags/example_trigger_controller_dag.py
[2024-10-04T00:07:32.418+0000] {logging_mixin.py:190} INFO - [2024-10-04T00:07:32.418+0000] {dag.py:3239} INFO - Sync 1 DAGs
[2024-10-04T00:07:32.429+0000] {logging_mixin.py:190} INFO - [2024-10-04T00:07:32.429+0000] {dag.py:4180} INFO - Setting next_dagrun for example_trigger_controller_dag to 2021-01-01 00:00:00+00:00, run_after=2021-01-01 00:00:00+00:00
[2024-10-04T00:07:32.439+0000] {processor.py:208} INFO - Processing /home/airflow/.local/lib/python3.12/site-packages/airflow/example_dags/example_trigger_controller_dag.py took 0.039 seconds
[2024-10-04T00:08:02.626+0000] {processor.py:186} INFO - Started process (PID=95857) to work on /home/airflow/.local/lib/python3.12/site-packages/airflow/example_dags/example_trigger_controller_dag.py
[2024-10-04T00:08:02.626+0000] {processor.py:914} INFO - Processing file /home/airflow/.local/lib/python3.12/site-packages/airflow/example_dags/example_trigger_controller_dag.py for tasks to queue
[2024-10-04T00:08:02.627+0000] {logging_mixin.py:190} INFO - [2024-10-04T00:08:02.627+0000] {dagbag.py:588} INFO - Filling up the DagBag from /home/airflow/.local/lib/python3.12/site-packages/airflow/example_dags/example_trigger_controller_dag.py
[2024-10-04T00:08:02.631+0000] {processor.py:925} INFO - DAG(s) 'example_trigger_controller_dag' retrieved from /home/airflow/.local/lib/python3.12/site-packages/airflow/example_dags/example_trigger_controller_dag.py
[2024-10-04T00:08:02.640+0000] {logging_mixin.py:190} INFO - [2024-10-04T00:08:02.640+0000] {dag.py:3239} INFO - Sync 1 DAGs
[2024-10-04T00:08:02.650+0000] {logging_mixin.py:190} INFO - [2024-10-04T00:08:02.650+0000] {dag.py:4180} INFO - Setting next_dagrun for example_trigger_controller_dag to 2021-01-01 00:00:00+00:00, run_after=2021-01-01 00:00:00+00:00
[2024-10-04T00:08:02.660+0000] {processor.py:208} INFO - Processing /home/airflow/.local/lib/python3.12/site-packages/airflow/example_dags/example_trigger_controller_dag.py took 0.037 seconds
[2024-10-04T00:08:33.055+0000] {processor.py:186} INFO - Started process (PID=95920) to work on /home/airflow/.local/lib/python3.12/site-packages/airflow/example_dags/example_trigger_controller_dag.py
[2024-10-04T00:08:33.056+0000] {processor.py:914} INFO - Processing file /home/airflow/.local/lib/python3.12/site-packages/airflow/example_dags/example_trigger_controller_dag.py for tasks to queue
[2024-10-04T00:08:33.056+0000] {logging_mixin.py:190} INFO - [2024-10-04T00:08:33.056+0000] {dagbag.py:588} INFO - Filling up the DagBag from /home/airflow/.local/lib/python3.12/site-packages/airflow/example_dags/example_trigger_controller_dag.py
[2024-10-04T00:08:33.061+0000] {processor.py:925} INFO - DAG(s) 'example_trigger_controller_dag' retrieved from /home/airflow/.local/lib/python3.12/site-packages/airflow/example_dags/example_trigger_controller_dag.py
[2024-10-04T00:08:33.074+0000] {logging_mixin.py:190} INFO - [2024-10-04T00:08:33.074+0000] {dag.py:3239} INFO - Sync 1 DAGs
[2024-10-04T00:08:33.086+0000] {logging_mixin.py:190} INFO - [2024-10-04T00:08:33.086+0000] {dag.py:4180} INFO - Setting next_dagrun for example_trigger_controller_dag to 2021-01-01 00:00:00+00:00, run_after=2021-01-01 00:00:00+00:00
[2024-10-04T00:08:33.095+0000] {processor.py:208} INFO - Processing /home/airflow/.local/lib/python3.12/site-packages/airflow/example_dags/example_trigger_controller_dag.py took 0.044 seconds
[2024-10-04T00:09:03.387+0000] {processor.py:186} INFO - Started process (PID=95983) to work on /home/airflow/.local/lib/python3.12/site-packages/airflow/example_dags/example_trigger_controller_dag.py
[2024-10-04T00:09:03.388+0000] {processor.py:914} INFO - Processing file /home/airflow/.local/lib/python3.12/site-packages/airflow/example_dags/example_trigger_controller_dag.py for tasks to queue
[2024-10-04T00:09:03.388+0000] {logging_mixin.py:190} INFO - [2024-10-04T00:09:03.388+0000] {dagbag.py:588} INFO - Filling up the DagBag from /home/airflow/.local/lib/python3.12/site-packages/airflow/example_dags/example_trigger_controller_dag.py
[2024-10-04T00:09:03.392+0000] {processor.py:925} INFO - DAG(s) 'example_trigger_controller_dag' retrieved from /home/airflow/.local/lib/python3.12/site-packages/airflow/example_dags/example_trigger_controller_dag.py
[2024-10-04T00:09:03.401+0000] {logging_mixin.py:190} INFO - [2024-10-04T00:09:03.401+0000] {dag.py:3239} INFO - Sync 1 DAGs
[2024-10-04T00:09:03.413+0000] {logging_mixin.py:190} INFO - [2024-10-04T00:09:03.413+0000] {dag.py:4180} INFO - Setting next_dagrun for example_trigger_controller_dag to 2021-01-01 00:00:00+00:00, run_after=2021-01-01 00:00:00+00:00
[2024-10-04T00:09:03.422+0000] {processor.py:208} INFO - Processing /home/airflow/.local/lib/python3.12/site-packages/airflow/example_dags/example_trigger_controller_dag.py took 0.037 seconds
[2024-10-04T00:09:33.724+0000] {processor.py:186} INFO - Started process (PID=96046) to work on /home/airflow/.local/lib/python3.12/site-packages/airflow/example_dags/example_trigger_controller_dag.py
[2024-10-04T00:09:33.725+0000] {processor.py:914} INFO - Processing file /home/airflow/.local/lib/python3.12/site-packages/airflow/example_dags/example_trigger_controller_dag.py for tasks to queue
[2024-10-04T00:09:33.726+0000] {logging_mixin.py:190} INFO - [2024-10-04T00:09:33.726+0000] {dagbag.py:588} INFO - Filling up the DagBag from /home/airflow/.local/lib/python3.12/site-packages/airflow/example_dags/example_trigger_controller_dag.py
[2024-10-04T00:09:33.729+0000] {processor.py:925} INFO - DAG(s) 'example_trigger_controller_dag' retrieved from /home/airflow/.local/lib/python3.12/site-packages/airflow/example_dags/example_trigger_controller_dag.py
[2024-10-04T00:09:33.738+0000] {logging_mixin.py:190} INFO - [2024-10-04T00:09:33.738+0000] {dag.py:3239} INFO - Sync 1 DAGs
[2024-10-04T00:09:33.749+0000] {logging_mixin.py:190} INFO - [2024-10-04T00:09:33.749+0000] {dag.py:4180} INFO - Setting next_dagrun for example_trigger_controller_dag to 2021-01-01 00:00:00+00:00, run_after=2021-01-01 00:00:00+00:00
[2024-10-04T00:09:33.758+0000] {processor.py:208} INFO - Processing /home/airflow/.local/lib/python3.12/site-packages/airflow/example_dags/example_trigger_controller_dag.py took 0.037 seconds
[2024-10-04T00:10:03.981+0000] {processor.py:186} INFO - Started process (PID=96109) to work on /home/airflow/.local/lib/python3.12/site-packages/airflow/example_dags/example_trigger_controller_dag.py
[2024-10-04T00:10:03.981+0000] {processor.py:914} INFO - Processing file /home/airflow/.local/lib/python3.12/site-packages/airflow/example_dags/example_trigger_controller_dag.py for tasks to queue
[2024-10-04T00:10:03.982+0000] {logging_mixin.py:190} INFO - [2024-10-04T00:10:03.981+0000] {dagbag.py:588} INFO - Filling up the DagBag from /home/airflow/.local/lib/python3.12/site-packages/airflow/example_dags/example_trigger_controller_dag.py
[2024-10-04T00:10:03.986+0000] {processor.py:925} INFO - DAG(s) 'example_trigger_controller_dag' retrieved from /home/airflow/.local/lib/python3.12/site-packages/airflow/example_dags/example_trigger_controller_dag.py
[2024-10-04T00:10:03.995+0000] {logging_mixin.py:190} INFO - [2024-10-04T00:10:03.995+0000] {dag.py:3239} INFO - Sync 1 DAGs
[2024-10-04T00:10:04.005+0000] {logging_mixin.py:190} INFO - [2024-10-04T00:10:04.005+0000] {dag.py:4180} INFO - Setting next_dagrun for example_trigger_controller_dag to 2021-01-01 00:00:00+00:00, run_after=2021-01-01 00:00:00+00:00
[2024-10-04T00:10:04.013+0000] {processor.py:208} INFO - Processing /home/airflow/.local/lib/python3.12/site-packages/airflow/example_dags/example_trigger_controller_dag.py took 0.035 seconds
[2024-10-04T00:10:34.272+0000] {processor.py:186} INFO - Started process (PID=96172) to work on /home/airflow/.local/lib/python3.12/site-packages/airflow/example_dags/example_trigger_controller_dag.py
[2024-10-04T00:10:34.273+0000] {processor.py:914} INFO - Processing file /home/airflow/.local/lib/python3.12/site-packages/airflow/example_dags/example_trigger_controller_dag.py for tasks to queue
[2024-10-04T00:10:34.274+0000] {logging_mixin.py:190} INFO - [2024-10-04T00:10:34.273+0000] {dagbag.py:588} INFO - Filling up the DagBag from /home/airflow/.local/lib/python3.12/site-packages/airflow/example_dags/example_trigger_controller_dag.py
[2024-10-04T00:10:34.278+0000] {processor.py:925} INFO - DAG(s) 'example_trigger_controller_dag' retrieved from /home/airflow/.local/lib/python3.12/site-packages/airflow/example_dags/example_trigger_controller_dag.py
[2024-10-04T00:10:34.288+0000] {logging_mixin.py:190} INFO - [2024-10-04T00:10:34.288+0000] {dag.py:3239} INFO - Sync 1 DAGs
[2024-10-04T00:10:34.299+0000] {logging_mixin.py:190} INFO - [2024-10-04T00:10:34.299+0000] {dag.py:4180} INFO - Setting next_dagrun for example_trigger_controller_dag to 2021-01-01 00:00:00+00:00, run_after=2021-01-01 00:00:00+00:00
[2024-10-04T00:10:34.307+0000] {processor.py:208} INFO - Processing /home/airflow/.local/lib/python3.12/site-packages/airflow/example_dags/example_trigger_controller_dag.py took 0.038 seconds
[2024-10-04T00:11:04.722+0000] {processor.py:186} INFO - Started process (PID=96235) to work on /home/airflow/.local/lib/python3.12/site-packages/airflow/example_dags/example_trigger_controller_dag.py
[2024-10-04T00:11:04.722+0000] {processor.py:914} INFO - Processing file /home/airflow/.local/lib/python3.12/site-packages/airflow/example_dags/example_trigger_controller_dag.py for tasks to queue
[2024-10-04T00:11:04.723+0000] {logging_mixin.py:190} INFO - [2024-10-04T00:11:04.723+0000] {dagbag.py:588} INFO - Filling up the DagBag from /home/airflow/.local/lib/python3.12/site-packages/airflow/example_dags/example_trigger_controller_dag.py
[2024-10-04T00:11:04.727+0000] {processor.py:925} INFO - DAG(s) 'example_trigger_controller_dag' retrieved from /home/airflow/.local/lib/python3.12/site-packages/airflow/example_dags/example_trigger_controller_dag.py
[2024-10-04T00:11:04.736+0000] {logging_mixin.py:190} INFO - [2024-10-04T00:11:04.736+0000] {dag.py:3239} INFO - Sync 1 DAGs
[2024-10-04T00:11:04.749+0000] {logging_mixin.py:190} INFO - [2024-10-04T00:11:04.749+0000] {dag.py:4180} INFO - Setting next_dagrun for example_trigger_controller_dag to 2021-01-01 00:00:00+00:00, run_after=2021-01-01 00:00:00+00:00
[2024-10-04T00:11:04.759+0000] {processor.py:208} INFO - Processing /home/airflow/.local/lib/python3.12/site-packages/airflow/example_dags/example_trigger_controller_dag.py took 0.040 seconds
[2024-10-04T00:11:35.125+0000] {processor.py:186} INFO - Started process (PID=96298) to work on /home/airflow/.local/lib/python3.12/site-packages/airflow/example_dags/example_trigger_controller_dag.py
[2024-10-04T00:11:35.125+0000] {processor.py:914} INFO - Processing file /home/airflow/.local/lib/python3.12/site-packages/airflow/example_dags/example_trigger_controller_dag.py for tasks to queue
[2024-10-04T00:11:35.126+0000] {logging_mixin.py:190} INFO - [2024-10-04T00:11:35.126+0000] {dagbag.py:588} INFO - Filling up the DagBag from /home/airflow/.local/lib/python3.12/site-packages/airflow/example_dags/example_trigger_controller_dag.py
[2024-10-04T00:11:35.130+0000] {processor.py:925} INFO - DAG(s) 'example_trigger_controller_dag' retrieved from /home/airflow/.local/lib/python3.12/site-packages/airflow/example_dags/example_trigger_controller_dag.py
[2024-10-04T00:11:35.139+0000] {logging_mixin.py:190} INFO - [2024-10-04T00:11:35.139+0000] {dag.py:3239} INFO - Sync 1 DAGs
[2024-10-04T00:11:35.151+0000] {logging_mixin.py:190} INFO - [2024-10-04T00:11:35.151+0000] {dag.py:4180} INFO - Setting next_dagrun for example_trigger_controller_dag to 2021-01-01 00:00:00+00:00, run_after=2021-01-01 00:00:00+00:00
[2024-10-04T00:11:35.161+0000] {processor.py:208} INFO - Processing /home/airflow/.local/lib/python3.12/site-packages/airflow/example_dags/example_trigger_controller_dag.py took 0.040 seconds
[2024-10-04T00:12:05.546+0000] {processor.py:186} INFO - Started process (PID=96361) to work on /home/airflow/.local/lib/python3.12/site-packages/airflow/example_dags/example_trigger_controller_dag.py
[2024-10-04T00:12:05.546+0000] {processor.py:914} INFO - Processing file /home/airflow/.local/lib/python3.12/site-packages/airflow/example_dags/example_trigger_controller_dag.py for tasks to queue
[2024-10-04T00:12:05.547+0000] {logging_mixin.py:190} INFO - [2024-10-04T00:12:05.547+0000] {dagbag.py:588} INFO - Filling up the DagBag from /home/airflow/.local/lib/python3.12/site-packages/airflow/example_dags/example_trigger_controller_dag.py
[2024-10-04T00:12:05.551+0000] {processor.py:925} INFO - DAG(s) 'example_trigger_controller_dag' retrieved from /home/airflow/.local/lib/python3.12/site-packages/airflow/example_dags/example_trigger_controller_dag.py
[2024-10-04T00:12:05.560+0000] {logging_mixin.py:190} INFO - [2024-10-04T00:12:05.560+0000] {dag.py:3239} INFO - Sync 1 DAGs
[2024-10-04T00:12:05.571+0000] {logging_mixin.py:190} INFO - [2024-10-04T00:12:05.571+0000] {dag.py:4180} INFO - Setting next_dagrun for example_trigger_controller_dag to 2021-01-01 00:00:00+00:00, run_after=2021-01-01 00:00:00+00:00
[2024-10-04T00:12:05.582+0000] {processor.py:208} INFO - Processing /home/airflow/.local/lib/python3.12/site-packages/airflow/example_dags/example_trigger_controller_dag.py took 0.039 seconds
[2024-10-04T00:12:36.048+0000] {processor.py:186} INFO - Started process (PID=96424) to work on /home/airflow/.local/lib/python3.12/site-packages/airflow/example_dags/example_trigger_controller_dag.py
[2024-10-04T00:12:36.049+0000] {processor.py:914} INFO - Processing file /home/airflow/.local/lib/python3.12/site-packages/airflow/example_dags/example_trigger_controller_dag.py for tasks to queue
[2024-10-04T00:12:36.049+0000] {logging_mixin.py:190} INFO - [2024-10-04T00:12:36.049+0000] {dagbag.py:588} INFO - Filling up the DagBag from /home/airflow/.local/lib/python3.12/site-packages/airflow/example_dags/example_trigger_controller_dag.py
[2024-10-04T00:12:36.053+0000] {processor.py:925} INFO - DAG(s) 'example_trigger_controller_dag' retrieved from /home/airflow/.local/lib/python3.12/site-packages/airflow/example_dags/example_trigger_controller_dag.py
[2024-10-04T00:12:36.063+0000] {logging_mixin.py:190} INFO - [2024-10-04T00:12:36.063+0000] {dag.py:3239} INFO - Sync 1 DAGs
[2024-10-04T00:12:36.074+0000] {logging_mixin.py:190} INFO - [2024-10-04T00:12:36.074+0000] {dag.py:4180} INFO - Setting next_dagrun for example_trigger_controller_dag to 2021-01-01 00:00:00+00:00, run_after=2021-01-01 00:00:00+00:00
[2024-10-04T00:12:36.082+0000] {processor.py:208} INFO - Processing /home/airflow/.local/lib/python3.12/site-packages/airflow/example_dags/example_trigger_controller_dag.py took 0.037 seconds
[2024-10-04T00:13:06.590+0000] {processor.py:186} INFO - Started process (PID=96487) to work on /home/airflow/.local/lib/python3.12/site-packages/airflow/example_dags/example_trigger_controller_dag.py
[2024-10-04T00:13:06.590+0000] {processor.py:914} INFO - Processing file /home/airflow/.local/lib/python3.12/site-packages/airflow/example_dags/example_trigger_controller_dag.py for tasks to queue
[2024-10-04T00:13:06.591+0000] {logging_mixin.py:190} INFO - [2024-10-04T00:13:06.591+0000] {dagbag.py:588} INFO - Filling up the DagBag from /home/airflow/.local/lib/python3.12/site-packages/airflow/example_dags/example_trigger_controller_dag.py
[2024-10-04T00:13:06.595+0000] {processor.py:925} INFO - DAG(s) 'example_trigger_controller_dag' retrieved from /home/airflow/.local/lib/python3.12/site-packages/airflow/example_dags/example_trigger_controller_dag.py
[2024-10-04T00:13:06.605+0000] {logging_mixin.py:190} INFO - [2024-10-04T00:13:06.604+0000] {dag.py:3239} INFO - Sync 1 DAGs
[2024-10-04T00:13:06.616+0000] {logging_mixin.py:190} INFO - [2024-10-04T00:13:06.616+0000] {dag.py:4180} INFO - Setting next_dagrun for example_trigger_controller_dag to 2021-01-01 00:00:00+00:00, run_after=2021-01-01 00:00:00+00:00
[2024-10-04T00:13:06.625+0000] {processor.py:208} INFO - Processing /home/airflow/.local/lib/python3.12/site-packages/airflow/example_dags/example_trigger_controller_dag.py took 0.039 seconds
[2024-10-04T00:13:36.980+0000] {processor.py:186} INFO - Started process (PID=96550) to work on /home/airflow/.local/lib/python3.12/site-packages/airflow/example_dags/example_trigger_controller_dag.py
[2024-10-04T00:13:36.981+0000] {processor.py:914} INFO - Processing file /home/airflow/.local/lib/python3.12/site-packages/airflow/example_dags/example_trigger_controller_dag.py for tasks to queue
[2024-10-04T00:13:36.981+0000] {logging_mixin.py:190} INFO - [2024-10-04T00:13:36.981+0000] {dagbag.py:588} INFO - Filling up the DagBag from /home/airflow/.local/lib/python3.12/site-packages/airflow/example_dags/example_trigger_controller_dag.py
[2024-10-04T00:13:36.985+0000] {processor.py:925} INFO - DAG(s) 'example_trigger_controller_dag' retrieved from /home/airflow/.local/lib/python3.12/site-packages/airflow/example_dags/example_trigger_controller_dag.py
[2024-10-04T00:13:36.993+0000] {logging_mixin.py:190} INFO - [2024-10-04T00:13:36.993+0000] {dag.py:3239} INFO - Sync 1 DAGs
[2024-10-04T00:13:37.003+0000] {logging_mixin.py:190} INFO - [2024-10-04T00:13:37.003+0000] {dag.py:4180} INFO - Setting next_dagrun for example_trigger_controller_dag to 2021-01-01 00:00:00+00:00, run_after=2021-01-01 00:00:00+00:00
[2024-10-04T00:13:37.012+0000] {processor.py:208} INFO - Processing /home/airflow/.local/lib/python3.12/site-packages/airflow/example_dags/example_trigger_controller_dag.py took 0.035 seconds
[2024-10-04T00:14:07.282+0000] {processor.py:186} INFO - Started process (PID=96613) to work on /home/airflow/.local/lib/python3.12/site-packages/airflow/example_dags/example_trigger_controller_dag.py
[2024-10-04T00:14:07.283+0000] {processor.py:914} INFO - Processing file /home/airflow/.local/lib/python3.12/site-packages/airflow/example_dags/example_trigger_controller_dag.py for tasks to queue
[2024-10-04T00:14:07.283+0000] {logging_mixin.py:190} INFO - [2024-10-04T00:14:07.283+0000] {dagbag.py:588} INFO - Filling up the DagBag from /home/airflow/.local/lib/python3.12/site-packages/airflow/example_dags/example_trigger_controller_dag.py
[2024-10-04T00:14:07.287+0000] {processor.py:925} INFO - DAG(s) 'example_trigger_controller_dag' retrieved from /home/airflow/.local/lib/python3.12/site-packages/airflow/example_dags/example_trigger_controller_dag.py
[2024-10-04T00:14:07.296+0000] {logging_mixin.py:190} INFO - [2024-10-04T00:14:07.296+0000] {dag.py:3239} INFO - Sync 1 DAGs
[2024-10-04T00:14:07.306+0000] {logging_mixin.py:190} INFO - [2024-10-04T00:14:07.306+0000] {dag.py:4180} INFO - Setting next_dagrun for example_trigger_controller_dag to 2021-01-01 00:00:00+00:00, run_after=2021-01-01 00:00:00+00:00
[2024-10-04T00:14:07.315+0000] {processor.py:208} INFO - Processing /home/airflow/.local/lib/python3.12/site-packages/airflow/example_dags/example_trigger_controller_dag.py took 0.035 seconds
[2024-10-04T00:14:37.897+0000] {processor.py:186} INFO - Started process (PID=96675) to work on /home/airflow/.local/lib/python3.12/site-packages/airflow/example_dags/example_trigger_controller_dag.py
[2024-10-04T00:14:37.898+0000] {processor.py:914} INFO - Processing file /home/airflow/.local/lib/python3.12/site-packages/airflow/example_dags/example_trigger_controller_dag.py for tasks to queue
[2024-10-04T00:14:37.899+0000] {logging_mixin.py:190} INFO - [2024-10-04T00:14:37.899+0000] {dagbag.py:588} INFO - Filling up the DagBag from /home/airflow/.local/lib/python3.12/site-packages/airflow/example_dags/example_trigger_controller_dag.py
[2024-10-04T00:14:37.903+0000] {processor.py:925} INFO - DAG(s) 'example_trigger_controller_dag' retrieved from /home/airflow/.local/lib/python3.12/site-packages/airflow/example_dags/example_trigger_controller_dag.py
[2024-10-04T00:14:37.912+0000] {logging_mixin.py:190} INFO - [2024-10-04T00:14:37.912+0000] {dag.py:3239} INFO - Sync 1 DAGs
[2024-10-04T00:14:37.925+0000] {logging_mixin.py:190} INFO - [2024-10-04T00:14:37.925+0000] {dag.py:4180} INFO - Setting next_dagrun for example_trigger_controller_dag to 2021-01-01 00:00:00+00:00, run_after=2021-01-01 00:00:00+00:00
[2024-10-04T00:14:37.934+0000] {processor.py:208} INFO - Processing /home/airflow/.local/lib/python3.12/site-packages/airflow/example_dags/example_trigger_controller_dag.py took 0.040 seconds
[2024-10-04T00:15:08.397+0000] {processor.py:186} INFO - Started process (PID=96738) to work on /home/airflow/.local/lib/python3.12/site-packages/airflow/example_dags/example_trigger_controller_dag.py
[2024-10-04T00:15:08.397+0000] {processor.py:914} INFO - Processing file /home/airflow/.local/lib/python3.12/site-packages/airflow/example_dags/example_trigger_controller_dag.py for tasks to queue
[2024-10-04T00:15:08.398+0000] {logging_mixin.py:190} INFO - [2024-10-04T00:15:08.398+0000] {dagbag.py:588} INFO - Filling up the DagBag from /home/airflow/.local/lib/python3.12/site-packages/airflow/example_dags/example_trigger_controller_dag.py
[2024-10-04T00:15:08.402+0000] {processor.py:925} INFO - DAG(s) 'example_trigger_controller_dag' retrieved from /home/airflow/.local/lib/python3.12/site-packages/airflow/example_dags/example_trigger_controller_dag.py
[2024-10-04T00:15:08.418+0000] {logging_mixin.py:190} INFO - [2024-10-04T00:15:08.418+0000] {dag.py:3239} INFO - Sync 1 DAGs
[2024-10-04T00:15:08.429+0000] {logging_mixin.py:190} INFO - [2024-10-04T00:15:08.429+0000] {dag.py:4180} INFO - Setting next_dagrun for example_trigger_controller_dag to 2021-01-01 00:00:00+00:00, run_after=2021-01-01 00:00:00+00:00
[2024-10-04T00:15:08.438+0000] {processor.py:208} INFO - Processing /home/airflow/.local/lib/python3.12/site-packages/airflow/example_dags/example_trigger_controller_dag.py took 0.044 seconds
[2024-10-04T00:15:38.990+0000] {processor.py:186} INFO - Started process (PID=96801) to work on /home/airflow/.local/lib/python3.12/site-packages/airflow/example_dags/example_trigger_controller_dag.py
[2024-10-04T00:15:38.991+0000] {processor.py:914} INFO - Processing file /home/airflow/.local/lib/python3.12/site-packages/airflow/example_dags/example_trigger_controller_dag.py for tasks to queue
[2024-10-04T00:15:38.991+0000] {logging_mixin.py:190} INFO - [2024-10-04T00:15:38.991+0000] {dagbag.py:588} INFO - Filling up the DagBag from /home/airflow/.local/lib/python3.12/site-packages/airflow/example_dags/example_trigger_controller_dag.py
[2024-10-04T00:15:38.995+0000] {processor.py:925} INFO - DAG(s) 'example_trigger_controller_dag' retrieved from /home/airflow/.local/lib/python3.12/site-packages/airflow/example_dags/example_trigger_controller_dag.py
[2024-10-04T00:15:39.005+0000] {logging_mixin.py:190} INFO - [2024-10-04T00:15:39.005+0000] {dag.py:3239} INFO - Sync 1 DAGs
[2024-10-04T00:15:39.016+0000] {logging_mixin.py:190} INFO - [2024-10-04T00:15:39.015+0000] {dag.py:4180} INFO - Setting next_dagrun for example_trigger_controller_dag to 2021-01-01 00:00:00+00:00, run_after=2021-01-01 00:00:00+00:00
[2024-10-04T00:15:39.025+0000] {processor.py:208} INFO - Processing /home/airflow/.local/lib/python3.12/site-packages/airflow/example_dags/example_trigger_controller_dag.py took 0.037 seconds
[2024-10-04T00:16:09.435+0000] {processor.py:186} INFO - Started process (PID=96864) to work on /home/airflow/.local/lib/python3.12/site-packages/airflow/example_dags/example_trigger_controller_dag.py
[2024-10-04T00:16:09.436+0000] {processor.py:914} INFO - Processing file /home/airflow/.local/lib/python3.12/site-packages/airflow/example_dags/example_trigger_controller_dag.py for tasks to queue
[2024-10-04T00:16:09.436+0000] {logging_mixin.py:190} INFO - [2024-10-04T00:16:09.436+0000] {dagbag.py:588} INFO - Filling up the DagBag from /home/airflow/.local/lib/python3.12/site-packages/airflow/example_dags/example_trigger_controller_dag.py
[2024-10-04T00:16:09.440+0000] {processor.py:925} INFO - DAG(s) 'example_trigger_controller_dag' retrieved from /home/airflow/.local/lib/python3.12/site-packages/airflow/example_dags/example_trigger_controller_dag.py
[2024-10-04T00:16:09.450+0000] {logging_mixin.py:190} INFO - [2024-10-04T00:16:09.450+0000] {dag.py:3239} INFO - Sync 1 DAGs
[2024-10-04T00:16:09.462+0000] {logging_mixin.py:190} INFO - [2024-10-04T00:16:09.461+0000] {dag.py:4180} INFO - Setting next_dagrun for example_trigger_controller_dag to 2021-01-01 00:00:00+00:00, run_after=2021-01-01 00:00:00+00:00
[2024-10-04T00:16:09.470+0000] {processor.py:208} INFO - Processing /home/airflow/.local/lib/python3.12/site-packages/airflow/example_dags/example_trigger_controller_dag.py took 0.038 seconds
[2024-10-04T00:16:40.122+0000] {processor.py:186} INFO - Started process (PID=96927) to work on /home/airflow/.local/lib/python3.12/site-packages/airflow/example_dags/example_trigger_controller_dag.py
[2024-10-04T00:16:40.122+0000] {processor.py:914} INFO - Processing file /home/airflow/.local/lib/python3.12/site-packages/airflow/example_dags/example_trigger_controller_dag.py for tasks to queue
[2024-10-04T00:16:40.123+0000] {logging_mixin.py:190} INFO - [2024-10-04T00:16:40.123+0000] {dagbag.py:588} INFO - Filling up the DagBag from /home/airflow/.local/lib/python3.12/site-packages/airflow/example_dags/example_trigger_controller_dag.py
[2024-10-04T00:16:40.126+0000] {processor.py:925} INFO - DAG(s) 'example_trigger_controller_dag' retrieved from /home/airflow/.local/lib/python3.12/site-packages/airflow/example_dags/example_trigger_controller_dag.py
[2024-10-04T00:16:40.135+0000] {logging_mixin.py:190} INFO - [2024-10-04T00:16:40.135+0000] {dag.py:3239} INFO - Sync 1 DAGs
[2024-10-04T00:16:40.145+0000] {logging_mixin.py:190} INFO - [2024-10-04T00:16:40.145+0000] {dag.py:4180} INFO - Setting next_dagrun for example_trigger_controller_dag to 2021-01-01 00:00:00+00:00, run_after=2021-01-01 00:00:00+00:00
[2024-10-04T00:16:40.154+0000] {processor.py:208} INFO - Processing /home/airflow/.local/lib/python3.12/site-packages/airflow/example_dags/example_trigger_controller_dag.py took 0.035 seconds
[2024-10-04T00:17:10.816+0000] {processor.py:186} INFO - Started process (PID=96990) to work on /home/airflow/.local/lib/python3.12/site-packages/airflow/example_dags/example_trigger_controller_dag.py
[2024-10-04T00:17:10.817+0000] {processor.py:914} INFO - Processing file /home/airflow/.local/lib/python3.12/site-packages/airflow/example_dags/example_trigger_controller_dag.py for tasks to queue
[2024-10-04T00:17:10.817+0000] {logging_mixin.py:190} INFO - [2024-10-04T00:17:10.817+0000] {dagbag.py:588} INFO - Filling up the DagBag from /home/airflow/.local/lib/python3.12/site-packages/airflow/example_dags/example_trigger_controller_dag.py
[2024-10-04T00:17:10.823+0000] {processor.py:925} INFO - DAG(s) 'example_trigger_controller_dag' retrieved from /home/airflow/.local/lib/python3.12/site-packages/airflow/example_dags/example_trigger_controller_dag.py
[2024-10-04T00:17:10.838+0000] {logging_mixin.py:190} INFO - [2024-10-04T00:17:10.838+0000] {dag.py:3239} INFO - Sync 1 DAGs
[2024-10-04T00:17:10.849+0000] {logging_mixin.py:190} INFO - [2024-10-04T00:17:10.849+0000] {dag.py:4180} INFO - Setting next_dagrun for example_trigger_controller_dag to 2021-01-01 00:00:00+00:00, run_after=2021-01-01 00:00:00+00:00
[2024-10-04T00:17:10.859+0000] {processor.py:208} INFO - Processing /home/airflow/.local/lib/python3.12/site-packages/airflow/example_dags/example_trigger_controller_dag.py took 0.047 seconds
[2024-10-04T00:17:41.341+0000] {processor.py:186} INFO - Started process (PID=97053) to work on /home/airflow/.local/lib/python3.12/site-packages/airflow/example_dags/example_trigger_controller_dag.py
[2024-10-04T00:17:41.341+0000] {processor.py:914} INFO - Processing file /home/airflow/.local/lib/python3.12/site-packages/airflow/example_dags/example_trigger_controller_dag.py for tasks to queue
[2024-10-04T00:17:41.342+0000] {logging_mixin.py:190} INFO - [2024-10-04T00:17:41.341+0000] {dagbag.py:588} INFO - Filling up the DagBag from /home/airflow/.local/lib/python3.12/site-packages/airflow/example_dags/example_trigger_controller_dag.py
[2024-10-04T00:17:41.345+0000] {processor.py:925} INFO - DAG(s) 'example_trigger_controller_dag' retrieved from /home/airflow/.local/lib/python3.12/site-packages/airflow/example_dags/example_trigger_controller_dag.py
[2024-10-04T00:17:41.354+0000] {logging_mixin.py:190} INFO - [2024-10-04T00:17:41.354+0000] {dag.py:3239} INFO - Sync 1 DAGs
[2024-10-04T00:17:41.364+0000] {logging_mixin.py:190} INFO - [2024-10-04T00:17:41.364+0000] {dag.py:4180} INFO - Setting next_dagrun for example_trigger_controller_dag to 2021-01-01 00:00:00+00:00, run_after=2021-01-01 00:00:00+00:00
[2024-10-04T00:17:41.373+0000] {processor.py:208} INFO - Processing /home/airflow/.local/lib/python3.12/site-packages/airflow/example_dags/example_trigger_controller_dag.py took 0.035 seconds
[2024-10-04T00:18:11.784+0000] {processor.py:186} INFO - Started process (PID=97116) to work on /home/airflow/.local/lib/python3.12/site-packages/airflow/example_dags/example_trigger_controller_dag.py
[2024-10-04T00:18:11.784+0000] {processor.py:914} INFO - Processing file /home/airflow/.local/lib/python3.12/site-packages/airflow/example_dags/example_trigger_controller_dag.py for tasks to queue
[2024-10-04T00:18:11.785+0000] {logging_mixin.py:190} INFO - [2024-10-04T00:18:11.785+0000] {dagbag.py:588} INFO - Filling up the DagBag from /home/airflow/.local/lib/python3.12/site-packages/airflow/example_dags/example_trigger_controller_dag.py
[2024-10-04T00:18:11.789+0000] {processor.py:925} INFO - DAG(s) 'example_trigger_controller_dag' retrieved from /home/airflow/.local/lib/python3.12/site-packages/airflow/example_dags/example_trigger_controller_dag.py
[2024-10-04T00:18:11.797+0000] {logging_mixin.py:190} INFO - [2024-10-04T00:18:11.797+0000] {dag.py:3239} INFO - Sync 1 DAGs
[2024-10-04T00:18:11.806+0000] {logging_mixin.py:190} INFO - [2024-10-04T00:18:11.806+0000] {dag.py:4180} INFO - Setting next_dagrun for example_trigger_controller_dag to 2021-01-01 00:00:00+00:00, run_after=2021-01-01 00:00:00+00:00
[2024-10-04T00:18:11.815+0000] {processor.py:208} INFO - Processing /home/airflow/.local/lib/python3.12/site-packages/airflow/example_dags/example_trigger_controller_dag.py took 0.033 seconds
[2024-10-04T00:18:42.384+0000] {processor.py:186} INFO - Started process (PID=97179) to work on /home/airflow/.local/lib/python3.12/site-packages/airflow/example_dags/example_trigger_controller_dag.py
[2024-10-04T00:18:42.385+0000] {processor.py:914} INFO - Processing file /home/airflow/.local/lib/python3.12/site-packages/airflow/example_dags/example_trigger_controller_dag.py for tasks to queue
[2024-10-04T00:18:42.386+0000] {logging_mixin.py:190} INFO - [2024-10-04T00:18:42.385+0000] {dagbag.py:588} INFO - Filling up the DagBag from /home/airflow/.local/lib/python3.12/site-packages/airflow/example_dags/example_trigger_controller_dag.py
[2024-10-04T00:18:42.390+0000] {processor.py:925} INFO - DAG(s) 'example_trigger_controller_dag' retrieved from /home/airflow/.local/lib/python3.12/site-packages/airflow/example_dags/example_trigger_controller_dag.py
[2024-10-04T00:18:42.400+0000] {logging_mixin.py:190} INFO - [2024-10-04T00:18:42.400+0000] {dag.py:3239} INFO - Sync 1 DAGs
[2024-10-04T00:18:42.412+0000] {logging_mixin.py:190} INFO - [2024-10-04T00:18:42.412+0000] {dag.py:4180} INFO - Setting next_dagrun for example_trigger_controller_dag to 2021-01-01 00:00:00+00:00, run_after=2021-01-01 00:00:00+00:00
[2024-10-04T00:18:42.422+0000] {processor.py:208} INFO - Processing /home/airflow/.local/lib/python3.12/site-packages/airflow/example_dags/example_trigger_controller_dag.py took 0.040 seconds
[2024-10-04T00:19:13.025+0000] {processor.py:186} INFO - Started process (PID=97242) to work on /home/airflow/.local/lib/python3.12/site-packages/airflow/example_dags/example_trigger_controller_dag.py
[2024-10-04T00:19:13.025+0000] {processor.py:914} INFO - Processing file /home/airflow/.local/lib/python3.12/site-packages/airflow/example_dags/example_trigger_controller_dag.py for tasks to queue
[2024-10-04T00:19:13.026+0000] {logging_mixin.py:190} INFO - [2024-10-04T00:19:13.026+0000] {dagbag.py:588} INFO - Filling up the DagBag from /home/airflow/.local/lib/python3.12/site-packages/airflow/example_dags/example_trigger_controller_dag.py
[2024-10-04T00:19:13.030+0000] {processor.py:925} INFO - DAG(s) 'example_trigger_controller_dag' retrieved from /home/airflow/.local/lib/python3.12/site-packages/airflow/example_dags/example_trigger_controller_dag.py
[2024-10-04T00:19:13.039+0000] {logging_mixin.py:190} INFO - [2024-10-04T00:19:13.039+0000] {dag.py:3239} INFO - Sync 1 DAGs
[2024-10-04T00:19:13.051+0000] {logging_mixin.py:190} INFO - [2024-10-04T00:19:13.051+0000] {dag.py:4180} INFO - Setting next_dagrun for example_trigger_controller_dag to 2021-01-01 00:00:00+00:00, run_after=2021-01-01 00:00:00+00:00
[2024-10-04T00:19:13.060+0000] {processor.py:208} INFO - Processing /home/airflow/.local/lib/python3.12/site-packages/airflow/example_dags/example_trigger_controller_dag.py took 0.038 seconds
[2024-10-04T00:19:43.593+0000] {processor.py:186} INFO - Started process (PID=97305) to work on /home/airflow/.local/lib/python3.12/site-packages/airflow/example_dags/example_trigger_controller_dag.py
[2024-10-04T00:19:43.593+0000] {processor.py:914} INFO - Processing file /home/airflow/.local/lib/python3.12/site-packages/airflow/example_dags/example_trigger_controller_dag.py for tasks to queue
[2024-10-04T00:19:43.594+0000] {logging_mixin.py:190} INFO - [2024-10-04T00:19:43.593+0000] {dagbag.py:588} INFO - Filling up the DagBag from /home/airflow/.local/lib/python3.12/site-packages/airflow/example_dags/example_trigger_controller_dag.py
[2024-10-04T00:19:43.597+0000] {processor.py:925} INFO - DAG(s) 'example_trigger_controller_dag' retrieved from /home/airflow/.local/lib/python3.12/site-packages/airflow/example_dags/example_trigger_controller_dag.py
[2024-10-04T00:19:43.608+0000] {logging_mixin.py:190} INFO - [2024-10-04T00:19:43.608+0000] {dag.py:3239} INFO - Sync 1 DAGs
[2024-10-04T00:19:43.618+0000] {logging_mixin.py:190} INFO - [2024-10-04T00:19:43.617+0000] {dag.py:4180} INFO - Setting next_dagrun for example_trigger_controller_dag to 2021-01-01 00:00:00+00:00, run_after=2021-01-01 00:00:00+00:00
[2024-10-04T00:19:43.628+0000] {processor.py:208} INFO - Processing /home/airflow/.local/lib/python3.12/site-packages/airflow/example_dags/example_trigger_controller_dag.py took 0.038 seconds
[2024-10-04T00:20:14.134+0000] {processor.py:186} INFO - Started process (PID=97368) to work on /home/airflow/.local/lib/python3.12/site-packages/airflow/example_dags/example_trigger_controller_dag.py
[2024-10-04T00:20:14.135+0000] {processor.py:914} INFO - Processing file /home/airflow/.local/lib/python3.12/site-packages/airflow/example_dags/example_trigger_controller_dag.py for tasks to queue
[2024-10-04T00:20:14.135+0000] {logging_mixin.py:190} INFO - [2024-10-04T00:20:14.135+0000] {dagbag.py:588} INFO - Filling up the DagBag from /home/airflow/.local/lib/python3.12/site-packages/airflow/example_dags/example_trigger_controller_dag.py
[2024-10-04T00:20:14.139+0000] {processor.py:925} INFO - DAG(s) 'example_trigger_controller_dag' retrieved from /home/airflow/.local/lib/python3.12/site-packages/airflow/example_dags/example_trigger_controller_dag.py
[2024-10-04T00:20:14.149+0000] {logging_mixin.py:190} INFO - [2024-10-04T00:20:14.149+0000] {dag.py:3239} INFO - Sync 1 DAGs
[2024-10-04T00:20:14.160+0000] {logging_mixin.py:190} INFO - [2024-10-04T00:20:14.160+0000] {dag.py:4180} INFO - Setting next_dagrun for example_trigger_controller_dag to 2021-01-01 00:00:00+00:00, run_after=2021-01-01 00:00:00+00:00
[2024-10-04T00:20:14.169+0000] {processor.py:208} INFO - Processing /home/airflow/.local/lib/python3.12/site-packages/airflow/example_dags/example_trigger_controller_dag.py took 0.038 seconds
[2024-10-04T00:20:44.718+0000] {processor.py:186} INFO - Started process (PID=97431) to work on /home/airflow/.local/lib/python3.12/site-packages/airflow/example_dags/example_trigger_controller_dag.py
[2024-10-04T00:20:44.719+0000] {processor.py:914} INFO - Processing file /home/airflow/.local/lib/python3.12/site-packages/airflow/example_dags/example_trigger_controller_dag.py for tasks to queue
[2024-10-04T00:20:44.719+0000] {logging_mixin.py:190} INFO - [2024-10-04T00:20:44.719+0000] {dagbag.py:588} INFO - Filling up the DagBag from /home/airflow/.local/lib/python3.12/site-packages/airflow/example_dags/example_trigger_controller_dag.py
[2024-10-04T00:20:44.723+0000] {processor.py:925} INFO - DAG(s) 'example_trigger_controller_dag' retrieved from /home/airflow/.local/lib/python3.12/site-packages/airflow/example_dags/example_trigger_controller_dag.py
[2024-10-04T00:20:44.731+0000] {logging_mixin.py:190} INFO - [2024-10-04T00:20:44.731+0000] {dag.py:3239} INFO - Sync 1 DAGs
[2024-10-04T00:20:44.742+0000] {logging_mixin.py:190} INFO - [2024-10-04T00:20:44.742+0000] {dag.py:4180} INFO - Setting next_dagrun for example_trigger_controller_dag to 2021-01-01 00:00:00+00:00, run_after=2021-01-01 00:00:00+00:00
[2024-10-04T00:20:44.752+0000] {processor.py:208} INFO - Processing /home/airflow/.local/lib/python3.12/site-packages/airflow/example_dags/example_trigger_controller_dag.py took 0.037 seconds
[2024-10-04T00:21:15.581+0000] {processor.py:186} INFO - Started process (PID=97494) to work on /home/airflow/.local/lib/python3.12/site-packages/airflow/example_dags/example_trigger_controller_dag.py
[2024-10-04T00:21:15.581+0000] {processor.py:914} INFO - Processing file /home/airflow/.local/lib/python3.12/site-packages/airflow/example_dags/example_trigger_controller_dag.py for tasks to queue
[2024-10-04T00:21:15.582+0000] {logging_mixin.py:190} INFO - [2024-10-04T00:21:15.582+0000] {dagbag.py:588} INFO - Filling up the DagBag from /home/airflow/.local/lib/python3.12/site-packages/airflow/example_dags/example_trigger_controller_dag.py
[2024-10-04T00:21:15.586+0000] {processor.py:925} INFO - DAG(s) 'example_trigger_controller_dag' retrieved from /home/airflow/.local/lib/python3.12/site-packages/airflow/example_dags/example_trigger_controller_dag.py
[2024-10-04T00:21:15.597+0000] {logging_mixin.py:190} INFO - [2024-10-04T00:21:15.597+0000] {dag.py:3239} INFO - Sync 1 DAGs
[2024-10-04T00:21:15.607+0000] {logging_mixin.py:190} INFO - [2024-10-04T00:21:15.607+0000] {dag.py:4180} INFO - Setting next_dagrun for example_trigger_controller_dag to 2021-01-01 00:00:00+00:00, run_after=2021-01-01 00:00:00+00:00
[2024-10-04T00:21:15.733+0000] {processor.py:208} INFO - Processing /home/airflow/.local/lib/python3.12/site-packages/airflow/example_dags/example_trigger_controller_dag.py took 0.156 seconds
[2024-10-04T00:21:46.371+0000] {processor.py:186} INFO - Started process (PID=97558) to work on /home/airflow/.local/lib/python3.12/site-packages/airflow/example_dags/example_trigger_controller_dag.py
[2024-10-04T00:21:46.371+0000] {processor.py:914} INFO - Processing file /home/airflow/.local/lib/python3.12/site-packages/airflow/example_dags/example_trigger_controller_dag.py for tasks to queue
[2024-10-04T00:21:46.372+0000] {logging_mixin.py:190} INFO - [2024-10-04T00:21:46.372+0000] {dagbag.py:588} INFO - Filling up the DagBag from /home/airflow/.local/lib/python3.12/site-packages/airflow/example_dags/example_trigger_controller_dag.py
[2024-10-04T00:21:46.376+0000] {processor.py:925} INFO - DAG(s) 'example_trigger_controller_dag' retrieved from /home/airflow/.local/lib/python3.12/site-packages/airflow/example_dags/example_trigger_controller_dag.py
[2024-10-04T00:21:46.384+0000] {logging_mixin.py:190} INFO - [2024-10-04T00:21:46.384+0000] {dag.py:3239} INFO - Sync 1 DAGs
[2024-10-04T00:21:46.395+0000] {logging_mixin.py:190} INFO - [2024-10-04T00:21:46.395+0000] {dag.py:4180} INFO - Setting next_dagrun for example_trigger_controller_dag to 2021-01-01 00:00:00+00:00, run_after=2021-01-01 00:00:00+00:00
[2024-10-04T00:21:46.404+0000] {processor.py:208} INFO - Processing /home/airflow/.local/lib/python3.12/site-packages/airflow/example_dags/example_trigger_controller_dag.py took 0.036 seconds
