[2024-10-04T00:00:29.067+0000] {processor.py:186} INFO - Started process (PID=94911) to work on /home/airflow/.local/lib/python3.12/site-packages/airflow/example_dags/example_time_delta_sensor_async.py
[2024-10-04T00:00:29.068+0000] {processor.py:914} INFO - Processing file /home/airflow/.local/lib/python3.12/site-packages/airflow/example_dags/example_time_delta_sensor_async.py for tasks to queue
[2024-10-04T00:00:29.068+0000] {logging_mixin.py:190} INFO - [2024-10-04T00:00:29.068+0000] {dagbag.py:588} INFO - Filling up the DagBag from /home/airflow/.local/lib/python3.12/site-packages/airflow/example_dags/example_time_delta_sensor_async.py
[2024-10-04T00:00:29.072+0000] {processor.py:925} INFO - DAG(s) 'example_time_delta_sensor_async' retrieved from /home/airflow/.local/lib/python3.12/site-packages/airflow/example_dags/example_time_delta_sensor_async.py
[2024-10-04T00:00:29.080+0000] {logging_mixin.py:190} INFO - [2024-10-04T00:00:29.080+0000] {dag.py:3239} INFO - Sync 1 DAGs
[2024-10-04T00:00:29.087+0000] {logging_mixin.py:190} INFO - [2024-10-04T00:00:29.086+0000] {dag.py:4180} INFO - Setting next_dagrun for example_time_delta_sensor_async to None, run_after=None
[2024-10-04T00:00:29.095+0000] {processor.py:208} INFO - Processing /home/airflow/.local/lib/python3.12/site-packages/airflow/example_dags/example_time_delta_sensor_async.py took 0.031 seconds
[2024-10-04T00:00:59.251+0000] {processor.py:186} INFO - Started process (PID=94974) to work on /home/airflow/.local/lib/python3.12/site-packages/airflow/example_dags/example_time_delta_sensor_async.py
[2024-10-04T00:00:59.251+0000] {processor.py:914} INFO - Processing file /home/airflow/.local/lib/python3.12/site-packages/airflow/example_dags/example_time_delta_sensor_async.py for tasks to queue
[2024-10-04T00:00:59.252+0000] {logging_mixin.py:190} INFO - [2024-10-04T00:00:59.252+0000] {dagbag.py:588} INFO - Filling up the DagBag from /home/airflow/.local/lib/python3.12/site-packages/airflow/example_dags/example_time_delta_sensor_async.py
[2024-10-04T00:00:59.256+0000] {processor.py:925} INFO - DAG(s) 'example_time_delta_sensor_async' retrieved from /home/airflow/.local/lib/python3.12/site-packages/airflow/example_dags/example_time_delta_sensor_async.py
[2024-10-04T00:00:59.265+0000] {logging_mixin.py:190} INFO - [2024-10-04T00:00:59.265+0000] {dag.py:3239} INFO - Sync 1 DAGs
[2024-10-04T00:00:59.272+0000] {logging_mixin.py:190} INFO - [2024-10-04T00:00:59.272+0000] {dag.py:4180} INFO - Setting next_dagrun for example_time_delta_sensor_async to None, run_after=None
[2024-10-04T00:00:59.282+0000] {processor.py:208} INFO - Processing /home/airflow/.local/lib/python3.12/site-packages/airflow/example_dags/example_time_delta_sensor_async.py took 0.034 seconds
[2024-10-04T00:01:29.353+0000] {processor.py:186} INFO - Started process (PID=95037) to work on /home/airflow/.local/lib/python3.12/site-packages/airflow/example_dags/example_time_delta_sensor_async.py
[2024-10-04T00:01:29.353+0000] {processor.py:914} INFO - Processing file /home/airflow/.local/lib/python3.12/site-packages/airflow/example_dags/example_time_delta_sensor_async.py for tasks to queue
[2024-10-04T00:01:29.354+0000] {logging_mixin.py:190} INFO - [2024-10-04T00:01:29.354+0000] {dagbag.py:588} INFO - Filling up the DagBag from /home/airflow/.local/lib/python3.12/site-packages/airflow/example_dags/example_time_delta_sensor_async.py
[2024-10-04T00:01:29.357+0000] {processor.py:925} INFO - DAG(s) 'example_time_delta_sensor_async' retrieved from /home/airflow/.local/lib/python3.12/site-packages/airflow/example_dags/example_time_delta_sensor_async.py
[2024-10-04T00:01:29.366+0000] {logging_mixin.py:190} INFO - [2024-10-04T00:01:29.366+0000] {dag.py:3239} INFO - Sync 1 DAGs
[2024-10-04T00:01:29.373+0000] {logging_mixin.py:190} INFO - [2024-10-04T00:01:29.372+0000] {dag.py:4180} INFO - Setting next_dagrun for example_time_delta_sensor_async to None, run_after=None
[2024-10-04T00:01:29.381+0000] {processor.py:208} INFO - Processing /home/airflow/.local/lib/python3.12/site-packages/airflow/example_dags/example_time_delta_sensor_async.py took 0.031 seconds
[2024-10-04T00:01:59.768+0000] {processor.py:186} INFO - Started process (PID=95100) to work on /home/airflow/.local/lib/python3.12/site-packages/airflow/example_dags/example_time_delta_sensor_async.py
[2024-10-04T00:01:59.769+0000] {processor.py:914} INFO - Processing file /home/airflow/.local/lib/python3.12/site-packages/airflow/example_dags/example_time_delta_sensor_async.py for tasks to queue
[2024-10-04T00:01:59.770+0000] {logging_mixin.py:190} INFO - [2024-10-04T00:01:59.770+0000] {dagbag.py:588} INFO - Filling up the DagBag from /home/airflow/.local/lib/python3.12/site-packages/airflow/example_dags/example_time_delta_sensor_async.py
[2024-10-04T00:01:59.777+0000] {processor.py:925} INFO - DAG(s) 'example_time_delta_sensor_async' retrieved from /home/airflow/.local/lib/python3.12/site-packages/airflow/example_dags/example_time_delta_sensor_async.py
[2024-10-04T00:01:59.789+0000] {logging_mixin.py:190} INFO - [2024-10-04T00:01:59.788+0000] {dag.py:3239} INFO - Sync 1 DAGs
[2024-10-04T00:01:59.796+0000] {logging_mixin.py:190} INFO - [2024-10-04T00:01:59.796+0000] {dag.py:4180} INFO - Setting next_dagrun for example_time_delta_sensor_async to None, run_after=None
[2024-10-04T00:01:59.813+0000] {processor.py:208} INFO - Processing /home/airflow/.local/lib/python3.12/site-packages/airflow/example_dags/example_time_delta_sensor_async.py took 0.050 seconds
[2024-10-04T00:02:29.954+0000] {processor.py:186} INFO - Started process (PID=95163) to work on /home/airflow/.local/lib/python3.12/site-packages/airflow/example_dags/example_time_delta_sensor_async.py
[2024-10-04T00:02:29.954+0000] {processor.py:914} INFO - Processing file /home/airflow/.local/lib/python3.12/site-packages/airflow/example_dags/example_time_delta_sensor_async.py for tasks to queue
[2024-10-04T00:02:29.955+0000] {logging_mixin.py:190} INFO - [2024-10-04T00:02:29.955+0000] {dagbag.py:588} INFO - Filling up the DagBag from /home/airflow/.local/lib/python3.12/site-packages/airflow/example_dags/example_time_delta_sensor_async.py
[2024-10-04T00:02:29.959+0000] {processor.py:925} INFO - DAG(s) 'example_time_delta_sensor_async' retrieved from /home/airflow/.local/lib/python3.12/site-packages/airflow/example_dags/example_time_delta_sensor_async.py
[2024-10-04T00:02:29.968+0000] {logging_mixin.py:190} INFO - [2024-10-04T00:02:29.968+0000] {dag.py:3239} INFO - Sync 1 DAGs
[2024-10-04T00:02:29.975+0000] {logging_mixin.py:190} INFO - [2024-10-04T00:02:29.974+0000] {dag.py:4180} INFO - Setting next_dagrun for example_time_delta_sensor_async to None, run_after=None
[2024-10-04T00:02:29.984+0000] {processor.py:208} INFO - Processing /home/airflow/.local/lib/python3.12/site-packages/airflow/example_dags/example_time_delta_sensor_async.py took 0.034 seconds
[2024-10-04T00:03:00.189+0000] {processor.py:186} INFO - Started process (PID=95226) to work on /home/airflow/.local/lib/python3.12/site-packages/airflow/example_dags/example_time_delta_sensor_async.py
[2024-10-04T00:03:00.189+0000] {processor.py:914} INFO - Processing file /home/airflow/.local/lib/python3.12/site-packages/airflow/example_dags/example_time_delta_sensor_async.py for tasks to queue
[2024-10-04T00:03:00.190+0000] {logging_mixin.py:190} INFO - [2024-10-04T00:03:00.190+0000] {dagbag.py:588} INFO - Filling up the DagBag from /home/airflow/.local/lib/python3.12/site-packages/airflow/example_dags/example_time_delta_sensor_async.py
[2024-10-04T00:03:00.193+0000] {processor.py:925} INFO - DAG(s) 'example_time_delta_sensor_async' retrieved from /home/airflow/.local/lib/python3.12/site-packages/airflow/example_dags/example_time_delta_sensor_async.py
[2024-10-04T00:03:00.202+0000] {logging_mixin.py:190} INFO - [2024-10-04T00:03:00.202+0000] {dag.py:3239} INFO - Sync 1 DAGs
[2024-10-04T00:03:00.208+0000] {logging_mixin.py:190} INFO - [2024-10-04T00:03:00.208+0000] {dag.py:4180} INFO - Setting next_dagrun for example_time_delta_sensor_async to None, run_after=None
[2024-10-04T00:03:00.216+0000] {processor.py:208} INFO - Processing /home/airflow/.local/lib/python3.12/site-packages/airflow/example_dags/example_time_delta_sensor_async.py took 0.031 seconds
[2024-10-04T00:03:30.288+0000] {processor.py:186} INFO - Started process (PID=95289) to work on /home/airflow/.local/lib/python3.12/site-packages/airflow/example_dags/example_time_delta_sensor_async.py
[2024-10-04T00:03:30.289+0000] {processor.py:914} INFO - Processing file /home/airflow/.local/lib/python3.12/site-packages/airflow/example_dags/example_time_delta_sensor_async.py for tasks to queue
[2024-10-04T00:03:30.290+0000] {logging_mixin.py:190} INFO - [2024-10-04T00:03:30.290+0000] {dagbag.py:588} INFO - Filling up the DagBag from /home/airflow/.local/lib/python3.12/site-packages/airflow/example_dags/example_time_delta_sensor_async.py
[2024-10-04T00:03:30.295+0000] {processor.py:925} INFO - DAG(s) 'example_time_delta_sensor_async' retrieved from /home/airflow/.local/lib/python3.12/site-packages/airflow/example_dags/example_time_delta_sensor_async.py
[2024-10-04T00:03:30.307+0000] {logging_mixin.py:190} INFO - [2024-10-04T00:03:30.307+0000] {dag.py:3239} INFO - Sync 1 DAGs
[2024-10-04T00:03:30.314+0000] {logging_mixin.py:190} INFO - [2024-10-04T00:03:30.314+0000] {dag.py:4180} INFO - Setting next_dagrun for example_time_delta_sensor_async to None, run_after=None
[2024-10-04T00:03:30.324+0000] {processor.py:208} INFO - Processing /home/airflow/.local/lib/python3.12/site-packages/airflow/example_dags/example_time_delta_sensor_async.py took 0.038 seconds
[2024-10-04T00:04:00.494+0000] {processor.py:186} INFO - Started process (PID=95352) to work on /home/airflow/.local/lib/python3.12/site-packages/airflow/example_dags/example_time_delta_sensor_async.py
[2024-10-04T00:04:00.494+0000] {processor.py:914} INFO - Processing file /home/airflow/.local/lib/python3.12/site-packages/airflow/example_dags/example_time_delta_sensor_async.py for tasks to queue
[2024-10-04T00:04:00.495+0000] {logging_mixin.py:190} INFO - [2024-10-04T00:04:00.495+0000] {dagbag.py:588} INFO - Filling up the DagBag from /home/airflow/.local/lib/python3.12/site-packages/airflow/example_dags/example_time_delta_sensor_async.py
[2024-10-04T00:04:00.499+0000] {processor.py:925} INFO - DAG(s) 'example_time_delta_sensor_async' retrieved from /home/airflow/.local/lib/python3.12/site-packages/airflow/example_dags/example_time_delta_sensor_async.py
[2024-10-04T00:04:00.511+0000] {logging_mixin.py:190} INFO - [2024-10-04T00:04:00.511+0000] {dag.py:3239} INFO - Sync 1 DAGs
[2024-10-04T00:04:00.519+0000] {logging_mixin.py:190} INFO - [2024-10-04T00:04:00.519+0000] {dag.py:4180} INFO - Setting next_dagrun for example_time_delta_sensor_async to None, run_after=None
[2024-10-04T00:04:00.529+0000] {processor.py:208} INFO - Processing /home/airflow/.local/lib/python3.12/site-packages/airflow/example_dags/example_time_delta_sensor_async.py took 0.039 seconds
[2024-10-04T00:04:30.848+0000] {processor.py:186} INFO - Started process (PID=95415) to work on /home/airflow/.local/lib/python3.12/site-packages/airflow/example_dags/example_time_delta_sensor_async.py
[2024-10-04T00:04:30.849+0000] {processor.py:914} INFO - Processing file /home/airflow/.local/lib/python3.12/site-packages/airflow/example_dags/example_time_delta_sensor_async.py for tasks to queue
[2024-10-04T00:04:30.849+0000] {logging_mixin.py:190} INFO - [2024-10-04T00:04:30.849+0000] {dagbag.py:588} INFO - Filling up the DagBag from /home/airflow/.local/lib/python3.12/site-packages/airflow/example_dags/example_time_delta_sensor_async.py
[2024-10-04T00:04:30.853+0000] {processor.py:925} INFO - DAG(s) 'example_time_delta_sensor_async' retrieved from /home/airflow/.local/lib/python3.12/site-packages/airflow/example_dags/example_time_delta_sensor_async.py
[2024-10-04T00:04:30.863+0000] {logging_mixin.py:190} INFO - [2024-10-04T00:04:30.863+0000] {dag.py:3239} INFO - Sync 1 DAGs
[2024-10-04T00:04:30.871+0000] {logging_mixin.py:190} INFO - [2024-10-04T00:04:30.871+0000] {dag.py:4180} INFO - Setting next_dagrun for example_time_delta_sensor_async to None, run_after=None
[2024-10-04T00:04:30.882+0000] {processor.py:208} INFO - Processing /home/airflow/.local/lib/python3.12/site-packages/airflow/example_dags/example_time_delta_sensor_async.py took 0.038 seconds
[2024-10-04T00:05:01.017+0000] {processor.py:186} INFO - Started process (PID=95478) to work on /home/airflow/.local/lib/python3.12/site-packages/airflow/example_dags/example_time_delta_sensor_async.py
[2024-10-04T00:05:01.018+0000] {processor.py:914} INFO - Processing file /home/airflow/.local/lib/python3.12/site-packages/airflow/example_dags/example_time_delta_sensor_async.py for tasks to queue
[2024-10-04T00:05:01.019+0000] {logging_mixin.py:190} INFO - [2024-10-04T00:05:01.018+0000] {dagbag.py:588} INFO - Filling up the DagBag from /home/airflow/.local/lib/python3.12/site-packages/airflow/example_dags/example_time_delta_sensor_async.py
[2024-10-04T00:05:01.023+0000] {processor.py:925} INFO - DAG(s) 'example_time_delta_sensor_async' retrieved from /home/airflow/.local/lib/python3.12/site-packages/airflow/example_dags/example_time_delta_sensor_async.py
[2024-10-04T00:05:01.032+0000] {logging_mixin.py:190} INFO - [2024-10-04T00:05:01.032+0000] {dag.py:3239} INFO - Sync 1 DAGs
[2024-10-04T00:05:01.038+0000] {logging_mixin.py:190} INFO - [2024-10-04T00:05:01.038+0000] {dag.py:4180} INFO - Setting next_dagrun for example_time_delta_sensor_async to None, run_after=None
[2024-10-04T00:05:01.047+0000] {processor.py:208} INFO - Processing /home/airflow/.local/lib/python3.12/site-packages/airflow/example_dags/example_time_delta_sensor_async.py took 0.032 seconds
[2024-10-04T00:05:31.409+0000] {processor.py:186} INFO - Started process (PID=95541) to work on /home/airflow/.local/lib/python3.12/site-packages/airflow/example_dags/example_time_delta_sensor_async.py
[2024-10-04T00:05:31.410+0000] {processor.py:914} INFO - Processing file /home/airflow/.local/lib/python3.12/site-packages/airflow/example_dags/example_time_delta_sensor_async.py for tasks to queue
[2024-10-04T00:05:31.410+0000] {logging_mixin.py:190} INFO - [2024-10-04T00:05:31.410+0000] {dagbag.py:588} INFO - Filling up the DagBag from /home/airflow/.local/lib/python3.12/site-packages/airflow/example_dags/example_time_delta_sensor_async.py
[2024-10-04T00:05:31.416+0000] {processor.py:925} INFO - DAG(s) 'example_time_delta_sensor_async' retrieved from /home/airflow/.local/lib/python3.12/site-packages/airflow/example_dags/example_time_delta_sensor_async.py
[2024-10-04T00:05:31.431+0000] {logging_mixin.py:190} INFO - [2024-10-04T00:05:31.431+0000] {dag.py:3239} INFO - Sync 1 DAGs
[2024-10-04T00:05:31.446+0000] {logging_mixin.py:190} INFO - [2024-10-04T00:05:31.446+0000] {dag.py:4180} INFO - Setting next_dagrun for example_time_delta_sensor_async to None, run_after=None
[2024-10-04T00:05:31.456+0000] {processor.py:208} INFO - Processing /home/airflow/.local/lib/python3.12/site-packages/airflow/example_dags/example_time_delta_sensor_async.py took 0.051 seconds
[2024-10-04T00:06:01.534+0000] {processor.py:186} INFO - Started process (PID=95604) to work on /home/airflow/.local/lib/python3.12/site-packages/airflow/example_dags/example_time_delta_sensor_async.py
[2024-10-04T00:06:01.535+0000] {processor.py:914} INFO - Processing file /home/airflow/.local/lib/python3.12/site-packages/airflow/example_dags/example_time_delta_sensor_async.py for tasks to queue
[2024-10-04T00:06:01.535+0000] {logging_mixin.py:190} INFO - [2024-10-04T00:06:01.535+0000] {dagbag.py:588} INFO - Filling up the DagBag from /home/airflow/.local/lib/python3.12/site-packages/airflow/example_dags/example_time_delta_sensor_async.py
[2024-10-04T00:06:01.539+0000] {processor.py:925} INFO - DAG(s) 'example_time_delta_sensor_async' retrieved from /home/airflow/.local/lib/python3.12/site-packages/airflow/example_dags/example_time_delta_sensor_async.py
[2024-10-04T00:06:01.548+0000] {logging_mixin.py:190} INFO - [2024-10-04T00:06:01.548+0000] {dag.py:3239} INFO - Sync 1 DAGs
[2024-10-04T00:06:01.556+0000] {logging_mixin.py:190} INFO - [2024-10-04T00:06:01.556+0000] {dag.py:4180} INFO - Setting next_dagrun for example_time_delta_sensor_async to None, run_after=None
[2024-10-04T00:06:01.565+0000] {processor.py:208} INFO - Processing /home/airflow/.local/lib/python3.12/site-packages/airflow/example_dags/example_time_delta_sensor_async.py took 0.034 seconds
[2024-10-04T00:06:31.815+0000] {processor.py:186} INFO - Started process (PID=95667) to work on /home/airflow/.local/lib/python3.12/site-packages/airflow/example_dags/example_time_delta_sensor_async.py
[2024-10-04T00:06:31.815+0000] {processor.py:914} INFO - Processing file /home/airflow/.local/lib/python3.12/site-packages/airflow/example_dags/example_time_delta_sensor_async.py for tasks to queue
[2024-10-04T00:06:31.816+0000] {logging_mixin.py:190} INFO - [2024-10-04T00:06:31.816+0000] {dagbag.py:588} INFO - Filling up the DagBag from /home/airflow/.local/lib/python3.12/site-packages/airflow/example_dags/example_time_delta_sensor_async.py
[2024-10-04T00:06:31.820+0000] {processor.py:925} INFO - DAG(s) 'example_time_delta_sensor_async' retrieved from /home/airflow/.local/lib/python3.12/site-packages/airflow/example_dags/example_time_delta_sensor_async.py
[2024-10-04T00:06:31.829+0000] {logging_mixin.py:190} INFO - [2024-10-04T00:06:31.829+0000] {dag.py:3239} INFO - Sync 1 DAGs
[2024-10-04T00:06:31.836+0000] {logging_mixin.py:190} INFO - [2024-10-04T00:06:31.836+0000] {dag.py:4180} INFO - Setting next_dagrun for example_time_delta_sensor_async to None, run_after=None
[2024-10-04T00:06:31.845+0000] {processor.py:208} INFO - Processing /home/airflow/.local/lib/python3.12/site-packages/airflow/example_dags/example_time_delta_sensor_async.py took 0.034 seconds
[2024-10-04T00:07:02.069+0000] {processor.py:186} INFO - Started process (PID=95730) to work on /home/airflow/.local/lib/python3.12/site-packages/airflow/example_dags/example_time_delta_sensor_async.py
[2024-10-04T00:07:02.069+0000] {processor.py:914} INFO - Processing file /home/airflow/.local/lib/python3.12/site-packages/airflow/example_dags/example_time_delta_sensor_async.py for tasks to queue
[2024-10-04T00:07:02.070+0000] {logging_mixin.py:190} INFO - [2024-10-04T00:07:02.070+0000] {dagbag.py:588} INFO - Filling up the DagBag from /home/airflow/.local/lib/python3.12/site-packages/airflow/example_dags/example_time_delta_sensor_async.py
[2024-10-04T00:07:02.073+0000] {processor.py:925} INFO - DAG(s) 'example_time_delta_sensor_async' retrieved from /home/airflow/.local/lib/python3.12/site-packages/airflow/example_dags/example_time_delta_sensor_async.py
[2024-10-04T00:07:02.083+0000] {logging_mixin.py:190} INFO - [2024-10-04T00:07:02.083+0000] {dag.py:3239} INFO - Sync 1 DAGs
[2024-10-04T00:07:02.091+0000] {logging_mixin.py:190} INFO - [2024-10-04T00:07:02.091+0000] {dag.py:4180} INFO - Setting next_dagrun for example_time_delta_sensor_async to None, run_after=None
[2024-10-04T00:07:02.101+0000] {processor.py:208} INFO - Processing /home/airflow/.local/lib/python3.12/site-packages/airflow/example_dags/example_time_delta_sensor_async.py took 0.036 seconds
[2024-10-04T00:07:32.389+0000] {processor.py:186} INFO - Started process (PID=95793) to work on /home/airflow/.local/lib/python3.12/site-packages/airflow/example_dags/example_time_delta_sensor_async.py
[2024-10-04T00:07:32.390+0000] {processor.py:914} INFO - Processing file /home/airflow/.local/lib/python3.12/site-packages/airflow/example_dags/example_time_delta_sensor_async.py for tasks to queue
[2024-10-04T00:07:32.390+0000] {logging_mixin.py:190} INFO - [2024-10-04T00:07:32.390+0000] {dagbag.py:588} INFO - Filling up the DagBag from /home/airflow/.local/lib/python3.12/site-packages/airflow/example_dags/example_time_delta_sensor_async.py
[2024-10-04T00:07:32.394+0000] {processor.py:925} INFO - DAG(s) 'example_time_delta_sensor_async' retrieved from /home/airflow/.local/lib/python3.12/site-packages/airflow/example_dags/example_time_delta_sensor_async.py
[2024-10-04T00:07:32.404+0000] {logging_mixin.py:190} INFO - [2024-10-04T00:07:32.404+0000] {dag.py:3239} INFO - Sync 1 DAGs
[2024-10-04T00:07:32.412+0000] {logging_mixin.py:190} INFO - [2024-10-04T00:07:32.412+0000] {dag.py:4180} INFO - Setting next_dagrun for example_time_delta_sensor_async to None, run_after=None
[2024-10-04T00:07:32.422+0000] {processor.py:208} INFO - Processing /home/airflow/.local/lib/python3.12/site-packages/airflow/example_dags/example_time_delta_sensor_async.py took 0.036 seconds
[2024-10-04T00:08:02.586+0000] {processor.py:186} INFO - Started process (PID=95856) to work on /home/airflow/.local/lib/python3.12/site-packages/airflow/example_dags/example_time_delta_sensor_async.py
[2024-10-04T00:08:02.587+0000] {processor.py:914} INFO - Processing file /home/airflow/.local/lib/python3.12/site-packages/airflow/example_dags/example_time_delta_sensor_async.py for tasks to queue
[2024-10-04T00:08:02.587+0000] {logging_mixin.py:190} INFO - [2024-10-04T00:08:02.587+0000] {dagbag.py:588} INFO - Filling up the DagBag from /home/airflow/.local/lib/python3.12/site-packages/airflow/example_dags/example_time_delta_sensor_async.py
[2024-10-04T00:08:02.592+0000] {processor.py:925} INFO - DAG(s) 'example_time_delta_sensor_async' retrieved from /home/airflow/.local/lib/python3.12/site-packages/airflow/example_dags/example_time_delta_sensor_async.py
[2024-10-04T00:08:02.602+0000] {logging_mixin.py:190} INFO - [2024-10-04T00:08:02.602+0000] {dag.py:3239} INFO - Sync 1 DAGs
[2024-10-04T00:08:02.609+0000] {logging_mixin.py:190} INFO - [2024-10-04T00:08:02.609+0000] {dag.py:4180} INFO - Setting next_dagrun for example_time_delta_sensor_async to None, run_after=None
[2024-10-04T00:08:02.618+0000] {processor.py:208} INFO - Processing /home/airflow/.local/lib/python3.12/site-packages/airflow/example_dags/example_time_delta_sensor_async.py took 0.035 seconds
[2024-10-04T00:08:32.983+0000] {processor.py:186} INFO - Started process (PID=95919) to work on /home/airflow/.local/lib/python3.12/site-packages/airflow/example_dags/example_time_delta_sensor_async.py
[2024-10-04T00:08:32.984+0000] {processor.py:914} INFO - Processing file /home/airflow/.local/lib/python3.12/site-packages/airflow/example_dags/example_time_delta_sensor_async.py for tasks to queue
[2024-10-04T00:08:32.984+0000] {logging_mixin.py:190} INFO - [2024-10-04T00:08:32.984+0000] {dagbag.py:588} INFO - Filling up the DagBag from /home/airflow/.local/lib/python3.12/site-packages/airflow/example_dags/example_time_delta_sensor_async.py
[2024-10-04T00:08:32.989+0000] {processor.py:925} INFO - DAG(s) 'example_time_delta_sensor_async' retrieved from /home/airflow/.local/lib/python3.12/site-packages/airflow/example_dags/example_time_delta_sensor_async.py
[2024-10-04T00:08:32.999+0000] {logging_mixin.py:190} INFO - [2024-10-04T00:08:32.999+0000] {dag.py:3239} INFO - Sync 1 DAGs
[2024-10-04T00:08:33.031+0000] {logging_mixin.py:190} INFO - [2024-10-04T00:08:33.031+0000] {dag.py:4180} INFO - Setting next_dagrun for example_time_delta_sensor_async to None, run_after=None
[2024-10-04T00:08:33.059+0000] {processor.py:208} INFO - Processing /home/airflow/.local/lib/python3.12/site-packages/airflow/example_dags/example_time_delta_sensor_async.py took 0.079 seconds
[2024-10-04T00:09:03.367+0000] {processor.py:186} INFO - Started process (PID=95982) to work on /home/airflow/.local/lib/python3.12/site-packages/airflow/example_dags/example_time_delta_sensor_async.py
[2024-10-04T00:09:03.367+0000] {processor.py:914} INFO - Processing file /home/airflow/.local/lib/python3.12/site-packages/airflow/example_dags/example_time_delta_sensor_async.py for tasks to queue
[2024-10-04T00:09:03.368+0000] {logging_mixin.py:190} INFO - [2024-10-04T00:09:03.368+0000] {dagbag.py:588} INFO - Filling up the DagBag from /home/airflow/.local/lib/python3.12/site-packages/airflow/example_dags/example_time_delta_sensor_async.py
[2024-10-04T00:09:03.372+0000] {processor.py:925} INFO - DAG(s) 'example_time_delta_sensor_async' retrieved from /home/airflow/.local/lib/python3.12/site-packages/airflow/example_dags/example_time_delta_sensor_async.py
[2024-10-04T00:09:03.382+0000] {logging_mixin.py:190} INFO - [2024-10-04T00:09:03.382+0000] {dag.py:3239} INFO - Sync 1 DAGs
[2024-10-04T00:09:03.390+0000] {logging_mixin.py:190} INFO - [2024-10-04T00:09:03.389+0000] {dag.py:4180} INFO - Setting next_dagrun for example_time_delta_sensor_async to None, run_after=None
[2024-10-04T00:09:03.400+0000] {processor.py:208} INFO - Processing /home/airflow/.local/lib/python3.12/site-packages/airflow/example_dags/example_time_delta_sensor_async.py took 0.037 seconds
[2024-10-04T00:09:33.722+0000] {processor.py:186} INFO - Started process (PID=96045) to work on /home/airflow/.local/lib/python3.12/site-packages/airflow/example_dags/example_time_delta_sensor_async.py
[2024-10-04T00:09:33.723+0000] {processor.py:914} INFO - Processing file /home/airflow/.local/lib/python3.12/site-packages/airflow/example_dags/example_time_delta_sensor_async.py for tasks to queue
[2024-10-04T00:09:33.723+0000] {logging_mixin.py:190} INFO - [2024-10-04T00:09:33.723+0000] {dagbag.py:588} INFO - Filling up the DagBag from /home/airflow/.local/lib/python3.12/site-packages/airflow/example_dags/example_time_delta_sensor_async.py
[2024-10-04T00:09:33.728+0000] {processor.py:925} INFO - DAG(s) 'example_time_delta_sensor_async' retrieved from /home/airflow/.local/lib/python3.12/site-packages/airflow/example_dags/example_time_delta_sensor_async.py
[2024-10-04T00:09:33.738+0000] {logging_mixin.py:190} INFO - [2024-10-04T00:09:33.738+0000] {dag.py:3239} INFO - Sync 1 DAGs
[2024-10-04T00:09:33.746+0000] {logging_mixin.py:190} INFO - [2024-10-04T00:09:33.746+0000] {dag.py:4180} INFO - Setting next_dagrun for example_time_delta_sensor_async to None, run_after=None
[2024-10-04T00:09:33.756+0000] {processor.py:208} INFO - Processing /home/airflow/.local/lib/python3.12/site-packages/airflow/example_dags/example_time_delta_sensor_async.py took 0.037 seconds
[2024-10-04T00:10:03.942+0000] {processor.py:186} INFO - Started process (PID=96108) to work on /home/airflow/.local/lib/python3.12/site-packages/airflow/example_dags/example_time_delta_sensor_async.py
[2024-10-04T00:10:03.942+0000] {processor.py:914} INFO - Processing file /home/airflow/.local/lib/python3.12/site-packages/airflow/example_dags/example_time_delta_sensor_async.py for tasks to queue
[2024-10-04T00:10:03.943+0000] {logging_mixin.py:190} INFO - [2024-10-04T00:10:03.943+0000] {dagbag.py:588} INFO - Filling up the DagBag from /home/airflow/.local/lib/python3.12/site-packages/airflow/example_dags/example_time_delta_sensor_async.py
[2024-10-04T00:10:03.947+0000] {processor.py:925} INFO - DAG(s) 'example_time_delta_sensor_async' retrieved from /home/airflow/.local/lib/python3.12/site-packages/airflow/example_dags/example_time_delta_sensor_async.py
[2024-10-04T00:10:03.956+0000] {logging_mixin.py:190} INFO - [2024-10-04T00:10:03.956+0000] {dag.py:3239} INFO - Sync 1 DAGs
[2024-10-04T00:10:03.962+0000] {logging_mixin.py:190} INFO - [2024-10-04T00:10:03.962+0000] {dag.py:4180} INFO - Setting next_dagrun for example_time_delta_sensor_async to None, run_after=None
[2024-10-04T00:10:03.970+0000] {processor.py:208} INFO - Processing /home/airflow/.local/lib/python3.12/site-packages/airflow/example_dags/example_time_delta_sensor_async.py took 0.031 seconds
[2024-10-04T00:10:34.229+0000] {processor.py:186} INFO - Started process (PID=96171) to work on /home/airflow/.local/lib/python3.12/site-packages/airflow/example_dags/example_time_delta_sensor_async.py
[2024-10-04T00:10:34.230+0000] {processor.py:914} INFO - Processing file /home/airflow/.local/lib/python3.12/site-packages/airflow/example_dags/example_time_delta_sensor_async.py for tasks to queue
[2024-10-04T00:10:34.231+0000] {logging_mixin.py:190} INFO - [2024-10-04T00:10:34.230+0000] {dagbag.py:588} INFO - Filling up the DagBag from /home/airflow/.local/lib/python3.12/site-packages/airflow/example_dags/example_time_delta_sensor_async.py
[2024-10-04T00:10:34.235+0000] {processor.py:925} INFO - DAG(s) 'example_time_delta_sensor_async' retrieved from /home/airflow/.local/lib/python3.12/site-packages/airflow/example_dags/example_time_delta_sensor_async.py
[2024-10-04T00:10:34.243+0000] {logging_mixin.py:190} INFO - [2024-10-04T00:10:34.243+0000] {dag.py:3239} INFO - Sync 1 DAGs
[2024-10-04T00:10:34.250+0000] {logging_mixin.py:190} INFO - [2024-10-04T00:10:34.250+0000] {dag.py:4180} INFO - Setting next_dagrun for example_time_delta_sensor_async to None, run_after=None
[2024-10-04T00:10:34.258+0000] {processor.py:208} INFO - Processing /home/airflow/.local/lib/python3.12/site-packages/airflow/example_dags/example_time_delta_sensor_async.py took 0.032 seconds
[2024-10-04T00:11:04.707+0000] {processor.py:186} INFO - Started process (PID=96234) to work on /home/airflow/.local/lib/python3.12/site-packages/airflow/example_dags/example_time_delta_sensor_async.py
[2024-10-04T00:11:04.707+0000] {processor.py:914} INFO - Processing file /home/airflow/.local/lib/python3.12/site-packages/airflow/example_dags/example_time_delta_sensor_async.py for tasks to queue
[2024-10-04T00:11:04.707+0000] {logging_mixin.py:190} INFO - [2024-10-04T00:11:04.707+0000] {dagbag.py:588} INFO - Filling up the DagBag from /home/airflow/.local/lib/python3.12/site-packages/airflow/example_dags/example_time_delta_sensor_async.py
[2024-10-04T00:11:04.711+0000] {processor.py:925} INFO - DAG(s) 'example_time_delta_sensor_async' retrieved from /home/airflow/.local/lib/python3.12/site-packages/airflow/example_dags/example_time_delta_sensor_async.py
[2024-10-04T00:11:04.720+0000] {logging_mixin.py:190} INFO - [2024-10-04T00:11:04.720+0000] {dag.py:3239} INFO - Sync 1 DAGs
[2024-10-04T00:11:04.728+0000] {logging_mixin.py:190} INFO - [2024-10-04T00:11:04.728+0000] {dag.py:4180} INFO - Setting next_dagrun for example_time_delta_sensor_async to None, run_after=None
[2024-10-04T00:11:04.737+0000] {processor.py:208} INFO - Processing /home/airflow/.local/lib/python3.12/site-packages/airflow/example_dags/example_time_delta_sensor_async.py took 0.034 seconds
[2024-10-04T00:11:35.110+0000] {processor.py:186} INFO - Started process (PID=96297) to work on /home/airflow/.local/lib/python3.12/site-packages/airflow/example_dags/example_time_delta_sensor_async.py
[2024-10-04T00:11:35.110+0000] {processor.py:914} INFO - Processing file /home/airflow/.local/lib/python3.12/site-packages/airflow/example_dags/example_time_delta_sensor_async.py for tasks to queue
[2024-10-04T00:11:35.111+0000] {logging_mixin.py:190} INFO - [2024-10-04T00:11:35.111+0000] {dagbag.py:588} INFO - Filling up the DagBag from /home/airflow/.local/lib/python3.12/site-packages/airflow/example_dags/example_time_delta_sensor_async.py
[2024-10-04T00:11:35.115+0000] {processor.py:925} INFO - DAG(s) 'example_time_delta_sensor_async' retrieved from /home/airflow/.local/lib/python3.12/site-packages/airflow/example_dags/example_time_delta_sensor_async.py
[2024-10-04T00:11:35.124+0000] {logging_mixin.py:190} INFO - [2024-10-04T00:11:35.124+0000] {dag.py:3239} INFO - Sync 1 DAGs
[2024-10-04T00:11:35.132+0000] {logging_mixin.py:190} INFO - [2024-10-04T00:11:35.132+0000] {dag.py:4180} INFO - Setting next_dagrun for example_time_delta_sensor_async to None, run_after=None
[2024-10-04T00:11:35.141+0000] {processor.py:208} INFO - Processing /home/airflow/.local/lib/python3.12/site-packages/airflow/example_dags/example_time_delta_sensor_async.py took 0.034 seconds
[2024-10-04T00:12:05.529+0000] {processor.py:186} INFO - Started process (PID=96360) to work on /home/airflow/.local/lib/python3.12/site-packages/airflow/example_dags/example_time_delta_sensor_async.py
[2024-10-04T00:12:05.529+0000] {processor.py:914} INFO - Processing file /home/airflow/.local/lib/python3.12/site-packages/airflow/example_dags/example_time_delta_sensor_async.py for tasks to queue
[2024-10-04T00:12:05.530+0000] {logging_mixin.py:190} INFO - [2024-10-04T00:12:05.530+0000] {dagbag.py:588} INFO - Filling up the DagBag from /home/airflow/.local/lib/python3.12/site-packages/airflow/example_dags/example_time_delta_sensor_async.py
[2024-10-04T00:12:05.534+0000] {processor.py:925} INFO - DAG(s) 'example_time_delta_sensor_async' retrieved from /home/airflow/.local/lib/python3.12/site-packages/airflow/example_dags/example_time_delta_sensor_async.py
[2024-10-04T00:12:05.544+0000] {logging_mixin.py:190} INFO - [2024-10-04T00:12:05.544+0000] {dag.py:3239} INFO - Sync 1 DAGs
[2024-10-04T00:12:05.552+0000] {logging_mixin.py:190} INFO - [2024-10-04T00:12:05.552+0000] {dag.py:4180} INFO - Setting next_dagrun for example_time_delta_sensor_async to None, run_after=None
[2024-10-04T00:12:05.561+0000] {processor.py:208} INFO - Processing /home/airflow/.local/lib/python3.12/site-packages/airflow/example_dags/example_time_delta_sensor_async.py took 0.036 seconds
[2024-10-04T00:12:36.023+0000] {processor.py:186} INFO - Started process (PID=96423) to work on /home/airflow/.local/lib/python3.12/site-packages/airflow/example_dags/example_time_delta_sensor_async.py
[2024-10-04T00:12:36.024+0000] {processor.py:914} INFO - Processing file /home/airflow/.local/lib/python3.12/site-packages/airflow/example_dags/example_time_delta_sensor_async.py for tasks to queue
[2024-10-04T00:12:36.024+0000] {logging_mixin.py:190} INFO - [2024-10-04T00:12:36.024+0000] {dagbag.py:588} INFO - Filling up the DagBag from /home/airflow/.local/lib/python3.12/site-packages/airflow/example_dags/example_time_delta_sensor_async.py
[2024-10-04T00:12:36.028+0000] {processor.py:925} INFO - DAG(s) 'example_time_delta_sensor_async' retrieved from /home/airflow/.local/lib/python3.12/site-packages/airflow/example_dags/example_time_delta_sensor_async.py
[2024-10-04T00:12:36.038+0000] {logging_mixin.py:190} INFO - [2024-10-04T00:12:36.038+0000] {dag.py:3239} INFO - Sync 1 DAGs
[2024-10-04T00:12:36.045+0000] {logging_mixin.py:190} INFO - [2024-10-04T00:12:36.045+0000] {dag.py:4180} INFO - Setting next_dagrun for example_time_delta_sensor_async to None, run_after=None
[2024-10-04T00:12:36.054+0000] {processor.py:208} INFO - Processing /home/airflow/.local/lib/python3.12/site-packages/airflow/example_dags/example_time_delta_sensor_async.py took 0.034 seconds
[2024-10-04T00:13:06.556+0000] {processor.py:186} INFO - Started process (PID=96486) to work on /home/airflow/.local/lib/python3.12/site-packages/airflow/example_dags/example_time_delta_sensor_async.py
[2024-10-04T00:13:06.556+0000] {processor.py:914} INFO - Processing file /home/airflow/.local/lib/python3.12/site-packages/airflow/example_dags/example_time_delta_sensor_async.py for tasks to queue
[2024-10-04T00:13:06.557+0000] {logging_mixin.py:190} INFO - [2024-10-04T00:13:06.557+0000] {dagbag.py:588} INFO - Filling up the DagBag from /home/airflow/.local/lib/python3.12/site-packages/airflow/example_dags/example_time_delta_sensor_async.py
[2024-10-04T00:13:06.561+0000] {processor.py:925} INFO - DAG(s) 'example_time_delta_sensor_async' retrieved from /home/airflow/.local/lib/python3.12/site-packages/airflow/example_dags/example_time_delta_sensor_async.py
[2024-10-04T00:13:06.571+0000] {logging_mixin.py:190} INFO - [2024-10-04T00:13:06.571+0000] {dag.py:3239} INFO - Sync 1 DAGs
[2024-10-04T00:13:06.578+0000] {logging_mixin.py:190} INFO - [2024-10-04T00:13:06.578+0000] {dag.py:4180} INFO - Setting next_dagrun for example_time_delta_sensor_async to None, run_after=None
[2024-10-04T00:13:06.588+0000] {processor.py:208} INFO - Processing /home/airflow/.local/lib/python3.12/site-packages/airflow/example_dags/example_time_delta_sensor_async.py took 0.035 seconds
[2024-10-04T00:13:36.978+0000] {processor.py:186} INFO - Started process (PID=96549) to work on /home/airflow/.local/lib/python3.12/site-packages/airflow/example_dags/example_time_delta_sensor_async.py
[2024-10-04T00:13:36.979+0000] {processor.py:914} INFO - Processing file /home/airflow/.local/lib/python3.12/site-packages/airflow/example_dags/example_time_delta_sensor_async.py for tasks to queue
[2024-10-04T00:13:36.980+0000] {logging_mixin.py:190} INFO - [2024-10-04T00:13:36.979+0000] {dagbag.py:588} INFO - Filling up the DagBag from /home/airflow/.local/lib/python3.12/site-packages/airflow/example_dags/example_time_delta_sensor_async.py
[2024-10-04T00:13:36.984+0000] {processor.py:925} INFO - DAG(s) 'example_time_delta_sensor_async' retrieved from /home/airflow/.local/lib/python3.12/site-packages/airflow/example_dags/example_time_delta_sensor_async.py
[2024-10-04T00:13:36.993+0000] {logging_mixin.py:190} INFO - [2024-10-04T00:13:36.993+0000] {dag.py:3239} INFO - Sync 1 DAGs
[2024-10-04T00:13:37.000+0000] {logging_mixin.py:190} INFO - [2024-10-04T00:13:36.999+0000] {dag.py:4180} INFO - Setting next_dagrun for example_time_delta_sensor_async to None, run_after=None
[2024-10-04T00:13:37.009+0000] {processor.py:208} INFO - Processing /home/airflow/.local/lib/python3.12/site-packages/airflow/example_dags/example_time_delta_sensor_async.py took 0.035 seconds
[2024-10-04T00:14:07.239+0000] {processor.py:186} INFO - Started process (PID=96612) to work on /home/airflow/.local/lib/python3.12/site-packages/airflow/example_dags/example_time_delta_sensor_async.py
[2024-10-04T00:14:07.240+0000] {processor.py:914} INFO - Processing file /home/airflow/.local/lib/python3.12/site-packages/airflow/example_dags/example_time_delta_sensor_async.py for tasks to queue
[2024-10-04T00:14:07.240+0000] {logging_mixin.py:190} INFO - [2024-10-04T00:14:07.240+0000] {dagbag.py:588} INFO - Filling up the DagBag from /home/airflow/.local/lib/python3.12/site-packages/airflow/example_dags/example_time_delta_sensor_async.py
[2024-10-04T00:14:07.244+0000] {processor.py:925} INFO - DAG(s) 'example_time_delta_sensor_async' retrieved from /home/airflow/.local/lib/python3.12/site-packages/airflow/example_dags/example_time_delta_sensor_async.py
[2024-10-04T00:14:07.253+0000] {logging_mixin.py:190} INFO - [2024-10-04T00:14:07.253+0000] {dag.py:3239} INFO - Sync 1 DAGs
[2024-10-04T00:14:07.260+0000] {logging_mixin.py:190} INFO - [2024-10-04T00:14:07.260+0000] {dag.py:4180} INFO - Setting next_dagrun for example_time_delta_sensor_async to None, run_after=None
[2024-10-04T00:14:07.270+0000] {processor.py:208} INFO - Processing /home/airflow/.local/lib/python3.12/site-packages/airflow/example_dags/example_time_delta_sensor_async.py took 0.034 seconds
[2024-10-04T00:14:37.855+0000] {processor.py:186} INFO - Started process (PID=96674) to work on /home/airflow/.local/lib/python3.12/site-packages/airflow/example_dags/example_time_delta_sensor_async.py
[2024-10-04T00:14:37.855+0000] {processor.py:914} INFO - Processing file /home/airflow/.local/lib/python3.12/site-packages/airflow/example_dags/example_time_delta_sensor_async.py for tasks to queue
[2024-10-04T00:14:37.856+0000] {logging_mixin.py:190} INFO - [2024-10-04T00:14:37.856+0000] {dagbag.py:588} INFO - Filling up the DagBag from /home/airflow/.local/lib/python3.12/site-packages/airflow/example_dags/example_time_delta_sensor_async.py
[2024-10-04T00:14:37.860+0000] {processor.py:925} INFO - DAG(s) 'example_time_delta_sensor_async' retrieved from /home/airflow/.local/lib/python3.12/site-packages/airflow/example_dags/example_time_delta_sensor_async.py
[2024-10-04T00:14:37.870+0000] {logging_mixin.py:190} INFO - [2024-10-04T00:14:37.870+0000] {dag.py:3239} INFO - Sync 1 DAGs
[2024-10-04T00:14:37.877+0000] {logging_mixin.py:190} INFO - [2024-10-04T00:14:37.877+0000] {dag.py:4180} INFO - Setting next_dagrun for example_time_delta_sensor_async to None, run_after=None
[2024-10-04T00:14:37.888+0000] {processor.py:208} INFO - Processing /home/airflow/.local/lib/python3.12/site-packages/airflow/example_dags/example_time_delta_sensor_async.py took 0.037 seconds
[2024-10-04T00:15:08.367+0000] {processor.py:186} INFO - Started process (PID=96737) to work on /home/airflow/.local/lib/python3.12/site-packages/airflow/example_dags/example_time_delta_sensor_async.py
[2024-10-04T00:15:08.368+0000] {processor.py:914} INFO - Processing file /home/airflow/.local/lib/python3.12/site-packages/airflow/example_dags/example_time_delta_sensor_async.py for tasks to queue
[2024-10-04T00:15:08.368+0000] {logging_mixin.py:190} INFO - [2024-10-04T00:15:08.368+0000] {dagbag.py:588} INFO - Filling up the DagBag from /home/airflow/.local/lib/python3.12/site-packages/airflow/example_dags/example_time_delta_sensor_async.py
[2024-10-04T00:15:08.372+0000] {processor.py:925} INFO - DAG(s) 'example_time_delta_sensor_async' retrieved from /home/airflow/.local/lib/python3.12/site-packages/airflow/example_dags/example_time_delta_sensor_async.py
[2024-10-04T00:15:08.383+0000] {logging_mixin.py:190} INFO - [2024-10-04T00:15:08.383+0000] {dag.py:3239} INFO - Sync 1 DAGs
[2024-10-04T00:15:08.391+0000] {logging_mixin.py:190} INFO - [2024-10-04T00:15:08.391+0000] {dag.py:4180} INFO - Setting next_dagrun for example_time_delta_sensor_async to None, run_after=None
[2024-10-04T00:15:08.401+0000] {processor.py:208} INFO - Processing /home/airflow/.local/lib/python3.12/site-packages/airflow/example_dags/example_time_delta_sensor_async.py took 0.037 seconds
[2024-10-04T00:15:38.953+0000] {processor.py:186} INFO - Started process (PID=96800) to work on /home/airflow/.local/lib/python3.12/site-packages/airflow/example_dags/example_time_delta_sensor_async.py
[2024-10-04T00:15:38.954+0000] {processor.py:914} INFO - Processing file /home/airflow/.local/lib/python3.12/site-packages/airflow/example_dags/example_time_delta_sensor_async.py for tasks to queue
[2024-10-04T00:15:38.955+0000] {logging_mixin.py:190} INFO - [2024-10-04T00:15:38.954+0000] {dagbag.py:588} INFO - Filling up the DagBag from /home/airflow/.local/lib/python3.12/site-packages/airflow/example_dags/example_time_delta_sensor_async.py
[2024-10-04T00:15:38.959+0000] {processor.py:925} INFO - DAG(s) 'example_time_delta_sensor_async' retrieved from /home/airflow/.local/lib/python3.12/site-packages/airflow/example_dags/example_time_delta_sensor_async.py
[2024-10-04T00:15:38.967+0000] {logging_mixin.py:190} INFO - [2024-10-04T00:15:38.967+0000] {dag.py:3239} INFO - Sync 1 DAGs
[2024-10-04T00:15:38.974+0000] {logging_mixin.py:190} INFO - [2024-10-04T00:15:38.974+0000] {dag.py:4180} INFO - Setting next_dagrun for example_time_delta_sensor_async to None, run_after=None
[2024-10-04T00:15:38.984+0000] {processor.py:208} INFO - Processing /home/airflow/.local/lib/python3.12/site-packages/airflow/example_dags/example_time_delta_sensor_async.py took 0.034 seconds
[2024-10-04T00:16:09.407+0000] {processor.py:186} INFO - Started process (PID=96863) to work on /home/airflow/.local/lib/python3.12/site-packages/airflow/example_dags/example_time_delta_sensor_async.py
[2024-10-04T00:16:09.407+0000] {processor.py:914} INFO - Processing file /home/airflow/.local/lib/python3.12/site-packages/airflow/example_dags/example_time_delta_sensor_async.py for tasks to queue
[2024-10-04T00:16:09.408+0000] {logging_mixin.py:190} INFO - [2024-10-04T00:16:09.407+0000] {dagbag.py:588} INFO - Filling up the DagBag from /home/airflow/.local/lib/python3.12/site-packages/airflow/example_dags/example_time_delta_sensor_async.py
[2024-10-04T00:16:09.411+0000] {processor.py:925} INFO - DAG(s) 'example_time_delta_sensor_async' retrieved from /home/airflow/.local/lib/python3.12/site-packages/airflow/example_dags/example_time_delta_sensor_async.py
[2024-10-04T00:16:09.421+0000] {logging_mixin.py:190} INFO - [2024-10-04T00:16:09.421+0000] {dag.py:3239} INFO - Sync 1 DAGs
[2024-10-04T00:16:09.429+0000] {logging_mixin.py:190} INFO - [2024-10-04T00:16:09.429+0000] {dag.py:4180} INFO - Setting next_dagrun for example_time_delta_sensor_async to None, run_after=None
[2024-10-04T00:16:09.438+0000] {processor.py:208} INFO - Processing /home/airflow/.local/lib/python3.12/site-packages/airflow/example_dags/example_time_delta_sensor_async.py took 0.035 seconds
[2024-10-04T00:16:40.120+0000] {processor.py:186} INFO - Started process (PID=96926) to work on /home/airflow/.local/lib/python3.12/site-packages/airflow/example_dags/example_time_delta_sensor_async.py
[2024-10-04T00:16:40.120+0000] {processor.py:914} INFO - Processing file /home/airflow/.local/lib/python3.12/site-packages/airflow/example_dags/example_time_delta_sensor_async.py for tasks to queue
[2024-10-04T00:16:40.121+0000] {logging_mixin.py:190} INFO - [2024-10-04T00:16:40.121+0000] {dagbag.py:588} INFO - Filling up the DagBag from /home/airflow/.local/lib/python3.12/site-packages/airflow/example_dags/example_time_delta_sensor_async.py
[2024-10-04T00:16:40.125+0000] {processor.py:925} INFO - DAG(s) 'example_time_delta_sensor_async' retrieved from /home/airflow/.local/lib/python3.12/site-packages/airflow/example_dags/example_time_delta_sensor_async.py
[2024-10-04T00:16:40.135+0000] {logging_mixin.py:190} INFO - [2024-10-04T00:16:40.135+0000] {dag.py:3239} INFO - Sync 1 DAGs
[2024-10-04T00:16:40.142+0000] {logging_mixin.py:190} INFO - [2024-10-04T00:16:40.142+0000] {dag.py:4180} INFO - Setting next_dagrun for example_time_delta_sensor_async to None, run_after=None
[2024-10-04T00:16:40.151+0000] {processor.py:208} INFO - Processing /home/airflow/.local/lib/python3.12/site-packages/airflow/example_dags/example_time_delta_sensor_async.py took 0.035 seconds
[2024-10-04T00:17:10.807+0000] {processor.py:186} INFO - Started process (PID=96989) to work on /home/airflow/.local/lib/python3.12/site-packages/airflow/example_dags/example_time_delta_sensor_async.py
[2024-10-04T00:17:10.807+0000] {processor.py:914} INFO - Processing file /home/airflow/.local/lib/python3.12/site-packages/airflow/example_dags/example_time_delta_sensor_async.py for tasks to queue
[2024-10-04T00:17:10.808+0000] {logging_mixin.py:190} INFO - [2024-10-04T00:17:10.808+0000] {dagbag.py:588} INFO - Filling up the DagBag from /home/airflow/.local/lib/python3.12/site-packages/airflow/example_dags/example_time_delta_sensor_async.py
[2024-10-04T00:17:10.812+0000] {processor.py:925} INFO - DAG(s) 'example_time_delta_sensor_async' retrieved from /home/airflow/.local/lib/python3.12/site-packages/airflow/example_dags/example_time_delta_sensor_async.py
[2024-10-04T00:17:10.825+0000] {logging_mixin.py:190} INFO - [2024-10-04T00:17:10.825+0000] {dag.py:3239} INFO - Sync 1 DAGs
[2024-10-04T00:17:10.836+0000] {logging_mixin.py:190} INFO - [2024-10-04T00:17:10.836+0000] {dag.py:4180} INFO - Setting next_dagrun for example_time_delta_sensor_async to None, run_after=None
[2024-10-04T00:17:10.846+0000] {processor.py:208} INFO - Processing /home/airflow/.local/lib/python3.12/site-packages/airflow/example_dags/example_time_delta_sensor_async.py took 0.043 seconds
[2024-10-04T00:17:41.339+0000] {processor.py:186} INFO - Started process (PID=97052) to work on /home/airflow/.local/lib/python3.12/site-packages/airflow/example_dags/example_time_delta_sensor_async.py
[2024-10-04T00:17:41.340+0000] {processor.py:914} INFO - Processing file /home/airflow/.local/lib/python3.12/site-packages/airflow/example_dags/example_time_delta_sensor_async.py for tasks to queue
[2024-10-04T00:17:41.340+0000] {logging_mixin.py:190} INFO - [2024-10-04T00:17:41.340+0000] {dagbag.py:588} INFO - Filling up the DagBag from /home/airflow/.local/lib/python3.12/site-packages/airflow/example_dags/example_time_delta_sensor_async.py
[2024-10-04T00:17:41.344+0000] {processor.py:925} INFO - DAG(s) 'example_time_delta_sensor_async' retrieved from /home/airflow/.local/lib/python3.12/site-packages/airflow/example_dags/example_time_delta_sensor_async.py
[2024-10-04T00:17:41.354+0000] {logging_mixin.py:190} INFO - [2024-10-04T00:17:41.353+0000] {dag.py:3239} INFO - Sync 1 DAGs
[2024-10-04T00:17:41.361+0000] {logging_mixin.py:190} INFO - [2024-10-04T00:17:41.361+0000] {dag.py:4180} INFO - Setting next_dagrun for example_time_delta_sensor_async to None, run_after=None
[2024-10-04T00:17:41.370+0000] {processor.py:208} INFO - Processing /home/airflow/.local/lib/python3.12/site-packages/airflow/example_dags/example_time_delta_sensor_async.py took 0.035 seconds
[2024-10-04T00:18:11.741+0000] {processor.py:186} INFO - Started process (PID=97115) to work on /home/airflow/.local/lib/python3.12/site-packages/airflow/example_dags/example_time_delta_sensor_async.py
[2024-10-04T00:18:11.742+0000] {processor.py:914} INFO - Processing file /home/airflow/.local/lib/python3.12/site-packages/airflow/example_dags/example_time_delta_sensor_async.py for tasks to queue
[2024-10-04T00:18:11.742+0000] {logging_mixin.py:190} INFO - [2024-10-04T00:18:11.742+0000] {dagbag.py:588} INFO - Filling up the DagBag from /home/airflow/.local/lib/python3.12/site-packages/airflow/example_dags/example_time_delta_sensor_async.py
[2024-10-04T00:18:11.746+0000] {processor.py:925} INFO - DAG(s) 'example_time_delta_sensor_async' retrieved from /home/airflow/.local/lib/python3.12/site-packages/airflow/example_dags/example_time_delta_sensor_async.py
[2024-10-04T00:18:11.756+0000] {logging_mixin.py:190} INFO - [2024-10-04T00:18:11.756+0000] {dag.py:3239} INFO - Sync 1 DAGs
[2024-10-04T00:18:11.763+0000] {logging_mixin.py:190} INFO - [2024-10-04T00:18:11.762+0000] {dag.py:4180} INFO - Setting next_dagrun for example_time_delta_sensor_async to None, run_after=None
[2024-10-04T00:18:11.772+0000] {processor.py:208} INFO - Processing /home/airflow/.local/lib/python3.12/site-packages/airflow/example_dags/example_time_delta_sensor_async.py took 0.034 seconds
[2024-10-04T00:18:42.343+0000] {processor.py:186} INFO - Started process (PID=97178) to work on /home/airflow/.local/lib/python3.12/site-packages/airflow/example_dags/example_time_delta_sensor_async.py
[2024-10-04T00:18:42.344+0000] {processor.py:914} INFO - Processing file /home/airflow/.local/lib/python3.12/site-packages/airflow/example_dags/example_time_delta_sensor_async.py for tasks to queue
[2024-10-04T00:18:42.344+0000] {logging_mixin.py:190} INFO - [2024-10-04T00:18:42.344+0000] {dagbag.py:588} INFO - Filling up the DagBag from /home/airflow/.local/lib/python3.12/site-packages/airflow/example_dags/example_time_delta_sensor_async.py
[2024-10-04T00:18:42.348+0000] {processor.py:925} INFO - DAG(s) 'example_time_delta_sensor_async' retrieved from /home/airflow/.local/lib/python3.12/site-packages/airflow/example_dags/example_time_delta_sensor_async.py
[2024-10-04T00:18:42.358+0000] {logging_mixin.py:190} INFO - [2024-10-04T00:18:42.358+0000] {dag.py:3239} INFO - Sync 1 DAGs
[2024-10-04T00:18:42.366+0000] {logging_mixin.py:190} INFO - [2024-10-04T00:18:42.366+0000] {dag.py:4180} INFO - Setting next_dagrun for example_time_delta_sensor_async to None, run_after=None
[2024-10-04T00:18:42.377+0000] {processor.py:208} INFO - Processing /home/airflow/.local/lib/python3.12/site-packages/airflow/example_dags/example_time_delta_sensor_async.py took 0.037 seconds
[2024-10-04T00:19:12.994+0000] {processor.py:186} INFO - Started process (PID=97241) to work on /home/airflow/.local/lib/python3.12/site-packages/airflow/example_dags/example_time_delta_sensor_async.py
[2024-10-04T00:19:12.994+0000] {processor.py:914} INFO - Processing file /home/airflow/.local/lib/python3.12/site-packages/airflow/example_dags/example_time_delta_sensor_async.py for tasks to queue
[2024-10-04T00:19:12.995+0000] {logging_mixin.py:190} INFO - [2024-10-04T00:19:12.995+0000] {dagbag.py:588} INFO - Filling up the DagBag from /home/airflow/.local/lib/python3.12/site-packages/airflow/example_dags/example_time_delta_sensor_async.py
[2024-10-04T00:19:12.999+0000] {processor.py:925} INFO - DAG(s) 'example_time_delta_sensor_async' retrieved from /home/airflow/.local/lib/python3.12/site-packages/airflow/example_dags/example_time_delta_sensor_async.py
[2024-10-04T00:19:13.009+0000] {logging_mixin.py:190} INFO - [2024-10-04T00:19:13.009+0000] {dag.py:3239} INFO - Sync 1 DAGs
[2024-10-04T00:19:13.017+0000] {logging_mixin.py:190} INFO - [2024-10-04T00:19:13.017+0000] {dag.py:4180} INFO - Setting next_dagrun for example_time_delta_sensor_async to None, run_after=None
[2024-10-04T00:19:13.027+0000] {processor.py:208} INFO - Processing /home/airflow/.local/lib/python3.12/site-packages/airflow/example_dags/example_time_delta_sensor_async.py took 0.036 seconds
[2024-10-04T00:19:43.583+0000] {processor.py:186} INFO - Started process (PID=97304) to work on /home/airflow/.local/lib/python3.12/site-packages/airflow/example_dags/example_time_delta_sensor_async.py
[2024-10-04T00:19:43.583+0000] {processor.py:914} INFO - Processing file /home/airflow/.local/lib/python3.12/site-packages/airflow/example_dags/example_time_delta_sensor_async.py for tasks to queue
[2024-10-04T00:19:43.584+0000] {logging_mixin.py:190} INFO - [2024-10-04T00:19:43.584+0000] {dagbag.py:588} INFO - Filling up the DagBag from /home/airflow/.local/lib/python3.12/site-packages/airflow/example_dags/example_time_delta_sensor_async.py
[2024-10-04T00:19:43.588+0000] {processor.py:925} INFO - DAG(s) 'example_time_delta_sensor_async' retrieved from /home/airflow/.local/lib/python3.12/site-packages/airflow/example_dags/example_time_delta_sensor_async.py
[2024-10-04T00:19:43.599+0000] {logging_mixin.py:190} INFO - [2024-10-04T00:19:43.599+0000] {dag.py:3239} INFO - Sync 1 DAGs
[2024-10-04T00:19:43.607+0000] {logging_mixin.py:190} INFO - [2024-10-04T00:19:43.607+0000] {dag.py:4180} INFO - Setting next_dagrun for example_time_delta_sensor_async to None, run_after=None
[2024-10-04T00:19:43.617+0000] {processor.py:208} INFO - Processing /home/airflow/.local/lib/python3.12/site-packages/airflow/example_dags/example_time_delta_sensor_async.py took 0.038 seconds
[2024-10-04T00:20:14.100+0000] {processor.py:186} INFO - Started process (PID=97367) to work on /home/airflow/.local/lib/python3.12/site-packages/airflow/example_dags/example_time_delta_sensor_async.py
[2024-10-04T00:20:14.100+0000] {processor.py:914} INFO - Processing file /home/airflow/.local/lib/python3.12/site-packages/airflow/example_dags/example_time_delta_sensor_async.py for tasks to queue
[2024-10-04T00:20:14.101+0000] {logging_mixin.py:190} INFO - [2024-10-04T00:20:14.100+0000] {dagbag.py:588} INFO - Filling up the DagBag from /home/airflow/.local/lib/python3.12/site-packages/airflow/example_dags/example_time_delta_sensor_async.py
[2024-10-04T00:20:14.104+0000] {processor.py:925} INFO - DAG(s) 'example_time_delta_sensor_async' retrieved from /home/airflow/.local/lib/python3.12/site-packages/airflow/example_dags/example_time_delta_sensor_async.py
[2024-10-04T00:20:14.113+0000] {logging_mixin.py:190} INFO - [2024-10-04T00:20:14.113+0000] {dag.py:3239} INFO - Sync 1 DAGs
[2024-10-04T00:20:14.120+0000] {logging_mixin.py:190} INFO - [2024-10-04T00:20:14.120+0000] {dag.py:4180} INFO - Setting next_dagrun for example_time_delta_sensor_async to None, run_after=None
[2024-10-04T00:20:14.130+0000] {processor.py:208} INFO - Processing /home/airflow/.local/lib/python3.12/site-packages/airflow/example_dags/example_time_delta_sensor_async.py took 0.033 seconds
[2024-10-04T00:20:44.711+0000] {processor.py:186} INFO - Started process (PID=97430) to work on /home/airflow/.local/lib/python3.12/site-packages/airflow/example_dags/example_time_delta_sensor_async.py
[2024-10-04T00:20:44.712+0000] {processor.py:914} INFO - Processing file /home/airflow/.local/lib/python3.12/site-packages/airflow/example_dags/example_time_delta_sensor_async.py for tasks to queue
[2024-10-04T00:20:44.712+0000] {logging_mixin.py:190} INFO - [2024-10-04T00:20:44.712+0000] {dagbag.py:588} INFO - Filling up the DagBag from /home/airflow/.local/lib/python3.12/site-packages/airflow/example_dags/example_time_delta_sensor_async.py
[2024-10-04T00:20:44.716+0000] {processor.py:925} INFO - DAG(s) 'example_time_delta_sensor_async' retrieved from /home/airflow/.local/lib/python3.12/site-packages/airflow/example_dags/example_time_delta_sensor_async.py
[2024-10-04T00:20:44.725+0000] {logging_mixin.py:190} INFO - [2024-10-04T00:20:44.725+0000] {dag.py:3239} INFO - Sync 1 DAGs
[2024-10-04T00:20:44.733+0000] {logging_mixin.py:190} INFO - [2024-10-04T00:20:44.732+0000] {dag.py:4180} INFO - Setting next_dagrun for example_time_delta_sensor_async to None, run_after=None
[2024-10-04T00:20:44.742+0000] {processor.py:208} INFO - Processing /home/airflow/.local/lib/python3.12/site-packages/airflow/example_dags/example_time_delta_sensor_async.py took 0.034 seconds
[2024-10-04T00:21:15.529+0000] {processor.py:186} INFO - Started process (PID=97493) to work on /home/airflow/.local/lib/python3.12/site-packages/airflow/example_dags/example_time_delta_sensor_async.py
[2024-10-04T00:21:15.530+0000] {processor.py:914} INFO - Processing file /home/airflow/.local/lib/python3.12/site-packages/airflow/example_dags/example_time_delta_sensor_async.py for tasks to queue
[2024-10-04T00:21:15.530+0000] {logging_mixin.py:190} INFO - [2024-10-04T00:21:15.530+0000] {dagbag.py:588} INFO - Filling up the DagBag from /home/airflow/.local/lib/python3.12/site-packages/airflow/example_dags/example_time_delta_sensor_async.py
[2024-10-04T00:21:15.540+0000] {processor.py:925} INFO - DAG(s) 'example_time_delta_sensor_async' retrieved from /home/airflow/.local/lib/python3.12/site-packages/airflow/example_dags/example_time_delta_sensor_async.py
[2024-10-04T00:21:15.555+0000] {logging_mixin.py:190} INFO - [2024-10-04T00:21:15.554+0000] {dag.py:3239} INFO - Sync 1 DAGs
[2024-10-04T00:21:15.562+0000] {logging_mixin.py:190} INFO - [2024-10-04T00:21:15.562+0000] {dag.py:4180} INFO - Setting next_dagrun for example_time_delta_sensor_async to None, run_after=None
[2024-10-04T00:21:15.574+0000] {processor.py:208} INFO - Processing /home/airflow/.local/lib/python3.12/site-packages/airflow/example_dags/example_time_delta_sensor_async.py took 0.049 seconds
[2024-10-04T00:21:46.326+0000] {processor.py:186} INFO - Started process (PID=97556) to work on /home/airflow/.local/lib/python3.12/site-packages/airflow/example_dags/example_time_delta_sensor_async.py
[2024-10-04T00:21:46.327+0000] {processor.py:914} INFO - Processing file /home/airflow/.local/lib/python3.12/site-packages/airflow/example_dags/example_time_delta_sensor_async.py for tasks to queue
[2024-10-04T00:21:46.328+0000] {logging_mixin.py:190} INFO - [2024-10-04T00:21:46.328+0000] {dagbag.py:588} INFO - Filling up the DagBag from /home/airflow/.local/lib/python3.12/site-packages/airflow/example_dags/example_time_delta_sensor_async.py
[2024-10-04T00:21:46.332+0000] {processor.py:925} INFO - DAG(s) 'example_time_delta_sensor_async' retrieved from /home/airflow/.local/lib/python3.12/site-packages/airflow/example_dags/example_time_delta_sensor_async.py
[2024-10-04T00:21:46.341+0000] {logging_mixin.py:190} INFO - [2024-10-04T00:21:46.341+0000] {dag.py:3239} INFO - Sync 1 DAGs
[2024-10-04T00:21:46.348+0000] {logging_mixin.py:190} INFO - [2024-10-04T00:21:46.348+0000] {dag.py:4180} INFO - Setting next_dagrun for example_time_delta_sensor_async to None, run_after=None
[2024-10-04T00:21:46.357+0000] {processor.py:208} INFO - Processing /home/airflow/.local/lib/python3.12/site-packages/airflow/example_dags/example_time_delta_sensor_async.py took 0.034 seconds
