[2024-10-04T00:00:28.444+0000] {processor.py:186} INFO - Started process (PID=94890) to work on /home/airflow/.local/lib/python3.12/site-packages/airflow/example_dags/example_latest_only.py
[2024-10-04T00:00:28.444+0000] {processor.py:914} INFO - Processing file /home/airflow/.local/lib/python3.12/site-packages/airflow/example_dags/example_latest_only.py for tasks to queue
[2024-10-04T00:00:28.445+0000] {logging_mixin.py:190} INFO - [2024-10-04T00:00:28.445+0000] {dagbag.py:588} INFO - Filling up the DagBag from /home/airflow/.local/lib/python3.12/site-packages/airflow/example_dags/example_latest_only.py
[2024-10-04T00:00:28.449+0000] {processor.py:925} INFO - DAG(s) 'latest_only' retrieved from /home/airflow/.local/lib/python3.12/site-packages/airflow/example_dags/example_latest_only.py
[2024-10-04T00:00:28.458+0000] {logging_mixin.py:190} INFO - [2024-10-04T00:00:28.458+0000] {dag.py:3239} INFO - Sync 1 DAGs
[2024-10-04T00:00:28.468+0000] {logging_mixin.py:190} INFO - [2024-10-04T00:00:28.468+0000] {dag.py:4180} INFO - Setting next_dagrun for latest_only to 2024-10-03 20:00:00+00:00, run_after=2024-10-04 00:00:00+00:00
[2024-10-04T00:00:28.477+0000] {processor.py:208} INFO - Processing /home/airflow/.local/lib/python3.12/site-packages/airflow/example_dags/example_latest_only.py took 0.036 seconds
[2024-10-04T00:00:58.629+0000] {processor.py:186} INFO - Started process (PID=94953) to work on /home/airflow/.local/lib/python3.12/site-packages/airflow/example_dags/example_latest_only.py
[2024-10-04T00:00:58.629+0000] {processor.py:914} INFO - Processing file /home/airflow/.local/lib/python3.12/site-packages/airflow/example_dags/example_latest_only.py for tasks to queue
[2024-10-04T00:00:58.629+0000] {logging_mixin.py:190} INFO - [2024-10-04T00:00:58.629+0000] {dagbag.py:588} INFO - Filling up the DagBag from /home/airflow/.local/lib/python3.12/site-packages/airflow/example_dags/example_latest_only.py
[2024-10-04T00:00:58.634+0000] {processor.py:925} INFO - DAG(s) 'latest_only' retrieved from /home/airflow/.local/lib/python3.12/site-packages/airflow/example_dags/example_latest_only.py
[2024-10-04T00:00:58.642+0000] {logging_mixin.py:190} INFO - [2024-10-04T00:00:58.642+0000] {dag.py:3239} INFO - Sync 1 DAGs
[2024-10-04T00:00:58.653+0000] {logging_mixin.py:190} INFO - [2024-10-04T00:00:58.653+0000] {dag.py:4180} INFO - Setting next_dagrun for latest_only to 2024-10-03 20:00:00+00:00, run_after=2024-10-04 00:00:00+00:00
[2024-10-04T00:00:58.661+0000] {processor.py:208} INFO - Processing /home/airflow/.local/lib/python3.12/site-packages/airflow/example_dags/example_latest_only.py took 0.036 seconds
[2024-10-04T00:01:28.756+0000] {processor.py:186} INFO - Started process (PID=95016) to work on /home/airflow/.local/lib/python3.12/site-packages/airflow/example_dags/example_latest_only.py
[2024-10-04T00:01:28.757+0000] {processor.py:914} INFO - Processing file /home/airflow/.local/lib/python3.12/site-packages/airflow/example_dags/example_latest_only.py for tasks to queue
[2024-10-04T00:01:28.757+0000] {logging_mixin.py:190} INFO - [2024-10-04T00:01:28.757+0000] {dagbag.py:588} INFO - Filling up the DagBag from /home/airflow/.local/lib/python3.12/site-packages/airflow/example_dags/example_latest_only.py
[2024-10-04T00:01:28.761+0000] {processor.py:925} INFO - DAG(s) 'latest_only' retrieved from /home/airflow/.local/lib/python3.12/site-packages/airflow/example_dags/example_latest_only.py
[2024-10-04T00:01:28.770+0000] {logging_mixin.py:190} INFO - [2024-10-04T00:01:28.770+0000] {dag.py:3239} INFO - Sync 1 DAGs
[2024-10-04T00:01:28.780+0000] {logging_mixin.py:190} INFO - [2024-10-04T00:01:28.780+0000] {dag.py:4180} INFO - Setting next_dagrun for latest_only to 2024-10-03 20:00:00+00:00, run_after=2024-10-04 00:00:00+00:00
[2024-10-04T00:01:28.790+0000] {processor.py:208} INFO - Processing /home/airflow/.local/lib/python3.12/site-packages/airflow/example_dags/example_latest_only.py took 0.037 seconds
[2024-10-04T00:01:59.066+0000] {processor.py:186} INFO - Started process (PID=95079) to work on /home/airflow/.local/lib/python3.12/site-packages/airflow/example_dags/example_latest_only.py
[2024-10-04T00:01:59.067+0000] {processor.py:914} INFO - Processing file /home/airflow/.local/lib/python3.12/site-packages/airflow/example_dags/example_latest_only.py for tasks to queue
[2024-10-04T00:01:59.067+0000] {logging_mixin.py:190} INFO - [2024-10-04T00:01:59.067+0000] {dagbag.py:588} INFO - Filling up the DagBag from /home/airflow/.local/lib/python3.12/site-packages/airflow/example_dags/example_latest_only.py
[2024-10-04T00:01:59.072+0000] {processor.py:925} INFO - DAG(s) 'latest_only' retrieved from /home/airflow/.local/lib/python3.12/site-packages/airflow/example_dags/example_latest_only.py
[2024-10-04T00:01:59.082+0000] {logging_mixin.py:190} INFO - [2024-10-04T00:01:59.082+0000] {dag.py:3239} INFO - Sync 1 DAGs
[2024-10-04T00:01:59.093+0000] {logging_mixin.py:190} INFO - [2024-10-04T00:01:59.093+0000] {dag.py:4180} INFO - Setting next_dagrun for latest_only to 2024-10-03 20:00:00+00:00, run_after=2024-10-04 00:00:00+00:00
[2024-10-04T00:01:59.103+0000] {processor.py:208} INFO - Processing /home/airflow/.local/lib/python3.12/site-packages/airflow/example_dags/example_latest_only.py took 0.041 seconds
[2024-10-04T00:02:29.344+0000] {processor.py:186} INFO - Started process (PID=95142) to work on /home/airflow/.local/lib/python3.12/site-packages/airflow/example_dags/example_latest_only.py
[2024-10-04T00:02:29.345+0000] {processor.py:914} INFO - Processing file /home/airflow/.local/lib/python3.12/site-packages/airflow/example_dags/example_latest_only.py for tasks to queue
[2024-10-04T00:02:29.346+0000] {logging_mixin.py:190} INFO - [2024-10-04T00:02:29.346+0000] {dagbag.py:588} INFO - Filling up the DagBag from /home/airflow/.local/lib/python3.12/site-packages/airflow/example_dags/example_latest_only.py
[2024-10-04T00:02:29.351+0000] {processor.py:925} INFO - DAG(s) 'latest_only' retrieved from /home/airflow/.local/lib/python3.12/site-packages/airflow/example_dags/example_latest_only.py
[2024-10-04T00:02:29.361+0000] {logging_mixin.py:190} INFO - [2024-10-04T00:02:29.361+0000] {dag.py:3239} INFO - Sync 1 DAGs
[2024-10-04T00:02:29.372+0000] {logging_mixin.py:190} INFO - [2024-10-04T00:02:29.372+0000] {dag.py:4180} INFO - Setting next_dagrun for latest_only to 2024-10-03 20:00:00+00:00, run_after=2024-10-04 00:00:00+00:00
[2024-10-04T00:02:29.385+0000] {processor.py:208} INFO - Processing /home/airflow/.local/lib/python3.12/site-packages/airflow/example_dags/example_latest_only.py took 0.044 seconds
[2024-10-04T00:02:59.511+0000] {processor.py:186} INFO - Started process (PID=95205) to work on /home/airflow/.local/lib/python3.12/site-packages/airflow/example_dags/example_latest_only.py
[2024-10-04T00:02:59.512+0000] {processor.py:914} INFO - Processing file /home/airflow/.local/lib/python3.12/site-packages/airflow/example_dags/example_latest_only.py for tasks to queue
[2024-10-04T00:02:59.512+0000] {logging_mixin.py:190} INFO - [2024-10-04T00:02:59.512+0000] {dagbag.py:588} INFO - Filling up the DagBag from /home/airflow/.local/lib/python3.12/site-packages/airflow/example_dags/example_latest_only.py
[2024-10-04T00:02:59.516+0000] {processor.py:925} INFO - DAG(s) 'latest_only' retrieved from /home/airflow/.local/lib/python3.12/site-packages/airflow/example_dags/example_latest_only.py
[2024-10-04T00:02:59.526+0000] {logging_mixin.py:190} INFO - [2024-10-04T00:02:59.526+0000] {dag.py:3239} INFO - Sync 1 DAGs
[2024-10-04T00:02:59.537+0000] {logging_mixin.py:190} INFO - [2024-10-04T00:02:59.537+0000] {dag.py:4180} INFO - Setting next_dagrun for latest_only to 2024-10-03 20:00:00+00:00, run_after=2024-10-04 00:00:00+00:00
[2024-10-04T00:02:59.546+0000] {processor.py:208} INFO - Processing /home/airflow/.local/lib/python3.12/site-packages/airflow/example_dags/example_latest_only.py took 0.038 seconds
[2024-10-04T00:03:29.632+0000] {processor.py:186} INFO - Started process (PID=95267) to work on /home/airflow/.local/lib/python3.12/site-packages/airflow/example_dags/example_latest_only.py
[2024-10-04T00:03:29.633+0000] {processor.py:914} INFO - Processing file /home/airflow/.local/lib/python3.12/site-packages/airflow/example_dags/example_latest_only.py for tasks to queue
[2024-10-04T00:03:29.633+0000] {logging_mixin.py:190} INFO - [2024-10-04T00:03:29.633+0000] {dagbag.py:588} INFO - Filling up the DagBag from /home/airflow/.local/lib/python3.12/site-packages/airflow/example_dags/example_latest_only.py
[2024-10-04T00:03:29.637+0000] {processor.py:925} INFO - DAG(s) 'latest_only' retrieved from /home/airflow/.local/lib/python3.12/site-packages/airflow/example_dags/example_latest_only.py
[2024-10-04T00:03:29.646+0000] {logging_mixin.py:190} INFO - [2024-10-04T00:03:29.646+0000] {dag.py:3239} INFO - Sync 1 DAGs
[2024-10-04T00:03:29.656+0000] {logging_mixin.py:190} INFO - [2024-10-04T00:03:29.656+0000] {dag.py:4180} INFO - Setting next_dagrun for latest_only to 2024-10-03 20:00:00+00:00, run_after=2024-10-04 00:00:00+00:00
[2024-10-04T00:03:29.665+0000] {processor.py:208} INFO - Processing /home/airflow/.local/lib/python3.12/site-packages/airflow/example_dags/example_latest_only.py took 0.035 seconds
[2024-10-04T00:03:59.845+0000] {processor.py:186} INFO - Started process (PID=95330) to work on /home/airflow/.local/lib/python3.12/site-packages/airflow/example_dags/example_latest_only.py
[2024-10-04T00:03:59.845+0000] {processor.py:914} INFO - Processing file /home/airflow/.local/lib/python3.12/site-packages/airflow/example_dags/example_latest_only.py for tasks to queue
[2024-10-04T00:03:59.846+0000] {logging_mixin.py:190} INFO - [2024-10-04T00:03:59.846+0000] {dagbag.py:588} INFO - Filling up the DagBag from /home/airflow/.local/lib/python3.12/site-packages/airflow/example_dags/example_latest_only.py
[2024-10-04T00:03:59.850+0000] {processor.py:925} INFO - DAG(s) 'latest_only' retrieved from /home/airflow/.local/lib/python3.12/site-packages/airflow/example_dags/example_latest_only.py
[2024-10-04T00:03:59.859+0000] {logging_mixin.py:190} INFO - [2024-10-04T00:03:59.859+0000] {dag.py:3239} INFO - Sync 1 DAGs
[2024-10-04T00:03:59.869+0000] {logging_mixin.py:190} INFO - [2024-10-04T00:03:59.869+0000] {dag.py:4180} INFO - Setting next_dagrun for latest_only to 2024-10-03 20:00:00+00:00, run_after=2024-10-04 00:00:00+00:00
[2024-10-04T00:03:59.877+0000] {processor.py:208} INFO - Processing /home/airflow/.local/lib/python3.12/site-packages/airflow/example_dags/example_latest_only.py took 0.035 seconds
[2024-10-04T00:04:30.034+0000] {processor.py:186} INFO - Started process (PID=95393) to work on /home/airflow/.local/lib/python3.12/site-packages/airflow/example_dags/example_latest_only.py
[2024-10-04T00:04:30.034+0000] {processor.py:914} INFO - Processing file /home/airflow/.local/lib/python3.12/site-packages/airflow/example_dags/example_latest_only.py for tasks to queue
[2024-10-04T00:04:30.035+0000] {logging_mixin.py:190} INFO - [2024-10-04T00:04:30.035+0000] {dagbag.py:588} INFO - Filling up the DagBag from /home/airflow/.local/lib/python3.12/site-packages/airflow/example_dags/example_latest_only.py
[2024-10-04T00:04:30.040+0000] {processor.py:925} INFO - DAG(s) 'latest_only' retrieved from /home/airflow/.local/lib/python3.12/site-packages/airflow/example_dags/example_latest_only.py
[2024-10-04T00:04:30.050+0000] {logging_mixin.py:190} INFO - [2024-10-04T00:04:30.049+0000] {dag.py:3239} INFO - Sync 1 DAGs
[2024-10-04T00:04:30.061+0000] {logging_mixin.py:190} INFO - [2024-10-04T00:04:30.061+0000] {dag.py:4180} INFO - Setting next_dagrun for latest_only to 2024-10-03 20:00:00+00:00, run_after=2024-10-04 00:00:00+00:00
[2024-10-04T00:04:30.072+0000] {processor.py:208} INFO - Processing /home/airflow/.local/lib/python3.12/site-packages/airflow/example_dags/example_latest_only.py took 0.042 seconds
[2024-10-04T00:05:00.390+0000] {processor.py:186} INFO - Started process (PID=95457) to work on /home/airflow/.local/lib/python3.12/site-packages/airflow/example_dags/example_latest_only.py
[2024-10-04T00:05:00.391+0000] {processor.py:914} INFO - Processing file /home/airflow/.local/lib/python3.12/site-packages/airflow/example_dags/example_latest_only.py for tasks to queue
[2024-10-04T00:05:00.391+0000] {logging_mixin.py:190} INFO - [2024-10-04T00:05:00.391+0000] {dagbag.py:588} INFO - Filling up the DagBag from /home/airflow/.local/lib/python3.12/site-packages/airflow/example_dags/example_latest_only.py
[2024-10-04T00:05:00.395+0000] {processor.py:925} INFO - DAG(s) 'latest_only' retrieved from /home/airflow/.local/lib/python3.12/site-packages/airflow/example_dags/example_latest_only.py
[2024-10-04T00:05:00.405+0000] {logging_mixin.py:190} INFO - [2024-10-04T00:05:00.405+0000] {dag.py:3239} INFO - Sync 1 DAGs
[2024-10-04T00:05:00.416+0000] {logging_mixin.py:190} INFO - [2024-10-04T00:05:00.416+0000] {dag.py:4180} INFO - Setting next_dagrun for latest_only to 2024-10-03 20:00:00+00:00, run_after=2024-10-04 00:00:00+00:00
[2024-10-04T00:05:00.426+0000] {processor.py:208} INFO - Processing /home/airflow/.local/lib/python3.12/site-packages/airflow/example_dags/example_latest_only.py took 0.040 seconds
[2024-10-04T00:05:30.635+0000] {processor.py:186} INFO - Started process (PID=95520) to work on /home/airflow/.local/lib/python3.12/site-packages/airflow/example_dags/example_latest_only.py
[2024-10-04T00:05:30.636+0000] {processor.py:914} INFO - Processing file /home/airflow/.local/lib/python3.12/site-packages/airflow/example_dags/example_latest_only.py for tasks to queue
[2024-10-04T00:05:30.637+0000] {logging_mixin.py:190} INFO - [2024-10-04T00:05:30.636+0000] {dagbag.py:588} INFO - Filling up the DagBag from /home/airflow/.local/lib/python3.12/site-packages/airflow/example_dags/example_latest_only.py
[2024-10-04T00:05:30.641+0000] {processor.py:925} INFO - DAG(s) 'latest_only' retrieved from /home/airflow/.local/lib/python3.12/site-packages/airflow/example_dags/example_latest_only.py
[2024-10-04T00:05:30.651+0000] {logging_mixin.py:190} INFO - [2024-10-04T00:05:30.650+0000] {dag.py:3239} INFO - Sync 1 DAGs
[2024-10-04T00:05:30.663+0000] {logging_mixin.py:190} INFO - [2024-10-04T00:05:30.662+0000] {dag.py:4180} INFO - Setting next_dagrun for latest_only to 2024-10-03 20:00:00+00:00, run_after=2024-10-04 00:00:00+00:00
[2024-10-04T00:05:30.672+0000] {processor.py:208} INFO - Processing /home/airflow/.local/lib/python3.12/site-packages/airflow/example_dags/example_latest_only.py took 0.040 seconds
[2024-10-04T00:06:00.975+0000] {processor.py:186} INFO - Started process (PID=95583) to work on /home/airflow/.local/lib/python3.12/site-packages/airflow/example_dags/example_latest_only.py
[2024-10-04T00:06:00.975+0000] {processor.py:914} INFO - Processing file /home/airflow/.local/lib/python3.12/site-packages/airflow/example_dags/example_latest_only.py for tasks to queue
[2024-10-04T00:06:00.976+0000] {logging_mixin.py:190} INFO - [2024-10-04T00:06:00.976+0000] {dagbag.py:588} INFO - Filling up the DagBag from /home/airflow/.local/lib/python3.12/site-packages/airflow/example_dags/example_latest_only.py
[2024-10-04T00:06:00.980+0000] {processor.py:925} INFO - DAG(s) 'latest_only' retrieved from /home/airflow/.local/lib/python3.12/site-packages/airflow/example_dags/example_latest_only.py
[2024-10-04T00:06:00.990+0000] {logging_mixin.py:190} INFO - [2024-10-04T00:06:00.990+0000] {dag.py:3239} INFO - Sync 1 DAGs
[2024-10-04T00:06:01.001+0000] {logging_mixin.py:190} INFO - [2024-10-04T00:06:01.001+0000] {dag.py:4180} INFO - Setting next_dagrun for latest_only to 2024-10-03 20:00:00+00:00, run_after=2024-10-04 00:00:00+00:00
[2024-10-04T00:06:01.011+0000] {processor.py:208} INFO - Processing /home/airflow/.local/lib/python3.12/site-packages/airflow/example_dags/example_latest_only.py took 0.039 seconds
[2024-10-04T00:06:31.188+0000] {processor.py:186} INFO - Started process (PID=95646) to work on /home/airflow/.local/lib/python3.12/site-packages/airflow/example_dags/example_latest_only.py
[2024-10-04T00:06:31.189+0000] {processor.py:914} INFO - Processing file /home/airflow/.local/lib/python3.12/site-packages/airflow/example_dags/example_latest_only.py for tasks to queue
[2024-10-04T00:06:31.190+0000] {logging_mixin.py:190} INFO - [2024-10-04T00:06:31.189+0000] {dagbag.py:588} INFO - Filling up the DagBag from /home/airflow/.local/lib/python3.12/site-packages/airflow/example_dags/example_latest_only.py
[2024-10-04T00:06:31.194+0000] {processor.py:925} INFO - DAG(s) 'latest_only' retrieved from /home/airflow/.local/lib/python3.12/site-packages/airflow/example_dags/example_latest_only.py
[2024-10-04T00:06:31.204+0000] {logging_mixin.py:190} INFO - [2024-10-04T00:06:31.204+0000] {dag.py:3239} INFO - Sync 1 DAGs
[2024-10-04T00:06:31.215+0000] {logging_mixin.py:190} INFO - [2024-10-04T00:06:31.215+0000] {dag.py:4180} INFO - Setting next_dagrun for latest_only to 2024-10-03 20:00:00+00:00, run_after=2024-10-04 00:00:00+00:00
[2024-10-04T00:06:31.224+0000] {processor.py:208} INFO - Processing /home/airflow/.local/lib/python3.12/site-packages/airflow/example_dags/example_latest_only.py took 0.040 seconds
[2024-10-04T00:07:01.462+0000] {processor.py:186} INFO - Started process (PID=95709) to work on /home/airflow/.local/lib/python3.12/site-packages/airflow/example_dags/example_latest_only.py
[2024-10-04T00:07:01.462+0000] {processor.py:914} INFO - Processing file /home/airflow/.local/lib/python3.12/site-packages/airflow/example_dags/example_latest_only.py for tasks to queue
[2024-10-04T00:07:01.463+0000] {logging_mixin.py:190} INFO - [2024-10-04T00:07:01.463+0000] {dagbag.py:588} INFO - Filling up the DagBag from /home/airflow/.local/lib/python3.12/site-packages/airflow/example_dags/example_latest_only.py
[2024-10-04T00:07:01.467+0000] {processor.py:925} INFO - DAG(s) 'latest_only' retrieved from /home/airflow/.local/lib/python3.12/site-packages/airflow/example_dags/example_latest_only.py
[2024-10-04T00:07:01.477+0000] {logging_mixin.py:190} INFO - [2024-10-04T00:07:01.477+0000] {dag.py:3239} INFO - Sync 1 DAGs
[2024-10-04T00:07:01.489+0000] {logging_mixin.py:190} INFO - [2024-10-04T00:07:01.488+0000] {dag.py:4180} INFO - Setting next_dagrun for latest_only to 2024-10-03 20:00:00+00:00, run_after=2024-10-04 00:00:00+00:00
[2024-10-04T00:07:01.498+0000] {processor.py:208} INFO - Processing /home/airflow/.local/lib/python3.12/site-packages/airflow/example_dags/example_latest_only.py took 0.039 seconds
[2024-10-04T00:07:31.686+0000] {processor.py:186} INFO - Started process (PID=95772) to work on /home/airflow/.local/lib/python3.12/site-packages/airflow/example_dags/example_latest_only.py
[2024-10-04T00:07:31.687+0000] {processor.py:914} INFO - Processing file /home/airflow/.local/lib/python3.12/site-packages/airflow/example_dags/example_latest_only.py for tasks to queue
[2024-10-04T00:07:31.688+0000] {logging_mixin.py:190} INFO - [2024-10-04T00:07:31.687+0000] {dagbag.py:588} INFO - Filling up the DagBag from /home/airflow/.local/lib/python3.12/site-packages/airflow/example_dags/example_latest_only.py
[2024-10-04T00:07:31.692+0000] {processor.py:925} INFO - DAG(s) 'latest_only' retrieved from /home/airflow/.local/lib/python3.12/site-packages/airflow/example_dags/example_latest_only.py
[2024-10-04T00:07:31.702+0000] {logging_mixin.py:190} INFO - [2024-10-04T00:07:31.702+0000] {dag.py:3239} INFO - Sync 1 DAGs
[2024-10-04T00:07:31.714+0000] {logging_mixin.py:190} INFO - [2024-10-04T00:07:31.714+0000] {dag.py:4180} INFO - Setting next_dagrun for latest_only to 2024-10-03 20:00:00+00:00, run_after=2024-10-04 00:00:00+00:00
[2024-10-04T00:07:31.724+0000] {processor.py:208} INFO - Processing /home/airflow/.local/lib/python3.12/site-packages/airflow/example_dags/example_latest_only.py took 0.041 seconds
[2024-10-04T00:08:01.930+0000] {processor.py:186} INFO - Started process (PID=95835) to work on /home/airflow/.local/lib/python3.12/site-packages/airflow/example_dags/example_latest_only.py
[2024-10-04T00:08:01.931+0000] {processor.py:914} INFO - Processing file /home/airflow/.local/lib/python3.12/site-packages/airflow/example_dags/example_latest_only.py for tasks to queue
[2024-10-04T00:08:01.931+0000] {logging_mixin.py:190} INFO - [2024-10-04T00:08:01.931+0000] {dagbag.py:588} INFO - Filling up the DagBag from /home/airflow/.local/lib/python3.12/site-packages/airflow/example_dags/example_latest_only.py
[2024-10-04T00:08:01.935+0000] {processor.py:925} INFO - DAG(s) 'latest_only' retrieved from /home/airflow/.local/lib/python3.12/site-packages/airflow/example_dags/example_latest_only.py
[2024-10-04T00:08:01.947+0000] {logging_mixin.py:190} INFO - [2024-10-04T00:08:01.947+0000] {dag.py:3239} INFO - Sync 1 DAGs
[2024-10-04T00:08:01.958+0000] {logging_mixin.py:190} INFO - [2024-10-04T00:08:01.958+0000] {dag.py:4180} INFO - Setting next_dagrun for latest_only to 2024-10-03 20:00:00+00:00, run_after=2024-10-04 00:00:00+00:00
[2024-10-04T00:08:01.968+0000] {processor.py:208} INFO - Processing /home/airflow/.local/lib/python3.12/site-packages/airflow/example_dags/example_latest_only.py took 0.040 seconds
[2024-10-04T00:08:32.381+0000] {processor.py:186} INFO - Started process (PID=95898) to work on /home/airflow/.local/lib/python3.12/site-packages/airflow/example_dags/example_latest_only.py
[2024-10-04T00:08:32.381+0000] {processor.py:914} INFO - Processing file /home/airflow/.local/lib/python3.12/site-packages/airflow/example_dags/example_latest_only.py for tasks to queue
[2024-10-04T00:08:32.382+0000] {logging_mixin.py:190} INFO - [2024-10-04T00:08:32.382+0000] {dagbag.py:588} INFO - Filling up the DagBag from /home/airflow/.local/lib/python3.12/site-packages/airflow/example_dags/example_latest_only.py
[2024-10-04T00:08:32.386+0000] {processor.py:925} INFO - DAG(s) 'latest_only' retrieved from /home/airflow/.local/lib/python3.12/site-packages/airflow/example_dags/example_latest_only.py
[2024-10-04T00:08:32.396+0000] {logging_mixin.py:190} INFO - [2024-10-04T00:08:32.396+0000] {dag.py:3239} INFO - Sync 1 DAGs
[2024-10-04T00:08:32.407+0000] {logging_mixin.py:190} INFO - [2024-10-04T00:08:32.407+0000] {dag.py:4180} INFO - Setting next_dagrun for latest_only to 2024-10-03 20:00:00+00:00, run_after=2024-10-04 00:00:00+00:00
[2024-10-04T00:08:32.418+0000] {processor.py:208} INFO - Processing /home/airflow/.local/lib/python3.12/site-packages/airflow/example_dags/example_latest_only.py took 0.040 seconds
[2024-10-04T00:09:02.644+0000] {processor.py:186} INFO - Started process (PID=95961) to work on /home/airflow/.local/lib/python3.12/site-packages/airflow/example_dags/example_latest_only.py
[2024-10-04T00:09:02.645+0000] {processor.py:914} INFO - Processing file /home/airflow/.local/lib/python3.12/site-packages/airflow/example_dags/example_latest_only.py for tasks to queue
[2024-10-04T00:09:02.645+0000] {logging_mixin.py:190} INFO - [2024-10-04T00:09:02.645+0000] {dagbag.py:588} INFO - Filling up the DagBag from /home/airflow/.local/lib/python3.12/site-packages/airflow/example_dags/example_latest_only.py
[2024-10-04T00:09:02.650+0000] {processor.py:925} INFO - DAG(s) 'latest_only' retrieved from /home/airflow/.local/lib/python3.12/site-packages/airflow/example_dags/example_latest_only.py
[2024-10-04T00:09:02.658+0000] {logging_mixin.py:190} INFO - [2024-10-04T00:09:02.658+0000] {dag.py:3239} INFO - Sync 1 DAGs
[2024-10-04T00:09:02.669+0000] {logging_mixin.py:190} INFO - [2024-10-04T00:09:02.668+0000] {dag.py:4180} INFO - Setting next_dagrun for latest_only to 2024-10-03 20:00:00+00:00, run_after=2024-10-04 00:00:00+00:00
[2024-10-04T00:09:02.678+0000] {processor.py:208} INFO - Processing /home/airflow/.local/lib/python3.12/site-packages/airflow/example_dags/example_latest_only.py took 0.037 seconds
[2024-10-04T00:09:33.043+0000] {processor.py:186} INFO - Started process (PID=96024) to work on /home/airflow/.local/lib/python3.12/site-packages/airflow/example_dags/example_latest_only.py
[2024-10-04T00:09:33.044+0000] {processor.py:914} INFO - Processing file /home/airflow/.local/lib/python3.12/site-packages/airflow/example_dags/example_latest_only.py for tasks to queue
[2024-10-04T00:09:33.044+0000] {logging_mixin.py:190} INFO - [2024-10-04T00:09:33.044+0000] {dagbag.py:588} INFO - Filling up the DagBag from /home/airflow/.local/lib/python3.12/site-packages/airflow/example_dags/example_latest_only.py
[2024-10-04T00:09:33.049+0000] {processor.py:925} INFO - DAG(s) 'latest_only' retrieved from /home/airflow/.local/lib/python3.12/site-packages/airflow/example_dags/example_latest_only.py
[2024-10-04T00:09:33.058+0000] {logging_mixin.py:190} INFO - [2024-10-04T00:09:33.058+0000] {dag.py:3239} INFO - Sync 1 DAGs
[2024-10-04T00:09:33.070+0000] {logging_mixin.py:190} INFO - [2024-10-04T00:09:33.070+0000] {dag.py:4180} INFO - Setting next_dagrun for latest_only to 2024-10-03 20:00:00+00:00, run_after=2024-10-04 00:00:00+00:00
[2024-10-04T00:09:33.079+0000] {processor.py:208} INFO - Processing /home/airflow/.local/lib/python3.12/site-packages/airflow/example_dags/example_latest_only.py took 0.039 seconds
[2024-10-04T00:10:03.285+0000] {processor.py:186} INFO - Started process (PID=96087) to work on /home/airflow/.local/lib/python3.12/site-packages/airflow/example_dags/example_latest_only.py
[2024-10-04T00:10:03.286+0000] {processor.py:914} INFO - Processing file /home/airflow/.local/lib/python3.12/site-packages/airflow/example_dags/example_latest_only.py for tasks to queue
[2024-10-04T00:10:03.286+0000] {logging_mixin.py:190} INFO - [2024-10-04T00:10:03.286+0000] {dagbag.py:588} INFO - Filling up the DagBag from /home/airflow/.local/lib/python3.12/site-packages/airflow/example_dags/example_latest_only.py
[2024-10-04T00:10:03.290+0000] {processor.py:925} INFO - DAG(s) 'latest_only' retrieved from /home/airflow/.local/lib/python3.12/site-packages/airflow/example_dags/example_latest_only.py
[2024-10-04T00:10:03.300+0000] {logging_mixin.py:190} INFO - [2024-10-04T00:10:03.300+0000] {dag.py:3239} INFO - Sync 1 DAGs
[2024-10-04T00:10:03.311+0000] {logging_mixin.py:190} INFO - [2024-10-04T00:10:03.310+0000] {dag.py:4180} INFO - Setting next_dagrun for latest_only to 2024-10-03 20:00:00+00:00, run_after=2024-10-04 00:00:00+00:00
[2024-10-04T00:10:03.319+0000] {processor.py:208} INFO - Processing /home/airflow/.local/lib/python3.12/site-packages/airflow/example_dags/example_latest_only.py took 0.037 seconds
[2024-10-04T00:10:33.595+0000] {processor.py:186} INFO - Started process (PID=96150) to work on /home/airflow/.local/lib/python3.12/site-packages/airflow/example_dags/example_latest_only.py
[2024-10-04T00:10:33.596+0000] {processor.py:914} INFO - Processing file /home/airflow/.local/lib/python3.12/site-packages/airflow/example_dags/example_latest_only.py for tasks to queue
[2024-10-04T00:10:33.596+0000] {logging_mixin.py:190} INFO - [2024-10-04T00:10:33.596+0000] {dagbag.py:588} INFO - Filling up the DagBag from /home/airflow/.local/lib/python3.12/site-packages/airflow/example_dags/example_latest_only.py
[2024-10-04T00:10:33.601+0000] {processor.py:925} INFO - DAG(s) 'latest_only' retrieved from /home/airflow/.local/lib/python3.12/site-packages/airflow/example_dags/example_latest_only.py
[2024-10-04T00:10:33.610+0000] {logging_mixin.py:190} INFO - [2024-10-04T00:10:33.610+0000] {dag.py:3239} INFO - Sync 1 DAGs
[2024-10-04T00:10:33.621+0000] {logging_mixin.py:190} INFO - [2024-10-04T00:10:33.621+0000] {dag.py:4180} INFO - Setting next_dagrun for latest_only to 2024-10-03 20:00:00+00:00, run_after=2024-10-04 00:00:00+00:00
[2024-10-04T00:10:33.630+0000] {processor.py:208} INFO - Processing /home/airflow/.local/lib/python3.12/site-packages/airflow/example_dags/example_latest_only.py took 0.038 seconds
[2024-10-04T00:11:03.942+0000] {processor.py:186} INFO - Started process (PID=96213) to work on /home/airflow/.local/lib/python3.12/site-packages/airflow/example_dags/example_latest_only.py
[2024-10-04T00:11:03.943+0000] {processor.py:914} INFO - Processing file /home/airflow/.local/lib/python3.12/site-packages/airflow/example_dags/example_latest_only.py for tasks to queue
[2024-10-04T00:11:03.943+0000] {logging_mixin.py:190} INFO - [2024-10-04T00:11:03.943+0000] {dagbag.py:588} INFO - Filling up the DagBag from /home/airflow/.local/lib/python3.12/site-packages/airflow/example_dags/example_latest_only.py
[2024-10-04T00:11:03.948+0000] {processor.py:925} INFO - DAG(s) 'latest_only' retrieved from /home/airflow/.local/lib/python3.12/site-packages/airflow/example_dags/example_latest_only.py
[2024-10-04T00:11:03.959+0000] {logging_mixin.py:190} INFO - [2024-10-04T00:11:03.958+0000] {dag.py:3239} INFO - Sync 1 DAGs
[2024-10-04T00:11:03.972+0000] {logging_mixin.py:190} INFO - [2024-10-04T00:11:03.972+0000] {dag.py:4180} INFO - Setting next_dagrun for latest_only to 2024-10-03 20:00:00+00:00, run_after=2024-10-04 00:00:00+00:00
[2024-10-04T00:11:03.983+0000] {processor.py:208} INFO - Processing /home/airflow/.local/lib/python3.12/site-packages/airflow/example_dags/example_latest_only.py took 0.044 seconds
[2024-10-04T00:11:34.316+0000] {processor.py:186} INFO - Started process (PID=96276) to work on /home/airflow/.local/lib/python3.12/site-packages/airflow/example_dags/example_latest_only.py
[2024-10-04T00:11:34.317+0000] {processor.py:914} INFO - Processing file /home/airflow/.local/lib/python3.12/site-packages/airflow/example_dags/example_latest_only.py for tasks to queue
[2024-10-04T00:11:34.317+0000] {logging_mixin.py:190} INFO - [2024-10-04T00:11:34.317+0000] {dagbag.py:588} INFO - Filling up the DagBag from /home/airflow/.local/lib/python3.12/site-packages/airflow/example_dags/example_latest_only.py
[2024-10-04T00:11:34.322+0000] {processor.py:925} INFO - DAG(s) 'latest_only' retrieved from /home/airflow/.local/lib/python3.12/site-packages/airflow/example_dags/example_latest_only.py
[2024-10-04T00:11:34.331+0000] {logging_mixin.py:190} INFO - [2024-10-04T00:11:34.331+0000] {dag.py:3239} INFO - Sync 1 DAGs
[2024-10-04T00:11:34.343+0000] {logging_mixin.py:190} INFO - [2024-10-04T00:11:34.343+0000] {dag.py:4180} INFO - Setting next_dagrun for latest_only to 2024-10-03 20:00:00+00:00, run_after=2024-10-04 00:00:00+00:00
[2024-10-04T00:11:34.353+0000] {processor.py:208} INFO - Processing /home/airflow/.local/lib/python3.12/site-packages/airflow/example_dags/example_latest_only.py took 0.041 seconds
[2024-10-04T00:12:04.745+0000] {processor.py:186} INFO - Started process (PID=96339) to work on /home/airflow/.local/lib/python3.12/site-packages/airflow/example_dags/example_latest_only.py
[2024-10-04T00:12:04.746+0000] {processor.py:914} INFO - Processing file /home/airflow/.local/lib/python3.12/site-packages/airflow/example_dags/example_latest_only.py for tasks to queue
[2024-10-04T00:12:04.746+0000] {logging_mixin.py:190} INFO - [2024-10-04T00:12:04.746+0000] {dagbag.py:588} INFO - Filling up the DagBag from /home/airflow/.local/lib/python3.12/site-packages/airflow/example_dags/example_latest_only.py
[2024-10-04T00:12:04.751+0000] {processor.py:925} INFO - DAG(s) 'latest_only' retrieved from /home/airflow/.local/lib/python3.12/site-packages/airflow/example_dags/example_latest_only.py
[2024-10-04T00:12:04.760+0000] {logging_mixin.py:190} INFO - [2024-10-04T00:12:04.760+0000] {dag.py:3239} INFO - Sync 1 DAGs
[2024-10-04T00:12:04.771+0000] {logging_mixin.py:190} INFO - [2024-10-04T00:12:04.770+0000] {dag.py:4180} INFO - Setting next_dagrun for latest_only to 2024-10-03 20:00:00+00:00, run_after=2024-10-04 00:00:00+00:00
[2024-10-04T00:12:04.781+0000] {processor.py:208} INFO - Processing /home/airflow/.local/lib/python3.12/site-packages/airflow/example_dags/example_latest_only.py took 0.039 seconds
[2024-10-04T00:12:35.321+0000] {processor.py:186} INFO - Started process (PID=96402) to work on /home/airflow/.local/lib/python3.12/site-packages/airflow/example_dags/example_latest_only.py
[2024-10-04T00:12:35.322+0000] {processor.py:914} INFO - Processing file /home/airflow/.local/lib/python3.12/site-packages/airflow/example_dags/example_latest_only.py for tasks to queue
[2024-10-04T00:12:35.323+0000] {logging_mixin.py:190} INFO - [2024-10-04T00:12:35.322+0000] {dagbag.py:588} INFO - Filling up the DagBag from /home/airflow/.local/lib/python3.12/site-packages/airflow/example_dags/example_latest_only.py
[2024-10-04T00:12:35.328+0000] {processor.py:925} INFO - DAG(s) 'latest_only' retrieved from /home/airflow/.local/lib/python3.12/site-packages/airflow/example_dags/example_latest_only.py
[2024-10-04T00:12:35.338+0000] {logging_mixin.py:190} INFO - [2024-10-04T00:12:35.338+0000] {dag.py:3239} INFO - Sync 1 DAGs
[2024-10-04T00:12:35.351+0000] {logging_mixin.py:190} INFO - [2024-10-04T00:12:35.351+0000] {dag.py:4180} INFO - Setting next_dagrun for latest_only to 2024-10-03 20:00:00+00:00, run_after=2024-10-04 00:00:00+00:00
[2024-10-04T00:12:35.362+0000] {processor.py:208} INFO - Processing /home/airflow/.local/lib/python3.12/site-packages/airflow/example_dags/example_latest_only.py took 0.044 seconds
[2024-10-04T00:13:05.879+0000] {processor.py:186} INFO - Started process (PID=96465) to work on /home/airflow/.local/lib/python3.12/site-packages/airflow/example_dags/example_latest_only.py
[2024-10-04T00:13:05.881+0000] {processor.py:914} INFO - Processing file /home/airflow/.local/lib/python3.12/site-packages/airflow/example_dags/example_latest_only.py for tasks to queue
[2024-10-04T00:13:05.882+0000] {logging_mixin.py:190} INFO - [2024-10-04T00:13:05.882+0000] {dagbag.py:588} INFO - Filling up the DagBag from /home/airflow/.local/lib/python3.12/site-packages/airflow/example_dags/example_latest_only.py
[2024-10-04T00:13:05.888+0000] {processor.py:925} INFO - DAG(s) 'latest_only' retrieved from /home/airflow/.local/lib/python3.12/site-packages/airflow/example_dags/example_latest_only.py
[2024-10-04T00:13:05.899+0000] {logging_mixin.py:190} INFO - [2024-10-04T00:13:05.899+0000] {dag.py:3239} INFO - Sync 1 DAGs
[2024-10-04T00:13:05.911+0000] {logging_mixin.py:190} INFO - [2024-10-04T00:13:05.910+0000] {dag.py:4180} INFO - Setting next_dagrun for latest_only to 2024-10-03 20:00:00+00:00, run_after=2024-10-04 00:00:00+00:00
[2024-10-04T00:13:05.921+0000] {processor.py:208} INFO - Processing /home/airflow/.local/lib/python3.12/site-packages/airflow/example_dags/example_latest_only.py took 0.048 seconds
[2024-10-04T00:13:36.241+0000] {processor.py:186} INFO - Started process (PID=96528) to work on /home/airflow/.local/lib/python3.12/site-packages/airflow/example_dags/example_latest_only.py
[2024-10-04T00:13:36.242+0000] {processor.py:914} INFO - Processing file /home/airflow/.local/lib/python3.12/site-packages/airflow/example_dags/example_latest_only.py for tasks to queue
[2024-10-04T00:13:36.243+0000] {logging_mixin.py:190} INFO - [2024-10-04T00:13:36.242+0000] {dagbag.py:588} INFO - Filling up the DagBag from /home/airflow/.local/lib/python3.12/site-packages/airflow/example_dags/example_latest_only.py
[2024-10-04T00:13:36.252+0000] {processor.py:925} INFO - DAG(s) 'latest_only' retrieved from /home/airflow/.local/lib/python3.12/site-packages/airflow/example_dags/example_latest_only.py
[2024-10-04T00:13:36.266+0000] {logging_mixin.py:190} INFO - [2024-10-04T00:13:36.266+0000] {dag.py:3239} INFO - Sync 1 DAGs
[2024-10-04T00:13:36.277+0000] {logging_mixin.py:190} INFO - [2024-10-04T00:13:36.277+0000] {dag.py:4180} INFO - Setting next_dagrun for latest_only to 2024-10-03 20:00:00+00:00, run_after=2024-10-04 00:00:00+00:00
[2024-10-04T00:13:36.286+0000] {processor.py:208} INFO - Processing /home/airflow/.local/lib/python3.12/site-packages/airflow/example_dags/example_latest_only.py took 0.049 seconds
[2024-10-04T00:14:06.668+0000] {processor.py:186} INFO - Started process (PID=96591) to work on /home/airflow/.local/lib/python3.12/site-packages/airflow/example_dags/example_latest_only.py
[2024-10-04T00:14:06.668+0000] {processor.py:914} INFO - Processing file /home/airflow/.local/lib/python3.12/site-packages/airflow/example_dags/example_latest_only.py for tasks to queue
[2024-10-04T00:14:06.669+0000] {logging_mixin.py:190} INFO - [2024-10-04T00:14:06.669+0000] {dagbag.py:588} INFO - Filling up the DagBag from /home/airflow/.local/lib/python3.12/site-packages/airflow/example_dags/example_latest_only.py
[2024-10-04T00:14:06.673+0000] {processor.py:925} INFO - DAG(s) 'latest_only' retrieved from /home/airflow/.local/lib/python3.12/site-packages/airflow/example_dags/example_latest_only.py
[2024-10-04T00:14:06.682+0000] {logging_mixin.py:190} INFO - [2024-10-04T00:14:06.682+0000] {dag.py:3239} INFO - Sync 1 DAGs
[2024-10-04T00:14:06.694+0000] {logging_mixin.py:190} INFO - [2024-10-04T00:14:06.694+0000] {dag.py:4180} INFO - Setting next_dagrun for latest_only to 2024-10-03 20:00:00+00:00, run_after=2024-10-04 00:00:00+00:00
[2024-10-04T00:14:06.704+0000] {processor.py:208} INFO - Processing /home/airflow/.local/lib/python3.12/site-packages/airflow/example_dags/example_latest_only.py took 0.039 seconds
[2024-10-04T00:14:37.103+0000] {processor.py:186} INFO - Started process (PID=96653) to work on /home/airflow/.local/lib/python3.12/site-packages/airflow/example_dags/example_latest_only.py
[2024-10-04T00:14:37.104+0000] {processor.py:914} INFO - Processing file /home/airflow/.local/lib/python3.12/site-packages/airflow/example_dags/example_latest_only.py for tasks to queue
[2024-10-04T00:14:37.105+0000] {logging_mixin.py:190} INFO - [2024-10-04T00:14:37.105+0000] {dagbag.py:588} INFO - Filling up the DagBag from /home/airflow/.local/lib/python3.12/site-packages/airflow/example_dags/example_latest_only.py
[2024-10-04T00:14:37.114+0000] {processor.py:925} INFO - DAG(s) 'latest_only' retrieved from /home/airflow/.local/lib/python3.12/site-packages/airflow/example_dags/example_latest_only.py
[2024-10-04T00:14:37.124+0000] {logging_mixin.py:190} INFO - [2024-10-04T00:14:37.124+0000] {dag.py:3239} INFO - Sync 1 DAGs
[2024-10-04T00:14:37.134+0000] {logging_mixin.py:190} INFO - [2024-10-04T00:14:37.134+0000] {dag.py:4180} INFO - Setting next_dagrun for latest_only to 2024-10-03 20:00:00+00:00, run_after=2024-10-04 00:00:00+00:00
[2024-10-04T00:14:37.143+0000] {processor.py:208} INFO - Processing /home/airflow/.local/lib/python3.12/site-packages/airflow/example_dags/example_latest_only.py took 0.047 seconds
[2024-10-04T00:15:07.735+0000] {processor.py:186} INFO - Started process (PID=96716) to work on /home/airflow/.local/lib/python3.12/site-packages/airflow/example_dags/example_latest_only.py
[2024-10-04T00:15:07.735+0000] {processor.py:914} INFO - Processing file /home/airflow/.local/lib/python3.12/site-packages/airflow/example_dags/example_latest_only.py for tasks to queue
[2024-10-04T00:15:07.736+0000] {logging_mixin.py:190} INFO - [2024-10-04T00:15:07.736+0000] {dagbag.py:588} INFO - Filling up the DagBag from /home/airflow/.local/lib/python3.12/site-packages/airflow/example_dags/example_latest_only.py
[2024-10-04T00:15:07.741+0000] {processor.py:925} INFO - DAG(s) 'latest_only' retrieved from /home/airflow/.local/lib/python3.12/site-packages/airflow/example_dags/example_latest_only.py
[2024-10-04T00:15:07.750+0000] {logging_mixin.py:190} INFO - [2024-10-04T00:15:07.749+0000] {dag.py:3239} INFO - Sync 1 DAGs
[2024-10-04T00:15:07.759+0000] {logging_mixin.py:190} INFO - [2024-10-04T00:15:07.759+0000] {dag.py:4180} INFO - Setting next_dagrun for latest_only to 2024-10-03 20:00:00+00:00, run_after=2024-10-04 00:00:00+00:00
[2024-10-04T00:15:07.769+0000] {processor.py:208} INFO - Processing /home/airflow/.local/lib/python3.12/site-packages/airflow/example_dags/example_latest_only.py took 0.038 seconds
[2024-10-04T00:15:38.276+0000] {processor.py:186} INFO - Started process (PID=96779) to work on /home/airflow/.local/lib/python3.12/site-packages/airflow/example_dags/example_latest_only.py
[2024-10-04T00:15:38.276+0000] {processor.py:914} INFO - Processing file /home/airflow/.local/lib/python3.12/site-packages/airflow/example_dags/example_latest_only.py for tasks to queue
[2024-10-04T00:15:38.277+0000] {logging_mixin.py:190} INFO - [2024-10-04T00:15:38.276+0000] {dagbag.py:588} INFO - Filling up the DagBag from /home/airflow/.local/lib/python3.12/site-packages/airflow/example_dags/example_latest_only.py
[2024-10-04T00:15:38.281+0000] {processor.py:925} INFO - DAG(s) 'latest_only' retrieved from /home/airflow/.local/lib/python3.12/site-packages/airflow/example_dags/example_latest_only.py
[2024-10-04T00:15:38.290+0000] {logging_mixin.py:190} INFO - [2024-10-04T00:15:38.290+0000] {dag.py:3239} INFO - Sync 1 DAGs
[2024-10-04T00:15:38.301+0000] {logging_mixin.py:190} INFO - [2024-10-04T00:15:38.300+0000] {dag.py:4180} INFO - Setting next_dagrun for latest_only to 2024-10-03 20:00:00+00:00, run_after=2024-10-04 00:00:00+00:00
[2024-10-04T00:15:38.310+0000] {processor.py:208} INFO - Processing /home/airflow/.local/lib/python3.12/site-packages/airflow/example_dags/example_latest_only.py took 0.037 seconds
[2024-10-04T00:16:08.704+0000] {processor.py:186} INFO - Started process (PID=96842) to work on /home/airflow/.local/lib/python3.12/site-packages/airflow/example_dags/example_latest_only.py
[2024-10-04T00:16:08.705+0000] {processor.py:914} INFO - Processing file /home/airflow/.local/lib/python3.12/site-packages/airflow/example_dags/example_latest_only.py for tasks to queue
[2024-10-04T00:16:08.705+0000] {logging_mixin.py:190} INFO - [2024-10-04T00:16:08.705+0000] {dagbag.py:588} INFO - Filling up the DagBag from /home/airflow/.local/lib/python3.12/site-packages/airflow/example_dags/example_latest_only.py
[2024-10-04T00:16:08.709+0000] {processor.py:925} INFO - DAG(s) 'latest_only' retrieved from /home/airflow/.local/lib/python3.12/site-packages/airflow/example_dags/example_latest_only.py
[2024-10-04T00:16:08.719+0000] {logging_mixin.py:190} INFO - [2024-10-04T00:16:08.719+0000] {dag.py:3239} INFO - Sync 1 DAGs
[2024-10-04T00:16:08.730+0000] {logging_mixin.py:190} INFO - [2024-10-04T00:16:08.730+0000] {dag.py:4180} INFO - Setting next_dagrun for latest_only to 2024-10-03 20:00:00+00:00, run_after=2024-10-04 00:00:00+00:00
[2024-10-04T00:16:08.740+0000] {processor.py:208} INFO - Processing /home/airflow/.local/lib/python3.12/site-packages/airflow/example_dags/example_latest_only.py took 0.040 seconds
[2024-10-04T00:16:39.343+0000] {processor.py:186} INFO - Started process (PID=96905) to work on /home/airflow/.local/lib/python3.12/site-packages/airflow/example_dags/example_latest_only.py
[2024-10-04T00:16:39.343+0000] {processor.py:914} INFO - Processing file /home/airflow/.local/lib/python3.12/site-packages/airflow/example_dags/example_latest_only.py for tasks to queue
[2024-10-04T00:16:39.344+0000] {logging_mixin.py:190} INFO - [2024-10-04T00:16:39.344+0000] {dagbag.py:588} INFO - Filling up the DagBag from /home/airflow/.local/lib/python3.12/site-packages/airflow/example_dags/example_latest_only.py
[2024-10-04T00:16:39.352+0000] {processor.py:925} INFO - DAG(s) 'latest_only' retrieved from /home/airflow/.local/lib/python3.12/site-packages/airflow/example_dags/example_latest_only.py
[2024-10-04T00:16:39.366+0000] {logging_mixin.py:190} INFO - [2024-10-04T00:16:39.365+0000] {dag.py:3239} INFO - Sync 1 DAGs
[2024-10-04T00:16:39.378+0000] {logging_mixin.py:190} INFO - [2024-10-04T00:16:39.378+0000] {dag.py:4180} INFO - Setting next_dagrun for latest_only to 2024-10-03 20:00:00+00:00, run_after=2024-10-04 00:00:00+00:00
[2024-10-04T00:16:39.394+0000] {processor.py:208} INFO - Processing /home/airflow/.local/lib/python3.12/site-packages/airflow/example_dags/example_latest_only.py took 0.056 seconds
[2024-10-04T00:17:09.930+0000] {processor.py:186} INFO - Started process (PID=96968) to work on /home/airflow/.local/lib/python3.12/site-packages/airflow/example_dags/example_latest_only.py
[2024-10-04T00:17:09.930+0000] {processor.py:914} INFO - Processing file /home/airflow/.local/lib/python3.12/site-packages/airflow/example_dags/example_latest_only.py for tasks to queue
[2024-10-04T00:17:09.931+0000] {logging_mixin.py:190} INFO - [2024-10-04T00:17:09.931+0000] {dagbag.py:588} INFO - Filling up the DagBag from /home/airflow/.local/lib/python3.12/site-packages/airflow/example_dags/example_latest_only.py
[2024-10-04T00:17:09.935+0000] {processor.py:925} INFO - DAG(s) 'latest_only' retrieved from /home/airflow/.local/lib/python3.12/site-packages/airflow/example_dags/example_latest_only.py
[2024-10-04T00:17:09.944+0000] {logging_mixin.py:190} INFO - [2024-10-04T00:17:09.944+0000] {dag.py:3239} INFO - Sync 1 DAGs
[2024-10-04T00:17:09.957+0000] {logging_mixin.py:190} INFO - [2024-10-04T00:17:09.957+0000] {dag.py:4180} INFO - Setting next_dagrun for latest_only to 2024-10-03 20:00:00+00:00, run_after=2024-10-04 00:00:00+00:00
[2024-10-04T00:17:09.967+0000] {processor.py:208} INFO - Processing /home/airflow/.local/lib/python3.12/site-packages/airflow/example_dags/example_latest_only.py took 0.040 seconds
[2024-10-04T00:17:40.536+0000] {processor.py:186} INFO - Started process (PID=97031) to work on /home/airflow/.local/lib/python3.12/site-packages/airflow/example_dags/example_latest_only.py
[2024-10-04T00:17:40.537+0000] {processor.py:914} INFO - Processing file /home/airflow/.local/lib/python3.12/site-packages/airflow/example_dags/example_latest_only.py for tasks to queue
[2024-10-04T00:17:40.537+0000] {logging_mixin.py:190} INFO - [2024-10-04T00:17:40.537+0000] {dagbag.py:588} INFO - Filling up the DagBag from /home/airflow/.local/lib/python3.12/site-packages/airflow/example_dags/example_latest_only.py
[2024-10-04T00:17:40.542+0000] {processor.py:925} INFO - DAG(s) 'latest_only' retrieved from /home/airflow/.local/lib/python3.12/site-packages/airflow/example_dags/example_latest_only.py
[2024-10-04T00:17:40.553+0000] {logging_mixin.py:190} INFO - [2024-10-04T00:17:40.552+0000] {dag.py:3239} INFO - Sync 1 DAGs
[2024-10-04T00:17:40.565+0000] {logging_mixin.py:190} INFO - [2024-10-04T00:17:40.565+0000] {dag.py:4180} INFO - Setting next_dagrun for latest_only to 2024-10-03 20:00:00+00:00, run_after=2024-10-04 00:00:00+00:00
[2024-10-04T00:17:40.576+0000] {processor.py:208} INFO - Processing /home/airflow/.local/lib/python3.12/site-packages/airflow/example_dags/example_latest_only.py took 0.043 seconds
[2024-10-04T00:18:11.060+0000] {processor.py:186} INFO - Started process (PID=97094) to work on /home/airflow/.local/lib/python3.12/site-packages/airflow/example_dags/example_latest_only.py
[2024-10-04T00:18:11.060+0000] {processor.py:914} INFO - Processing file /home/airflow/.local/lib/python3.12/site-packages/airflow/example_dags/example_latest_only.py for tasks to queue
[2024-10-04T00:18:11.061+0000] {logging_mixin.py:190} INFO - [2024-10-04T00:18:11.061+0000] {dagbag.py:588} INFO - Filling up the DagBag from /home/airflow/.local/lib/python3.12/site-packages/airflow/example_dags/example_latest_only.py
[2024-10-04T00:18:11.065+0000] {processor.py:925} INFO - DAG(s) 'latest_only' retrieved from /home/airflow/.local/lib/python3.12/site-packages/airflow/example_dags/example_latest_only.py
[2024-10-04T00:18:11.075+0000] {logging_mixin.py:190} INFO - [2024-10-04T00:18:11.075+0000] {dag.py:3239} INFO - Sync 1 DAGs
[2024-10-04T00:18:11.087+0000] {logging_mixin.py:190} INFO - [2024-10-04T00:18:11.086+0000] {dag.py:4180} INFO - Setting next_dagrun for latest_only to 2024-10-03 20:00:00+00:00, run_after=2024-10-04 00:00:00+00:00
[2024-10-04T00:18:11.096+0000] {processor.py:208} INFO - Processing /home/airflow/.local/lib/python3.12/site-packages/airflow/example_dags/example_latest_only.py took 0.040 seconds
[2024-10-04T00:18:41.406+0000] {processor.py:186} INFO - Started process (PID=97157) to work on /home/airflow/.local/lib/python3.12/site-packages/airflow/example_dags/example_latest_only.py
[2024-10-04T00:18:41.406+0000] {processor.py:914} INFO - Processing file /home/airflow/.local/lib/python3.12/site-packages/airflow/example_dags/example_latest_only.py for tasks to queue
[2024-10-04T00:18:41.407+0000] {logging_mixin.py:190} INFO - [2024-10-04T00:18:41.407+0000] {dagbag.py:588} INFO - Filling up the DagBag from /home/airflow/.local/lib/python3.12/site-packages/airflow/example_dags/example_latest_only.py
[2024-10-04T00:18:41.412+0000] {processor.py:925} INFO - DAG(s) 'latest_only' retrieved from /home/airflow/.local/lib/python3.12/site-packages/airflow/example_dags/example_latest_only.py
[2024-10-04T00:18:41.422+0000] {logging_mixin.py:190} INFO - [2024-10-04T00:18:41.422+0000] {dag.py:3239} INFO - Sync 1 DAGs
[2024-10-04T00:18:41.433+0000] {logging_mixin.py:190} INFO - [2024-10-04T00:18:41.433+0000] {dag.py:4180} INFO - Setting next_dagrun for latest_only to 2024-10-03 20:00:00+00:00, run_after=2024-10-04 00:00:00+00:00
[2024-10-04T00:18:41.444+0000] {processor.py:208} INFO - Processing /home/airflow/.local/lib/python3.12/site-packages/airflow/example_dags/example_latest_only.py took 0.041 seconds
[2024-10-04T00:19:12.293+0000] {processor.py:186} INFO - Started process (PID=97220) to work on /home/airflow/.local/lib/python3.12/site-packages/airflow/example_dags/example_latest_only.py
[2024-10-04T00:19:12.294+0000] {processor.py:914} INFO - Processing file /home/airflow/.local/lib/python3.12/site-packages/airflow/example_dags/example_latest_only.py for tasks to queue
[2024-10-04T00:19:12.294+0000] {logging_mixin.py:190} INFO - [2024-10-04T00:19:12.294+0000] {dagbag.py:588} INFO - Filling up the DagBag from /home/airflow/.local/lib/python3.12/site-packages/airflow/example_dags/example_latest_only.py
[2024-10-04T00:19:12.299+0000] {processor.py:925} INFO - DAG(s) 'latest_only' retrieved from /home/airflow/.local/lib/python3.12/site-packages/airflow/example_dags/example_latest_only.py
[2024-10-04T00:19:12.311+0000] {logging_mixin.py:190} INFO - [2024-10-04T00:19:12.311+0000] {dag.py:3239} INFO - Sync 1 DAGs
[2024-10-04T00:19:12.322+0000] {logging_mixin.py:190} INFO - [2024-10-04T00:19:12.322+0000] {dag.py:4180} INFO - Setting next_dagrun for latest_only to 2024-10-03 20:00:00+00:00, run_after=2024-10-04 00:00:00+00:00
[2024-10-04T00:19:12.331+0000] {processor.py:208} INFO - Processing /home/airflow/.local/lib/python3.12/site-packages/airflow/example_dags/example_latest_only.py took 0.041 seconds
[2024-10-04T00:19:42.731+0000] {processor.py:186} INFO - Started process (PID=97282) to work on /home/airflow/.local/lib/python3.12/site-packages/airflow/example_dags/example_latest_only.py
[2024-10-04T00:19:42.731+0000] {processor.py:914} INFO - Processing file /home/airflow/.local/lib/python3.12/site-packages/airflow/example_dags/example_latest_only.py for tasks to queue
[2024-10-04T00:19:42.732+0000] {logging_mixin.py:190} INFO - [2024-10-04T00:19:42.731+0000] {dagbag.py:588} INFO - Filling up the DagBag from /home/airflow/.local/lib/python3.12/site-packages/airflow/example_dags/example_latest_only.py
[2024-10-04T00:19:42.736+0000] {processor.py:925} INFO - DAG(s) 'latest_only' retrieved from /home/airflow/.local/lib/python3.12/site-packages/airflow/example_dags/example_latest_only.py
[2024-10-04T00:19:42.746+0000] {logging_mixin.py:190} INFO - [2024-10-04T00:19:42.746+0000] {dag.py:3239} INFO - Sync 1 DAGs
[2024-10-04T00:19:42.758+0000] {logging_mixin.py:190} INFO - [2024-10-04T00:19:42.758+0000] {dag.py:4180} INFO - Setting next_dagrun for latest_only to 2024-10-03 20:00:00+00:00, run_after=2024-10-04 00:00:00+00:00
[2024-10-04T00:19:42.768+0000] {processor.py:208} INFO - Processing /home/airflow/.local/lib/python3.12/site-packages/airflow/example_dags/example_latest_only.py took 0.040 seconds
[2024-10-04T00:20:13.356+0000] {processor.py:186} INFO - Started process (PID=97345) to work on /home/airflow/.local/lib/python3.12/site-packages/airflow/example_dags/example_latest_only.py
[2024-10-04T00:20:13.356+0000] {processor.py:914} INFO - Processing file /home/airflow/.local/lib/python3.12/site-packages/airflow/example_dags/example_latest_only.py for tasks to queue
[2024-10-04T00:20:13.357+0000] {logging_mixin.py:190} INFO - [2024-10-04T00:20:13.357+0000] {dagbag.py:588} INFO - Filling up the DagBag from /home/airflow/.local/lib/python3.12/site-packages/airflow/example_dags/example_latest_only.py
[2024-10-04T00:20:13.361+0000] {processor.py:925} INFO - DAG(s) 'latest_only' retrieved from /home/airflow/.local/lib/python3.12/site-packages/airflow/example_dags/example_latest_only.py
[2024-10-04T00:20:13.370+0000] {logging_mixin.py:190} INFO - [2024-10-04T00:20:13.370+0000] {dag.py:3239} INFO - Sync 1 DAGs
[2024-10-04T00:20:13.381+0000] {logging_mixin.py:190} INFO - [2024-10-04T00:20:13.381+0000] {dag.py:4180} INFO - Setting next_dagrun for latest_only to 2024-10-03 20:00:00+00:00, run_after=2024-10-04 00:00:00+00:00
[2024-10-04T00:20:13.390+0000] {processor.py:208} INFO - Processing /home/airflow/.local/lib/python3.12/site-packages/airflow/example_dags/example_latest_only.py took 0.037 seconds
[2024-10-04T00:20:43.743+0000] {processor.py:186} INFO - Started process (PID=97408) to work on /home/airflow/.local/lib/python3.12/site-packages/airflow/example_dags/example_latest_only.py
[2024-10-04T00:20:43.743+0000] {processor.py:914} INFO - Processing file /home/airflow/.local/lib/python3.12/site-packages/airflow/example_dags/example_latest_only.py for tasks to queue
[2024-10-04T00:20:43.744+0000] {logging_mixin.py:190} INFO - [2024-10-04T00:20:43.744+0000] {dagbag.py:588} INFO - Filling up the DagBag from /home/airflow/.local/lib/python3.12/site-packages/airflow/example_dags/example_latest_only.py
[2024-10-04T00:20:43.748+0000] {processor.py:925} INFO - DAG(s) 'latest_only' retrieved from /home/airflow/.local/lib/python3.12/site-packages/airflow/example_dags/example_latest_only.py
[2024-10-04T00:20:43.759+0000] {logging_mixin.py:190} INFO - [2024-10-04T00:20:43.759+0000] {dag.py:3239} INFO - Sync 1 DAGs
[2024-10-04T00:20:43.772+0000] {logging_mixin.py:190} INFO - [2024-10-04T00:20:43.772+0000] {dag.py:4180} INFO - Setting next_dagrun for latest_only to 2024-10-03 20:00:00+00:00, run_after=2024-10-04 00:00:00+00:00
[2024-10-04T00:20:43.785+0000] {processor.py:208} INFO - Processing /home/airflow/.local/lib/python3.12/site-packages/airflow/example_dags/example_latest_only.py took 0.045 seconds
[2024-10-04T00:21:14.486+0000] {processor.py:186} INFO - Started process (PID=97471) to work on /home/airflow/.local/lib/python3.12/site-packages/airflow/example_dags/example_latest_only.py
[2024-10-04T00:21:14.486+0000] {processor.py:914} INFO - Processing file /home/airflow/.local/lib/python3.12/site-packages/airflow/example_dags/example_latest_only.py for tasks to queue
[2024-10-04T00:21:14.487+0000] {logging_mixin.py:190} INFO - [2024-10-04T00:21:14.487+0000] {dagbag.py:588} INFO - Filling up the DagBag from /home/airflow/.local/lib/python3.12/site-packages/airflow/example_dags/example_latest_only.py
[2024-10-04T00:21:14.492+0000] {processor.py:925} INFO - DAG(s) 'latest_only' retrieved from /home/airflow/.local/lib/python3.12/site-packages/airflow/example_dags/example_latest_only.py
[2024-10-04T00:21:14.502+0000] {logging_mixin.py:190} INFO - [2024-10-04T00:21:14.502+0000] {dag.py:3239} INFO - Sync 1 DAGs
[2024-10-04T00:21:14.513+0000] {logging_mixin.py:190} INFO - [2024-10-04T00:21:14.513+0000] {dag.py:4180} INFO - Setting next_dagrun for latest_only to 2024-10-03 20:00:00+00:00, run_after=2024-10-04 00:00:00+00:00
[2024-10-04T00:21:14.522+0000] {processor.py:208} INFO - Processing /home/airflow/.local/lib/python3.12/site-packages/airflow/example_dags/example_latest_only.py took 0.039 seconds
[2024-10-04T00:21:45.523+0000] {processor.py:186} INFO - Started process (PID=97535) to work on /home/airflow/.local/lib/python3.12/site-packages/airflow/example_dags/example_latest_only.py
[2024-10-04T00:21:45.523+0000] {processor.py:914} INFO - Processing file /home/airflow/.local/lib/python3.12/site-packages/airflow/example_dags/example_latest_only.py for tasks to queue
[2024-10-04T00:21:45.524+0000] {logging_mixin.py:190} INFO - [2024-10-04T00:21:45.524+0000] {dagbag.py:588} INFO - Filling up the DagBag from /home/airflow/.local/lib/python3.12/site-packages/airflow/example_dags/example_latest_only.py
[2024-10-04T00:21:45.530+0000] {processor.py:925} INFO - DAG(s) 'latest_only' retrieved from /home/airflow/.local/lib/python3.12/site-packages/airflow/example_dags/example_latest_only.py
[2024-10-04T00:21:45.544+0000] {logging_mixin.py:190} INFO - [2024-10-04T00:21:45.544+0000] {dag.py:3239} INFO - Sync 1 DAGs
[2024-10-04T00:21:45.557+0000] {logging_mixin.py:190} INFO - [2024-10-04T00:21:45.557+0000] {dag.py:4180} INFO - Setting next_dagrun for latest_only to 2024-10-03 20:00:00+00:00, run_after=2024-10-04 00:00:00+00:00
[2024-10-04T00:21:45.571+0000] {processor.py:208} INFO - Processing /home/airflow/.local/lib/python3.12/site-packages/airflow/example_dags/example_latest_only.py took 0.052 seconds
[2024-10-04T00:22:16.561+0000] {processor.py:186} INFO - Started process (PID=97598) to work on /home/airflow/.local/lib/python3.12/site-packages/airflow/example_dags/example_latest_only.py
[2024-10-04T00:22:16.562+0000] {processor.py:914} INFO - Processing file /home/airflow/.local/lib/python3.12/site-packages/airflow/example_dags/example_latest_only.py for tasks to queue
[2024-10-04T00:22:16.564+0000] {logging_mixin.py:190} INFO - [2024-10-04T00:22:16.563+0000] {dagbag.py:588} INFO - Filling up the DagBag from /home/airflow/.local/lib/python3.12/site-packages/airflow/example_dags/example_latest_only.py
[2024-10-04T00:22:16.575+0000] {processor.py:925} INFO - DAG(s) 'latest_only' retrieved from /home/airflow/.local/lib/python3.12/site-packages/airflow/example_dags/example_latest_only.py
[2024-10-04T00:22:16.598+0000] {logging_mixin.py:190} INFO - [2024-10-04T00:22:16.598+0000] {dag.py:3239} INFO - Sync 1 DAGs
[2024-10-04T00:22:16.628+0000] {logging_mixin.py:190} INFO - [2024-10-04T00:22:16.628+0000] {dag.py:4180} INFO - Setting next_dagrun for latest_only to 2024-10-03 20:00:00+00:00, run_after=2024-10-04 00:00:00+00:00
[2024-10-04T00:22:16.661+0000] {processor.py:208} INFO - Processing /home/airflow/.local/lib/python3.12/site-packages/airflow/example_dags/example_latest_only.py took 0.108 seconds
