[2024-10-04T00:00:28.266+0000] {processor.py:186} INFO - Started process (PID=94885) to work on /home/airflow/.local/lib/python3.12/site-packages/airflow/example_dags/example_dynamic_task_mapping.py
[2024-10-04T00:00:28.267+0000] {processor.py:914} INFO - Processing file /home/airflow/.local/lib/python3.12/site-packages/airflow/example_dags/example_dynamic_task_mapping.py for tasks to queue
[2024-10-04T00:00:28.267+0000] {logging_mixin.py:190} INFO - [2024-10-04T00:00:28.267+0000] {dagbag.py:588} INFO - Filling up the DagBag from /home/airflow/.local/lib/python3.12/site-packages/airflow/example_dags/example_dynamic_task_mapping.py
[2024-10-04T00:00:28.272+0000] {processor.py:925} INFO - DAG(s) 'example_dynamic_task_mapping' retrieved from /home/airflow/.local/lib/python3.12/site-packages/airflow/example_dags/example_dynamic_task_mapping.py
[2024-10-04T00:00:28.281+0000] {logging_mixin.py:190} INFO - [2024-10-04T00:00:28.281+0000] {dag.py:3239} INFO - Sync 1 DAGs
[2024-10-04T00:00:28.287+0000] {logging_mixin.py:190} INFO - [2024-10-04T00:00:28.287+0000] {dag.py:4180} INFO - Setting next_dagrun for example_dynamic_task_mapping to None, run_after=None
[2024-10-04T00:00:28.295+0000] {processor.py:208} INFO - Processing /home/airflow/.local/lib/python3.12/site-packages/airflow/example_dags/example_dynamic_task_mapping.py took 0.031 seconds
[2024-10-04T00:00:58.452+0000] {processor.py:186} INFO - Started process (PID=94948) to work on /home/airflow/.local/lib/python3.12/site-packages/airflow/example_dags/example_dynamic_task_mapping.py
[2024-10-04T00:00:58.452+0000] {processor.py:914} INFO - Processing file /home/airflow/.local/lib/python3.12/site-packages/airflow/example_dags/example_dynamic_task_mapping.py for tasks to queue
[2024-10-04T00:00:58.453+0000] {logging_mixin.py:190} INFO - [2024-10-04T00:00:58.453+0000] {dagbag.py:588} INFO - Filling up the DagBag from /home/airflow/.local/lib/python3.12/site-packages/airflow/example_dags/example_dynamic_task_mapping.py
[2024-10-04T00:00:58.457+0000] {processor.py:925} INFO - DAG(s) 'example_dynamic_task_mapping' retrieved from /home/airflow/.local/lib/python3.12/site-packages/airflow/example_dags/example_dynamic_task_mapping.py
[2024-10-04T00:00:58.466+0000] {logging_mixin.py:190} INFO - [2024-10-04T00:00:58.466+0000] {dag.py:3239} INFO - Sync 1 DAGs
[2024-10-04T00:00:58.472+0000] {logging_mixin.py:190} INFO - [2024-10-04T00:00:58.472+0000] {dag.py:4180} INFO - Setting next_dagrun for example_dynamic_task_mapping to None, run_after=None
[2024-10-04T00:00:58.480+0000] {processor.py:208} INFO - Processing /home/airflow/.local/lib/python3.12/site-packages/airflow/example_dags/example_dynamic_task_mapping.py took 0.031 seconds
[2024-10-04T00:01:28.534+0000] {processor.py:186} INFO - Started process (PID=95010) to work on /home/airflow/.local/lib/python3.12/site-packages/airflow/example_dags/example_dynamic_task_mapping.py
[2024-10-04T00:01:28.534+0000] {processor.py:914} INFO - Processing file /home/airflow/.local/lib/python3.12/site-packages/airflow/example_dags/example_dynamic_task_mapping.py for tasks to queue
[2024-10-04T00:01:28.535+0000] {logging_mixin.py:190} INFO - [2024-10-04T00:01:28.535+0000] {dagbag.py:588} INFO - Filling up the DagBag from /home/airflow/.local/lib/python3.12/site-packages/airflow/example_dags/example_dynamic_task_mapping.py
[2024-10-04T00:01:28.539+0000] {processor.py:925} INFO - DAG(s) 'example_dynamic_task_mapping' retrieved from /home/airflow/.local/lib/python3.12/site-packages/airflow/example_dags/example_dynamic_task_mapping.py
[2024-10-04T00:01:28.547+0000] {logging_mixin.py:190} INFO - [2024-10-04T00:01:28.547+0000] {dag.py:3239} INFO - Sync 1 DAGs
[2024-10-04T00:01:28.553+0000] {logging_mixin.py:190} INFO - [2024-10-04T00:01:28.553+0000] {dag.py:4180} INFO - Setting next_dagrun for example_dynamic_task_mapping to None, run_after=None
[2024-10-04T00:01:28.561+0000] {processor.py:208} INFO - Processing /home/airflow/.local/lib/python3.12/site-packages/airflow/example_dags/example_dynamic_task_mapping.py took 0.030 seconds
[2024-10-04T00:01:58.816+0000] {processor.py:186} INFO - Started process (PID=95073) to work on /home/airflow/.local/lib/python3.12/site-packages/airflow/example_dags/example_dynamic_task_mapping.py
[2024-10-04T00:01:58.816+0000] {processor.py:914} INFO - Processing file /home/airflow/.local/lib/python3.12/site-packages/airflow/example_dags/example_dynamic_task_mapping.py for tasks to queue
[2024-10-04T00:01:58.817+0000] {logging_mixin.py:190} INFO - [2024-10-04T00:01:58.817+0000] {dagbag.py:588} INFO - Filling up the DagBag from /home/airflow/.local/lib/python3.12/site-packages/airflow/example_dags/example_dynamic_task_mapping.py
[2024-10-04T00:01:58.822+0000] {processor.py:925} INFO - DAG(s) 'example_dynamic_task_mapping' retrieved from /home/airflow/.local/lib/python3.12/site-packages/airflow/example_dags/example_dynamic_task_mapping.py
[2024-10-04T00:01:58.830+0000] {logging_mixin.py:190} INFO - [2024-10-04T00:01:58.830+0000] {dag.py:3239} INFO - Sync 1 DAGs
[2024-10-04T00:01:58.837+0000] {logging_mixin.py:190} INFO - [2024-10-04T00:01:58.837+0000] {dag.py:4180} INFO - Setting next_dagrun for example_dynamic_task_mapping to None, run_after=None
[2024-10-04T00:01:58.846+0000] {processor.py:208} INFO - Processing /home/airflow/.local/lib/python3.12/site-packages/airflow/example_dags/example_dynamic_task_mapping.py took 0.033 seconds
[2024-10-04T00:02:29.178+0000] {processor.py:186} INFO - Started process (PID=95137) to work on /home/airflow/.local/lib/python3.12/site-packages/airflow/example_dags/example_dynamic_task_mapping.py
[2024-10-04T00:02:29.179+0000] {processor.py:914} INFO - Processing file /home/airflow/.local/lib/python3.12/site-packages/airflow/example_dags/example_dynamic_task_mapping.py for tasks to queue
[2024-10-04T00:02:29.180+0000] {logging_mixin.py:190} INFO - [2024-10-04T00:02:29.179+0000] {dagbag.py:588} INFO - Filling up the DagBag from /home/airflow/.local/lib/python3.12/site-packages/airflow/example_dags/example_dynamic_task_mapping.py
[2024-10-04T00:02:29.186+0000] {processor.py:925} INFO - DAG(s) 'example_dynamic_task_mapping' retrieved from /home/airflow/.local/lib/python3.12/site-packages/airflow/example_dags/example_dynamic_task_mapping.py
[2024-10-04T00:02:29.196+0000] {logging_mixin.py:190} INFO - [2024-10-04T00:02:29.195+0000] {dag.py:3239} INFO - Sync 1 DAGs
[2024-10-04T00:02:29.203+0000] {logging_mixin.py:190} INFO - [2024-10-04T00:02:29.203+0000] {dag.py:4180} INFO - Setting next_dagrun for example_dynamic_task_mapping to None, run_after=None
[2024-10-04T00:02:29.214+0000] {processor.py:208} INFO - Processing /home/airflow/.local/lib/python3.12/site-packages/airflow/example_dags/example_dynamic_task_mapping.py took 0.039 seconds
[2024-10-04T00:02:59.344+0000] {processor.py:186} INFO - Started process (PID=95200) to work on /home/airflow/.local/lib/python3.12/site-packages/airflow/example_dags/example_dynamic_task_mapping.py
[2024-10-04T00:02:59.345+0000] {processor.py:914} INFO - Processing file /home/airflow/.local/lib/python3.12/site-packages/airflow/example_dags/example_dynamic_task_mapping.py for tasks to queue
[2024-10-04T00:02:59.346+0000] {logging_mixin.py:190} INFO - [2024-10-04T00:02:59.345+0000] {dagbag.py:588} INFO - Filling up the DagBag from /home/airflow/.local/lib/python3.12/site-packages/airflow/example_dags/example_dynamic_task_mapping.py
[2024-10-04T00:02:59.350+0000] {processor.py:925} INFO - DAG(s) 'example_dynamic_task_mapping' retrieved from /home/airflow/.local/lib/python3.12/site-packages/airflow/example_dags/example_dynamic_task_mapping.py
[2024-10-04T00:02:59.360+0000] {logging_mixin.py:190} INFO - [2024-10-04T00:02:59.359+0000] {dag.py:3239} INFO - Sync 1 DAGs
[2024-10-04T00:02:59.366+0000] {logging_mixin.py:190} INFO - [2024-10-04T00:02:59.366+0000] {dag.py:4180} INFO - Setting next_dagrun for example_dynamic_task_mapping to None, run_after=None
[2024-10-04T00:02:59.374+0000] {processor.py:208} INFO - Processing /home/airflow/.local/lib/python3.12/site-packages/airflow/example_dags/example_dynamic_task_mapping.py took 0.032 seconds
[2024-10-04T00:03:29.542+0000] {processor.py:186} INFO - Started process (PID=95263) to work on /home/airflow/.local/lib/python3.12/site-packages/airflow/example_dags/example_dynamic_task_mapping.py
[2024-10-04T00:03:29.544+0000] {processor.py:914} INFO - Processing file /home/airflow/.local/lib/python3.12/site-packages/airflow/example_dags/example_dynamic_task_mapping.py for tasks to queue
[2024-10-04T00:03:29.544+0000] {logging_mixin.py:190} INFO - [2024-10-04T00:03:29.544+0000] {dagbag.py:588} INFO - Filling up the DagBag from /home/airflow/.local/lib/python3.12/site-packages/airflow/example_dags/example_dynamic_task_mapping.py
[2024-10-04T00:03:29.549+0000] {processor.py:925} INFO - DAG(s) 'example_dynamic_task_mapping' retrieved from /home/airflow/.local/lib/python3.12/site-packages/airflow/example_dags/example_dynamic_task_mapping.py
[2024-10-04T00:03:29.558+0000] {logging_mixin.py:190} INFO - [2024-10-04T00:03:29.558+0000] {dag.py:3239} INFO - Sync 1 DAGs
[2024-10-04T00:03:29.565+0000] {logging_mixin.py:190} INFO - [2024-10-04T00:03:29.565+0000] {dag.py:4180} INFO - Setting next_dagrun for example_dynamic_task_mapping to None, run_after=None
[2024-10-04T00:03:29.574+0000] {processor.py:208} INFO - Processing /home/airflow/.local/lib/python3.12/site-packages/airflow/example_dags/example_dynamic_task_mapping.py took 0.034 seconds
[2024-10-04T00:03:59.711+0000] {processor.py:186} INFO - Started process (PID=95326) to work on /home/airflow/.local/lib/python3.12/site-packages/airflow/example_dags/example_dynamic_task_mapping.py
[2024-10-04T00:03:59.712+0000] {processor.py:914} INFO - Processing file /home/airflow/.local/lib/python3.12/site-packages/airflow/example_dags/example_dynamic_task_mapping.py for tasks to queue
[2024-10-04T00:03:59.712+0000] {logging_mixin.py:190} INFO - [2024-10-04T00:03:59.712+0000] {dagbag.py:588} INFO - Filling up the DagBag from /home/airflow/.local/lib/python3.12/site-packages/airflow/example_dags/example_dynamic_task_mapping.py
[2024-10-04T00:03:59.717+0000] {processor.py:925} INFO - DAG(s) 'example_dynamic_task_mapping' retrieved from /home/airflow/.local/lib/python3.12/site-packages/airflow/example_dags/example_dynamic_task_mapping.py
[2024-10-04T00:03:59.726+0000] {logging_mixin.py:190} INFO - [2024-10-04T00:03:59.726+0000] {dag.py:3239} INFO - Sync 1 DAGs
[2024-10-04T00:03:59.733+0000] {logging_mixin.py:190} INFO - [2024-10-04T00:03:59.733+0000] {dag.py:4180} INFO - Setting next_dagrun for example_dynamic_task_mapping to None, run_after=None
[2024-10-04T00:03:59.741+0000] {processor.py:208} INFO - Processing /home/airflow/.local/lib/python3.12/site-packages/airflow/example_dags/example_dynamic_task_mapping.py took 0.033 seconds
[2024-10-04T00:04:29.825+0000] {processor.py:186} INFO - Started process (PID=95388) to work on /home/airflow/.local/lib/python3.12/site-packages/airflow/example_dags/example_dynamic_task_mapping.py
[2024-10-04T00:04:29.826+0000] {processor.py:914} INFO - Processing file /home/airflow/.local/lib/python3.12/site-packages/airflow/example_dags/example_dynamic_task_mapping.py for tasks to queue
[2024-10-04T00:04:29.827+0000] {logging_mixin.py:190} INFO - [2024-10-04T00:04:29.826+0000] {dagbag.py:588} INFO - Filling up the DagBag from /home/airflow/.local/lib/python3.12/site-packages/airflow/example_dags/example_dynamic_task_mapping.py
[2024-10-04T00:04:29.832+0000] {processor.py:925} INFO - DAG(s) 'example_dynamic_task_mapping' retrieved from /home/airflow/.local/lib/python3.12/site-packages/airflow/example_dags/example_dynamic_task_mapping.py
[2024-10-04T00:04:29.841+0000] {logging_mixin.py:190} INFO - [2024-10-04T00:04:29.841+0000] {dag.py:3239} INFO - Sync 1 DAGs
[2024-10-04T00:04:29.848+0000] {logging_mixin.py:190} INFO - [2024-10-04T00:04:29.848+0000] {dag.py:4180} INFO - Setting next_dagrun for example_dynamic_task_mapping to None, run_after=None
[2024-10-04T00:04:29.857+0000] {processor.py:208} INFO - Processing /home/airflow/.local/lib/python3.12/site-packages/airflow/example_dags/example_dynamic_task_mapping.py took 0.035 seconds
[2024-10-04T00:05:00.148+0000] {processor.py:186} INFO - Started process (PID=95451) to work on /home/airflow/.local/lib/python3.12/site-packages/airflow/example_dags/example_dynamic_task_mapping.py
[2024-10-04T00:05:00.148+0000] {processor.py:914} INFO - Processing file /home/airflow/.local/lib/python3.12/site-packages/airflow/example_dags/example_dynamic_task_mapping.py for tasks to queue
[2024-10-04T00:05:00.149+0000] {logging_mixin.py:190} INFO - [2024-10-04T00:05:00.149+0000] {dagbag.py:588} INFO - Filling up the DagBag from /home/airflow/.local/lib/python3.12/site-packages/airflow/example_dags/example_dynamic_task_mapping.py
[2024-10-04T00:05:00.154+0000] {processor.py:925} INFO - DAG(s) 'example_dynamic_task_mapping' retrieved from /home/airflow/.local/lib/python3.12/site-packages/airflow/example_dags/example_dynamic_task_mapping.py
[2024-10-04T00:05:00.163+0000] {logging_mixin.py:190} INFO - [2024-10-04T00:05:00.162+0000] {dag.py:3239} INFO - Sync 1 DAGs
[2024-10-04T00:05:00.169+0000] {logging_mixin.py:190} INFO - [2024-10-04T00:05:00.169+0000] {dag.py:4180} INFO - Setting next_dagrun for example_dynamic_task_mapping to None, run_after=None
[2024-10-04T00:05:00.179+0000] {processor.py:208} INFO - Processing /home/airflow/.local/lib/python3.12/site-packages/airflow/example_dags/example_dynamic_task_mapping.py took 0.034 seconds
[2024-10-04T00:05:30.435+0000] {processor.py:186} INFO - Started process (PID=95515) to work on /home/airflow/.local/lib/python3.12/site-packages/airflow/example_dags/example_dynamic_task_mapping.py
[2024-10-04T00:05:30.435+0000] {processor.py:914} INFO - Processing file /home/airflow/.local/lib/python3.12/site-packages/airflow/example_dags/example_dynamic_task_mapping.py for tasks to queue
[2024-10-04T00:05:30.436+0000] {logging_mixin.py:190} INFO - [2024-10-04T00:05:30.435+0000] {dagbag.py:588} INFO - Filling up the DagBag from /home/airflow/.local/lib/python3.12/site-packages/airflow/example_dags/example_dynamic_task_mapping.py
[2024-10-04T00:05:30.441+0000] {processor.py:925} INFO - DAG(s) 'example_dynamic_task_mapping' retrieved from /home/airflow/.local/lib/python3.12/site-packages/airflow/example_dags/example_dynamic_task_mapping.py
[2024-10-04T00:05:30.450+0000] {logging_mixin.py:190} INFO - [2024-10-04T00:05:30.450+0000] {dag.py:3239} INFO - Sync 1 DAGs
[2024-10-04T00:05:30.458+0000] {logging_mixin.py:190} INFO - [2024-10-04T00:05:30.458+0000] {dag.py:4180} INFO - Setting next_dagrun for example_dynamic_task_mapping to None, run_after=None
[2024-10-04T00:05:30.467+0000] {processor.py:208} INFO - Processing /home/airflow/.local/lib/python3.12/site-packages/airflow/example_dags/example_dynamic_task_mapping.py took 0.036 seconds
[2024-10-04T00:06:00.828+0000] {processor.py:186} INFO - Started process (PID=95578) to work on /home/airflow/.local/lib/python3.12/site-packages/airflow/example_dags/example_dynamic_task_mapping.py
[2024-10-04T00:06:00.828+0000] {processor.py:914} INFO - Processing file /home/airflow/.local/lib/python3.12/site-packages/airflow/example_dags/example_dynamic_task_mapping.py for tasks to queue
[2024-10-04T00:06:00.829+0000] {logging_mixin.py:190} INFO - [2024-10-04T00:06:00.828+0000] {dagbag.py:588} INFO - Filling up the DagBag from /home/airflow/.local/lib/python3.12/site-packages/airflow/example_dags/example_dynamic_task_mapping.py
[2024-10-04T00:06:00.834+0000] {processor.py:925} INFO - DAG(s) 'example_dynamic_task_mapping' retrieved from /home/airflow/.local/lib/python3.12/site-packages/airflow/example_dags/example_dynamic_task_mapping.py
[2024-10-04T00:06:00.844+0000] {logging_mixin.py:190} INFO - [2024-10-04T00:06:00.843+0000] {dag.py:3239} INFO - Sync 1 DAGs
[2024-10-04T00:06:00.850+0000] {logging_mixin.py:190} INFO - [2024-10-04T00:06:00.850+0000] {dag.py:4180} INFO - Setting next_dagrun for example_dynamic_task_mapping to None, run_after=None
[2024-10-04T00:06:00.860+0000] {processor.py:208} INFO - Processing /home/airflow/.local/lib/python3.12/site-packages/airflow/example_dags/example_dynamic_task_mapping.py took 0.035 seconds
[2024-10-04T00:06:31.020+0000] {processor.py:186} INFO - Started process (PID=95641) to work on /home/airflow/.local/lib/python3.12/site-packages/airflow/example_dags/example_dynamic_task_mapping.py
[2024-10-04T00:06:31.021+0000] {processor.py:914} INFO - Processing file /home/airflow/.local/lib/python3.12/site-packages/airflow/example_dags/example_dynamic_task_mapping.py for tasks to queue
[2024-10-04T00:06:31.022+0000] {logging_mixin.py:190} INFO - [2024-10-04T00:06:31.021+0000] {dagbag.py:588} INFO - Filling up the DagBag from /home/airflow/.local/lib/python3.12/site-packages/airflow/example_dags/example_dynamic_task_mapping.py
[2024-10-04T00:06:31.030+0000] {processor.py:925} INFO - DAG(s) 'example_dynamic_task_mapping' retrieved from /home/airflow/.local/lib/python3.12/site-packages/airflow/example_dags/example_dynamic_task_mapping.py
[2024-10-04T00:06:31.042+0000] {logging_mixin.py:190} INFO - [2024-10-04T00:06:31.042+0000] {dag.py:3239} INFO - Sync 1 DAGs
[2024-10-04T00:06:31.049+0000] {logging_mixin.py:190} INFO - [2024-10-04T00:06:31.049+0000] {dag.py:4180} INFO - Setting next_dagrun for example_dynamic_task_mapping to None, run_after=None
[2024-10-04T00:06:31.059+0000] {processor.py:208} INFO - Processing /home/airflow/.local/lib/python3.12/site-packages/airflow/example_dags/example_dynamic_task_mapping.py took 0.045 seconds
[2024-10-04T00:07:01.299+0000] {processor.py:186} INFO - Started process (PID=95704) to work on /home/airflow/.local/lib/python3.12/site-packages/airflow/example_dags/example_dynamic_task_mapping.py
[2024-10-04T00:07:01.300+0000] {processor.py:914} INFO - Processing file /home/airflow/.local/lib/python3.12/site-packages/airflow/example_dags/example_dynamic_task_mapping.py for tasks to queue
[2024-10-04T00:07:01.300+0000] {logging_mixin.py:190} INFO - [2024-10-04T00:07:01.300+0000] {dagbag.py:588} INFO - Filling up the DagBag from /home/airflow/.local/lib/python3.12/site-packages/airflow/example_dags/example_dynamic_task_mapping.py
[2024-10-04T00:07:01.306+0000] {processor.py:925} INFO - DAG(s) 'example_dynamic_task_mapping' retrieved from /home/airflow/.local/lib/python3.12/site-packages/airflow/example_dags/example_dynamic_task_mapping.py
[2024-10-04T00:07:01.317+0000] {logging_mixin.py:190} INFO - [2024-10-04T00:07:01.317+0000] {dag.py:3239} INFO - Sync 1 DAGs
[2024-10-04T00:07:01.325+0000] {logging_mixin.py:190} INFO - [2024-10-04T00:07:01.325+0000] {dag.py:4180} INFO - Setting next_dagrun for example_dynamic_task_mapping to None, run_after=None
[2024-10-04T00:07:01.335+0000] {processor.py:208} INFO - Processing /home/airflow/.local/lib/python3.12/site-packages/airflow/example_dags/example_dynamic_task_mapping.py took 0.039 seconds
[2024-10-04T00:07:31.484+0000] {processor.py:186} INFO - Started process (PID=95767) to work on /home/airflow/.local/lib/python3.12/site-packages/airflow/example_dags/example_dynamic_task_mapping.py
[2024-10-04T00:07:31.485+0000] {processor.py:914} INFO - Processing file /home/airflow/.local/lib/python3.12/site-packages/airflow/example_dags/example_dynamic_task_mapping.py for tasks to queue
[2024-10-04T00:07:31.485+0000] {logging_mixin.py:190} INFO - [2024-10-04T00:07:31.485+0000] {dagbag.py:588} INFO - Filling up the DagBag from /home/airflow/.local/lib/python3.12/site-packages/airflow/example_dags/example_dynamic_task_mapping.py
[2024-10-04T00:07:31.491+0000] {processor.py:925} INFO - DAG(s) 'example_dynamic_task_mapping' retrieved from /home/airflow/.local/lib/python3.12/site-packages/airflow/example_dags/example_dynamic_task_mapping.py
[2024-10-04T00:07:31.500+0000] {logging_mixin.py:190} INFO - [2024-10-04T00:07:31.499+0000] {dag.py:3239} INFO - Sync 1 DAGs
[2024-10-04T00:07:31.507+0000] {logging_mixin.py:190} INFO - [2024-10-04T00:07:31.507+0000] {dag.py:4180} INFO - Setting next_dagrun for example_dynamic_task_mapping to None, run_after=None
[2024-10-04T00:07:31.517+0000] {processor.py:208} INFO - Processing /home/airflow/.local/lib/python3.12/site-packages/airflow/example_dags/example_dynamic_task_mapping.py took 0.036 seconds
[2024-10-04T00:08:01.779+0000] {processor.py:186} INFO - Started process (PID=95830) to work on /home/airflow/.local/lib/python3.12/site-packages/airflow/example_dags/example_dynamic_task_mapping.py
[2024-10-04T00:08:01.780+0000] {processor.py:914} INFO - Processing file /home/airflow/.local/lib/python3.12/site-packages/airflow/example_dags/example_dynamic_task_mapping.py for tasks to queue
[2024-10-04T00:08:01.781+0000] {logging_mixin.py:190} INFO - [2024-10-04T00:08:01.780+0000] {dagbag.py:588} INFO - Filling up the DagBag from /home/airflow/.local/lib/python3.12/site-packages/airflow/example_dags/example_dynamic_task_mapping.py
[2024-10-04T00:08:01.786+0000] {processor.py:925} INFO - DAG(s) 'example_dynamic_task_mapping' retrieved from /home/airflow/.local/lib/python3.12/site-packages/airflow/example_dags/example_dynamic_task_mapping.py
[2024-10-04T00:08:01.795+0000] {logging_mixin.py:190} INFO - [2024-10-04T00:08:01.795+0000] {dag.py:3239} INFO - Sync 1 DAGs
[2024-10-04T00:08:01.802+0000] {logging_mixin.py:190} INFO - [2024-10-04T00:08:01.802+0000] {dag.py:4180} INFO - Setting next_dagrun for example_dynamic_task_mapping to None, run_after=None
[2024-10-04T00:08:01.811+0000] {processor.py:208} INFO - Processing /home/airflow/.local/lib/python3.12/site-packages/airflow/example_dags/example_dynamic_task_mapping.py took 0.035 seconds
[2024-10-04T00:08:32.218+0000] {processor.py:186} INFO - Started process (PID=95893) to work on /home/airflow/.local/lib/python3.12/site-packages/airflow/example_dags/example_dynamic_task_mapping.py
[2024-10-04T00:08:32.218+0000] {processor.py:914} INFO - Processing file /home/airflow/.local/lib/python3.12/site-packages/airflow/example_dags/example_dynamic_task_mapping.py for tasks to queue
[2024-10-04T00:08:32.219+0000] {logging_mixin.py:190} INFO - [2024-10-04T00:08:32.219+0000] {dagbag.py:588} INFO - Filling up the DagBag from /home/airflow/.local/lib/python3.12/site-packages/airflow/example_dags/example_dynamic_task_mapping.py
[2024-10-04T00:08:32.225+0000] {processor.py:925} INFO - DAG(s) 'example_dynamic_task_mapping' retrieved from /home/airflow/.local/lib/python3.12/site-packages/airflow/example_dags/example_dynamic_task_mapping.py
[2024-10-04T00:08:32.233+0000] {logging_mixin.py:190} INFO - [2024-10-04T00:08:32.233+0000] {dag.py:3239} INFO - Sync 1 DAGs
[2024-10-04T00:08:32.241+0000] {logging_mixin.py:190} INFO - [2024-10-04T00:08:32.241+0000] {dag.py:4180} INFO - Setting next_dagrun for example_dynamic_task_mapping to None, run_after=None
[2024-10-04T00:08:32.252+0000] {processor.py:208} INFO - Processing /home/airflow/.local/lib/python3.12/site-packages/airflow/example_dags/example_dynamic_task_mapping.py took 0.038 seconds
[2024-10-04T00:09:02.519+0000] {processor.py:186} INFO - Started process (PID=95956) to work on /home/airflow/.local/lib/python3.12/site-packages/airflow/example_dags/example_dynamic_task_mapping.py
[2024-10-04T00:09:02.519+0000] {processor.py:914} INFO - Processing file /home/airflow/.local/lib/python3.12/site-packages/airflow/example_dags/example_dynamic_task_mapping.py for tasks to queue
[2024-10-04T00:09:02.520+0000] {logging_mixin.py:190} INFO - [2024-10-04T00:09:02.519+0000] {dagbag.py:588} INFO - Filling up the DagBag from /home/airflow/.local/lib/python3.12/site-packages/airflow/example_dags/example_dynamic_task_mapping.py
[2024-10-04T00:09:02.525+0000] {processor.py:925} INFO - DAG(s) 'example_dynamic_task_mapping' retrieved from /home/airflow/.local/lib/python3.12/site-packages/airflow/example_dags/example_dynamic_task_mapping.py
[2024-10-04T00:09:02.535+0000] {logging_mixin.py:190} INFO - [2024-10-04T00:09:02.535+0000] {dag.py:3239} INFO - Sync 1 DAGs
[2024-10-04T00:09:02.542+0000] {logging_mixin.py:190} INFO - [2024-10-04T00:09:02.542+0000] {dag.py:4180} INFO - Setting next_dagrun for example_dynamic_task_mapping to None, run_after=None
[2024-10-04T00:09:02.551+0000] {processor.py:208} INFO - Processing /home/airflow/.local/lib/python3.12/site-packages/airflow/example_dags/example_dynamic_task_mapping.py took 0.036 seconds
[2024-10-04T00:09:32.877+0000] {processor.py:186} INFO - Started process (PID=96019) to work on /home/airflow/.local/lib/python3.12/site-packages/airflow/example_dags/example_dynamic_task_mapping.py
[2024-10-04T00:09:32.878+0000] {processor.py:914} INFO - Processing file /home/airflow/.local/lib/python3.12/site-packages/airflow/example_dags/example_dynamic_task_mapping.py for tasks to queue
[2024-10-04T00:09:32.878+0000] {logging_mixin.py:190} INFO - [2024-10-04T00:09:32.878+0000] {dagbag.py:588} INFO - Filling up the DagBag from /home/airflow/.local/lib/python3.12/site-packages/airflow/example_dags/example_dynamic_task_mapping.py
[2024-10-04T00:09:32.884+0000] {processor.py:925} INFO - DAG(s) 'example_dynamic_task_mapping' retrieved from /home/airflow/.local/lib/python3.12/site-packages/airflow/example_dags/example_dynamic_task_mapping.py
[2024-10-04T00:09:32.895+0000] {logging_mixin.py:190} INFO - [2024-10-04T00:09:32.895+0000] {dag.py:3239} INFO - Sync 1 DAGs
[2024-10-04T00:09:32.903+0000] {logging_mixin.py:190} INFO - [2024-10-04T00:09:32.903+0000] {dag.py:4180} INFO - Setting next_dagrun for example_dynamic_task_mapping to None, run_after=None
[2024-10-04T00:09:32.914+0000] {processor.py:208} INFO - Processing /home/airflow/.local/lib/python3.12/site-packages/airflow/example_dags/example_dynamic_task_mapping.py took 0.040 seconds
[2024-10-04T00:10:03.097+0000] {processor.py:186} INFO - Started process (PID=96082) to work on /home/airflow/.local/lib/python3.12/site-packages/airflow/example_dags/example_dynamic_task_mapping.py
[2024-10-04T00:10:03.097+0000] {processor.py:914} INFO - Processing file /home/airflow/.local/lib/python3.12/site-packages/airflow/example_dags/example_dynamic_task_mapping.py for tasks to queue
[2024-10-04T00:10:03.097+0000] {logging_mixin.py:190} INFO - [2024-10-04T00:10:03.097+0000] {dagbag.py:588} INFO - Filling up the DagBag from /home/airflow/.local/lib/python3.12/site-packages/airflow/example_dags/example_dynamic_task_mapping.py
[2024-10-04T00:10:03.102+0000] {processor.py:925} INFO - DAG(s) 'example_dynamic_task_mapping' retrieved from /home/airflow/.local/lib/python3.12/site-packages/airflow/example_dags/example_dynamic_task_mapping.py
[2024-10-04T00:10:03.111+0000] {logging_mixin.py:190} INFO - [2024-10-04T00:10:03.111+0000] {dag.py:3239} INFO - Sync 1 DAGs
[2024-10-04T00:10:03.117+0000] {logging_mixin.py:190} INFO - [2024-10-04T00:10:03.117+0000] {dag.py:4180} INFO - Setting next_dagrun for example_dynamic_task_mapping to None, run_after=None
[2024-10-04T00:10:03.126+0000] {processor.py:208} INFO - Processing /home/airflow/.local/lib/python3.12/site-packages/airflow/example_dags/example_dynamic_task_mapping.py took 0.032 seconds
[2024-10-04T00:10:33.377+0000] {processor.py:186} INFO - Started process (PID=96145) to work on /home/airflow/.local/lib/python3.12/site-packages/airflow/example_dags/example_dynamic_task_mapping.py
[2024-10-04T00:10:33.378+0000] {processor.py:914} INFO - Processing file /home/airflow/.local/lib/python3.12/site-packages/airflow/example_dags/example_dynamic_task_mapping.py for tasks to queue
[2024-10-04T00:10:33.379+0000] {logging_mixin.py:190} INFO - [2024-10-04T00:10:33.378+0000] {dagbag.py:588} INFO - Filling up the DagBag from /home/airflow/.local/lib/python3.12/site-packages/airflow/example_dags/example_dynamic_task_mapping.py
[2024-10-04T00:10:33.384+0000] {processor.py:925} INFO - DAG(s) 'example_dynamic_task_mapping' retrieved from /home/airflow/.local/lib/python3.12/site-packages/airflow/example_dags/example_dynamic_task_mapping.py
[2024-10-04T00:10:33.396+0000] {logging_mixin.py:190} INFO - [2024-10-04T00:10:33.396+0000] {dag.py:3239} INFO - Sync 1 DAGs
[2024-10-04T00:10:33.403+0000] {logging_mixin.py:190} INFO - [2024-10-04T00:10:33.403+0000] {dag.py:4180} INFO - Setting next_dagrun for example_dynamic_task_mapping to None, run_after=None
[2024-10-04T00:10:33.414+0000] {processor.py:208} INFO - Processing /home/airflow/.local/lib/python3.12/site-packages/airflow/example_dags/example_dynamic_task_mapping.py took 0.041 seconds
[2024-10-04T00:11:03.769+0000] {processor.py:186} INFO - Started process (PID=96208) to work on /home/airflow/.local/lib/python3.12/site-packages/airflow/example_dags/example_dynamic_task_mapping.py
[2024-10-04T00:11:03.770+0000] {processor.py:914} INFO - Processing file /home/airflow/.local/lib/python3.12/site-packages/airflow/example_dags/example_dynamic_task_mapping.py for tasks to queue
[2024-10-04T00:11:03.771+0000] {logging_mixin.py:190} INFO - [2024-10-04T00:11:03.770+0000] {dagbag.py:588} INFO - Filling up the DagBag from /home/airflow/.local/lib/python3.12/site-packages/airflow/example_dags/example_dynamic_task_mapping.py
[2024-10-04T00:11:03.776+0000] {processor.py:925} INFO - DAG(s) 'example_dynamic_task_mapping' retrieved from /home/airflow/.local/lib/python3.12/site-packages/airflow/example_dags/example_dynamic_task_mapping.py
[2024-10-04T00:11:03.787+0000] {logging_mixin.py:190} INFO - [2024-10-04T00:11:03.787+0000] {dag.py:3239} INFO - Sync 1 DAGs
[2024-10-04T00:11:03.798+0000] {logging_mixin.py:190} INFO - [2024-10-04T00:11:03.793+0000] {dag.py:4180} INFO - Setting next_dagrun for example_dynamic_task_mapping to None, run_after=None
[2024-10-04T00:11:03.810+0000] {processor.py:208} INFO - Processing /home/airflow/.local/lib/python3.12/site-packages/airflow/example_dags/example_dynamic_task_mapping.py took 0.044 seconds
[2024-10-04T00:11:34.146+0000] {processor.py:186} INFO - Started process (PID=96271) to work on /home/airflow/.local/lib/python3.12/site-packages/airflow/example_dags/example_dynamic_task_mapping.py
[2024-10-04T00:11:34.147+0000] {processor.py:914} INFO - Processing file /home/airflow/.local/lib/python3.12/site-packages/airflow/example_dags/example_dynamic_task_mapping.py for tasks to queue
[2024-10-04T00:11:34.148+0000] {logging_mixin.py:190} INFO - [2024-10-04T00:11:34.148+0000] {dagbag.py:588} INFO - Filling up the DagBag from /home/airflow/.local/lib/python3.12/site-packages/airflow/example_dags/example_dynamic_task_mapping.py
[2024-10-04T00:11:34.153+0000] {processor.py:925} INFO - DAG(s) 'example_dynamic_task_mapping' retrieved from /home/airflow/.local/lib/python3.12/site-packages/airflow/example_dags/example_dynamic_task_mapping.py
[2024-10-04T00:11:34.163+0000] {logging_mixin.py:190} INFO - [2024-10-04T00:11:34.162+0000] {dag.py:3239} INFO - Sync 1 DAGs
[2024-10-04T00:11:34.169+0000] {logging_mixin.py:190} INFO - [2024-10-04T00:11:34.169+0000] {dag.py:4180} INFO - Setting next_dagrun for example_dynamic_task_mapping to None, run_after=None
[2024-10-04T00:11:34.179+0000] {processor.py:208} INFO - Processing /home/airflow/.local/lib/python3.12/site-packages/airflow/example_dags/example_dynamic_task_mapping.py took 0.036 seconds
[2024-10-04T00:12:04.521+0000] {processor.py:186} INFO - Started process (PID=96334) to work on /home/airflow/.local/lib/python3.12/site-packages/airflow/example_dags/example_dynamic_task_mapping.py
[2024-10-04T00:12:04.522+0000] {processor.py:914} INFO - Processing file /home/airflow/.local/lib/python3.12/site-packages/airflow/example_dags/example_dynamic_task_mapping.py for tasks to queue
[2024-10-04T00:12:04.522+0000] {logging_mixin.py:190} INFO - [2024-10-04T00:12:04.522+0000] {dagbag.py:588} INFO - Filling up the DagBag from /home/airflow/.local/lib/python3.12/site-packages/airflow/example_dags/example_dynamic_task_mapping.py
[2024-10-04T00:12:04.528+0000] {processor.py:925} INFO - DAG(s) 'example_dynamic_task_mapping' retrieved from /home/airflow/.local/lib/python3.12/site-packages/airflow/example_dags/example_dynamic_task_mapping.py
[2024-10-04T00:12:04.537+0000] {logging_mixin.py:190} INFO - [2024-10-04T00:12:04.537+0000] {dag.py:3239} INFO - Sync 1 DAGs
[2024-10-04T00:12:04.544+0000] {logging_mixin.py:190} INFO - [2024-10-04T00:12:04.544+0000] {dag.py:4180} INFO - Setting next_dagrun for example_dynamic_task_mapping to None, run_after=None
[2024-10-04T00:12:04.554+0000] {processor.py:208} INFO - Processing /home/airflow/.local/lib/python3.12/site-packages/airflow/example_dags/example_dynamic_task_mapping.py took 0.036 seconds
[2024-10-04T00:12:35.102+0000] {processor.py:186} INFO - Started process (PID=96397) to work on /home/airflow/.local/lib/python3.12/site-packages/airflow/example_dags/example_dynamic_task_mapping.py
[2024-10-04T00:12:35.102+0000] {processor.py:914} INFO - Processing file /home/airflow/.local/lib/python3.12/site-packages/airflow/example_dags/example_dynamic_task_mapping.py for tasks to queue
[2024-10-04T00:12:35.103+0000] {logging_mixin.py:190} INFO - [2024-10-04T00:12:35.103+0000] {dagbag.py:588} INFO - Filling up the DagBag from /home/airflow/.local/lib/python3.12/site-packages/airflow/example_dags/example_dynamic_task_mapping.py
[2024-10-04T00:12:35.108+0000] {processor.py:925} INFO - DAG(s) 'example_dynamic_task_mapping' retrieved from /home/airflow/.local/lib/python3.12/site-packages/airflow/example_dags/example_dynamic_task_mapping.py
[2024-10-04T00:12:35.119+0000] {logging_mixin.py:190} INFO - [2024-10-04T00:12:35.119+0000] {dag.py:3239} INFO - Sync 1 DAGs
[2024-10-04T00:12:35.126+0000] {logging_mixin.py:190} INFO - [2024-10-04T00:12:35.126+0000] {dag.py:4180} INFO - Setting next_dagrun for example_dynamic_task_mapping to None, run_after=None
[2024-10-04T00:12:35.136+0000] {processor.py:208} INFO - Processing /home/airflow/.local/lib/python3.12/site-packages/airflow/example_dags/example_dynamic_task_mapping.py took 0.038 seconds
[2024-10-04T00:13:05.494+0000] {processor.py:186} INFO - Started process (PID=96459) to work on /home/airflow/.local/lib/python3.12/site-packages/airflow/example_dags/example_dynamic_task_mapping.py
[2024-10-04T00:13:05.495+0000] {processor.py:914} INFO - Processing file /home/airflow/.local/lib/python3.12/site-packages/airflow/example_dags/example_dynamic_task_mapping.py for tasks to queue
[2024-10-04T00:13:05.496+0000] {logging_mixin.py:190} INFO - [2024-10-04T00:13:05.495+0000] {dagbag.py:588} INFO - Filling up the DagBag from /home/airflow/.local/lib/python3.12/site-packages/airflow/example_dags/example_dynamic_task_mapping.py
[2024-10-04T00:13:05.501+0000] {processor.py:925} INFO - DAG(s) 'example_dynamic_task_mapping' retrieved from /home/airflow/.local/lib/python3.12/site-packages/airflow/example_dags/example_dynamic_task_mapping.py
[2024-10-04T00:13:05.512+0000] {logging_mixin.py:190} INFO - [2024-10-04T00:13:05.512+0000] {dag.py:3239} INFO - Sync 1 DAGs
[2024-10-04T00:13:05.520+0000] {logging_mixin.py:190} INFO - [2024-10-04T00:13:05.520+0000] {dag.py:4180} INFO - Setting next_dagrun for example_dynamic_task_mapping to None, run_after=None
[2024-10-04T00:13:05.528+0000] {processor.py:208} INFO - Processing /home/airflow/.local/lib/python3.12/site-packages/airflow/example_dags/example_dynamic_task_mapping.py took 0.037 seconds
[2024-10-04T00:13:35.939+0000] {processor.py:186} INFO - Started process (PID=96522) to work on /home/airflow/.local/lib/python3.12/site-packages/airflow/example_dags/example_dynamic_task_mapping.py
[2024-10-04T00:13:35.940+0000] {processor.py:914} INFO - Processing file /home/airflow/.local/lib/python3.12/site-packages/airflow/example_dags/example_dynamic_task_mapping.py for tasks to queue
[2024-10-04T00:13:35.940+0000] {logging_mixin.py:190} INFO - [2024-10-04T00:13:35.940+0000] {dagbag.py:588} INFO - Filling up the DagBag from /home/airflow/.local/lib/python3.12/site-packages/airflow/example_dags/example_dynamic_task_mapping.py
[2024-10-04T00:13:35.946+0000] {processor.py:925} INFO - DAG(s) 'example_dynamic_task_mapping' retrieved from /home/airflow/.local/lib/python3.12/site-packages/airflow/example_dags/example_dynamic_task_mapping.py
[2024-10-04T00:13:35.956+0000] {logging_mixin.py:190} INFO - [2024-10-04T00:13:35.956+0000] {dag.py:3239} INFO - Sync 1 DAGs
[2024-10-04T00:13:35.964+0000] {logging_mixin.py:190} INFO - [2024-10-04T00:13:35.963+0000] {dag.py:4180} INFO - Setting next_dagrun for example_dynamic_task_mapping to None, run_after=None
[2024-10-04T00:13:35.974+0000] {processor.py:208} INFO - Processing /home/airflow/.local/lib/python3.12/site-packages/airflow/example_dags/example_dynamic_task_mapping.py took 0.038 seconds
[2024-10-04T00:14:06.385+0000] {processor.py:186} INFO - Started process (PID=96585) to work on /home/airflow/.local/lib/python3.12/site-packages/airflow/example_dags/example_dynamic_task_mapping.py
[2024-10-04T00:14:06.386+0000] {processor.py:914} INFO - Processing file /home/airflow/.local/lib/python3.12/site-packages/airflow/example_dags/example_dynamic_task_mapping.py for tasks to queue
[2024-10-04T00:14:06.386+0000] {logging_mixin.py:190} INFO - [2024-10-04T00:14:06.386+0000] {dagbag.py:588} INFO - Filling up the DagBag from /home/airflow/.local/lib/python3.12/site-packages/airflow/example_dags/example_dynamic_task_mapping.py
[2024-10-04T00:14:06.392+0000] {processor.py:925} INFO - DAG(s) 'example_dynamic_task_mapping' retrieved from /home/airflow/.local/lib/python3.12/site-packages/airflow/example_dags/example_dynamic_task_mapping.py
[2024-10-04T00:14:06.402+0000] {logging_mixin.py:190} INFO - [2024-10-04T00:14:06.401+0000] {dag.py:3239} INFO - Sync 1 DAGs
[2024-10-04T00:14:06.408+0000] {logging_mixin.py:190} INFO - [2024-10-04T00:14:06.408+0000] {dag.py:4180} INFO - Setting next_dagrun for example_dynamic_task_mapping to None, run_after=None
[2024-10-04T00:14:06.423+0000] {processor.py:208} INFO - Processing /home/airflow/.local/lib/python3.12/site-packages/airflow/example_dags/example_dynamic_task_mapping.py took 0.042 seconds
[2024-10-04T00:14:36.785+0000] {processor.py:186} INFO - Started process (PID=96647) to work on /home/airflow/.local/lib/python3.12/site-packages/airflow/example_dags/example_dynamic_task_mapping.py
[2024-10-04T00:14:36.786+0000] {processor.py:914} INFO - Processing file /home/airflow/.local/lib/python3.12/site-packages/airflow/example_dags/example_dynamic_task_mapping.py for tasks to queue
[2024-10-04T00:14:36.786+0000] {logging_mixin.py:190} INFO - [2024-10-04T00:14:36.786+0000] {dagbag.py:588} INFO - Filling up the DagBag from /home/airflow/.local/lib/python3.12/site-packages/airflow/example_dags/example_dynamic_task_mapping.py
[2024-10-04T00:14:36.791+0000] {processor.py:925} INFO - DAG(s) 'example_dynamic_task_mapping' retrieved from /home/airflow/.local/lib/python3.12/site-packages/airflow/example_dags/example_dynamic_task_mapping.py
[2024-10-04T00:14:36.801+0000] {logging_mixin.py:190} INFO - [2024-10-04T00:14:36.801+0000] {dag.py:3239} INFO - Sync 1 DAGs
[2024-10-04T00:14:36.807+0000] {logging_mixin.py:190} INFO - [2024-10-04T00:14:36.807+0000] {dag.py:4180} INFO - Setting next_dagrun for example_dynamic_task_mapping to None, run_after=None
[2024-10-04T00:14:36.816+0000] {processor.py:208} INFO - Processing /home/airflow/.local/lib/python3.12/site-packages/airflow/example_dags/example_dynamic_task_mapping.py took 0.035 seconds
[2024-10-04T00:15:07.335+0000] {processor.py:186} INFO - Started process (PID=96710) to work on /home/airflow/.local/lib/python3.12/site-packages/airflow/example_dags/example_dynamic_task_mapping.py
[2024-10-04T00:15:07.336+0000] {processor.py:914} INFO - Processing file /home/airflow/.local/lib/python3.12/site-packages/airflow/example_dags/example_dynamic_task_mapping.py for tasks to queue
[2024-10-04T00:15:07.337+0000] {logging_mixin.py:190} INFO - [2024-10-04T00:15:07.337+0000] {dagbag.py:588} INFO - Filling up the DagBag from /home/airflow/.local/lib/python3.12/site-packages/airflow/example_dags/example_dynamic_task_mapping.py
[2024-10-04T00:15:07.348+0000] {processor.py:925} INFO - DAG(s) 'example_dynamic_task_mapping' retrieved from /home/airflow/.local/lib/python3.12/site-packages/airflow/example_dags/example_dynamic_task_mapping.py
[2024-10-04T00:15:07.359+0000] {logging_mixin.py:190} INFO - [2024-10-04T00:15:07.359+0000] {dag.py:3239} INFO - Sync 1 DAGs
[2024-10-04T00:15:07.366+0000] {logging_mixin.py:190} INFO - [2024-10-04T00:15:07.366+0000] {dag.py:4180} INFO - Setting next_dagrun for example_dynamic_task_mapping to None, run_after=None
[2024-10-04T00:15:07.375+0000] {processor.py:208} INFO - Processing /home/airflow/.local/lib/python3.12/site-packages/airflow/example_dags/example_dynamic_task_mapping.py took 0.044 seconds
[2024-10-04T00:15:37.882+0000] {processor.py:186} INFO - Started process (PID=96773) to work on /home/airflow/.local/lib/python3.12/site-packages/airflow/example_dags/example_dynamic_task_mapping.py
[2024-10-04T00:15:37.882+0000] {processor.py:914} INFO - Processing file /home/airflow/.local/lib/python3.12/site-packages/airflow/example_dags/example_dynamic_task_mapping.py for tasks to queue
[2024-10-04T00:15:37.883+0000] {logging_mixin.py:190} INFO - [2024-10-04T00:15:37.883+0000] {dagbag.py:588} INFO - Filling up the DagBag from /home/airflow/.local/lib/python3.12/site-packages/airflow/example_dags/example_dynamic_task_mapping.py
[2024-10-04T00:15:37.889+0000] {processor.py:925} INFO - DAG(s) 'example_dynamic_task_mapping' retrieved from /home/airflow/.local/lib/python3.12/site-packages/airflow/example_dags/example_dynamic_task_mapping.py
[2024-10-04T00:15:37.904+0000] {logging_mixin.py:190} INFO - [2024-10-04T00:15:37.904+0000] {dag.py:3239} INFO - Sync 1 DAGs
[2024-10-04T00:15:37.912+0000] {logging_mixin.py:190} INFO - [2024-10-04T00:15:37.912+0000] {dag.py:4180} INFO - Setting next_dagrun for example_dynamic_task_mapping to None, run_after=None
[2024-10-04T00:15:37.921+0000] {processor.py:208} INFO - Processing /home/airflow/.local/lib/python3.12/site-packages/airflow/example_dags/example_dynamic_task_mapping.py took 0.043 seconds
[2024-10-04T00:16:08.325+0000] {processor.py:186} INFO - Started process (PID=96836) to work on /home/airflow/.local/lib/python3.12/site-packages/airflow/example_dags/example_dynamic_task_mapping.py
[2024-10-04T00:16:08.325+0000] {processor.py:914} INFO - Processing file /home/airflow/.local/lib/python3.12/site-packages/airflow/example_dags/example_dynamic_task_mapping.py for tasks to queue
[2024-10-04T00:16:08.326+0000] {logging_mixin.py:190} INFO - [2024-10-04T00:16:08.325+0000] {dagbag.py:588} INFO - Filling up the DagBag from /home/airflow/.local/lib/python3.12/site-packages/airflow/example_dags/example_dynamic_task_mapping.py
[2024-10-04T00:16:08.330+0000] {processor.py:925} INFO - DAG(s) 'example_dynamic_task_mapping' retrieved from /home/airflow/.local/lib/python3.12/site-packages/airflow/example_dags/example_dynamic_task_mapping.py
[2024-10-04T00:16:08.340+0000] {logging_mixin.py:190} INFO - [2024-10-04T00:16:08.339+0000] {dag.py:3239} INFO - Sync 1 DAGs
[2024-10-04T00:16:08.346+0000] {logging_mixin.py:190} INFO - [2024-10-04T00:16:08.346+0000] {dag.py:4180} INFO - Setting next_dagrun for example_dynamic_task_mapping to None, run_after=None
[2024-10-04T00:16:08.356+0000] {processor.py:208} INFO - Processing /home/airflow/.local/lib/python3.12/site-packages/airflow/example_dags/example_dynamic_task_mapping.py took 0.035 seconds
[2024-10-04T00:16:38.877+0000] {processor.py:186} INFO - Started process (PID=96899) to work on /home/airflow/.local/lib/python3.12/site-packages/airflow/example_dags/example_dynamic_task_mapping.py
[2024-10-04T00:16:38.878+0000] {processor.py:914} INFO - Processing file /home/airflow/.local/lib/python3.12/site-packages/airflow/example_dags/example_dynamic_task_mapping.py for tasks to queue
[2024-10-04T00:16:38.878+0000] {logging_mixin.py:190} INFO - [2024-10-04T00:16:38.878+0000] {dagbag.py:588} INFO - Filling up the DagBag from /home/airflow/.local/lib/python3.12/site-packages/airflow/example_dags/example_dynamic_task_mapping.py
[2024-10-04T00:16:38.884+0000] {processor.py:925} INFO - DAG(s) 'example_dynamic_task_mapping' retrieved from /home/airflow/.local/lib/python3.12/site-packages/airflow/example_dags/example_dynamic_task_mapping.py
[2024-10-04T00:16:38.895+0000] {logging_mixin.py:190} INFO - [2024-10-04T00:16:38.895+0000] {dag.py:3239} INFO - Sync 1 DAGs
[2024-10-04T00:16:38.902+0000] {logging_mixin.py:190} INFO - [2024-10-04T00:16:38.902+0000] {dag.py:4180} INFO - Setting next_dagrun for example_dynamic_task_mapping to None, run_after=None
[2024-10-04T00:16:38.913+0000] {processor.py:208} INFO - Processing /home/airflow/.local/lib/python3.12/site-packages/airflow/example_dags/example_dynamic_task_mapping.py took 0.039 seconds
[2024-10-04T00:17:09.536+0000] {processor.py:186} INFO - Started process (PID=96962) to work on /home/airflow/.local/lib/python3.12/site-packages/airflow/example_dags/example_dynamic_task_mapping.py
[2024-10-04T00:17:09.537+0000] {processor.py:914} INFO - Processing file /home/airflow/.local/lib/python3.12/site-packages/airflow/example_dags/example_dynamic_task_mapping.py for tasks to queue
[2024-10-04T00:17:09.538+0000] {logging_mixin.py:190} INFO - [2024-10-04T00:17:09.537+0000] {dagbag.py:588} INFO - Filling up the DagBag from /home/airflow/.local/lib/python3.12/site-packages/airflow/example_dags/example_dynamic_task_mapping.py
[2024-10-04T00:17:09.543+0000] {processor.py:925} INFO - DAG(s) 'example_dynamic_task_mapping' retrieved from /home/airflow/.local/lib/python3.12/site-packages/airflow/example_dags/example_dynamic_task_mapping.py
[2024-10-04T00:17:09.552+0000] {logging_mixin.py:190} INFO - [2024-10-04T00:17:09.552+0000] {dag.py:3239} INFO - Sync 1 DAGs
[2024-10-04T00:17:09.558+0000] {logging_mixin.py:190} INFO - [2024-10-04T00:17:09.558+0000] {dag.py:4180} INFO - Setting next_dagrun for example_dynamic_task_mapping to None, run_after=None
[2024-10-04T00:17:09.569+0000] {processor.py:208} INFO - Processing /home/airflow/.local/lib/python3.12/site-packages/airflow/example_dags/example_dynamic_task_mapping.py took 0.035 seconds
[2024-10-04T00:17:40.320+0000] {processor.py:186} INFO - Started process (PID=97026) to work on /home/airflow/.local/lib/python3.12/site-packages/airflow/example_dags/example_dynamic_task_mapping.py
[2024-10-04T00:17:40.321+0000] {processor.py:914} INFO - Processing file /home/airflow/.local/lib/python3.12/site-packages/airflow/example_dags/example_dynamic_task_mapping.py for tasks to queue
[2024-10-04T00:17:40.322+0000] {logging_mixin.py:190} INFO - [2024-10-04T00:17:40.321+0000] {dagbag.py:588} INFO - Filling up the DagBag from /home/airflow/.local/lib/python3.12/site-packages/airflow/example_dags/example_dynamic_task_mapping.py
[2024-10-04T00:17:40.328+0000] {processor.py:925} INFO - DAG(s) 'example_dynamic_task_mapping' retrieved from /home/airflow/.local/lib/python3.12/site-packages/airflow/example_dags/example_dynamic_task_mapping.py
[2024-10-04T00:17:40.338+0000] {logging_mixin.py:190} INFO - [2024-10-04T00:17:40.338+0000] {dag.py:3239} INFO - Sync 1 DAGs
[2024-10-04T00:17:40.347+0000] {logging_mixin.py:190} INFO - [2024-10-04T00:17:40.347+0000] {dag.py:4180} INFO - Setting next_dagrun for example_dynamic_task_mapping to None, run_after=None
[2024-10-04T00:17:40.359+0000] {processor.py:208} INFO - Processing /home/airflow/.local/lib/python3.12/site-packages/airflow/example_dags/example_dynamic_task_mapping.py took 0.042 seconds
[2024-10-04T00:18:10.862+0000] {processor.py:186} INFO - Started process (PID=97089) to work on /home/airflow/.local/lib/python3.12/site-packages/airflow/example_dags/example_dynamic_task_mapping.py
[2024-10-04T00:18:10.862+0000] {processor.py:914} INFO - Processing file /home/airflow/.local/lib/python3.12/site-packages/airflow/example_dags/example_dynamic_task_mapping.py for tasks to queue
[2024-10-04T00:18:10.863+0000] {logging_mixin.py:190} INFO - [2024-10-04T00:18:10.862+0000] {dagbag.py:588} INFO - Filling up the DagBag from /home/airflow/.local/lib/python3.12/site-packages/airflow/example_dags/example_dynamic_task_mapping.py
[2024-10-04T00:18:10.869+0000] {processor.py:925} INFO - DAG(s) 'example_dynamic_task_mapping' retrieved from /home/airflow/.local/lib/python3.12/site-packages/airflow/example_dags/example_dynamic_task_mapping.py
[2024-10-04T00:18:10.884+0000] {logging_mixin.py:190} INFO - [2024-10-04T00:18:10.884+0000] {dag.py:3239} INFO - Sync 1 DAGs
[2024-10-04T00:18:10.890+0000] {logging_mixin.py:190} INFO - [2024-10-04T00:18:10.890+0000] {dag.py:4180} INFO - Setting next_dagrun for example_dynamic_task_mapping to None, run_after=None
[2024-10-04T00:18:10.898+0000] {processor.py:208} INFO - Processing /home/airflow/.local/lib/python3.12/site-packages/airflow/example_dags/example_dynamic_task_mapping.py took 0.040 seconds
[2024-10-04T00:18:41.226+0000] {processor.py:186} INFO - Started process (PID=97152) to work on /home/airflow/.local/lib/python3.12/site-packages/airflow/example_dags/example_dynamic_task_mapping.py
[2024-10-04T00:18:41.227+0000] {processor.py:914} INFO - Processing file /home/airflow/.local/lib/python3.12/site-packages/airflow/example_dags/example_dynamic_task_mapping.py for tasks to queue
[2024-10-04T00:18:41.227+0000] {logging_mixin.py:190} INFO - [2024-10-04T00:18:41.227+0000] {dagbag.py:588} INFO - Filling up the DagBag from /home/airflow/.local/lib/python3.12/site-packages/airflow/example_dags/example_dynamic_task_mapping.py
[2024-10-04T00:18:41.234+0000] {processor.py:925} INFO - DAG(s) 'example_dynamic_task_mapping' retrieved from /home/airflow/.local/lib/python3.12/site-packages/airflow/example_dags/example_dynamic_task_mapping.py
[2024-10-04T00:18:41.249+0000] {logging_mixin.py:190} INFO - [2024-10-04T00:18:41.248+0000] {dag.py:3239} INFO - Sync 1 DAGs
[2024-10-04T00:18:41.259+0000] {logging_mixin.py:190} INFO - [2024-10-04T00:18:41.258+0000] {dag.py:4180} INFO - Setting next_dagrun for example_dynamic_task_mapping to None, run_after=None
[2024-10-04T00:18:41.269+0000] {processor.py:208} INFO - Processing /home/airflow/.local/lib/python3.12/site-packages/airflow/example_dags/example_dynamic_task_mapping.py took 0.047 seconds
[2024-10-04T00:19:12.141+0000] {processor.py:186} INFO - Started process (PID=97215) to work on /home/airflow/.local/lib/python3.12/site-packages/airflow/example_dags/example_dynamic_task_mapping.py
[2024-10-04T00:19:12.142+0000] {processor.py:914} INFO - Processing file /home/airflow/.local/lib/python3.12/site-packages/airflow/example_dags/example_dynamic_task_mapping.py for tasks to queue
[2024-10-04T00:19:12.142+0000] {logging_mixin.py:190} INFO - [2024-10-04T00:19:12.142+0000] {dagbag.py:588} INFO - Filling up the DagBag from /home/airflow/.local/lib/python3.12/site-packages/airflow/example_dags/example_dynamic_task_mapping.py
[2024-10-04T00:19:12.148+0000] {processor.py:925} INFO - DAG(s) 'example_dynamic_task_mapping' retrieved from /home/airflow/.local/lib/python3.12/site-packages/airflow/example_dags/example_dynamic_task_mapping.py
[2024-10-04T00:19:12.157+0000] {logging_mixin.py:190} INFO - [2024-10-04T00:19:12.157+0000] {dag.py:3239} INFO - Sync 1 DAGs
[2024-10-04T00:19:12.164+0000] {logging_mixin.py:190} INFO - [2024-10-04T00:19:12.164+0000] {dag.py:4180} INFO - Setting next_dagrun for example_dynamic_task_mapping to None, run_after=None
[2024-10-04T00:19:12.173+0000] {processor.py:208} INFO - Processing /home/airflow/.local/lib/python3.12/site-packages/airflow/example_dags/example_dynamic_task_mapping.py took 0.035 seconds
[2024-10-04T00:19:42.634+0000] {processor.py:186} INFO - Started process (PID=97278) to work on /home/airflow/.local/lib/python3.12/site-packages/airflow/example_dags/example_dynamic_task_mapping.py
[2024-10-04T00:19:42.634+0000] {processor.py:914} INFO - Processing file /home/airflow/.local/lib/python3.12/site-packages/airflow/example_dags/example_dynamic_task_mapping.py for tasks to queue
[2024-10-04T00:19:42.635+0000] {logging_mixin.py:190} INFO - [2024-10-04T00:19:42.635+0000] {dagbag.py:588} INFO - Filling up the DagBag from /home/airflow/.local/lib/python3.12/site-packages/airflow/example_dags/example_dynamic_task_mapping.py
[2024-10-04T00:19:42.640+0000] {processor.py:925} INFO - DAG(s) 'example_dynamic_task_mapping' retrieved from /home/airflow/.local/lib/python3.12/site-packages/airflow/example_dags/example_dynamic_task_mapping.py
[2024-10-04T00:19:42.650+0000] {logging_mixin.py:190} INFO - [2024-10-04T00:19:42.650+0000] {dag.py:3239} INFO - Sync 1 DAGs
[2024-10-04T00:19:42.657+0000] {logging_mixin.py:190} INFO - [2024-10-04T00:19:42.657+0000] {dag.py:4180} INFO - Setting next_dagrun for example_dynamic_task_mapping to None, run_after=None
[2024-10-04T00:19:42.668+0000] {processor.py:208} INFO - Processing /home/airflow/.local/lib/python3.12/site-packages/airflow/example_dags/example_dynamic_task_mapping.py took 0.038 seconds
[2024-10-04T00:20:13.219+0000] {processor.py:186} INFO - Started process (PID=97341) to work on /home/airflow/.local/lib/python3.12/site-packages/airflow/example_dags/example_dynamic_task_mapping.py
[2024-10-04T00:20:13.220+0000] {processor.py:914} INFO - Processing file /home/airflow/.local/lib/python3.12/site-packages/airflow/example_dags/example_dynamic_task_mapping.py for tasks to queue
[2024-10-04T00:20:13.220+0000] {logging_mixin.py:190} INFO - [2024-10-04T00:20:13.220+0000] {dagbag.py:588} INFO - Filling up the DagBag from /home/airflow/.local/lib/python3.12/site-packages/airflow/example_dags/example_dynamic_task_mapping.py
[2024-10-04T00:20:13.225+0000] {processor.py:925} INFO - DAG(s) 'example_dynamic_task_mapping' retrieved from /home/airflow/.local/lib/python3.12/site-packages/airflow/example_dags/example_dynamic_task_mapping.py
[2024-10-04T00:20:13.235+0000] {logging_mixin.py:190} INFO - [2024-10-04T00:20:13.234+0000] {dag.py:3239} INFO - Sync 1 DAGs
[2024-10-04T00:20:13.241+0000] {logging_mixin.py:190} INFO - [2024-10-04T00:20:13.241+0000] {dag.py:4180} INFO - Setting next_dagrun for example_dynamic_task_mapping to None, run_after=None
[2024-10-04T00:20:13.250+0000] {processor.py:208} INFO - Processing /home/airflow/.local/lib/python3.12/site-packages/airflow/example_dags/example_dynamic_task_mapping.py took 0.035 seconds
[2024-10-04T00:20:43.607+0000] {processor.py:186} INFO - Started process (PID=97404) to work on /home/airflow/.local/lib/python3.12/site-packages/airflow/example_dags/example_dynamic_task_mapping.py
[2024-10-04T00:20:43.607+0000] {processor.py:914} INFO - Processing file /home/airflow/.local/lib/python3.12/site-packages/airflow/example_dags/example_dynamic_task_mapping.py for tasks to queue
[2024-10-04T00:20:43.608+0000] {logging_mixin.py:190} INFO - [2024-10-04T00:20:43.608+0000] {dagbag.py:588} INFO - Filling up the DagBag from /home/airflow/.local/lib/python3.12/site-packages/airflow/example_dags/example_dynamic_task_mapping.py
[2024-10-04T00:20:43.613+0000] {processor.py:925} INFO - DAG(s) 'example_dynamic_task_mapping' retrieved from /home/airflow/.local/lib/python3.12/site-packages/airflow/example_dags/example_dynamic_task_mapping.py
[2024-10-04T00:20:43.622+0000] {logging_mixin.py:190} INFO - [2024-10-04T00:20:43.622+0000] {dag.py:3239} INFO - Sync 1 DAGs
[2024-10-04T00:20:43.629+0000] {logging_mixin.py:190} INFO - [2024-10-04T00:20:43.629+0000] {dag.py:4180} INFO - Setting next_dagrun for example_dynamic_task_mapping to None, run_after=None
[2024-10-04T00:20:43.638+0000] {processor.py:208} INFO - Processing /home/airflow/.local/lib/python3.12/site-packages/airflow/example_dags/example_dynamic_task_mapping.py took 0.035 seconds
[2024-10-04T00:21:14.391+0000] {processor.py:186} INFO - Started process (PID=97467) to work on /home/airflow/.local/lib/python3.12/site-packages/airflow/example_dags/example_dynamic_task_mapping.py
[2024-10-04T00:21:14.392+0000] {processor.py:914} INFO - Processing file /home/airflow/.local/lib/python3.12/site-packages/airflow/example_dags/example_dynamic_task_mapping.py for tasks to queue
[2024-10-04T00:21:14.393+0000] {logging_mixin.py:190} INFO - [2024-10-04T00:21:14.392+0000] {dagbag.py:588} INFO - Filling up the DagBag from /home/airflow/.local/lib/python3.12/site-packages/airflow/example_dags/example_dynamic_task_mapping.py
[2024-10-04T00:21:14.398+0000] {processor.py:925} INFO - DAG(s) 'example_dynamic_task_mapping' retrieved from /home/airflow/.local/lib/python3.12/site-packages/airflow/example_dags/example_dynamic_task_mapping.py
[2024-10-04T00:21:14.408+0000] {logging_mixin.py:190} INFO - [2024-10-04T00:21:14.408+0000] {dag.py:3239} INFO - Sync 1 DAGs
[2024-10-04T00:21:14.415+0000] {logging_mixin.py:190} INFO - [2024-10-04T00:21:14.415+0000] {dag.py:4180} INFO - Setting next_dagrun for example_dynamic_task_mapping to None, run_after=None
[2024-10-04T00:21:14.425+0000] {processor.py:208} INFO - Processing /home/airflow/.local/lib/python3.12/site-packages/airflow/example_dags/example_dynamic_task_mapping.py took 0.036 seconds
[2024-10-04T00:21:45.340+0000] {processor.py:186} INFO - Started process (PID=97530) to work on /home/airflow/.local/lib/python3.12/site-packages/airflow/example_dags/example_dynamic_task_mapping.py
[2024-10-04T00:21:45.341+0000] {processor.py:914} INFO - Processing file /home/airflow/.local/lib/python3.12/site-packages/airflow/example_dags/example_dynamic_task_mapping.py for tasks to queue
[2024-10-04T00:21:45.341+0000] {logging_mixin.py:190} INFO - [2024-10-04T00:21:45.341+0000] {dagbag.py:588} INFO - Filling up the DagBag from /home/airflow/.local/lib/python3.12/site-packages/airflow/example_dags/example_dynamic_task_mapping.py
[2024-10-04T00:21:45.348+0000] {processor.py:925} INFO - DAG(s) 'example_dynamic_task_mapping' retrieved from /home/airflow/.local/lib/python3.12/site-packages/airflow/example_dags/example_dynamic_task_mapping.py
[2024-10-04T00:21:45.358+0000] {logging_mixin.py:190} INFO - [2024-10-04T00:21:45.358+0000] {dag.py:3239} INFO - Sync 1 DAGs
[2024-10-04T00:21:45.366+0000] {logging_mixin.py:190} INFO - [2024-10-04T00:21:45.365+0000] {dag.py:4180} INFO - Setting next_dagrun for example_dynamic_task_mapping to None, run_after=None
[2024-10-04T00:21:45.376+0000] {processor.py:208} INFO - Processing /home/airflow/.local/lib/python3.12/site-packages/airflow/example_dags/example_dynamic_task_mapping.py took 0.040 seconds
[2024-10-04T00:22:16.279+0000] {processor.py:186} INFO - Started process (PID=97593) to work on /home/airflow/.local/lib/python3.12/site-packages/airflow/example_dags/example_dynamic_task_mapping.py
[2024-10-04T00:22:16.280+0000] {processor.py:914} INFO - Processing file /home/airflow/.local/lib/python3.12/site-packages/airflow/example_dags/example_dynamic_task_mapping.py for tasks to queue
[2024-10-04T00:22:16.281+0000] {logging_mixin.py:190} INFO - [2024-10-04T00:22:16.281+0000] {dagbag.py:588} INFO - Filling up the DagBag from /home/airflow/.local/lib/python3.12/site-packages/airflow/example_dags/example_dynamic_task_mapping.py
[2024-10-04T00:22:16.291+0000] {processor.py:925} INFO - DAG(s) 'example_dynamic_task_mapping' retrieved from /home/airflow/.local/lib/python3.12/site-packages/airflow/example_dags/example_dynamic_task_mapping.py
[2024-10-04T00:22:16.305+0000] {logging_mixin.py:190} INFO - [2024-10-04T00:22:16.305+0000] {dag.py:3239} INFO - Sync 1 DAGs
[2024-10-04T00:22:16.321+0000] {logging_mixin.py:190} INFO - [2024-10-04T00:22:16.321+0000] {dag.py:4180} INFO - Setting next_dagrun for example_dynamic_task_mapping to None, run_after=None
[2024-10-04T00:22:16.337+0000] {processor.py:208} INFO - Processing /home/airflow/.local/lib/python3.12/site-packages/airflow/example_dags/example_dynamic_task_mapping.py took 0.065 seconds
