[2024-10-04T00:00:26.946+0000] {processor.py:186} INFO - Started process (PID=94872) to work on /home/airflow/.local/lib/python3.12/site-packages/airflow/example_dags/example_branch_python_dop_operator_3.py
[2024-10-04T00:00:26.946+0000] {processor.py:914} INFO - Processing file /home/airflow/.local/lib/python3.12/site-packages/airflow/example_dags/example_branch_python_dop_operator_3.py for tasks to queue
[2024-10-04T00:00:26.947+0000] {logging_mixin.py:190} INFO - [2024-10-04T00:00:26.946+0000] {dagbag.py:588} INFO - Filling up the DagBag from /home/airflow/.local/lib/python3.12/site-packages/airflow/example_dags/example_branch_python_dop_operator_3.py
[2024-10-04T00:00:26.951+0000] {processor.py:925} INFO - DAG(s) 'example_branch_dop_operator_v3' retrieved from /home/airflow/.local/lib/python3.12/site-packages/airflow/example_dags/example_branch_python_dop_operator_3.py
[2024-10-04T00:00:26.960+0000] {logging_mixin.py:190} INFO - [2024-10-04T00:00:26.960+0000] {dag.py:3239} INFO - Sync 1 DAGs
[2024-10-04T00:00:26.971+0000] {logging_mixin.py:190} INFO - [2024-10-04T00:00:26.971+0000] {dag.py:4180} INFO - Setting next_dagrun for example_branch_dop_operator_v3 to 2024-10-03 23:59:00+00:00, run_after=2024-10-04 00:00:00+00:00
[2024-10-04T00:00:26.980+0000] {processor.py:208} INFO - Processing /home/airflow/.local/lib/python3.12/site-packages/airflow/example_dags/example_branch_python_dop_operator_3.py took 0.037 seconds
[2024-10-04T00:00:57.135+0000] {processor.py:186} INFO - Started process (PID=94935) to work on /home/airflow/.local/lib/python3.12/site-packages/airflow/example_dags/example_branch_python_dop_operator_3.py
[2024-10-04T00:00:57.136+0000] {processor.py:914} INFO - Processing file /home/airflow/.local/lib/python3.12/site-packages/airflow/example_dags/example_branch_python_dop_operator_3.py for tasks to queue
[2024-10-04T00:00:57.136+0000] {logging_mixin.py:190} INFO - [2024-10-04T00:00:57.136+0000] {dagbag.py:588} INFO - Filling up the DagBag from /home/airflow/.local/lib/python3.12/site-packages/airflow/example_dags/example_branch_python_dop_operator_3.py
[2024-10-04T00:00:57.140+0000] {processor.py:925} INFO - DAG(s) 'example_branch_dop_operator_v3' retrieved from /home/airflow/.local/lib/python3.12/site-packages/airflow/example_dags/example_branch_python_dop_operator_3.py
[2024-10-04T00:00:57.150+0000] {logging_mixin.py:190} INFO - [2024-10-04T00:00:57.149+0000] {dag.py:3239} INFO - Sync 1 DAGs
[2024-10-04T00:00:57.161+0000] {logging_mixin.py:190} INFO - [2024-10-04T00:00:57.161+0000] {dag.py:4180} INFO - Setting next_dagrun for example_branch_dop_operator_v3 to 2024-10-03 23:59:00+00:00, run_after=2024-10-04 00:00:00+00:00
[2024-10-04T00:00:57.170+0000] {processor.py:208} INFO - Processing /home/airflow/.local/lib/python3.12/site-packages/airflow/example_dags/example_branch_python_dop_operator_3.py took 0.037 seconds
[2024-10-04T00:01:27.297+0000] {processor.py:186} INFO - Started process (PID=94998) to work on /home/airflow/.local/lib/python3.12/site-packages/airflow/example_dags/example_branch_python_dop_operator_3.py
[2024-10-04T00:01:27.298+0000] {processor.py:914} INFO - Processing file /home/airflow/.local/lib/python3.12/site-packages/airflow/example_dags/example_branch_python_dop_operator_3.py for tasks to queue
[2024-10-04T00:01:27.299+0000] {logging_mixin.py:190} INFO - [2024-10-04T00:01:27.298+0000] {dagbag.py:588} INFO - Filling up the DagBag from /home/airflow/.local/lib/python3.12/site-packages/airflow/example_dags/example_branch_python_dop_operator_3.py
[2024-10-04T00:01:27.303+0000] {processor.py:925} INFO - DAG(s) 'example_branch_dop_operator_v3' retrieved from /home/airflow/.local/lib/python3.12/site-packages/airflow/example_dags/example_branch_python_dop_operator_3.py
[2024-10-04T00:01:27.323+0000] {logging_mixin.py:190} INFO - [2024-10-04T00:01:27.323+0000] {dag.py:3239} INFO - Sync 1 DAGs
[2024-10-04T00:01:27.335+0000] {logging_mixin.py:190} INFO - [2024-10-04T00:01:27.335+0000] {dag.py:4180} INFO - Setting next_dagrun for example_branch_dop_operator_v3 to 2024-10-04 00:00:00+00:00, run_after=2024-10-04 00:01:00+00:00
[2024-10-04T00:01:27.345+0000] {processor.py:208} INFO - Processing /home/airflow/.local/lib/python3.12/site-packages/airflow/example_dags/example_branch_python_dop_operator_3.py took 0.050 seconds
[2024-10-04T00:01:57.569+0000] {processor.py:186} INFO - Started process (PID=95061) to work on /home/airflow/.local/lib/python3.12/site-packages/airflow/example_dags/example_branch_python_dop_operator_3.py
[2024-10-04T00:01:57.569+0000] {processor.py:914} INFO - Processing file /home/airflow/.local/lib/python3.12/site-packages/airflow/example_dags/example_branch_python_dop_operator_3.py for tasks to queue
[2024-10-04T00:01:57.570+0000] {logging_mixin.py:190} INFO - [2024-10-04T00:01:57.570+0000] {dagbag.py:588} INFO - Filling up the DagBag from /home/airflow/.local/lib/python3.12/site-packages/airflow/example_dags/example_branch_python_dop_operator_3.py
[2024-10-04T00:01:57.575+0000] {processor.py:925} INFO - DAG(s) 'example_branch_dop_operator_v3' retrieved from /home/airflow/.local/lib/python3.12/site-packages/airflow/example_dags/example_branch_python_dop_operator_3.py
[2024-10-04T00:01:57.584+0000] {logging_mixin.py:190} INFO - [2024-10-04T00:01:57.584+0000] {dag.py:3239} INFO - Sync 1 DAGs
[2024-10-04T00:01:57.595+0000] {logging_mixin.py:190} INFO - [2024-10-04T00:01:57.595+0000] {dag.py:4180} INFO - Setting next_dagrun for example_branch_dop_operator_v3 to 2024-10-04 00:00:00+00:00, run_after=2024-10-04 00:01:00+00:00
[2024-10-04T00:01:57.603+0000] {processor.py:208} INFO - Processing /home/airflow/.local/lib/python3.12/site-packages/airflow/example_dags/example_branch_python_dop_operator_3.py took 0.036 seconds
[2024-10-04T00:02:27.806+0000] {processor.py:186} INFO - Started process (PID=95124) to work on /home/airflow/.local/lib/python3.12/site-packages/airflow/example_dags/example_branch_python_dop_operator_3.py
[2024-10-04T00:02:27.807+0000] {processor.py:914} INFO - Processing file /home/airflow/.local/lib/python3.12/site-packages/airflow/example_dags/example_branch_python_dop_operator_3.py for tasks to queue
[2024-10-04T00:02:27.807+0000] {logging_mixin.py:190} INFO - [2024-10-04T00:02:27.807+0000] {dagbag.py:588} INFO - Filling up the DagBag from /home/airflow/.local/lib/python3.12/site-packages/airflow/example_dags/example_branch_python_dop_operator_3.py
[2024-10-04T00:02:27.813+0000] {processor.py:925} INFO - DAG(s) 'example_branch_dop_operator_v3' retrieved from /home/airflow/.local/lib/python3.12/site-packages/airflow/example_dags/example_branch_python_dop_operator_3.py
[2024-10-04T00:02:27.822+0000] {logging_mixin.py:190} INFO - [2024-10-04T00:02:27.822+0000] {dag.py:3239} INFO - Sync 1 DAGs
[2024-10-04T00:02:27.833+0000] {logging_mixin.py:190} INFO - [2024-10-04T00:02:27.833+0000] {dag.py:4180} INFO - Setting next_dagrun for example_branch_dop_operator_v3 to 2024-10-04 00:01:00+00:00, run_after=2024-10-04 00:02:00+00:00
[2024-10-04T00:02:27.842+0000] {processor.py:208} INFO - Processing /home/airflow/.local/lib/python3.12/site-packages/airflow/example_dags/example_branch_python_dop_operator_3.py took 0.038 seconds
[2024-10-04T00:02:58.041+0000] {processor.py:186} INFO - Started process (PID=95193) to work on /home/airflow/.local/lib/python3.12/site-packages/airflow/example_dags/example_branch_python_dop_operator_3.py
[2024-10-04T00:02:58.042+0000] {processor.py:914} INFO - Processing file /home/airflow/.local/lib/python3.12/site-packages/airflow/example_dags/example_branch_python_dop_operator_3.py for tasks to queue
[2024-10-04T00:02:58.043+0000] {logging_mixin.py:190} INFO - [2024-10-04T00:02:58.042+0000] {dagbag.py:588} INFO - Filling up the DagBag from /home/airflow/.local/lib/python3.12/site-packages/airflow/example_dags/example_branch_python_dop_operator_3.py
[2024-10-04T00:02:58.048+0000] {processor.py:925} INFO - DAG(s) 'example_branch_dop_operator_v3' retrieved from /home/airflow/.local/lib/python3.12/site-packages/airflow/example_dags/example_branch_python_dop_operator_3.py
[2024-10-04T00:02:58.056+0000] {logging_mixin.py:190} INFO - [2024-10-04T00:02:58.056+0000] {dag.py:3239} INFO - Sync 1 DAGs
[2024-10-04T00:02:58.067+0000] {logging_mixin.py:190} INFO - [2024-10-04T00:02:58.067+0000] {dag.py:4180} INFO - Setting next_dagrun for example_branch_dop_operator_v3 to 2024-10-04 00:01:00+00:00, run_after=2024-10-04 00:02:00+00:00
[2024-10-04T00:02:58.078+0000] {processor.py:208} INFO - Processing /home/airflow/.local/lib/python3.12/site-packages/airflow/example_dags/example_branch_python_dop_operator_3.py took 0.040 seconds
[2024-10-04T00:03:28.225+0000] {processor.py:186} INFO - Started process (PID=95256) to work on /home/airflow/.local/lib/python3.12/site-packages/airflow/example_dags/example_branch_python_dop_operator_3.py
[2024-10-04T00:03:28.225+0000] {processor.py:914} INFO - Processing file /home/airflow/.local/lib/python3.12/site-packages/airflow/example_dags/example_branch_python_dop_operator_3.py for tasks to queue
[2024-10-04T00:03:28.226+0000] {logging_mixin.py:190} INFO - [2024-10-04T00:03:28.226+0000] {dagbag.py:588} INFO - Filling up the DagBag from /home/airflow/.local/lib/python3.12/site-packages/airflow/example_dags/example_branch_python_dop_operator_3.py
[2024-10-04T00:03:28.231+0000] {processor.py:925} INFO - DAG(s) 'example_branch_dop_operator_v3' retrieved from /home/airflow/.local/lib/python3.12/site-packages/airflow/example_dags/example_branch_python_dop_operator_3.py
[2024-10-04T00:03:28.240+0000] {logging_mixin.py:190} INFO - [2024-10-04T00:03:28.240+0000] {dag.py:3239} INFO - Sync 1 DAGs
[2024-10-04T00:03:28.251+0000] {logging_mixin.py:190} INFO - [2024-10-04T00:03:28.251+0000] {dag.py:4180} INFO - Setting next_dagrun for example_branch_dop_operator_v3 to 2024-10-04 00:02:00+00:00, run_after=2024-10-04 00:03:00+00:00
[2024-10-04T00:03:28.263+0000] {processor.py:208} INFO - Processing /home/airflow/.local/lib/python3.12/site-packages/airflow/example_dags/example_branch_python_dop_operator_3.py took 0.041 seconds
[2024-10-04T00:03:58.356+0000] {processor.py:186} INFO - Started process (PID=95319) to work on /home/airflow/.local/lib/python3.12/site-packages/airflow/example_dags/example_branch_python_dop_operator_3.py
[2024-10-04T00:03:58.357+0000] {processor.py:914} INFO - Processing file /home/airflow/.local/lib/python3.12/site-packages/airflow/example_dags/example_branch_python_dop_operator_3.py for tasks to queue
[2024-10-04T00:03:58.357+0000] {logging_mixin.py:190} INFO - [2024-10-04T00:03:58.357+0000] {dagbag.py:588} INFO - Filling up the DagBag from /home/airflow/.local/lib/python3.12/site-packages/airflow/example_dags/example_branch_python_dop_operator_3.py
[2024-10-04T00:03:58.362+0000] {processor.py:925} INFO - DAG(s) 'example_branch_dop_operator_v3' retrieved from /home/airflow/.local/lib/python3.12/site-packages/airflow/example_dags/example_branch_python_dop_operator_3.py
[2024-10-04T00:03:58.371+0000] {logging_mixin.py:190} INFO - [2024-10-04T00:03:58.370+0000] {dag.py:3239} INFO - Sync 1 DAGs
[2024-10-04T00:03:58.383+0000] {logging_mixin.py:190} INFO - [2024-10-04T00:03:58.382+0000] {dag.py:4180} INFO - Setting next_dagrun for example_branch_dop_operator_v3 to 2024-10-04 00:02:00+00:00, run_after=2024-10-04 00:03:00+00:00
[2024-10-04T00:03:58.392+0000] {processor.py:208} INFO - Processing /home/airflow/.local/lib/python3.12/site-packages/airflow/example_dags/example_branch_python_dop_operator_3.py took 0.039 seconds
[2024-10-04T00:04:28.476+0000] {processor.py:186} INFO - Started process (PID=95382) to work on /home/airflow/.local/lib/python3.12/site-packages/airflow/example_dags/example_branch_python_dop_operator_3.py
[2024-10-04T00:04:28.476+0000] {processor.py:914} INFO - Processing file /home/airflow/.local/lib/python3.12/site-packages/airflow/example_dags/example_branch_python_dop_operator_3.py for tasks to queue
[2024-10-04T00:04:28.477+0000] {logging_mixin.py:190} INFO - [2024-10-04T00:04:28.477+0000] {dagbag.py:588} INFO - Filling up the DagBag from /home/airflow/.local/lib/python3.12/site-packages/airflow/example_dags/example_branch_python_dop_operator_3.py
[2024-10-04T00:04:28.482+0000] {processor.py:925} INFO - DAG(s) 'example_branch_dop_operator_v3' retrieved from /home/airflow/.local/lib/python3.12/site-packages/airflow/example_dags/example_branch_python_dop_operator_3.py
[2024-10-04T00:04:28.492+0000] {logging_mixin.py:190} INFO - [2024-10-04T00:04:28.492+0000] {dag.py:3239} INFO - Sync 1 DAGs
[2024-10-04T00:04:28.505+0000] {logging_mixin.py:190} INFO - [2024-10-04T00:04:28.505+0000] {dag.py:4180} INFO - Setting next_dagrun for example_branch_dop_operator_v3 to 2024-10-04 00:03:00+00:00, run_after=2024-10-04 00:04:00+00:00
[2024-10-04T00:04:28.516+0000] {processor.py:208} INFO - Processing /home/airflow/.local/lib/python3.12/site-packages/airflow/example_dags/example_branch_python_dop_operator_3.py took 0.043 seconds
[2024-10-04T00:04:58.928+0000] {processor.py:186} INFO - Started process (PID=95445) to work on /home/airflow/.local/lib/python3.12/site-packages/airflow/example_dags/example_branch_python_dop_operator_3.py
[2024-10-04T00:04:58.928+0000] {processor.py:914} INFO - Processing file /home/airflow/.local/lib/python3.12/site-packages/airflow/example_dags/example_branch_python_dop_operator_3.py for tasks to queue
[2024-10-04T00:04:58.929+0000] {logging_mixin.py:190} INFO - [2024-10-04T00:04:58.929+0000] {dagbag.py:588} INFO - Filling up the DagBag from /home/airflow/.local/lib/python3.12/site-packages/airflow/example_dags/example_branch_python_dop_operator_3.py
[2024-10-04T00:04:58.934+0000] {processor.py:925} INFO - DAG(s) 'example_branch_dop_operator_v3' retrieved from /home/airflow/.local/lib/python3.12/site-packages/airflow/example_dags/example_branch_python_dop_operator_3.py
[2024-10-04T00:04:58.943+0000] {logging_mixin.py:190} INFO - [2024-10-04T00:04:58.943+0000] {dag.py:3239} INFO - Sync 1 DAGs
[2024-10-04T00:04:58.955+0000] {logging_mixin.py:190} INFO - [2024-10-04T00:04:58.954+0000] {dag.py:4180} INFO - Setting next_dagrun for example_branch_dop_operator_v3 to 2024-10-04 00:03:00+00:00, run_after=2024-10-04 00:04:00+00:00
[2024-10-04T00:04:58.964+0000] {processor.py:208} INFO - Processing /home/airflow/.local/lib/python3.12/site-packages/airflow/example_dags/example_branch_python_dop_operator_3.py took 0.039 seconds
[2024-10-04T00:05:29.095+0000] {processor.py:186} INFO - Started process (PID=95508) to work on /home/airflow/.local/lib/python3.12/site-packages/airflow/example_dags/example_branch_python_dop_operator_3.py
[2024-10-04T00:05:29.095+0000] {processor.py:914} INFO - Processing file /home/airflow/.local/lib/python3.12/site-packages/airflow/example_dags/example_branch_python_dop_operator_3.py for tasks to queue
[2024-10-04T00:05:29.096+0000] {logging_mixin.py:190} INFO - [2024-10-04T00:05:29.096+0000] {dagbag.py:588} INFO - Filling up the DagBag from /home/airflow/.local/lib/python3.12/site-packages/airflow/example_dags/example_branch_python_dop_operator_3.py
[2024-10-04T00:05:29.102+0000] {processor.py:925} INFO - DAG(s) 'example_branch_dop_operator_v3' retrieved from /home/airflow/.local/lib/python3.12/site-packages/airflow/example_dags/example_branch_python_dop_operator_3.py
[2024-10-04T00:05:29.113+0000] {logging_mixin.py:190} INFO - [2024-10-04T00:05:29.113+0000] {dag.py:3239} INFO - Sync 1 DAGs
[2024-10-04T00:05:29.125+0000] {logging_mixin.py:190} INFO - [2024-10-04T00:05:29.125+0000] {dag.py:4180} INFO - Setting next_dagrun for example_branch_dop_operator_v3 to 2024-10-04 00:04:00+00:00, run_after=2024-10-04 00:05:00+00:00
[2024-10-04T00:05:29.135+0000] {processor.py:208} INFO - Processing /home/airflow/.local/lib/python3.12/site-packages/airflow/example_dags/example_branch_python_dop_operator_3.py took 0.044 seconds
[2024-10-04T00:05:59.525+0000] {processor.py:186} INFO - Started process (PID=95571) to work on /home/airflow/.local/lib/python3.12/site-packages/airflow/example_dags/example_branch_python_dop_operator_3.py
[2024-10-04T00:05:59.525+0000] {processor.py:914} INFO - Processing file /home/airflow/.local/lib/python3.12/site-packages/airflow/example_dags/example_branch_python_dop_operator_3.py for tasks to queue
[2024-10-04T00:05:59.526+0000] {logging_mixin.py:190} INFO - [2024-10-04T00:05:59.526+0000] {dagbag.py:588} INFO - Filling up the DagBag from /home/airflow/.local/lib/python3.12/site-packages/airflow/example_dags/example_branch_python_dop_operator_3.py
[2024-10-04T00:05:59.531+0000] {processor.py:925} INFO - DAG(s) 'example_branch_dop_operator_v3' retrieved from /home/airflow/.local/lib/python3.12/site-packages/airflow/example_dags/example_branch_python_dop_operator_3.py
[2024-10-04T00:05:59.540+0000] {logging_mixin.py:190} INFO - [2024-10-04T00:05:59.540+0000] {dag.py:3239} INFO - Sync 1 DAGs
[2024-10-04T00:05:59.552+0000] {logging_mixin.py:190} INFO - [2024-10-04T00:05:59.552+0000] {dag.py:4180} INFO - Setting next_dagrun for example_branch_dop_operator_v3 to 2024-10-04 00:04:00+00:00, run_after=2024-10-04 00:05:00+00:00
[2024-10-04T00:05:59.561+0000] {processor.py:208} INFO - Processing /home/airflow/.local/lib/python3.12/site-packages/airflow/example_dags/example_branch_python_dop_operator_3.py took 0.039 seconds
[2024-10-04T00:06:29.610+0000] {processor.py:186} INFO - Started process (PID=95634) to work on /home/airflow/.local/lib/python3.12/site-packages/airflow/example_dags/example_branch_python_dop_operator_3.py
[2024-10-04T00:06:29.611+0000] {processor.py:914} INFO - Processing file /home/airflow/.local/lib/python3.12/site-packages/airflow/example_dags/example_branch_python_dop_operator_3.py for tasks to queue
[2024-10-04T00:06:29.611+0000] {logging_mixin.py:190} INFO - [2024-10-04T00:06:29.611+0000] {dagbag.py:588} INFO - Filling up the DagBag from /home/airflow/.local/lib/python3.12/site-packages/airflow/example_dags/example_branch_python_dop_operator_3.py
[2024-10-04T00:06:29.616+0000] {processor.py:925} INFO - DAG(s) 'example_branch_dop_operator_v3' retrieved from /home/airflow/.local/lib/python3.12/site-packages/airflow/example_dags/example_branch_python_dop_operator_3.py
[2024-10-04T00:06:29.625+0000] {logging_mixin.py:190} INFO - [2024-10-04T00:06:29.625+0000] {dag.py:3239} INFO - Sync 1 DAGs
[2024-10-04T00:06:29.638+0000] {logging_mixin.py:190} INFO - [2024-10-04T00:06:29.638+0000] {dag.py:4180} INFO - Setting next_dagrun for example_branch_dop_operator_v3 to 2024-10-04 00:05:00+00:00, run_after=2024-10-04 00:06:00+00:00
[2024-10-04T00:06:29.649+0000] {processor.py:208} INFO - Processing /home/airflow/.local/lib/python3.12/site-packages/airflow/example_dags/example_branch_python_dop_operator_3.py took 0.042 seconds
[2024-10-04T00:06:59.903+0000] {processor.py:186} INFO - Started process (PID=95697) to work on /home/airflow/.local/lib/python3.12/site-packages/airflow/example_dags/example_branch_python_dop_operator_3.py
[2024-10-04T00:06:59.903+0000] {processor.py:914} INFO - Processing file /home/airflow/.local/lib/python3.12/site-packages/airflow/example_dags/example_branch_python_dop_operator_3.py for tasks to queue
[2024-10-04T00:06:59.904+0000] {logging_mixin.py:190} INFO - [2024-10-04T00:06:59.904+0000] {dagbag.py:588} INFO - Filling up the DagBag from /home/airflow/.local/lib/python3.12/site-packages/airflow/example_dags/example_branch_python_dop_operator_3.py
[2024-10-04T00:06:59.909+0000] {processor.py:925} INFO - DAG(s) 'example_branch_dop_operator_v3' retrieved from /home/airflow/.local/lib/python3.12/site-packages/airflow/example_dags/example_branch_python_dop_operator_3.py
[2024-10-04T00:06:59.919+0000] {logging_mixin.py:190} INFO - [2024-10-04T00:06:59.919+0000] {dag.py:3239} INFO - Sync 1 DAGs
[2024-10-04T00:06:59.931+0000] {logging_mixin.py:190} INFO - [2024-10-04T00:06:59.931+0000] {dag.py:4180} INFO - Setting next_dagrun for example_branch_dop_operator_v3 to 2024-10-04 00:05:00+00:00, run_after=2024-10-04 00:06:00+00:00
[2024-10-04T00:06:59.940+0000] {processor.py:208} INFO - Processing /home/airflow/.local/lib/python3.12/site-packages/airflow/example_dags/example_branch_python_dop_operator_3.py took 0.041 seconds
[2024-10-04T00:07:30.196+0000] {processor.py:186} INFO - Started process (PID=95760) to work on /home/airflow/.local/lib/python3.12/site-packages/airflow/example_dags/example_branch_python_dop_operator_3.py
[2024-10-04T00:07:30.197+0000] {processor.py:914} INFO - Processing file /home/airflow/.local/lib/python3.12/site-packages/airflow/example_dags/example_branch_python_dop_operator_3.py for tasks to queue
[2024-10-04T00:07:30.197+0000] {logging_mixin.py:190} INFO - [2024-10-04T00:07:30.197+0000] {dagbag.py:588} INFO - Filling up the DagBag from /home/airflow/.local/lib/python3.12/site-packages/airflow/example_dags/example_branch_python_dop_operator_3.py
[2024-10-04T00:07:30.203+0000] {processor.py:925} INFO - DAG(s) 'example_branch_dop_operator_v3' retrieved from /home/airflow/.local/lib/python3.12/site-packages/airflow/example_dags/example_branch_python_dop_operator_3.py
[2024-10-04T00:07:30.213+0000] {logging_mixin.py:190} INFO - [2024-10-04T00:07:30.213+0000] {dag.py:3239} INFO - Sync 1 DAGs
[2024-10-04T00:07:30.226+0000] {logging_mixin.py:190} INFO - [2024-10-04T00:07:30.226+0000] {dag.py:4180} INFO - Setting next_dagrun for example_branch_dop_operator_v3 to 2024-10-04 00:06:00+00:00, run_after=2024-10-04 00:07:00+00:00
[2024-10-04T00:07:30.236+0000] {processor.py:208} INFO - Processing /home/airflow/.local/lib/python3.12/site-packages/airflow/example_dags/example_branch_python_dop_operator_3.py took 0.043 seconds
[2024-10-04T00:08:00.407+0000] {processor.py:186} INFO - Started process (PID=95823) to work on /home/airflow/.local/lib/python3.12/site-packages/airflow/example_dags/example_branch_python_dop_operator_3.py
[2024-10-04T00:08:00.408+0000] {processor.py:914} INFO - Processing file /home/airflow/.local/lib/python3.12/site-packages/airflow/example_dags/example_branch_python_dop_operator_3.py for tasks to queue
[2024-10-04T00:08:00.409+0000] {logging_mixin.py:190} INFO - [2024-10-04T00:08:00.408+0000] {dagbag.py:588} INFO - Filling up the DagBag from /home/airflow/.local/lib/python3.12/site-packages/airflow/example_dags/example_branch_python_dop_operator_3.py
[2024-10-04T00:08:00.414+0000] {processor.py:925} INFO - DAG(s) 'example_branch_dop_operator_v3' retrieved from /home/airflow/.local/lib/python3.12/site-packages/airflow/example_dags/example_branch_python_dop_operator_3.py
[2024-10-04T00:08:00.425+0000] {logging_mixin.py:190} INFO - [2024-10-04T00:08:00.425+0000] {dag.py:3239} INFO - Sync 1 DAGs
[2024-10-04T00:08:00.438+0000] {logging_mixin.py:190} INFO - [2024-10-04T00:08:00.438+0000] {dag.py:4180} INFO - Setting next_dagrun for example_branch_dop_operator_v3 to 2024-10-04 00:07:00+00:00, run_after=2024-10-04 00:08:00+00:00
[2024-10-04T00:08:00.449+0000] {processor.py:208} INFO - Processing /home/airflow/.local/lib/python3.12/site-packages/airflow/example_dags/example_branch_python_dop_operator_3.py took 0.046 seconds
[2024-10-04T00:08:30.835+0000] {processor.py:186} INFO - Started process (PID=95886) to work on /home/airflow/.local/lib/python3.12/site-packages/airflow/example_dags/example_branch_python_dop_operator_3.py
[2024-10-04T00:08:30.836+0000] {processor.py:914} INFO - Processing file /home/airflow/.local/lib/python3.12/site-packages/airflow/example_dags/example_branch_python_dop_operator_3.py for tasks to queue
[2024-10-04T00:08:30.837+0000] {logging_mixin.py:190} INFO - [2024-10-04T00:08:30.836+0000] {dagbag.py:588} INFO - Filling up the DagBag from /home/airflow/.local/lib/python3.12/site-packages/airflow/example_dags/example_branch_python_dop_operator_3.py
[2024-10-04T00:08:30.842+0000] {processor.py:925} INFO - DAG(s) 'example_branch_dop_operator_v3' retrieved from /home/airflow/.local/lib/python3.12/site-packages/airflow/example_dags/example_branch_python_dop_operator_3.py
[2024-10-04T00:08:30.853+0000] {logging_mixin.py:190} INFO - [2024-10-04T00:08:30.853+0000] {dag.py:3239} INFO - Sync 1 DAGs
[2024-10-04T00:08:30.868+0000] {logging_mixin.py:190} INFO - [2024-10-04T00:08:30.868+0000] {dag.py:4180} INFO - Setting next_dagrun for example_branch_dop_operator_v3 to 2024-10-04 00:07:00+00:00, run_after=2024-10-04 00:08:00+00:00
[2024-10-04T00:08:30.878+0000] {processor.py:208} INFO - Processing /home/airflow/.local/lib/python3.12/site-packages/airflow/example_dags/example_branch_python_dop_operator_3.py took 0.046 seconds
[2024-10-04T00:09:01.138+0000] {processor.py:186} INFO - Started process (PID=95949) to work on /home/airflow/.local/lib/python3.12/site-packages/airflow/example_dags/example_branch_python_dop_operator_3.py
[2024-10-04T00:09:01.139+0000] {processor.py:914} INFO - Processing file /home/airflow/.local/lib/python3.12/site-packages/airflow/example_dags/example_branch_python_dop_operator_3.py for tasks to queue
[2024-10-04T00:09:01.140+0000] {logging_mixin.py:190} INFO - [2024-10-04T00:09:01.140+0000] {dagbag.py:588} INFO - Filling up the DagBag from /home/airflow/.local/lib/python3.12/site-packages/airflow/example_dags/example_branch_python_dop_operator_3.py
[2024-10-04T00:09:01.146+0000] {processor.py:925} INFO - DAG(s) 'example_branch_dop_operator_v3' retrieved from /home/airflow/.local/lib/python3.12/site-packages/airflow/example_dags/example_branch_python_dop_operator_3.py
[2024-10-04T00:09:01.156+0000] {logging_mixin.py:190} INFO - [2024-10-04T00:09:01.156+0000] {dag.py:3239} INFO - Sync 1 DAGs
[2024-10-04T00:09:01.167+0000] {logging_mixin.py:190} INFO - [2024-10-04T00:09:01.167+0000] {dag.py:4180} INFO - Setting next_dagrun for example_branch_dop_operator_v3 to 2024-10-04 00:08:00+00:00, run_after=2024-10-04 00:09:00+00:00
[2024-10-04T00:09:01.177+0000] {processor.py:208} INFO - Processing /home/airflow/.local/lib/python3.12/site-packages/airflow/example_dags/example_branch_python_dop_operator_3.py took 0.042 seconds
[2024-10-04T00:09:31.374+0000] {processor.py:186} INFO - Started process (PID=96012) to work on /home/airflow/.local/lib/python3.12/site-packages/airflow/example_dags/example_branch_python_dop_operator_3.py
[2024-10-04T00:09:31.375+0000] {processor.py:914} INFO - Processing file /home/airflow/.local/lib/python3.12/site-packages/airflow/example_dags/example_branch_python_dop_operator_3.py for tasks to queue
[2024-10-04T00:09:31.376+0000] {logging_mixin.py:190} INFO - [2024-10-04T00:09:31.375+0000] {dagbag.py:588} INFO - Filling up the DagBag from /home/airflow/.local/lib/python3.12/site-packages/airflow/example_dags/example_branch_python_dop_operator_3.py
[2024-10-04T00:09:31.382+0000] {processor.py:925} INFO - DAG(s) 'example_branch_dop_operator_v3' retrieved from /home/airflow/.local/lib/python3.12/site-packages/airflow/example_dags/example_branch_python_dop_operator_3.py
[2024-10-04T00:09:31.393+0000] {logging_mixin.py:190} INFO - [2024-10-04T00:09:31.392+0000] {dag.py:3239} INFO - Sync 1 DAGs
[2024-10-04T00:09:31.406+0000] {logging_mixin.py:190} INFO - [2024-10-04T00:09:31.406+0000] {dag.py:4180} INFO - Setting next_dagrun for example_branch_dop_operator_v3 to 2024-10-04 00:08:00+00:00, run_after=2024-10-04 00:09:00+00:00
[2024-10-04T00:09:31.416+0000] {processor.py:208} INFO - Processing /home/airflow/.local/lib/python3.12/site-packages/airflow/example_dags/example_branch_python_dop_operator_3.py took 0.045 seconds
[2024-10-04T00:10:01.770+0000] {processor.py:186} INFO - Started process (PID=96075) to work on /home/airflow/.local/lib/python3.12/site-packages/airflow/example_dags/example_branch_python_dop_operator_3.py
[2024-10-04T00:10:01.770+0000] {processor.py:914} INFO - Processing file /home/airflow/.local/lib/python3.12/site-packages/airflow/example_dags/example_branch_python_dop_operator_3.py for tasks to queue
[2024-10-04T00:10:01.771+0000] {logging_mixin.py:190} INFO - [2024-10-04T00:10:01.770+0000] {dagbag.py:588} INFO - Filling up the DagBag from /home/airflow/.local/lib/python3.12/site-packages/airflow/example_dags/example_branch_python_dop_operator_3.py
[2024-10-04T00:10:01.776+0000] {processor.py:925} INFO - DAG(s) 'example_branch_dop_operator_v3' retrieved from /home/airflow/.local/lib/python3.12/site-packages/airflow/example_dags/example_branch_python_dop_operator_3.py
[2024-10-04T00:10:01.786+0000] {logging_mixin.py:190} INFO - [2024-10-04T00:10:01.786+0000] {dag.py:3239} INFO - Sync 1 DAGs
[2024-10-04T00:10:01.800+0000] {logging_mixin.py:190} INFO - [2024-10-04T00:10:01.799+0000] {dag.py:4180} INFO - Setting next_dagrun for example_branch_dop_operator_v3 to 2024-10-04 00:09:00+00:00, run_after=2024-10-04 00:10:00+00:00
[2024-10-04T00:10:01.809+0000] {processor.py:208} INFO - Processing /home/airflow/.local/lib/python3.12/site-packages/airflow/example_dags/example_branch_python_dop_operator_3.py took 0.043 seconds
[2024-10-04T00:10:32.008+0000] {processor.py:186} INFO - Started process (PID=96138) to work on /home/airflow/.local/lib/python3.12/site-packages/airflow/example_dags/example_branch_python_dop_operator_3.py
[2024-10-04T00:10:32.009+0000] {processor.py:914} INFO - Processing file /home/airflow/.local/lib/python3.12/site-packages/airflow/example_dags/example_branch_python_dop_operator_3.py for tasks to queue
[2024-10-04T00:10:32.009+0000] {logging_mixin.py:190} INFO - [2024-10-04T00:10:32.009+0000] {dagbag.py:588} INFO - Filling up the DagBag from /home/airflow/.local/lib/python3.12/site-packages/airflow/example_dags/example_branch_python_dop_operator_3.py
[2024-10-04T00:10:32.014+0000] {processor.py:925} INFO - DAG(s) 'example_branch_dop_operator_v3' retrieved from /home/airflow/.local/lib/python3.12/site-packages/airflow/example_dags/example_branch_python_dop_operator_3.py
[2024-10-04T00:10:32.025+0000] {logging_mixin.py:190} INFO - [2024-10-04T00:10:32.025+0000] {dag.py:3239} INFO - Sync 1 DAGs
[2024-10-04T00:10:32.037+0000] {logging_mixin.py:190} INFO - [2024-10-04T00:10:32.037+0000] {dag.py:4180} INFO - Setting next_dagrun for example_branch_dop_operator_v3 to 2024-10-04 00:09:00+00:00, run_after=2024-10-04 00:10:00+00:00
[2024-10-04T00:10:32.048+0000] {processor.py:208} INFO - Processing /home/airflow/.local/lib/python3.12/site-packages/airflow/example_dags/example_branch_python_dop_operator_3.py took 0.043 seconds
[2024-10-04T00:11:02.349+0000] {processor.py:186} INFO - Started process (PID=96201) to work on /home/airflow/.local/lib/python3.12/site-packages/airflow/example_dags/example_branch_python_dop_operator_3.py
[2024-10-04T00:11:02.350+0000] {processor.py:914} INFO - Processing file /home/airflow/.local/lib/python3.12/site-packages/airflow/example_dags/example_branch_python_dop_operator_3.py for tasks to queue
[2024-10-04T00:11:02.350+0000] {logging_mixin.py:190} INFO - [2024-10-04T00:11:02.350+0000] {dagbag.py:588} INFO - Filling up the DagBag from /home/airflow/.local/lib/python3.12/site-packages/airflow/example_dags/example_branch_python_dop_operator_3.py
[2024-10-04T00:11:02.355+0000] {processor.py:925} INFO - DAG(s) 'example_branch_dop_operator_v3' retrieved from /home/airflow/.local/lib/python3.12/site-packages/airflow/example_dags/example_branch_python_dop_operator_3.py
[2024-10-04T00:11:02.364+0000] {logging_mixin.py:190} INFO - [2024-10-04T00:11:02.364+0000] {dag.py:3239} INFO - Sync 1 DAGs
[2024-10-04T00:11:02.376+0000] {logging_mixin.py:190} INFO - [2024-10-04T00:11:02.376+0000] {dag.py:4180} INFO - Setting next_dagrun for example_branch_dop_operator_v3 to 2024-10-04 00:10:00+00:00, run_after=2024-10-04 00:11:00+00:00
[2024-10-04T00:11:02.385+0000] {processor.py:208} INFO - Processing /home/airflow/.local/lib/python3.12/site-packages/airflow/example_dags/example_branch_python_dop_operator_3.py took 0.039 seconds
[2024-10-04T00:11:32.674+0000] {processor.py:186} INFO - Started process (PID=96263) to work on /home/airflow/.local/lib/python3.12/site-packages/airflow/example_dags/example_branch_python_dop_operator_3.py
[2024-10-04T00:11:32.675+0000] {processor.py:914} INFO - Processing file /home/airflow/.local/lib/python3.12/site-packages/airflow/example_dags/example_branch_python_dop_operator_3.py for tasks to queue
[2024-10-04T00:11:32.676+0000] {logging_mixin.py:190} INFO - [2024-10-04T00:11:32.675+0000] {dagbag.py:588} INFO - Filling up the DagBag from /home/airflow/.local/lib/python3.12/site-packages/airflow/example_dags/example_branch_python_dop_operator_3.py
[2024-10-04T00:11:32.680+0000] {processor.py:925} INFO - DAG(s) 'example_branch_dop_operator_v3' retrieved from /home/airflow/.local/lib/python3.12/site-packages/airflow/example_dags/example_branch_python_dop_operator_3.py
[2024-10-04T00:11:32.691+0000] {logging_mixin.py:190} INFO - [2024-10-04T00:11:32.691+0000] {dag.py:3239} INFO - Sync 1 DAGs
[2024-10-04T00:11:32.706+0000] {logging_mixin.py:190} INFO - [2024-10-04T00:11:32.705+0000] {dag.py:4180} INFO - Setting next_dagrun for example_branch_dop_operator_v3 to 2024-10-04 00:10:00+00:00, run_after=2024-10-04 00:11:00+00:00
[2024-10-04T00:11:32.716+0000] {processor.py:208} INFO - Processing /home/airflow/.local/lib/python3.12/site-packages/airflow/example_dags/example_branch_python_dop_operator_3.py took 0.045 seconds
[2024-10-04T00:12:03.165+0000] {processor.py:186} INFO - Started process (PID=96327) to work on /home/airflow/.local/lib/python3.12/site-packages/airflow/example_dags/example_branch_python_dop_operator_3.py
[2024-10-04T00:12:03.166+0000] {processor.py:914} INFO - Processing file /home/airflow/.local/lib/python3.12/site-packages/airflow/example_dags/example_branch_python_dop_operator_3.py for tasks to queue
[2024-10-04T00:12:03.166+0000] {logging_mixin.py:190} INFO - [2024-10-04T00:12:03.166+0000] {dagbag.py:588} INFO - Filling up the DagBag from /home/airflow/.local/lib/python3.12/site-packages/airflow/example_dags/example_branch_python_dop_operator_3.py
[2024-10-04T00:12:03.172+0000] {processor.py:925} INFO - DAG(s) 'example_branch_dop_operator_v3' retrieved from /home/airflow/.local/lib/python3.12/site-packages/airflow/example_dags/example_branch_python_dop_operator_3.py
[2024-10-04T00:12:03.182+0000] {logging_mixin.py:190} INFO - [2024-10-04T00:12:03.182+0000] {dag.py:3239} INFO - Sync 1 DAGs
[2024-10-04T00:12:03.194+0000] {logging_mixin.py:190} INFO - [2024-10-04T00:12:03.194+0000] {dag.py:4180} INFO - Setting next_dagrun for example_branch_dop_operator_v3 to 2024-10-04 00:11:00+00:00, run_after=2024-10-04 00:12:00+00:00
[2024-10-04T00:12:03.204+0000] {processor.py:208} INFO - Processing /home/airflow/.local/lib/python3.12/site-packages/airflow/example_dags/example_branch_python_dop_operator_3.py took 0.043 seconds
[2024-10-04T00:12:33.614+0000] {processor.py:186} INFO - Started process (PID=96390) to work on /home/airflow/.local/lib/python3.12/site-packages/airflow/example_dags/example_branch_python_dop_operator_3.py
[2024-10-04T00:12:33.614+0000] {processor.py:914} INFO - Processing file /home/airflow/.local/lib/python3.12/site-packages/airflow/example_dags/example_branch_python_dop_operator_3.py for tasks to queue
[2024-10-04T00:12:33.615+0000] {logging_mixin.py:190} INFO - [2024-10-04T00:12:33.614+0000] {dagbag.py:588} INFO - Filling up the DagBag from /home/airflow/.local/lib/python3.12/site-packages/airflow/example_dags/example_branch_python_dop_operator_3.py
[2024-10-04T00:12:33.620+0000] {processor.py:925} INFO - DAG(s) 'example_branch_dop_operator_v3' retrieved from /home/airflow/.local/lib/python3.12/site-packages/airflow/example_dags/example_branch_python_dop_operator_3.py
[2024-10-04T00:12:33.630+0000] {logging_mixin.py:190} INFO - [2024-10-04T00:12:33.630+0000] {dag.py:3239} INFO - Sync 1 DAGs
[2024-10-04T00:12:33.642+0000] {logging_mixin.py:190} INFO - [2024-10-04T00:12:33.642+0000] {dag.py:4180} INFO - Setting next_dagrun for example_branch_dop_operator_v3 to 2024-10-04 00:11:00+00:00, run_after=2024-10-04 00:12:00+00:00
[2024-10-04T00:12:33.652+0000] {processor.py:208} INFO - Processing /home/airflow/.local/lib/python3.12/site-packages/airflow/example_dags/example_branch_python_dop_operator_3.py took 0.041 seconds
[2024-10-04T00:13:04.092+0000] {processor.py:186} INFO - Started process (PID=96453) to work on /home/airflow/.local/lib/python3.12/site-packages/airflow/example_dags/example_branch_python_dop_operator_3.py
[2024-10-04T00:13:04.093+0000] {processor.py:914} INFO - Processing file /home/airflow/.local/lib/python3.12/site-packages/airflow/example_dags/example_branch_python_dop_operator_3.py for tasks to queue
[2024-10-04T00:13:04.094+0000] {logging_mixin.py:190} INFO - [2024-10-04T00:13:04.093+0000] {dagbag.py:588} INFO - Filling up the DagBag from /home/airflow/.local/lib/python3.12/site-packages/airflow/example_dags/example_branch_python_dop_operator_3.py
[2024-10-04T00:13:04.099+0000] {processor.py:925} INFO - DAG(s) 'example_branch_dop_operator_v3' retrieved from /home/airflow/.local/lib/python3.12/site-packages/airflow/example_dags/example_branch_python_dop_operator_3.py
[2024-10-04T00:13:04.110+0000] {logging_mixin.py:190} INFO - [2024-10-04T00:13:04.110+0000] {dag.py:3239} INFO - Sync 1 DAGs
[2024-10-04T00:13:04.123+0000] {logging_mixin.py:190} INFO - [2024-10-04T00:13:04.123+0000] {dag.py:4180} INFO - Setting next_dagrun for example_branch_dop_operator_v3 to 2024-10-04 00:12:00+00:00, run_after=2024-10-04 00:13:00+00:00
[2024-10-04T00:13:04.133+0000] {processor.py:208} INFO - Processing /home/airflow/.local/lib/python3.12/site-packages/airflow/example_dags/example_branch_python_dop_operator_3.py took 0.044 seconds
[2024-10-04T00:13:34.651+0000] {processor.py:186} INFO - Started process (PID=96516) to work on /home/airflow/.local/lib/python3.12/site-packages/airflow/example_dags/example_branch_python_dop_operator_3.py
[2024-10-04T00:13:34.651+0000] {processor.py:914} INFO - Processing file /home/airflow/.local/lib/python3.12/site-packages/airflow/example_dags/example_branch_python_dop_operator_3.py for tasks to queue
[2024-10-04T00:13:34.652+0000] {logging_mixin.py:190} INFO - [2024-10-04T00:13:34.652+0000] {dagbag.py:588} INFO - Filling up the DagBag from /home/airflow/.local/lib/python3.12/site-packages/airflow/example_dags/example_branch_python_dop_operator_3.py
[2024-10-04T00:13:34.658+0000] {processor.py:925} INFO - DAG(s) 'example_branch_dop_operator_v3' retrieved from /home/airflow/.local/lib/python3.12/site-packages/airflow/example_dags/example_branch_python_dop_operator_3.py
[2024-10-04T00:13:34.669+0000] {logging_mixin.py:190} INFO - [2024-10-04T00:13:34.668+0000] {dag.py:3239} INFO - Sync 1 DAGs
[2024-10-04T00:13:34.681+0000] {logging_mixin.py:190} INFO - [2024-10-04T00:13:34.681+0000] {dag.py:4180} INFO - Setting next_dagrun for example_branch_dop_operator_v3 to 2024-10-04 00:12:00+00:00, run_after=2024-10-04 00:13:00+00:00
[2024-10-04T00:13:34.691+0000] {processor.py:208} INFO - Processing /home/airflow/.local/lib/python3.12/site-packages/airflow/example_dags/example_branch_python_dop_operator_3.py took 0.045 seconds
[2024-10-04T00:14:04.974+0000] {processor.py:186} INFO - Started process (PID=96579) to work on /home/airflow/.local/lib/python3.12/site-packages/airflow/example_dags/example_branch_python_dop_operator_3.py
[2024-10-04T00:14:04.975+0000] {processor.py:914} INFO - Processing file /home/airflow/.local/lib/python3.12/site-packages/airflow/example_dags/example_branch_python_dop_operator_3.py for tasks to queue
[2024-10-04T00:14:04.976+0000] {logging_mixin.py:190} INFO - [2024-10-04T00:14:04.975+0000] {dagbag.py:588} INFO - Filling up the DagBag from /home/airflow/.local/lib/python3.12/site-packages/airflow/example_dags/example_branch_python_dop_operator_3.py
[2024-10-04T00:14:04.981+0000] {processor.py:925} INFO - DAG(s) 'example_branch_dop_operator_v3' retrieved from /home/airflow/.local/lib/python3.12/site-packages/airflow/example_dags/example_branch_python_dop_operator_3.py
[2024-10-04T00:14:04.990+0000] {logging_mixin.py:190} INFO - [2024-10-04T00:14:04.990+0000] {dag.py:3239} INFO - Sync 1 DAGs
[2024-10-04T00:14:05.003+0000] {logging_mixin.py:190} INFO - [2024-10-04T00:14:05.003+0000] {dag.py:4180} INFO - Setting next_dagrun for example_branch_dop_operator_v3 to 2024-10-04 00:13:00+00:00, run_after=2024-10-04 00:14:00+00:00
[2024-10-04T00:14:05.012+0000] {processor.py:208} INFO - Processing /home/airflow/.local/lib/python3.12/site-packages/airflow/example_dags/example_branch_python_dop_operator_3.py took 0.041 seconds
[2024-10-04T00:14:35.356+0000] {processor.py:186} INFO - Started process (PID=96641) to work on /home/airflow/.local/lib/python3.12/site-packages/airflow/example_dags/example_branch_python_dop_operator_3.py
[2024-10-04T00:14:35.357+0000] {processor.py:914} INFO - Processing file /home/airflow/.local/lib/python3.12/site-packages/airflow/example_dags/example_branch_python_dop_operator_3.py for tasks to queue
[2024-10-04T00:14:35.357+0000] {logging_mixin.py:190} INFO - [2024-10-04T00:14:35.357+0000] {dagbag.py:588} INFO - Filling up the DagBag from /home/airflow/.local/lib/python3.12/site-packages/airflow/example_dags/example_branch_python_dop_operator_3.py
[2024-10-04T00:14:35.363+0000] {processor.py:925} INFO - DAG(s) 'example_branch_dop_operator_v3' retrieved from /home/airflow/.local/lib/python3.12/site-packages/airflow/example_dags/example_branch_python_dop_operator_3.py
[2024-10-04T00:14:35.373+0000] {logging_mixin.py:190} INFO - [2024-10-04T00:14:35.373+0000] {dag.py:3239} INFO - Sync 1 DAGs
[2024-10-04T00:14:35.387+0000] {logging_mixin.py:190} INFO - [2024-10-04T00:14:35.387+0000] {dag.py:4180} INFO - Setting next_dagrun for example_branch_dop_operator_v3 to 2024-10-04 00:13:00+00:00, run_after=2024-10-04 00:14:00+00:00
[2024-10-04T00:14:35.397+0000] {processor.py:208} INFO - Processing /home/airflow/.local/lib/python3.12/site-packages/airflow/example_dags/example_branch_python_dop_operator_3.py took 0.045 seconds
[2024-10-04T00:15:05.940+0000] {processor.py:186} INFO - Started process (PID=96704) to work on /home/airflow/.local/lib/python3.12/site-packages/airflow/example_dags/example_branch_python_dop_operator_3.py
[2024-10-04T00:15:05.940+0000] {processor.py:914} INFO - Processing file /home/airflow/.local/lib/python3.12/site-packages/airflow/example_dags/example_branch_python_dop_operator_3.py for tasks to queue
[2024-10-04T00:15:05.941+0000] {logging_mixin.py:190} INFO - [2024-10-04T00:15:05.941+0000] {dagbag.py:588} INFO - Filling up the DagBag from /home/airflow/.local/lib/python3.12/site-packages/airflow/example_dags/example_branch_python_dop_operator_3.py
[2024-10-04T00:15:05.946+0000] {processor.py:925} INFO - DAG(s) 'example_branch_dop_operator_v3' retrieved from /home/airflow/.local/lib/python3.12/site-packages/airflow/example_dags/example_branch_python_dop_operator_3.py
[2024-10-04T00:15:05.956+0000] {logging_mixin.py:190} INFO - [2024-10-04T00:15:05.956+0000] {dag.py:3239} INFO - Sync 1 DAGs
[2024-10-04T00:15:05.969+0000] {logging_mixin.py:190} INFO - [2024-10-04T00:15:05.969+0000] {dag.py:4180} INFO - Setting next_dagrun for example_branch_dop_operator_v3 to 2024-10-04 00:14:00+00:00, run_after=2024-10-04 00:15:00+00:00
[2024-10-04T00:15:05.979+0000] {processor.py:208} INFO - Processing /home/airflow/.local/lib/python3.12/site-packages/airflow/example_dags/example_branch_python_dop_operator_3.py took 0.042 seconds
[2024-10-04T00:15:36.490+0000] {processor.py:186} INFO - Started process (PID=96767) to work on /home/airflow/.local/lib/python3.12/site-packages/airflow/example_dags/example_branch_python_dop_operator_3.py
[2024-10-04T00:15:36.490+0000] {processor.py:914} INFO - Processing file /home/airflow/.local/lib/python3.12/site-packages/airflow/example_dags/example_branch_python_dop_operator_3.py for tasks to queue
[2024-10-04T00:15:36.491+0000] {logging_mixin.py:190} INFO - [2024-10-04T00:15:36.491+0000] {dagbag.py:588} INFO - Filling up the DagBag from /home/airflow/.local/lib/python3.12/site-packages/airflow/example_dags/example_branch_python_dop_operator_3.py
[2024-10-04T00:15:36.496+0000] {processor.py:925} INFO - DAG(s) 'example_branch_dop_operator_v3' retrieved from /home/airflow/.local/lib/python3.12/site-packages/airflow/example_dags/example_branch_python_dop_operator_3.py
[2024-10-04T00:15:36.507+0000] {logging_mixin.py:190} INFO - [2024-10-04T00:15:36.507+0000] {dag.py:3239} INFO - Sync 1 DAGs
[2024-10-04T00:15:36.520+0000] {logging_mixin.py:190} INFO - [2024-10-04T00:15:36.520+0000] {dag.py:4180} INFO - Setting next_dagrun for example_branch_dop_operator_v3 to 2024-10-04 00:14:00+00:00, run_after=2024-10-04 00:15:00+00:00
[2024-10-04T00:15:36.530+0000] {processor.py:208} INFO - Processing /home/airflow/.local/lib/python3.12/site-packages/airflow/example_dags/example_branch_python_dop_operator_3.py took 0.045 seconds
[2024-10-04T00:16:06.953+0000] {processor.py:186} INFO - Started process (PID=96830) to work on /home/airflow/.local/lib/python3.12/site-packages/airflow/example_dags/example_branch_python_dop_operator_3.py
[2024-10-04T00:16:06.953+0000] {processor.py:914} INFO - Processing file /home/airflow/.local/lib/python3.12/site-packages/airflow/example_dags/example_branch_python_dop_operator_3.py for tasks to queue
[2024-10-04T00:16:06.954+0000] {logging_mixin.py:190} INFO - [2024-10-04T00:16:06.953+0000] {dagbag.py:588} INFO - Filling up the DagBag from /home/airflow/.local/lib/python3.12/site-packages/airflow/example_dags/example_branch_python_dop_operator_3.py
[2024-10-04T00:16:06.959+0000] {processor.py:925} INFO - DAG(s) 'example_branch_dop_operator_v3' retrieved from /home/airflow/.local/lib/python3.12/site-packages/airflow/example_dags/example_branch_python_dop_operator_3.py
[2024-10-04T00:16:06.971+0000] {logging_mixin.py:190} INFO - [2024-10-04T00:16:06.971+0000] {dag.py:3239} INFO - Sync 1 DAGs
[2024-10-04T00:16:06.984+0000] {logging_mixin.py:190} INFO - [2024-10-04T00:16:06.984+0000] {dag.py:4180} INFO - Setting next_dagrun for example_branch_dop_operator_v3 to 2024-10-04 00:15:00+00:00, run_after=2024-10-04 00:16:00+00:00
[2024-10-04T00:16:06.995+0000] {processor.py:208} INFO - Processing /home/airflow/.local/lib/python3.12/site-packages/airflow/example_dags/example_branch_python_dop_operator_3.py took 0.046 seconds
[2024-10-04T00:16:37.509+0000] {processor.py:186} INFO - Started process (PID=96893) to work on /home/airflow/.local/lib/python3.12/site-packages/airflow/example_dags/example_branch_python_dop_operator_3.py
[2024-10-04T00:16:37.510+0000] {processor.py:914} INFO - Processing file /home/airflow/.local/lib/python3.12/site-packages/airflow/example_dags/example_branch_python_dop_operator_3.py for tasks to queue
[2024-10-04T00:16:37.510+0000] {logging_mixin.py:190} INFO - [2024-10-04T00:16:37.510+0000] {dagbag.py:588} INFO - Filling up the DagBag from /home/airflow/.local/lib/python3.12/site-packages/airflow/example_dags/example_branch_python_dop_operator_3.py
[2024-10-04T00:16:37.515+0000] {processor.py:925} INFO - DAG(s) 'example_branch_dop_operator_v3' retrieved from /home/airflow/.local/lib/python3.12/site-packages/airflow/example_dags/example_branch_python_dop_operator_3.py
[2024-10-04T00:16:37.525+0000] {logging_mixin.py:190} INFO - [2024-10-04T00:16:37.525+0000] {dag.py:3239} INFO - Sync 1 DAGs
[2024-10-04T00:16:37.537+0000] {logging_mixin.py:190} INFO - [2024-10-04T00:16:37.537+0000] {dag.py:4180} INFO - Setting next_dagrun for example_branch_dop_operator_v3 to 2024-10-04 00:15:00+00:00, run_after=2024-10-04 00:16:00+00:00
[2024-10-04T00:16:37.547+0000] {processor.py:208} INFO - Processing /home/airflow/.local/lib/python3.12/site-packages/airflow/example_dags/example_branch_python_dop_operator_3.py took 0.041 seconds
[2024-10-04T00:17:08.144+0000] {processor.py:186} INFO - Started process (PID=96956) to work on /home/airflow/.local/lib/python3.12/site-packages/airflow/example_dags/example_branch_python_dop_operator_3.py
[2024-10-04T00:17:08.144+0000] {processor.py:914} INFO - Processing file /home/airflow/.local/lib/python3.12/site-packages/airflow/example_dags/example_branch_python_dop_operator_3.py for tasks to queue
[2024-10-04T00:17:08.145+0000] {logging_mixin.py:190} INFO - [2024-10-04T00:17:08.144+0000] {dagbag.py:588} INFO - Filling up the DagBag from /home/airflow/.local/lib/python3.12/site-packages/airflow/example_dags/example_branch_python_dop_operator_3.py
[2024-10-04T00:17:08.149+0000] {processor.py:925} INFO - DAG(s) 'example_branch_dop_operator_v3' retrieved from /home/airflow/.local/lib/python3.12/site-packages/airflow/example_dags/example_branch_python_dop_operator_3.py
[2024-10-04T00:17:08.158+0000] {logging_mixin.py:190} INFO - [2024-10-04T00:17:08.158+0000] {dag.py:3239} INFO - Sync 1 DAGs
[2024-10-04T00:17:08.169+0000] {logging_mixin.py:190} INFO - [2024-10-04T00:17:08.169+0000] {dag.py:4180} INFO - Setting next_dagrun for example_branch_dop_operator_v3 to 2024-10-04 00:16:00+00:00, run_after=2024-10-04 00:17:00+00:00
[2024-10-04T00:17:08.178+0000] {processor.py:208} INFO - Processing /home/airflow/.local/lib/python3.12/site-packages/airflow/example_dags/example_branch_python_dop_operator_3.py took 0.037 seconds
[2024-10-04T00:17:38.847+0000] {processor.py:186} INFO - Started process (PID=97019) to work on /home/airflow/.local/lib/python3.12/site-packages/airflow/example_dags/example_branch_python_dop_operator_3.py
[2024-10-04T00:17:38.848+0000] {processor.py:914} INFO - Processing file /home/airflow/.local/lib/python3.12/site-packages/airflow/example_dags/example_branch_python_dop_operator_3.py for tasks to queue
[2024-10-04T00:17:38.848+0000] {logging_mixin.py:190} INFO - [2024-10-04T00:17:38.848+0000] {dagbag.py:588} INFO - Filling up the DagBag from /home/airflow/.local/lib/python3.12/site-packages/airflow/example_dags/example_branch_python_dop_operator_3.py
[2024-10-04T00:17:38.853+0000] {processor.py:925} INFO - DAG(s) 'example_branch_dop_operator_v3' retrieved from /home/airflow/.local/lib/python3.12/site-packages/airflow/example_dags/example_branch_python_dop_operator_3.py
[2024-10-04T00:17:38.863+0000] {logging_mixin.py:190} INFO - [2024-10-04T00:17:38.863+0000] {dag.py:3239} INFO - Sync 1 DAGs
[2024-10-04T00:17:38.875+0000] {logging_mixin.py:190} INFO - [2024-10-04T00:17:38.875+0000] {dag.py:4180} INFO - Setting next_dagrun for example_branch_dop_operator_v3 to 2024-10-04 00:16:00+00:00, run_after=2024-10-04 00:17:00+00:00
[2024-10-04T00:17:38.884+0000] {processor.py:208} INFO - Processing /home/airflow/.local/lib/python3.12/site-packages/airflow/example_dags/example_branch_python_dop_operator_3.py took 0.040 seconds
[2024-10-04T00:18:09.373+0000] {processor.py:186} INFO - Started process (PID=97082) to work on /home/airflow/.local/lib/python3.12/site-packages/airflow/example_dags/example_branch_python_dop_operator_3.py
[2024-10-04T00:18:09.373+0000] {processor.py:914} INFO - Processing file /home/airflow/.local/lib/python3.12/site-packages/airflow/example_dags/example_branch_python_dop_operator_3.py for tasks to queue
[2024-10-04T00:18:09.374+0000] {logging_mixin.py:190} INFO - [2024-10-04T00:18:09.374+0000] {dagbag.py:588} INFO - Filling up the DagBag from /home/airflow/.local/lib/python3.12/site-packages/airflow/example_dags/example_branch_python_dop_operator_3.py
[2024-10-04T00:18:09.378+0000] {processor.py:925} INFO - DAG(s) 'example_branch_dop_operator_v3' retrieved from /home/airflow/.local/lib/python3.12/site-packages/airflow/example_dags/example_branch_python_dop_operator_3.py
[2024-10-04T00:18:09.387+0000] {logging_mixin.py:190} INFO - [2024-10-04T00:18:09.387+0000] {dag.py:3239} INFO - Sync 1 DAGs
[2024-10-04T00:18:09.399+0000] {logging_mixin.py:190} INFO - [2024-10-04T00:18:09.399+0000] {dag.py:4180} INFO - Setting next_dagrun for example_branch_dop_operator_v3 to 2024-10-04 00:17:00+00:00, run_after=2024-10-04 00:18:00+00:00
[2024-10-04T00:18:09.407+0000] {processor.py:208} INFO - Processing /home/airflow/.local/lib/python3.12/site-packages/airflow/example_dags/example_branch_python_dop_operator_3.py took 0.037 seconds
[2024-10-04T00:18:39.738+0000] {processor.py:186} INFO - Started process (PID=97145) to work on /home/airflow/.local/lib/python3.12/site-packages/airflow/example_dags/example_branch_python_dop_operator_3.py
[2024-10-04T00:18:39.739+0000] {processor.py:914} INFO - Processing file /home/airflow/.local/lib/python3.12/site-packages/airflow/example_dags/example_branch_python_dop_operator_3.py for tasks to queue
[2024-10-04T00:18:39.739+0000] {logging_mixin.py:190} INFO - [2024-10-04T00:18:39.739+0000] {dagbag.py:588} INFO - Filling up the DagBag from /home/airflow/.local/lib/python3.12/site-packages/airflow/example_dags/example_branch_python_dop_operator_3.py
[2024-10-04T00:18:39.745+0000] {processor.py:925} INFO - DAG(s) 'example_branch_dop_operator_v3' retrieved from /home/airflow/.local/lib/python3.12/site-packages/airflow/example_dags/example_branch_python_dop_operator_3.py
[2024-10-04T00:18:39.755+0000] {logging_mixin.py:190} INFO - [2024-10-04T00:18:39.755+0000] {dag.py:3239} INFO - Sync 1 DAGs
[2024-10-04T00:18:39.769+0000] {logging_mixin.py:190} INFO - [2024-10-04T00:18:39.769+0000] {dag.py:4180} INFO - Setting next_dagrun for example_branch_dop_operator_v3 to 2024-10-04 00:17:00+00:00, run_after=2024-10-04 00:18:00+00:00
[2024-10-04T00:18:39.779+0000] {processor.py:208} INFO - Processing /home/airflow/.local/lib/python3.12/site-packages/airflow/example_dags/example_branch_python_dop_operator_3.py took 0.044 seconds
[2024-10-04T00:19:10.566+0000] {processor.py:186} INFO - Started process (PID=97208) to work on /home/airflow/.local/lib/python3.12/site-packages/airflow/example_dags/example_branch_python_dop_operator_3.py
[2024-10-04T00:19:10.567+0000] {processor.py:914} INFO - Processing file /home/airflow/.local/lib/python3.12/site-packages/airflow/example_dags/example_branch_python_dop_operator_3.py for tasks to queue
[2024-10-04T00:19:10.568+0000] {logging_mixin.py:190} INFO - [2024-10-04T00:19:10.568+0000] {dagbag.py:588} INFO - Filling up the DagBag from /home/airflow/.local/lib/python3.12/site-packages/airflow/example_dags/example_branch_python_dop_operator_3.py
[2024-10-04T00:19:10.573+0000] {processor.py:925} INFO - DAG(s) 'example_branch_dop_operator_v3' retrieved from /home/airflow/.local/lib/python3.12/site-packages/airflow/example_dags/example_branch_python_dop_operator_3.py
[2024-10-04T00:19:10.583+0000] {logging_mixin.py:190} INFO - [2024-10-04T00:19:10.582+0000] {dag.py:3239} INFO - Sync 1 DAGs
[2024-10-04T00:19:10.595+0000] {logging_mixin.py:190} INFO - [2024-10-04T00:19:10.595+0000] {dag.py:4180} INFO - Setting next_dagrun for example_branch_dop_operator_v3 to 2024-10-04 00:18:00+00:00, run_after=2024-10-04 00:19:00+00:00
[2024-10-04T00:19:10.605+0000] {processor.py:208} INFO - Processing /home/airflow/.local/lib/python3.12/site-packages/airflow/example_dags/example_branch_python_dop_operator_3.py took 0.042 seconds
[2024-10-04T00:19:41.005+0000] {processor.py:186} INFO - Started process (PID=97271) to work on /home/airflow/.local/lib/python3.12/site-packages/airflow/example_dags/example_branch_python_dop_operator_3.py
[2024-10-04T00:19:41.005+0000] {processor.py:914} INFO - Processing file /home/airflow/.local/lib/python3.12/site-packages/airflow/example_dags/example_branch_python_dop_operator_3.py for tasks to queue
[2024-10-04T00:19:41.006+0000] {logging_mixin.py:190} INFO - [2024-10-04T00:19:41.006+0000] {dagbag.py:588} INFO - Filling up the DagBag from /home/airflow/.local/lib/python3.12/site-packages/airflow/example_dags/example_branch_python_dop_operator_3.py
[2024-10-04T00:19:41.012+0000] {processor.py:925} INFO - DAG(s) 'example_branch_dop_operator_v3' retrieved from /home/airflow/.local/lib/python3.12/site-packages/airflow/example_dags/example_branch_python_dop_operator_3.py
[2024-10-04T00:19:41.022+0000] {logging_mixin.py:190} INFO - [2024-10-04T00:19:41.022+0000] {dag.py:3239} INFO - Sync 1 DAGs
[2024-10-04T00:19:41.036+0000] {logging_mixin.py:190} INFO - [2024-10-04T00:19:41.036+0000] {dag.py:4180} INFO - Setting next_dagrun for example_branch_dop_operator_v3 to 2024-10-04 00:18:00+00:00, run_after=2024-10-04 00:19:00+00:00
[2024-10-04T00:19:41.045+0000] {processor.py:208} INFO - Processing /home/airflow/.local/lib/python3.12/site-packages/airflow/example_dags/example_branch_python_dop_operator_3.py took 0.043 seconds
[2024-10-04T00:20:11.770+0000] {processor.py:186} INFO - Started process (PID=97334) to work on /home/airflow/.local/lib/python3.12/site-packages/airflow/example_dags/example_branch_python_dop_operator_3.py
[2024-10-04T00:20:11.770+0000] {processor.py:914} INFO - Processing file /home/airflow/.local/lib/python3.12/site-packages/airflow/example_dags/example_branch_python_dop_operator_3.py for tasks to queue
[2024-10-04T00:20:11.771+0000] {logging_mixin.py:190} INFO - [2024-10-04T00:20:11.771+0000] {dagbag.py:588} INFO - Filling up the DagBag from /home/airflow/.local/lib/python3.12/site-packages/airflow/example_dags/example_branch_python_dop_operator_3.py
[2024-10-04T00:20:11.777+0000] {processor.py:925} INFO - DAG(s) 'example_branch_dop_operator_v3' retrieved from /home/airflow/.local/lib/python3.12/site-packages/airflow/example_dags/example_branch_python_dop_operator_3.py
[2024-10-04T00:20:11.786+0000] {logging_mixin.py:190} INFO - [2024-10-04T00:20:11.786+0000] {dag.py:3239} INFO - Sync 1 DAGs
[2024-10-04T00:20:11.798+0000] {logging_mixin.py:190} INFO - [2024-10-04T00:20:11.798+0000] {dag.py:4180} INFO - Setting next_dagrun for example_branch_dop_operator_v3 to 2024-10-04 00:19:00+00:00, run_after=2024-10-04 00:20:00+00:00
[2024-10-04T00:20:11.808+0000] {processor.py:208} INFO - Processing /home/airflow/.local/lib/python3.12/site-packages/airflow/example_dags/example_branch_python_dop_operator_3.py took 0.042 seconds
[2024-10-04T00:20:42.097+0000] {processor.py:186} INFO - Started process (PID=97397) to work on /home/airflow/.local/lib/python3.12/site-packages/airflow/example_dags/example_branch_python_dop_operator_3.py
[2024-10-04T00:20:42.098+0000] {processor.py:914} INFO - Processing file /home/airflow/.local/lib/python3.12/site-packages/airflow/example_dags/example_branch_python_dop_operator_3.py for tasks to queue
[2024-10-04T00:20:42.098+0000] {logging_mixin.py:190} INFO - [2024-10-04T00:20:42.098+0000] {dagbag.py:588} INFO - Filling up the DagBag from /home/airflow/.local/lib/python3.12/site-packages/airflow/example_dags/example_branch_python_dop_operator_3.py
[2024-10-04T00:20:42.103+0000] {processor.py:925} INFO - DAG(s) 'example_branch_dop_operator_v3' retrieved from /home/airflow/.local/lib/python3.12/site-packages/airflow/example_dags/example_branch_python_dop_operator_3.py
[2024-10-04T00:20:42.113+0000] {logging_mixin.py:190} INFO - [2024-10-04T00:20:42.113+0000] {dag.py:3239} INFO - Sync 1 DAGs
[2024-10-04T00:20:42.126+0000] {logging_mixin.py:190} INFO - [2024-10-04T00:20:42.126+0000] {dag.py:4180} INFO - Setting next_dagrun for example_branch_dop_operator_v3 to 2024-10-04 00:19:00+00:00, run_after=2024-10-04 00:20:00+00:00
[2024-10-04T00:20:42.136+0000] {processor.py:208} INFO - Processing /home/airflow/.local/lib/python3.12/site-packages/airflow/example_dags/example_branch_python_dop_operator_3.py took 0.042 seconds
[2024-10-04T00:21:12.790+0000] {processor.py:186} INFO - Started process (PID=97460) to work on /home/airflow/.local/lib/python3.12/site-packages/airflow/example_dags/example_branch_python_dop_operator_3.py
[2024-10-04T00:21:12.790+0000] {processor.py:914} INFO - Processing file /home/airflow/.local/lib/python3.12/site-packages/airflow/example_dags/example_branch_python_dop_operator_3.py for tasks to queue
[2024-10-04T00:21:12.791+0000] {logging_mixin.py:190} INFO - [2024-10-04T00:21:12.791+0000] {dagbag.py:588} INFO - Filling up the DagBag from /home/airflow/.local/lib/python3.12/site-packages/airflow/example_dags/example_branch_python_dop_operator_3.py
[2024-10-04T00:21:12.796+0000] {processor.py:925} INFO - DAG(s) 'example_branch_dop_operator_v3' retrieved from /home/airflow/.local/lib/python3.12/site-packages/airflow/example_dags/example_branch_python_dop_operator_3.py
[2024-10-04T00:21:12.806+0000] {logging_mixin.py:190} INFO - [2024-10-04T00:21:12.806+0000] {dag.py:3239} INFO - Sync 1 DAGs
[2024-10-04T00:21:12.818+0000] {logging_mixin.py:190} INFO - [2024-10-04T00:21:12.817+0000] {dag.py:4180} INFO - Setting next_dagrun for example_branch_dop_operator_v3 to 2024-10-04 00:20:00+00:00, run_after=2024-10-04 00:21:00+00:00
[2024-10-04T00:21:12.827+0000] {processor.py:208} INFO - Processing /home/airflow/.local/lib/python3.12/site-packages/airflow/example_dags/example_branch_python_dop_operator_3.py took 0.040 seconds
[2024-10-04T00:21:43.754+0000] {processor.py:186} INFO - Started process (PID=97523) to work on /home/airflow/.local/lib/python3.12/site-packages/airflow/example_dags/example_branch_python_dop_operator_3.py
[2024-10-04T00:21:43.754+0000] {processor.py:914} INFO - Processing file /home/airflow/.local/lib/python3.12/site-packages/airflow/example_dags/example_branch_python_dop_operator_3.py for tasks to queue
[2024-10-04T00:21:43.755+0000] {logging_mixin.py:190} INFO - [2024-10-04T00:21:43.755+0000] {dagbag.py:588} INFO - Filling up the DagBag from /home/airflow/.local/lib/python3.12/site-packages/airflow/example_dags/example_branch_python_dop_operator_3.py
[2024-10-04T00:21:43.761+0000] {processor.py:925} INFO - DAG(s) 'example_branch_dop_operator_v3' retrieved from /home/airflow/.local/lib/python3.12/site-packages/airflow/example_dags/example_branch_python_dop_operator_3.py
[2024-10-04T00:21:43.774+0000] {logging_mixin.py:190} INFO - [2024-10-04T00:21:43.774+0000] {dag.py:3239} INFO - Sync 1 DAGs
[2024-10-04T00:21:43.795+0000] {logging_mixin.py:190} INFO - [2024-10-04T00:21:43.795+0000] {dag.py:4180} INFO - Setting next_dagrun for example_branch_dop_operator_v3 to 2024-10-04 00:20:00+00:00, run_after=2024-10-04 00:21:00+00:00
[2024-10-04T00:21:43.805+0000] {processor.py:208} INFO - Processing /home/airflow/.local/lib/python3.12/site-packages/airflow/example_dags/example_branch_python_dop_operator_3.py took 0.055 seconds
[2024-10-04T00:22:14.456+0000] {processor.py:186} INFO - Started process (PID=97586) to work on /home/airflow/.local/lib/python3.12/site-packages/airflow/example_dags/example_branch_python_dop_operator_3.py
[2024-10-04T00:22:14.457+0000] {processor.py:914} INFO - Processing file /home/airflow/.local/lib/python3.12/site-packages/airflow/example_dags/example_branch_python_dop_operator_3.py for tasks to queue
[2024-10-04T00:22:14.457+0000] {logging_mixin.py:190} INFO - [2024-10-04T00:22:14.457+0000] {dagbag.py:588} INFO - Filling up the DagBag from /home/airflow/.local/lib/python3.12/site-packages/airflow/example_dags/example_branch_python_dop_operator_3.py
[2024-10-04T00:22:14.463+0000] {processor.py:925} INFO - DAG(s) 'example_branch_dop_operator_v3' retrieved from /home/airflow/.local/lib/python3.12/site-packages/airflow/example_dags/example_branch_python_dop_operator_3.py
[2024-10-04T00:22:14.473+0000] {logging_mixin.py:190} INFO - [2024-10-04T00:22:14.472+0000] {dag.py:3239} INFO - Sync 1 DAGs
[2024-10-04T00:22:14.485+0000] {logging_mixin.py:190} INFO - [2024-10-04T00:22:14.485+0000] {dag.py:4180} INFO - Setting next_dagrun for example_branch_dop_operator_v3 to 2024-10-04 00:21:00+00:00, run_after=2024-10-04 00:22:00+00:00
[2024-10-04T00:22:14.495+0000] {processor.py:208} INFO - Processing /home/airflow/.local/lib/python3.12/site-packages/airflow/example_dags/example_branch_python_dop_operator_3.py took 0.041 seconds
