[2024-10-04T00:00:29.346+0000] {processor.py:186} INFO - Started process (PID=94920) to work on /home/airflow/.local/lib/python3.12/site-packages/airflow/example_dags/tutorial_taskflow_api.py
[2024-10-04T00:00:29.347+0000] {processor.py:914} INFO - Processing file /home/airflow/.local/lib/python3.12/site-packages/airflow/example_dags/tutorial_taskflow_api.py for tasks to queue
[2024-10-04T00:00:29.347+0000] {logging_mixin.py:190} INFO - [2024-10-04T00:00:29.347+0000] {dagbag.py:588} INFO - Filling up the DagBag from /home/airflow/.local/lib/python3.12/site-packages/airflow/example_dags/tutorial_taskflow_api.py
[2024-10-04T00:00:29.351+0000] {processor.py:925} INFO - DAG(s) 'tutorial_taskflow_api' retrieved from /home/airflow/.local/lib/python3.12/site-packages/airflow/example_dags/tutorial_taskflow_api.py
[2024-10-04T00:00:29.360+0000] {logging_mixin.py:190} INFO - [2024-10-04T00:00:29.359+0000] {dag.py:3239} INFO - Sync 1 DAGs
[2024-10-04T00:00:29.366+0000] {logging_mixin.py:190} INFO - [2024-10-04T00:00:29.366+0000] {dag.py:4180} INFO - Setting next_dagrun for tutorial_taskflow_api to None, run_after=None
[2024-10-04T00:00:29.374+0000] {processor.py:208} INFO - Processing /home/airflow/.local/lib/python3.12/site-packages/airflow/example_dags/tutorial_taskflow_api.py took 0.031 seconds
[2024-10-04T00:00:59.481+0000] {processor.py:186} INFO - Started process (PID=94983) to work on /home/airflow/.local/lib/python3.12/site-packages/airflow/example_dags/tutorial_taskflow_api.py
[2024-10-04T00:00:59.481+0000] {processor.py:914} INFO - Processing file /home/airflow/.local/lib/python3.12/site-packages/airflow/example_dags/tutorial_taskflow_api.py for tasks to queue
[2024-10-04T00:00:59.482+0000] {logging_mixin.py:190} INFO - [2024-10-04T00:00:59.482+0000] {dagbag.py:588} INFO - Filling up the DagBag from /home/airflow/.local/lib/python3.12/site-packages/airflow/example_dags/tutorial_taskflow_api.py
[2024-10-04T00:00:59.486+0000] {processor.py:925} INFO - DAG(s) 'tutorial_taskflow_api' retrieved from /home/airflow/.local/lib/python3.12/site-packages/airflow/example_dags/tutorial_taskflow_api.py
[2024-10-04T00:00:59.496+0000] {logging_mixin.py:190} INFO - [2024-10-04T00:00:59.496+0000] {dag.py:3239} INFO - Sync 1 DAGs
[2024-10-04T00:00:59.503+0000] {logging_mixin.py:190} INFO - [2024-10-04T00:00:59.503+0000] {dag.py:4180} INFO - Setting next_dagrun for tutorial_taskflow_api to None, run_after=None
[2024-10-04T00:00:59.512+0000] {processor.py:208} INFO - Processing /home/airflow/.local/lib/python3.12/site-packages/airflow/example_dags/tutorial_taskflow_api.py took 0.034 seconds
[2024-10-04T00:01:29.612+0000] {processor.py:186} INFO - Started process (PID=95046) to work on /home/airflow/.local/lib/python3.12/site-packages/airflow/example_dags/tutorial_taskflow_api.py
[2024-10-04T00:01:29.613+0000] {processor.py:914} INFO - Processing file /home/airflow/.local/lib/python3.12/site-packages/airflow/example_dags/tutorial_taskflow_api.py for tasks to queue
[2024-10-04T00:01:29.613+0000] {logging_mixin.py:190} INFO - [2024-10-04T00:01:29.613+0000] {dagbag.py:588} INFO - Filling up the DagBag from /home/airflow/.local/lib/python3.12/site-packages/airflow/example_dags/tutorial_taskflow_api.py
[2024-10-04T00:01:29.618+0000] {processor.py:925} INFO - DAG(s) 'tutorial_taskflow_api' retrieved from /home/airflow/.local/lib/python3.12/site-packages/airflow/example_dags/tutorial_taskflow_api.py
[2024-10-04T00:01:29.627+0000] {logging_mixin.py:190} INFO - [2024-10-04T00:01:29.627+0000] {dag.py:3239} INFO - Sync 1 DAGs
[2024-10-04T00:01:29.634+0000] {logging_mixin.py:190} INFO - [2024-10-04T00:01:29.634+0000] {dag.py:4180} INFO - Setting next_dagrun for tutorial_taskflow_api to None, run_after=None
[2024-10-04T00:01:29.643+0000] {processor.py:208} INFO - Processing /home/airflow/.local/lib/python3.12/site-packages/airflow/example_dags/tutorial_taskflow_api.py took 0.034 seconds
[2024-10-04T00:02:00.005+0000] {processor.py:186} INFO - Started process (PID=95109) to work on /home/airflow/.local/lib/python3.12/site-packages/airflow/example_dags/tutorial_taskflow_api.py
[2024-10-04T00:02:00.006+0000] {processor.py:914} INFO - Processing file /home/airflow/.local/lib/python3.12/site-packages/airflow/example_dags/tutorial_taskflow_api.py for tasks to queue
[2024-10-04T00:02:00.006+0000] {logging_mixin.py:190} INFO - [2024-10-04T00:02:00.006+0000] {dagbag.py:588} INFO - Filling up the DagBag from /home/airflow/.local/lib/python3.12/site-packages/airflow/example_dags/tutorial_taskflow_api.py
[2024-10-04T00:02:00.010+0000] {processor.py:925} INFO - DAG(s) 'tutorial_taskflow_api' retrieved from /home/airflow/.local/lib/python3.12/site-packages/airflow/example_dags/tutorial_taskflow_api.py
[2024-10-04T00:02:00.019+0000] {logging_mixin.py:190} INFO - [2024-10-04T00:02:00.019+0000] {dag.py:3239} INFO - Sync 1 DAGs
[2024-10-04T00:02:00.027+0000] {logging_mixin.py:190} INFO - [2024-10-04T00:02:00.027+0000] {dag.py:4180} INFO - Setting next_dagrun for tutorial_taskflow_api to None, run_after=None
[2024-10-04T00:02:00.035+0000] {processor.py:208} INFO - Processing /home/airflow/.local/lib/python3.12/site-packages/airflow/example_dags/tutorial_taskflow_api.py took 0.033 seconds
[2024-10-04T00:02:30.249+0000] {processor.py:186} INFO - Started process (PID=95172) to work on /home/airflow/.local/lib/python3.12/site-packages/airflow/example_dags/tutorial_taskflow_api.py
[2024-10-04T00:02:30.249+0000] {processor.py:914} INFO - Processing file /home/airflow/.local/lib/python3.12/site-packages/airflow/example_dags/tutorial_taskflow_api.py for tasks to queue
[2024-10-04T00:02:30.250+0000] {logging_mixin.py:190} INFO - [2024-10-04T00:02:30.250+0000] {dagbag.py:588} INFO - Filling up the DagBag from /home/airflow/.local/lib/python3.12/site-packages/airflow/example_dags/tutorial_taskflow_api.py
[2024-10-04T00:02:30.255+0000] {processor.py:925} INFO - DAG(s) 'tutorial_taskflow_api' retrieved from /home/airflow/.local/lib/python3.12/site-packages/airflow/example_dags/tutorial_taskflow_api.py
[2024-10-04T00:02:30.265+0000] {logging_mixin.py:190} INFO - [2024-10-04T00:02:30.265+0000] {dag.py:3239} INFO - Sync 1 DAGs
[2024-10-04T00:02:30.272+0000] {logging_mixin.py:190} INFO - [2024-10-04T00:02:30.272+0000] {dag.py:4180} INFO - Setting next_dagrun for tutorial_taskflow_api to None, run_after=None
[2024-10-04T00:02:30.282+0000] {processor.py:208} INFO - Processing /home/airflow/.local/lib/python3.12/site-packages/airflow/example_dags/tutorial_taskflow_api.py took 0.036 seconds
[2024-10-04T00:03:00.462+0000] {processor.py:186} INFO - Started process (PID=95235) to work on /home/airflow/.local/lib/python3.12/site-packages/airflow/example_dags/tutorial_taskflow_api.py
[2024-10-04T00:03:00.463+0000] {processor.py:914} INFO - Processing file /home/airflow/.local/lib/python3.12/site-packages/airflow/example_dags/tutorial_taskflow_api.py for tasks to queue
[2024-10-04T00:03:00.464+0000] {logging_mixin.py:190} INFO - [2024-10-04T00:03:00.463+0000] {dagbag.py:588} INFO - Filling up the DagBag from /home/airflow/.local/lib/python3.12/site-packages/airflow/example_dags/tutorial_taskflow_api.py
[2024-10-04T00:03:00.468+0000] {processor.py:925} INFO - DAG(s) 'tutorial_taskflow_api' retrieved from /home/airflow/.local/lib/python3.12/site-packages/airflow/example_dags/tutorial_taskflow_api.py
[2024-10-04T00:03:00.477+0000] {logging_mixin.py:190} INFO - [2024-10-04T00:03:00.477+0000] {dag.py:3239} INFO - Sync 1 DAGs
[2024-10-04T00:03:00.484+0000] {logging_mixin.py:190} INFO - [2024-10-04T00:03:00.484+0000] {dag.py:4180} INFO - Setting next_dagrun for tutorial_taskflow_api to None, run_after=None
[2024-10-04T00:03:00.492+0000] {processor.py:208} INFO - Processing /home/airflow/.local/lib/python3.12/site-packages/airflow/example_dags/tutorial_taskflow_api.py took 0.033 seconds
[2024-10-04T00:03:30.581+0000] {processor.py:186} INFO - Started process (PID=95298) to work on /home/airflow/.local/lib/python3.12/site-packages/airflow/example_dags/tutorial_taskflow_api.py
[2024-10-04T00:03:30.582+0000] {processor.py:914} INFO - Processing file /home/airflow/.local/lib/python3.12/site-packages/airflow/example_dags/tutorial_taskflow_api.py for tasks to queue
[2024-10-04T00:03:30.583+0000] {logging_mixin.py:190} INFO - [2024-10-04T00:03:30.582+0000] {dagbag.py:588} INFO - Filling up the DagBag from /home/airflow/.local/lib/python3.12/site-packages/airflow/example_dags/tutorial_taskflow_api.py
[2024-10-04T00:03:30.587+0000] {processor.py:925} INFO - DAG(s) 'tutorial_taskflow_api' retrieved from /home/airflow/.local/lib/python3.12/site-packages/airflow/example_dags/tutorial_taskflow_api.py
[2024-10-04T00:03:30.598+0000] {logging_mixin.py:190} INFO - [2024-10-04T00:03:30.598+0000] {dag.py:3239} INFO - Sync 1 DAGs
[2024-10-04T00:03:30.605+0000] {logging_mixin.py:190} INFO - [2024-10-04T00:03:30.605+0000] {dag.py:4180} INFO - Setting next_dagrun for tutorial_taskflow_api to None, run_after=None
[2024-10-04T00:03:30.614+0000] {processor.py:208} INFO - Processing /home/airflow/.local/lib/python3.12/site-packages/airflow/example_dags/tutorial_taskflow_api.py took 0.036 seconds
[2024-10-04T00:04:00.783+0000] {processor.py:186} INFO - Started process (PID=95361) to work on /home/airflow/.local/lib/python3.12/site-packages/airflow/example_dags/tutorial_taskflow_api.py
[2024-10-04T00:04:00.784+0000] {processor.py:914} INFO - Processing file /home/airflow/.local/lib/python3.12/site-packages/airflow/example_dags/tutorial_taskflow_api.py for tasks to queue
[2024-10-04T00:04:00.785+0000] {logging_mixin.py:190} INFO - [2024-10-04T00:04:00.784+0000] {dagbag.py:588} INFO - Filling up the DagBag from /home/airflow/.local/lib/python3.12/site-packages/airflow/example_dags/tutorial_taskflow_api.py
[2024-10-04T00:04:00.789+0000] {processor.py:925} INFO - DAG(s) 'tutorial_taskflow_api' retrieved from /home/airflow/.local/lib/python3.12/site-packages/airflow/example_dags/tutorial_taskflow_api.py
[2024-10-04T00:04:00.800+0000] {logging_mixin.py:190} INFO - [2024-10-04T00:04:00.799+0000] {dag.py:3239} INFO - Sync 1 DAGs
[2024-10-04T00:04:00.807+0000] {logging_mixin.py:190} INFO - [2024-10-04T00:04:00.807+0000] {dag.py:4180} INFO - Setting next_dagrun for tutorial_taskflow_api to None, run_after=None
[2024-10-04T00:04:00.817+0000] {processor.py:208} INFO - Processing /home/airflow/.local/lib/python3.12/site-packages/airflow/example_dags/tutorial_taskflow_api.py took 0.037 seconds
[2024-10-04T00:04:31.143+0000] {processor.py:186} INFO - Started process (PID=95424) to work on /home/airflow/.local/lib/python3.12/site-packages/airflow/example_dags/tutorial_taskflow_api.py
[2024-10-04T00:04:31.144+0000] {processor.py:914} INFO - Processing file /home/airflow/.local/lib/python3.12/site-packages/airflow/example_dags/tutorial_taskflow_api.py for tasks to queue
[2024-10-04T00:04:31.145+0000] {logging_mixin.py:190} INFO - [2024-10-04T00:04:31.145+0000] {dagbag.py:588} INFO - Filling up the DagBag from /home/airflow/.local/lib/python3.12/site-packages/airflow/example_dags/tutorial_taskflow_api.py
[2024-10-04T00:04:31.149+0000] {processor.py:925} INFO - DAG(s) 'tutorial_taskflow_api' retrieved from /home/airflow/.local/lib/python3.12/site-packages/airflow/example_dags/tutorial_taskflow_api.py
[2024-10-04T00:04:31.158+0000] {logging_mixin.py:190} INFO - [2024-10-04T00:04:31.158+0000] {dag.py:3239} INFO - Sync 1 DAGs
[2024-10-04T00:04:31.165+0000] {logging_mixin.py:190} INFO - [2024-10-04T00:04:31.165+0000] {dag.py:4180} INFO - Setting next_dagrun for tutorial_taskflow_api to None, run_after=None
[2024-10-04T00:04:31.173+0000] {processor.py:208} INFO - Processing /home/airflow/.local/lib/python3.12/site-packages/airflow/example_dags/tutorial_taskflow_api.py took 0.033 seconds
[2024-10-04T00:05:01.266+0000] {processor.py:186} INFO - Started process (PID=95487) to work on /home/airflow/.local/lib/python3.12/site-packages/airflow/example_dags/tutorial_taskflow_api.py
[2024-10-04T00:05:01.267+0000] {processor.py:914} INFO - Processing file /home/airflow/.local/lib/python3.12/site-packages/airflow/example_dags/tutorial_taskflow_api.py for tasks to queue
[2024-10-04T00:05:01.267+0000] {logging_mixin.py:190} INFO - [2024-10-04T00:05:01.267+0000] {dagbag.py:588} INFO - Filling up the DagBag from /home/airflow/.local/lib/python3.12/site-packages/airflow/example_dags/tutorial_taskflow_api.py
[2024-10-04T00:05:01.272+0000] {processor.py:925} INFO - DAG(s) 'tutorial_taskflow_api' retrieved from /home/airflow/.local/lib/python3.12/site-packages/airflow/example_dags/tutorial_taskflow_api.py
[2024-10-04T00:05:01.281+0000] {logging_mixin.py:190} INFO - [2024-10-04T00:05:01.281+0000] {dag.py:3239} INFO - Sync 1 DAGs
[2024-10-04T00:05:01.288+0000] {logging_mixin.py:190} INFO - [2024-10-04T00:05:01.288+0000] {dag.py:4180} INFO - Setting next_dagrun for tutorial_taskflow_api to None, run_after=None
[2024-10-04T00:05:01.298+0000] {processor.py:208} INFO - Processing /home/airflow/.local/lib/python3.12/site-packages/airflow/example_dags/tutorial_taskflow_api.py took 0.035 seconds
[2024-10-04T00:05:31.680+0000] {processor.py:186} INFO - Started process (PID=95550) to work on /home/airflow/.local/lib/python3.12/site-packages/airflow/example_dags/tutorial_taskflow_api.py
[2024-10-04T00:05:31.681+0000] {processor.py:914} INFO - Processing file /home/airflow/.local/lib/python3.12/site-packages/airflow/example_dags/tutorial_taskflow_api.py for tasks to queue
[2024-10-04T00:05:31.681+0000] {logging_mixin.py:190} INFO - [2024-10-04T00:05:31.681+0000] {dagbag.py:588} INFO - Filling up the DagBag from /home/airflow/.local/lib/python3.12/site-packages/airflow/example_dags/tutorial_taskflow_api.py
[2024-10-04T00:05:31.686+0000] {processor.py:925} INFO - DAG(s) 'tutorial_taskflow_api' retrieved from /home/airflow/.local/lib/python3.12/site-packages/airflow/example_dags/tutorial_taskflow_api.py
[2024-10-04T00:05:31.697+0000] {logging_mixin.py:190} INFO - [2024-10-04T00:05:31.696+0000] {dag.py:3239} INFO - Sync 1 DAGs
[2024-10-04T00:05:31.704+0000] {logging_mixin.py:190} INFO - [2024-10-04T00:05:31.704+0000] {dag.py:4180} INFO - Setting next_dagrun for tutorial_taskflow_api to None, run_after=None
[2024-10-04T00:05:31.714+0000] {processor.py:208} INFO - Processing /home/airflow/.local/lib/python3.12/site-packages/airflow/example_dags/tutorial_taskflow_api.py took 0.038 seconds
[2024-10-04T00:06:01.750+0000] {processor.py:186} INFO - Started process (PID=95613) to work on /home/airflow/.local/lib/python3.12/site-packages/airflow/example_dags/tutorial_taskflow_api.py
[2024-10-04T00:06:01.751+0000] {processor.py:914} INFO - Processing file /home/airflow/.local/lib/python3.12/site-packages/airflow/example_dags/tutorial_taskflow_api.py for tasks to queue
[2024-10-04T00:06:01.751+0000] {logging_mixin.py:190} INFO - [2024-10-04T00:06:01.751+0000] {dagbag.py:588} INFO - Filling up the DagBag from /home/airflow/.local/lib/python3.12/site-packages/airflow/example_dags/tutorial_taskflow_api.py
[2024-10-04T00:06:01.756+0000] {processor.py:925} INFO - DAG(s) 'tutorial_taskflow_api' retrieved from /home/airflow/.local/lib/python3.12/site-packages/airflow/example_dags/tutorial_taskflow_api.py
[2024-10-04T00:06:01.766+0000] {logging_mixin.py:190} INFO - [2024-10-04T00:06:01.766+0000] {dag.py:3239} INFO - Sync 1 DAGs
[2024-10-04T00:06:01.773+0000] {logging_mixin.py:190} INFO - [2024-10-04T00:06:01.773+0000] {dag.py:4180} INFO - Setting next_dagrun for tutorial_taskflow_api to None, run_after=None
[2024-10-04T00:06:01.781+0000] {processor.py:208} INFO - Processing /home/airflow/.local/lib/python3.12/site-packages/airflow/example_dags/tutorial_taskflow_api.py took 0.034 seconds
[2024-10-04T00:06:32.050+0000] {processor.py:186} INFO - Started process (PID=95676) to work on /home/airflow/.local/lib/python3.12/site-packages/airflow/example_dags/tutorial_taskflow_api.py
[2024-10-04T00:06:32.051+0000] {processor.py:914} INFO - Processing file /home/airflow/.local/lib/python3.12/site-packages/airflow/example_dags/tutorial_taskflow_api.py for tasks to queue
[2024-10-04T00:06:32.051+0000] {logging_mixin.py:190} INFO - [2024-10-04T00:06:32.051+0000] {dagbag.py:588} INFO - Filling up the DagBag from /home/airflow/.local/lib/python3.12/site-packages/airflow/example_dags/tutorial_taskflow_api.py
[2024-10-04T00:06:32.056+0000] {processor.py:925} INFO - DAG(s) 'tutorial_taskflow_api' retrieved from /home/airflow/.local/lib/python3.12/site-packages/airflow/example_dags/tutorial_taskflow_api.py
[2024-10-04T00:06:32.066+0000] {logging_mixin.py:190} INFO - [2024-10-04T00:06:32.066+0000] {dag.py:3239} INFO - Sync 1 DAGs
[2024-10-04T00:06:32.073+0000] {logging_mixin.py:190} INFO - [2024-10-04T00:06:32.073+0000] {dag.py:4180} INFO - Setting next_dagrun for tutorial_taskflow_api to None, run_after=None
[2024-10-04T00:06:32.082+0000] {processor.py:208} INFO - Processing /home/airflow/.local/lib/python3.12/site-packages/airflow/example_dags/tutorial_taskflow_api.py took 0.035 seconds
[2024-10-04T00:07:02.328+0000] {processor.py:186} INFO - Started process (PID=95739) to work on /home/airflow/.local/lib/python3.12/site-packages/airflow/example_dags/tutorial_taskflow_api.py
[2024-10-04T00:07:02.329+0000] {processor.py:914} INFO - Processing file /home/airflow/.local/lib/python3.12/site-packages/airflow/example_dags/tutorial_taskflow_api.py for tasks to queue
[2024-10-04T00:07:02.329+0000] {logging_mixin.py:190} INFO - [2024-10-04T00:07:02.329+0000] {dagbag.py:588} INFO - Filling up the DagBag from /home/airflow/.local/lib/python3.12/site-packages/airflow/example_dags/tutorial_taskflow_api.py
[2024-10-04T00:07:02.333+0000] {processor.py:925} INFO - DAG(s) 'tutorial_taskflow_api' retrieved from /home/airflow/.local/lib/python3.12/site-packages/airflow/example_dags/tutorial_taskflow_api.py
[2024-10-04T00:07:02.342+0000] {logging_mixin.py:190} INFO - [2024-10-04T00:07:02.342+0000] {dag.py:3239} INFO - Sync 1 DAGs
[2024-10-04T00:07:02.350+0000] {logging_mixin.py:190} INFO - [2024-10-04T00:07:02.349+0000] {dag.py:4180} INFO - Setting next_dagrun for tutorial_taskflow_api to None, run_after=None
[2024-10-04T00:07:02.360+0000] {processor.py:208} INFO - Processing /home/airflow/.local/lib/python3.12/site-packages/airflow/example_dags/tutorial_taskflow_api.py took 0.035 seconds
[2024-10-04T00:07:32.628+0000] {processor.py:186} INFO - Started process (PID=95802) to work on /home/airflow/.local/lib/python3.12/site-packages/airflow/example_dags/tutorial_taskflow_api.py
[2024-10-04T00:07:32.629+0000] {processor.py:914} INFO - Processing file /home/airflow/.local/lib/python3.12/site-packages/airflow/example_dags/tutorial_taskflow_api.py for tasks to queue
[2024-10-04T00:07:32.630+0000] {logging_mixin.py:190} INFO - [2024-10-04T00:07:32.630+0000] {dagbag.py:588} INFO - Filling up the DagBag from /home/airflow/.local/lib/python3.12/site-packages/airflow/example_dags/tutorial_taskflow_api.py
[2024-10-04T00:07:32.635+0000] {processor.py:925} INFO - DAG(s) 'tutorial_taskflow_api' retrieved from /home/airflow/.local/lib/python3.12/site-packages/airflow/example_dags/tutorial_taskflow_api.py
[2024-10-04T00:07:32.645+0000] {logging_mixin.py:190} INFO - [2024-10-04T00:07:32.645+0000] {dag.py:3239} INFO - Sync 1 DAGs
[2024-10-04T00:07:32.653+0000] {logging_mixin.py:190} INFO - [2024-10-04T00:07:32.653+0000] {dag.py:4180} INFO - Setting next_dagrun for tutorial_taskflow_api to None, run_after=None
[2024-10-04T00:07:32.663+0000] {processor.py:208} INFO - Processing /home/airflow/.local/lib/python3.12/site-packages/airflow/example_dags/tutorial_taskflow_api.py took 0.037 seconds
[2024-10-04T00:08:02.893+0000] {processor.py:186} INFO - Started process (PID=95865) to work on /home/airflow/.local/lib/python3.12/site-packages/airflow/example_dags/tutorial_taskflow_api.py
[2024-10-04T00:08:02.893+0000] {processor.py:914} INFO - Processing file /home/airflow/.local/lib/python3.12/site-packages/airflow/example_dags/tutorial_taskflow_api.py for tasks to queue
[2024-10-04T00:08:02.894+0000] {logging_mixin.py:190} INFO - [2024-10-04T00:08:02.894+0000] {dagbag.py:588} INFO - Filling up the DagBag from /home/airflow/.local/lib/python3.12/site-packages/airflow/example_dags/tutorial_taskflow_api.py
[2024-10-04T00:08:02.898+0000] {processor.py:925} INFO - DAG(s) 'tutorial_taskflow_api' retrieved from /home/airflow/.local/lib/python3.12/site-packages/airflow/example_dags/tutorial_taskflow_api.py
[2024-10-04T00:08:02.907+0000] {logging_mixin.py:190} INFO - [2024-10-04T00:08:02.907+0000] {dag.py:3239} INFO - Sync 1 DAGs
[2024-10-04T00:08:02.915+0000] {logging_mixin.py:190} INFO - [2024-10-04T00:08:02.914+0000] {dag.py:4180} INFO - Setting next_dagrun for tutorial_taskflow_api to None, run_after=None
[2024-10-04T00:08:02.923+0000] {processor.py:208} INFO - Processing /home/airflow/.local/lib/python3.12/site-packages/airflow/example_dags/tutorial_taskflow_api.py took 0.035 seconds
[2024-10-04T00:08:33.328+0000] {processor.py:186} INFO - Started process (PID=95928) to work on /home/airflow/.local/lib/python3.12/site-packages/airflow/example_dags/tutorial_taskflow_api.py
[2024-10-04T00:08:33.329+0000] {processor.py:914} INFO - Processing file /home/airflow/.local/lib/python3.12/site-packages/airflow/example_dags/tutorial_taskflow_api.py for tasks to queue
[2024-10-04T00:08:33.329+0000] {logging_mixin.py:190} INFO - [2024-10-04T00:08:33.329+0000] {dagbag.py:588} INFO - Filling up the DagBag from /home/airflow/.local/lib/python3.12/site-packages/airflow/example_dags/tutorial_taskflow_api.py
[2024-10-04T00:08:33.334+0000] {processor.py:925} INFO - DAG(s) 'tutorial_taskflow_api' retrieved from /home/airflow/.local/lib/python3.12/site-packages/airflow/example_dags/tutorial_taskflow_api.py
[2024-10-04T00:08:33.345+0000] {logging_mixin.py:190} INFO - [2024-10-04T00:08:33.344+0000] {dag.py:3239} INFO - Sync 1 DAGs
[2024-10-04T00:08:33.352+0000] {logging_mixin.py:190} INFO - [2024-10-04T00:08:33.351+0000] {dag.py:4180} INFO - Setting next_dagrun for tutorial_taskflow_api to None, run_after=None
[2024-10-04T00:08:33.361+0000] {processor.py:208} INFO - Processing /home/airflow/.local/lib/python3.12/site-packages/airflow/example_dags/tutorial_taskflow_api.py took 0.036 seconds
[2024-10-04T00:09:03.655+0000] {processor.py:186} INFO - Started process (PID=95991) to work on /home/airflow/.local/lib/python3.12/site-packages/airflow/example_dags/tutorial_taskflow_api.py
[2024-10-04T00:09:03.655+0000] {processor.py:914} INFO - Processing file /home/airflow/.local/lib/python3.12/site-packages/airflow/example_dags/tutorial_taskflow_api.py for tasks to queue
[2024-10-04T00:09:03.656+0000] {logging_mixin.py:190} INFO - [2024-10-04T00:09:03.655+0000] {dagbag.py:588} INFO - Filling up the DagBag from /home/airflow/.local/lib/python3.12/site-packages/airflow/example_dags/tutorial_taskflow_api.py
[2024-10-04T00:09:03.660+0000] {processor.py:925} INFO - DAG(s) 'tutorial_taskflow_api' retrieved from /home/airflow/.local/lib/python3.12/site-packages/airflow/example_dags/tutorial_taskflow_api.py
[2024-10-04T00:09:03.670+0000] {logging_mixin.py:190} INFO - [2024-10-04T00:09:03.670+0000] {dag.py:3239} INFO - Sync 1 DAGs
[2024-10-04T00:09:03.678+0000] {logging_mixin.py:190} INFO - [2024-10-04T00:09:03.678+0000] {dag.py:4180} INFO - Setting next_dagrun for tutorial_taskflow_api to None, run_after=None
[2024-10-04T00:09:03.688+0000] {processor.py:208} INFO - Processing /home/airflow/.local/lib/python3.12/site-packages/airflow/example_dags/tutorial_taskflow_api.py took 0.037 seconds
[2024-10-04T00:09:33.976+0000] {processor.py:186} INFO - Started process (PID=96054) to work on /home/airflow/.local/lib/python3.12/site-packages/airflow/example_dags/tutorial_taskflow_api.py
[2024-10-04T00:09:33.977+0000] {processor.py:914} INFO - Processing file /home/airflow/.local/lib/python3.12/site-packages/airflow/example_dags/tutorial_taskflow_api.py for tasks to queue
[2024-10-04T00:09:33.978+0000] {logging_mixin.py:190} INFO - [2024-10-04T00:09:33.977+0000] {dagbag.py:588} INFO - Filling up the DagBag from /home/airflow/.local/lib/python3.12/site-packages/airflow/example_dags/tutorial_taskflow_api.py
[2024-10-04T00:09:33.983+0000] {processor.py:925} INFO - DAG(s) 'tutorial_taskflow_api' retrieved from /home/airflow/.local/lib/python3.12/site-packages/airflow/example_dags/tutorial_taskflow_api.py
[2024-10-04T00:09:33.993+0000] {logging_mixin.py:190} INFO - [2024-10-04T00:09:33.993+0000] {dag.py:3239} INFO - Sync 1 DAGs
[2024-10-04T00:09:34.001+0000] {logging_mixin.py:190} INFO - [2024-10-04T00:09:34.001+0000] {dag.py:4180} INFO - Setting next_dagrun for tutorial_taskflow_api to None, run_after=None
[2024-10-04T00:09:34.012+0000] {processor.py:208} INFO - Processing /home/airflow/.local/lib/python3.12/site-packages/airflow/example_dags/tutorial_taskflow_api.py took 0.040 seconds
[2024-10-04T00:10:04.181+0000] {processor.py:186} INFO - Started process (PID=96117) to work on /home/airflow/.local/lib/python3.12/site-packages/airflow/example_dags/tutorial_taskflow_api.py
[2024-10-04T00:10:04.182+0000] {processor.py:914} INFO - Processing file /home/airflow/.local/lib/python3.12/site-packages/airflow/example_dags/tutorial_taskflow_api.py for tasks to queue
[2024-10-04T00:10:04.182+0000] {logging_mixin.py:190} INFO - [2024-10-04T00:10:04.182+0000] {dagbag.py:588} INFO - Filling up the DagBag from /home/airflow/.local/lib/python3.12/site-packages/airflow/example_dags/tutorial_taskflow_api.py
[2024-10-04T00:10:04.186+0000] {processor.py:925} INFO - DAG(s) 'tutorial_taskflow_api' retrieved from /home/airflow/.local/lib/python3.12/site-packages/airflow/example_dags/tutorial_taskflow_api.py
[2024-10-04T00:10:04.196+0000] {logging_mixin.py:190} INFO - [2024-10-04T00:10:04.196+0000] {dag.py:3239} INFO - Sync 1 DAGs
[2024-10-04T00:10:04.203+0000] {logging_mixin.py:190} INFO - [2024-10-04T00:10:04.203+0000] {dag.py:4180} INFO - Setting next_dagrun for tutorial_taskflow_api to None, run_after=None
[2024-10-04T00:10:04.214+0000] {processor.py:208} INFO - Processing /home/airflow/.local/lib/python3.12/site-packages/airflow/example_dags/tutorial_taskflow_api.py took 0.036 seconds
[2024-10-04T00:10:34.525+0000] {processor.py:186} INFO - Started process (PID=96180) to work on /home/airflow/.local/lib/python3.12/site-packages/airflow/example_dags/tutorial_taskflow_api.py
[2024-10-04T00:10:34.526+0000] {processor.py:914} INFO - Processing file /home/airflow/.local/lib/python3.12/site-packages/airflow/example_dags/tutorial_taskflow_api.py for tasks to queue
[2024-10-04T00:10:34.526+0000] {logging_mixin.py:190} INFO - [2024-10-04T00:10:34.526+0000] {dagbag.py:588} INFO - Filling up the DagBag from /home/airflow/.local/lib/python3.12/site-packages/airflow/example_dags/tutorial_taskflow_api.py
[2024-10-04T00:10:34.530+0000] {processor.py:925} INFO - DAG(s) 'tutorial_taskflow_api' retrieved from /home/airflow/.local/lib/python3.12/site-packages/airflow/example_dags/tutorial_taskflow_api.py
[2024-10-04T00:10:34.538+0000] {logging_mixin.py:190} INFO - [2024-10-04T00:10:34.538+0000] {dag.py:3239} INFO - Sync 1 DAGs
[2024-10-04T00:10:34.545+0000] {logging_mixin.py:190} INFO - [2024-10-04T00:10:34.545+0000] {dag.py:4180} INFO - Setting next_dagrun for tutorial_taskflow_api to None, run_after=None
[2024-10-04T00:10:34.554+0000] {processor.py:208} INFO - Processing /home/airflow/.local/lib/python3.12/site-packages/airflow/example_dags/tutorial_taskflow_api.py took 0.032 seconds
[2024-10-04T00:11:04.939+0000] {processor.py:186} INFO - Started process (PID=96243) to work on /home/airflow/.local/lib/python3.12/site-packages/airflow/example_dags/tutorial_taskflow_api.py
[2024-10-04T00:11:04.939+0000] {processor.py:914} INFO - Processing file /home/airflow/.local/lib/python3.12/site-packages/airflow/example_dags/tutorial_taskflow_api.py for tasks to queue
[2024-10-04T00:11:04.940+0000] {logging_mixin.py:190} INFO - [2024-10-04T00:11:04.940+0000] {dagbag.py:588} INFO - Filling up the DagBag from /home/airflow/.local/lib/python3.12/site-packages/airflow/example_dags/tutorial_taskflow_api.py
[2024-10-04T00:11:04.945+0000] {processor.py:925} INFO - DAG(s) 'tutorial_taskflow_api' retrieved from /home/airflow/.local/lib/python3.12/site-packages/airflow/example_dags/tutorial_taskflow_api.py
[2024-10-04T00:11:04.955+0000] {logging_mixin.py:190} INFO - [2024-10-04T00:11:04.955+0000] {dag.py:3239} INFO - Sync 1 DAGs
[2024-10-04T00:11:04.963+0000] {logging_mixin.py:190} INFO - [2024-10-04T00:11:04.963+0000] {dag.py:4180} INFO - Setting next_dagrun for tutorial_taskflow_api to None, run_after=None
[2024-10-04T00:11:04.974+0000] {processor.py:208} INFO - Processing /home/airflow/.local/lib/python3.12/site-packages/airflow/example_dags/tutorial_taskflow_api.py took 0.039 seconds
[2024-10-04T00:11:35.387+0000] {processor.py:186} INFO - Started process (PID=96306) to work on /home/airflow/.local/lib/python3.12/site-packages/airflow/example_dags/tutorial_taskflow_api.py
[2024-10-04T00:11:35.388+0000] {processor.py:914} INFO - Processing file /home/airflow/.local/lib/python3.12/site-packages/airflow/example_dags/tutorial_taskflow_api.py for tasks to queue
[2024-10-04T00:11:35.389+0000] {logging_mixin.py:190} INFO - [2024-10-04T00:11:35.389+0000] {dagbag.py:588} INFO - Filling up the DagBag from /home/airflow/.local/lib/python3.12/site-packages/airflow/example_dags/tutorial_taskflow_api.py
[2024-10-04T00:11:35.394+0000] {processor.py:925} INFO - DAG(s) 'tutorial_taskflow_api' retrieved from /home/airflow/.local/lib/python3.12/site-packages/airflow/example_dags/tutorial_taskflow_api.py
[2024-10-04T00:11:35.404+0000] {logging_mixin.py:190} INFO - [2024-10-04T00:11:35.404+0000] {dag.py:3239} INFO - Sync 1 DAGs
[2024-10-04T00:11:35.411+0000] {logging_mixin.py:190} INFO - [2024-10-04T00:11:35.411+0000] {dag.py:4180} INFO - Setting next_dagrun for tutorial_taskflow_api to None, run_after=None
[2024-10-04T00:11:35.422+0000] {processor.py:208} INFO - Processing /home/airflow/.local/lib/python3.12/site-packages/airflow/example_dags/tutorial_taskflow_api.py took 0.039 seconds
[2024-10-04T00:12:05.809+0000] {processor.py:186} INFO - Started process (PID=96369) to work on /home/airflow/.local/lib/python3.12/site-packages/airflow/example_dags/tutorial_taskflow_api.py
[2024-10-04T00:12:05.809+0000] {processor.py:914} INFO - Processing file /home/airflow/.local/lib/python3.12/site-packages/airflow/example_dags/tutorial_taskflow_api.py for tasks to queue
[2024-10-04T00:12:05.810+0000] {logging_mixin.py:190} INFO - [2024-10-04T00:12:05.810+0000] {dagbag.py:588} INFO - Filling up the DagBag from /home/airflow/.local/lib/python3.12/site-packages/airflow/example_dags/tutorial_taskflow_api.py
[2024-10-04T00:12:05.814+0000] {processor.py:925} INFO - DAG(s) 'tutorial_taskflow_api' retrieved from /home/airflow/.local/lib/python3.12/site-packages/airflow/example_dags/tutorial_taskflow_api.py
[2024-10-04T00:12:05.824+0000] {logging_mixin.py:190} INFO - [2024-10-04T00:12:05.824+0000] {dag.py:3239} INFO - Sync 1 DAGs
[2024-10-04T00:12:05.831+0000] {logging_mixin.py:190} INFO - [2024-10-04T00:12:05.831+0000] {dag.py:4180} INFO - Setting next_dagrun for tutorial_taskflow_api to None, run_after=None
[2024-10-04T00:12:05.840+0000] {processor.py:208} INFO - Processing /home/airflow/.local/lib/python3.12/site-packages/airflow/example_dags/tutorial_taskflow_api.py took 0.034 seconds
[2024-10-04T00:12:36.286+0000] {processor.py:186} INFO - Started process (PID=96432) to work on /home/airflow/.local/lib/python3.12/site-packages/airflow/example_dags/tutorial_taskflow_api.py
[2024-10-04T00:12:36.286+0000] {processor.py:914} INFO - Processing file /home/airflow/.local/lib/python3.12/site-packages/airflow/example_dags/tutorial_taskflow_api.py for tasks to queue
[2024-10-04T00:12:36.287+0000] {logging_mixin.py:190} INFO - [2024-10-04T00:12:36.287+0000] {dagbag.py:588} INFO - Filling up the DagBag from /home/airflow/.local/lib/python3.12/site-packages/airflow/example_dags/tutorial_taskflow_api.py
[2024-10-04T00:12:36.291+0000] {processor.py:925} INFO - DAG(s) 'tutorial_taskflow_api' retrieved from /home/airflow/.local/lib/python3.12/site-packages/airflow/example_dags/tutorial_taskflow_api.py
[2024-10-04T00:12:36.301+0000] {logging_mixin.py:190} INFO - [2024-10-04T00:12:36.300+0000] {dag.py:3239} INFO - Sync 1 DAGs
[2024-10-04T00:12:36.307+0000] {logging_mixin.py:190} INFO - [2024-10-04T00:12:36.307+0000] {dag.py:4180} INFO - Setting next_dagrun for tutorial_taskflow_api to None, run_after=None
[2024-10-04T00:12:36.317+0000] {processor.py:208} INFO - Processing /home/airflow/.local/lib/python3.12/site-packages/airflow/example_dags/tutorial_taskflow_api.py took 0.034 seconds
[2024-10-04T00:13:06.796+0000] {processor.py:186} INFO - Started process (PID=96495) to work on /home/airflow/.local/lib/python3.12/site-packages/airflow/example_dags/tutorial_taskflow_api.py
[2024-10-04T00:13:06.797+0000] {processor.py:914} INFO - Processing file /home/airflow/.local/lib/python3.12/site-packages/airflow/example_dags/tutorial_taskflow_api.py for tasks to queue
[2024-10-04T00:13:06.797+0000] {logging_mixin.py:190} INFO - [2024-10-04T00:13:06.797+0000] {dagbag.py:588} INFO - Filling up the DagBag from /home/airflow/.local/lib/python3.12/site-packages/airflow/example_dags/tutorial_taskflow_api.py
[2024-10-04T00:13:06.802+0000] {processor.py:925} INFO - DAG(s) 'tutorial_taskflow_api' retrieved from /home/airflow/.local/lib/python3.12/site-packages/airflow/example_dags/tutorial_taskflow_api.py
[2024-10-04T00:13:06.811+0000] {logging_mixin.py:190} INFO - [2024-10-04T00:13:06.811+0000] {dag.py:3239} INFO - Sync 1 DAGs
[2024-10-04T00:13:06.818+0000] {logging_mixin.py:190} INFO - [2024-10-04T00:13:06.818+0000] {dag.py:4180} INFO - Setting next_dagrun for tutorial_taskflow_api to None, run_after=None
[2024-10-04T00:13:06.827+0000] {processor.py:208} INFO - Processing /home/airflow/.local/lib/python3.12/site-packages/airflow/example_dags/tutorial_taskflow_api.py took 0.035 seconds
[2024-10-04T00:13:37.218+0000] {processor.py:186} INFO - Started process (PID=96558) to work on /home/airflow/.local/lib/python3.12/site-packages/airflow/example_dags/tutorial_taskflow_api.py
[2024-10-04T00:13:37.219+0000] {processor.py:914} INFO - Processing file /home/airflow/.local/lib/python3.12/site-packages/airflow/example_dags/tutorial_taskflow_api.py for tasks to queue
[2024-10-04T00:13:37.219+0000] {logging_mixin.py:190} INFO - [2024-10-04T00:13:37.219+0000] {dagbag.py:588} INFO - Filling up the DagBag from /home/airflow/.local/lib/python3.12/site-packages/airflow/example_dags/tutorial_taskflow_api.py
[2024-10-04T00:13:37.225+0000] {processor.py:925} INFO - DAG(s) 'tutorial_taskflow_api' retrieved from /home/airflow/.local/lib/python3.12/site-packages/airflow/example_dags/tutorial_taskflow_api.py
[2024-10-04T00:13:37.235+0000] {logging_mixin.py:190} INFO - [2024-10-04T00:13:37.235+0000] {dag.py:3239} INFO - Sync 1 DAGs
[2024-10-04T00:13:37.243+0000] {logging_mixin.py:190} INFO - [2024-10-04T00:13:37.243+0000] {dag.py:4180} INFO - Setting next_dagrun for tutorial_taskflow_api to None, run_after=None
[2024-10-04T00:13:37.253+0000] {processor.py:208} INFO - Processing /home/airflow/.local/lib/python3.12/site-packages/airflow/example_dags/tutorial_taskflow_api.py took 0.038 seconds
[2024-10-04T00:14:07.532+0000] {processor.py:186} INFO - Started process (PID=96621) to work on /home/airflow/.local/lib/python3.12/site-packages/airflow/example_dags/tutorial_taskflow_api.py
[2024-10-04T00:14:07.533+0000] {processor.py:914} INFO - Processing file /home/airflow/.local/lib/python3.12/site-packages/airflow/example_dags/tutorial_taskflow_api.py for tasks to queue
[2024-10-04T00:14:07.534+0000] {logging_mixin.py:190} INFO - [2024-10-04T00:14:07.533+0000] {dagbag.py:588} INFO - Filling up the DagBag from /home/airflow/.local/lib/python3.12/site-packages/airflow/example_dags/tutorial_taskflow_api.py
[2024-10-04T00:14:07.538+0000] {processor.py:925} INFO - DAG(s) 'tutorial_taskflow_api' retrieved from /home/airflow/.local/lib/python3.12/site-packages/airflow/example_dags/tutorial_taskflow_api.py
[2024-10-04T00:14:07.548+0000] {logging_mixin.py:190} INFO - [2024-10-04T00:14:07.548+0000] {dag.py:3239} INFO - Sync 1 DAGs
[2024-10-04T00:14:07.555+0000] {logging_mixin.py:190} INFO - [2024-10-04T00:14:07.555+0000] {dag.py:4180} INFO - Setting next_dagrun for tutorial_taskflow_api to None, run_after=None
[2024-10-04T00:14:07.564+0000] {processor.py:208} INFO - Processing /home/airflow/.local/lib/python3.12/site-packages/airflow/example_dags/tutorial_taskflow_api.py took 0.035 seconds
[2024-10-04T00:14:38.178+0000] {processor.py:186} INFO - Started process (PID=96683) to work on /home/airflow/.local/lib/python3.12/site-packages/airflow/example_dags/tutorial_taskflow_api.py
[2024-10-04T00:14:38.179+0000] {processor.py:914} INFO - Processing file /home/airflow/.local/lib/python3.12/site-packages/airflow/example_dags/tutorial_taskflow_api.py for tasks to queue
[2024-10-04T00:14:38.180+0000] {logging_mixin.py:190} INFO - [2024-10-04T00:14:38.180+0000] {dagbag.py:588} INFO - Filling up the DagBag from /home/airflow/.local/lib/python3.12/site-packages/airflow/example_dags/tutorial_taskflow_api.py
[2024-10-04T00:14:38.185+0000] {processor.py:925} INFO - DAG(s) 'tutorial_taskflow_api' retrieved from /home/airflow/.local/lib/python3.12/site-packages/airflow/example_dags/tutorial_taskflow_api.py
[2024-10-04T00:14:38.194+0000] {logging_mixin.py:190} INFO - [2024-10-04T00:14:38.194+0000] {dag.py:3239} INFO - Sync 1 DAGs
[2024-10-04T00:14:38.202+0000] {logging_mixin.py:190} INFO - [2024-10-04T00:14:38.202+0000] {dag.py:4180} INFO - Setting next_dagrun for tutorial_taskflow_api to None, run_after=None
[2024-10-04T00:14:38.212+0000] {processor.py:208} INFO - Processing /home/airflow/.local/lib/python3.12/site-packages/airflow/example_dags/tutorial_taskflow_api.py took 0.037 seconds
[2024-10-04T00:15:08.661+0000] {processor.py:186} INFO - Started process (PID=96746) to work on /home/airflow/.local/lib/python3.12/site-packages/airflow/example_dags/tutorial_taskflow_api.py
[2024-10-04T00:15:08.661+0000] {processor.py:914} INFO - Processing file /home/airflow/.local/lib/python3.12/site-packages/airflow/example_dags/tutorial_taskflow_api.py for tasks to queue
[2024-10-04T00:15:08.662+0000] {logging_mixin.py:190} INFO - [2024-10-04T00:15:08.661+0000] {dagbag.py:588} INFO - Filling up the DagBag from /home/airflow/.local/lib/python3.12/site-packages/airflow/example_dags/tutorial_taskflow_api.py
[2024-10-04T00:15:08.666+0000] {processor.py:925} INFO - DAG(s) 'tutorial_taskflow_api' retrieved from /home/airflow/.local/lib/python3.12/site-packages/airflow/example_dags/tutorial_taskflow_api.py
[2024-10-04T00:15:08.676+0000] {logging_mixin.py:190} INFO - [2024-10-04T00:15:08.675+0000] {dag.py:3239} INFO - Sync 1 DAGs
[2024-10-04T00:15:08.683+0000] {logging_mixin.py:190} INFO - [2024-10-04T00:15:08.683+0000] {dag.py:4180} INFO - Setting next_dagrun for tutorial_taskflow_api to None, run_after=None
[2024-10-04T00:15:08.692+0000] {processor.py:208} INFO - Processing /home/airflow/.local/lib/python3.12/site-packages/airflow/example_dags/tutorial_taskflow_api.py took 0.035 seconds
[2024-10-04T00:15:39.197+0000] {processor.py:186} INFO - Started process (PID=96809) to work on /home/airflow/.local/lib/python3.12/site-packages/airflow/example_dags/tutorial_taskflow_api.py
[2024-10-04T00:15:39.198+0000] {processor.py:914} INFO - Processing file /home/airflow/.local/lib/python3.12/site-packages/airflow/example_dags/tutorial_taskflow_api.py for tasks to queue
[2024-10-04T00:15:39.198+0000] {logging_mixin.py:190} INFO - [2024-10-04T00:15:39.198+0000] {dagbag.py:588} INFO - Filling up the DagBag from /home/airflow/.local/lib/python3.12/site-packages/airflow/example_dags/tutorial_taskflow_api.py
[2024-10-04T00:15:39.203+0000] {processor.py:925} INFO - DAG(s) 'tutorial_taskflow_api' retrieved from /home/airflow/.local/lib/python3.12/site-packages/airflow/example_dags/tutorial_taskflow_api.py
[2024-10-04T00:15:39.212+0000] {logging_mixin.py:190} INFO - [2024-10-04T00:15:39.212+0000] {dag.py:3239} INFO - Sync 1 DAGs
[2024-10-04T00:15:39.220+0000] {logging_mixin.py:190} INFO - [2024-10-04T00:15:39.219+0000] {dag.py:4180} INFO - Setting next_dagrun for tutorial_taskflow_api to None, run_after=None
[2024-10-04T00:15:39.230+0000] {processor.py:208} INFO - Processing /home/airflow/.local/lib/python3.12/site-packages/airflow/example_dags/tutorial_taskflow_api.py took 0.036 seconds
[2024-10-04T00:16:09.704+0000] {processor.py:186} INFO - Started process (PID=96872) to work on /home/airflow/.local/lib/python3.12/site-packages/airflow/example_dags/tutorial_taskflow_api.py
[2024-10-04T00:16:09.704+0000] {processor.py:914} INFO - Processing file /home/airflow/.local/lib/python3.12/site-packages/airflow/example_dags/tutorial_taskflow_api.py for tasks to queue
[2024-10-04T00:16:09.705+0000] {logging_mixin.py:190} INFO - [2024-10-04T00:16:09.705+0000] {dagbag.py:588} INFO - Filling up the DagBag from /home/airflow/.local/lib/python3.12/site-packages/airflow/example_dags/tutorial_taskflow_api.py
[2024-10-04T00:16:09.710+0000] {processor.py:925} INFO - DAG(s) 'tutorial_taskflow_api' retrieved from /home/airflow/.local/lib/python3.12/site-packages/airflow/example_dags/tutorial_taskflow_api.py
[2024-10-04T00:16:09.720+0000] {logging_mixin.py:190} INFO - [2024-10-04T00:16:09.720+0000] {dag.py:3239} INFO - Sync 1 DAGs
[2024-10-04T00:16:09.727+0000] {logging_mixin.py:190} INFO - [2024-10-04T00:16:09.727+0000] {dag.py:4180} INFO - Setting next_dagrun for tutorial_taskflow_api to None, run_after=None
[2024-10-04T00:16:09.736+0000] {processor.py:208} INFO - Processing /home/airflow/.local/lib/python3.12/site-packages/airflow/example_dags/tutorial_taskflow_api.py took 0.035 seconds
[2024-10-04T00:16:40.351+0000] {processor.py:186} INFO - Started process (PID=96935) to work on /home/airflow/.local/lib/python3.12/site-packages/airflow/example_dags/tutorial_taskflow_api.py
[2024-10-04T00:16:40.351+0000] {processor.py:914} INFO - Processing file /home/airflow/.local/lib/python3.12/site-packages/airflow/example_dags/tutorial_taskflow_api.py for tasks to queue
[2024-10-04T00:16:40.352+0000] {logging_mixin.py:190} INFO - [2024-10-04T00:16:40.352+0000] {dagbag.py:588} INFO - Filling up the DagBag from /home/airflow/.local/lib/python3.12/site-packages/airflow/example_dags/tutorial_taskflow_api.py
[2024-10-04T00:16:40.357+0000] {processor.py:925} INFO - DAG(s) 'tutorial_taskflow_api' retrieved from /home/airflow/.local/lib/python3.12/site-packages/airflow/example_dags/tutorial_taskflow_api.py
[2024-10-04T00:16:40.368+0000] {logging_mixin.py:190} INFO - [2024-10-04T00:16:40.368+0000] {dag.py:3239} INFO - Sync 1 DAGs
[2024-10-04T00:16:40.376+0000] {logging_mixin.py:190} INFO - [2024-10-04T00:16:40.376+0000] {dag.py:4180} INFO - Setting next_dagrun for tutorial_taskflow_api to None, run_after=None
[2024-10-04T00:16:40.385+0000] {processor.py:208} INFO - Processing /home/airflow/.local/lib/python3.12/site-packages/airflow/example_dags/tutorial_taskflow_api.py took 0.037 seconds
[2024-10-04T00:17:11.045+0000] {processor.py:186} INFO - Started process (PID=96998) to work on /home/airflow/.local/lib/python3.12/site-packages/airflow/example_dags/tutorial_taskflow_api.py
[2024-10-04T00:17:11.046+0000] {processor.py:914} INFO - Processing file /home/airflow/.local/lib/python3.12/site-packages/airflow/example_dags/tutorial_taskflow_api.py for tasks to queue
[2024-10-04T00:17:11.046+0000] {logging_mixin.py:190} INFO - [2024-10-04T00:17:11.046+0000] {dagbag.py:588} INFO - Filling up the DagBag from /home/airflow/.local/lib/python3.12/site-packages/airflow/example_dags/tutorial_taskflow_api.py
[2024-10-04T00:17:11.050+0000] {processor.py:925} INFO - DAG(s) 'tutorial_taskflow_api' retrieved from /home/airflow/.local/lib/python3.12/site-packages/airflow/example_dags/tutorial_taskflow_api.py
[2024-10-04T00:17:11.060+0000] {logging_mixin.py:190} INFO - [2024-10-04T00:17:11.060+0000] {dag.py:3239} INFO - Sync 1 DAGs
[2024-10-04T00:17:11.068+0000] {logging_mixin.py:190} INFO - [2024-10-04T00:17:11.068+0000] {dag.py:4180} INFO - Setting next_dagrun for tutorial_taskflow_api to None, run_after=None
[2024-10-04T00:17:11.077+0000] {processor.py:208} INFO - Processing /home/airflow/.local/lib/python3.12/site-packages/airflow/example_dags/tutorial_taskflow_api.py took 0.035 seconds
[2024-10-04T00:17:41.580+0000] {processor.py:186} INFO - Started process (PID=97061) to work on /home/airflow/.local/lib/python3.12/site-packages/airflow/example_dags/tutorial_taskflow_api.py
[2024-10-04T00:17:41.580+0000] {processor.py:914} INFO - Processing file /home/airflow/.local/lib/python3.12/site-packages/airflow/example_dags/tutorial_taskflow_api.py for tasks to queue
[2024-10-04T00:17:41.581+0000] {logging_mixin.py:190} INFO - [2024-10-04T00:17:41.580+0000] {dagbag.py:588} INFO - Filling up the DagBag from /home/airflow/.local/lib/python3.12/site-packages/airflow/example_dags/tutorial_taskflow_api.py
[2024-10-04T00:17:41.585+0000] {processor.py:925} INFO - DAG(s) 'tutorial_taskflow_api' retrieved from /home/airflow/.local/lib/python3.12/site-packages/airflow/example_dags/tutorial_taskflow_api.py
[2024-10-04T00:17:41.595+0000] {logging_mixin.py:190} INFO - [2024-10-04T00:17:41.595+0000] {dag.py:3239} INFO - Sync 1 DAGs
[2024-10-04T00:17:41.603+0000] {logging_mixin.py:190} INFO - [2024-10-04T00:17:41.603+0000] {dag.py:4180} INFO - Setting next_dagrun for tutorial_taskflow_api to None, run_after=None
[2024-10-04T00:17:41.612+0000] {processor.py:208} INFO - Processing /home/airflow/.local/lib/python3.12/site-packages/airflow/example_dags/tutorial_taskflow_api.py took 0.035 seconds
[2024-10-04T00:18:11.995+0000] {processor.py:186} INFO - Started process (PID=97124) to work on /home/airflow/.local/lib/python3.12/site-packages/airflow/example_dags/tutorial_taskflow_api.py
[2024-10-04T00:18:11.995+0000] {processor.py:914} INFO - Processing file /home/airflow/.local/lib/python3.12/site-packages/airflow/example_dags/tutorial_taskflow_api.py for tasks to queue
[2024-10-04T00:18:11.996+0000] {logging_mixin.py:190} INFO - [2024-10-04T00:18:11.996+0000] {dagbag.py:588} INFO - Filling up the DagBag from /home/airflow/.local/lib/python3.12/site-packages/airflow/example_dags/tutorial_taskflow_api.py
[2024-10-04T00:18:12.000+0000] {processor.py:925} INFO - DAG(s) 'tutorial_taskflow_api' retrieved from /home/airflow/.local/lib/python3.12/site-packages/airflow/example_dags/tutorial_taskflow_api.py
[2024-10-04T00:18:12.010+0000] {logging_mixin.py:190} INFO - [2024-10-04T00:18:12.010+0000] {dag.py:3239} INFO - Sync 1 DAGs
[2024-10-04T00:18:12.017+0000] {logging_mixin.py:190} INFO - [2024-10-04T00:18:12.017+0000] {dag.py:4180} INFO - Setting next_dagrun for tutorial_taskflow_api to None, run_after=None
[2024-10-04T00:18:12.027+0000] {processor.py:208} INFO - Processing /home/airflow/.local/lib/python3.12/site-packages/airflow/example_dags/tutorial_taskflow_api.py took 0.035 seconds
[2024-10-04T00:18:42.730+0000] {processor.py:186} INFO - Started process (PID=97187) to work on /home/airflow/.local/lib/python3.12/site-packages/airflow/example_dags/tutorial_taskflow_api.py
[2024-10-04T00:18:42.731+0000] {processor.py:914} INFO - Processing file /home/airflow/.local/lib/python3.12/site-packages/airflow/example_dags/tutorial_taskflow_api.py for tasks to queue
[2024-10-04T00:18:42.731+0000] {logging_mixin.py:190} INFO - [2024-10-04T00:18:42.731+0000] {dagbag.py:588} INFO - Filling up the DagBag from /home/airflow/.local/lib/python3.12/site-packages/airflow/example_dags/tutorial_taskflow_api.py
[2024-10-04T00:18:42.736+0000] {processor.py:925} INFO - DAG(s) 'tutorial_taskflow_api' retrieved from /home/airflow/.local/lib/python3.12/site-packages/airflow/example_dags/tutorial_taskflow_api.py
[2024-10-04T00:18:42.746+0000] {logging_mixin.py:190} INFO - [2024-10-04T00:18:42.746+0000] {dag.py:3239} INFO - Sync 1 DAGs
[2024-10-04T00:18:42.753+0000] {logging_mixin.py:190} INFO - [2024-10-04T00:18:42.753+0000] {dag.py:4180} INFO - Setting next_dagrun for tutorial_taskflow_api to None, run_after=None
[2024-10-04T00:18:42.763+0000] {processor.py:208} INFO - Processing /home/airflow/.local/lib/python3.12/site-packages/airflow/example_dags/tutorial_taskflow_api.py took 0.036 seconds
[2024-10-04T00:19:13.278+0000] {processor.py:186} INFO - Started process (PID=97250) to work on /home/airflow/.local/lib/python3.12/site-packages/airflow/example_dags/tutorial_taskflow_api.py
[2024-10-04T00:19:13.278+0000] {processor.py:914} INFO - Processing file /home/airflow/.local/lib/python3.12/site-packages/airflow/example_dags/tutorial_taskflow_api.py for tasks to queue
[2024-10-04T00:19:13.279+0000] {logging_mixin.py:190} INFO - [2024-10-04T00:19:13.278+0000] {dagbag.py:588} INFO - Filling up the DagBag from /home/airflow/.local/lib/python3.12/site-packages/airflow/example_dags/tutorial_taskflow_api.py
[2024-10-04T00:19:13.283+0000] {processor.py:925} INFO - DAG(s) 'tutorial_taskflow_api' retrieved from /home/airflow/.local/lib/python3.12/site-packages/airflow/example_dags/tutorial_taskflow_api.py
[2024-10-04T00:19:13.293+0000] {logging_mixin.py:190} INFO - [2024-10-04T00:19:13.293+0000] {dag.py:3239} INFO - Sync 1 DAGs
[2024-10-04T00:19:13.300+0000] {logging_mixin.py:190} INFO - [2024-10-04T00:19:13.300+0000] {dag.py:4180} INFO - Setting next_dagrun for tutorial_taskflow_api to None, run_after=None
[2024-10-04T00:19:13.310+0000] {processor.py:208} INFO - Processing /home/airflow/.local/lib/python3.12/site-packages/airflow/example_dags/tutorial_taskflow_api.py took 0.036 seconds
[2024-10-04T00:19:43.822+0000] {processor.py:186} INFO - Started process (PID=97313) to work on /home/airflow/.local/lib/python3.12/site-packages/airflow/example_dags/tutorial_taskflow_api.py
[2024-10-04T00:19:43.823+0000] {processor.py:914} INFO - Processing file /home/airflow/.local/lib/python3.12/site-packages/airflow/example_dags/tutorial_taskflow_api.py for tasks to queue
[2024-10-04T00:19:43.823+0000] {logging_mixin.py:190} INFO - [2024-10-04T00:19:43.823+0000] {dagbag.py:588} INFO - Filling up the DagBag from /home/airflow/.local/lib/python3.12/site-packages/airflow/example_dags/tutorial_taskflow_api.py
[2024-10-04T00:19:43.828+0000] {processor.py:925} INFO - DAG(s) 'tutorial_taskflow_api' retrieved from /home/airflow/.local/lib/python3.12/site-packages/airflow/example_dags/tutorial_taskflow_api.py
[2024-10-04T00:19:43.839+0000] {logging_mixin.py:190} INFO - [2024-10-04T00:19:43.839+0000] {dag.py:3239} INFO - Sync 1 DAGs
[2024-10-04T00:19:43.847+0000] {logging_mixin.py:190} INFO - [2024-10-04T00:19:43.847+0000] {dag.py:4180} INFO - Setting next_dagrun for tutorial_taskflow_api to None, run_after=None
[2024-10-04T00:19:43.856+0000] {processor.py:208} INFO - Processing /home/airflow/.local/lib/python3.12/site-packages/airflow/example_dags/tutorial_taskflow_api.py took 0.037 seconds
[2024-10-04T00:20:14.335+0000] {processor.py:186} INFO - Started process (PID=97376) to work on /home/airflow/.local/lib/python3.12/site-packages/airflow/example_dags/tutorial_taskflow_api.py
[2024-10-04T00:20:14.335+0000] {processor.py:914} INFO - Processing file /home/airflow/.local/lib/python3.12/site-packages/airflow/example_dags/tutorial_taskflow_api.py for tasks to queue
[2024-10-04T00:20:14.336+0000] {logging_mixin.py:190} INFO - [2024-10-04T00:20:14.336+0000] {dagbag.py:588} INFO - Filling up the DagBag from /home/airflow/.local/lib/python3.12/site-packages/airflow/example_dags/tutorial_taskflow_api.py
[2024-10-04T00:20:14.341+0000] {processor.py:925} INFO - DAG(s) 'tutorial_taskflow_api' retrieved from /home/airflow/.local/lib/python3.12/site-packages/airflow/example_dags/tutorial_taskflow_api.py
[2024-10-04T00:20:14.350+0000] {logging_mixin.py:190} INFO - [2024-10-04T00:20:14.350+0000] {dag.py:3239} INFO - Sync 1 DAGs
[2024-10-04T00:20:14.358+0000] {logging_mixin.py:190} INFO - [2024-10-04T00:20:14.357+0000] {dag.py:4180} INFO - Setting next_dagrun for tutorial_taskflow_api to None, run_after=None
[2024-10-04T00:20:14.366+0000] {processor.py:208} INFO - Processing /home/airflow/.local/lib/python3.12/site-packages/airflow/example_dags/tutorial_taskflow_api.py took 0.035 seconds
[2024-10-04T00:20:44.924+0000] {processor.py:186} INFO - Started process (PID=97439) to work on /home/airflow/.local/lib/python3.12/site-packages/airflow/example_dags/tutorial_taskflow_api.py
[2024-10-04T00:20:44.924+0000] {processor.py:914} INFO - Processing file /home/airflow/.local/lib/python3.12/site-packages/airflow/example_dags/tutorial_taskflow_api.py for tasks to queue
[2024-10-04T00:20:44.925+0000] {logging_mixin.py:190} INFO - [2024-10-04T00:20:44.925+0000] {dagbag.py:588} INFO - Filling up the DagBag from /home/airflow/.local/lib/python3.12/site-packages/airflow/example_dags/tutorial_taskflow_api.py
[2024-10-04T00:20:44.929+0000] {processor.py:925} INFO - DAG(s) 'tutorial_taskflow_api' retrieved from /home/airflow/.local/lib/python3.12/site-packages/airflow/example_dags/tutorial_taskflow_api.py
[2024-10-04T00:20:44.938+0000] {logging_mixin.py:190} INFO - [2024-10-04T00:20:44.938+0000] {dag.py:3239} INFO - Sync 1 DAGs
[2024-10-04T00:20:44.945+0000] {logging_mixin.py:190} INFO - [2024-10-04T00:20:44.945+0000] {dag.py:4180} INFO - Setting next_dagrun for tutorial_taskflow_api to None, run_after=None
[2024-10-04T00:20:44.954+0000] {processor.py:208} INFO - Processing /home/airflow/.local/lib/python3.12/site-packages/airflow/example_dags/tutorial_taskflow_api.py took 0.033 seconds
[2024-10-04T00:21:15.916+0000] {processor.py:186} INFO - Started process (PID=97502) to work on /home/airflow/.local/lib/python3.12/site-packages/airflow/example_dags/tutorial_taskflow_api.py
[2024-10-04T00:21:15.916+0000] {processor.py:914} INFO - Processing file /home/airflow/.local/lib/python3.12/site-packages/airflow/example_dags/tutorial_taskflow_api.py for tasks to queue
[2024-10-04T00:21:15.916+0000] {logging_mixin.py:190} INFO - [2024-10-04T00:21:15.916+0000] {dagbag.py:588} INFO - Filling up the DagBag from /home/airflow/.local/lib/python3.12/site-packages/airflow/example_dags/tutorial_taskflow_api.py
[2024-10-04T00:21:15.921+0000] {processor.py:925} INFO - DAG(s) 'tutorial_taskflow_api' retrieved from /home/airflow/.local/lib/python3.12/site-packages/airflow/example_dags/tutorial_taskflow_api.py
[2024-10-04T00:21:15.936+0000] {logging_mixin.py:190} INFO - [2024-10-04T00:21:15.936+0000] {dag.py:3239} INFO - Sync 1 DAGs
[2024-10-04T00:21:15.945+0000] {logging_mixin.py:190} INFO - [2024-10-04T00:21:15.945+0000] {dag.py:4180} INFO - Setting next_dagrun for tutorial_taskflow_api to None, run_after=None
[2024-10-04T00:21:15.960+0000] {processor.py:208} INFO - Processing /home/airflow/.local/lib/python3.12/site-packages/airflow/example_dags/tutorial_taskflow_api.py took 0.048 seconds
[2024-10-04T00:21:46.545+0000] {processor.py:186} INFO - Started process (PID=97565) to work on /home/airflow/.local/lib/python3.12/site-packages/airflow/example_dags/tutorial_taskflow_api.py
[2024-10-04T00:21:46.546+0000] {processor.py:914} INFO - Processing file /home/airflow/.local/lib/python3.12/site-packages/airflow/example_dags/tutorial_taskflow_api.py for tasks to queue
[2024-10-04T00:21:46.547+0000] {logging_mixin.py:190} INFO - [2024-10-04T00:21:46.546+0000] {dagbag.py:588} INFO - Filling up the DagBag from /home/airflow/.local/lib/python3.12/site-packages/airflow/example_dags/tutorial_taskflow_api.py
[2024-10-04T00:21:46.551+0000] {processor.py:925} INFO - DAG(s) 'tutorial_taskflow_api' retrieved from /home/airflow/.local/lib/python3.12/site-packages/airflow/example_dags/tutorial_taskflow_api.py
[2024-10-04T00:21:46.561+0000] {logging_mixin.py:190} INFO - [2024-10-04T00:21:46.561+0000] {dag.py:3239} INFO - Sync 1 DAGs
[2024-10-04T00:21:46.568+0000] {logging_mixin.py:190} INFO - [2024-10-04T00:21:46.568+0000] {dag.py:4180} INFO - Setting next_dagrun for tutorial_taskflow_api to None, run_after=None
[2024-10-04T00:21:46.577+0000] {processor.py:208} INFO - Processing /home/airflow/.local/lib/python3.12/site-packages/airflow/example_dags/tutorial_taskflow_api.py took 0.035 seconds
