[2024-10-04T00:00:29.306+0000] {processor.py:186} INFO - Started process (PID=94919) to work on /home/airflow/.local/lib/python3.12/site-packages/airflow/example_dags/tutorial_objectstorage.py
[2024-10-04T00:00:29.306+0000] {processor.py:914} INFO - Processing file /home/airflow/.local/lib/python3.12/site-packages/airflow/example_dags/tutorial_objectstorage.py for tasks to queue
[2024-10-04T00:00:29.307+0000] {logging_mixin.py:190} INFO - [2024-10-04T00:00:29.307+0000] {dagbag.py:588} INFO - Filling up the DagBag from /home/airflow/.local/lib/python3.12/site-packages/airflow/example_dags/tutorial_objectstorage.py
[2024-10-04T00:00:29.312+0000] {processor.py:925} INFO - DAG(s) 'tutorial_objectstorage' retrieved from /home/airflow/.local/lib/python3.12/site-packages/airflow/example_dags/tutorial_objectstorage.py
[2024-10-04T00:00:29.320+0000] {logging_mixin.py:190} INFO - [2024-10-04T00:00:29.320+0000] {dag.py:3239} INFO - Sync 1 DAGs
[2024-10-04T00:00:29.326+0000] {logging_mixin.py:190} INFO - [2024-10-04T00:00:29.326+0000] {dag.py:4180} INFO - Setting next_dagrun for tutorial_objectstorage to None, run_after=None
[2024-10-04T00:00:29.334+0000] {processor.py:208} INFO - Processing /home/airflow/.local/lib/python3.12/site-packages/airflow/example_dags/tutorial_objectstorage.py took 0.031 seconds
[2024-10-04T00:00:59.441+0000] {processor.py:186} INFO - Started process (PID=94982) to work on /home/airflow/.local/lib/python3.12/site-packages/airflow/example_dags/tutorial_objectstorage.py
[2024-10-04T00:00:59.442+0000] {processor.py:914} INFO - Processing file /home/airflow/.local/lib/python3.12/site-packages/airflow/example_dags/tutorial_objectstorage.py for tasks to queue
[2024-10-04T00:00:59.442+0000] {logging_mixin.py:190} INFO - [2024-10-04T00:00:59.442+0000] {dagbag.py:588} INFO - Filling up the DagBag from /home/airflow/.local/lib/python3.12/site-packages/airflow/example_dags/tutorial_objectstorage.py
[2024-10-04T00:00:59.448+0000] {processor.py:925} INFO - DAG(s) 'tutorial_objectstorage' retrieved from /home/airflow/.local/lib/python3.12/site-packages/airflow/example_dags/tutorial_objectstorage.py
[2024-10-04T00:00:59.458+0000] {logging_mixin.py:190} INFO - [2024-10-04T00:00:59.458+0000] {dag.py:3239} INFO - Sync 1 DAGs
[2024-10-04T00:00:59.464+0000] {logging_mixin.py:190} INFO - [2024-10-04T00:00:59.464+0000] {dag.py:4180} INFO - Setting next_dagrun for tutorial_objectstorage to None, run_after=None
[2024-10-04T00:00:59.474+0000] {processor.py:208} INFO - Processing /home/airflow/.local/lib/python3.12/site-packages/airflow/example_dags/tutorial_objectstorage.py took 0.036 seconds
[2024-10-04T00:01:29.586+0000] {processor.py:186} INFO - Started process (PID=95045) to work on /home/airflow/.local/lib/python3.12/site-packages/airflow/example_dags/tutorial_objectstorage.py
[2024-10-04T00:01:29.587+0000] {processor.py:914} INFO - Processing file /home/airflow/.local/lib/python3.12/site-packages/airflow/example_dags/tutorial_objectstorage.py for tasks to queue
[2024-10-04T00:01:29.587+0000] {logging_mixin.py:190} INFO - [2024-10-04T00:01:29.587+0000] {dagbag.py:588} INFO - Filling up the DagBag from /home/airflow/.local/lib/python3.12/site-packages/airflow/example_dags/tutorial_objectstorage.py
[2024-10-04T00:01:29.593+0000] {processor.py:925} INFO - DAG(s) 'tutorial_objectstorage' retrieved from /home/airflow/.local/lib/python3.12/site-packages/airflow/example_dags/tutorial_objectstorage.py
[2024-10-04T00:01:29.602+0000] {logging_mixin.py:190} INFO - [2024-10-04T00:01:29.602+0000] {dag.py:3239} INFO - Sync 1 DAGs
[2024-10-04T00:01:29.609+0000] {logging_mixin.py:190} INFO - [2024-10-04T00:01:29.609+0000] {dag.py:4180} INFO - Setting next_dagrun for tutorial_objectstorage to None, run_after=None
[2024-10-04T00:01:29.618+0000] {processor.py:208} INFO - Processing /home/airflow/.local/lib/python3.12/site-packages/airflow/example_dags/tutorial_objectstorage.py took 0.035 seconds
[2024-10-04T00:01:59.982+0000] {processor.py:186} INFO - Started process (PID=95108) to work on /home/airflow/.local/lib/python3.12/site-packages/airflow/example_dags/tutorial_objectstorage.py
[2024-10-04T00:01:59.983+0000] {processor.py:914} INFO - Processing file /home/airflow/.local/lib/python3.12/site-packages/airflow/example_dags/tutorial_objectstorage.py for tasks to queue
[2024-10-04T00:01:59.984+0000] {logging_mixin.py:190} INFO - [2024-10-04T00:01:59.984+0000] {dagbag.py:588} INFO - Filling up the DagBag from /home/airflow/.local/lib/python3.12/site-packages/airflow/example_dags/tutorial_objectstorage.py
[2024-10-04T00:01:59.989+0000] {processor.py:925} INFO - DAG(s) 'tutorial_objectstorage' retrieved from /home/airflow/.local/lib/python3.12/site-packages/airflow/example_dags/tutorial_objectstorage.py
[2024-10-04T00:01:59.997+0000] {logging_mixin.py:190} INFO - [2024-10-04T00:01:59.997+0000] {dag.py:3239} INFO - Sync 1 DAGs
[2024-10-04T00:02:00.004+0000] {logging_mixin.py:190} INFO - [2024-10-04T00:02:00.004+0000] {dag.py:4180} INFO - Setting next_dagrun for tutorial_objectstorage to None, run_after=None
[2024-10-04T00:02:00.013+0000] {processor.py:208} INFO - Processing /home/airflow/.local/lib/python3.12/site-packages/airflow/example_dags/tutorial_objectstorage.py took 0.034 seconds
[2024-10-04T00:02:30.222+0000] {processor.py:186} INFO - Started process (PID=95171) to work on /home/airflow/.local/lib/python3.12/site-packages/airflow/example_dags/tutorial_objectstorage.py
[2024-10-04T00:02:30.223+0000] {processor.py:914} INFO - Processing file /home/airflow/.local/lib/python3.12/site-packages/airflow/example_dags/tutorial_objectstorage.py for tasks to queue
[2024-10-04T00:02:30.224+0000] {logging_mixin.py:190} INFO - [2024-10-04T00:02:30.223+0000] {dagbag.py:588} INFO - Filling up the DagBag from /home/airflow/.local/lib/python3.12/site-packages/airflow/example_dags/tutorial_objectstorage.py
[2024-10-04T00:02:30.229+0000] {processor.py:925} INFO - DAG(s) 'tutorial_objectstorage' retrieved from /home/airflow/.local/lib/python3.12/site-packages/airflow/example_dags/tutorial_objectstorage.py
[2024-10-04T00:02:30.239+0000] {logging_mixin.py:190} INFO - [2024-10-04T00:02:30.239+0000] {dag.py:3239} INFO - Sync 1 DAGs
[2024-10-04T00:02:30.245+0000] {logging_mixin.py:190} INFO - [2024-10-04T00:02:30.245+0000] {dag.py:4180} INFO - Setting next_dagrun for tutorial_objectstorage to None, run_after=None
[2024-10-04T00:02:30.254+0000] {processor.py:208} INFO - Processing /home/airflow/.local/lib/python3.12/site-packages/airflow/example_dags/tutorial_objectstorage.py took 0.035 seconds
[2024-10-04T00:03:00.423+0000] {processor.py:186} INFO - Started process (PID=95234) to work on /home/airflow/.local/lib/python3.12/site-packages/airflow/example_dags/tutorial_objectstorage.py
[2024-10-04T00:03:00.423+0000] {processor.py:914} INFO - Processing file /home/airflow/.local/lib/python3.12/site-packages/airflow/example_dags/tutorial_objectstorage.py for tasks to queue
[2024-10-04T00:03:00.424+0000] {logging_mixin.py:190} INFO - [2024-10-04T00:03:00.424+0000] {dagbag.py:588} INFO - Filling up the DagBag from /home/airflow/.local/lib/python3.12/site-packages/airflow/example_dags/tutorial_objectstorage.py
[2024-10-04T00:03:00.429+0000] {processor.py:925} INFO - DAG(s) 'tutorial_objectstorage' retrieved from /home/airflow/.local/lib/python3.12/site-packages/airflow/example_dags/tutorial_objectstorage.py
[2024-10-04T00:03:00.436+0000] {logging_mixin.py:190} INFO - [2024-10-04T00:03:00.436+0000] {dag.py:3239} INFO - Sync 1 DAGs
[2024-10-04T00:03:00.442+0000] {logging_mixin.py:190} INFO - [2024-10-04T00:03:00.442+0000] {dag.py:4180} INFO - Setting next_dagrun for tutorial_objectstorage to None, run_after=None
[2024-10-04T00:03:00.450+0000] {processor.py:208} INFO - Processing /home/airflow/.local/lib/python3.12/site-packages/airflow/example_dags/tutorial_objectstorage.py took 0.030 seconds
[2024-10-04T00:03:30.539+0000] {processor.py:186} INFO - Started process (PID=95297) to work on /home/airflow/.local/lib/python3.12/site-packages/airflow/example_dags/tutorial_objectstorage.py
[2024-10-04T00:03:30.540+0000] {processor.py:914} INFO - Processing file /home/airflow/.local/lib/python3.12/site-packages/airflow/example_dags/tutorial_objectstorage.py for tasks to queue
[2024-10-04T00:03:30.540+0000] {logging_mixin.py:190} INFO - [2024-10-04T00:03:30.540+0000] {dagbag.py:588} INFO - Filling up the DagBag from /home/airflow/.local/lib/python3.12/site-packages/airflow/example_dags/tutorial_objectstorage.py
[2024-10-04T00:03:30.546+0000] {processor.py:925} INFO - DAG(s) 'tutorial_objectstorage' retrieved from /home/airflow/.local/lib/python3.12/site-packages/airflow/example_dags/tutorial_objectstorage.py
[2024-10-04T00:03:30.554+0000] {logging_mixin.py:190} INFO - [2024-10-04T00:03:30.554+0000] {dag.py:3239} INFO - Sync 1 DAGs
[2024-10-04T00:03:30.560+0000] {logging_mixin.py:190} INFO - [2024-10-04T00:03:30.560+0000] {dag.py:4180} INFO - Setting next_dagrun for tutorial_objectstorage to None, run_after=None
[2024-10-04T00:03:30.568+0000] {processor.py:208} INFO - Processing /home/airflow/.local/lib/python3.12/site-packages/airflow/example_dags/tutorial_objectstorage.py took 0.032 seconds
[2024-10-04T00:04:00.736+0000] {processor.py:186} INFO - Started process (PID=95360) to work on /home/airflow/.local/lib/python3.12/site-packages/airflow/example_dags/tutorial_objectstorage.py
[2024-10-04T00:04:00.737+0000] {processor.py:914} INFO - Processing file /home/airflow/.local/lib/python3.12/site-packages/airflow/example_dags/tutorial_objectstorage.py for tasks to queue
[2024-10-04T00:04:00.738+0000] {logging_mixin.py:190} INFO - [2024-10-04T00:04:00.737+0000] {dagbag.py:588} INFO - Filling up the DagBag from /home/airflow/.local/lib/python3.12/site-packages/airflow/example_dags/tutorial_objectstorage.py
[2024-10-04T00:04:00.743+0000] {processor.py:925} INFO - DAG(s) 'tutorial_objectstorage' retrieved from /home/airflow/.local/lib/python3.12/site-packages/airflow/example_dags/tutorial_objectstorage.py
[2024-10-04T00:04:00.753+0000] {logging_mixin.py:190} INFO - [2024-10-04T00:04:00.753+0000] {dag.py:3239} INFO - Sync 1 DAGs
[2024-10-04T00:04:00.760+0000] {logging_mixin.py:190} INFO - [2024-10-04T00:04:00.759+0000] {dag.py:4180} INFO - Setting next_dagrun for tutorial_objectstorage to None, run_after=None
[2024-10-04T00:04:00.769+0000] {processor.py:208} INFO - Processing /home/airflow/.local/lib/python3.12/site-packages/airflow/example_dags/tutorial_objectstorage.py took 0.036 seconds
[2024-10-04T00:04:31.100+0000] {processor.py:186} INFO - Started process (PID=95423) to work on /home/airflow/.local/lib/python3.12/site-packages/airflow/example_dags/tutorial_objectstorage.py
[2024-10-04T00:04:31.101+0000] {processor.py:914} INFO - Processing file /home/airflow/.local/lib/python3.12/site-packages/airflow/example_dags/tutorial_objectstorage.py for tasks to queue
[2024-10-04T00:04:31.101+0000] {logging_mixin.py:190} INFO - [2024-10-04T00:04:31.101+0000] {dagbag.py:588} INFO - Filling up the DagBag from /home/airflow/.local/lib/python3.12/site-packages/airflow/example_dags/tutorial_objectstorage.py
[2024-10-04T00:04:31.107+0000] {processor.py:925} INFO - DAG(s) 'tutorial_objectstorage' retrieved from /home/airflow/.local/lib/python3.12/site-packages/airflow/example_dags/tutorial_objectstorage.py
[2024-10-04T00:04:31.117+0000] {logging_mixin.py:190} INFO - [2024-10-04T00:04:31.116+0000] {dag.py:3239} INFO - Sync 1 DAGs
[2024-10-04T00:04:31.123+0000] {logging_mixin.py:190} INFO - [2024-10-04T00:04:31.123+0000] {dag.py:4180} INFO - Setting next_dagrun for tutorial_objectstorage to None, run_after=None
[2024-10-04T00:04:31.131+0000] {processor.py:208} INFO - Processing /home/airflow/.local/lib/python3.12/site-packages/airflow/example_dags/tutorial_objectstorage.py took 0.034 seconds
[2024-10-04T00:05:01.250+0000] {processor.py:186} INFO - Started process (PID=95486) to work on /home/airflow/.local/lib/python3.12/site-packages/airflow/example_dags/tutorial_objectstorage.py
[2024-10-04T00:05:01.250+0000] {processor.py:914} INFO - Processing file /home/airflow/.local/lib/python3.12/site-packages/airflow/example_dags/tutorial_objectstorage.py for tasks to queue
[2024-10-04T00:05:01.251+0000] {logging_mixin.py:190} INFO - [2024-10-04T00:05:01.251+0000] {dagbag.py:588} INFO - Filling up the DagBag from /home/airflow/.local/lib/python3.12/site-packages/airflow/example_dags/tutorial_objectstorage.py
[2024-10-04T00:05:01.257+0000] {processor.py:925} INFO - DAG(s) 'tutorial_objectstorage' retrieved from /home/airflow/.local/lib/python3.12/site-packages/airflow/example_dags/tutorial_objectstorage.py
[2024-10-04T00:05:01.266+0000] {logging_mixin.py:190} INFO - [2024-10-04T00:05:01.266+0000] {dag.py:3239} INFO - Sync 1 DAGs
[2024-10-04T00:05:01.273+0000] {logging_mixin.py:190} INFO - [2024-10-04T00:05:01.273+0000] {dag.py:4180} INFO - Setting next_dagrun for tutorial_objectstorage to None, run_after=None
[2024-10-04T00:05:01.282+0000] {processor.py:208} INFO - Processing /home/airflow/.local/lib/python3.12/site-packages/airflow/example_dags/tutorial_objectstorage.py took 0.035 seconds
[2024-10-04T00:05:31.649+0000] {processor.py:186} INFO - Started process (PID=95549) to work on /home/airflow/.local/lib/python3.12/site-packages/airflow/example_dags/tutorial_objectstorage.py
[2024-10-04T00:05:31.650+0000] {processor.py:914} INFO - Processing file /home/airflow/.local/lib/python3.12/site-packages/airflow/example_dags/tutorial_objectstorage.py for tasks to queue
[2024-10-04T00:05:31.650+0000] {logging_mixin.py:190} INFO - [2024-10-04T00:05:31.650+0000] {dagbag.py:588} INFO - Filling up the DagBag from /home/airflow/.local/lib/python3.12/site-packages/airflow/example_dags/tutorial_objectstorage.py
[2024-10-04T00:05:31.656+0000] {processor.py:925} INFO - DAG(s) 'tutorial_objectstorage' retrieved from /home/airflow/.local/lib/python3.12/site-packages/airflow/example_dags/tutorial_objectstorage.py
[2024-10-04T00:05:31.667+0000] {logging_mixin.py:190} INFO - [2024-10-04T00:05:31.667+0000] {dag.py:3239} INFO - Sync 1 DAGs
[2024-10-04T00:05:31.675+0000] {logging_mixin.py:190} INFO - [2024-10-04T00:05:31.675+0000] {dag.py:4180} INFO - Setting next_dagrun for tutorial_objectstorage to None, run_after=None
[2024-10-04T00:05:31.685+0000] {processor.py:208} INFO - Processing /home/airflow/.local/lib/python3.12/site-packages/airflow/example_dags/tutorial_objectstorage.py took 0.039 seconds
[2024-10-04T00:06:01.737+0000] {processor.py:186} INFO - Started process (PID=95612) to work on /home/airflow/.local/lib/python3.12/site-packages/airflow/example_dags/tutorial_objectstorage.py
[2024-10-04T00:06:01.738+0000] {processor.py:914} INFO - Processing file /home/airflow/.local/lib/python3.12/site-packages/airflow/example_dags/tutorial_objectstorage.py for tasks to queue
[2024-10-04T00:06:01.738+0000] {logging_mixin.py:190} INFO - [2024-10-04T00:06:01.738+0000] {dagbag.py:588} INFO - Filling up the DagBag from /home/airflow/.local/lib/python3.12/site-packages/airflow/example_dags/tutorial_objectstorage.py
[2024-10-04T00:06:01.744+0000] {processor.py:925} INFO - DAG(s) 'tutorial_objectstorage' retrieved from /home/airflow/.local/lib/python3.12/site-packages/airflow/example_dags/tutorial_objectstorage.py
[2024-10-04T00:06:01.753+0000] {logging_mixin.py:190} INFO - [2024-10-04T00:06:01.753+0000] {dag.py:3239} INFO - Sync 1 DAGs
[2024-10-04T00:06:01.760+0000] {logging_mixin.py:190} INFO - [2024-10-04T00:06:01.760+0000] {dag.py:4180} INFO - Setting next_dagrun for tutorial_objectstorage to None, run_after=None
[2024-10-04T00:06:01.769+0000] {processor.py:208} INFO - Processing /home/airflow/.local/lib/python3.12/site-packages/airflow/example_dags/tutorial_objectstorage.py took 0.034 seconds
[2024-10-04T00:06:32.022+0000] {processor.py:186} INFO - Started process (PID=95675) to work on /home/airflow/.local/lib/python3.12/site-packages/airflow/example_dags/tutorial_objectstorage.py
[2024-10-04T00:06:32.023+0000] {processor.py:914} INFO - Processing file /home/airflow/.local/lib/python3.12/site-packages/airflow/example_dags/tutorial_objectstorage.py for tasks to queue
[2024-10-04T00:06:32.023+0000] {logging_mixin.py:190} INFO - [2024-10-04T00:06:32.023+0000] {dagbag.py:588} INFO - Filling up the DagBag from /home/airflow/.local/lib/python3.12/site-packages/airflow/example_dags/tutorial_objectstorage.py
[2024-10-04T00:06:32.030+0000] {processor.py:925} INFO - DAG(s) 'tutorial_objectstorage' retrieved from /home/airflow/.local/lib/python3.12/site-packages/airflow/example_dags/tutorial_objectstorage.py
[2024-10-04T00:06:32.039+0000] {logging_mixin.py:190} INFO - [2024-10-04T00:06:32.039+0000] {dag.py:3239} INFO - Sync 1 DAGs
[2024-10-04T00:06:32.046+0000] {logging_mixin.py:190} INFO - [2024-10-04T00:06:32.045+0000] {dag.py:4180} INFO - Setting next_dagrun for tutorial_objectstorage to None, run_after=None
[2024-10-04T00:06:32.055+0000] {processor.py:208} INFO - Processing /home/airflow/.local/lib/python3.12/site-packages/airflow/example_dags/tutorial_objectstorage.py took 0.036 seconds
[2024-10-04T00:07:02.325+0000] {processor.py:186} INFO - Started process (PID=95738) to work on /home/airflow/.local/lib/python3.12/site-packages/airflow/example_dags/tutorial_objectstorage.py
[2024-10-04T00:07:02.326+0000] {processor.py:914} INFO - Processing file /home/airflow/.local/lib/python3.12/site-packages/airflow/example_dags/tutorial_objectstorage.py for tasks to queue
[2024-10-04T00:07:02.327+0000] {logging_mixin.py:190} INFO - [2024-10-04T00:07:02.326+0000] {dagbag.py:588} INFO - Filling up the DagBag from /home/airflow/.local/lib/python3.12/site-packages/airflow/example_dags/tutorial_objectstorage.py
[2024-10-04T00:07:02.333+0000] {processor.py:925} INFO - DAG(s) 'tutorial_objectstorage' retrieved from /home/airflow/.local/lib/python3.12/site-packages/airflow/example_dags/tutorial_objectstorage.py
[2024-10-04T00:07:02.342+0000] {logging_mixin.py:190} INFO - [2024-10-04T00:07:02.342+0000] {dag.py:3239} INFO - Sync 1 DAGs
[2024-10-04T00:07:02.349+0000] {logging_mixin.py:190} INFO - [2024-10-04T00:07:02.348+0000] {dag.py:4180} INFO - Setting next_dagrun for tutorial_objectstorage to None, run_after=None
[2024-10-04T00:07:02.358+0000] {processor.py:208} INFO - Processing /home/airflow/.local/lib/python3.12/site-packages/airflow/example_dags/tutorial_objectstorage.py took 0.036 seconds
[2024-10-04T00:07:32.591+0000] {processor.py:186} INFO - Started process (PID=95801) to work on /home/airflow/.local/lib/python3.12/site-packages/airflow/example_dags/tutorial_objectstorage.py
[2024-10-04T00:07:32.591+0000] {processor.py:914} INFO - Processing file /home/airflow/.local/lib/python3.12/site-packages/airflow/example_dags/tutorial_objectstorage.py for tasks to queue
[2024-10-04T00:07:32.592+0000] {logging_mixin.py:190} INFO - [2024-10-04T00:07:32.592+0000] {dagbag.py:588} INFO - Filling up the DagBag from /home/airflow/.local/lib/python3.12/site-packages/airflow/example_dags/tutorial_objectstorage.py
[2024-10-04T00:07:32.597+0000] {processor.py:925} INFO - DAG(s) 'tutorial_objectstorage' retrieved from /home/airflow/.local/lib/python3.12/site-packages/airflow/example_dags/tutorial_objectstorage.py
[2024-10-04T00:07:32.613+0000] {logging_mixin.py:190} INFO - [2024-10-04T00:07:32.613+0000] {dag.py:3239} INFO - Sync 1 DAGs
[2024-10-04T00:07:32.620+0000] {logging_mixin.py:190} INFO - [2024-10-04T00:07:32.620+0000] {dag.py:4180} INFO - Setting next_dagrun for tutorial_objectstorage to None, run_after=None
[2024-10-04T00:07:32.629+0000] {processor.py:208} INFO - Processing /home/airflow/.local/lib/python3.12/site-packages/airflow/example_dags/tutorial_objectstorage.py took 0.042 seconds
[2024-10-04T00:08:02.850+0000] {processor.py:186} INFO - Started process (PID=95864) to work on /home/airflow/.local/lib/python3.12/site-packages/airflow/example_dags/tutorial_objectstorage.py
[2024-10-04T00:08:02.851+0000] {processor.py:914} INFO - Processing file /home/airflow/.local/lib/python3.12/site-packages/airflow/example_dags/tutorial_objectstorage.py for tasks to queue
[2024-10-04T00:08:02.851+0000] {logging_mixin.py:190} INFO - [2024-10-04T00:08:02.851+0000] {dagbag.py:588} INFO - Filling up the DagBag from /home/airflow/.local/lib/python3.12/site-packages/airflow/example_dags/tutorial_objectstorage.py
[2024-10-04T00:08:02.857+0000] {processor.py:925} INFO - DAG(s) 'tutorial_objectstorage' retrieved from /home/airflow/.local/lib/python3.12/site-packages/airflow/example_dags/tutorial_objectstorage.py
[2024-10-04T00:08:02.866+0000] {logging_mixin.py:190} INFO - [2024-10-04T00:08:02.866+0000] {dag.py:3239} INFO - Sync 1 DAGs
[2024-10-04T00:08:02.872+0000] {logging_mixin.py:190} INFO - [2024-10-04T00:08:02.872+0000] {dag.py:4180} INFO - Setting next_dagrun for tutorial_objectstorage to None, run_after=None
[2024-10-04T00:08:02.881+0000] {processor.py:208} INFO - Processing /home/airflow/.local/lib/python3.12/site-packages/airflow/example_dags/tutorial_objectstorage.py took 0.034 seconds
[2024-10-04T00:08:33.280+0000] {processor.py:186} INFO - Started process (PID=95927) to work on /home/airflow/.local/lib/python3.12/site-packages/airflow/example_dags/tutorial_objectstorage.py
[2024-10-04T00:08:33.281+0000] {processor.py:914} INFO - Processing file /home/airflow/.local/lib/python3.12/site-packages/airflow/example_dags/tutorial_objectstorage.py for tasks to queue
[2024-10-04T00:08:33.281+0000] {logging_mixin.py:190} INFO - [2024-10-04T00:08:33.281+0000] {dagbag.py:588} INFO - Filling up the DagBag from /home/airflow/.local/lib/python3.12/site-packages/airflow/example_dags/tutorial_objectstorage.py
[2024-10-04T00:08:33.287+0000] {processor.py:925} INFO - DAG(s) 'tutorial_objectstorage' retrieved from /home/airflow/.local/lib/python3.12/site-packages/airflow/example_dags/tutorial_objectstorage.py
[2024-10-04T00:08:33.297+0000] {logging_mixin.py:190} INFO - [2024-10-04T00:08:33.297+0000] {dag.py:3239} INFO - Sync 1 DAGs
[2024-10-04T00:08:33.304+0000] {logging_mixin.py:190} INFO - [2024-10-04T00:08:33.304+0000] {dag.py:4180} INFO - Setting next_dagrun for tutorial_objectstorage to None, run_after=None
[2024-10-04T00:08:33.314+0000] {processor.py:208} INFO - Processing /home/airflow/.local/lib/python3.12/site-packages/airflow/example_dags/tutorial_objectstorage.py took 0.037 seconds
[2024-10-04T00:09:03.607+0000] {processor.py:186} INFO - Started process (PID=95990) to work on /home/airflow/.local/lib/python3.12/site-packages/airflow/example_dags/tutorial_objectstorage.py
[2024-10-04T00:09:03.607+0000] {processor.py:914} INFO - Processing file /home/airflow/.local/lib/python3.12/site-packages/airflow/example_dags/tutorial_objectstorage.py for tasks to queue
[2024-10-04T00:09:03.608+0000] {logging_mixin.py:190} INFO - [2024-10-04T00:09:03.608+0000] {dagbag.py:588} INFO - Filling up the DagBag from /home/airflow/.local/lib/python3.12/site-packages/airflow/example_dags/tutorial_objectstorage.py
[2024-10-04T00:09:03.614+0000] {processor.py:925} INFO - DAG(s) 'tutorial_objectstorage' retrieved from /home/airflow/.local/lib/python3.12/site-packages/airflow/example_dags/tutorial_objectstorage.py
[2024-10-04T00:09:03.623+0000] {logging_mixin.py:190} INFO - [2024-10-04T00:09:03.623+0000] {dag.py:3239} INFO - Sync 1 DAGs
[2024-10-04T00:09:03.630+0000] {logging_mixin.py:190} INFO - [2024-10-04T00:09:03.630+0000] {dag.py:4180} INFO - Setting next_dagrun for tutorial_objectstorage to None, run_after=None
[2024-10-04T00:09:03.640+0000] {processor.py:208} INFO - Processing /home/airflow/.local/lib/python3.12/site-packages/airflow/example_dags/tutorial_objectstorage.py took 0.037 seconds
[2024-10-04T00:09:33.940+0000] {processor.py:186} INFO - Started process (PID=96053) to work on /home/airflow/.local/lib/python3.12/site-packages/airflow/example_dags/tutorial_objectstorage.py
[2024-10-04T00:09:33.941+0000] {processor.py:914} INFO - Processing file /home/airflow/.local/lib/python3.12/site-packages/airflow/example_dags/tutorial_objectstorage.py for tasks to queue
[2024-10-04T00:09:33.942+0000] {logging_mixin.py:190} INFO - [2024-10-04T00:09:33.941+0000] {dagbag.py:588} INFO - Filling up the DagBag from /home/airflow/.local/lib/python3.12/site-packages/airflow/example_dags/tutorial_objectstorage.py
[2024-10-04T00:09:33.948+0000] {processor.py:925} INFO - DAG(s) 'tutorial_objectstorage' retrieved from /home/airflow/.local/lib/python3.12/site-packages/airflow/example_dags/tutorial_objectstorage.py
[2024-10-04T00:09:33.956+0000] {logging_mixin.py:190} INFO - [2024-10-04T00:09:33.956+0000] {dag.py:3239} INFO - Sync 1 DAGs
[2024-10-04T00:09:33.963+0000] {logging_mixin.py:190} INFO - [2024-10-04T00:09:33.963+0000] {dag.py:4180} INFO - Setting next_dagrun for tutorial_objectstorage to None, run_after=None
[2024-10-04T00:09:33.973+0000] {processor.py:208} INFO - Processing /home/airflow/.local/lib/python3.12/site-packages/airflow/example_dags/tutorial_objectstorage.py took 0.035 seconds
[2024-10-04T00:10:04.164+0000] {processor.py:186} INFO - Started process (PID=96116) to work on /home/airflow/.local/lib/python3.12/site-packages/airflow/example_dags/tutorial_objectstorage.py
[2024-10-04T00:10:04.165+0000] {processor.py:914} INFO - Processing file /home/airflow/.local/lib/python3.12/site-packages/airflow/example_dags/tutorial_objectstorage.py for tasks to queue
[2024-10-04T00:10:04.165+0000] {logging_mixin.py:190} INFO - [2024-10-04T00:10:04.165+0000] {dagbag.py:588} INFO - Filling up the DagBag from /home/airflow/.local/lib/python3.12/site-packages/airflow/example_dags/tutorial_objectstorage.py
[2024-10-04T00:10:04.171+0000] {processor.py:925} INFO - DAG(s) 'tutorial_objectstorage' retrieved from /home/airflow/.local/lib/python3.12/site-packages/airflow/example_dags/tutorial_objectstorage.py
[2024-10-04T00:10:04.181+0000] {logging_mixin.py:190} INFO - [2024-10-04T00:10:04.180+0000] {dag.py:3239} INFO - Sync 1 DAGs
[2024-10-04T00:10:04.187+0000] {logging_mixin.py:190} INFO - [2024-10-04T00:10:04.187+0000] {dag.py:4180} INFO - Setting next_dagrun for tutorial_objectstorage to None, run_after=None
[2024-10-04T00:10:04.197+0000] {processor.py:208} INFO - Processing /home/airflow/.local/lib/python3.12/site-packages/airflow/example_dags/tutorial_objectstorage.py took 0.036 seconds
[2024-10-04T00:10:34.523+0000] {processor.py:186} INFO - Started process (PID=96179) to work on /home/airflow/.local/lib/python3.12/site-packages/airflow/example_dags/tutorial_objectstorage.py
[2024-10-04T00:10:34.523+0000] {processor.py:914} INFO - Processing file /home/airflow/.local/lib/python3.12/site-packages/airflow/example_dags/tutorial_objectstorage.py for tasks to queue
[2024-10-04T00:10:34.524+0000] {logging_mixin.py:190} INFO - [2024-10-04T00:10:34.524+0000] {dagbag.py:588} INFO - Filling up the DagBag from /home/airflow/.local/lib/python3.12/site-packages/airflow/example_dags/tutorial_objectstorage.py
[2024-10-04T00:10:34.529+0000] {processor.py:925} INFO - DAG(s) 'tutorial_objectstorage' retrieved from /home/airflow/.local/lib/python3.12/site-packages/airflow/example_dags/tutorial_objectstorage.py
[2024-10-04T00:10:34.538+0000] {logging_mixin.py:190} INFO - [2024-10-04T00:10:34.538+0000] {dag.py:3239} INFO - Sync 1 DAGs
[2024-10-04T00:10:34.544+0000] {logging_mixin.py:190} INFO - [2024-10-04T00:10:34.544+0000] {dag.py:4180} INFO - Setting next_dagrun for tutorial_objectstorage to None, run_after=None
[2024-10-04T00:10:34.554+0000] {processor.py:208} INFO - Processing /home/airflow/.local/lib/python3.12/site-packages/airflow/example_dags/tutorial_objectstorage.py took 0.034 seconds
[2024-10-04T00:11:04.903+0000] {processor.py:186} INFO - Started process (PID=96242) to work on /home/airflow/.local/lib/python3.12/site-packages/airflow/example_dags/tutorial_objectstorage.py
[2024-10-04T00:11:04.903+0000] {processor.py:914} INFO - Processing file /home/airflow/.local/lib/python3.12/site-packages/airflow/example_dags/tutorial_objectstorage.py for tasks to queue
[2024-10-04T00:11:04.904+0000] {logging_mixin.py:190} INFO - [2024-10-04T00:11:04.904+0000] {dagbag.py:588} INFO - Filling up the DagBag from /home/airflow/.local/lib/python3.12/site-packages/airflow/example_dags/tutorial_objectstorage.py
[2024-10-04T00:11:04.909+0000] {processor.py:925} INFO - DAG(s) 'tutorial_objectstorage' retrieved from /home/airflow/.local/lib/python3.12/site-packages/airflow/example_dags/tutorial_objectstorage.py
[2024-10-04T00:11:04.918+0000] {logging_mixin.py:190} INFO - [2024-10-04T00:11:04.918+0000] {dag.py:3239} INFO - Sync 1 DAGs
[2024-10-04T00:11:04.925+0000] {logging_mixin.py:190} INFO - [2024-10-04T00:11:04.925+0000] {dag.py:4180} INFO - Setting next_dagrun for tutorial_objectstorage to None, run_after=None
[2024-10-04T00:11:04.935+0000] {processor.py:208} INFO - Processing /home/airflow/.local/lib/python3.12/site-packages/airflow/example_dags/tutorial_objectstorage.py took 0.036 seconds
[2024-10-04T00:11:35.342+0000] {processor.py:186} INFO - Started process (PID=96305) to work on /home/airflow/.local/lib/python3.12/site-packages/airflow/example_dags/tutorial_objectstorage.py
[2024-10-04T00:11:35.343+0000] {processor.py:914} INFO - Processing file /home/airflow/.local/lib/python3.12/site-packages/airflow/example_dags/tutorial_objectstorage.py for tasks to queue
[2024-10-04T00:11:35.344+0000] {logging_mixin.py:190} INFO - [2024-10-04T00:11:35.343+0000] {dagbag.py:588} INFO - Filling up the DagBag from /home/airflow/.local/lib/python3.12/site-packages/airflow/example_dags/tutorial_objectstorage.py
[2024-10-04T00:11:35.349+0000] {processor.py:925} INFO - DAG(s) 'tutorial_objectstorage' retrieved from /home/airflow/.local/lib/python3.12/site-packages/airflow/example_dags/tutorial_objectstorage.py
[2024-10-04T00:11:35.358+0000] {logging_mixin.py:190} INFO - [2024-10-04T00:11:35.358+0000] {dag.py:3239} INFO - Sync 1 DAGs
[2024-10-04T00:11:35.364+0000] {logging_mixin.py:190} INFO - [2024-10-04T00:11:35.364+0000] {dag.py:4180} INFO - Setting next_dagrun for tutorial_objectstorage to None, run_after=None
[2024-10-04T00:11:35.374+0000] {processor.py:208} INFO - Processing /home/airflow/.local/lib/python3.12/site-packages/airflow/example_dags/tutorial_objectstorage.py took 0.035 seconds
[2024-10-04T00:12:05.764+0000] {processor.py:186} INFO - Started process (PID=96368) to work on /home/airflow/.local/lib/python3.12/site-packages/airflow/example_dags/tutorial_objectstorage.py
[2024-10-04T00:12:05.765+0000] {processor.py:914} INFO - Processing file /home/airflow/.local/lib/python3.12/site-packages/airflow/example_dags/tutorial_objectstorage.py for tasks to queue
[2024-10-04T00:12:05.765+0000] {logging_mixin.py:190} INFO - [2024-10-04T00:12:05.765+0000] {dagbag.py:588} INFO - Filling up the DagBag from /home/airflow/.local/lib/python3.12/site-packages/airflow/example_dags/tutorial_objectstorage.py
[2024-10-04T00:12:05.771+0000] {processor.py:925} INFO - DAG(s) 'tutorial_objectstorage' retrieved from /home/airflow/.local/lib/python3.12/site-packages/airflow/example_dags/tutorial_objectstorage.py
[2024-10-04T00:12:05.780+0000] {logging_mixin.py:190} INFO - [2024-10-04T00:12:05.780+0000] {dag.py:3239} INFO - Sync 1 DAGs
[2024-10-04T00:12:05.787+0000] {logging_mixin.py:190} INFO - [2024-10-04T00:12:05.786+0000] {dag.py:4180} INFO - Setting next_dagrun for tutorial_objectstorage to None, run_after=None
[2024-10-04T00:12:05.795+0000] {processor.py:208} INFO - Processing /home/airflow/.local/lib/python3.12/site-packages/airflow/example_dags/tutorial_objectstorage.py took 0.034 seconds
[2024-10-04T00:12:36.239+0000] {processor.py:186} INFO - Started process (PID=96431) to work on /home/airflow/.local/lib/python3.12/site-packages/airflow/example_dags/tutorial_objectstorage.py
[2024-10-04T00:12:36.239+0000] {processor.py:914} INFO - Processing file /home/airflow/.local/lib/python3.12/site-packages/airflow/example_dags/tutorial_objectstorage.py for tasks to queue
[2024-10-04T00:12:36.240+0000] {logging_mixin.py:190} INFO - [2024-10-04T00:12:36.240+0000] {dagbag.py:588} INFO - Filling up the DagBag from /home/airflow/.local/lib/python3.12/site-packages/airflow/example_dags/tutorial_objectstorage.py
[2024-10-04T00:12:36.245+0000] {processor.py:925} INFO - DAG(s) 'tutorial_objectstorage' retrieved from /home/airflow/.local/lib/python3.12/site-packages/airflow/example_dags/tutorial_objectstorage.py
[2024-10-04T00:12:36.253+0000] {logging_mixin.py:190} INFO - [2024-10-04T00:12:36.253+0000] {dag.py:3239} INFO - Sync 1 DAGs
[2024-10-04T00:12:36.259+0000] {logging_mixin.py:190} INFO - [2024-10-04T00:12:36.259+0000] {dag.py:4180} INFO - Setting next_dagrun for tutorial_objectstorage to None, run_after=None
[2024-10-04T00:12:36.273+0000] {processor.py:208} INFO - Processing /home/airflow/.local/lib/python3.12/site-packages/airflow/example_dags/tutorial_objectstorage.py took 0.037 seconds
[2024-10-04T00:13:06.756+0000] {processor.py:186} INFO - Started process (PID=96494) to work on /home/airflow/.local/lib/python3.12/site-packages/airflow/example_dags/tutorial_objectstorage.py
[2024-10-04T00:13:06.756+0000] {processor.py:914} INFO - Processing file /home/airflow/.local/lib/python3.12/site-packages/airflow/example_dags/tutorial_objectstorage.py for tasks to queue
[2024-10-04T00:13:06.757+0000] {logging_mixin.py:190} INFO - [2024-10-04T00:13:06.757+0000] {dagbag.py:588} INFO - Filling up the DagBag from /home/airflow/.local/lib/python3.12/site-packages/airflow/example_dags/tutorial_objectstorage.py
[2024-10-04T00:13:06.763+0000] {processor.py:925} INFO - DAG(s) 'tutorial_objectstorage' retrieved from /home/airflow/.local/lib/python3.12/site-packages/airflow/example_dags/tutorial_objectstorage.py
[2024-10-04T00:13:06.773+0000] {logging_mixin.py:190} INFO - [2024-10-04T00:13:06.773+0000] {dag.py:3239} INFO - Sync 1 DAGs
[2024-10-04T00:13:06.779+0000] {logging_mixin.py:190} INFO - [2024-10-04T00:13:06.779+0000] {dag.py:4180} INFO - Setting next_dagrun for tutorial_objectstorage to None, run_after=None
[2024-10-04T00:13:06.789+0000] {processor.py:208} INFO - Processing /home/airflow/.local/lib/python3.12/site-packages/airflow/example_dags/tutorial_objectstorage.py took 0.036 seconds
[2024-10-04T00:13:37.190+0000] {processor.py:186} INFO - Started process (PID=96557) to work on /home/airflow/.local/lib/python3.12/site-packages/airflow/example_dags/tutorial_objectstorage.py
[2024-10-04T00:13:37.191+0000] {processor.py:914} INFO - Processing file /home/airflow/.local/lib/python3.12/site-packages/airflow/example_dags/tutorial_objectstorage.py for tasks to queue
[2024-10-04T00:13:37.191+0000] {logging_mixin.py:190} INFO - [2024-10-04T00:13:37.191+0000] {dagbag.py:588} INFO - Filling up the DagBag from /home/airflow/.local/lib/python3.12/site-packages/airflow/example_dags/tutorial_objectstorage.py
[2024-10-04T00:13:37.197+0000] {processor.py:925} INFO - DAG(s) 'tutorial_objectstorage' retrieved from /home/airflow/.local/lib/python3.12/site-packages/airflow/example_dags/tutorial_objectstorage.py
[2024-10-04T00:13:37.207+0000] {logging_mixin.py:190} INFO - [2024-10-04T00:13:37.207+0000] {dag.py:3239} INFO - Sync 1 DAGs
[2024-10-04T00:13:37.215+0000] {logging_mixin.py:190} INFO - [2024-10-04T00:13:37.215+0000] {dag.py:4180} INFO - Setting next_dagrun for tutorial_objectstorage to None, run_after=None
[2024-10-04T00:13:37.225+0000] {processor.py:208} INFO - Processing /home/airflow/.local/lib/python3.12/site-packages/airflow/example_dags/tutorial_objectstorage.py took 0.038 seconds
[2024-10-04T00:14:07.507+0000] {processor.py:186} INFO - Started process (PID=96620) to work on /home/airflow/.local/lib/python3.12/site-packages/airflow/example_dags/tutorial_objectstorage.py
[2024-10-04T00:14:07.508+0000] {processor.py:914} INFO - Processing file /home/airflow/.local/lib/python3.12/site-packages/airflow/example_dags/tutorial_objectstorage.py for tasks to queue
[2024-10-04T00:14:07.509+0000] {logging_mixin.py:190} INFO - [2024-10-04T00:14:07.509+0000] {dagbag.py:588} INFO - Filling up the DagBag from /home/airflow/.local/lib/python3.12/site-packages/airflow/example_dags/tutorial_objectstorage.py
[2024-10-04T00:14:07.514+0000] {processor.py:925} INFO - DAG(s) 'tutorial_objectstorage' retrieved from /home/airflow/.local/lib/python3.12/site-packages/airflow/example_dags/tutorial_objectstorage.py
[2024-10-04T00:14:07.524+0000] {logging_mixin.py:190} INFO - [2024-10-04T00:14:07.524+0000] {dag.py:3239} INFO - Sync 1 DAGs
[2024-10-04T00:14:07.531+0000] {logging_mixin.py:190} INFO - [2024-10-04T00:14:07.531+0000] {dag.py:4180} INFO - Setting next_dagrun for tutorial_objectstorage to None, run_after=None
[2024-10-04T00:14:07.540+0000] {processor.py:208} INFO - Processing /home/airflow/.local/lib/python3.12/site-packages/airflow/example_dags/tutorial_objectstorage.py took 0.036 seconds
[2024-10-04T00:14:38.123+0000] {processor.py:186} INFO - Started process (PID=96682) to work on /home/airflow/.local/lib/python3.12/site-packages/airflow/example_dags/tutorial_objectstorage.py
[2024-10-04T00:14:38.124+0000] {processor.py:914} INFO - Processing file /home/airflow/.local/lib/python3.12/site-packages/airflow/example_dags/tutorial_objectstorage.py for tasks to queue
[2024-10-04T00:14:38.125+0000] {logging_mixin.py:190} INFO - [2024-10-04T00:14:38.124+0000] {dagbag.py:588} INFO - Filling up the DagBag from /home/airflow/.local/lib/python3.12/site-packages/airflow/example_dags/tutorial_objectstorage.py
[2024-10-04T00:14:38.138+0000] {processor.py:925} INFO - DAG(s) 'tutorial_objectstorage' retrieved from /home/airflow/.local/lib/python3.12/site-packages/airflow/example_dags/tutorial_objectstorage.py
[2024-10-04T00:14:38.149+0000] {logging_mixin.py:190} INFO - [2024-10-04T00:14:38.149+0000] {dag.py:3239} INFO - Sync 1 DAGs
[2024-10-04T00:14:38.157+0000] {logging_mixin.py:190} INFO - [2024-10-04T00:14:38.157+0000] {dag.py:4180} INFO - Setting next_dagrun for tutorial_objectstorage to None, run_after=None
[2024-10-04T00:14:38.168+0000] {processor.py:208} INFO - Processing /home/airflow/.local/lib/python3.12/site-packages/airflow/example_dags/tutorial_objectstorage.py took 0.047 seconds
[2024-10-04T00:15:08.619+0000] {processor.py:186} INFO - Started process (PID=96745) to work on /home/airflow/.local/lib/python3.12/site-packages/airflow/example_dags/tutorial_objectstorage.py
[2024-10-04T00:15:08.620+0000] {processor.py:914} INFO - Processing file /home/airflow/.local/lib/python3.12/site-packages/airflow/example_dags/tutorial_objectstorage.py for tasks to queue
[2024-10-04T00:15:08.620+0000] {logging_mixin.py:190} INFO - [2024-10-04T00:15:08.620+0000] {dagbag.py:588} INFO - Filling up the DagBag from /home/airflow/.local/lib/python3.12/site-packages/airflow/example_dags/tutorial_objectstorage.py
[2024-10-04T00:15:08.626+0000] {processor.py:925} INFO - DAG(s) 'tutorial_objectstorage' retrieved from /home/airflow/.local/lib/python3.12/site-packages/airflow/example_dags/tutorial_objectstorage.py
[2024-10-04T00:15:08.634+0000] {logging_mixin.py:190} INFO - [2024-10-04T00:15:08.634+0000] {dag.py:3239} INFO - Sync 1 DAGs
[2024-10-04T00:15:08.640+0000] {logging_mixin.py:190} INFO - [2024-10-04T00:15:08.640+0000] {dag.py:4180} INFO - Setting next_dagrun for tutorial_objectstorage to None, run_after=None
[2024-10-04T00:15:08.648+0000] {processor.py:208} INFO - Processing /home/airflow/.local/lib/python3.12/site-packages/airflow/example_dags/tutorial_objectstorage.py took 0.032 seconds
[2024-10-04T00:15:39.160+0000] {processor.py:186} INFO - Started process (PID=96808) to work on /home/airflow/.local/lib/python3.12/site-packages/airflow/example_dags/tutorial_objectstorage.py
[2024-10-04T00:15:39.160+0000] {processor.py:914} INFO - Processing file /home/airflow/.local/lib/python3.12/site-packages/airflow/example_dags/tutorial_objectstorage.py for tasks to queue
[2024-10-04T00:15:39.161+0000] {logging_mixin.py:190} INFO - [2024-10-04T00:15:39.161+0000] {dagbag.py:588} INFO - Filling up the DagBag from /home/airflow/.local/lib/python3.12/site-packages/airflow/example_dags/tutorial_objectstorage.py
[2024-10-04T00:15:39.166+0000] {processor.py:925} INFO - DAG(s) 'tutorial_objectstorage' retrieved from /home/airflow/.local/lib/python3.12/site-packages/airflow/example_dags/tutorial_objectstorage.py
[2024-10-04T00:15:39.176+0000] {logging_mixin.py:190} INFO - [2024-10-04T00:15:39.176+0000] {dag.py:3239} INFO - Sync 1 DAGs
[2024-10-04T00:15:39.183+0000] {logging_mixin.py:190} INFO - [2024-10-04T00:15:39.183+0000] {dag.py:4180} INFO - Setting next_dagrun for tutorial_objectstorage to None, run_after=None
[2024-10-04T00:15:39.192+0000] {processor.py:208} INFO - Processing /home/airflow/.local/lib/python3.12/site-packages/airflow/example_dags/tutorial_objectstorage.py took 0.035 seconds
[2024-10-04T00:16:09.656+0000] {processor.py:186} INFO - Started process (PID=96871) to work on /home/airflow/.local/lib/python3.12/site-packages/airflow/example_dags/tutorial_objectstorage.py
[2024-10-04T00:16:09.656+0000] {processor.py:914} INFO - Processing file /home/airflow/.local/lib/python3.12/site-packages/airflow/example_dags/tutorial_objectstorage.py for tasks to queue
[2024-10-04T00:16:09.657+0000] {logging_mixin.py:190} INFO - [2024-10-04T00:16:09.657+0000] {dagbag.py:588} INFO - Filling up the DagBag from /home/airflow/.local/lib/python3.12/site-packages/airflow/example_dags/tutorial_objectstorage.py
[2024-10-04T00:16:09.663+0000] {processor.py:925} INFO - DAG(s) 'tutorial_objectstorage' retrieved from /home/airflow/.local/lib/python3.12/site-packages/airflow/example_dags/tutorial_objectstorage.py
[2024-10-04T00:16:09.672+0000] {logging_mixin.py:190} INFO - [2024-10-04T00:16:09.672+0000] {dag.py:3239} INFO - Sync 1 DAGs
[2024-10-04T00:16:09.679+0000] {logging_mixin.py:190} INFO - [2024-10-04T00:16:09.679+0000] {dag.py:4180} INFO - Setting next_dagrun for tutorial_objectstorage to None, run_after=None
[2024-10-04T00:16:09.689+0000] {processor.py:208} INFO - Processing /home/airflow/.local/lib/python3.12/site-packages/airflow/example_dags/tutorial_objectstorage.py took 0.036 seconds
[2024-10-04T00:16:40.326+0000] {processor.py:186} INFO - Started process (PID=96934) to work on /home/airflow/.local/lib/python3.12/site-packages/airflow/example_dags/tutorial_objectstorage.py
[2024-10-04T00:16:40.326+0000] {processor.py:914} INFO - Processing file /home/airflow/.local/lib/python3.12/site-packages/airflow/example_dags/tutorial_objectstorage.py for tasks to queue
[2024-10-04T00:16:40.327+0000] {logging_mixin.py:190} INFO - [2024-10-04T00:16:40.327+0000] {dagbag.py:588} INFO - Filling up the DagBag from /home/airflow/.local/lib/python3.12/site-packages/airflow/example_dags/tutorial_objectstorage.py
[2024-10-04T00:16:40.333+0000] {processor.py:925} INFO - DAG(s) 'tutorial_objectstorage' retrieved from /home/airflow/.local/lib/python3.12/site-packages/airflow/example_dags/tutorial_objectstorage.py
[2024-10-04T00:16:40.342+0000] {logging_mixin.py:190} INFO - [2024-10-04T00:16:40.342+0000] {dag.py:3239} INFO - Sync 1 DAGs
[2024-10-04T00:16:40.348+0000] {logging_mixin.py:190} INFO - [2024-10-04T00:16:40.348+0000] {dag.py:4180} INFO - Setting next_dagrun for tutorial_objectstorage to None, run_after=None
[2024-10-04T00:16:40.358+0000] {processor.py:208} INFO - Processing /home/airflow/.local/lib/python3.12/site-packages/airflow/example_dags/tutorial_objectstorage.py took 0.035 seconds
[2024-10-04T00:17:11.022+0000] {processor.py:186} INFO - Started process (PID=96997) to work on /home/airflow/.local/lib/python3.12/site-packages/airflow/example_dags/tutorial_objectstorage.py
[2024-10-04T00:17:11.023+0000] {processor.py:914} INFO - Processing file /home/airflow/.local/lib/python3.12/site-packages/airflow/example_dags/tutorial_objectstorage.py for tasks to queue
[2024-10-04T00:17:11.024+0000] {logging_mixin.py:190} INFO - [2024-10-04T00:17:11.023+0000] {dagbag.py:588} INFO - Filling up the DagBag from /home/airflow/.local/lib/python3.12/site-packages/airflow/example_dags/tutorial_objectstorage.py
[2024-10-04T00:17:11.030+0000] {processor.py:925} INFO - DAG(s) 'tutorial_objectstorage' retrieved from /home/airflow/.local/lib/python3.12/site-packages/airflow/example_dags/tutorial_objectstorage.py
[2024-10-04T00:17:11.039+0000] {logging_mixin.py:190} INFO - [2024-10-04T00:17:11.039+0000] {dag.py:3239} INFO - Sync 1 DAGs
[2024-10-04T00:17:11.046+0000] {logging_mixin.py:190} INFO - [2024-10-04T00:17:11.046+0000] {dag.py:4180} INFO - Setting next_dagrun for tutorial_objectstorage to None, run_after=None
[2024-10-04T00:17:11.058+0000] {processor.py:208} INFO - Processing /home/airflow/.local/lib/python3.12/site-packages/airflow/example_dags/tutorial_objectstorage.py took 0.040 seconds
[2024-10-04T00:17:41.549+0000] {processor.py:186} INFO - Started process (PID=97060) to work on /home/airflow/.local/lib/python3.12/site-packages/airflow/example_dags/tutorial_objectstorage.py
[2024-10-04T00:17:41.549+0000] {processor.py:914} INFO - Processing file /home/airflow/.local/lib/python3.12/site-packages/airflow/example_dags/tutorial_objectstorage.py for tasks to queue
[2024-10-04T00:17:41.550+0000] {logging_mixin.py:190} INFO - [2024-10-04T00:17:41.550+0000] {dagbag.py:588} INFO - Filling up the DagBag from /home/airflow/.local/lib/python3.12/site-packages/airflow/example_dags/tutorial_objectstorage.py
[2024-10-04T00:17:41.556+0000] {processor.py:925} INFO - DAG(s) 'tutorial_objectstorage' retrieved from /home/airflow/.local/lib/python3.12/site-packages/airflow/example_dags/tutorial_objectstorage.py
[2024-10-04T00:17:41.566+0000] {logging_mixin.py:190} INFO - [2024-10-04T00:17:41.566+0000] {dag.py:3239} INFO - Sync 1 DAGs
[2024-10-04T00:17:41.573+0000] {logging_mixin.py:190} INFO - [2024-10-04T00:17:41.573+0000] {dag.py:4180} INFO - Setting next_dagrun for tutorial_objectstorage to None, run_after=None
[2024-10-04T00:17:41.582+0000] {processor.py:208} INFO - Processing /home/airflow/.local/lib/python3.12/site-packages/airflow/example_dags/tutorial_objectstorage.py took 0.037 seconds
[2024-10-04T00:18:11.973+0000] {processor.py:186} INFO - Started process (PID=97123) to work on /home/airflow/.local/lib/python3.12/site-packages/airflow/example_dags/tutorial_objectstorage.py
[2024-10-04T00:18:11.974+0000] {processor.py:914} INFO - Processing file /home/airflow/.local/lib/python3.12/site-packages/airflow/example_dags/tutorial_objectstorage.py for tasks to queue
[2024-10-04T00:18:11.974+0000] {logging_mixin.py:190} INFO - [2024-10-04T00:18:11.974+0000] {dagbag.py:588} INFO - Filling up the DagBag from /home/airflow/.local/lib/python3.12/site-packages/airflow/example_dags/tutorial_objectstorage.py
[2024-10-04T00:18:11.980+0000] {processor.py:925} INFO - DAG(s) 'tutorial_objectstorage' retrieved from /home/airflow/.local/lib/python3.12/site-packages/airflow/example_dags/tutorial_objectstorage.py
[2024-10-04T00:18:11.991+0000] {logging_mixin.py:190} INFO - [2024-10-04T00:18:11.991+0000] {dag.py:3239} INFO - Sync 1 DAGs
[2024-10-04T00:18:11.998+0000] {logging_mixin.py:190} INFO - [2024-10-04T00:18:11.998+0000] {dag.py:4180} INFO - Setting next_dagrun for tutorial_objectstorage to None, run_after=None
[2024-10-04T00:18:12.007+0000] {processor.py:208} INFO - Processing /home/airflow/.local/lib/python3.12/site-packages/airflow/example_dags/tutorial_objectstorage.py took 0.037 seconds
[2024-10-04T00:18:42.639+0000] {processor.py:186} INFO - Started process (PID=97186) to work on /home/airflow/.local/lib/python3.12/site-packages/airflow/example_dags/tutorial_objectstorage.py
[2024-10-04T00:18:42.640+0000] {processor.py:914} INFO - Processing file /home/airflow/.local/lib/python3.12/site-packages/airflow/example_dags/tutorial_objectstorage.py for tasks to queue
[2024-10-04T00:18:42.640+0000] {logging_mixin.py:190} INFO - [2024-10-04T00:18:42.640+0000] {dagbag.py:588} INFO - Filling up the DagBag from /home/airflow/.local/lib/python3.12/site-packages/airflow/example_dags/tutorial_objectstorage.py
[2024-10-04T00:18:42.646+0000] {processor.py:925} INFO - DAG(s) 'tutorial_objectstorage' retrieved from /home/airflow/.local/lib/python3.12/site-packages/airflow/example_dags/tutorial_objectstorage.py
[2024-10-04T00:18:42.696+0000] {logging_mixin.py:190} INFO - [2024-10-04T00:18:42.696+0000] {dag.py:3239} INFO - Sync 1 DAGs
[2024-10-04T00:18:42.704+0000] {logging_mixin.py:190} INFO - [2024-10-04T00:18:42.703+0000] {dag.py:4180} INFO - Setting next_dagrun for tutorial_objectstorage to None, run_after=None
[2024-10-04T00:18:42.717+0000] {processor.py:208} INFO - Processing /home/airflow/.local/lib/python3.12/site-packages/airflow/example_dags/tutorial_objectstorage.py took 0.081 seconds
[2024-10-04T00:19:13.234+0000] {processor.py:186} INFO - Started process (PID=97249) to work on /home/airflow/.local/lib/python3.12/site-packages/airflow/example_dags/tutorial_objectstorage.py
[2024-10-04T00:19:13.234+0000] {processor.py:914} INFO - Processing file /home/airflow/.local/lib/python3.12/site-packages/airflow/example_dags/tutorial_objectstorage.py for tasks to queue
[2024-10-04T00:19:13.235+0000] {logging_mixin.py:190} INFO - [2024-10-04T00:19:13.235+0000] {dagbag.py:588} INFO - Filling up the DagBag from /home/airflow/.local/lib/python3.12/site-packages/airflow/example_dags/tutorial_objectstorage.py
[2024-10-04T00:19:13.241+0000] {processor.py:925} INFO - DAG(s) 'tutorial_objectstorage' retrieved from /home/airflow/.local/lib/python3.12/site-packages/airflow/example_dags/tutorial_objectstorage.py
[2024-10-04T00:19:13.250+0000] {logging_mixin.py:190} INFO - [2024-10-04T00:19:13.250+0000] {dag.py:3239} INFO - Sync 1 DAGs
[2024-10-04T00:19:13.256+0000] {logging_mixin.py:190} INFO - [2024-10-04T00:19:13.256+0000] {dag.py:4180} INFO - Setting next_dagrun for tutorial_objectstorage to None, run_after=None
[2024-10-04T00:19:13.265+0000] {processor.py:208} INFO - Processing /home/airflow/.local/lib/python3.12/site-packages/airflow/example_dags/tutorial_objectstorage.py took 0.034 seconds
[2024-10-04T00:19:43.791+0000] {processor.py:186} INFO - Started process (PID=97312) to work on /home/airflow/.local/lib/python3.12/site-packages/airflow/example_dags/tutorial_objectstorage.py
[2024-10-04T00:19:43.791+0000] {processor.py:914} INFO - Processing file /home/airflow/.local/lib/python3.12/site-packages/airflow/example_dags/tutorial_objectstorage.py for tasks to queue
[2024-10-04T00:19:43.792+0000] {logging_mixin.py:190} INFO - [2024-10-04T00:19:43.791+0000] {dagbag.py:588} INFO - Filling up the DagBag from /home/airflow/.local/lib/python3.12/site-packages/airflow/example_dags/tutorial_objectstorage.py
[2024-10-04T00:19:43.797+0000] {processor.py:925} INFO - DAG(s) 'tutorial_objectstorage' retrieved from /home/airflow/.local/lib/python3.12/site-packages/airflow/example_dags/tutorial_objectstorage.py
[2024-10-04T00:19:43.807+0000] {logging_mixin.py:190} INFO - [2024-10-04T00:19:43.806+0000] {dag.py:3239} INFO - Sync 1 DAGs
[2024-10-04T00:19:43.814+0000] {logging_mixin.py:190} INFO - [2024-10-04T00:19:43.813+0000] {dag.py:4180} INFO - Setting next_dagrun for tutorial_objectstorage to None, run_after=None
[2024-10-04T00:19:43.823+0000] {processor.py:208} INFO - Processing /home/airflow/.local/lib/python3.12/site-packages/airflow/example_dags/tutorial_objectstorage.py took 0.036 seconds
[2024-10-04T00:20:14.299+0000] {processor.py:186} INFO - Started process (PID=97375) to work on /home/airflow/.local/lib/python3.12/site-packages/airflow/example_dags/tutorial_objectstorage.py
[2024-10-04T00:20:14.299+0000] {processor.py:914} INFO - Processing file /home/airflow/.local/lib/python3.12/site-packages/airflow/example_dags/tutorial_objectstorage.py for tasks to queue
[2024-10-04T00:20:14.300+0000] {logging_mixin.py:190} INFO - [2024-10-04T00:20:14.300+0000] {dagbag.py:588} INFO - Filling up the DagBag from /home/airflow/.local/lib/python3.12/site-packages/airflow/example_dags/tutorial_objectstorage.py
[2024-10-04T00:20:14.305+0000] {processor.py:925} INFO - DAG(s) 'tutorial_objectstorage' retrieved from /home/airflow/.local/lib/python3.12/site-packages/airflow/example_dags/tutorial_objectstorage.py
[2024-10-04T00:20:14.314+0000] {logging_mixin.py:190} INFO - [2024-10-04T00:20:14.314+0000] {dag.py:3239} INFO - Sync 1 DAGs
[2024-10-04T00:20:14.321+0000] {logging_mixin.py:190} INFO - [2024-10-04T00:20:14.321+0000] {dag.py:4180} INFO - Setting next_dagrun for tutorial_objectstorage to None, run_after=None
[2024-10-04T00:20:14.330+0000] {processor.py:208} INFO - Processing /home/airflow/.local/lib/python3.12/site-packages/airflow/example_dags/tutorial_objectstorage.py took 0.034 seconds
[2024-10-04T00:20:44.907+0000] {processor.py:186} INFO - Started process (PID=97438) to work on /home/airflow/.local/lib/python3.12/site-packages/airflow/example_dags/tutorial_objectstorage.py
[2024-10-04T00:20:44.908+0000] {processor.py:914} INFO - Processing file /home/airflow/.local/lib/python3.12/site-packages/airflow/example_dags/tutorial_objectstorage.py for tasks to queue
[2024-10-04T00:20:44.908+0000] {logging_mixin.py:190} INFO - [2024-10-04T00:20:44.908+0000] {dagbag.py:588} INFO - Filling up the DagBag from /home/airflow/.local/lib/python3.12/site-packages/airflow/example_dags/tutorial_objectstorage.py
[2024-10-04T00:20:44.914+0000] {processor.py:925} INFO - DAG(s) 'tutorial_objectstorage' retrieved from /home/airflow/.local/lib/python3.12/site-packages/airflow/example_dags/tutorial_objectstorage.py
[2024-10-04T00:20:44.923+0000] {logging_mixin.py:190} INFO - [2024-10-04T00:20:44.923+0000] {dag.py:3239} INFO - Sync 1 DAGs
[2024-10-04T00:20:44.930+0000] {logging_mixin.py:190} INFO - [2024-10-04T00:20:44.930+0000] {dag.py:4180} INFO - Setting next_dagrun for tutorial_objectstorage to None, run_after=None
[2024-10-04T00:20:44.938+0000] {processor.py:208} INFO - Processing /home/airflow/.local/lib/python3.12/site-packages/airflow/example_dags/tutorial_objectstorage.py took 0.034 seconds
[2024-10-04T00:21:15.896+0000] {processor.py:186} INFO - Started process (PID=97501) to work on /home/airflow/.local/lib/python3.12/site-packages/airflow/example_dags/tutorial_objectstorage.py
[2024-10-04T00:21:15.896+0000] {processor.py:914} INFO - Processing file /home/airflow/.local/lib/python3.12/site-packages/airflow/example_dags/tutorial_objectstorage.py for tasks to queue
[2024-10-04T00:21:15.897+0000] {logging_mixin.py:190} INFO - [2024-10-04T00:21:15.897+0000] {dagbag.py:588} INFO - Filling up the DagBag from /home/airflow/.local/lib/python3.12/site-packages/airflow/example_dags/tutorial_objectstorage.py
[2024-10-04T00:21:15.903+0000] {processor.py:925} INFO - DAG(s) 'tutorial_objectstorage' retrieved from /home/airflow/.local/lib/python3.12/site-packages/airflow/example_dags/tutorial_objectstorage.py
[2024-10-04T00:21:15.913+0000] {logging_mixin.py:190} INFO - [2024-10-04T00:21:15.913+0000] {dag.py:3239} INFO - Sync 1 DAGs
[2024-10-04T00:21:15.920+0000] {logging_mixin.py:190} INFO - [2024-10-04T00:21:15.920+0000] {dag.py:4180} INFO - Setting next_dagrun for tutorial_objectstorage to None, run_after=None
[2024-10-04T00:21:15.933+0000] {processor.py:208} INFO - Processing /home/airflow/.local/lib/python3.12/site-packages/airflow/example_dags/tutorial_objectstorage.py took 0.040 seconds
[2024-10-04T00:21:46.518+0000] {processor.py:186} INFO - Started process (PID=97564) to work on /home/airflow/.local/lib/python3.12/site-packages/airflow/example_dags/tutorial_objectstorage.py
[2024-10-04T00:21:46.519+0000] {processor.py:914} INFO - Processing file /home/airflow/.local/lib/python3.12/site-packages/airflow/example_dags/tutorial_objectstorage.py for tasks to queue
[2024-10-04T00:21:46.519+0000] {logging_mixin.py:190} INFO - [2024-10-04T00:21:46.519+0000] {dagbag.py:588} INFO - Filling up the DagBag from /home/airflow/.local/lib/python3.12/site-packages/airflow/example_dags/tutorial_objectstorage.py
[2024-10-04T00:21:46.525+0000] {processor.py:925} INFO - DAG(s) 'tutorial_objectstorage' retrieved from /home/airflow/.local/lib/python3.12/site-packages/airflow/example_dags/tutorial_objectstorage.py
[2024-10-04T00:21:46.534+0000] {logging_mixin.py:190} INFO - [2024-10-04T00:21:46.534+0000] {dag.py:3239} INFO - Sync 1 DAGs
[2024-10-04T00:21:46.542+0000] {logging_mixin.py:190} INFO - [2024-10-04T00:21:46.541+0000] {dag.py:4180} INFO - Setting next_dagrun for tutorial_objectstorage to None, run_after=None
[2024-10-04T00:21:46.550+0000] {processor.py:208} INFO - Processing /home/airflow/.local/lib/python3.12/site-packages/airflow/example_dags/tutorial_objectstorage.py took 0.035 seconds
