[2024-10-04T01:19:46.363+0000] {local_task_job_runner.py:123} INFO - ::group::Pre task execution logs
[2024-10-04T01:19:46.374+0000] {taskinstance.py:2612} INFO - Dependencies all met for dep_context=non-requeueable deps ti=<TaskInstance: HelloWorld_v2.print_hello scheduled__2023-09-30T10:37:00+00:00 [queued]>
[2024-10-04T01:19:46.382+0000] {taskinstance.py:2612} INFO - Dependencies all met for dep_context=requeueable deps ti=<TaskInstance: HelloWorld_v2.print_hello scheduled__2023-09-30T10:37:00+00:00 [queued]>
[2024-10-04T01:19:46.382+0000] {taskinstance.py:2865} INFO - Starting attempt 1 of 1
[2024-10-04T01:19:46.394+0000] {taskinstance.py:2888} INFO - Executing <Task(_PythonDecoratedOperator): print_hello> on 2023-09-30 10:37:00+00:00
[2024-10-04T01:19:46.397+0000] {warnings.py:112} WARNING - /home/***/.local/lib/python3.12/site-packages/***/task/task_runner/standard_task_runner.py:70: DeprecationWarning: This process (pid=502) is multi-threaded, use of fork() may lead to deadlocks in the child.
  pid = os.fork()

[2024-10-04T01:19:46.398+0000] {standard_task_runner.py:72} INFO - Started process 515 to run task
[2024-10-04T01:19:46.398+0000] {standard_task_runner.py:104} INFO - Running: ['***', 'tasks', 'run', 'HelloWorld_v2', 'print_hello', 'scheduled__2023-09-30T10:37:00+00:00', '--job-id', '100', '--raw', '--subdir', 'DAGS_FOLDER/1_HelloWorld_v2.py', '--cfg-path', '/tmp/tmpif1yoliw']
[2024-10-04T01:19:46.399+0000] {standard_task_runner.py:105} INFO - Job 100: Subtask print_hello
[2024-10-04T01:19:46.426+0000] {task_command.py:467} INFO - Running <TaskInstance: HelloWorld_v2.print_hello scheduled__2023-09-30T10:37:00+00:00 [running]> on host 23ec655c645e
[2024-10-04T01:19:46.471+0000] {taskinstance.py:3131} INFO - Exporting env vars: AIRFLOW_CTX_DAG_OWNER='***' AIRFLOW_CTX_DAG_ID='HelloWorld_v2' AIRFLOW_CTX_TASK_ID='print_hello' AIRFLOW_CTX_EXECUTION_DATE='2023-09-30T10:37:00+00:00' AIRFLOW_CTX_TRY_NUMBER='1' AIRFLOW_CTX_DAG_RUN_ID='scheduled__2023-09-30T10:37:00+00:00'
[2024-10-04T01:19:46.471+0000] {taskinstance.py:731} INFO - ::endgroup::
[2024-10-04T01:19:46.473+0000] {logging_mixin.py:190} INFO - hello!
[2024-10-04T01:19:46.473+0000] {python.py:240} INFO - Done. Returned value was: hello!
[2024-10-04T01:19:46.484+0000] {taskinstance.py:340} INFO - ::group::Post task execution logs
[2024-10-04T01:19:46.485+0000] {taskinstance.py:352} INFO - Marking task as SUCCESS. dag_id=HelloWorld_v2, task_id=print_hello, run_id=scheduled__2023-09-30T10:37:00+00:00, execution_date=20230930T103700, start_date=20241004T011946, end_date=20241004T011946
[2024-10-04T01:19:46.499+0000] {local_task_job_runner.py:266} INFO - Task exited with return code 0
[2024-10-04T01:19:46.510+0000] {taskinstance.py:3900} INFO - 1 downstream tasks scheduled from follow-on schedule check
[2024-10-04T01:19:46.513+0000] {local_task_job_runner.py:245} INFO - ::endgroup::
