[2024-10-04T01:20:54.014+0000] {local_task_job_runner.py:123} INFO - ::group::Pre task execution logs
[2024-10-04T01:20:54.023+0000] {taskinstance.py:2612} INFO - Dependencies all met for dep_context=non-requeueable deps ti=<TaskInstance: HelloWorld_v2.print_goodbye scheduled__2024-02-13T10:37:00+00:00 [queued]>
[2024-10-04T01:20:54.028+0000] {taskinstance.py:2612} INFO - Dependencies all met for dep_context=requeueable deps ti=<TaskInstance: HelloWorld_v2.print_goodbye scheduled__2024-02-13T10:37:00+00:00 [queued]>
[2024-10-04T01:20:54.028+0000] {taskinstance.py:2865} INFO - Starting attempt 1 of 1
[2024-10-04T01:20:54.036+0000] {taskinstance.py:2888} INFO - Executing <Task(_PythonDecoratedOperator): print_goodbye> on 2024-02-13 10:37:00+00:00
[2024-10-04T01:20:54.038+0000] {warnings.py:112} WARNING - /home/***/.local/lib/python3.12/site-packages/***/task/task_runner/standard_task_runner.py:70: DeprecationWarning: This process (pid=1361) is multi-threaded, use of fork() may lead to deadlocks in the child.
  pid = os.fork()

[2024-10-04T01:20:54.039+0000] {standard_task_runner.py:72} INFO - Started process 1374 to run task
[2024-10-04T01:20:54.042+0000] {standard_task_runner.py:104} INFO - Running: ['***', 'tasks', 'run', 'HelloWorld_v2', 'print_goodbye', 'scheduled__2024-02-13T10:37:00+00:00', '--job-id', '380', '--raw', '--subdir', 'DAGS_FOLDER/1_HelloWorld_v2.py', '--cfg-path', '/tmp/tmpkzx0ed3x']
[2024-10-04T01:20:54.043+0000] {standard_task_runner.py:105} INFO - Job 380: Subtask print_goodbye
[2024-10-04T01:20:54.076+0000] {task_command.py:467} INFO - Running <TaskInstance: HelloWorld_v2.print_goodbye scheduled__2024-02-13T10:37:00+00:00 [running]> on host 23ec655c645e
[2024-10-04T01:20:54.121+0000] {taskinstance.py:3131} INFO - Exporting env vars: AIRFLOW_CTX_DAG_OWNER='***' AIRFLOW_CTX_DAG_ID='HelloWorld_v2' AIRFLOW_CTX_TASK_ID='print_goodbye' AIRFLOW_CTX_EXECUTION_DATE='2024-02-13T10:37:00+00:00' AIRFLOW_CTX_TRY_NUMBER='1' AIRFLOW_CTX_DAG_RUN_ID='scheduled__2024-02-13T10:37:00+00:00'
[2024-10-04T01:20:54.122+0000] {taskinstance.py:731} INFO - ::endgroup::
[2024-10-04T01:20:54.123+0000] {logging_mixin.py:190} INFO - goodbye!
[2024-10-04T01:20:54.123+0000] {python.py:240} INFO - Done. Returned value was: goodbye!
[2024-10-04T01:20:54.136+0000] {taskinstance.py:340} INFO - ::group::Post task execution logs
[2024-10-04T01:20:54.136+0000] {taskinstance.py:352} INFO - Marking task as SUCCESS. dag_id=HelloWorld_v2, task_id=print_goodbye, run_id=scheduled__2024-02-13T10:37:00+00:00, execution_date=20240213T103700, start_date=20241004T012054, end_date=20241004T012054
[2024-10-04T01:20:54.179+0000] {local_task_job_runner.py:266} INFO - Task exited with return code 0
[2024-10-04T01:20:54.188+0000] {taskinstance.py:3900} INFO - 0 downstream tasks scheduled from follow-on schedule check
[2024-10-04T01:20:54.189+0000] {local_task_job_runner.py:245} INFO - ::endgroup::
