[2024-10-02T02:38:43.678+0000] {local_task_job_runner.py:123} INFO - ::group::Pre task execution logs
[2024-10-02T02:38:43.685+0000] {taskinstance.py:2612} INFO - Dependencies all met for dep_context=non-requeueable deps ti=<TaskInstance: example_bash_operator.runme_1 manual__2024-10-02T02:38:38+00:00 [queued]>
[2024-10-02T02:38:43.689+0000] {taskinstance.py:2612} INFO - Dependencies all met for dep_context=requeueable deps ti=<TaskInstance: example_bash_operator.runme_1 manual__2024-10-02T02:38:38+00:00 [queued]>
[2024-10-02T02:38:43.689+0000] {taskinstance.py:2865} INFO - Starting attempt 1 of 1
[2024-10-02T02:38:43.699+0000] {taskinstance.py:2888} INFO - Executing <Task(BashOperator): runme_1> on 2024-10-02 02:38:38+00:00
[2024-10-02T02:38:43.703+0000] {warnings.py:112} WARNING - /home/***/.local/lib/python3.12/site-packages/***/task/task_runner/standard_task_runner.py:70: DeprecationWarning: This process (pid=770) is multi-threaded, use of fork() may lead to deadlocks in the child.
  pid = os.fork()

[2024-10-02T02:38:43.705+0000] {standard_task_runner.py:72} INFO - Started process 782 to run task
[2024-10-02T02:38:43.711+0000] {standard_task_runner.py:104} INFO - Running: ['***', 'tasks', 'run', 'example_bash_operator', 'runme_1', 'manual__2024-10-02T02:38:38+00:00', '--job-id', '11', '--raw', '--subdir', '/home/***/.local/lib/python3.12/site-packages/***/example_dags/example_bash_operator.py', '--cfg-path', '/tmp/tmpjpzpjq01']
[2024-10-02T02:38:43.712+0000] {standard_task_runner.py:105} INFO - Job 11: Subtask runme_1
[2024-10-02T02:38:43.751+0000] {task_command.py:467} INFO - Running <TaskInstance: example_bash_operator.runme_1 manual__2024-10-02T02:38:38+00:00 [running]> on host be06cec25f40
[2024-10-02T02:38:43.805+0000] {taskinstance.py:3131} INFO - Exporting env vars: AIRFLOW_CTX_DAG_OWNER='***' AIRFLOW_CTX_DAG_ID='example_bash_operator' AIRFLOW_CTX_TASK_ID='runme_1' AIRFLOW_CTX_EXECUTION_DATE='2024-10-02T02:38:38+00:00' AIRFLOW_CTX_TRY_NUMBER='1' AIRFLOW_CTX_DAG_RUN_ID='manual__2024-10-02T02:38:38+00:00'
[2024-10-02T02:38:43.806+0000] {logging_mixin.py:190} INFO - Task instance is in running state
[2024-10-02T02:38:43.806+0000] {logging_mixin.py:190} INFO -  Previous state of the Task instance: queued
[2024-10-02T02:38:43.806+0000] {logging_mixin.py:190} INFO - Current task name:runme_1 state:running start_date:2024-10-02 02:38:43.686070+00:00
[2024-10-02T02:38:43.806+0000] {logging_mixin.py:190} INFO - Dag name:example_bash_operator and current dag run status:running
[2024-10-02T02:38:43.806+0000] {taskinstance.py:731} INFO - ::endgroup::
[2024-10-02T02:38:43.806+0000] {subprocess.py:63} INFO - Tmp dir root location: /tmp
[2024-10-02T02:38:43.807+0000] {subprocess.py:75} INFO - Running command: ['/usr/bin/bash', '-c', 'echo "example_bash_operator__runme_1__20241002" && sleep 1']
[2024-10-02T02:38:43.813+0000] {subprocess.py:86} INFO - Output:
[2024-10-02T02:38:43.814+0000] {subprocess.py:93} INFO - example_bash_operator__runme_1__20241002
[2024-10-02T02:38:44.820+0000] {subprocess.py:97} INFO - Command exited with return code 0
[2024-10-02T02:38:44.859+0000] {taskinstance.py:340} INFO - ::group::Post task execution logs
[2024-10-02T02:38:44.859+0000] {taskinstance.py:352} INFO - Marking task as SUCCESS. dag_id=example_bash_operator, task_id=runme_1, run_id=manual__2024-10-02T02:38:38+00:00, execution_date=20241002T023838, start_date=20241002T023843, end_date=20241002T023844
[2024-10-02T02:38:44.870+0000] {logging_mixin.py:190} INFO - Task instance in success state
[2024-10-02T02:38:44.870+0000] {logging_mixin.py:190} INFO -  Previous state of the Task instance: running
[2024-10-02T02:38:44.871+0000] {logging_mixin.py:190} INFO - Dag name:example_bash_operator queued_at:2024-10-02 02:38:42.763226+00:00
[2024-10-02T02:38:44.871+0000] {logging_mixin.py:190} INFO - Task hostname:be06cec25f40 operator:BashOperator
[2024-10-02T02:38:44.916+0000] {local_task_job_runner.py:266} INFO - Task exited with return code 0
[2024-10-02T02:38:44.922+0000] {local_task_job_runner.py:245} INFO - ::endgroup::
