[2024-10-04T01:04:58.746+0000] {processor.py:186} INFO - Started process (PID=102) to work on /opt/airflow/dags/plugins/redshift_summary.py
[2024-10-04T01:04:58.747+0000] {processor.py:914} INFO - Processing file /opt/airflow/dags/plugins/redshift_summary.py for tasks to queue
[2024-10-04T01:04:58.748+0000] {logging_mixin.py:190} INFO - [2024-10-04T01:04:58.748+0000] {dagbag.py:588} INFO - Filling up the DagBag from /opt/airflow/dags/plugins/redshift_summary.py
[2024-10-04T01:04:58.754+0000] {processor.py:927} WARNING - No viable dags retrieved from /opt/airflow/dags/plugins/redshift_summary.py
[2024-10-04T01:04:58.760+0000] {processor.py:208} INFO - Processing /opt/airflow/dags/plugins/redshift_summary.py took 0.017 seconds
[2024-10-04T01:05:28.971+0000] {processor.py:186} INFO - Started process (PID=174) to work on /opt/airflow/dags/plugins/redshift_summary.py
[2024-10-04T01:05:28.972+0000] {processor.py:914} INFO - Processing file /opt/airflow/dags/plugins/redshift_summary.py for tasks to queue
[2024-10-04T01:05:28.973+0000] {logging_mixin.py:190} INFO - [2024-10-04T01:05:28.973+0000] {dagbag.py:588} INFO - Filling up the DagBag from /opt/airflow/dags/plugins/redshift_summary.py
[2024-10-04T01:05:28.976+0000] {processor.py:927} WARNING - No viable dags retrieved from /opt/airflow/dags/plugins/redshift_summary.py
[2024-10-04T01:05:28.983+0000] {processor.py:208} INFO - Processing /opt/airflow/dags/plugins/redshift_summary.py took 0.014 seconds
[2024-10-04T01:05:59.593+0000] {processor.py:186} INFO - Started process (PID=246) to work on /opt/airflow/dags/plugins/redshift_summary.py
[2024-10-04T01:05:59.594+0000] {processor.py:914} INFO - Processing file /opt/airflow/dags/plugins/redshift_summary.py for tasks to queue
[2024-10-04T01:05:59.595+0000] {logging_mixin.py:190} INFO - [2024-10-04T01:05:59.595+0000] {dagbag.py:588} INFO - Filling up the DagBag from /opt/airflow/dags/plugins/redshift_summary.py
[2024-10-04T01:05:59.598+0000] {processor.py:927} WARNING - No viable dags retrieved from /opt/airflow/dags/plugins/redshift_summary.py
[2024-10-04T01:05:59.604+0000] {processor.py:208} INFO - Processing /opt/airflow/dags/plugins/redshift_summary.py took 0.014 seconds
[2024-10-04T01:06:30.168+0000] {processor.py:186} INFO - Started process (PID=318) to work on /opt/airflow/dags/plugins/redshift_summary.py
[2024-10-04T01:06:30.168+0000] {processor.py:914} INFO - Processing file /opt/airflow/dags/plugins/redshift_summary.py for tasks to queue
[2024-10-04T01:06:30.170+0000] {logging_mixin.py:190} INFO - [2024-10-04T01:06:30.170+0000] {dagbag.py:588} INFO - Filling up the DagBag from /opt/airflow/dags/plugins/redshift_summary.py
[2024-10-04T01:06:30.172+0000] {processor.py:927} WARNING - No viable dags retrieved from /opt/airflow/dags/plugins/redshift_summary.py
[2024-10-04T01:06:30.179+0000] {processor.py:208} INFO - Processing /opt/airflow/dags/plugins/redshift_summary.py took 0.014 seconds
[2024-10-04T01:07:00.376+0000] {processor.py:186} INFO - Started process (PID=390) to work on /opt/airflow/dags/plugins/redshift_summary.py
[2024-10-04T01:07:00.377+0000] {processor.py:914} INFO - Processing file /opt/airflow/dags/plugins/redshift_summary.py for tasks to queue
[2024-10-04T01:07:00.378+0000] {logging_mixin.py:190} INFO - [2024-10-04T01:07:00.378+0000] {dagbag.py:588} INFO - Filling up the DagBag from /opt/airflow/dags/plugins/redshift_summary.py
[2024-10-04T01:07:00.381+0000] {processor.py:927} WARNING - No viable dags retrieved from /opt/airflow/dags/plugins/redshift_summary.py
[2024-10-04T01:07:00.388+0000] {processor.py:208} INFO - Processing /opt/airflow/dags/plugins/redshift_summary.py took 0.015 seconds
[2024-10-04T01:07:30.601+0000] {processor.py:186} INFO - Started process (PID=462) to work on /opt/airflow/dags/plugins/redshift_summary.py
[2024-10-04T01:07:30.601+0000] {processor.py:914} INFO - Processing file /opt/airflow/dags/plugins/redshift_summary.py for tasks to queue
[2024-10-04T01:07:30.602+0000] {logging_mixin.py:190} INFO - [2024-10-04T01:07:30.602+0000] {dagbag.py:588} INFO - Filling up the DagBag from /opt/airflow/dags/plugins/redshift_summary.py
[2024-10-04T01:07:30.605+0000] {processor.py:927} WARNING - No viable dags retrieved from /opt/airflow/dags/plugins/redshift_summary.py
[2024-10-04T01:07:30.611+0000] {processor.py:208} INFO - Processing /opt/airflow/dags/plugins/redshift_summary.py took 0.013 seconds
[2024-10-04T01:08:00.755+0000] {processor.py:186} INFO - Started process (PID=534) to work on /opt/airflow/dags/plugins/redshift_summary.py
[2024-10-04T01:08:00.756+0000] {processor.py:914} INFO - Processing file /opt/airflow/dags/plugins/redshift_summary.py for tasks to queue
[2024-10-04T01:08:00.757+0000] {logging_mixin.py:190} INFO - [2024-10-04T01:08:00.757+0000] {dagbag.py:588} INFO - Filling up the DagBag from /opt/airflow/dags/plugins/redshift_summary.py
[2024-10-04T01:08:00.760+0000] {processor.py:927} WARNING - No viable dags retrieved from /opt/airflow/dags/plugins/redshift_summary.py
[2024-10-04T01:08:00.766+0000] {processor.py:208} INFO - Processing /opt/airflow/dags/plugins/redshift_summary.py took 0.014 seconds
[2024-10-04T01:08:30.947+0000] {processor.py:186} INFO - Started process (PID=606) to work on /opt/airflow/dags/plugins/redshift_summary.py
[2024-10-04T01:08:30.948+0000] {processor.py:914} INFO - Processing file /opt/airflow/dags/plugins/redshift_summary.py for tasks to queue
[2024-10-04T01:08:30.949+0000] {logging_mixin.py:190} INFO - [2024-10-04T01:08:30.949+0000] {dagbag.py:588} INFO - Filling up the DagBag from /opt/airflow/dags/plugins/redshift_summary.py
[2024-10-04T01:08:30.952+0000] {processor.py:927} WARNING - No viable dags retrieved from /opt/airflow/dags/plugins/redshift_summary.py
[2024-10-04T01:08:30.958+0000] {processor.py:208} INFO - Processing /opt/airflow/dags/plugins/redshift_summary.py took 0.014 seconds
[2024-10-04T01:09:02.065+0000] {processor.py:186} INFO - Started process (PID=684) to work on /opt/airflow/dags/plugins/redshift_summary.py
[2024-10-04T01:09:02.066+0000] {processor.py:914} INFO - Processing file /opt/airflow/dags/plugins/redshift_summary.py for tasks to queue
[2024-10-04T01:09:02.067+0000] {logging_mixin.py:190} INFO - [2024-10-04T01:09:02.066+0000] {dagbag.py:588} INFO - Filling up the DagBag from /opt/airflow/dags/plugins/redshift_summary.py
[2024-10-04T01:09:02.069+0000] {processor.py:927} WARNING - No viable dags retrieved from /opt/airflow/dags/plugins/redshift_summary.py
[2024-10-04T01:09:02.076+0000] {processor.py:208} INFO - Processing /opt/airflow/dags/plugins/redshift_summary.py took 0.014 seconds
[2024-10-04T01:09:32.296+0000] {processor.py:186} INFO - Started process (PID=756) to work on /opt/airflow/dags/plugins/redshift_summary.py
[2024-10-04T01:09:32.297+0000] {processor.py:914} INFO - Processing file /opt/airflow/dags/plugins/redshift_summary.py for tasks to queue
[2024-10-04T01:09:32.298+0000] {logging_mixin.py:190} INFO - [2024-10-04T01:09:32.298+0000] {dagbag.py:588} INFO - Filling up the DagBag from /opt/airflow/dags/plugins/redshift_summary.py
[2024-10-04T01:09:32.301+0000] {processor.py:927} WARNING - No viable dags retrieved from /opt/airflow/dags/plugins/redshift_summary.py
[2024-10-04T01:09:32.306+0000] {processor.py:208} INFO - Processing /opt/airflow/dags/plugins/redshift_summary.py took 0.013 seconds
[2024-10-04T01:10:35.676+0000] {processor.py:186} INFO - Started process (PID=101) to work on /opt/airflow/dags/plugins/redshift_summary.py
[2024-10-04T01:10:35.677+0000] {processor.py:914} INFO - Processing file /opt/airflow/dags/plugins/redshift_summary.py for tasks to queue
[2024-10-04T01:10:35.679+0000] {logging_mixin.py:190} INFO - [2024-10-04T01:10:35.678+0000] {dagbag.py:588} INFO - Filling up the DagBag from /opt/airflow/dags/plugins/redshift_summary.py
[2024-10-04T01:10:35.687+0000] {processor.py:927} WARNING - No viable dags retrieved from /opt/airflow/dags/plugins/redshift_summary.py
[2024-10-04T01:10:35.703+0000] {processor.py:208} INFO - Processing /opt/airflow/dags/plugins/redshift_summary.py took 0.031 seconds
[2024-10-04T01:11:06.355+0000] {processor.py:186} INFO - Started process (PID=117) to work on /opt/airflow/dags/plugins/redshift_summary.py
[2024-10-04T01:11:06.355+0000] {processor.py:914} INFO - Processing file /opt/airflow/dags/plugins/redshift_summary.py for tasks to queue
[2024-10-04T01:11:06.356+0000] {logging_mixin.py:190} INFO - [2024-10-04T01:11:06.356+0000] {dagbag.py:588} INFO - Filling up the DagBag from /opt/airflow/dags/plugins/redshift_summary.py
[2024-10-04T01:11:06.359+0000] {processor.py:927} WARNING - No viable dags retrieved from /opt/airflow/dags/plugins/redshift_summary.py
[2024-10-04T01:11:06.365+0000] {processor.py:208} INFO - Processing /opt/airflow/dags/plugins/redshift_summary.py took 0.013 seconds
[2024-10-04T01:11:37.023+0000] {processor.py:186} INFO - Started process (PID=133) to work on /opt/airflow/dags/plugins/redshift_summary.py
[2024-10-04T01:11:37.024+0000] {processor.py:914} INFO - Processing file /opt/airflow/dags/plugins/redshift_summary.py for tasks to queue
[2024-10-04T01:11:37.025+0000] {logging_mixin.py:190} INFO - [2024-10-04T01:11:37.025+0000] {dagbag.py:588} INFO - Filling up the DagBag from /opt/airflow/dags/plugins/redshift_summary.py
[2024-10-04T01:11:37.027+0000] {processor.py:927} WARNING - No viable dags retrieved from /opt/airflow/dags/plugins/redshift_summary.py
[2024-10-04T01:11:37.032+0000] {processor.py:208} INFO - Processing /opt/airflow/dags/plugins/redshift_summary.py took 0.012 seconds
[2024-10-04T01:12:07.718+0000] {processor.py:186} INFO - Started process (PID=149) to work on /opt/airflow/dags/plugins/redshift_summary.py
[2024-10-04T01:12:07.719+0000] {processor.py:914} INFO - Processing file /opt/airflow/dags/plugins/redshift_summary.py for tasks to queue
[2024-10-04T01:12:07.720+0000] {logging_mixin.py:190} INFO - [2024-10-04T01:12:07.720+0000] {dagbag.py:588} INFO - Filling up the DagBag from /opt/airflow/dags/plugins/redshift_summary.py
[2024-10-04T01:12:07.722+0000] {processor.py:927} WARNING - No viable dags retrieved from /opt/airflow/dags/plugins/redshift_summary.py
[2024-10-04T01:12:07.728+0000] {processor.py:208} INFO - Processing /opt/airflow/dags/plugins/redshift_summary.py took 0.013 seconds
[2024-10-04T01:12:38.404+0000] {processor.py:186} INFO - Started process (PID=165) to work on /opt/airflow/dags/plugins/redshift_summary.py
[2024-10-04T01:12:38.405+0000] {processor.py:914} INFO - Processing file /opt/airflow/dags/plugins/redshift_summary.py for tasks to queue
[2024-10-04T01:12:38.408+0000] {logging_mixin.py:190} INFO - [2024-10-04T01:12:38.408+0000] {dagbag.py:588} INFO - Filling up the DagBag from /opt/airflow/dags/plugins/redshift_summary.py
[2024-10-04T01:12:38.414+0000] {processor.py:927} WARNING - No viable dags retrieved from /opt/airflow/dags/plugins/redshift_summary.py
[2024-10-04T01:12:38.421+0000] {processor.py:208} INFO - Processing /opt/airflow/dags/plugins/redshift_summary.py took 0.023 seconds
[2024-10-04T01:13:09.111+0000] {processor.py:186} INFO - Started process (PID=181) to work on /opt/airflow/dags/plugins/redshift_summary.py
[2024-10-04T01:13:09.112+0000] {processor.py:914} INFO - Processing file /opt/airflow/dags/plugins/redshift_summary.py for tasks to queue
[2024-10-04T01:13:09.113+0000] {logging_mixin.py:190} INFO - [2024-10-04T01:13:09.113+0000] {dagbag.py:588} INFO - Filling up the DagBag from /opt/airflow/dags/plugins/redshift_summary.py
[2024-10-04T01:13:09.116+0000] {processor.py:927} WARNING - No viable dags retrieved from /opt/airflow/dags/plugins/redshift_summary.py
[2024-10-04T01:13:09.123+0000] {processor.py:208} INFO - Processing /opt/airflow/dags/plugins/redshift_summary.py took 0.015 seconds
[2024-10-04T01:13:39.811+0000] {processor.py:186} INFO - Started process (PID=207) to work on /opt/airflow/dags/plugins/redshift_summary.py
[2024-10-04T01:13:39.812+0000] {processor.py:914} INFO - Processing file /opt/airflow/dags/plugins/redshift_summary.py for tasks to queue
[2024-10-04T01:13:39.813+0000] {logging_mixin.py:190} INFO - [2024-10-04T01:13:39.813+0000] {dagbag.py:588} INFO - Filling up the DagBag from /opt/airflow/dags/plugins/redshift_summary.py
[2024-10-04T01:13:39.817+0000] {processor.py:927} WARNING - No viable dags retrieved from /opt/airflow/dags/plugins/redshift_summary.py
[2024-10-04T01:13:39.825+0000] {processor.py:208} INFO - Processing /opt/airflow/dags/plugins/redshift_summary.py took 0.016 seconds
[2024-10-04T01:14:10.596+0000] {processor.py:186} INFO - Started process (PID=223) to work on /opt/airflow/dags/plugins/redshift_summary.py
[2024-10-04T01:14:10.597+0000] {processor.py:914} INFO - Processing file /opt/airflow/dags/plugins/redshift_summary.py for tasks to queue
[2024-10-04T01:14:10.598+0000] {logging_mixin.py:190} INFO - [2024-10-04T01:14:10.597+0000] {dagbag.py:588} INFO - Filling up the DagBag from /opt/airflow/dags/plugins/redshift_summary.py
[2024-10-04T01:14:10.600+0000] {processor.py:927} WARNING - No viable dags retrieved from /opt/airflow/dags/plugins/redshift_summary.py
[2024-10-04T01:14:10.606+0000] {processor.py:208} INFO - Processing /opt/airflow/dags/plugins/redshift_summary.py took 0.013 seconds
[2024-10-04T01:14:41.409+0000] {processor.py:186} INFO - Started process (PID=239) to work on /opt/airflow/dags/plugins/redshift_summary.py
[2024-10-04T01:14:41.409+0000] {processor.py:914} INFO - Processing file /opt/airflow/dags/plugins/redshift_summary.py for tasks to queue
[2024-10-04T01:14:41.410+0000] {logging_mixin.py:190} INFO - [2024-10-04T01:14:41.410+0000] {dagbag.py:588} INFO - Filling up the DagBag from /opt/airflow/dags/plugins/redshift_summary.py
[2024-10-04T01:14:41.413+0000] {processor.py:927} WARNING - No viable dags retrieved from /opt/airflow/dags/plugins/redshift_summary.py
[2024-10-04T01:14:41.420+0000] {processor.py:208} INFO - Processing /opt/airflow/dags/plugins/redshift_summary.py took 0.015 seconds
[2024-10-04T01:15:12.128+0000] {processor.py:186} INFO - Started process (PID=255) to work on /opt/airflow/dags/plugins/redshift_summary.py
[2024-10-04T01:15:12.129+0000] {processor.py:914} INFO - Processing file /opt/airflow/dags/plugins/redshift_summary.py for tasks to queue
[2024-10-04T01:15:12.131+0000] {logging_mixin.py:190} INFO - [2024-10-04T01:15:12.130+0000] {dagbag.py:588} INFO - Filling up the DagBag from /opt/airflow/dags/plugins/redshift_summary.py
[2024-10-04T01:15:12.133+0000] {processor.py:927} WARNING - No viable dags retrieved from /opt/airflow/dags/plugins/redshift_summary.py
[2024-10-04T01:15:12.139+0000] {processor.py:208} INFO - Processing /opt/airflow/dags/plugins/redshift_summary.py took 0.014 seconds
[2024-10-04T01:15:42.878+0000] {processor.py:186} INFO - Started process (PID=271) to work on /opt/airflow/dags/plugins/redshift_summary.py
[2024-10-04T01:15:42.878+0000] {processor.py:914} INFO - Processing file /opt/airflow/dags/plugins/redshift_summary.py for tasks to queue
[2024-10-04T01:15:42.879+0000] {logging_mixin.py:190} INFO - [2024-10-04T01:15:42.879+0000] {dagbag.py:588} INFO - Filling up the DagBag from /opt/airflow/dags/plugins/redshift_summary.py
[2024-10-04T01:15:42.881+0000] {processor.py:927} WARNING - No viable dags retrieved from /opt/airflow/dags/plugins/redshift_summary.py
[2024-10-04T01:15:42.887+0000] {processor.py:208} INFO - Processing /opt/airflow/dags/plugins/redshift_summary.py took 0.013 seconds
[2024-10-04T01:16:13.577+0000] {processor.py:186} INFO - Started process (PID=287) to work on /opt/airflow/dags/plugins/redshift_summary.py
[2024-10-04T01:16:13.578+0000] {processor.py:914} INFO - Processing file /opt/airflow/dags/plugins/redshift_summary.py for tasks to queue
[2024-10-04T01:16:13.579+0000] {logging_mixin.py:190} INFO - [2024-10-04T01:16:13.579+0000] {dagbag.py:588} INFO - Filling up the DagBag from /opt/airflow/dags/plugins/redshift_summary.py
[2024-10-04T01:16:13.582+0000] {processor.py:927} WARNING - No viable dags retrieved from /opt/airflow/dags/plugins/redshift_summary.py
[2024-10-04T01:16:13.588+0000] {processor.py:208} INFO - Processing /opt/airflow/dags/plugins/redshift_summary.py took 0.014 seconds
[2024-10-04T01:16:44.211+0000] {processor.py:186} INFO - Started process (PID=303) to work on /opt/airflow/dags/plugins/redshift_summary.py
[2024-10-04T01:16:44.211+0000] {processor.py:914} INFO - Processing file /opt/airflow/dags/plugins/redshift_summary.py for tasks to queue
[2024-10-04T01:16:44.213+0000] {logging_mixin.py:190} INFO - [2024-10-04T01:16:44.213+0000] {dagbag.py:588} INFO - Filling up the DagBag from /opt/airflow/dags/plugins/redshift_summary.py
[2024-10-04T01:16:44.216+0000] {processor.py:927} WARNING - No viable dags retrieved from /opt/airflow/dags/plugins/redshift_summary.py
[2024-10-04T01:16:44.223+0000] {processor.py:208} INFO - Processing /opt/airflow/dags/plugins/redshift_summary.py took 0.016 seconds
[2024-10-04T01:17:14.954+0000] {processor.py:186} INFO - Started process (PID=319) to work on /opt/airflow/dags/plugins/redshift_summary.py
[2024-10-04T01:17:14.954+0000] {processor.py:914} INFO - Processing file /opt/airflow/dags/plugins/redshift_summary.py for tasks to queue
[2024-10-04T01:17:14.955+0000] {logging_mixin.py:190} INFO - [2024-10-04T01:17:14.955+0000] {dagbag.py:588} INFO - Filling up the DagBag from /opt/airflow/dags/plugins/redshift_summary.py
[2024-10-04T01:17:14.957+0000] {processor.py:927} WARNING - No viable dags retrieved from /opt/airflow/dags/plugins/redshift_summary.py
[2024-10-04T01:17:14.963+0000] {processor.py:208} INFO - Processing /opt/airflow/dags/plugins/redshift_summary.py took 0.013 seconds
[2024-10-04T01:17:45.675+0000] {processor.py:186} INFO - Started process (PID=335) to work on /opt/airflow/dags/plugins/redshift_summary.py
[2024-10-04T01:17:45.675+0000] {processor.py:914} INFO - Processing file /opt/airflow/dags/plugins/redshift_summary.py for tasks to queue
[2024-10-04T01:17:45.676+0000] {logging_mixin.py:190} INFO - [2024-10-04T01:17:45.676+0000] {dagbag.py:588} INFO - Filling up the DagBag from /opt/airflow/dags/plugins/redshift_summary.py
[2024-10-04T01:17:45.679+0000] {processor.py:927} WARNING - No viable dags retrieved from /opt/airflow/dags/plugins/redshift_summary.py
[2024-10-04T01:17:45.685+0000] {processor.py:208} INFO - Processing /opt/airflow/dags/plugins/redshift_summary.py took 0.014 seconds
[2024-10-04T01:18:16.427+0000] {processor.py:186} INFO - Started process (PID=351) to work on /opt/airflow/dags/plugins/redshift_summary.py
[2024-10-04T01:18:16.428+0000] {processor.py:914} INFO - Processing file /opt/airflow/dags/plugins/redshift_summary.py for tasks to queue
[2024-10-04T01:18:16.429+0000] {logging_mixin.py:190} INFO - [2024-10-04T01:18:16.429+0000] {dagbag.py:588} INFO - Filling up the DagBag from /opt/airflow/dags/plugins/redshift_summary.py
[2024-10-04T01:18:16.432+0000] {processor.py:927} WARNING - No viable dags retrieved from /opt/airflow/dags/plugins/redshift_summary.py
[2024-10-04T01:18:16.439+0000] {processor.py:208} INFO - Processing /opt/airflow/dags/plugins/redshift_summary.py took 0.015 seconds
[2024-10-04T01:18:47.074+0000] {processor.py:186} INFO - Started process (PID=367) to work on /opt/airflow/dags/plugins/redshift_summary.py
[2024-10-04T01:18:47.074+0000] {processor.py:914} INFO - Processing file /opt/airflow/dags/plugins/redshift_summary.py for tasks to queue
[2024-10-04T01:18:47.075+0000] {logging_mixin.py:190} INFO - [2024-10-04T01:18:47.075+0000] {dagbag.py:588} INFO - Filling up the DagBag from /opt/airflow/dags/plugins/redshift_summary.py
[2024-10-04T01:18:47.077+0000] {processor.py:927} WARNING - No viable dags retrieved from /opt/airflow/dags/plugins/redshift_summary.py
[2024-10-04T01:18:47.083+0000] {processor.py:208} INFO - Processing /opt/airflow/dags/plugins/redshift_summary.py took 0.012 seconds
[2024-10-04T01:19:17.714+0000] {processor.py:186} INFO - Started process (PID=383) to work on /opt/airflow/dags/plugins/redshift_summary.py
[2024-10-04T01:19:17.714+0000] {processor.py:914} INFO - Processing file /opt/airflow/dags/plugins/redshift_summary.py for tasks to queue
[2024-10-04T01:19:17.715+0000] {logging_mixin.py:190} INFO - [2024-10-04T01:19:17.715+0000] {dagbag.py:588} INFO - Filling up the DagBag from /opt/airflow/dags/plugins/redshift_summary.py
[2024-10-04T01:19:17.718+0000] {processor.py:927} WARNING - No viable dags retrieved from /opt/airflow/dags/plugins/redshift_summary.py
[2024-10-04T01:19:17.724+0000] {processor.py:208} INFO - Processing /opt/airflow/dags/plugins/redshift_summary.py took 0.013 seconds
[2024-10-04T01:19:48.262+0000] {processor.py:186} INFO - Started process (PID=515) to work on /opt/airflow/dags/plugins/redshift_summary.py
[2024-10-04T01:19:48.262+0000] {processor.py:914} INFO - Processing file /opt/airflow/dags/plugins/redshift_summary.py for tasks to queue
[2024-10-04T01:19:48.264+0000] {logging_mixin.py:190} INFO - [2024-10-04T01:19:48.264+0000] {dagbag.py:588} INFO - Filling up the DagBag from /opt/airflow/dags/plugins/redshift_summary.py
[2024-10-04T01:19:48.267+0000] {processor.py:927} WARNING - No viable dags retrieved from /opt/airflow/dags/plugins/redshift_summary.py
[2024-10-04T01:19:48.275+0000] {processor.py:208} INFO - Processing /opt/airflow/dags/plugins/redshift_summary.py took 0.017 seconds
[2024-10-04T01:20:18.893+0000] {processor.py:186} INFO - Started process (PID=669) to work on /opt/airflow/dags/plugins/redshift_summary.py
[2024-10-04T01:20:18.893+0000] {processor.py:914} INFO - Processing file /opt/airflow/dags/plugins/redshift_summary.py for tasks to queue
[2024-10-04T01:20:18.894+0000] {logging_mixin.py:190} INFO - [2024-10-04T01:20:18.894+0000] {dagbag.py:588} INFO - Filling up the DagBag from /opt/airflow/dags/plugins/redshift_summary.py
[2024-10-04T01:20:18.897+0000] {processor.py:927} WARNING - No viable dags retrieved from /opt/airflow/dags/plugins/redshift_summary.py
[2024-10-04T01:20:18.903+0000] {processor.py:208} INFO - Processing /opt/airflow/dags/plugins/redshift_summary.py took 0.013 seconds
[2024-10-04T01:20:49.550+0000] {processor.py:186} INFO - Started process (PID=841) to work on /opt/airflow/dags/plugins/redshift_summary.py
[2024-10-04T01:20:49.551+0000] {processor.py:914} INFO - Processing file /opt/airflow/dags/plugins/redshift_summary.py for tasks to queue
[2024-10-04T01:20:49.552+0000] {logging_mixin.py:190} INFO - [2024-10-04T01:20:49.552+0000] {dagbag.py:588} INFO - Filling up the DagBag from /opt/airflow/dags/plugins/redshift_summary.py
[2024-10-04T01:20:49.555+0000] {processor.py:927} WARNING - No viable dags retrieved from /opt/airflow/dags/plugins/redshift_summary.py
[2024-10-04T01:20:49.561+0000] {processor.py:208} INFO - Processing /opt/airflow/dags/plugins/redshift_summary.py took 0.014 seconds
[2024-10-04T01:21:20.152+0000] {processor.py:186} INFO - Started process (PID=965) to work on /opt/airflow/dags/plugins/redshift_summary.py
[2024-10-04T01:21:20.153+0000] {processor.py:914} INFO - Processing file /opt/airflow/dags/plugins/redshift_summary.py for tasks to queue
[2024-10-04T01:21:20.154+0000] {logging_mixin.py:190} INFO - [2024-10-04T01:21:20.154+0000] {dagbag.py:588} INFO - Filling up the DagBag from /opt/airflow/dags/plugins/redshift_summary.py
[2024-10-04T01:21:20.157+0000] {processor.py:927} WARNING - No viable dags retrieved from /opt/airflow/dags/plugins/redshift_summary.py
[2024-10-04T01:21:20.165+0000] {processor.py:208} INFO - Processing /opt/airflow/dags/plugins/redshift_summary.py took 0.016 seconds
[2024-10-04T01:21:50.864+0000] {processor.py:186} INFO - Started process (PID=981) to work on /opt/airflow/dags/plugins/redshift_summary.py
[2024-10-04T01:21:50.864+0000] {processor.py:914} INFO - Processing file /opt/airflow/dags/plugins/redshift_summary.py for tasks to queue
[2024-10-04T01:21:50.866+0000] {logging_mixin.py:190} INFO - [2024-10-04T01:21:50.865+0000] {dagbag.py:588} INFO - Filling up the DagBag from /opt/airflow/dags/plugins/redshift_summary.py
[2024-10-04T01:21:50.868+0000] {processor.py:927} WARNING - No viable dags retrieved from /opt/airflow/dags/plugins/redshift_summary.py
[2024-10-04T01:21:50.875+0000] {processor.py:208} INFO - Processing /opt/airflow/dags/plugins/redshift_summary.py took 0.014 seconds
[2024-10-04T01:22:21.525+0000] {processor.py:186} INFO - Started process (PID=997) to work on /opt/airflow/dags/plugins/redshift_summary.py
[2024-10-04T01:22:21.526+0000] {processor.py:914} INFO - Processing file /opt/airflow/dags/plugins/redshift_summary.py for tasks to queue
[2024-10-04T01:22:21.528+0000] {logging_mixin.py:190} INFO - [2024-10-04T01:22:21.527+0000] {dagbag.py:588} INFO - Filling up the DagBag from /opt/airflow/dags/plugins/redshift_summary.py
[2024-10-04T01:22:21.530+0000] {processor.py:927} WARNING - No viable dags retrieved from /opt/airflow/dags/plugins/redshift_summary.py
[2024-10-04T01:22:21.537+0000] {processor.py:208} INFO - Processing /opt/airflow/dags/plugins/redshift_summary.py took 0.015 seconds
[2024-10-04T01:22:52.185+0000] {processor.py:186} INFO - Started process (PID=1013) to work on /opt/airflow/dags/plugins/redshift_summary.py
[2024-10-04T01:22:52.185+0000] {processor.py:914} INFO - Processing file /opt/airflow/dags/plugins/redshift_summary.py for tasks to queue
[2024-10-04T01:22:52.187+0000] {logging_mixin.py:190} INFO - [2024-10-04T01:22:52.186+0000] {dagbag.py:588} INFO - Filling up the DagBag from /opt/airflow/dags/plugins/redshift_summary.py
[2024-10-04T01:22:52.190+0000] {processor.py:927} WARNING - No viable dags retrieved from /opt/airflow/dags/plugins/redshift_summary.py
[2024-10-04T01:22:52.196+0000] {processor.py:208} INFO - Processing /opt/airflow/dags/plugins/redshift_summary.py took 0.015 seconds
[2024-10-04T01:23:22.873+0000] {processor.py:186} INFO - Started process (PID=1029) to work on /opt/airflow/dags/plugins/redshift_summary.py
[2024-10-04T01:23:22.874+0000] {processor.py:914} INFO - Processing file /opt/airflow/dags/plugins/redshift_summary.py for tasks to queue
[2024-10-04T01:23:22.875+0000] {logging_mixin.py:190} INFO - [2024-10-04T01:23:22.875+0000] {dagbag.py:588} INFO - Filling up the DagBag from /opt/airflow/dags/plugins/redshift_summary.py
[2024-10-04T01:23:22.877+0000] {processor.py:927} WARNING - No viable dags retrieved from /opt/airflow/dags/plugins/redshift_summary.py
[2024-10-04T01:23:22.883+0000] {processor.py:208} INFO - Processing /opt/airflow/dags/plugins/redshift_summary.py took 0.012 seconds
[2024-10-04T01:23:53.613+0000] {processor.py:186} INFO - Started process (PID=1045) to work on /opt/airflow/dags/plugins/redshift_summary.py
[2024-10-04T01:23:53.614+0000] {processor.py:914} INFO - Processing file /opt/airflow/dags/plugins/redshift_summary.py for tasks to queue
[2024-10-04T01:23:53.615+0000] {logging_mixin.py:190} INFO - [2024-10-04T01:23:53.615+0000] {dagbag.py:588} INFO - Filling up the DagBag from /opt/airflow/dags/plugins/redshift_summary.py
[2024-10-04T01:23:53.617+0000] {processor.py:927} WARNING - No viable dags retrieved from /opt/airflow/dags/plugins/redshift_summary.py
[2024-10-04T01:23:53.623+0000] {processor.py:208} INFO - Processing /opt/airflow/dags/plugins/redshift_summary.py took 0.013 seconds
[2024-10-04T01:24:24.312+0000] {processor.py:186} INFO - Started process (PID=1061) to work on /opt/airflow/dags/plugins/redshift_summary.py
[2024-10-04T01:24:24.313+0000] {processor.py:914} INFO - Processing file /opt/airflow/dags/plugins/redshift_summary.py for tasks to queue
[2024-10-04T01:24:24.314+0000] {logging_mixin.py:190} INFO - [2024-10-04T01:24:24.314+0000] {dagbag.py:588} INFO - Filling up the DagBag from /opt/airflow/dags/plugins/redshift_summary.py
[2024-10-04T01:24:24.316+0000] {processor.py:927} WARNING - No viable dags retrieved from /opt/airflow/dags/plugins/redshift_summary.py
[2024-10-04T01:24:24.322+0000] {processor.py:208} INFO - Processing /opt/airflow/dags/plugins/redshift_summary.py took 0.014 seconds
[2024-10-04T01:24:54.942+0000] {processor.py:186} INFO - Started process (PID=1078) to work on /opt/airflow/dags/plugins/redshift_summary.py
[2024-10-04T01:24:54.943+0000] {processor.py:914} INFO - Processing file /opt/airflow/dags/plugins/redshift_summary.py for tasks to queue
[2024-10-04T01:24:54.944+0000] {logging_mixin.py:190} INFO - [2024-10-04T01:24:54.944+0000] {dagbag.py:588} INFO - Filling up the DagBag from /opt/airflow/dags/plugins/redshift_summary.py
[2024-10-04T01:24:54.946+0000] {processor.py:927} WARNING - No viable dags retrieved from /opt/airflow/dags/plugins/redshift_summary.py
[2024-10-04T01:24:54.953+0000] {processor.py:208} INFO - Processing /opt/airflow/dags/plugins/redshift_summary.py took 0.014 seconds
[2024-10-04T01:29:41.012+0000] {processor.py:186} INFO - Started process (PID=101) to work on /opt/airflow/dags/plugins/redshift_summary.py
[2024-10-04T01:29:41.014+0000] {processor.py:914} INFO - Processing file /opt/airflow/dags/plugins/redshift_summary.py for tasks to queue
[2024-10-04T01:29:41.016+0000] {logging_mixin.py:190} INFO - [2024-10-04T01:29:41.016+0000] {dagbag.py:588} INFO - Filling up the DagBag from /opt/airflow/dags/plugins/redshift_summary.py
[2024-10-04T01:29:41.025+0000] {processor.py:927} WARNING - No viable dags retrieved from /opt/airflow/dags/plugins/redshift_summary.py
[2024-10-04T01:29:41.037+0000] {processor.py:208} INFO - Processing /opt/airflow/dags/plugins/redshift_summary.py took 0.029 seconds
[2024-10-04T01:30:11.746+0000] {processor.py:186} INFO - Started process (PID=117) to work on /opt/airflow/dags/plugins/redshift_summary.py
[2024-10-04T01:30:11.747+0000] {processor.py:914} INFO - Processing file /opt/airflow/dags/plugins/redshift_summary.py for tasks to queue
[2024-10-04T01:30:11.748+0000] {logging_mixin.py:190} INFO - [2024-10-04T01:30:11.748+0000] {dagbag.py:588} INFO - Filling up the DagBag from /opt/airflow/dags/plugins/redshift_summary.py
[2024-10-04T01:30:11.751+0000] {processor.py:927} WARNING - No viable dags retrieved from /opt/airflow/dags/plugins/redshift_summary.py
[2024-10-04T01:30:11.757+0000] {processor.py:208} INFO - Processing /opt/airflow/dags/plugins/redshift_summary.py took 0.014 seconds
[2024-10-04T01:30:42.443+0000] {processor.py:186} INFO - Started process (PID=133) to work on /opt/airflow/dags/plugins/redshift_summary.py
[2024-10-04T01:30:42.446+0000] {processor.py:914} INFO - Processing file /opt/airflow/dags/plugins/redshift_summary.py for tasks to queue
[2024-10-04T01:30:42.451+0000] {logging_mixin.py:190} INFO - [2024-10-04T01:30:42.450+0000] {dagbag.py:588} INFO - Filling up the DagBag from /opt/airflow/dags/plugins/redshift_summary.py
[2024-10-04T01:30:42.453+0000] {processor.py:927} WARNING - No viable dags retrieved from /opt/airflow/dags/plugins/redshift_summary.py
[2024-10-04T01:30:42.460+0000] {processor.py:208} INFO - Processing /opt/airflow/dags/plugins/redshift_summary.py took 0.020 seconds
[2024-10-04T01:31:13.147+0000] {processor.py:186} INFO - Started process (PID=149) to work on /opt/airflow/dags/plugins/redshift_summary.py
[2024-10-04T01:31:13.147+0000] {processor.py:914} INFO - Processing file /opt/airflow/dags/plugins/redshift_summary.py for tasks to queue
[2024-10-04T01:31:13.148+0000] {logging_mixin.py:190} INFO - [2024-10-04T01:31:13.148+0000] {dagbag.py:588} INFO - Filling up the DagBag from /opt/airflow/dags/plugins/redshift_summary.py
[2024-10-04T01:31:13.151+0000] {processor.py:927} WARNING - No viable dags retrieved from /opt/airflow/dags/plugins/redshift_summary.py
[2024-10-04T01:31:13.157+0000] {processor.py:208} INFO - Processing /opt/airflow/dags/plugins/redshift_summary.py took 0.014 seconds
[2024-10-04T01:31:43.755+0000] {processor.py:186} INFO - Started process (PID=165) to work on /opt/airflow/dags/plugins/redshift_summary.py
[2024-10-04T01:31:43.755+0000] {processor.py:914} INFO - Processing file /opt/airflow/dags/plugins/redshift_summary.py for tasks to queue
[2024-10-04T01:31:43.757+0000] {logging_mixin.py:190} INFO - [2024-10-04T01:31:43.756+0000] {dagbag.py:588} INFO - Filling up the DagBag from /opt/airflow/dags/plugins/redshift_summary.py
[2024-10-04T01:31:43.759+0000] {processor.py:927} WARNING - No viable dags retrieved from /opt/airflow/dags/plugins/redshift_summary.py
[2024-10-04T01:31:43.765+0000] {processor.py:208} INFO - Processing /opt/airflow/dags/plugins/redshift_summary.py took 0.013 seconds
[2024-10-04T01:32:14.474+0000] {processor.py:186} INFO - Started process (PID=181) to work on /opt/airflow/dags/plugins/redshift_summary.py
[2024-10-04T01:32:14.474+0000] {processor.py:914} INFO - Processing file /opt/airflow/dags/plugins/redshift_summary.py for tasks to queue
[2024-10-04T01:32:14.475+0000] {logging_mixin.py:190} INFO - [2024-10-04T01:32:14.475+0000] {dagbag.py:588} INFO - Filling up the DagBag from /opt/airflow/dags/plugins/redshift_summary.py
[2024-10-04T01:32:14.478+0000] {processor.py:927} WARNING - No viable dags retrieved from /opt/airflow/dags/plugins/redshift_summary.py
[2024-10-04T01:32:14.485+0000] {processor.py:208} INFO - Processing /opt/airflow/dags/plugins/redshift_summary.py took 0.014 seconds
[2024-10-04T01:32:45.220+0000] {processor.py:186} INFO - Started process (PID=203) to work on /opt/airflow/dags/plugins/redshift_summary.py
[2024-10-04T01:32:45.220+0000] {processor.py:914} INFO - Processing file /opt/airflow/dags/plugins/redshift_summary.py for tasks to queue
[2024-10-04T01:32:45.221+0000] {logging_mixin.py:190} INFO - [2024-10-04T01:32:45.221+0000] {dagbag.py:588} INFO - Filling up the DagBag from /opt/airflow/dags/plugins/redshift_summary.py
[2024-10-04T01:32:45.224+0000] {processor.py:927} WARNING - No viable dags retrieved from /opt/airflow/dags/plugins/redshift_summary.py
[2024-10-04T01:32:45.231+0000] {processor.py:208} INFO - Processing /opt/airflow/dags/plugins/redshift_summary.py took 0.014 seconds
[2024-10-04T01:33:15.930+0000] {processor.py:186} INFO - Started process (PID=219) to work on /opt/airflow/dags/plugins/redshift_summary.py
[2024-10-04T01:33:15.931+0000] {processor.py:914} INFO - Processing file /opt/airflow/dags/plugins/redshift_summary.py for tasks to queue
[2024-10-04T01:33:15.932+0000] {logging_mixin.py:190} INFO - [2024-10-04T01:33:15.931+0000] {dagbag.py:588} INFO - Filling up the DagBag from /opt/airflow/dags/plugins/redshift_summary.py
[2024-10-04T01:33:15.934+0000] {processor.py:927} WARNING - No viable dags retrieved from /opt/airflow/dags/plugins/redshift_summary.py
[2024-10-04T01:33:15.940+0000] {processor.py:208} INFO - Processing /opt/airflow/dags/plugins/redshift_summary.py took 0.013 seconds
[2024-10-04T01:33:46.593+0000] {processor.py:186} INFO - Started process (PID=235) to work on /opt/airflow/dags/plugins/redshift_summary.py
[2024-10-04T01:33:46.594+0000] {processor.py:914} INFO - Processing file /opt/airflow/dags/plugins/redshift_summary.py for tasks to queue
[2024-10-04T01:33:46.595+0000] {logging_mixin.py:190} INFO - [2024-10-04T01:33:46.595+0000] {dagbag.py:588} INFO - Filling up the DagBag from /opt/airflow/dags/plugins/redshift_summary.py
[2024-10-04T01:33:46.597+0000] {processor.py:927} WARNING - No viable dags retrieved from /opt/airflow/dags/plugins/redshift_summary.py
[2024-10-04T01:33:46.602+0000] {processor.py:208} INFO - Processing /opt/airflow/dags/plugins/redshift_summary.py took 0.011 seconds
[2024-10-04T01:34:17.323+0000] {processor.py:186} INFO - Started process (PID=251) to work on /opt/airflow/dags/plugins/redshift_summary.py
[2024-10-04T01:34:17.324+0000] {processor.py:914} INFO - Processing file /opt/airflow/dags/plugins/redshift_summary.py for tasks to queue
[2024-10-04T01:34:17.325+0000] {logging_mixin.py:190} INFO - [2024-10-04T01:34:17.325+0000] {dagbag.py:588} INFO - Filling up the DagBag from /opt/airflow/dags/plugins/redshift_summary.py
[2024-10-04T01:34:17.328+0000] {processor.py:927} WARNING - No viable dags retrieved from /opt/airflow/dags/plugins/redshift_summary.py
[2024-10-04T01:34:17.335+0000] {processor.py:208} INFO - Processing /opt/airflow/dags/plugins/redshift_summary.py took 0.015 seconds
