[2024-10-04T01:04:58.358+0000] {processor.py:186} INFO - Started process (PID=97) to work on /opt/airflow/dags/0_HelloWorld.py
[2024-10-04T01:04:58.359+0000] {processor.py:914} INFO - Processing file /opt/airflow/dags/0_HelloWorld.py for tasks to queue
[2024-10-04T01:04:58.360+0000] {logging_mixin.py:190} INFO - [2024-10-04T01:04:58.360+0000] {dagbag.py:588} INFO - Filling up the DagBag from /opt/airflow/dags/0_HelloWorld.py
[2024-10-04T01:04:58.366+0000] {processor.py:925} INFO - DAG(s) 'HelloWorld' retrieved from /opt/airflow/dags/0_HelloWorld.py
[2024-10-04T01:04:58.419+0000] {logging_mixin.py:190} INFO - [2024-10-04T01:04:58.418+0000] {override.py:1900} INFO - Created Permission View: can delete on DAG:HelloWorld
[2024-10-04T01:04:58.430+0000] {logging_mixin.py:190} INFO - [2024-10-04T01:04:58.430+0000] {override.py:1900} INFO - Created Permission View: can edit on DAG:HelloWorld
[2024-10-04T01:04:58.434+0000] {logging_mixin.py:190} INFO - [2024-10-04T01:04:58.434+0000] {override.py:1900} INFO - Created Permission View: can read on DAG:HelloWorld
[2024-10-04T01:04:58.441+0000] {logging_mixin.py:190} INFO - [2024-10-04T01:04:58.441+0000] {override.py:1900} INFO - Created Permission View: menu access on DAG Run:HelloWorld
[2024-10-04T01:04:58.446+0000] {logging_mixin.py:190} INFO - [2024-10-04T01:04:58.446+0000] {override.py:1900} INFO - Created Permission View: can create on DAG Run:HelloWorld
[2024-10-04T01:04:58.450+0000] {logging_mixin.py:190} INFO - [2024-10-04T01:04:58.450+0000] {override.py:1900} INFO - Created Permission View: can delete on DAG Run:HelloWorld
[2024-10-04T01:04:58.455+0000] {logging_mixin.py:190} INFO - [2024-10-04T01:04:58.455+0000] {override.py:1900} INFO - Created Permission View: can read on DAG Run:HelloWorld
[2024-10-04T01:04:58.455+0000] {logging_mixin.py:190} INFO - [2024-10-04T01:04:58.455+0000] {dag.py:3239} INFO - Sync 1 DAGs
[2024-10-04T01:04:58.462+0000] {logging_mixin.py:190} INFO - [2024-10-04T01:04:58.462+0000] {dag.py:3262} INFO - Creating ORM DAG for HelloWorld
[2024-10-04T01:04:58.467+0000] {logging_mixin.py:190} INFO - [2024-10-04T01:04:58.467+0000] {dag.py:4180} INFO - Setting next_dagrun for HelloWorld to None, run_after=None
[2024-10-04T01:04:58.476+0000] {processor.py:208} INFO - Processing /opt/airflow/dags/0_HelloWorld.py took 0.120 seconds
[2024-10-04T01:05:28.791+0000] {processor.py:186} INFO - Started process (PID=169) to work on /opt/airflow/dags/0_HelloWorld.py
[2024-10-04T01:05:28.792+0000] {processor.py:914} INFO - Processing file /opt/airflow/dags/0_HelloWorld.py for tasks to queue
[2024-10-04T01:05:28.793+0000] {logging_mixin.py:190} INFO - [2024-10-04T01:05:28.793+0000] {dagbag.py:588} INFO - Filling up the DagBag from /opt/airflow/dags/0_HelloWorld.py
[2024-10-04T01:05:28.798+0000] {processor.py:925} INFO - DAG(s) 'HelloWorld' retrieved from /opt/airflow/dags/0_HelloWorld.py
[2024-10-04T01:05:28.806+0000] {logging_mixin.py:190} INFO - [2024-10-04T01:05:28.806+0000] {dag.py:3239} INFO - Sync 1 DAGs
[2024-10-04T01:05:28.816+0000] {logging_mixin.py:190} INFO - [2024-10-04T01:05:28.816+0000] {dag.py:4180} INFO - Setting next_dagrun for HelloWorld to None, run_after=None
[2024-10-04T01:05:28.825+0000] {processor.py:208} INFO - Processing /opt/airflow/dags/0_HelloWorld.py took 0.036 seconds
[2024-10-04T01:05:59.400+0000] {processor.py:186} INFO - Started process (PID=241) to work on /opt/airflow/dags/0_HelloWorld.py
[2024-10-04T01:05:59.401+0000] {processor.py:914} INFO - Processing file /opt/airflow/dags/0_HelloWorld.py for tasks to queue
[2024-10-04T01:05:59.402+0000] {logging_mixin.py:190} INFO - [2024-10-04T01:05:59.402+0000] {dagbag.py:588} INFO - Filling up the DagBag from /opt/airflow/dags/0_HelloWorld.py
[2024-10-04T01:05:59.407+0000] {processor.py:925} INFO - DAG(s) 'HelloWorld' retrieved from /opt/airflow/dags/0_HelloWorld.py
[2024-10-04T01:05:59.415+0000] {logging_mixin.py:190} INFO - [2024-10-04T01:05:59.415+0000] {dag.py:3239} INFO - Sync 1 DAGs
[2024-10-04T01:05:59.424+0000] {logging_mixin.py:190} INFO - [2024-10-04T01:05:59.424+0000] {dag.py:4180} INFO - Setting next_dagrun for HelloWorld to None, run_after=None
[2024-10-04T01:05:59.434+0000] {processor.py:208} INFO - Processing /opt/airflow/dags/0_HelloWorld.py took 0.036 seconds
[2024-10-04T01:06:29.980+0000] {processor.py:186} INFO - Started process (PID=313) to work on /opt/airflow/dags/0_HelloWorld.py
[2024-10-04T01:06:29.980+0000] {processor.py:914} INFO - Processing file /opt/airflow/dags/0_HelloWorld.py for tasks to queue
[2024-10-04T01:06:29.981+0000] {logging_mixin.py:190} INFO - [2024-10-04T01:06:29.981+0000] {dagbag.py:588} INFO - Filling up the DagBag from /opt/airflow/dags/0_HelloWorld.py
[2024-10-04T01:06:29.987+0000] {processor.py:925} INFO - DAG(s) 'HelloWorld' retrieved from /opt/airflow/dags/0_HelloWorld.py
[2024-10-04T01:06:29.995+0000] {logging_mixin.py:190} INFO - [2024-10-04T01:06:29.995+0000] {dag.py:3239} INFO - Sync 1 DAGs
[2024-10-04T01:06:30.004+0000] {logging_mixin.py:190} INFO - [2024-10-04T01:06:30.004+0000] {dag.py:4180} INFO - Setting next_dagrun for HelloWorld to None, run_after=None
[2024-10-04T01:06:30.015+0000] {processor.py:208} INFO - Processing /opt/airflow/dags/0_HelloWorld.py took 0.038 seconds
[2024-10-04T01:07:00.176+0000] {processor.py:186} INFO - Started process (PID=385) to work on /opt/airflow/dags/0_HelloWorld.py
[2024-10-04T01:07:00.176+0000] {processor.py:914} INFO - Processing file /opt/airflow/dags/0_HelloWorld.py for tasks to queue
[2024-10-04T01:07:00.178+0000] {logging_mixin.py:190} INFO - [2024-10-04T01:07:00.177+0000] {dagbag.py:588} INFO - Filling up the DagBag from /opt/airflow/dags/0_HelloWorld.py
[2024-10-04T01:07:00.184+0000] {processor.py:925} INFO - DAG(s) 'HelloWorld' retrieved from /opt/airflow/dags/0_HelloWorld.py
[2024-10-04T01:07:00.197+0000] {logging_mixin.py:190} INFO - [2024-10-04T01:07:00.197+0000] {dag.py:3239} INFO - Sync 1 DAGs
[2024-10-04T01:07:00.208+0000] {logging_mixin.py:190} INFO - [2024-10-04T01:07:00.208+0000] {dag.py:4180} INFO - Setting next_dagrun for HelloWorld to None, run_after=None
[2024-10-04T01:07:00.218+0000] {processor.py:208} INFO - Processing /opt/airflow/dags/0_HelloWorld.py took 0.046 seconds
[2024-10-04T01:07:30.422+0000] {processor.py:186} INFO - Started process (PID=457) to work on /opt/airflow/dags/0_HelloWorld.py
[2024-10-04T01:07:30.423+0000] {processor.py:914} INFO - Processing file /opt/airflow/dags/0_HelloWorld.py for tasks to queue
[2024-10-04T01:07:30.424+0000] {logging_mixin.py:190} INFO - [2024-10-04T01:07:30.424+0000] {dagbag.py:588} INFO - Filling up the DagBag from /opt/airflow/dags/0_HelloWorld.py
[2024-10-04T01:07:30.429+0000] {processor.py:925} INFO - DAG(s) 'HelloWorld' retrieved from /opt/airflow/dags/0_HelloWorld.py
[2024-10-04T01:07:30.438+0000] {logging_mixin.py:190} INFO - [2024-10-04T01:07:30.438+0000] {dag.py:3239} INFO - Sync 1 DAGs
[2024-10-04T01:07:30.448+0000] {logging_mixin.py:190} INFO - [2024-10-04T01:07:30.448+0000] {dag.py:4180} INFO - Setting next_dagrun for HelloWorld to None, run_after=None
[2024-10-04T01:07:30.456+0000] {processor.py:208} INFO - Processing /opt/airflow/dags/0_HelloWorld.py took 0.037 seconds
[2024-10-04T01:08:00.603+0000] {processor.py:186} INFO - Started process (PID=529) to work on /opt/airflow/dags/0_HelloWorld.py
[2024-10-04T01:08:00.603+0000] {processor.py:914} INFO - Processing file /opt/airflow/dags/0_HelloWorld.py for tasks to queue
[2024-10-04T01:08:00.604+0000] {logging_mixin.py:190} INFO - [2024-10-04T01:08:00.604+0000] {dagbag.py:588} INFO - Filling up the DagBag from /opt/airflow/dags/0_HelloWorld.py
[2024-10-04T01:08:00.610+0000] {processor.py:925} INFO - DAG(s) 'HelloWorld' retrieved from /opt/airflow/dags/0_HelloWorld.py
[2024-10-04T01:08:00.618+0000] {logging_mixin.py:190} INFO - [2024-10-04T01:08:00.618+0000] {dag.py:3239} INFO - Sync 1 DAGs
[2024-10-04T01:08:00.628+0000] {logging_mixin.py:190} INFO - [2024-10-04T01:08:00.628+0000] {dag.py:4180} INFO - Setting next_dagrun for HelloWorld to None, run_after=None
[2024-10-04T01:08:00.637+0000] {processor.py:208} INFO - Processing /opt/airflow/dags/0_HelloWorld.py took 0.038 seconds
[2024-10-04T01:08:30.803+0000] {processor.py:186} INFO - Started process (PID=601) to work on /opt/airflow/dags/0_HelloWorld.py
[2024-10-04T01:08:30.804+0000] {processor.py:914} INFO - Processing file /opt/airflow/dags/0_HelloWorld.py for tasks to queue
[2024-10-04T01:08:30.805+0000] {logging_mixin.py:190} INFO - [2024-10-04T01:08:30.805+0000] {dagbag.py:588} INFO - Filling up the DagBag from /opt/airflow/dags/0_HelloWorld.py
[2024-10-04T01:08:30.810+0000] {processor.py:925} INFO - DAG(s) 'HelloWorld' retrieved from /opt/airflow/dags/0_HelloWorld.py
[2024-10-04T01:08:30.818+0000] {logging_mixin.py:190} INFO - [2024-10-04T01:08:30.818+0000] {dag.py:3239} INFO - Sync 1 DAGs
[2024-10-04T01:08:30.829+0000] {logging_mixin.py:190} INFO - [2024-10-04T01:08:30.829+0000] {dag.py:4180} INFO - Setting next_dagrun for HelloWorld to None, run_after=None
[2024-10-04T01:08:30.838+0000] {processor.py:208} INFO - Processing /opt/airflow/dags/0_HelloWorld.py took 0.037 seconds
[2024-10-04T01:09:01.882+0000] {processor.py:186} INFO - Started process (PID=679) to work on /opt/airflow/dags/0_HelloWorld.py
[2024-10-04T01:09:01.882+0000] {processor.py:914} INFO - Processing file /opt/airflow/dags/0_HelloWorld.py for tasks to queue
[2024-10-04T01:09:01.884+0000] {logging_mixin.py:190} INFO - [2024-10-04T01:09:01.883+0000] {dagbag.py:588} INFO - Filling up the DagBag from /opt/airflow/dags/0_HelloWorld.py
[2024-10-04T01:09:01.888+0000] {processor.py:925} INFO - DAG(s) 'HelloWorld' retrieved from /opt/airflow/dags/0_HelloWorld.py
[2024-10-04T01:09:01.896+0000] {logging_mixin.py:190} INFO - [2024-10-04T01:09:01.896+0000] {dag.py:3239} INFO - Sync 1 DAGs
[2024-10-04T01:09:01.905+0000] {logging_mixin.py:190} INFO - [2024-10-04T01:09:01.905+0000] {dag.py:4180} INFO - Setting next_dagrun for HelloWorld to None, run_after=None
[2024-10-04T01:09:01.915+0000] {processor.py:208} INFO - Processing /opt/airflow/dags/0_HelloWorld.py took 0.035 seconds
[2024-10-04T01:09:32.147+0000] {processor.py:186} INFO - Started process (PID=751) to work on /opt/airflow/dags/0_HelloWorld.py
[2024-10-04T01:09:32.148+0000] {processor.py:914} INFO - Processing file /opt/airflow/dags/0_HelloWorld.py for tasks to queue
[2024-10-04T01:09:32.149+0000] {logging_mixin.py:190} INFO - [2024-10-04T01:09:32.149+0000] {dagbag.py:588} INFO - Filling up the DagBag from /opt/airflow/dags/0_HelloWorld.py
[2024-10-04T01:09:32.154+0000] {processor.py:925} INFO - DAG(s) 'HelloWorld' retrieved from /opt/airflow/dags/0_HelloWorld.py
[2024-10-04T01:09:32.163+0000] {logging_mixin.py:190} INFO - [2024-10-04T01:09:32.163+0000] {dag.py:3239} INFO - Sync 1 DAGs
[2024-10-04T01:09:32.174+0000] {logging_mixin.py:190} INFO - [2024-10-04T01:09:32.174+0000] {dag.py:4180} INFO - Setting next_dagrun for HelloWorld to None, run_after=None
[2024-10-04T01:09:32.183+0000] {processor.py:208} INFO - Processing /opt/airflow/dags/0_HelloWorld.py took 0.039 seconds
[2024-10-04T01:10:35.470+0000] {processor.py:186} INFO - Started process (PID=96) to work on /opt/airflow/dags/0_HelloWorld.py
[2024-10-04T01:10:35.472+0000] {processor.py:914} INFO - Processing file /opt/airflow/dags/0_HelloWorld.py for tasks to queue
[2024-10-04T01:10:35.476+0000] {logging_mixin.py:190} INFO - [2024-10-04T01:10:35.476+0000] {dagbag.py:588} INFO - Filling up the DagBag from /opt/airflow/dags/0_HelloWorld.py
[2024-10-04T01:10:35.486+0000] {processor.py:925} INFO - DAG(s) 'HelloWorld' retrieved from /opt/airflow/dags/0_HelloWorld.py
[2024-10-04T01:10:35.509+0000] {logging_mixin.py:190} INFO - [2024-10-04T01:10:35.509+0000] {dag.py:3239} INFO - Sync 1 DAGs
[2024-10-04T01:10:35.526+0000] {logging_mixin.py:190} INFO - [2024-10-04T01:10:35.526+0000] {dag.py:4180} INFO - Setting next_dagrun for HelloWorld to None, run_after=None
[2024-10-04T01:10:35.537+0000] {processor.py:208} INFO - Processing /opt/airflow/dags/0_HelloWorld.py took 0.072 seconds
[2024-10-04T01:11:06.151+0000] {processor.py:186} INFO - Started process (PID=112) to work on /opt/airflow/dags/0_HelloWorld.py
[2024-10-04T01:11:06.151+0000] {processor.py:914} INFO - Processing file /opt/airflow/dags/0_HelloWorld.py for tasks to queue
[2024-10-04T01:11:06.154+0000] {logging_mixin.py:190} INFO - [2024-10-04T01:11:06.154+0000] {dagbag.py:588} INFO - Filling up the DagBag from /opt/airflow/dags/0_HelloWorld.py
[2024-10-04T01:11:06.159+0000] {processor.py:925} INFO - DAG(s) 'HelloWorld' retrieved from /opt/airflow/dags/0_HelloWorld.py
[2024-10-04T01:11:06.169+0000] {logging_mixin.py:190} INFO - [2024-10-04T01:11:06.169+0000] {dag.py:3239} INFO - Sync 1 DAGs
[2024-10-04T01:11:06.179+0000] {logging_mixin.py:190} INFO - [2024-10-04T01:11:06.179+0000] {dag.py:4180} INFO - Setting next_dagrun for HelloWorld to None, run_after=None
[2024-10-04T01:11:06.189+0000] {processor.py:208} INFO - Processing /opt/airflow/dags/0_HelloWorld.py took 0.041 seconds
[2024-10-04T01:11:36.885+0000] {processor.py:186} INFO - Started process (PID=128) to work on /opt/airflow/dags/0_HelloWorld.py
[2024-10-04T01:11:36.886+0000] {processor.py:914} INFO - Processing file /opt/airflow/dags/0_HelloWorld.py for tasks to queue
[2024-10-04T01:11:36.887+0000] {logging_mixin.py:190} INFO - [2024-10-04T01:11:36.886+0000] {dagbag.py:588} INFO - Filling up the DagBag from /opt/airflow/dags/0_HelloWorld.py
[2024-10-04T01:11:36.891+0000] {processor.py:925} INFO - DAG(s) 'HelloWorld' retrieved from /opt/airflow/dags/0_HelloWorld.py
[2024-10-04T01:11:36.901+0000] {logging_mixin.py:190} INFO - [2024-10-04T01:11:36.901+0000] {dag.py:3239} INFO - Sync 1 DAGs
[2024-10-04T01:11:36.910+0000] {logging_mixin.py:190} INFO - [2024-10-04T01:11:36.910+0000] {dag.py:4180} INFO - Setting next_dagrun for HelloWorld to None, run_after=None
[2024-10-04T01:11:36.917+0000] {processor.py:208} INFO - Processing /opt/airflow/dags/0_HelloWorld.py took 0.035 seconds
[2024-10-04T01:12:07.519+0000] {processor.py:186} INFO - Started process (PID=144) to work on /opt/airflow/dags/0_HelloWorld.py
[2024-10-04T01:12:07.519+0000] {processor.py:914} INFO - Processing file /opt/airflow/dags/0_HelloWorld.py for tasks to queue
[2024-10-04T01:12:07.521+0000] {logging_mixin.py:190} INFO - [2024-10-04T01:12:07.521+0000] {dagbag.py:588} INFO - Filling up the DagBag from /opt/airflow/dags/0_HelloWorld.py
[2024-10-04T01:12:07.527+0000] {processor.py:925} INFO - DAG(s) 'HelloWorld' retrieved from /opt/airflow/dags/0_HelloWorld.py
[2024-10-04T01:12:07.538+0000] {logging_mixin.py:190} INFO - [2024-10-04T01:12:07.538+0000] {dag.py:3239} INFO - Sync 1 DAGs
[2024-10-04T01:12:07.549+0000] {logging_mixin.py:190} INFO - [2024-10-04T01:12:07.549+0000] {dag.py:4180} INFO - Setting next_dagrun for HelloWorld to None, run_after=None
[2024-10-04T01:12:07.558+0000] {processor.py:208} INFO - Processing /opt/airflow/dags/0_HelloWorld.py took 0.042 seconds
[2024-10-04T01:12:38.228+0000] {processor.py:186} INFO - Started process (PID=160) to work on /opt/airflow/dags/0_HelloWorld.py
[2024-10-04T01:12:38.228+0000] {processor.py:914} INFO - Processing file /opt/airflow/dags/0_HelloWorld.py for tasks to queue
[2024-10-04T01:12:38.229+0000] {logging_mixin.py:190} INFO - [2024-10-04T01:12:38.229+0000] {dagbag.py:588} INFO - Filling up the DagBag from /opt/airflow/dags/0_HelloWorld.py
[2024-10-04T01:12:38.235+0000] {processor.py:925} INFO - DAG(s) 'HelloWorld' retrieved from /opt/airflow/dags/0_HelloWorld.py
[2024-10-04T01:12:38.246+0000] {logging_mixin.py:190} INFO - [2024-10-04T01:12:38.246+0000] {dag.py:3239} INFO - Sync 1 DAGs
[2024-10-04T01:12:38.257+0000] {logging_mixin.py:190} INFO - [2024-10-04T01:12:38.257+0000] {dag.py:4180} INFO - Setting next_dagrun for HelloWorld to None, run_after=None
[2024-10-04T01:12:38.265+0000] {processor.py:208} INFO - Processing /opt/airflow/dags/0_HelloWorld.py took 0.041 seconds
[2024-10-04T01:13:08.949+0000] {processor.py:186} INFO - Started process (PID=176) to work on /opt/airflow/dags/0_HelloWorld.py
[2024-10-04T01:13:08.950+0000] {processor.py:914} INFO - Processing file /opt/airflow/dags/0_HelloWorld.py for tasks to queue
[2024-10-04T01:13:08.951+0000] {logging_mixin.py:190} INFO - [2024-10-04T01:13:08.951+0000] {dagbag.py:588} INFO - Filling up the DagBag from /opt/airflow/dags/0_HelloWorld.py
[2024-10-04T01:13:08.957+0000] {processor.py:925} INFO - DAG(s) 'HelloWorld' retrieved from /opt/airflow/dags/0_HelloWorld.py
[2024-10-04T01:13:08.968+0000] {logging_mixin.py:190} INFO - [2024-10-04T01:13:08.968+0000] {dag.py:3239} INFO - Sync 1 DAGs
[2024-10-04T01:13:08.979+0000] {logging_mixin.py:190} INFO - [2024-10-04T01:13:08.979+0000] {dag.py:4180} INFO - Setting next_dagrun for HelloWorld to None, run_after=None
[2024-10-04T01:13:08.988+0000] {processor.py:208} INFO - Processing /opt/airflow/dags/0_HelloWorld.py took 0.042 seconds
[2024-10-04T01:13:39.620+0000] {processor.py:186} INFO - Started process (PID=202) to work on /opt/airflow/dags/0_HelloWorld.py
[2024-10-04T01:13:39.620+0000] {processor.py:914} INFO - Processing file /opt/airflow/dags/0_HelloWorld.py for tasks to queue
[2024-10-04T01:13:39.621+0000] {logging_mixin.py:190} INFO - [2024-10-04T01:13:39.621+0000] {dagbag.py:588} INFO - Filling up the DagBag from /opt/airflow/dags/0_HelloWorld.py
[2024-10-04T01:13:39.627+0000] {processor.py:925} INFO - DAG(s) 'HelloWorld' retrieved from /opt/airflow/dags/0_HelloWorld.py
[2024-10-04T01:13:39.637+0000] {logging_mixin.py:190} INFO - [2024-10-04T01:13:39.637+0000] {dag.py:3239} INFO - Sync 1 DAGs
[2024-10-04T01:13:39.647+0000] {logging_mixin.py:190} INFO - [2024-10-04T01:13:39.647+0000] {dag.py:4180} INFO - Setting next_dagrun for HelloWorld to None, run_after=None
[2024-10-04T01:13:39.657+0000] {processor.py:208} INFO - Processing /opt/airflow/dags/0_HelloWorld.py took 0.040 seconds
[2024-10-04T01:14:10.399+0000] {processor.py:186} INFO - Started process (PID=218) to work on /opt/airflow/dags/0_HelloWorld.py
[2024-10-04T01:14:10.400+0000] {processor.py:914} INFO - Processing file /opt/airflow/dags/0_HelloWorld.py for tasks to queue
[2024-10-04T01:14:10.401+0000] {logging_mixin.py:190} INFO - [2024-10-04T01:14:10.401+0000] {dagbag.py:588} INFO - Filling up the DagBag from /opt/airflow/dags/0_HelloWorld.py
[2024-10-04T01:14:10.406+0000] {processor.py:925} INFO - DAG(s) 'HelloWorld' retrieved from /opt/airflow/dags/0_HelloWorld.py
[2024-10-04T01:14:10.416+0000] {logging_mixin.py:190} INFO - [2024-10-04T01:14:10.416+0000] {dag.py:3239} INFO - Sync 1 DAGs
[2024-10-04T01:14:10.427+0000] {logging_mixin.py:190} INFO - [2024-10-04T01:14:10.427+0000] {dag.py:4180} INFO - Setting next_dagrun for HelloWorld to None, run_after=None
[2024-10-04T01:14:10.437+0000] {processor.py:208} INFO - Processing /opt/airflow/dags/0_HelloWorld.py took 0.041 seconds
[2024-10-04T01:14:41.259+0000] {processor.py:186} INFO - Started process (PID=235) to work on /opt/airflow/dags/0_HelloWorld.py
[2024-10-04T01:14:41.260+0000] {processor.py:914} INFO - Processing file /opt/airflow/dags/0_HelloWorld.py for tasks to queue
[2024-10-04T01:14:41.261+0000] {logging_mixin.py:190} INFO - [2024-10-04T01:14:41.261+0000] {dagbag.py:588} INFO - Filling up the DagBag from /opt/airflow/dags/0_HelloWorld.py
[2024-10-04T01:14:41.267+0000] {processor.py:925} INFO - DAG(s) 'HelloWorld' retrieved from /opt/airflow/dags/0_HelloWorld.py
[2024-10-04T01:14:41.277+0000] {logging_mixin.py:190} INFO - [2024-10-04T01:14:41.277+0000] {dag.py:3239} INFO - Sync 1 DAGs
[2024-10-04T01:14:41.286+0000] {logging_mixin.py:190} INFO - [2024-10-04T01:14:41.286+0000] {dag.py:4180} INFO - Setting next_dagrun for HelloWorld to None, run_after=None
[2024-10-04T01:14:41.295+0000] {processor.py:208} INFO - Processing /opt/airflow/dags/0_HelloWorld.py took 0.038 seconds
[2024-10-04T01:15:12.021+0000] {processor.py:186} INFO - Started process (PID=251) to work on /opt/airflow/dags/0_HelloWorld.py
[2024-10-04T01:15:12.022+0000] {processor.py:914} INFO - Processing file /opt/airflow/dags/0_HelloWorld.py for tasks to queue
[2024-10-04T01:15:12.023+0000] {logging_mixin.py:190} INFO - [2024-10-04T01:15:12.023+0000] {dagbag.py:588} INFO - Filling up the DagBag from /opt/airflow/dags/0_HelloWorld.py
[2024-10-04T01:15:12.029+0000] {processor.py:925} INFO - DAG(s) 'HelloWorld' retrieved from /opt/airflow/dags/0_HelloWorld.py
[2024-10-04T01:15:12.040+0000] {logging_mixin.py:190} INFO - [2024-10-04T01:15:12.040+0000] {dag.py:3239} INFO - Sync 1 DAGs
[2024-10-04T01:15:12.051+0000] {logging_mixin.py:190} INFO - [2024-10-04T01:15:12.051+0000] {dag.py:4180} INFO - Setting next_dagrun for HelloWorld to None, run_after=None
[2024-10-04T01:15:12.060+0000] {processor.py:208} INFO - Processing /opt/airflow/dags/0_HelloWorld.py took 0.041 seconds
[2024-10-04T01:15:42.775+0000] {processor.py:186} INFO - Started process (PID=267) to work on /opt/airflow/dags/0_HelloWorld.py
[2024-10-04T01:15:42.776+0000] {processor.py:914} INFO - Processing file /opt/airflow/dags/0_HelloWorld.py for tasks to queue
[2024-10-04T01:15:42.777+0000] {logging_mixin.py:190} INFO - [2024-10-04T01:15:42.777+0000] {dagbag.py:588} INFO - Filling up the DagBag from /opt/airflow/dags/0_HelloWorld.py
[2024-10-04T01:15:42.782+0000] {processor.py:925} INFO - DAG(s) 'HelloWorld' retrieved from /opt/airflow/dags/0_HelloWorld.py
[2024-10-04T01:15:42.793+0000] {logging_mixin.py:190} INFO - [2024-10-04T01:15:42.793+0000] {dag.py:3239} INFO - Sync 1 DAGs
[2024-10-04T01:15:42.803+0000] {logging_mixin.py:190} INFO - [2024-10-04T01:15:42.803+0000] {dag.py:4180} INFO - Setting next_dagrun for HelloWorld to None, run_after=None
[2024-10-04T01:15:42.814+0000] {processor.py:208} INFO - Processing /opt/airflow/dags/0_HelloWorld.py took 0.043 seconds
[2024-10-04T01:16:13.416+0000] {processor.py:186} INFO - Started process (PID=283) to work on /opt/airflow/dags/0_HelloWorld.py
[2024-10-04T01:16:13.416+0000] {processor.py:914} INFO - Processing file /opt/airflow/dags/0_HelloWorld.py for tasks to queue
[2024-10-04T01:16:13.418+0000] {logging_mixin.py:190} INFO - [2024-10-04T01:16:13.418+0000] {dagbag.py:588} INFO - Filling up the DagBag from /opt/airflow/dags/0_HelloWorld.py
[2024-10-04T01:16:13.424+0000] {processor.py:925} INFO - DAG(s) 'HelloWorld' retrieved from /opt/airflow/dags/0_HelloWorld.py
[2024-10-04T01:16:13.436+0000] {logging_mixin.py:190} INFO - [2024-10-04T01:16:13.436+0000] {dag.py:3239} INFO - Sync 1 DAGs
[2024-10-04T01:16:13.447+0000] {logging_mixin.py:190} INFO - [2024-10-04T01:16:13.447+0000] {dag.py:4180} INFO - Setting next_dagrun for HelloWorld to None, run_after=None
[2024-10-04T01:16:13.458+0000] {processor.py:208} INFO - Processing /opt/airflow/dags/0_HelloWorld.py took 0.046 seconds
[2024-10-04T01:16:44.097+0000] {processor.py:186} INFO - Started process (PID=299) to work on /opt/airflow/dags/0_HelloWorld.py
[2024-10-04T01:16:44.098+0000] {processor.py:914} INFO - Processing file /opt/airflow/dags/0_HelloWorld.py for tasks to queue
[2024-10-04T01:16:44.099+0000] {logging_mixin.py:190} INFO - [2024-10-04T01:16:44.099+0000] {dagbag.py:588} INFO - Filling up the DagBag from /opt/airflow/dags/0_HelloWorld.py
[2024-10-04T01:16:44.105+0000] {processor.py:925} INFO - DAG(s) 'HelloWorld' retrieved from /opt/airflow/dags/0_HelloWorld.py
[2024-10-04T01:16:44.116+0000] {logging_mixin.py:190} INFO - [2024-10-04T01:16:44.116+0000] {dag.py:3239} INFO - Sync 1 DAGs
[2024-10-04T01:16:44.127+0000] {logging_mixin.py:190} INFO - [2024-10-04T01:16:44.127+0000] {dag.py:4180} INFO - Setting next_dagrun for HelloWorld to None, run_after=None
[2024-10-04T01:16:44.137+0000] {processor.py:208} INFO - Processing /opt/airflow/dags/0_HelloWorld.py took 0.042 seconds
[2024-10-04T01:17:14.809+0000] {processor.py:186} INFO - Started process (PID=315) to work on /opt/airflow/dags/0_HelloWorld.py
[2024-10-04T01:17:14.810+0000] {processor.py:914} INFO - Processing file /opt/airflow/dags/0_HelloWorld.py for tasks to queue
[2024-10-04T01:17:14.811+0000] {logging_mixin.py:190} INFO - [2024-10-04T01:17:14.811+0000] {dagbag.py:588} INFO - Filling up the DagBag from /opt/airflow/dags/0_HelloWorld.py
[2024-10-04T01:17:14.816+0000] {processor.py:925} INFO - DAG(s) 'HelloWorld' retrieved from /opt/airflow/dags/0_HelloWorld.py
[2024-10-04T01:17:14.827+0000] {logging_mixin.py:190} INFO - [2024-10-04T01:17:14.827+0000] {dag.py:3239} INFO - Sync 1 DAGs
[2024-10-04T01:17:14.836+0000] {logging_mixin.py:190} INFO - [2024-10-04T01:17:14.836+0000] {dag.py:4180} INFO - Setting next_dagrun for HelloWorld to None, run_after=None
[2024-10-04T01:17:14.845+0000] {processor.py:208} INFO - Processing /opt/airflow/dags/0_HelloWorld.py took 0.039 seconds
[2024-10-04T01:17:45.536+0000] {processor.py:186} INFO - Started process (PID=331) to work on /opt/airflow/dags/0_HelloWorld.py
[2024-10-04T01:17:45.536+0000] {processor.py:914} INFO - Processing file /opt/airflow/dags/0_HelloWorld.py for tasks to queue
[2024-10-04T01:17:45.537+0000] {logging_mixin.py:190} INFO - [2024-10-04T01:17:45.537+0000] {dagbag.py:588} INFO - Filling up the DagBag from /opt/airflow/dags/0_HelloWorld.py
[2024-10-04T01:17:45.542+0000] {processor.py:925} INFO - DAG(s) 'HelloWorld' retrieved from /opt/airflow/dags/0_HelloWorld.py
[2024-10-04T01:17:45.553+0000] {logging_mixin.py:190} INFO - [2024-10-04T01:17:45.553+0000] {dag.py:3239} INFO - Sync 1 DAGs
[2024-10-04T01:17:45.562+0000] {logging_mixin.py:190} INFO - [2024-10-04T01:17:45.562+0000] {dag.py:4180} INFO - Setting next_dagrun for HelloWorld to None, run_after=None
[2024-10-04T01:17:45.572+0000] {processor.py:208} INFO - Processing /opt/airflow/dags/0_HelloWorld.py took 0.039 seconds
[2024-10-04T01:18:16.279+0000] {processor.py:186} INFO - Started process (PID=347) to work on /opt/airflow/dags/0_HelloWorld.py
[2024-10-04T01:18:16.279+0000] {processor.py:914} INFO - Processing file /opt/airflow/dags/0_HelloWorld.py for tasks to queue
[2024-10-04T01:18:16.280+0000] {logging_mixin.py:190} INFO - [2024-10-04T01:18:16.280+0000] {dagbag.py:588} INFO - Filling up the DagBag from /opt/airflow/dags/0_HelloWorld.py
[2024-10-04T01:18:16.285+0000] {processor.py:925} INFO - DAG(s) 'HelloWorld' retrieved from /opt/airflow/dags/0_HelloWorld.py
[2024-10-04T01:18:16.295+0000] {logging_mixin.py:190} INFO - [2024-10-04T01:18:16.295+0000] {dag.py:3239} INFO - Sync 1 DAGs
[2024-10-04T01:18:16.305+0000] {logging_mixin.py:190} INFO - [2024-10-04T01:18:16.305+0000] {dag.py:4180} INFO - Setting next_dagrun for HelloWorld to None, run_after=None
[2024-10-04T01:18:16.314+0000] {processor.py:208} INFO - Processing /opt/airflow/dags/0_HelloWorld.py took 0.038 seconds
[2024-10-04T01:18:46.933+0000] {processor.py:186} INFO - Started process (PID=363) to work on /opt/airflow/dags/0_HelloWorld.py
[2024-10-04T01:18:46.934+0000] {processor.py:914} INFO - Processing file /opt/airflow/dags/0_HelloWorld.py for tasks to queue
[2024-10-04T01:18:46.935+0000] {logging_mixin.py:190} INFO - [2024-10-04T01:18:46.935+0000] {dagbag.py:588} INFO - Filling up the DagBag from /opt/airflow/dags/0_HelloWorld.py
[2024-10-04T01:18:46.940+0000] {processor.py:925} INFO - DAG(s) 'HelloWorld' retrieved from /opt/airflow/dags/0_HelloWorld.py
[2024-10-04T01:18:46.950+0000] {logging_mixin.py:190} INFO - [2024-10-04T01:18:46.950+0000] {dag.py:3239} INFO - Sync 1 DAGs
[2024-10-04T01:18:46.961+0000] {logging_mixin.py:190} INFO - [2024-10-04T01:18:46.961+0000] {dag.py:4180} INFO - Setting next_dagrun for HelloWorld to None, run_after=None
[2024-10-04T01:18:46.970+0000] {processor.py:208} INFO - Processing /opt/airflow/dags/0_HelloWorld.py took 0.039 seconds
[2024-10-04T01:19:17.565+0000] {processor.py:186} INFO - Started process (PID=379) to work on /opt/airflow/dags/0_HelloWorld.py
[2024-10-04T01:19:17.566+0000] {processor.py:914} INFO - Processing file /opt/airflow/dags/0_HelloWorld.py for tasks to queue
[2024-10-04T01:19:17.567+0000] {logging_mixin.py:190} INFO - [2024-10-04T01:19:17.567+0000] {dagbag.py:588} INFO - Filling up the DagBag from /opt/airflow/dags/0_HelloWorld.py
[2024-10-04T01:19:17.572+0000] {processor.py:925} INFO - DAG(s) 'HelloWorld' retrieved from /opt/airflow/dags/0_HelloWorld.py
[2024-10-04T01:19:17.583+0000] {logging_mixin.py:190} INFO - [2024-10-04T01:19:17.583+0000] {dag.py:3239} INFO - Sync 1 DAGs
[2024-10-04T01:19:17.593+0000] {logging_mixin.py:190} INFO - [2024-10-04T01:19:17.593+0000] {dag.py:4180} INFO - Setting next_dagrun for HelloWorld to None, run_after=None
[2024-10-04T01:19:17.602+0000] {processor.py:208} INFO - Processing /opt/airflow/dags/0_HelloWorld.py took 0.040 seconds
[2024-10-04T01:19:48.114+0000] {processor.py:186} INFO - Started process (PID=511) to work on /opt/airflow/dags/0_HelloWorld.py
[2024-10-04T01:19:48.114+0000] {processor.py:914} INFO - Processing file /opt/airflow/dags/0_HelloWorld.py for tasks to queue
[2024-10-04T01:19:48.115+0000] {logging_mixin.py:190} INFO - [2024-10-04T01:19:48.115+0000] {dagbag.py:588} INFO - Filling up the DagBag from /opt/airflow/dags/0_HelloWorld.py
[2024-10-04T01:19:48.121+0000] {processor.py:925} INFO - DAG(s) 'HelloWorld' retrieved from /opt/airflow/dags/0_HelloWorld.py
[2024-10-04T01:19:48.131+0000] {logging_mixin.py:190} INFO - [2024-10-04T01:19:48.131+0000] {dag.py:3239} INFO - Sync 1 DAGs
[2024-10-04T01:19:48.140+0000] {logging_mixin.py:190} INFO - [2024-10-04T01:19:48.140+0000] {dag.py:4180} INFO - Setting next_dagrun for HelloWorld to None, run_after=None
[2024-10-04T01:19:48.149+0000] {processor.py:208} INFO - Processing /opt/airflow/dags/0_HelloWorld.py took 0.039 seconds
[2024-10-04T01:20:18.737+0000] {processor.py:186} INFO - Started process (PID=665) to work on /opt/airflow/dags/0_HelloWorld.py
[2024-10-04T01:20:18.738+0000] {processor.py:914} INFO - Processing file /opt/airflow/dags/0_HelloWorld.py for tasks to queue
[2024-10-04T01:20:18.739+0000] {logging_mixin.py:190} INFO - [2024-10-04T01:20:18.739+0000] {dagbag.py:588} INFO - Filling up the DagBag from /opt/airflow/dags/0_HelloWorld.py
[2024-10-04T01:20:18.744+0000] {processor.py:925} INFO - DAG(s) 'HelloWorld' retrieved from /opt/airflow/dags/0_HelloWorld.py
[2024-10-04T01:20:18.754+0000] {logging_mixin.py:190} INFO - [2024-10-04T01:20:18.754+0000] {dag.py:3239} INFO - Sync 1 DAGs
[2024-10-04T01:20:18.764+0000] {logging_mixin.py:190} INFO - [2024-10-04T01:20:18.764+0000] {dag.py:4180} INFO - Setting next_dagrun for HelloWorld to None, run_after=None
[2024-10-04T01:20:18.774+0000] {processor.py:208} INFO - Processing /opt/airflow/dags/0_HelloWorld.py took 0.039 seconds
[2024-10-04T01:20:49.362+0000] {processor.py:186} INFO - Started process (PID=837) to work on /opt/airflow/dags/0_HelloWorld.py
[2024-10-04T01:20:49.362+0000] {processor.py:914} INFO - Processing file /opt/airflow/dags/0_HelloWorld.py for tasks to queue
[2024-10-04T01:20:49.363+0000] {logging_mixin.py:190} INFO - [2024-10-04T01:20:49.363+0000] {dagbag.py:588} INFO - Filling up the DagBag from /opt/airflow/dags/0_HelloWorld.py
[2024-10-04T01:20:49.370+0000] {processor.py:925} INFO - DAG(s) 'HelloWorld' retrieved from /opt/airflow/dags/0_HelloWorld.py
[2024-10-04T01:20:49.382+0000] {logging_mixin.py:190} INFO - [2024-10-04T01:20:49.382+0000] {dag.py:3239} INFO - Sync 1 DAGs
[2024-10-04T01:20:49.414+0000] {logging_mixin.py:190} INFO - [2024-10-04T01:20:49.413+0000] {dag.py:4180} INFO - Setting next_dagrun for HelloWorld to None, run_after=None
[2024-10-04T01:20:49.426+0000] {processor.py:208} INFO - Processing /opt/airflow/dags/0_HelloWorld.py took 0.069 seconds
[2024-10-04T01:21:19.996+0000] {processor.py:186} INFO - Started process (PID=961) to work on /opt/airflow/dags/0_HelloWorld.py
[2024-10-04T01:21:19.997+0000] {processor.py:914} INFO - Processing file /opt/airflow/dags/0_HelloWorld.py for tasks to queue
[2024-10-04T01:21:19.998+0000] {logging_mixin.py:190} INFO - [2024-10-04T01:21:19.998+0000] {dagbag.py:588} INFO - Filling up the DagBag from /opt/airflow/dags/0_HelloWorld.py
[2024-10-04T01:21:20.004+0000] {processor.py:925} INFO - DAG(s) 'HelloWorld' retrieved from /opt/airflow/dags/0_HelloWorld.py
[2024-10-04T01:21:20.014+0000] {logging_mixin.py:190} INFO - [2024-10-04T01:21:20.014+0000] {dag.py:3239} INFO - Sync 1 DAGs
[2024-10-04T01:21:20.023+0000] {logging_mixin.py:190} INFO - [2024-10-04T01:21:20.023+0000] {dag.py:4180} INFO - Setting next_dagrun for HelloWorld to None, run_after=None
[2024-10-04T01:21:20.033+0000] {processor.py:208} INFO - Processing /opt/airflow/dags/0_HelloWorld.py took 0.041 seconds
[2024-10-04T01:21:50.709+0000] {processor.py:186} INFO - Started process (PID=977) to work on /opt/airflow/dags/0_HelloWorld.py
[2024-10-04T01:21:50.709+0000] {processor.py:914} INFO - Processing file /opt/airflow/dags/0_HelloWorld.py for tasks to queue
[2024-10-04T01:21:50.711+0000] {logging_mixin.py:190} INFO - [2024-10-04T01:21:50.710+0000] {dagbag.py:588} INFO - Filling up the DagBag from /opt/airflow/dags/0_HelloWorld.py
[2024-10-04T01:21:50.716+0000] {processor.py:925} INFO - DAG(s) 'HelloWorld' retrieved from /opt/airflow/dags/0_HelloWorld.py
[2024-10-04T01:21:50.729+0000] {logging_mixin.py:190} INFO - [2024-10-04T01:21:50.729+0000] {dag.py:3239} INFO - Sync 1 DAGs
[2024-10-04T01:21:50.739+0000] {logging_mixin.py:190} INFO - [2024-10-04T01:21:50.738+0000] {dag.py:4180} INFO - Setting next_dagrun for HelloWorld to None, run_after=None
[2024-10-04T01:21:50.748+0000] {processor.py:208} INFO - Processing /opt/airflow/dags/0_HelloWorld.py took 0.042 seconds
[2024-10-04T01:22:21.372+0000] {processor.py:186} INFO - Started process (PID=993) to work on /opt/airflow/dags/0_HelloWorld.py
[2024-10-04T01:22:21.372+0000] {processor.py:914} INFO - Processing file /opt/airflow/dags/0_HelloWorld.py for tasks to queue
[2024-10-04T01:22:21.373+0000] {logging_mixin.py:190} INFO - [2024-10-04T01:22:21.373+0000] {dagbag.py:588} INFO - Filling up the DagBag from /opt/airflow/dags/0_HelloWorld.py
[2024-10-04T01:22:21.379+0000] {processor.py:925} INFO - DAG(s) 'HelloWorld' retrieved from /opt/airflow/dags/0_HelloWorld.py
[2024-10-04T01:22:21.388+0000] {logging_mixin.py:190} INFO - [2024-10-04T01:22:21.388+0000] {dag.py:3239} INFO - Sync 1 DAGs
[2024-10-04T01:22:21.398+0000] {logging_mixin.py:190} INFO - [2024-10-04T01:22:21.397+0000] {dag.py:4180} INFO - Setting next_dagrun for HelloWorld to None, run_after=None
[2024-10-04T01:22:21.406+0000] {processor.py:208} INFO - Processing /opt/airflow/dags/0_HelloWorld.py took 0.037 seconds
[2024-10-04T01:22:52.036+0000] {processor.py:186} INFO - Started process (PID=1009) to work on /opt/airflow/dags/0_HelloWorld.py
[2024-10-04T01:22:52.036+0000] {processor.py:914} INFO - Processing file /opt/airflow/dags/0_HelloWorld.py for tasks to queue
[2024-10-04T01:22:52.037+0000] {logging_mixin.py:190} INFO - [2024-10-04T01:22:52.037+0000] {dagbag.py:588} INFO - Filling up the DagBag from /opt/airflow/dags/0_HelloWorld.py
[2024-10-04T01:22:52.042+0000] {processor.py:925} INFO - DAG(s) 'HelloWorld' retrieved from /opt/airflow/dags/0_HelloWorld.py
[2024-10-04T01:22:52.054+0000] {logging_mixin.py:190} INFO - [2024-10-04T01:22:52.054+0000] {dag.py:3239} INFO - Sync 1 DAGs
[2024-10-04T01:22:52.065+0000] {logging_mixin.py:190} INFO - [2024-10-04T01:22:52.065+0000] {dag.py:4180} INFO - Setting next_dagrun for HelloWorld to None, run_after=None
[2024-10-04T01:22:52.074+0000] {processor.py:208} INFO - Processing /opt/airflow/dags/0_HelloWorld.py took 0.042 seconds
[2024-10-04T01:23:22.739+0000] {processor.py:186} INFO - Started process (PID=1025) to work on /opt/airflow/dags/0_HelloWorld.py
[2024-10-04T01:23:22.740+0000] {processor.py:914} INFO - Processing file /opt/airflow/dags/0_HelloWorld.py for tasks to queue
[2024-10-04T01:23:22.741+0000] {logging_mixin.py:190} INFO - [2024-10-04T01:23:22.741+0000] {dagbag.py:588} INFO - Filling up the DagBag from /opt/airflow/dags/0_HelloWorld.py
[2024-10-04T01:23:22.746+0000] {processor.py:925} INFO - DAG(s) 'HelloWorld' retrieved from /opt/airflow/dags/0_HelloWorld.py
[2024-10-04T01:23:22.756+0000] {logging_mixin.py:190} INFO - [2024-10-04T01:23:22.756+0000] {dag.py:3239} INFO - Sync 1 DAGs
[2024-10-04T01:23:22.765+0000] {logging_mixin.py:190} INFO - [2024-10-04T01:23:22.765+0000] {dag.py:4180} INFO - Setting next_dagrun for HelloWorld to None, run_after=None
[2024-10-04T01:23:22.773+0000] {processor.py:208} INFO - Processing /opt/airflow/dags/0_HelloWorld.py took 0.036 seconds
[2024-10-04T01:23:53.468+0000] {processor.py:186} INFO - Started process (PID=1041) to work on /opt/airflow/dags/0_HelloWorld.py
[2024-10-04T01:23:53.468+0000] {processor.py:914} INFO - Processing file /opt/airflow/dags/0_HelloWorld.py for tasks to queue
[2024-10-04T01:23:53.469+0000] {logging_mixin.py:190} INFO - [2024-10-04T01:23:53.469+0000] {dagbag.py:588} INFO - Filling up the DagBag from /opt/airflow/dags/0_HelloWorld.py
[2024-10-04T01:23:53.475+0000] {processor.py:925} INFO - DAG(s) 'HelloWorld' retrieved from /opt/airflow/dags/0_HelloWorld.py
[2024-10-04T01:23:53.485+0000] {logging_mixin.py:190} INFO - [2024-10-04T01:23:53.485+0000] {dag.py:3239} INFO - Sync 1 DAGs
[2024-10-04T01:23:53.495+0000] {logging_mixin.py:190} INFO - [2024-10-04T01:23:53.495+0000] {dag.py:4180} INFO - Setting next_dagrun for HelloWorld to None, run_after=None
[2024-10-04T01:23:53.506+0000] {processor.py:208} INFO - Processing /opt/airflow/dags/0_HelloWorld.py took 0.041 seconds
[2024-10-04T01:24:24.160+0000] {processor.py:186} INFO - Started process (PID=1057) to work on /opt/airflow/dags/0_HelloWorld.py
[2024-10-04T01:24:24.161+0000] {processor.py:914} INFO - Processing file /opt/airflow/dags/0_HelloWorld.py for tasks to queue
[2024-10-04T01:24:24.162+0000] {logging_mixin.py:190} INFO - [2024-10-04T01:24:24.162+0000] {dagbag.py:588} INFO - Filling up the DagBag from /opt/airflow/dags/0_HelloWorld.py
[2024-10-04T01:24:24.167+0000] {processor.py:925} INFO - DAG(s) 'HelloWorld' retrieved from /opt/airflow/dags/0_HelloWorld.py
[2024-10-04T01:24:24.177+0000] {logging_mixin.py:190} INFO - [2024-10-04T01:24:24.177+0000] {dag.py:3239} INFO - Sync 1 DAGs
[2024-10-04T01:24:24.187+0000] {logging_mixin.py:190} INFO - [2024-10-04T01:24:24.187+0000] {dag.py:4180} INFO - Setting next_dagrun for HelloWorld to None, run_after=None
[2024-10-04T01:24:24.198+0000] {processor.py:208} INFO - Processing /opt/airflow/dags/0_HelloWorld.py took 0.040 seconds
[2024-10-04T01:24:54.798+0000] {processor.py:186} INFO - Started process (PID=1074) to work on /opt/airflow/dags/0_HelloWorld.py
[2024-10-04T01:24:54.799+0000] {processor.py:914} INFO - Processing file /opt/airflow/dags/0_HelloWorld.py for tasks to queue
[2024-10-04T01:24:54.800+0000] {logging_mixin.py:190} INFO - [2024-10-04T01:24:54.799+0000] {dagbag.py:588} INFO - Filling up the DagBag from /opt/airflow/dags/0_HelloWorld.py
[2024-10-04T01:24:54.805+0000] {processor.py:925} INFO - DAG(s) 'HelloWorld' retrieved from /opt/airflow/dags/0_HelloWorld.py
[2024-10-04T01:24:54.815+0000] {logging_mixin.py:190} INFO - [2024-10-04T01:24:54.815+0000] {dag.py:3239} INFO - Sync 1 DAGs
[2024-10-04T01:24:54.824+0000] {logging_mixin.py:190} INFO - [2024-10-04T01:24:54.824+0000] {dag.py:4180} INFO - Setting next_dagrun for HelloWorld to None, run_after=None
[2024-10-04T01:24:54.834+0000] {processor.py:208} INFO - Processing /opt/airflow/dags/0_HelloWorld.py took 0.039 seconds
[2024-10-04T01:29:40.777+0000] {processor.py:186} INFO - Started process (PID=97) to work on /opt/airflow/dags/0_HelloWorld.py
[2024-10-04T01:29:40.778+0000] {processor.py:914} INFO - Processing file /opt/airflow/dags/0_HelloWorld.py for tasks to queue
[2024-10-04T01:29:40.780+0000] {logging_mixin.py:190} INFO - [2024-10-04T01:29:40.779+0000] {dagbag.py:588} INFO - Filling up the DagBag from /opt/airflow/dags/0_HelloWorld.py
[2024-10-04T01:29:40.788+0000] {processor.py:925} INFO - DAG(s) 'HelloWorld' retrieved from /opt/airflow/dags/0_HelloWorld.py
[2024-10-04T01:29:40.817+0000] {logging_mixin.py:190} INFO - [2024-10-04T01:29:40.817+0000] {dag.py:3239} INFO - Sync 1 DAGs
[2024-10-04T01:29:40.834+0000] {logging_mixin.py:190} INFO - [2024-10-04T01:29:40.834+0000] {dag.py:4180} INFO - Setting next_dagrun for HelloWorld to None, run_after=None
[2024-10-04T01:29:40.844+0000] {processor.py:208} INFO - Processing /opt/airflow/dags/0_HelloWorld.py took 0.072 seconds
[2024-10-04T01:30:11.585+0000] {processor.py:186} INFO - Started process (PID=113) to work on /opt/airflow/dags/0_HelloWorld.py
[2024-10-04T01:30:11.586+0000] {processor.py:914} INFO - Processing file /opt/airflow/dags/0_HelloWorld.py for tasks to queue
[2024-10-04T01:30:11.587+0000] {logging_mixin.py:190} INFO - [2024-10-04T01:30:11.587+0000] {dagbag.py:588} INFO - Filling up the DagBag from /opt/airflow/dags/0_HelloWorld.py
[2024-10-04T01:30:11.593+0000] {processor.py:925} INFO - DAG(s) 'HelloWorld' retrieved from /opt/airflow/dags/0_HelloWorld.py
[2024-10-04T01:30:11.605+0000] {logging_mixin.py:190} INFO - [2024-10-04T01:30:11.605+0000] {dag.py:3239} INFO - Sync 1 DAGs
[2024-10-04T01:30:11.616+0000] {logging_mixin.py:190} INFO - [2024-10-04T01:30:11.616+0000] {dag.py:4180} INFO - Setting next_dagrun for HelloWorld to None, run_after=None
[2024-10-04T01:30:11.626+0000] {processor.py:208} INFO - Processing /opt/airflow/dags/0_HelloWorld.py took 0.043 seconds
[2024-10-04T01:30:42.301+0000] {processor.py:186} INFO - Started process (PID=129) to work on /opt/airflow/dags/0_HelloWorld.py
[2024-10-04T01:30:42.301+0000] {processor.py:914} INFO - Processing file /opt/airflow/dags/0_HelloWorld.py for tasks to queue
[2024-10-04T01:30:42.302+0000] {logging_mixin.py:190} INFO - [2024-10-04T01:30:42.302+0000] {dagbag.py:588} INFO - Filling up the DagBag from /opt/airflow/dags/0_HelloWorld.py
[2024-10-04T01:30:42.307+0000] {processor.py:925} INFO - DAG(s) 'HelloWorld' retrieved from /opt/airflow/dags/0_HelloWorld.py
[2024-10-04T01:30:42.317+0000] {logging_mixin.py:190} INFO - [2024-10-04T01:30:42.317+0000] {dag.py:3239} INFO - Sync 1 DAGs
[2024-10-04T01:30:42.326+0000] {logging_mixin.py:190} INFO - [2024-10-04T01:30:42.326+0000] {dag.py:4180} INFO - Setting next_dagrun for HelloWorld to None, run_after=None
[2024-10-04T01:30:42.335+0000] {processor.py:208} INFO - Processing /opt/airflow/dags/0_HelloWorld.py took 0.037 seconds
[2024-10-04T01:31:12.992+0000] {processor.py:186} INFO - Started process (PID=145) to work on /opt/airflow/dags/0_HelloWorld.py
[2024-10-04T01:31:12.992+0000] {processor.py:914} INFO - Processing file /opt/airflow/dags/0_HelloWorld.py for tasks to queue
[2024-10-04T01:31:12.993+0000] {logging_mixin.py:190} INFO - [2024-10-04T01:31:12.993+0000] {dagbag.py:588} INFO - Filling up the DagBag from /opt/airflow/dags/0_HelloWorld.py
[2024-10-04T01:31:12.999+0000] {processor.py:925} INFO - DAG(s) 'HelloWorld' retrieved from /opt/airflow/dags/0_HelloWorld.py
[2024-10-04T01:31:13.010+0000] {logging_mixin.py:190} INFO - [2024-10-04T01:31:13.010+0000] {dag.py:3239} INFO - Sync 1 DAGs
[2024-10-04T01:31:13.021+0000] {logging_mixin.py:190} INFO - [2024-10-04T01:31:13.021+0000] {dag.py:4180} INFO - Setting next_dagrun for HelloWorld to None, run_after=None
[2024-10-04T01:31:13.030+0000] {processor.py:208} INFO - Processing /opt/airflow/dags/0_HelloWorld.py took 0.041 seconds
[2024-10-04T01:31:43.656+0000] {processor.py:186} INFO - Started process (PID=161) to work on /opt/airflow/dags/0_HelloWorld.py
[2024-10-04T01:31:43.657+0000] {processor.py:914} INFO - Processing file /opt/airflow/dags/0_HelloWorld.py for tasks to queue
[2024-10-04T01:31:43.658+0000] {logging_mixin.py:190} INFO - [2024-10-04T01:31:43.658+0000] {dagbag.py:588} INFO - Filling up the DagBag from /opt/airflow/dags/0_HelloWorld.py
[2024-10-04T01:31:43.665+0000] {processor.py:925} INFO - DAG(s) 'HelloWorld' retrieved from /opt/airflow/dags/0_HelloWorld.py
[2024-10-04T01:31:43.675+0000] {logging_mixin.py:190} INFO - [2024-10-04T01:31:43.675+0000] {dag.py:3239} INFO - Sync 1 DAGs
[2024-10-04T01:31:43.685+0000] {logging_mixin.py:190} INFO - [2024-10-04T01:31:43.685+0000] {dag.py:4180} INFO - Setting next_dagrun for HelloWorld to None, run_after=None
[2024-10-04T01:31:43.694+0000] {processor.py:208} INFO - Processing /opt/airflow/dags/0_HelloWorld.py took 0.043 seconds
[2024-10-04T01:32:14.323+0000] {processor.py:186} INFO - Started process (PID=177) to work on /opt/airflow/dags/0_HelloWorld.py
[2024-10-04T01:32:14.324+0000] {processor.py:914} INFO - Processing file /opt/airflow/dags/0_HelloWorld.py for tasks to queue
[2024-10-04T01:32:14.325+0000] {logging_mixin.py:190} INFO - [2024-10-04T01:32:14.325+0000] {dagbag.py:588} INFO - Filling up the DagBag from /opt/airflow/dags/0_HelloWorld.py
[2024-10-04T01:32:14.330+0000] {processor.py:925} INFO - DAG(s) 'HelloWorld' retrieved from /opt/airflow/dags/0_HelloWorld.py
[2024-10-04T01:32:14.342+0000] {logging_mixin.py:190} INFO - [2024-10-04T01:32:14.342+0000] {dag.py:3239} INFO - Sync 1 DAGs
[2024-10-04T01:32:14.351+0000] {logging_mixin.py:190} INFO - [2024-10-04T01:32:14.351+0000] {dag.py:4180} INFO - Setting next_dagrun for HelloWorld to None, run_after=None
[2024-10-04T01:32:14.360+0000] {processor.py:208} INFO - Processing /opt/airflow/dags/0_HelloWorld.py took 0.039 seconds
[2024-10-04T01:32:45.064+0000] {processor.py:186} INFO - Started process (PID=199) to work on /opt/airflow/dags/0_HelloWorld.py
[2024-10-04T01:32:45.064+0000] {processor.py:914} INFO - Processing file /opt/airflow/dags/0_HelloWorld.py for tasks to queue
[2024-10-04T01:32:45.065+0000] {logging_mixin.py:190} INFO - [2024-10-04T01:32:45.065+0000] {dagbag.py:588} INFO - Filling up the DagBag from /opt/airflow/dags/0_HelloWorld.py
[2024-10-04T01:32:45.071+0000] {processor.py:925} INFO - DAG(s) 'HelloWorld' retrieved from /opt/airflow/dags/0_HelloWorld.py
[2024-10-04T01:32:45.083+0000] {logging_mixin.py:190} INFO - [2024-10-04T01:32:45.083+0000] {dag.py:3239} INFO - Sync 1 DAGs
[2024-10-04T01:32:45.093+0000] {logging_mixin.py:190} INFO - [2024-10-04T01:32:45.093+0000] {dag.py:4180} INFO - Setting next_dagrun for HelloWorld to None, run_after=None
[2024-10-04T01:32:45.103+0000] {processor.py:208} INFO - Processing /opt/airflow/dags/0_HelloWorld.py took 0.042 seconds
[2024-10-04T01:33:15.781+0000] {processor.py:186} INFO - Started process (PID=215) to work on /opt/airflow/dags/0_HelloWorld.py
[2024-10-04T01:33:15.782+0000] {processor.py:914} INFO - Processing file /opt/airflow/dags/0_HelloWorld.py for tasks to queue
[2024-10-04T01:33:15.783+0000] {logging_mixin.py:190} INFO - [2024-10-04T01:33:15.783+0000] {dagbag.py:588} INFO - Filling up the DagBag from /opt/airflow/dags/0_HelloWorld.py
[2024-10-04T01:33:15.789+0000] {processor.py:925} INFO - DAG(s) 'HelloWorld' retrieved from /opt/airflow/dags/0_HelloWorld.py
[2024-10-04T01:33:15.800+0000] {logging_mixin.py:190} INFO - [2024-10-04T01:33:15.800+0000] {dag.py:3239} INFO - Sync 1 DAGs
[2024-10-04T01:33:15.811+0000] {logging_mixin.py:190} INFO - [2024-10-04T01:33:15.811+0000] {dag.py:4180} INFO - Setting next_dagrun for HelloWorld to None, run_after=None
[2024-10-04T01:33:15.819+0000] {processor.py:208} INFO - Processing /opt/airflow/dags/0_HelloWorld.py took 0.041 seconds
[2024-10-04T01:33:46.495+0000] {processor.py:186} INFO - Started process (PID=231) to work on /opt/airflow/dags/0_HelloWorld.py
[2024-10-04T01:33:46.495+0000] {processor.py:914} INFO - Processing file /opt/airflow/dags/0_HelloWorld.py for tasks to queue
[2024-10-04T01:33:46.496+0000] {logging_mixin.py:190} INFO - [2024-10-04T01:33:46.496+0000] {dagbag.py:588} INFO - Filling up the DagBag from /opt/airflow/dags/0_HelloWorld.py
[2024-10-04T01:33:46.500+0000] {processor.py:925} INFO - DAG(s) 'HelloWorld' retrieved from /opt/airflow/dags/0_HelloWorld.py
[2024-10-04T01:33:46.510+0000] {logging_mixin.py:190} INFO - [2024-10-04T01:33:46.510+0000] {dag.py:3239} INFO - Sync 1 DAGs
[2024-10-04T01:33:46.520+0000] {logging_mixin.py:190} INFO - [2024-10-04T01:33:46.519+0000] {dag.py:4180} INFO - Setting next_dagrun for HelloWorld to None, run_after=None
[2024-10-04T01:33:46.534+0000] {processor.py:208} INFO - Processing /opt/airflow/dags/0_HelloWorld.py took 0.042 seconds
[2024-10-04T01:34:17.166+0000] {processor.py:186} INFO - Started process (PID=247) to work on /opt/airflow/dags/0_HelloWorld.py
[2024-10-04T01:34:17.167+0000] {processor.py:914} INFO - Processing file /opt/airflow/dags/0_HelloWorld.py for tasks to queue
[2024-10-04T01:34:17.168+0000] {logging_mixin.py:190} INFO - [2024-10-04T01:34:17.168+0000] {dagbag.py:588} INFO - Filling up the DagBag from /opt/airflow/dags/0_HelloWorld.py
[2024-10-04T01:34:17.174+0000] {processor.py:925} INFO - DAG(s) 'HelloWorld' retrieved from /opt/airflow/dags/0_HelloWorld.py
[2024-10-04T01:34:17.185+0000] {logging_mixin.py:190} INFO - [2024-10-04T01:34:17.185+0000] {dag.py:3239} INFO - Sync 1 DAGs
[2024-10-04T01:34:17.196+0000] {logging_mixin.py:190} INFO - [2024-10-04T01:34:17.196+0000] {dag.py:4180} INFO - Setting next_dagrun for HelloWorld to None, run_after=None
[2024-10-04T01:34:17.207+0000] {processor.py:208} INFO - Processing /opt/airflow/dags/0_HelloWorld.py took 0.044 seconds
