[2024-10-04T01:04:58.232+0000] {processor.py:186} INFO - Started process (PID=95) to work on /opt/airflow/dags/1_HelloWorld_v2.py
[2024-10-04T01:04:58.233+0000] {processor.py:914} INFO - Processing file /opt/airflow/dags/1_HelloWorld_v2.py for tasks to queue
[2024-10-04T01:04:58.235+0000] {logging_mixin.py:190} INFO - [2024-10-04T01:04:58.234+0000] {dagbag.py:588} INFO - Filling up the DagBag from /opt/airflow/dags/1_HelloWorld_v2.py
[2024-10-04T01:04:58.241+0000] {processor.py:925} INFO - DAG(s) 'HelloWorld_v2' retrieved from /opt/airflow/dags/1_HelloWorld_v2.py
[2024-10-04T01:04:58.295+0000] {logging_mixin.py:190} INFO - [2024-10-04T01:04:58.295+0000] {override.py:1900} INFO - Created Permission View: can delete on DAG:HelloWorld_v2
[2024-10-04T01:04:58.301+0000] {logging_mixin.py:190} INFO - [2024-10-04T01:04:58.301+0000] {override.py:1900} INFO - Created Permission View: can edit on DAG:HelloWorld_v2
[2024-10-04T01:04:58.305+0000] {logging_mixin.py:190} INFO - [2024-10-04T01:04:58.304+0000] {override.py:1900} INFO - Created Permission View: can read on DAG:HelloWorld_v2
[2024-10-04T01:04:58.310+0000] {logging_mixin.py:190} INFO - [2024-10-04T01:04:58.310+0000] {override.py:1900} INFO - Created Permission View: menu access on DAG Run:HelloWorld_v2
[2024-10-04T01:04:58.314+0000] {logging_mixin.py:190} INFO - [2024-10-04T01:04:58.314+0000] {override.py:1900} INFO - Created Permission View: can create on DAG Run:HelloWorld_v2
[2024-10-04T01:04:58.318+0000] {logging_mixin.py:190} INFO - [2024-10-04T01:04:58.318+0000] {override.py:1900} INFO - Created Permission View: can delete on DAG Run:HelloWorld_v2
[2024-10-04T01:04:58.322+0000] {logging_mixin.py:190} INFO - [2024-10-04T01:04:58.322+0000] {override.py:1900} INFO - Created Permission View: can read on DAG Run:HelloWorld_v2
[2024-10-04T01:04:58.323+0000] {logging_mixin.py:190} INFO - [2024-10-04T01:04:58.323+0000] {dag.py:3239} INFO - Sync 1 DAGs
[2024-10-04T01:04:58.330+0000] {logging_mixin.py:190} INFO - [2024-10-04T01:04:58.329+0000] {dag.py:3262} INFO - Creating ORM DAG for HelloWorld_v2
[2024-10-04T01:04:58.334+0000] {logging_mixin.py:190} INFO - [2024-10-04T01:04:58.334+0000] {dag.py:4180} INFO - Setting next_dagrun for HelloWorld_v2 to 2023-08-15 10:37:00+00:00, run_after=2023-08-16 10:37:00+00:00
[2024-10-04T01:04:58.343+0000] {processor.py:208} INFO - Processing /opt/airflow/dags/1_HelloWorld_v2.py took 0.114 seconds
[2024-10-04T01:05:28.745+0000] {processor.py:186} INFO - Started process (PID=167) to work on /opt/airflow/dags/1_HelloWorld_v2.py
[2024-10-04T01:05:28.746+0000] {processor.py:914} INFO - Processing file /opt/airflow/dags/1_HelloWorld_v2.py for tasks to queue
[2024-10-04T01:05:28.747+0000] {logging_mixin.py:190} INFO - [2024-10-04T01:05:28.747+0000] {dagbag.py:588} INFO - Filling up the DagBag from /opt/airflow/dags/1_HelloWorld_v2.py
[2024-10-04T01:05:28.752+0000] {processor.py:925} INFO - DAG(s) 'HelloWorld_v2' retrieved from /opt/airflow/dags/1_HelloWorld_v2.py
[2024-10-04T01:05:28.760+0000] {logging_mixin.py:190} INFO - [2024-10-04T01:05:28.760+0000] {dag.py:3239} INFO - Sync 1 DAGs
[2024-10-04T01:05:28.770+0000] {logging_mixin.py:190} INFO - [2024-10-04T01:05:28.770+0000] {dag.py:4180} INFO - Setting next_dagrun for HelloWorld_v2 to 2023-08-15 10:37:00+00:00, run_after=2023-08-16 10:37:00+00:00
[2024-10-04T01:05:28.778+0000] {processor.py:208} INFO - Processing /opt/airflow/dags/1_HelloWorld_v2.py took 0.036 seconds
[2024-10-04T01:05:59.355+0000] {processor.py:186} INFO - Started process (PID=239) to work on /opt/airflow/dags/1_HelloWorld_v2.py
[2024-10-04T01:05:59.355+0000] {processor.py:914} INFO - Processing file /opt/airflow/dags/1_HelloWorld_v2.py for tasks to queue
[2024-10-04T01:05:59.356+0000] {logging_mixin.py:190} INFO - [2024-10-04T01:05:59.356+0000] {dagbag.py:588} INFO - Filling up the DagBag from /opt/airflow/dags/1_HelloWorld_v2.py
[2024-10-04T01:05:59.361+0000] {processor.py:925} INFO - DAG(s) 'HelloWorld_v2' retrieved from /opt/airflow/dags/1_HelloWorld_v2.py
[2024-10-04T01:05:59.369+0000] {logging_mixin.py:190} INFO - [2024-10-04T01:05:59.369+0000] {dag.py:3239} INFO - Sync 1 DAGs
[2024-10-04T01:05:59.379+0000] {logging_mixin.py:190} INFO - [2024-10-04T01:05:59.379+0000] {dag.py:4180} INFO - Setting next_dagrun for HelloWorld_v2 to 2023-08-15 10:37:00+00:00, run_after=2023-08-16 10:37:00+00:00
[2024-10-04T01:05:59.387+0000] {processor.py:208} INFO - Processing /opt/airflow/dags/1_HelloWorld_v2.py took 0.035 seconds
[2024-10-04T01:06:29.926+0000] {processor.py:186} INFO - Started process (PID=311) to work on /opt/airflow/dags/1_HelloWorld_v2.py
[2024-10-04T01:06:29.926+0000] {processor.py:914} INFO - Processing file /opt/airflow/dags/1_HelloWorld_v2.py for tasks to queue
[2024-10-04T01:06:29.928+0000] {logging_mixin.py:190} INFO - [2024-10-04T01:06:29.928+0000] {dagbag.py:588} INFO - Filling up the DagBag from /opt/airflow/dags/1_HelloWorld_v2.py
[2024-10-04T01:06:29.934+0000] {processor.py:925} INFO - DAG(s) 'HelloWorld_v2' retrieved from /opt/airflow/dags/1_HelloWorld_v2.py
[2024-10-04T01:06:29.943+0000] {logging_mixin.py:190} INFO - [2024-10-04T01:06:29.943+0000] {dag.py:3239} INFO - Sync 1 DAGs
[2024-10-04T01:06:29.954+0000] {logging_mixin.py:190} INFO - [2024-10-04T01:06:29.954+0000] {dag.py:4180} INFO - Setting next_dagrun for HelloWorld_v2 to 2023-08-15 10:37:00+00:00, run_after=2023-08-16 10:37:00+00:00
[2024-10-04T01:06:29.964+0000] {processor.py:208} INFO - Processing /opt/airflow/dags/1_HelloWorld_v2.py took 0.042 seconds
[2024-10-04T01:07:00.118+0000] {processor.py:186} INFO - Started process (PID=383) to work on /opt/airflow/dags/1_HelloWorld_v2.py
[2024-10-04T01:07:00.119+0000] {processor.py:914} INFO - Processing file /opt/airflow/dags/1_HelloWorld_v2.py for tasks to queue
[2024-10-04T01:07:00.120+0000] {logging_mixin.py:190} INFO - [2024-10-04T01:07:00.120+0000] {dagbag.py:588} INFO - Filling up the DagBag from /opt/airflow/dags/1_HelloWorld_v2.py
[2024-10-04T01:07:00.126+0000] {processor.py:925} INFO - DAG(s) 'HelloWorld_v2' retrieved from /opt/airflow/dags/1_HelloWorld_v2.py
[2024-10-04T01:07:00.135+0000] {logging_mixin.py:190} INFO - [2024-10-04T01:07:00.135+0000] {dag.py:3239} INFO - Sync 1 DAGs
[2024-10-04T01:07:00.146+0000] {logging_mixin.py:190} INFO - [2024-10-04T01:07:00.146+0000] {dag.py:4180} INFO - Setting next_dagrun for HelloWorld_v2 to 2023-08-15 10:37:00+00:00, run_after=2023-08-16 10:37:00+00:00
[2024-10-04T01:07:00.156+0000] {processor.py:208} INFO - Processing /opt/airflow/dags/1_HelloWorld_v2.py took 0.040 seconds
[2024-10-04T01:07:30.374+0000] {processor.py:186} INFO - Started process (PID=455) to work on /opt/airflow/dags/1_HelloWorld_v2.py
[2024-10-04T01:07:30.375+0000] {processor.py:914} INFO - Processing file /opt/airflow/dags/1_HelloWorld_v2.py for tasks to queue
[2024-10-04T01:07:30.376+0000] {logging_mixin.py:190} INFO - [2024-10-04T01:07:30.376+0000] {dagbag.py:588} INFO - Filling up the DagBag from /opt/airflow/dags/1_HelloWorld_v2.py
[2024-10-04T01:07:30.381+0000] {processor.py:925} INFO - DAG(s) 'HelloWorld_v2' retrieved from /opt/airflow/dags/1_HelloWorld_v2.py
[2024-10-04T01:07:30.389+0000] {logging_mixin.py:190} INFO - [2024-10-04T01:07:30.389+0000] {dag.py:3239} INFO - Sync 1 DAGs
[2024-10-04T01:07:30.399+0000] {logging_mixin.py:190} INFO - [2024-10-04T01:07:30.399+0000] {dag.py:4180} INFO - Setting next_dagrun for HelloWorld_v2 to 2023-08-15 10:37:00+00:00, run_after=2023-08-16 10:37:00+00:00
[2024-10-04T01:07:30.407+0000] {processor.py:208} INFO - Processing /opt/airflow/dags/1_HelloWorld_v2.py took 0.036 seconds
[2024-10-04T01:08:00.550+0000] {processor.py:186} INFO - Started process (PID=527) to work on /opt/airflow/dags/1_HelloWorld_v2.py
[2024-10-04T01:08:00.550+0000] {processor.py:914} INFO - Processing file /opt/airflow/dags/1_HelloWorld_v2.py for tasks to queue
[2024-10-04T01:08:00.552+0000] {logging_mixin.py:190} INFO - [2024-10-04T01:08:00.552+0000] {dagbag.py:588} INFO - Filling up the DagBag from /opt/airflow/dags/1_HelloWorld_v2.py
[2024-10-04T01:08:00.558+0000] {processor.py:925} INFO - DAG(s) 'HelloWorld_v2' retrieved from /opt/airflow/dags/1_HelloWorld_v2.py
[2024-10-04T01:08:00.566+0000] {logging_mixin.py:190} INFO - [2024-10-04T01:08:00.566+0000] {dag.py:3239} INFO - Sync 1 DAGs
[2024-10-04T01:08:00.578+0000] {logging_mixin.py:190} INFO - [2024-10-04T01:08:00.578+0000] {dag.py:4180} INFO - Setting next_dagrun for HelloWorld_v2 to 2023-08-15 10:37:00+00:00, run_after=2023-08-16 10:37:00+00:00
[2024-10-04T01:08:00.587+0000] {processor.py:208} INFO - Processing /opt/airflow/dags/1_HelloWorld_v2.py took 0.040 seconds
[2024-10-04T01:08:30.757+0000] {processor.py:186} INFO - Started process (PID=599) to work on /opt/airflow/dags/1_HelloWorld_v2.py
[2024-10-04T01:08:30.757+0000] {processor.py:914} INFO - Processing file /opt/airflow/dags/1_HelloWorld_v2.py for tasks to queue
[2024-10-04T01:08:30.758+0000] {logging_mixin.py:190} INFO - [2024-10-04T01:08:30.758+0000] {dagbag.py:588} INFO - Filling up the DagBag from /opt/airflow/dags/1_HelloWorld_v2.py
[2024-10-04T01:08:30.763+0000] {processor.py:925} INFO - DAG(s) 'HelloWorld_v2' retrieved from /opt/airflow/dags/1_HelloWorld_v2.py
[2024-10-04T01:08:30.772+0000] {logging_mixin.py:190} INFO - [2024-10-04T01:08:30.772+0000] {dag.py:3239} INFO - Sync 1 DAGs
[2024-10-04T01:08:30.782+0000] {logging_mixin.py:190} INFO - [2024-10-04T01:08:30.782+0000] {dag.py:4180} INFO - Setting next_dagrun for HelloWorld_v2 to 2023-08-15 10:37:00+00:00, run_after=2023-08-16 10:37:00+00:00
[2024-10-04T01:08:30.789+0000] {processor.py:208} INFO - Processing /opt/airflow/dags/1_HelloWorld_v2.py took 0.036 seconds
[2024-10-04T01:09:01.835+0000] {processor.py:186} INFO - Started process (PID=677) to work on /opt/airflow/dags/1_HelloWorld_v2.py
[2024-10-04T01:09:01.836+0000] {processor.py:914} INFO - Processing file /opt/airflow/dags/1_HelloWorld_v2.py for tasks to queue
[2024-10-04T01:09:01.837+0000] {logging_mixin.py:190} INFO - [2024-10-04T01:09:01.837+0000] {dagbag.py:588} INFO - Filling up the DagBag from /opt/airflow/dags/1_HelloWorld_v2.py
[2024-10-04T01:09:01.842+0000] {processor.py:925} INFO - DAG(s) 'HelloWorld_v2' retrieved from /opt/airflow/dags/1_HelloWorld_v2.py
[2024-10-04T01:09:01.851+0000] {logging_mixin.py:190} INFO - [2024-10-04T01:09:01.850+0000] {dag.py:3239} INFO - Sync 1 DAGs
[2024-10-04T01:09:01.860+0000] {logging_mixin.py:190} INFO - [2024-10-04T01:09:01.860+0000] {dag.py:4180} INFO - Setting next_dagrun for HelloWorld_v2 to 2023-08-15 10:37:00+00:00, run_after=2023-08-16 10:37:00+00:00
[2024-10-04T01:09:01.869+0000] {processor.py:208} INFO - Processing /opt/airflow/dags/1_HelloWorld_v2.py took 0.036 seconds
[2024-10-04T01:09:32.096+0000] {processor.py:186} INFO - Started process (PID=749) to work on /opt/airflow/dags/1_HelloWorld_v2.py
[2024-10-04T01:09:32.097+0000] {processor.py:914} INFO - Processing file /opt/airflow/dags/1_HelloWorld_v2.py for tasks to queue
[2024-10-04T01:09:32.098+0000] {logging_mixin.py:190} INFO - [2024-10-04T01:09:32.098+0000] {dagbag.py:588} INFO - Filling up the DagBag from /opt/airflow/dags/1_HelloWorld_v2.py
[2024-10-04T01:09:32.103+0000] {processor.py:925} INFO - DAG(s) 'HelloWorld_v2' retrieved from /opt/airflow/dags/1_HelloWorld_v2.py
[2024-10-04T01:09:32.113+0000] {logging_mixin.py:190} INFO - [2024-10-04T01:09:32.113+0000] {dag.py:3239} INFO - Sync 1 DAGs
[2024-10-04T01:09:32.124+0000] {logging_mixin.py:190} INFO - [2024-10-04T01:09:32.124+0000] {dag.py:4180} INFO - Setting next_dagrun for HelloWorld_v2 to 2023-08-15 10:37:00+00:00, run_after=2023-08-16 10:37:00+00:00
[2024-10-04T01:09:32.133+0000] {processor.py:208} INFO - Processing /opt/airflow/dags/1_HelloWorld_v2.py took 0.040 seconds
[2024-10-04T01:10:35.378+0000] {processor.py:186} INFO - Started process (PID=94) to work on /opt/airflow/dags/1_HelloWorld_v2.py
[2024-10-04T01:10:35.379+0000] {processor.py:914} INFO - Processing file /opt/airflow/dags/1_HelloWorld_v2.py for tasks to queue
[2024-10-04T01:10:35.381+0000] {logging_mixin.py:190} INFO - [2024-10-04T01:10:35.381+0000] {dagbag.py:588} INFO - Filling up the DagBag from /opt/airflow/dags/1_HelloWorld_v2.py
[2024-10-04T01:10:35.389+0000] {processor.py:925} INFO - DAG(s) 'HelloWorld_v2' retrieved from /opt/airflow/dags/1_HelloWorld_v2.py
[2024-10-04T01:10:35.405+0000] {logging_mixin.py:190} INFO - [2024-10-04T01:10:35.404+0000] {dag.py:3239} INFO - Sync 1 DAGs
[2024-10-04T01:10:35.433+0000] {logging_mixin.py:190} INFO - [2024-10-04T01:10:35.433+0000] {dag.py:4180} INFO - Setting next_dagrun for HelloWorld_v2 to 2023-08-15 10:37:00+00:00, run_after=2023-08-16 10:37:00+00:00
[2024-10-04T01:10:35.447+0000] {processor.py:208} INFO - Processing /opt/airflow/dags/1_HelloWorld_v2.py took 0.075 seconds
[2024-10-04T01:11:06.096+0000] {processor.py:186} INFO - Started process (PID=110) to work on /opt/airflow/dags/1_HelloWorld_v2.py
[2024-10-04T01:11:06.097+0000] {processor.py:914} INFO - Processing file /opt/airflow/dags/1_HelloWorld_v2.py for tasks to queue
[2024-10-04T01:11:06.098+0000] {logging_mixin.py:190} INFO - [2024-10-04T01:11:06.098+0000] {dagbag.py:588} INFO - Filling up the DagBag from /opt/airflow/dags/1_HelloWorld_v2.py
[2024-10-04T01:11:06.105+0000] {processor.py:925} INFO - DAG(s) 'HelloWorld_v2' retrieved from /opt/airflow/dags/1_HelloWorld_v2.py
[2024-10-04T01:11:06.116+0000] {logging_mixin.py:190} INFO - [2024-10-04T01:11:06.116+0000] {dag.py:3239} INFO - Sync 1 DAGs
[2024-10-04T01:11:06.126+0000] {logging_mixin.py:190} INFO - [2024-10-04T01:11:06.126+0000] {dag.py:4180} INFO - Setting next_dagrun for HelloWorld_v2 to 2023-08-15 10:37:00+00:00, run_after=2023-08-16 10:37:00+00:00
[2024-10-04T01:11:06.135+0000] {processor.py:208} INFO - Processing /opt/airflow/dags/1_HelloWorld_v2.py took 0.042 seconds
[2024-10-04T01:11:36.838+0000] {processor.py:186} INFO - Started process (PID=126) to work on /opt/airflow/dags/1_HelloWorld_v2.py
[2024-10-04T01:11:36.839+0000] {processor.py:914} INFO - Processing file /opt/airflow/dags/1_HelloWorld_v2.py for tasks to queue
[2024-10-04T01:11:36.840+0000] {logging_mixin.py:190} INFO - [2024-10-04T01:11:36.840+0000] {dagbag.py:588} INFO - Filling up the DagBag from /opt/airflow/dags/1_HelloWorld_v2.py
[2024-10-04T01:11:36.845+0000] {processor.py:925} INFO - DAG(s) 'HelloWorld_v2' retrieved from /opt/airflow/dags/1_HelloWorld_v2.py
[2024-10-04T01:11:36.856+0000] {logging_mixin.py:190} INFO - [2024-10-04T01:11:36.856+0000] {dag.py:3239} INFO - Sync 1 DAGs
[2024-10-04T01:11:36.866+0000] {logging_mixin.py:190} INFO - [2024-10-04T01:11:36.866+0000] {dag.py:4180} INFO - Setting next_dagrun for HelloWorld_v2 to 2023-08-15 10:37:00+00:00, run_after=2023-08-16 10:37:00+00:00
[2024-10-04T01:11:36.873+0000] {processor.py:208} INFO - Processing /opt/airflow/dags/1_HelloWorld_v2.py took 0.038 seconds
[2024-10-04T01:12:07.463+0000] {processor.py:186} INFO - Started process (PID=142) to work on /opt/airflow/dags/1_HelloWorld_v2.py
[2024-10-04T01:12:07.464+0000] {processor.py:914} INFO - Processing file /opt/airflow/dags/1_HelloWorld_v2.py for tasks to queue
[2024-10-04T01:12:07.465+0000] {logging_mixin.py:190} INFO - [2024-10-04T01:12:07.465+0000] {dagbag.py:588} INFO - Filling up the DagBag from /opt/airflow/dags/1_HelloWorld_v2.py
[2024-10-04T01:12:07.471+0000] {processor.py:925} INFO - DAG(s) 'HelloWorld_v2' retrieved from /opt/airflow/dags/1_HelloWorld_v2.py
[2024-10-04T01:12:07.483+0000] {logging_mixin.py:190} INFO - [2024-10-04T01:12:07.483+0000] {dag.py:3239} INFO - Sync 1 DAGs
[2024-10-04T01:12:07.494+0000] {logging_mixin.py:190} INFO - [2024-10-04T01:12:07.493+0000] {dag.py:4180} INFO - Setting next_dagrun for HelloWorld_v2 to 2023-08-15 10:37:00+00:00, run_after=2023-08-16 10:37:00+00:00
[2024-10-04T01:12:07.502+0000] {processor.py:208} INFO - Processing /opt/airflow/dags/1_HelloWorld_v2.py took 0.042 seconds
[2024-10-04T01:12:38.177+0000] {processor.py:186} INFO - Started process (PID=158) to work on /opt/airflow/dags/1_HelloWorld_v2.py
[2024-10-04T01:12:38.177+0000] {processor.py:914} INFO - Processing file /opt/airflow/dags/1_HelloWorld_v2.py for tasks to queue
[2024-10-04T01:12:38.178+0000] {logging_mixin.py:190} INFO - [2024-10-04T01:12:38.178+0000] {dagbag.py:588} INFO - Filling up the DagBag from /opt/airflow/dags/1_HelloWorld_v2.py
[2024-10-04T01:12:38.183+0000] {processor.py:925} INFO - DAG(s) 'HelloWorld_v2' retrieved from /opt/airflow/dags/1_HelloWorld_v2.py
[2024-10-04T01:12:38.194+0000] {logging_mixin.py:190} INFO - [2024-10-04T01:12:38.194+0000] {dag.py:3239} INFO - Sync 1 DAGs
[2024-10-04T01:12:38.205+0000] {logging_mixin.py:190} INFO - [2024-10-04T01:12:38.204+0000] {dag.py:4180} INFO - Setting next_dagrun for HelloWorld_v2 to 2023-08-15 10:37:00+00:00, run_after=2023-08-16 10:37:00+00:00
[2024-10-04T01:12:38.213+0000] {processor.py:208} INFO - Processing /opt/airflow/dags/1_HelloWorld_v2.py took 0.038 seconds
[2024-10-04T01:13:08.894+0000] {processor.py:186} INFO - Started process (PID=174) to work on /opt/airflow/dags/1_HelloWorld_v2.py
[2024-10-04T01:13:08.895+0000] {processor.py:914} INFO - Processing file /opt/airflow/dags/1_HelloWorld_v2.py for tasks to queue
[2024-10-04T01:13:08.896+0000] {logging_mixin.py:190} INFO - [2024-10-04T01:13:08.896+0000] {dagbag.py:588} INFO - Filling up the DagBag from /opt/airflow/dags/1_HelloWorld_v2.py
[2024-10-04T01:13:08.902+0000] {processor.py:925} INFO - DAG(s) 'HelloWorld_v2' retrieved from /opt/airflow/dags/1_HelloWorld_v2.py
[2024-10-04T01:13:08.914+0000] {logging_mixin.py:190} INFO - [2024-10-04T01:13:08.913+0000] {dag.py:3239} INFO - Sync 1 DAGs
[2024-10-04T01:13:08.924+0000] {logging_mixin.py:190} INFO - [2024-10-04T01:13:08.924+0000] {dag.py:4180} INFO - Setting next_dagrun for HelloWorld_v2 to 2023-08-15 10:37:00+00:00, run_after=2023-08-16 10:37:00+00:00
[2024-10-04T01:13:08.933+0000] {processor.py:208} INFO - Processing /opt/airflow/dags/1_HelloWorld_v2.py took 0.042 seconds
[2024-10-04T01:13:39.568+0000] {processor.py:186} INFO - Started process (PID=200) to work on /opt/airflow/dags/1_HelloWorld_v2.py
[2024-10-04T01:13:39.569+0000] {processor.py:914} INFO - Processing file /opt/airflow/dags/1_HelloWorld_v2.py for tasks to queue
[2024-10-04T01:13:39.570+0000] {logging_mixin.py:190} INFO - [2024-10-04T01:13:39.570+0000] {dagbag.py:588} INFO - Filling up the DagBag from /opt/airflow/dags/1_HelloWorld_v2.py
[2024-10-04T01:13:39.575+0000] {processor.py:925} INFO - DAG(s) 'HelloWorld_v2' retrieved from /opt/airflow/dags/1_HelloWorld_v2.py
[2024-10-04T01:13:39.587+0000] {logging_mixin.py:190} INFO - [2024-10-04T01:13:39.587+0000] {dag.py:3239} INFO - Sync 1 DAGs
[2024-10-04T01:13:39.597+0000] {logging_mixin.py:190} INFO - [2024-10-04T01:13:39.596+0000] {dag.py:4180} INFO - Setting next_dagrun for HelloWorld_v2 to 2023-08-15 10:37:00+00:00, run_after=2023-08-16 10:37:00+00:00
[2024-10-04T01:13:39.606+0000] {processor.py:208} INFO - Processing /opt/airflow/dags/1_HelloWorld_v2.py took 0.041 seconds
[2024-10-04T01:14:10.343+0000] {processor.py:186} INFO - Started process (PID=216) to work on /opt/airflow/dags/1_HelloWorld_v2.py
[2024-10-04T01:14:10.344+0000] {processor.py:914} INFO - Processing file /opt/airflow/dags/1_HelloWorld_v2.py for tasks to queue
[2024-10-04T01:14:10.345+0000] {logging_mixin.py:190} INFO - [2024-10-04T01:14:10.345+0000] {dagbag.py:588} INFO - Filling up the DagBag from /opt/airflow/dags/1_HelloWorld_v2.py
[2024-10-04T01:14:10.350+0000] {processor.py:925} INFO - DAG(s) 'HelloWorld_v2' retrieved from /opt/airflow/dags/1_HelloWorld_v2.py
[2024-10-04T01:14:10.361+0000] {logging_mixin.py:190} INFO - [2024-10-04T01:14:10.361+0000] {dag.py:3239} INFO - Sync 1 DAGs
[2024-10-04T01:14:10.373+0000] {logging_mixin.py:190} INFO - [2024-10-04T01:14:10.373+0000] {dag.py:4180} INFO - Setting next_dagrun for HelloWorld_v2 to 2023-08-15 10:37:00+00:00, run_after=2023-08-16 10:37:00+00:00
[2024-10-04T01:14:10.383+0000] {processor.py:208} INFO - Processing /opt/airflow/dags/1_HelloWorld_v2.py took 0.043 seconds
[2024-10-04T01:14:41.203+0000] {processor.py:186} INFO - Started process (PID=233) to work on /opt/airflow/dags/1_HelloWorld_v2.py
[2024-10-04T01:14:41.204+0000] {processor.py:914} INFO - Processing file /opt/airflow/dags/1_HelloWorld_v2.py for tasks to queue
[2024-10-04T01:14:41.205+0000] {logging_mixin.py:190} INFO - [2024-10-04T01:14:41.205+0000] {dagbag.py:588} INFO - Filling up the DagBag from /opt/airflow/dags/1_HelloWorld_v2.py
[2024-10-04T01:14:41.210+0000] {processor.py:925} INFO - DAG(s) 'HelloWorld_v2' retrieved from /opt/airflow/dags/1_HelloWorld_v2.py
[2024-10-04T01:14:41.221+0000] {logging_mixin.py:190} INFO - [2024-10-04T01:14:41.221+0000] {dag.py:3239} INFO - Sync 1 DAGs
[2024-10-04T01:14:41.231+0000] {logging_mixin.py:190} INFO - [2024-10-04T01:14:41.231+0000] {dag.py:4180} INFO - Setting next_dagrun for HelloWorld_v2 to 2023-08-15 10:37:00+00:00, run_after=2023-08-16 10:37:00+00:00
[2024-10-04T01:14:41.244+0000] {processor.py:208} INFO - Processing /opt/airflow/dags/1_HelloWorld_v2.py took 0.045 seconds
[2024-10-04T01:15:11.965+0000] {processor.py:186} INFO - Started process (PID=249) to work on /opt/airflow/dags/1_HelloWorld_v2.py
[2024-10-04T01:15:11.966+0000] {processor.py:914} INFO - Processing file /opt/airflow/dags/1_HelloWorld_v2.py for tasks to queue
[2024-10-04T01:15:11.968+0000] {logging_mixin.py:190} INFO - [2024-10-04T01:15:11.967+0000] {dagbag.py:588} INFO - Filling up the DagBag from /opt/airflow/dags/1_HelloWorld_v2.py
[2024-10-04T01:15:11.974+0000] {processor.py:925} INFO - DAG(s) 'HelloWorld_v2' retrieved from /opt/airflow/dags/1_HelloWorld_v2.py
[2024-10-04T01:15:11.985+0000] {logging_mixin.py:190} INFO - [2024-10-04T01:15:11.985+0000] {dag.py:3239} INFO - Sync 1 DAGs
[2024-10-04T01:15:11.997+0000] {logging_mixin.py:190} INFO - [2024-10-04T01:15:11.996+0000] {dag.py:4180} INFO - Setting next_dagrun for HelloWorld_v2 to 2023-08-15 10:37:00+00:00, run_after=2023-08-16 10:37:00+00:00
[2024-10-04T01:15:12.005+0000] {processor.py:208} INFO - Processing /opt/airflow/dags/1_HelloWorld_v2.py took 0.043 seconds
[2024-10-04T01:15:42.722+0000] {processor.py:186} INFO - Started process (PID=265) to work on /opt/airflow/dags/1_HelloWorld_v2.py
[2024-10-04T01:15:42.723+0000] {processor.py:914} INFO - Processing file /opt/airflow/dags/1_HelloWorld_v2.py for tasks to queue
[2024-10-04T01:15:42.724+0000] {logging_mixin.py:190} INFO - [2024-10-04T01:15:42.724+0000] {dagbag.py:588} INFO - Filling up the DagBag from /opt/airflow/dags/1_HelloWorld_v2.py
[2024-10-04T01:15:42.730+0000] {processor.py:925} INFO - DAG(s) 'HelloWorld_v2' retrieved from /opt/airflow/dags/1_HelloWorld_v2.py
[2024-10-04T01:15:42.741+0000] {logging_mixin.py:190} INFO - [2024-10-04T01:15:42.741+0000] {dag.py:3239} INFO - Sync 1 DAGs
[2024-10-04T01:15:42.752+0000] {logging_mixin.py:190} INFO - [2024-10-04T01:15:42.752+0000] {dag.py:4180} INFO - Setting next_dagrun for HelloWorld_v2 to 2023-08-15 10:37:00+00:00, run_after=2023-08-16 10:37:00+00:00
[2024-10-04T01:15:42.762+0000] {processor.py:208} INFO - Processing /opt/airflow/dags/1_HelloWorld_v2.py took 0.043 seconds
[2024-10-04T01:16:13.358+0000] {processor.py:186} INFO - Started process (PID=281) to work on /opt/airflow/dags/1_HelloWorld_v2.py
[2024-10-04T01:16:13.359+0000] {processor.py:914} INFO - Processing file /opt/airflow/dags/1_HelloWorld_v2.py for tasks to queue
[2024-10-04T01:16:13.360+0000] {logging_mixin.py:190} INFO - [2024-10-04T01:16:13.360+0000] {dagbag.py:588} INFO - Filling up the DagBag from /opt/airflow/dags/1_HelloWorld_v2.py
[2024-10-04T01:16:13.366+0000] {processor.py:925} INFO - DAG(s) 'HelloWorld_v2' retrieved from /opt/airflow/dags/1_HelloWorld_v2.py
[2024-10-04T01:16:13.378+0000] {logging_mixin.py:190} INFO - [2024-10-04T01:16:13.378+0000] {dag.py:3239} INFO - Sync 1 DAGs
[2024-10-04T01:16:13.390+0000] {logging_mixin.py:190} INFO - [2024-10-04T01:16:13.390+0000] {dag.py:4180} INFO - Setting next_dagrun for HelloWorld_v2 to 2023-08-15 10:37:00+00:00, run_after=2023-08-16 10:37:00+00:00
[2024-10-04T01:16:13.399+0000] {processor.py:208} INFO - Processing /opt/airflow/dags/1_HelloWorld_v2.py took 0.046 seconds
[2024-10-04T01:16:44.040+0000] {processor.py:186} INFO - Started process (PID=297) to work on /opt/airflow/dags/1_HelloWorld_v2.py
[2024-10-04T01:16:44.041+0000] {processor.py:914} INFO - Processing file /opt/airflow/dags/1_HelloWorld_v2.py for tasks to queue
[2024-10-04T01:16:44.042+0000] {logging_mixin.py:190} INFO - [2024-10-04T01:16:44.042+0000] {dagbag.py:588} INFO - Filling up the DagBag from /opt/airflow/dags/1_HelloWorld_v2.py
[2024-10-04T01:16:44.048+0000] {processor.py:925} INFO - DAG(s) 'HelloWorld_v2' retrieved from /opt/airflow/dags/1_HelloWorld_v2.py
[2024-10-04T01:16:44.060+0000] {logging_mixin.py:190} INFO - [2024-10-04T01:16:44.060+0000] {dag.py:3239} INFO - Sync 1 DAGs
[2024-10-04T01:16:44.071+0000] {logging_mixin.py:190} INFO - [2024-10-04T01:16:44.071+0000] {dag.py:4180} INFO - Setting next_dagrun for HelloWorld_v2 to 2023-08-15 10:37:00+00:00, run_after=2023-08-16 10:37:00+00:00
[2024-10-04T01:16:44.081+0000] {processor.py:208} INFO - Processing /opt/airflow/dags/1_HelloWorld_v2.py took 0.044 seconds
[2024-10-04T01:17:14.757+0000] {processor.py:186} INFO - Started process (PID=313) to work on /opt/airflow/dags/1_HelloWorld_v2.py
[2024-10-04T01:17:14.757+0000] {processor.py:914} INFO - Processing file /opt/airflow/dags/1_HelloWorld_v2.py for tasks to queue
[2024-10-04T01:17:14.759+0000] {logging_mixin.py:190} INFO - [2024-10-04T01:17:14.758+0000] {dagbag.py:588} INFO - Filling up the DagBag from /opt/airflow/dags/1_HelloWorld_v2.py
[2024-10-04T01:17:14.764+0000] {processor.py:925} INFO - DAG(s) 'HelloWorld_v2' retrieved from /opt/airflow/dags/1_HelloWorld_v2.py
[2024-10-04T01:17:14.775+0000] {logging_mixin.py:190} INFO - [2024-10-04T01:17:14.775+0000] {dag.py:3239} INFO - Sync 1 DAGs
[2024-10-04T01:17:14.786+0000] {logging_mixin.py:190} INFO - [2024-10-04T01:17:14.786+0000] {dag.py:4180} INFO - Setting next_dagrun for HelloWorld_v2 to 2023-08-15 10:37:00+00:00, run_after=2023-08-16 10:37:00+00:00
[2024-10-04T01:17:14.795+0000] {processor.py:208} INFO - Processing /opt/airflow/dags/1_HelloWorld_v2.py took 0.042 seconds
[2024-10-04T01:17:45.487+0000] {processor.py:186} INFO - Started process (PID=329) to work on /opt/airflow/dags/1_HelloWorld_v2.py
[2024-10-04T01:17:45.487+0000] {processor.py:914} INFO - Processing file /opt/airflow/dags/1_HelloWorld_v2.py for tasks to queue
[2024-10-04T01:17:45.488+0000] {logging_mixin.py:190} INFO - [2024-10-04T01:17:45.488+0000] {dagbag.py:588} INFO - Filling up the DagBag from /opt/airflow/dags/1_HelloWorld_v2.py
[2024-10-04T01:17:45.493+0000] {processor.py:925} INFO - DAG(s) 'HelloWorld_v2' retrieved from /opt/airflow/dags/1_HelloWorld_v2.py
[2024-10-04T01:17:45.504+0000] {logging_mixin.py:190} INFO - [2024-10-04T01:17:45.504+0000] {dag.py:3239} INFO - Sync 1 DAGs
[2024-10-04T01:17:45.513+0000] {logging_mixin.py:190} INFO - [2024-10-04T01:17:45.513+0000] {dag.py:4180} INFO - Setting next_dagrun for HelloWorld_v2 to 2023-08-15 10:37:00+00:00, run_after=2023-08-16 10:37:00+00:00
[2024-10-04T01:17:45.521+0000] {processor.py:208} INFO - Processing /opt/airflow/dags/1_HelloWorld_v2.py took 0.038 seconds
[2024-10-04T01:18:16.230+0000] {processor.py:186} INFO - Started process (PID=345) to work on /opt/airflow/dags/1_HelloWorld_v2.py
[2024-10-04T01:18:16.230+0000] {processor.py:914} INFO - Processing file /opt/airflow/dags/1_HelloWorld_v2.py for tasks to queue
[2024-10-04T01:18:16.231+0000] {logging_mixin.py:190} INFO - [2024-10-04T01:18:16.231+0000] {dagbag.py:588} INFO - Filling up the DagBag from /opt/airflow/dags/1_HelloWorld_v2.py
[2024-10-04T01:18:16.236+0000] {processor.py:925} INFO - DAG(s) 'HelloWorld_v2' retrieved from /opt/airflow/dags/1_HelloWorld_v2.py
[2024-10-04T01:18:16.247+0000] {logging_mixin.py:190} INFO - [2024-10-04T01:18:16.247+0000] {dag.py:3239} INFO - Sync 1 DAGs
[2024-10-04T01:18:16.257+0000] {logging_mixin.py:190} INFO - [2024-10-04T01:18:16.257+0000] {dag.py:4180} INFO - Setting next_dagrun for HelloWorld_v2 to 2023-08-15 10:37:00+00:00, run_after=2023-08-16 10:37:00+00:00
[2024-10-04T01:18:16.265+0000] {processor.py:208} INFO - Processing /opt/airflow/dags/1_HelloWorld_v2.py took 0.039 seconds
[2024-10-04T01:18:46.883+0000] {processor.py:186} INFO - Started process (PID=361) to work on /opt/airflow/dags/1_HelloWorld_v2.py
[2024-10-04T01:18:46.884+0000] {processor.py:914} INFO - Processing file /opt/airflow/dags/1_HelloWorld_v2.py for tasks to queue
[2024-10-04T01:18:46.885+0000] {logging_mixin.py:190} INFO - [2024-10-04T01:18:46.885+0000] {dagbag.py:588} INFO - Filling up the DagBag from /opt/airflow/dags/1_HelloWorld_v2.py
[2024-10-04T01:18:46.889+0000] {processor.py:925} INFO - DAG(s) 'HelloWorld_v2' retrieved from /opt/airflow/dags/1_HelloWorld_v2.py
[2024-10-04T01:18:46.900+0000] {logging_mixin.py:190} INFO - [2024-10-04T01:18:46.900+0000] {dag.py:3239} INFO - Sync 1 DAGs
[2024-10-04T01:18:46.911+0000] {logging_mixin.py:190} INFO - [2024-10-04T01:18:46.910+0000] {dag.py:4180} INFO - Setting next_dagrun for HelloWorld_v2 to 2023-08-15 10:37:00+00:00, run_after=2023-08-16 10:37:00+00:00
[2024-10-04T01:18:46.919+0000] {processor.py:208} INFO - Processing /opt/airflow/dags/1_HelloWorld_v2.py took 0.039 seconds
[2024-10-04T01:19:17.510+0000] {processor.py:186} INFO - Started process (PID=377) to work on /opt/airflow/dags/1_HelloWorld_v2.py
[2024-10-04T01:19:17.511+0000] {processor.py:914} INFO - Processing file /opt/airflow/dags/1_HelloWorld_v2.py for tasks to queue
[2024-10-04T01:19:17.512+0000] {logging_mixin.py:190} INFO - [2024-10-04T01:19:17.512+0000] {dagbag.py:588} INFO - Filling up the DagBag from /opt/airflow/dags/1_HelloWorld_v2.py
[2024-10-04T01:19:17.517+0000] {processor.py:925} INFO - DAG(s) 'HelloWorld_v2' retrieved from /opt/airflow/dags/1_HelloWorld_v2.py
[2024-10-04T01:19:17.528+0000] {logging_mixin.py:190} INFO - [2024-10-04T01:19:17.528+0000] {dag.py:3239} INFO - Sync 1 DAGs
[2024-10-04T01:19:17.540+0000] {logging_mixin.py:190} INFO - [2024-10-04T01:19:17.540+0000] {dag.py:4180} INFO - Setting next_dagrun for HelloWorld_v2 to 2023-08-15 10:37:00+00:00, run_after=2023-08-16 10:37:00+00:00
[2024-10-04T01:19:17.549+0000] {processor.py:208} INFO - Processing /opt/airflow/dags/1_HelloWorld_v2.py took 0.042 seconds
[2024-10-04T01:19:48.064+0000] {processor.py:186} INFO - Started process (PID=509) to work on /opt/airflow/dags/1_HelloWorld_v2.py
[2024-10-04T01:19:48.064+0000] {processor.py:914} INFO - Processing file /opt/airflow/dags/1_HelloWorld_v2.py for tasks to queue
[2024-10-04T01:19:48.065+0000] {logging_mixin.py:190} INFO - [2024-10-04T01:19:48.065+0000] {dagbag.py:588} INFO - Filling up the DagBag from /opt/airflow/dags/1_HelloWorld_v2.py
[2024-10-04T01:19:48.070+0000] {processor.py:925} INFO - DAG(s) 'HelloWorld_v2' retrieved from /opt/airflow/dags/1_HelloWorld_v2.py
[2024-10-04T01:19:48.081+0000] {logging_mixin.py:190} INFO - [2024-10-04T01:19:48.081+0000] {dag.py:3239} INFO - Sync 1 DAGs
[2024-10-04T01:19:48.090+0000] {logging_mixin.py:190} INFO - [2024-10-04T01:19:48.090+0000] {dag.py:4180} INFO - Setting next_dagrun for HelloWorld_v2 to 2023-10-01 10:37:00+00:00, run_after=2023-10-02 10:37:00+00:00
[2024-10-04T01:19:48.098+0000] {processor.py:208} INFO - Processing /opt/airflow/dags/1_HelloWorld_v2.py took 0.037 seconds
[2024-10-04T01:20:18.688+0000] {processor.py:186} INFO - Started process (PID=663) to work on /opt/airflow/dags/1_HelloWorld_v2.py
[2024-10-04T01:20:18.688+0000] {processor.py:914} INFO - Processing file /opt/airflow/dags/1_HelloWorld_v2.py for tasks to queue
[2024-10-04T01:20:18.689+0000] {logging_mixin.py:190} INFO - [2024-10-04T01:20:18.689+0000] {dagbag.py:588} INFO - Filling up the DagBag from /opt/airflow/dags/1_HelloWorld_v2.py
[2024-10-04T01:20:18.695+0000] {processor.py:925} INFO - DAG(s) 'HelloWorld_v2' retrieved from /opt/airflow/dags/1_HelloWorld_v2.py
[2024-10-04T01:20:18.706+0000] {logging_mixin.py:190} INFO - [2024-10-04T01:20:18.705+0000] {dag.py:3239} INFO - Sync 1 DAGs
[2024-10-04T01:20:18.715+0000] {logging_mixin.py:190} INFO - [2024-10-04T01:20:18.715+0000] {dag.py:4180} INFO - Setting next_dagrun for HelloWorld_v2 to 2023-12-06 10:37:00+00:00, run_after=2023-12-07 10:37:00+00:00
[2024-10-04T01:20:18.723+0000] {processor.py:208} INFO - Processing /opt/airflow/dags/1_HelloWorld_v2.py took 0.039 seconds
[2024-10-04T01:20:49.298+0000] {processor.py:186} INFO - Started process (PID=835) to work on /opt/airflow/dags/1_HelloWorld_v2.py
[2024-10-04T01:20:49.299+0000] {processor.py:914} INFO - Processing file /opt/airflow/dags/1_HelloWorld_v2.py for tasks to queue
[2024-10-04T01:20:49.300+0000] {logging_mixin.py:190} INFO - [2024-10-04T01:20:49.300+0000] {dagbag.py:588} INFO - Filling up the DagBag from /opt/airflow/dags/1_HelloWorld_v2.py
[2024-10-04T01:20:49.306+0000] {processor.py:925} INFO - DAG(s) 'HelloWorld_v2' retrieved from /opt/airflow/dags/1_HelloWorld_v2.py
[2024-10-04T01:20:49.319+0000] {logging_mixin.py:190} INFO - [2024-10-04T01:20:49.319+0000] {dag.py:3239} INFO - Sync 1 DAGs
[2024-10-04T01:20:49.332+0000] {logging_mixin.py:190} INFO - [2024-10-04T01:20:49.332+0000] {dag.py:4180} INFO - Setting next_dagrun for HelloWorld_v2 to 2024-02-10 10:37:00+00:00, run_after=2024-02-11 10:37:00+00:00
[2024-10-04T01:20:49.344+0000] {processor.py:208} INFO - Processing /opt/airflow/dags/1_HelloWorld_v2.py took 0.049 seconds
[2024-10-04T01:21:19.940+0000] {processor.py:186} INFO - Started process (PID=959) to work on /opt/airflow/dags/1_HelloWorld_v2.py
[2024-10-04T01:21:19.941+0000] {processor.py:914} INFO - Processing file /opt/airflow/dags/1_HelloWorld_v2.py for tasks to queue
[2024-10-04T01:21:19.942+0000] {logging_mixin.py:190} INFO - [2024-10-04T01:21:19.942+0000] {dagbag.py:588} INFO - Filling up the DagBag from /opt/airflow/dags/1_HelloWorld_v2.py
[2024-10-04T01:21:19.948+0000] {processor.py:925} INFO - DAG(s) 'HelloWorld_v2' retrieved from /opt/airflow/dags/1_HelloWorld_v2.py
[2024-10-04T01:21:19.960+0000] {logging_mixin.py:190} INFO - [2024-10-04T01:21:19.959+0000] {dag.py:3239} INFO - Sync 1 DAGs
[2024-10-04T01:21:19.970+0000] {logging_mixin.py:190} INFO - [2024-10-04T01:21:19.970+0000] {dag.py:4180} INFO - Setting next_dagrun for HelloWorld_v2 to 2024-03-31 10:37:00+00:00, run_after=2024-04-01 10:37:00+00:00
[2024-10-04T01:21:19.979+0000] {processor.py:208} INFO - Processing /opt/airflow/dags/1_HelloWorld_v2.py took 0.042 seconds
[2024-10-04T01:21:50.650+0000] {processor.py:186} INFO - Started process (PID=975) to work on /opt/airflow/dags/1_HelloWorld_v2.py
[2024-10-04T01:21:50.651+0000] {processor.py:914} INFO - Processing file /opt/airflow/dags/1_HelloWorld_v2.py for tasks to queue
[2024-10-04T01:21:50.652+0000] {logging_mixin.py:190} INFO - [2024-10-04T01:21:50.652+0000] {dagbag.py:588} INFO - Filling up the DagBag from /opt/airflow/dags/1_HelloWorld_v2.py
[2024-10-04T01:21:50.657+0000] {processor.py:925} INFO - DAG(s) 'HelloWorld_v2' retrieved from /opt/airflow/dags/1_HelloWorld_v2.py
[2024-10-04T01:21:50.669+0000] {logging_mixin.py:190} INFO - [2024-10-04T01:21:50.668+0000] {dag.py:3239} INFO - Sync 1 DAGs
[2024-10-04T01:21:50.680+0000] {logging_mixin.py:190} INFO - [2024-10-04T01:21:50.680+0000] {dag.py:4180} INFO - Setting next_dagrun for HelloWorld_v2 to 2024-03-31 10:37:00+00:00, run_after=2024-04-01 10:37:00+00:00
[2024-10-04T01:21:50.693+0000] {processor.py:208} INFO - Processing /opt/airflow/dags/1_HelloWorld_v2.py took 0.046 seconds
[2024-10-04T01:22:21.326+0000] {processor.py:186} INFO - Started process (PID=991) to work on /opt/airflow/dags/1_HelloWorld_v2.py
[2024-10-04T01:22:21.326+0000] {processor.py:914} INFO - Processing file /opt/airflow/dags/1_HelloWorld_v2.py for tasks to queue
[2024-10-04T01:22:21.327+0000] {logging_mixin.py:190} INFO - [2024-10-04T01:22:21.327+0000] {dagbag.py:588} INFO - Filling up the DagBag from /opt/airflow/dags/1_HelloWorld_v2.py
[2024-10-04T01:22:21.332+0000] {processor.py:925} INFO - DAG(s) 'HelloWorld_v2' retrieved from /opt/airflow/dags/1_HelloWorld_v2.py
[2024-10-04T01:22:21.342+0000] {logging_mixin.py:190} INFO - [2024-10-04T01:22:21.342+0000] {dag.py:3239} INFO - Sync 1 DAGs
[2024-10-04T01:22:21.352+0000] {logging_mixin.py:190} INFO - [2024-10-04T01:22:21.351+0000] {dag.py:4180} INFO - Setting next_dagrun for HelloWorld_v2 to 2024-03-31 10:37:00+00:00, run_after=2024-04-01 10:37:00+00:00
[2024-10-04T01:22:21.359+0000] {processor.py:208} INFO - Processing /opt/airflow/dags/1_HelloWorld_v2.py took 0.036 seconds
[2024-10-04T01:22:51.981+0000] {processor.py:186} INFO - Started process (PID=1007) to work on /opt/airflow/dags/1_HelloWorld_v2.py
[2024-10-04T01:22:51.982+0000] {processor.py:914} INFO - Processing file /opt/airflow/dags/1_HelloWorld_v2.py for tasks to queue
[2024-10-04T01:22:51.983+0000] {logging_mixin.py:190} INFO - [2024-10-04T01:22:51.983+0000] {dagbag.py:588} INFO - Filling up the DagBag from /opt/airflow/dags/1_HelloWorld_v2.py
[2024-10-04T01:22:51.988+0000] {processor.py:925} INFO - DAG(s) 'HelloWorld_v2' retrieved from /opt/airflow/dags/1_HelloWorld_v2.py
[2024-10-04T01:22:51.999+0000] {logging_mixin.py:190} INFO - [2024-10-04T01:22:51.999+0000] {dag.py:3239} INFO - Sync 1 DAGs
[2024-10-04T01:22:52.010+0000] {logging_mixin.py:190} INFO - [2024-10-04T01:22:52.010+0000] {dag.py:4180} INFO - Setting next_dagrun for HelloWorld_v2 to 2024-03-31 10:37:00+00:00, run_after=2024-04-01 10:37:00+00:00
[2024-10-04T01:22:52.019+0000] {processor.py:208} INFO - Processing /opt/airflow/dags/1_HelloWorld_v2.py took 0.041 seconds
[2024-10-04T01:23:22.690+0000] {processor.py:186} INFO - Started process (PID=1023) to work on /opt/airflow/dags/1_HelloWorld_v2.py
[2024-10-04T01:23:22.691+0000] {processor.py:914} INFO - Processing file /opt/airflow/dags/1_HelloWorld_v2.py for tasks to queue
[2024-10-04T01:23:22.692+0000] {logging_mixin.py:190} INFO - [2024-10-04T01:23:22.692+0000] {dagbag.py:588} INFO - Filling up the DagBag from /opt/airflow/dags/1_HelloWorld_v2.py
[2024-10-04T01:23:22.698+0000] {processor.py:925} INFO - DAG(s) 'HelloWorld_v2' retrieved from /opt/airflow/dags/1_HelloWorld_v2.py
[2024-10-04T01:23:22.709+0000] {logging_mixin.py:190} INFO - [2024-10-04T01:23:22.709+0000] {dag.py:3239} INFO - Sync 1 DAGs
[2024-10-04T01:23:22.719+0000] {logging_mixin.py:190} INFO - [2024-10-04T01:23:22.719+0000] {dag.py:4180} INFO - Setting next_dagrun for HelloWorld_v2 to 2024-03-31 10:37:00+00:00, run_after=2024-04-01 10:37:00+00:00
[2024-10-04T01:23:22.727+0000] {processor.py:208} INFO - Processing /opt/airflow/dags/1_HelloWorld_v2.py took 0.040 seconds
[2024-10-04T01:23:53.413+0000] {processor.py:186} INFO - Started process (PID=1039) to work on /opt/airflow/dags/1_HelloWorld_v2.py
[2024-10-04T01:23:53.413+0000] {processor.py:914} INFO - Processing file /opt/airflow/dags/1_HelloWorld_v2.py for tasks to queue
[2024-10-04T01:23:53.414+0000] {logging_mixin.py:190} INFO - [2024-10-04T01:23:53.414+0000] {dagbag.py:588} INFO - Filling up the DagBag from /opt/airflow/dags/1_HelloWorld_v2.py
[2024-10-04T01:23:53.419+0000] {processor.py:925} INFO - DAG(s) 'HelloWorld_v2' retrieved from /opt/airflow/dags/1_HelloWorld_v2.py
[2024-10-04T01:23:53.430+0000] {logging_mixin.py:190} INFO - [2024-10-04T01:23:53.430+0000] {dag.py:3239} INFO - Sync 1 DAGs
[2024-10-04T01:23:53.441+0000] {logging_mixin.py:190} INFO - [2024-10-04T01:23:53.441+0000] {dag.py:4180} INFO - Setting next_dagrun for HelloWorld_v2 to 2024-03-31 10:37:00+00:00, run_after=2024-04-01 10:37:00+00:00
[2024-10-04T01:23:53.453+0000] {processor.py:208} INFO - Processing /opt/airflow/dags/1_HelloWorld_v2.py took 0.044 seconds
[2024-10-04T01:24:24.111+0000] {processor.py:186} INFO - Started process (PID=1055) to work on /opt/airflow/dags/1_HelloWorld_v2.py
[2024-10-04T01:24:24.111+0000] {processor.py:914} INFO - Processing file /opt/airflow/dags/1_HelloWorld_v2.py for tasks to queue
[2024-10-04T01:24:24.112+0000] {logging_mixin.py:190} INFO - [2024-10-04T01:24:24.112+0000] {dagbag.py:588} INFO - Filling up the DagBag from /opt/airflow/dags/1_HelloWorld_v2.py
[2024-10-04T01:24:24.118+0000] {processor.py:925} INFO - DAG(s) 'HelloWorld_v2' retrieved from /opt/airflow/dags/1_HelloWorld_v2.py
[2024-10-04T01:24:24.129+0000] {logging_mixin.py:190} INFO - [2024-10-04T01:24:24.129+0000] {dag.py:3239} INFO - Sync 1 DAGs
[2024-10-04T01:24:24.139+0000] {logging_mixin.py:190} INFO - [2024-10-04T01:24:24.139+0000] {dag.py:4180} INFO - Setting next_dagrun for HelloWorld_v2 to 2024-03-31 10:37:00+00:00, run_after=2024-04-01 10:37:00+00:00
[2024-10-04T01:24:24.147+0000] {processor.py:208} INFO - Processing /opt/airflow/dags/1_HelloWorld_v2.py took 0.040 seconds
[2024-10-04T01:24:54.748+0000] {processor.py:186} INFO - Started process (PID=1072) to work on /opt/airflow/dags/1_HelloWorld_v2.py
[2024-10-04T01:24:54.749+0000] {processor.py:914} INFO - Processing file /opt/airflow/dags/1_HelloWorld_v2.py for tasks to queue
[2024-10-04T01:24:54.750+0000] {logging_mixin.py:190} INFO - [2024-10-04T01:24:54.750+0000] {dagbag.py:588} INFO - Filling up the DagBag from /opt/airflow/dags/1_HelloWorld_v2.py
[2024-10-04T01:24:54.755+0000] {processor.py:925} INFO - DAG(s) 'HelloWorld_v2' retrieved from /opt/airflow/dags/1_HelloWorld_v2.py
[2024-10-04T01:24:54.766+0000] {logging_mixin.py:190} INFO - [2024-10-04T01:24:54.766+0000] {dag.py:3239} INFO - Sync 1 DAGs
[2024-10-04T01:24:54.776+0000] {logging_mixin.py:190} INFO - [2024-10-04T01:24:54.776+0000] {dag.py:4180} INFO - Setting next_dagrun for HelloWorld_v2 to 2024-03-31 10:37:00+00:00, run_after=2024-04-01 10:37:00+00:00
[2024-10-04T01:24:54.784+0000] {processor.py:208} INFO - Processing /opt/airflow/dags/1_HelloWorld_v2.py took 0.038 seconds
[2024-10-04T01:29:40.698+0000] {processor.py:186} INFO - Started process (PID=95) to work on /opt/airflow/dags/1_HelloWorld_v2.py
[2024-10-04T01:29:40.699+0000] {processor.py:914} INFO - Processing file /opt/airflow/dags/1_HelloWorld_v2.py for tasks to queue
[2024-10-04T01:29:40.700+0000] {logging_mixin.py:190} INFO - [2024-10-04T01:29:40.700+0000] {dagbag.py:588} INFO - Filling up the DagBag from /opt/airflow/dags/1_HelloWorld_v2.py
[2024-10-04T01:29:40.706+0000] {processor.py:925} INFO - DAG(s) 'HelloWorld_v2' retrieved from /opt/airflow/dags/1_HelloWorld_v2.py
[2024-10-04T01:29:40.722+0000] {logging_mixin.py:190} INFO - [2024-10-04T01:29:40.722+0000] {dag.py:3239} INFO - Sync 1 DAGs
[2024-10-04T01:29:40.738+0000] {logging_mixin.py:190} INFO - [2024-10-04T01:29:40.738+0000] {dag.py:4180} INFO - Setting next_dagrun for HelloWorld_v2 to 2024-03-31 10:37:00+00:00, run_after=2024-04-01 10:37:00+00:00
[2024-10-04T01:29:40.752+0000] {processor.py:208} INFO - Processing /opt/airflow/dags/1_HelloWorld_v2.py took 0.057 seconds
[2024-10-04T01:30:11.532+0000] {processor.py:186} INFO - Started process (PID=111) to work on /opt/airflow/dags/1_HelloWorld_v2.py
[2024-10-04T01:30:11.532+0000] {processor.py:914} INFO - Processing file /opt/airflow/dags/1_HelloWorld_v2.py for tasks to queue
[2024-10-04T01:30:11.534+0000] {logging_mixin.py:190} INFO - [2024-10-04T01:30:11.534+0000] {dagbag.py:588} INFO - Filling up the DagBag from /opt/airflow/dags/1_HelloWorld_v2.py
[2024-10-04T01:30:11.540+0000] {processor.py:925} INFO - DAG(s) 'HelloWorld_v2' retrieved from /opt/airflow/dags/1_HelloWorld_v2.py
[2024-10-04T01:30:11.551+0000] {logging_mixin.py:190} INFO - [2024-10-04T01:30:11.551+0000] {dag.py:3239} INFO - Sync 1 DAGs
[2024-10-04T01:30:11.562+0000] {logging_mixin.py:190} INFO - [2024-10-04T01:30:11.562+0000] {dag.py:4180} INFO - Setting next_dagrun for HelloWorld_v2 to 2024-03-31 10:37:00+00:00, run_after=2024-04-01 10:37:00+00:00
[2024-10-04T01:30:11.572+0000] {processor.py:208} INFO - Processing /opt/airflow/dags/1_HelloWorld_v2.py took 0.044 seconds
[2024-10-04T01:30:42.254+0000] {processor.py:186} INFO - Started process (PID=127) to work on /opt/airflow/dags/1_HelloWorld_v2.py
[2024-10-04T01:30:42.254+0000] {processor.py:914} INFO - Processing file /opt/airflow/dags/1_HelloWorld_v2.py for tasks to queue
[2024-10-04T01:30:42.255+0000] {logging_mixin.py:190} INFO - [2024-10-04T01:30:42.255+0000] {dagbag.py:588} INFO - Filling up the DagBag from /opt/airflow/dags/1_HelloWorld_v2.py
[2024-10-04T01:30:42.260+0000] {processor.py:925} INFO - DAG(s) 'HelloWorld_v2' retrieved from /opt/airflow/dags/1_HelloWorld_v2.py
[2024-10-04T01:30:42.270+0000] {logging_mixin.py:190} INFO - [2024-10-04T01:30:42.270+0000] {dag.py:3239} INFO - Sync 1 DAGs
[2024-10-04T01:30:42.280+0000] {logging_mixin.py:190} INFO - [2024-10-04T01:30:42.280+0000] {dag.py:4180} INFO - Setting next_dagrun for HelloWorld_v2 to 2024-03-31 10:37:00+00:00, run_after=2024-04-01 10:37:00+00:00
[2024-10-04T01:30:42.291+0000] {processor.py:208} INFO - Processing /opt/airflow/dags/1_HelloWorld_v2.py took 0.040 seconds
[2024-10-04T01:31:12.940+0000] {processor.py:186} INFO - Started process (PID=143) to work on /opt/airflow/dags/1_HelloWorld_v2.py
[2024-10-04T01:31:12.940+0000] {processor.py:914} INFO - Processing file /opt/airflow/dags/1_HelloWorld_v2.py for tasks to queue
[2024-10-04T01:31:12.941+0000] {logging_mixin.py:190} INFO - [2024-10-04T01:31:12.941+0000] {dagbag.py:588} INFO - Filling up the DagBag from /opt/airflow/dags/1_HelloWorld_v2.py
[2024-10-04T01:31:12.947+0000] {processor.py:925} INFO - DAG(s) 'HelloWorld_v2' retrieved from /opt/airflow/dags/1_HelloWorld_v2.py
[2024-10-04T01:31:12.958+0000] {logging_mixin.py:190} INFO - [2024-10-04T01:31:12.958+0000] {dag.py:3239} INFO - Sync 1 DAGs
[2024-10-04T01:31:12.969+0000] {logging_mixin.py:190} INFO - [2024-10-04T01:31:12.969+0000] {dag.py:4180} INFO - Setting next_dagrun for HelloWorld_v2 to 2024-03-31 10:37:00+00:00, run_after=2024-04-01 10:37:00+00:00
[2024-10-04T01:31:12.978+0000] {processor.py:208} INFO - Processing /opt/airflow/dags/1_HelloWorld_v2.py took 0.042 seconds
[2024-10-04T01:31:43.543+0000] {processor.py:186} INFO - Started process (PID=159) to work on /opt/airflow/dags/1_HelloWorld_v2.py
[2024-10-04T01:31:43.544+0000] {processor.py:914} INFO - Processing file /opt/airflow/dags/1_HelloWorld_v2.py for tasks to queue
[2024-10-04T01:31:43.546+0000] {logging_mixin.py:190} INFO - [2024-10-04T01:31:43.545+0000] {dagbag.py:588} INFO - Filling up the DagBag from /opt/airflow/dags/1_HelloWorld_v2.py
[2024-10-04T01:31:43.552+0000] {processor.py:925} INFO - DAG(s) 'HelloWorld_v2' retrieved from /opt/airflow/dags/1_HelloWorld_v2.py
[2024-10-04T01:31:43.565+0000] {logging_mixin.py:190} INFO - [2024-10-04T01:31:43.565+0000] {dag.py:3239} INFO - Sync 1 DAGs
[2024-10-04T01:31:43.577+0000] {logging_mixin.py:190} INFO - [2024-10-04T01:31:43.577+0000] {dag.py:4180} INFO - Setting next_dagrun for HelloWorld_v2 to 2024-03-31 10:37:00+00:00, run_after=2024-04-01 10:37:00+00:00
[2024-10-04T01:31:43.586+0000] {processor.py:208} INFO - Processing /opt/airflow/dags/1_HelloWorld_v2.py took 0.047 seconds
[2024-10-04T01:32:14.274+0000] {processor.py:186} INFO - Started process (PID=175) to work on /opt/airflow/dags/1_HelloWorld_v2.py
[2024-10-04T01:32:14.274+0000] {processor.py:914} INFO - Processing file /opt/airflow/dags/1_HelloWorld_v2.py for tasks to queue
[2024-10-04T01:32:14.276+0000] {logging_mixin.py:190} INFO - [2024-10-04T01:32:14.275+0000] {dagbag.py:588} INFO - Filling up the DagBag from /opt/airflow/dags/1_HelloWorld_v2.py
[2024-10-04T01:32:14.281+0000] {processor.py:925} INFO - DAG(s) 'HelloWorld_v2' retrieved from /opt/airflow/dags/1_HelloWorld_v2.py
[2024-10-04T01:32:14.292+0000] {logging_mixin.py:190} INFO - [2024-10-04T01:32:14.292+0000] {dag.py:3239} INFO - Sync 1 DAGs
[2024-10-04T01:32:14.303+0000] {logging_mixin.py:190} INFO - [2024-10-04T01:32:14.303+0000] {dag.py:4180} INFO - Setting next_dagrun for HelloWorld_v2 to 2024-03-31 10:37:00+00:00, run_after=2024-04-01 10:37:00+00:00
[2024-10-04T01:32:14.312+0000] {processor.py:208} INFO - Processing /opt/airflow/dags/1_HelloWorld_v2.py took 0.041 seconds
[2024-10-04T01:32:45.011+0000] {processor.py:186} INFO - Started process (PID=197) to work on /opt/airflow/dags/1_HelloWorld_v2.py
[2024-10-04T01:32:45.012+0000] {processor.py:914} INFO - Processing file /opt/airflow/dags/1_HelloWorld_v2.py for tasks to queue
[2024-10-04T01:32:45.013+0000] {logging_mixin.py:190} INFO - [2024-10-04T01:32:45.012+0000] {dagbag.py:588} INFO - Filling up the DagBag from /opt/airflow/dags/1_HelloWorld_v2.py
[2024-10-04T01:32:45.018+0000] {processor.py:925} INFO - DAG(s) 'HelloWorld_v2' retrieved from /opt/airflow/dags/1_HelloWorld_v2.py
[2024-10-04T01:32:45.030+0000] {logging_mixin.py:190} INFO - [2024-10-04T01:32:45.030+0000] {dag.py:3239} INFO - Sync 1 DAGs
[2024-10-04T01:32:45.041+0000] {logging_mixin.py:190} INFO - [2024-10-04T01:32:45.041+0000] {dag.py:4180} INFO - Setting next_dagrun for HelloWorld_v2 to 2024-03-31 10:37:00+00:00, run_after=2024-04-01 10:37:00+00:00
[2024-10-04T01:32:45.050+0000] {processor.py:208} INFO - Processing /opt/airflow/dags/1_HelloWorld_v2.py took 0.043 seconds
[2024-10-04T01:33:15.728+0000] {processor.py:186} INFO - Started process (PID=213) to work on /opt/airflow/dags/1_HelloWorld_v2.py
[2024-10-04T01:33:15.729+0000] {processor.py:914} INFO - Processing file /opt/airflow/dags/1_HelloWorld_v2.py for tasks to queue
[2024-10-04T01:33:15.730+0000] {logging_mixin.py:190} INFO - [2024-10-04T01:33:15.730+0000] {dagbag.py:588} INFO - Filling up the DagBag from /opt/airflow/dags/1_HelloWorld_v2.py
[2024-10-04T01:33:15.735+0000] {processor.py:925} INFO - DAG(s) 'HelloWorld_v2' retrieved from /opt/airflow/dags/1_HelloWorld_v2.py
[2024-10-04T01:33:15.747+0000] {logging_mixin.py:190} INFO - [2024-10-04T01:33:15.747+0000] {dag.py:3239} INFO - Sync 1 DAGs
[2024-10-04T01:33:15.759+0000] {logging_mixin.py:190} INFO - [2024-10-04T01:33:15.758+0000] {dag.py:4180} INFO - Setting next_dagrun for HelloWorld_v2 to 2024-03-31 10:37:00+00:00, run_after=2024-04-01 10:37:00+00:00
[2024-10-04T01:33:15.770+0000] {processor.py:208} INFO - Processing /opt/airflow/dags/1_HelloWorld_v2.py took 0.045 seconds
[2024-10-04T01:33:46.448+0000] {processor.py:186} INFO - Started process (PID=229) to work on /opt/airflow/dags/1_HelloWorld_v2.py
[2024-10-04T01:33:46.449+0000] {processor.py:914} INFO - Processing file /opt/airflow/dags/1_HelloWorld_v2.py for tasks to queue
[2024-10-04T01:33:46.450+0000] {logging_mixin.py:190} INFO - [2024-10-04T01:33:46.450+0000] {dagbag.py:588} INFO - Filling up the DagBag from /opt/airflow/dags/1_HelloWorld_v2.py
[2024-10-04T01:33:46.455+0000] {processor.py:925} INFO - DAG(s) 'HelloWorld_v2' retrieved from /opt/airflow/dags/1_HelloWorld_v2.py
[2024-10-04T01:33:46.465+0000] {logging_mixin.py:190} INFO - [2024-10-04T01:33:46.465+0000] {dag.py:3239} INFO - Sync 1 DAGs
[2024-10-04T01:33:46.476+0000] {logging_mixin.py:190} INFO - [2024-10-04T01:33:46.475+0000] {dag.py:4180} INFO - Setting next_dagrun for HelloWorld_v2 to 2024-03-31 10:37:00+00:00, run_after=2024-04-01 10:37:00+00:00
[2024-10-04T01:33:46.485+0000] {processor.py:208} INFO - Processing /opt/airflow/dags/1_HelloWorld_v2.py took 0.039 seconds
[2024-10-04T01:34:17.113+0000] {processor.py:186} INFO - Started process (PID=245) to work on /opt/airflow/dags/1_HelloWorld_v2.py
[2024-10-04T01:34:17.113+0000] {processor.py:914} INFO - Processing file /opt/airflow/dags/1_HelloWorld_v2.py for tasks to queue
[2024-10-04T01:34:17.114+0000] {logging_mixin.py:190} INFO - [2024-10-04T01:34:17.114+0000] {dagbag.py:588} INFO - Filling up the DagBag from /opt/airflow/dags/1_HelloWorld_v2.py
[2024-10-04T01:34:17.120+0000] {processor.py:925} INFO - DAG(s) 'HelloWorld_v2' retrieved from /opt/airflow/dags/1_HelloWorld_v2.py
[2024-10-04T01:34:17.131+0000] {logging_mixin.py:190} INFO - [2024-10-04T01:34:17.130+0000] {dag.py:3239} INFO - Sync 1 DAGs
[2024-10-04T01:34:17.142+0000] {logging_mixin.py:190} INFO - [2024-10-04T01:34:17.142+0000] {dag.py:4180} INFO - Setting next_dagrun for HelloWorld_v2 to 2024-03-31 10:37:00+00:00, run_after=2024-04-01 10:37:00+00:00
[2024-10-04T01:34:17.152+0000] {processor.py:208} INFO - Processing /opt/airflow/dags/1_HelloWorld_v2.py took 0.043 seconds
