[2024-10-04T01:04:58.491+0000] {processor.py:186} INFO - Started process (PID=98) to work on /opt/airflow/dags/6_Jinja_v2.py
[2024-10-04T01:04:58.492+0000] {processor.py:914} INFO - Processing file /opt/airflow/dags/6_Jinja_v2.py for tasks to queue
[2024-10-04T01:04:58.493+0000] {logging_mixin.py:190} INFO - [2024-10-04T01:04:58.493+0000] {dagbag.py:588} INFO - Filling up the DagBag from /opt/airflow/dags/6_Jinja_v2.py
[2024-10-04T01:04:58.498+0000] {processor.py:925} INFO - DAG(s) 'jinja_v2' retrieved from /opt/airflow/dags/6_Jinja_v2.py
[2024-10-04T01:04:58.552+0000] {logging_mixin.py:190} INFO - [2024-10-04T01:04:58.551+0000] {override.py:1900} INFO - Created Permission View: can delete on DAG:jinja_v2
[2024-10-04T01:04:58.558+0000] {logging_mixin.py:190} INFO - [2024-10-04T01:04:58.558+0000] {override.py:1900} INFO - Created Permission View: can edit on DAG:jinja_v2
[2024-10-04T01:04:58.562+0000] {logging_mixin.py:190} INFO - [2024-10-04T01:04:58.562+0000] {override.py:1900} INFO - Created Permission View: can read on DAG:jinja_v2
[2024-10-04T01:04:58.569+0000] {logging_mixin.py:190} INFO - [2024-10-04T01:04:58.568+0000] {override.py:1900} INFO - Created Permission View: menu access on DAG Run:jinja_v2
[2024-10-04T01:04:58.572+0000] {logging_mixin.py:190} INFO - [2024-10-04T01:04:58.572+0000] {override.py:1900} INFO - Created Permission View: can create on DAG Run:jinja_v2
[2024-10-04T01:04:58.576+0000] {logging_mixin.py:190} INFO - [2024-10-04T01:04:58.576+0000] {override.py:1900} INFO - Created Permission View: can delete on DAG Run:jinja_v2
[2024-10-04T01:04:58.579+0000] {logging_mixin.py:190} INFO - [2024-10-04T01:04:58.579+0000] {override.py:1900} INFO - Created Permission View: can read on DAG Run:jinja_v2
[2024-10-04T01:04:58.579+0000] {logging_mixin.py:190} INFO - [2024-10-04T01:04:58.579+0000] {dag.py:3239} INFO - Sync 1 DAGs
[2024-10-04T01:04:58.588+0000] {logging_mixin.py:190} INFO - [2024-10-04T01:04:58.588+0000] {dag.py:3262} INFO - Creating ORM DAG for jinja_v2
[2024-10-04T01:04:58.592+0000] {logging_mixin.py:190} INFO - [2024-10-04T01:04:58.592+0000] {dag.py:4180} INFO - Setting next_dagrun for jinja_v2 to 2022-04-30 00:00:00+00:00, run_after=2022-04-30 00:00:00+00:00
[2024-10-04T01:04:58.602+0000] {processor.py:208} INFO - Processing /opt/airflow/dags/6_Jinja_v2.py took 0.114 seconds
[2024-10-04T01:05:28.835+0000] {processor.py:186} INFO - Started process (PID=170) to work on /opt/airflow/dags/6_Jinja_v2.py
[2024-10-04T01:05:28.835+0000] {processor.py:914} INFO - Processing file /opt/airflow/dags/6_Jinja_v2.py for tasks to queue
[2024-10-04T01:05:28.837+0000] {logging_mixin.py:190} INFO - [2024-10-04T01:05:28.836+0000] {dagbag.py:588} INFO - Filling up the DagBag from /opt/airflow/dags/6_Jinja_v2.py
[2024-10-04T01:05:28.840+0000] {processor.py:925} INFO - DAG(s) 'jinja_v2' retrieved from /opt/airflow/dags/6_Jinja_v2.py
[2024-10-04T01:05:28.849+0000] {logging_mixin.py:190} INFO - [2024-10-04T01:05:28.849+0000] {dag.py:3239} INFO - Sync 1 DAGs
[2024-10-04T01:05:28.859+0000] {logging_mixin.py:190} INFO - [2024-10-04T01:05:28.859+0000] {dag.py:4180} INFO - Setting next_dagrun for jinja_v2 to 2022-04-30 00:00:00+00:00, run_after=2022-04-30 00:00:00+00:00
[2024-10-04T01:05:28.867+0000] {processor.py:208} INFO - Processing /opt/airflow/dags/6_Jinja_v2.py took 0.036 seconds
[2024-10-04T01:05:59.446+0000] {processor.py:186} INFO - Started process (PID=242) to work on /opt/airflow/dags/6_Jinja_v2.py
[2024-10-04T01:05:59.447+0000] {processor.py:914} INFO - Processing file /opt/airflow/dags/6_Jinja_v2.py for tasks to queue
[2024-10-04T01:05:59.448+0000] {logging_mixin.py:190} INFO - [2024-10-04T01:05:59.448+0000] {dagbag.py:588} INFO - Filling up the DagBag from /opt/airflow/dags/6_Jinja_v2.py
[2024-10-04T01:05:59.452+0000] {processor.py:925} INFO - DAG(s) 'jinja_v2' retrieved from /opt/airflow/dags/6_Jinja_v2.py
[2024-10-04T01:05:59.461+0000] {logging_mixin.py:190} INFO - [2024-10-04T01:05:59.461+0000] {dag.py:3239} INFO - Sync 1 DAGs
[2024-10-04T01:05:59.471+0000] {logging_mixin.py:190} INFO - [2024-10-04T01:05:59.471+0000] {dag.py:4180} INFO - Setting next_dagrun for jinja_v2 to 2022-04-30 00:00:00+00:00, run_after=2022-04-30 00:00:00+00:00
[2024-10-04T01:05:59.480+0000] {processor.py:208} INFO - Processing /opt/airflow/dags/6_Jinja_v2.py took 0.036 seconds
[2024-10-04T01:06:30.025+0000] {processor.py:186} INFO - Started process (PID=314) to work on /opt/airflow/dags/6_Jinja_v2.py
[2024-10-04T01:06:30.026+0000] {processor.py:914} INFO - Processing file /opt/airflow/dags/6_Jinja_v2.py for tasks to queue
[2024-10-04T01:06:30.027+0000] {logging_mixin.py:190} INFO - [2024-10-04T01:06:30.027+0000] {dagbag.py:588} INFO - Filling up the DagBag from /opt/airflow/dags/6_Jinja_v2.py
[2024-10-04T01:06:30.031+0000] {processor.py:925} INFO - DAG(s) 'jinja_v2' retrieved from /opt/airflow/dags/6_Jinja_v2.py
[2024-10-04T01:06:30.039+0000] {logging_mixin.py:190} INFO - [2024-10-04T01:06:30.039+0000] {dag.py:3239} INFO - Sync 1 DAGs
[2024-10-04T01:06:30.049+0000] {logging_mixin.py:190} INFO - [2024-10-04T01:06:30.048+0000] {dag.py:4180} INFO - Setting next_dagrun for jinja_v2 to 2022-04-30 00:00:00+00:00, run_after=2022-04-30 00:00:00+00:00
[2024-10-04T01:06:30.058+0000] {processor.py:208} INFO - Processing /opt/airflow/dags/6_Jinja_v2.py took 0.035 seconds
[2024-10-04T01:07:00.228+0000] {processor.py:186} INFO - Started process (PID=386) to work on /opt/airflow/dags/6_Jinja_v2.py
[2024-10-04T01:07:00.228+0000] {processor.py:914} INFO - Processing file /opt/airflow/dags/6_Jinja_v2.py for tasks to queue
[2024-10-04T01:07:00.230+0000] {logging_mixin.py:190} INFO - [2024-10-04T01:07:00.230+0000] {dagbag.py:588} INFO - Filling up the DagBag from /opt/airflow/dags/6_Jinja_v2.py
[2024-10-04T01:07:00.234+0000] {processor.py:925} INFO - DAG(s) 'jinja_v2' retrieved from /opt/airflow/dags/6_Jinja_v2.py
[2024-10-04T01:07:00.243+0000] {logging_mixin.py:190} INFO - [2024-10-04T01:07:00.243+0000] {dag.py:3239} INFO - Sync 1 DAGs
[2024-10-04T01:07:00.253+0000] {logging_mixin.py:190} INFO - [2024-10-04T01:07:00.253+0000] {dag.py:4180} INFO - Setting next_dagrun for jinja_v2 to 2022-04-30 00:00:00+00:00, run_after=2022-04-30 00:00:00+00:00
[2024-10-04T01:07:00.261+0000] {processor.py:208} INFO - Processing /opt/airflow/dags/6_Jinja_v2.py took 0.036 seconds
[2024-10-04T01:07:30.468+0000] {processor.py:186} INFO - Started process (PID=458) to work on /opt/airflow/dags/6_Jinja_v2.py
[2024-10-04T01:07:30.468+0000] {processor.py:914} INFO - Processing file /opt/airflow/dags/6_Jinja_v2.py for tasks to queue
[2024-10-04T01:07:30.469+0000] {logging_mixin.py:190} INFO - [2024-10-04T01:07:30.469+0000] {dagbag.py:588} INFO - Filling up the DagBag from /opt/airflow/dags/6_Jinja_v2.py
[2024-10-04T01:07:30.473+0000] {processor.py:925} INFO - DAG(s) 'jinja_v2' retrieved from /opt/airflow/dags/6_Jinja_v2.py
[2024-10-04T01:07:30.482+0000] {logging_mixin.py:190} INFO - [2024-10-04T01:07:30.482+0000] {dag.py:3239} INFO - Sync 1 DAGs
[2024-10-04T01:07:30.491+0000] {logging_mixin.py:190} INFO - [2024-10-04T01:07:30.491+0000] {dag.py:4180} INFO - Setting next_dagrun for jinja_v2 to 2022-04-30 00:00:00+00:00, run_after=2022-04-30 00:00:00+00:00
[2024-10-04T01:07:30.501+0000] {processor.py:208} INFO - Processing /opt/airflow/dags/6_Jinja_v2.py took 0.036 seconds
[2024-10-04T01:08:00.651+0000] {processor.py:186} INFO - Started process (PID=530) to work on /opt/airflow/dags/6_Jinja_v2.py
[2024-10-04T01:08:00.652+0000] {processor.py:914} INFO - Processing file /opt/airflow/dags/6_Jinja_v2.py for tasks to queue
[2024-10-04T01:08:00.654+0000] {logging_mixin.py:190} INFO - [2024-10-04T01:08:00.653+0000] {dagbag.py:588} INFO - Filling up the DagBag from /opt/airflow/dags/6_Jinja_v2.py
[2024-10-04T01:08:00.658+0000] {processor.py:925} INFO - DAG(s) 'jinja_v2' retrieved from /opt/airflow/dags/6_Jinja_v2.py
[2024-10-04T01:08:00.667+0000] {logging_mixin.py:190} INFO - [2024-10-04T01:08:00.667+0000] {dag.py:3239} INFO - Sync 1 DAGs
[2024-10-04T01:08:00.678+0000] {logging_mixin.py:190} INFO - [2024-10-04T01:08:00.678+0000] {dag.py:4180} INFO - Setting next_dagrun for jinja_v2 to 2022-04-30 00:00:00+00:00, run_after=2022-04-30 00:00:00+00:00
[2024-10-04T01:08:00.687+0000] {processor.py:208} INFO - Processing /opt/airflow/dags/6_Jinja_v2.py took 0.039 seconds
[2024-10-04T01:08:30.853+0000] {processor.py:186} INFO - Started process (PID=602) to work on /opt/airflow/dags/6_Jinja_v2.py
[2024-10-04T01:08:30.854+0000] {processor.py:914} INFO - Processing file /opt/airflow/dags/6_Jinja_v2.py for tasks to queue
[2024-10-04T01:08:30.855+0000] {logging_mixin.py:190} INFO - [2024-10-04T01:08:30.855+0000] {dagbag.py:588} INFO - Filling up the DagBag from /opt/airflow/dags/6_Jinja_v2.py
[2024-10-04T01:08:30.858+0000] {processor.py:925} INFO - DAG(s) 'jinja_v2' retrieved from /opt/airflow/dags/6_Jinja_v2.py
[2024-10-04T01:08:30.867+0000] {logging_mixin.py:190} INFO - [2024-10-04T01:08:30.867+0000] {dag.py:3239} INFO - Sync 1 DAGs
[2024-10-04T01:08:30.877+0000] {logging_mixin.py:190} INFO - [2024-10-04T01:08:30.877+0000] {dag.py:4180} INFO - Setting next_dagrun for jinja_v2 to 2022-04-30 00:00:00+00:00, run_after=2022-04-30 00:00:00+00:00
[2024-10-04T01:08:30.885+0000] {processor.py:208} INFO - Processing /opt/airflow/dags/6_Jinja_v2.py took 0.034 seconds
[2024-10-04T01:09:01.927+0000] {processor.py:186} INFO - Started process (PID=680) to work on /opt/airflow/dags/6_Jinja_v2.py
[2024-10-04T01:09:01.928+0000] {processor.py:914} INFO - Processing file /opt/airflow/dags/6_Jinja_v2.py for tasks to queue
[2024-10-04T01:09:01.929+0000] {logging_mixin.py:190} INFO - [2024-10-04T01:09:01.929+0000] {dagbag.py:588} INFO - Filling up the DagBag from /opt/airflow/dags/6_Jinja_v2.py
[2024-10-04T01:09:01.933+0000] {processor.py:925} INFO - DAG(s) 'jinja_v2' retrieved from /opt/airflow/dags/6_Jinja_v2.py
[2024-10-04T01:09:01.941+0000] {logging_mixin.py:190} INFO - [2024-10-04T01:09:01.941+0000] {dag.py:3239} INFO - Sync 1 DAGs
[2024-10-04T01:09:01.950+0000] {logging_mixin.py:190} INFO - [2024-10-04T01:09:01.950+0000] {dag.py:4180} INFO - Setting next_dagrun for jinja_v2 to 2022-04-30 00:00:00+00:00, run_after=2022-04-30 00:00:00+00:00
[2024-10-04T01:09:01.958+0000] {processor.py:208} INFO - Processing /opt/airflow/dags/6_Jinja_v2.py took 0.034 seconds
[2024-10-04T01:09:32.195+0000] {processor.py:186} INFO - Started process (PID=752) to work on /opt/airflow/dags/6_Jinja_v2.py
[2024-10-04T01:09:32.195+0000] {processor.py:914} INFO - Processing file /opt/airflow/dags/6_Jinja_v2.py for tasks to queue
[2024-10-04T01:09:32.197+0000] {logging_mixin.py:190} INFO - [2024-10-04T01:09:32.196+0000] {dagbag.py:588} INFO - Filling up the DagBag from /opt/airflow/dags/6_Jinja_v2.py
[2024-10-04T01:09:32.201+0000] {processor.py:925} INFO - DAG(s) 'jinja_v2' retrieved from /opt/airflow/dags/6_Jinja_v2.py
[2024-10-04T01:09:32.209+0000] {logging_mixin.py:190} INFO - [2024-10-04T01:09:32.209+0000] {dag.py:3239} INFO - Sync 1 DAGs
[2024-10-04T01:09:32.219+0000] {logging_mixin.py:190} INFO - [2024-10-04T01:09:32.219+0000] {dag.py:4180} INFO - Setting next_dagrun for jinja_v2 to 2022-04-30 00:00:00+00:00, run_after=2022-04-30 00:00:00+00:00
[2024-10-04T01:09:32.228+0000] {processor.py:208} INFO - Processing /opt/airflow/dags/6_Jinja_v2.py took 0.036 seconds
[2024-10-04T01:10:35.510+0000] {processor.py:186} INFO - Started process (PID=97) to work on /opt/airflow/dags/6_Jinja_v2.py
[2024-10-04T01:10:35.512+0000] {processor.py:914} INFO - Processing file /opt/airflow/dags/6_Jinja_v2.py for tasks to queue
[2024-10-04T01:10:35.516+0000] {logging_mixin.py:190} INFO - [2024-10-04T01:10:35.516+0000] {dagbag.py:588} INFO - Filling up the DagBag from /opt/airflow/dags/6_Jinja_v2.py
[2024-10-04T01:10:35.522+0000] {processor.py:925} INFO - DAG(s) 'jinja_v2' retrieved from /opt/airflow/dags/6_Jinja_v2.py
[2024-10-04T01:10:35.539+0000] {logging_mixin.py:190} INFO - [2024-10-04T01:10:35.538+0000] {dag.py:3239} INFO - Sync 1 DAGs
[2024-10-04T01:10:35.551+0000] {logging_mixin.py:190} INFO - [2024-10-04T01:10:35.551+0000] {dag.py:4180} INFO - Setting next_dagrun for jinja_v2 to 2022-04-30 00:00:00+00:00, run_after=2022-04-30 00:00:00+00:00
[2024-10-04T01:10:35.569+0000] {processor.py:208} INFO - Processing /opt/airflow/dags/6_Jinja_v2.py took 0.065 seconds
[2024-10-04T01:11:06.200+0000] {processor.py:186} INFO - Started process (PID=113) to work on /opt/airflow/dags/6_Jinja_v2.py
[2024-10-04T01:11:06.200+0000] {processor.py:914} INFO - Processing file /opt/airflow/dags/6_Jinja_v2.py for tasks to queue
[2024-10-04T01:11:06.204+0000] {logging_mixin.py:190} INFO - [2024-10-04T01:11:06.203+0000] {dagbag.py:588} INFO - Filling up the DagBag from /opt/airflow/dags/6_Jinja_v2.py
[2024-10-04T01:11:06.208+0000] {processor.py:925} INFO - DAG(s) 'jinja_v2' retrieved from /opt/airflow/dags/6_Jinja_v2.py
[2024-10-04T01:11:06.219+0000] {logging_mixin.py:190} INFO - [2024-10-04T01:11:06.219+0000] {dag.py:3239} INFO - Sync 1 DAGs
[2024-10-04T01:11:06.229+0000] {logging_mixin.py:190} INFO - [2024-10-04T01:11:06.229+0000] {dag.py:4180} INFO - Setting next_dagrun for jinja_v2 to 2022-04-30 00:00:00+00:00, run_after=2022-04-30 00:00:00+00:00
[2024-10-04T01:11:06.237+0000] {processor.py:208} INFO - Processing /opt/airflow/dags/6_Jinja_v2.py took 0.041 seconds
[2024-10-04T01:11:36.928+0000] {processor.py:186} INFO - Started process (PID=129) to work on /opt/airflow/dags/6_Jinja_v2.py
[2024-10-04T01:11:36.929+0000] {processor.py:914} INFO - Processing file /opt/airflow/dags/6_Jinja_v2.py for tasks to queue
[2024-10-04T01:11:36.930+0000] {logging_mixin.py:190} INFO - [2024-10-04T01:11:36.930+0000] {dagbag.py:588} INFO - Filling up the DagBag from /opt/airflow/dags/6_Jinja_v2.py
[2024-10-04T01:11:36.934+0000] {processor.py:925} INFO - DAG(s) 'jinja_v2' retrieved from /opt/airflow/dags/6_Jinja_v2.py
[2024-10-04T01:11:36.944+0000] {logging_mixin.py:190} INFO - [2024-10-04T01:11:36.944+0000] {dag.py:3239} INFO - Sync 1 DAGs
[2024-10-04T01:11:36.953+0000] {logging_mixin.py:190} INFO - [2024-10-04T01:11:36.953+0000] {dag.py:4180} INFO - Setting next_dagrun for jinja_v2 to 2022-04-30 00:00:00+00:00, run_after=2022-04-30 00:00:00+00:00
[2024-10-04T01:11:36.961+0000] {processor.py:208} INFO - Processing /opt/airflow/dags/6_Jinja_v2.py took 0.036 seconds
[2024-10-04T01:12:07.569+0000] {processor.py:186} INFO - Started process (PID=145) to work on /opt/airflow/dags/6_Jinja_v2.py
[2024-10-04T01:12:07.570+0000] {processor.py:914} INFO - Processing file /opt/airflow/dags/6_Jinja_v2.py for tasks to queue
[2024-10-04T01:12:07.571+0000] {logging_mixin.py:190} INFO - [2024-10-04T01:12:07.571+0000] {dagbag.py:588} INFO - Filling up the DagBag from /opt/airflow/dags/6_Jinja_v2.py
[2024-10-04T01:12:07.576+0000] {processor.py:925} INFO - DAG(s) 'jinja_v2' retrieved from /opt/airflow/dags/6_Jinja_v2.py
[2024-10-04T01:12:07.587+0000] {logging_mixin.py:190} INFO - [2024-10-04T01:12:07.587+0000] {dag.py:3239} INFO - Sync 1 DAGs
[2024-10-04T01:12:07.597+0000] {logging_mixin.py:190} INFO - [2024-10-04T01:12:07.597+0000] {dag.py:4180} INFO - Setting next_dagrun for jinja_v2 to 2022-04-30 00:00:00+00:00, run_after=2022-04-30 00:00:00+00:00
[2024-10-04T01:12:07.605+0000] {processor.py:208} INFO - Processing /opt/airflow/dags/6_Jinja_v2.py took 0.039 seconds
[2024-10-04T01:12:38.278+0000] {processor.py:186} INFO - Started process (PID=161) to work on /opt/airflow/dags/6_Jinja_v2.py
[2024-10-04T01:12:38.279+0000] {processor.py:914} INFO - Processing file /opt/airflow/dags/6_Jinja_v2.py for tasks to queue
[2024-10-04T01:12:38.280+0000] {logging_mixin.py:190} INFO - [2024-10-04T01:12:38.280+0000] {dagbag.py:588} INFO - Filling up the DagBag from /opt/airflow/dags/6_Jinja_v2.py
[2024-10-04T01:12:38.284+0000] {processor.py:925} INFO - DAG(s) 'jinja_v2' retrieved from /opt/airflow/dags/6_Jinja_v2.py
[2024-10-04T01:12:38.297+0000] {logging_mixin.py:190} INFO - [2024-10-04T01:12:38.297+0000] {dag.py:3239} INFO - Sync 1 DAGs
[2024-10-04T01:12:38.309+0000] {logging_mixin.py:190} INFO - [2024-10-04T01:12:38.309+0000] {dag.py:4180} INFO - Setting next_dagrun for jinja_v2 to 2022-04-30 00:00:00+00:00, run_after=2022-04-30 00:00:00+00:00
[2024-10-04T01:12:38.318+0000] {processor.py:208} INFO - Processing /opt/airflow/dags/6_Jinja_v2.py took 0.044 seconds
[2024-10-04T01:13:09.001+0000] {processor.py:186} INFO - Started process (PID=177) to work on /opt/airflow/dags/6_Jinja_v2.py
[2024-10-04T01:13:09.002+0000] {processor.py:914} INFO - Processing file /opt/airflow/dags/6_Jinja_v2.py for tasks to queue
[2024-10-04T01:13:09.003+0000] {logging_mixin.py:190} INFO - [2024-10-04T01:13:09.003+0000] {dagbag.py:588} INFO - Filling up the DagBag from /opt/airflow/dags/6_Jinja_v2.py
[2024-10-04T01:13:09.008+0000] {processor.py:925} INFO - DAG(s) 'jinja_v2' retrieved from /opt/airflow/dags/6_Jinja_v2.py
[2024-10-04T01:13:09.019+0000] {logging_mixin.py:190} INFO - [2024-10-04T01:13:09.019+0000] {dag.py:3239} INFO - Sync 1 DAGs
[2024-10-04T01:13:09.030+0000] {logging_mixin.py:190} INFO - [2024-10-04T01:13:09.030+0000] {dag.py:4180} INFO - Setting next_dagrun for jinja_v2 to 2022-04-30 00:00:00+00:00, run_after=2022-04-30 00:00:00+00:00
[2024-10-04T01:13:09.040+0000] {processor.py:208} INFO - Processing /opt/airflow/dags/6_Jinja_v2.py took 0.042 seconds
[2024-10-04T01:13:39.668+0000] {processor.py:186} INFO - Started process (PID=203) to work on /opt/airflow/dags/6_Jinja_v2.py
[2024-10-04T01:13:39.668+0000] {processor.py:914} INFO - Processing file /opt/airflow/dags/6_Jinja_v2.py for tasks to queue
[2024-10-04T01:13:39.669+0000] {logging_mixin.py:190} INFO - [2024-10-04T01:13:39.669+0000] {dagbag.py:588} INFO - Filling up the DagBag from /opt/airflow/dags/6_Jinja_v2.py
[2024-10-04T01:13:39.673+0000] {processor.py:925} INFO - DAG(s) 'jinja_v2' retrieved from /opt/airflow/dags/6_Jinja_v2.py
[2024-10-04T01:13:39.683+0000] {logging_mixin.py:190} INFO - [2024-10-04T01:13:39.683+0000] {dag.py:3239} INFO - Sync 1 DAGs
[2024-10-04T01:13:39.692+0000] {logging_mixin.py:190} INFO - [2024-10-04T01:13:39.692+0000] {dag.py:4180} INFO - Setting next_dagrun for jinja_v2 to 2022-04-30 00:00:00+00:00, run_after=2022-04-30 00:00:00+00:00
[2024-10-04T01:13:39.701+0000] {processor.py:208} INFO - Processing /opt/airflow/dags/6_Jinja_v2.py took 0.036 seconds
[2024-10-04T01:14:10.451+0000] {processor.py:186} INFO - Started process (PID=219) to work on /opt/airflow/dags/6_Jinja_v2.py
[2024-10-04T01:14:10.452+0000] {processor.py:914} INFO - Processing file /opt/airflow/dags/6_Jinja_v2.py for tasks to queue
[2024-10-04T01:14:10.453+0000] {logging_mixin.py:190} INFO - [2024-10-04T01:14:10.453+0000] {dagbag.py:588} INFO - Filling up the DagBag from /opt/airflow/dags/6_Jinja_v2.py
[2024-10-04T01:14:10.457+0000] {processor.py:925} INFO - DAG(s) 'jinja_v2' retrieved from /opt/airflow/dags/6_Jinja_v2.py
[2024-10-04T01:14:10.468+0000] {logging_mixin.py:190} INFO - [2024-10-04T01:14:10.468+0000] {dag.py:3239} INFO - Sync 1 DAGs
[2024-10-04T01:14:10.479+0000] {logging_mixin.py:190} INFO - [2024-10-04T01:14:10.479+0000] {dag.py:4180} INFO - Setting next_dagrun for jinja_v2 to 2022-04-30 00:00:00+00:00, run_after=2022-04-30 00:00:00+00:00
[2024-10-04T01:14:10.487+0000] {processor.py:208} INFO - Processing /opt/airflow/dags/6_Jinja_v2.py took 0.040 seconds
[2024-10-04T01:14:41.308+0000] {processor.py:186} INFO - Started process (PID=236) to work on /opt/airflow/dags/6_Jinja_v2.py
[2024-10-04T01:14:41.308+0000] {processor.py:914} INFO - Processing file /opt/airflow/dags/6_Jinja_v2.py for tasks to queue
[2024-10-04T01:14:41.310+0000] {logging_mixin.py:190} INFO - [2024-10-04T01:14:41.310+0000] {dagbag.py:588} INFO - Filling up the DagBag from /opt/airflow/dags/6_Jinja_v2.py
[2024-10-04T01:14:41.314+0000] {processor.py:925} INFO - DAG(s) 'jinja_v2' retrieved from /opt/airflow/dags/6_Jinja_v2.py
[2024-10-04T01:14:41.325+0000] {logging_mixin.py:190} INFO - [2024-10-04T01:14:41.325+0000] {dag.py:3239} INFO - Sync 1 DAGs
[2024-10-04T01:14:41.335+0000] {logging_mixin.py:190} INFO - [2024-10-04T01:14:41.335+0000] {dag.py:4180} INFO - Setting next_dagrun for jinja_v2 to 2022-04-30 00:00:00+00:00, run_after=2022-04-30 00:00:00+00:00
[2024-10-04T01:14:41.343+0000] {processor.py:208} INFO - Processing /opt/airflow/dags/6_Jinja_v2.py took 0.039 seconds
[2024-10-04T01:15:12.073+0000] {processor.py:186} INFO - Started process (PID=252) to work on /opt/airflow/dags/6_Jinja_v2.py
[2024-10-04T01:15:12.074+0000] {processor.py:914} INFO - Processing file /opt/airflow/dags/6_Jinja_v2.py for tasks to queue
[2024-10-04T01:15:12.075+0000] {logging_mixin.py:190} INFO - [2024-10-04T01:15:12.075+0000] {dagbag.py:588} INFO - Filling up the DagBag from /opt/airflow/dags/6_Jinja_v2.py
[2024-10-04T01:15:12.080+0000] {processor.py:925} INFO - DAG(s) 'jinja_v2' retrieved from /opt/airflow/dags/6_Jinja_v2.py
[2024-10-04T01:15:12.092+0000] {logging_mixin.py:190} INFO - [2024-10-04T01:15:12.092+0000] {dag.py:3239} INFO - Sync 1 DAGs
[2024-10-04T01:15:12.102+0000] {logging_mixin.py:190} INFO - [2024-10-04T01:15:12.102+0000] {dag.py:4180} INFO - Setting next_dagrun for jinja_v2 to 2022-04-30 00:00:00+00:00, run_after=2022-04-30 00:00:00+00:00
[2024-10-04T01:15:12.111+0000] {processor.py:208} INFO - Processing /opt/airflow/dags/6_Jinja_v2.py took 0.040 seconds
[2024-10-04T01:15:42.777+0000] {processor.py:186} INFO - Started process (PID=268) to work on /opt/airflow/dags/6_Jinja_v2.py
[2024-10-04T01:15:42.777+0000] {processor.py:914} INFO - Processing file /opt/airflow/dags/6_Jinja_v2.py for tasks to queue
[2024-10-04T01:15:42.779+0000] {logging_mixin.py:190} INFO - [2024-10-04T01:15:42.778+0000] {dagbag.py:588} INFO - Filling up the DagBag from /opt/airflow/dags/6_Jinja_v2.py
[2024-10-04T01:15:42.782+0000] {processor.py:925} INFO - DAG(s) 'jinja_v2' retrieved from /opt/airflow/dags/6_Jinja_v2.py
[2024-10-04T01:15:42.793+0000] {logging_mixin.py:190} INFO - [2024-10-04T01:15:42.793+0000] {dag.py:3239} INFO - Sync 1 DAGs
[2024-10-04T01:15:42.803+0000] {logging_mixin.py:190} INFO - [2024-10-04T01:15:42.803+0000] {dag.py:4180} INFO - Setting next_dagrun for jinja_v2 to 2022-04-30 00:00:00+00:00, run_after=2022-04-30 00:00:00+00:00
[2024-10-04T01:15:42.813+0000] {processor.py:208} INFO - Processing /opt/airflow/dags/6_Jinja_v2.py took 0.039 seconds
[2024-10-04T01:16:13.471+0000] {processor.py:186} INFO - Started process (PID=284) to work on /opt/airflow/dags/6_Jinja_v2.py
[2024-10-04T01:16:13.472+0000] {processor.py:914} INFO - Processing file /opt/airflow/dags/6_Jinja_v2.py for tasks to queue
[2024-10-04T01:16:13.473+0000] {logging_mixin.py:190} INFO - [2024-10-04T01:16:13.473+0000] {dagbag.py:588} INFO - Filling up the DagBag from /opt/airflow/dags/6_Jinja_v2.py
[2024-10-04T01:16:13.478+0000] {processor.py:925} INFO - DAG(s) 'jinja_v2' retrieved from /opt/airflow/dags/6_Jinja_v2.py
[2024-10-04T01:16:13.491+0000] {logging_mixin.py:190} INFO - [2024-10-04T01:16:13.490+0000] {dag.py:3239} INFO - Sync 1 DAGs
[2024-10-04T01:16:13.502+0000] {logging_mixin.py:190} INFO - [2024-10-04T01:16:13.502+0000] {dag.py:4180} INFO - Setting next_dagrun for jinja_v2 to 2022-04-30 00:00:00+00:00, run_after=2022-04-30 00:00:00+00:00
[2024-10-04T01:16:13.511+0000] {processor.py:208} INFO - Processing /opt/airflow/dags/6_Jinja_v2.py took 0.043 seconds
[2024-10-04T01:16:44.152+0000] {processor.py:186} INFO - Started process (PID=300) to work on /opt/airflow/dags/6_Jinja_v2.py
[2024-10-04T01:16:44.152+0000] {processor.py:914} INFO - Processing file /opt/airflow/dags/6_Jinja_v2.py for tasks to queue
[2024-10-04T01:16:44.154+0000] {logging_mixin.py:190} INFO - [2024-10-04T01:16:44.154+0000] {dagbag.py:588} INFO - Filling up the DagBag from /opt/airflow/dags/6_Jinja_v2.py
[2024-10-04T01:16:44.158+0000] {processor.py:925} INFO - DAG(s) 'jinja_v2' retrieved from /opt/airflow/dags/6_Jinja_v2.py
[2024-10-04T01:16:44.170+0000] {logging_mixin.py:190} INFO - [2024-10-04T01:16:44.170+0000] {dag.py:3239} INFO - Sync 1 DAGs
[2024-10-04T01:16:44.181+0000] {logging_mixin.py:190} INFO - [2024-10-04T01:16:44.181+0000] {dag.py:4180} INFO - Setting next_dagrun for jinja_v2 to 2022-04-30 00:00:00+00:00, run_after=2022-04-30 00:00:00+00:00
[2024-10-04T01:16:44.189+0000] {processor.py:208} INFO - Processing /opt/airflow/dags/6_Jinja_v2.py took 0.041 seconds
[2024-10-04T01:17:14.856+0000] {processor.py:186} INFO - Started process (PID=316) to work on /opt/airflow/dags/6_Jinja_v2.py
[2024-10-04T01:17:14.857+0000] {processor.py:914} INFO - Processing file /opt/airflow/dags/6_Jinja_v2.py for tasks to queue
[2024-10-04T01:17:14.858+0000] {logging_mixin.py:190} INFO - [2024-10-04T01:17:14.858+0000] {dagbag.py:588} INFO - Filling up the DagBag from /opt/airflow/dags/6_Jinja_v2.py
[2024-10-04T01:17:14.862+0000] {processor.py:925} INFO - DAG(s) 'jinja_v2' retrieved from /opt/airflow/dags/6_Jinja_v2.py
[2024-10-04T01:17:14.873+0000] {logging_mixin.py:190} INFO - [2024-10-04T01:17:14.872+0000] {dag.py:3239} INFO - Sync 1 DAGs
[2024-10-04T01:17:14.882+0000] {logging_mixin.py:190} INFO - [2024-10-04T01:17:14.882+0000] {dag.py:4180} INFO - Setting next_dagrun for jinja_v2 to 2022-04-30 00:00:00+00:00, run_after=2022-04-30 00:00:00+00:00
[2024-10-04T01:17:14.891+0000] {processor.py:208} INFO - Processing /opt/airflow/dags/6_Jinja_v2.py took 0.038 seconds
[2024-10-04T01:17:45.582+0000] {processor.py:186} INFO - Started process (PID=332) to work on /opt/airflow/dags/6_Jinja_v2.py
[2024-10-04T01:17:45.583+0000] {processor.py:914} INFO - Processing file /opt/airflow/dags/6_Jinja_v2.py for tasks to queue
[2024-10-04T01:17:45.584+0000] {logging_mixin.py:190} INFO - [2024-10-04T01:17:45.583+0000] {dagbag.py:588} INFO - Filling up the DagBag from /opt/airflow/dags/6_Jinja_v2.py
[2024-10-04T01:17:45.588+0000] {processor.py:925} INFO - DAG(s) 'jinja_v2' retrieved from /opt/airflow/dags/6_Jinja_v2.py
[2024-10-04T01:17:45.598+0000] {logging_mixin.py:190} INFO - [2024-10-04T01:17:45.597+0000] {dag.py:3239} INFO - Sync 1 DAGs
[2024-10-04T01:17:45.606+0000] {logging_mixin.py:190} INFO - [2024-10-04T01:17:45.606+0000] {dag.py:4180} INFO - Setting next_dagrun for jinja_v2 to 2022-04-30 00:00:00+00:00, run_after=2022-04-30 00:00:00+00:00
[2024-10-04T01:17:45.613+0000] {processor.py:208} INFO - Processing /opt/airflow/dags/6_Jinja_v2.py took 0.034 seconds
[2024-10-04T01:18:16.324+0000] {processor.py:186} INFO - Started process (PID=348) to work on /opt/airflow/dags/6_Jinja_v2.py
[2024-10-04T01:18:16.324+0000] {processor.py:914} INFO - Processing file /opt/airflow/dags/6_Jinja_v2.py for tasks to queue
[2024-10-04T01:18:16.325+0000] {logging_mixin.py:190} INFO - [2024-10-04T01:18:16.325+0000] {dagbag.py:588} INFO - Filling up the DagBag from /opt/airflow/dags/6_Jinja_v2.py
[2024-10-04T01:18:16.329+0000] {processor.py:925} INFO - DAG(s) 'jinja_v2' retrieved from /opt/airflow/dags/6_Jinja_v2.py
[2024-10-04T01:18:16.340+0000] {logging_mixin.py:190} INFO - [2024-10-04T01:18:16.340+0000] {dag.py:3239} INFO - Sync 1 DAGs
[2024-10-04T01:18:16.349+0000] {logging_mixin.py:190} INFO - [2024-10-04T01:18:16.349+0000] {dag.py:4180} INFO - Setting next_dagrun for jinja_v2 to 2022-04-30 00:00:00+00:00, run_after=2022-04-30 00:00:00+00:00
[2024-10-04T01:18:16.358+0000] {processor.py:208} INFO - Processing /opt/airflow/dags/6_Jinja_v2.py took 0.037 seconds
[2024-10-04T01:18:46.981+0000] {processor.py:186} INFO - Started process (PID=364) to work on /opt/airflow/dags/6_Jinja_v2.py
[2024-10-04T01:18:46.982+0000] {processor.py:914} INFO - Processing file /opt/airflow/dags/6_Jinja_v2.py for tasks to queue
[2024-10-04T01:18:46.983+0000] {logging_mixin.py:190} INFO - [2024-10-04T01:18:46.983+0000] {dagbag.py:588} INFO - Filling up the DagBag from /opt/airflow/dags/6_Jinja_v2.py
[2024-10-04T01:18:46.987+0000] {processor.py:925} INFO - DAG(s) 'jinja_v2' retrieved from /opt/airflow/dags/6_Jinja_v2.py
[2024-10-04T01:18:46.998+0000] {logging_mixin.py:190} INFO - [2024-10-04T01:18:46.998+0000] {dag.py:3239} INFO - Sync 1 DAGs
[2024-10-04T01:18:47.007+0000] {logging_mixin.py:190} INFO - [2024-10-04T01:18:47.007+0000] {dag.py:4180} INFO - Setting next_dagrun for jinja_v2 to 2022-04-30 00:00:00+00:00, run_after=2022-04-30 00:00:00+00:00
[2024-10-04T01:18:47.016+0000] {processor.py:208} INFO - Processing /opt/airflow/dags/6_Jinja_v2.py took 0.038 seconds
[2024-10-04T01:19:17.615+0000] {processor.py:186} INFO - Started process (PID=380) to work on /opt/airflow/dags/6_Jinja_v2.py
[2024-10-04T01:19:17.616+0000] {processor.py:914} INFO - Processing file /opt/airflow/dags/6_Jinja_v2.py for tasks to queue
[2024-10-04T01:19:17.617+0000] {logging_mixin.py:190} INFO - [2024-10-04T01:19:17.617+0000] {dagbag.py:588} INFO - Filling up the DagBag from /opt/airflow/dags/6_Jinja_v2.py
[2024-10-04T01:19:17.621+0000] {processor.py:925} INFO - DAG(s) 'jinja_v2' retrieved from /opt/airflow/dags/6_Jinja_v2.py
[2024-10-04T01:19:17.633+0000] {logging_mixin.py:190} INFO - [2024-10-04T01:19:17.633+0000] {dag.py:3239} INFO - Sync 1 DAGs
[2024-10-04T01:19:17.644+0000] {logging_mixin.py:190} INFO - [2024-10-04T01:19:17.644+0000] {dag.py:4180} INFO - Setting next_dagrun for jinja_v2 to 2022-04-30 00:00:00+00:00, run_after=2022-04-30 00:00:00+00:00
[2024-10-04T01:19:17.652+0000] {processor.py:208} INFO - Processing /opt/airflow/dags/6_Jinja_v2.py took 0.041 seconds
[2024-10-04T01:19:48.160+0000] {processor.py:186} INFO - Started process (PID=512) to work on /opt/airflow/dags/6_Jinja_v2.py
[2024-10-04T01:19:48.161+0000] {processor.py:914} INFO - Processing file /opt/airflow/dags/6_Jinja_v2.py for tasks to queue
[2024-10-04T01:19:48.162+0000] {logging_mixin.py:190} INFO - [2024-10-04T01:19:48.162+0000] {dagbag.py:588} INFO - Filling up the DagBag from /opt/airflow/dags/6_Jinja_v2.py
[2024-10-04T01:19:48.167+0000] {processor.py:925} INFO - DAG(s) 'jinja_v2' retrieved from /opt/airflow/dags/6_Jinja_v2.py
[2024-10-04T01:19:48.178+0000] {logging_mixin.py:190} INFO - [2024-10-04T01:19:48.178+0000] {dag.py:3239} INFO - Sync 1 DAGs
[2024-10-04T01:19:48.189+0000] {logging_mixin.py:190} INFO - [2024-10-04T01:19:48.189+0000] {dag.py:4180} INFO - Setting next_dagrun for jinja_v2 to 2022-04-30 00:00:00+00:00, run_after=2022-04-30 00:00:00+00:00
[2024-10-04T01:19:48.198+0000] {processor.py:208} INFO - Processing /opt/airflow/dags/6_Jinja_v2.py took 0.040 seconds
[2024-10-04T01:20:18.786+0000] {processor.py:186} INFO - Started process (PID=666) to work on /opt/airflow/dags/6_Jinja_v2.py
[2024-10-04T01:20:18.787+0000] {processor.py:914} INFO - Processing file /opt/airflow/dags/6_Jinja_v2.py for tasks to queue
[2024-10-04T01:20:18.788+0000] {logging_mixin.py:190} INFO - [2024-10-04T01:20:18.788+0000] {dagbag.py:588} INFO - Filling up the DagBag from /opt/airflow/dags/6_Jinja_v2.py
[2024-10-04T01:20:18.792+0000] {processor.py:925} INFO - DAG(s) 'jinja_v2' retrieved from /opt/airflow/dags/6_Jinja_v2.py
[2024-10-04T01:20:18.804+0000] {logging_mixin.py:190} INFO - [2024-10-04T01:20:18.804+0000] {dag.py:3239} INFO - Sync 1 DAGs
[2024-10-04T01:20:18.815+0000] {logging_mixin.py:190} INFO - [2024-10-04T01:20:18.815+0000] {dag.py:4180} INFO - Setting next_dagrun for jinja_v2 to 2022-04-30 00:00:00+00:00, run_after=2022-04-30 00:00:00+00:00
[2024-10-04T01:20:18.824+0000] {processor.py:208} INFO - Processing /opt/airflow/dags/6_Jinja_v2.py took 0.041 seconds
[2024-10-04T01:20:49.440+0000] {processor.py:186} INFO - Started process (PID=838) to work on /opt/airflow/dags/6_Jinja_v2.py
[2024-10-04T01:20:49.441+0000] {processor.py:914} INFO - Processing file /opt/airflow/dags/6_Jinja_v2.py for tasks to queue
[2024-10-04T01:20:49.442+0000] {logging_mixin.py:190} INFO - [2024-10-04T01:20:49.442+0000] {dagbag.py:588} INFO - Filling up the DagBag from /opt/airflow/dags/6_Jinja_v2.py
[2024-10-04T01:20:49.447+0000] {processor.py:925} INFO - DAG(s) 'jinja_v2' retrieved from /opt/airflow/dags/6_Jinja_v2.py
[2024-10-04T01:20:49.459+0000] {logging_mixin.py:190} INFO - [2024-10-04T01:20:49.459+0000] {dag.py:3239} INFO - Sync 1 DAGs
[2024-10-04T01:20:49.470+0000] {logging_mixin.py:190} INFO - [2024-10-04T01:20:49.470+0000] {dag.py:4180} INFO - Setting next_dagrun for jinja_v2 to 2022-04-30 00:00:00+00:00, run_after=2022-04-30 00:00:00+00:00
[2024-10-04T01:20:49.480+0000] {processor.py:208} INFO - Processing /opt/airflow/dags/6_Jinja_v2.py took 0.043 seconds
[2024-10-04T01:21:20.046+0000] {processor.py:186} INFO - Started process (PID=962) to work on /opt/airflow/dags/6_Jinja_v2.py
[2024-10-04T01:21:20.047+0000] {processor.py:914} INFO - Processing file /opt/airflow/dags/6_Jinja_v2.py for tasks to queue
[2024-10-04T01:21:20.048+0000] {logging_mixin.py:190} INFO - [2024-10-04T01:21:20.048+0000] {dagbag.py:588} INFO - Filling up the DagBag from /opt/airflow/dags/6_Jinja_v2.py
[2024-10-04T01:21:20.053+0000] {processor.py:925} INFO - DAG(s) 'jinja_v2' retrieved from /opt/airflow/dags/6_Jinja_v2.py
[2024-10-04T01:21:20.064+0000] {logging_mixin.py:190} INFO - [2024-10-04T01:21:20.064+0000] {dag.py:3239} INFO - Sync 1 DAGs
[2024-10-04T01:21:20.075+0000] {logging_mixin.py:190} INFO - [2024-10-04T01:21:20.075+0000] {dag.py:4180} INFO - Setting next_dagrun for jinja_v2 to 2022-04-30 00:00:00+00:00, run_after=2022-04-30 00:00:00+00:00
[2024-10-04T01:21:20.083+0000] {processor.py:208} INFO - Processing /opt/airflow/dags/6_Jinja_v2.py took 0.041 seconds
[2024-10-04T01:21:50.757+0000] {processor.py:186} INFO - Started process (PID=978) to work on /opt/airflow/dags/6_Jinja_v2.py
[2024-10-04T01:21:50.758+0000] {processor.py:914} INFO - Processing file /opt/airflow/dags/6_Jinja_v2.py for tasks to queue
[2024-10-04T01:21:50.759+0000] {logging_mixin.py:190} INFO - [2024-10-04T01:21:50.759+0000] {dagbag.py:588} INFO - Filling up the DagBag from /opt/airflow/dags/6_Jinja_v2.py
[2024-10-04T01:21:50.763+0000] {processor.py:925} INFO - DAG(s) 'jinja_v2' retrieved from /opt/airflow/dags/6_Jinja_v2.py
[2024-10-04T01:21:50.775+0000] {logging_mixin.py:190} INFO - [2024-10-04T01:21:50.775+0000] {dag.py:3239} INFO - Sync 1 DAGs
[2024-10-04T01:21:50.785+0000] {logging_mixin.py:190} INFO - [2024-10-04T01:21:50.785+0000] {dag.py:4180} INFO - Setting next_dagrun for jinja_v2 to 2022-04-30 00:00:00+00:00, run_after=2022-04-30 00:00:00+00:00
[2024-10-04T01:21:50.795+0000] {processor.py:208} INFO - Processing /opt/airflow/dags/6_Jinja_v2.py took 0.041 seconds
[2024-10-04T01:22:21.417+0000] {processor.py:186} INFO - Started process (PID=994) to work on /opt/airflow/dags/6_Jinja_v2.py
[2024-10-04T01:22:21.418+0000] {processor.py:914} INFO - Processing file /opt/airflow/dags/6_Jinja_v2.py for tasks to queue
[2024-10-04T01:22:21.420+0000] {logging_mixin.py:190} INFO - [2024-10-04T01:22:21.419+0000] {dagbag.py:588} INFO - Filling up the DagBag from /opt/airflow/dags/6_Jinja_v2.py
[2024-10-04T01:22:21.425+0000] {processor.py:925} INFO - DAG(s) 'jinja_v2' retrieved from /opt/airflow/dags/6_Jinja_v2.py
[2024-10-04T01:22:21.436+0000] {logging_mixin.py:190} INFO - [2024-10-04T01:22:21.436+0000] {dag.py:3239} INFO - Sync 1 DAGs
[2024-10-04T01:22:21.446+0000] {logging_mixin.py:190} INFO - [2024-10-04T01:22:21.446+0000] {dag.py:4180} INFO - Setting next_dagrun for jinja_v2 to 2022-04-30 00:00:00+00:00, run_after=2022-04-30 00:00:00+00:00
[2024-10-04T01:22:21.455+0000] {processor.py:208} INFO - Processing /opt/airflow/dags/6_Jinja_v2.py took 0.041 seconds
[2024-10-04T01:22:52.085+0000] {processor.py:186} INFO - Started process (PID=1010) to work on /opt/airflow/dags/6_Jinja_v2.py
[2024-10-04T01:22:52.085+0000] {processor.py:914} INFO - Processing file /opt/airflow/dags/6_Jinja_v2.py for tasks to queue
[2024-10-04T01:22:52.086+0000] {logging_mixin.py:190} INFO - [2024-10-04T01:22:52.086+0000] {dagbag.py:588} INFO - Filling up the DagBag from /opt/airflow/dags/6_Jinja_v2.py
[2024-10-04T01:22:52.090+0000] {processor.py:925} INFO - DAG(s) 'jinja_v2' retrieved from /opt/airflow/dags/6_Jinja_v2.py
[2024-10-04T01:22:52.101+0000] {logging_mixin.py:190} INFO - [2024-10-04T01:22:52.101+0000] {dag.py:3239} INFO - Sync 1 DAGs
[2024-10-04T01:22:52.112+0000] {logging_mixin.py:190} INFO - [2024-10-04T01:22:52.111+0000] {dag.py:4180} INFO - Setting next_dagrun for jinja_v2 to 2022-04-30 00:00:00+00:00, run_after=2022-04-30 00:00:00+00:00
[2024-10-04T01:22:52.120+0000] {processor.py:208} INFO - Processing /opt/airflow/dags/6_Jinja_v2.py took 0.038 seconds
[2024-10-04T01:23:22.784+0000] {processor.py:186} INFO - Started process (PID=1026) to work on /opt/airflow/dags/6_Jinja_v2.py
[2024-10-04T01:23:22.785+0000] {processor.py:914} INFO - Processing file /opt/airflow/dags/6_Jinja_v2.py for tasks to queue
[2024-10-04T01:23:22.786+0000] {logging_mixin.py:190} INFO - [2024-10-04T01:23:22.786+0000] {dagbag.py:588} INFO - Filling up the DagBag from /opt/airflow/dags/6_Jinja_v2.py
[2024-10-04T01:23:22.790+0000] {processor.py:925} INFO - DAG(s) 'jinja_v2' retrieved from /opt/airflow/dags/6_Jinja_v2.py
[2024-10-04T01:23:22.800+0000] {logging_mixin.py:190} INFO - [2024-10-04T01:23:22.800+0000] {dag.py:3239} INFO - Sync 1 DAGs
[2024-10-04T01:23:22.810+0000] {logging_mixin.py:190} INFO - [2024-10-04T01:23:22.810+0000] {dag.py:4180} INFO - Setting next_dagrun for jinja_v2 to 2022-04-30 00:00:00+00:00, run_after=2022-04-30 00:00:00+00:00
[2024-10-04T01:23:22.818+0000] {processor.py:208} INFO - Processing /opt/airflow/dags/6_Jinja_v2.py took 0.037 seconds
[2024-10-04T01:23:53.517+0000] {processor.py:186} INFO - Started process (PID=1042) to work on /opt/airflow/dags/6_Jinja_v2.py
[2024-10-04T01:23:53.517+0000] {processor.py:914} INFO - Processing file /opt/airflow/dags/6_Jinja_v2.py for tasks to queue
[2024-10-04T01:23:53.518+0000] {logging_mixin.py:190} INFO - [2024-10-04T01:23:53.518+0000] {dagbag.py:588} INFO - Filling up the DagBag from /opt/airflow/dags/6_Jinja_v2.py
[2024-10-04T01:23:53.522+0000] {processor.py:925} INFO - DAG(s) 'jinja_v2' retrieved from /opt/airflow/dags/6_Jinja_v2.py
[2024-10-04T01:23:53.533+0000] {logging_mixin.py:190} INFO - [2024-10-04T01:23:53.533+0000] {dag.py:3239} INFO - Sync 1 DAGs
[2024-10-04T01:23:53.542+0000] {logging_mixin.py:190} INFO - [2024-10-04T01:23:53.542+0000] {dag.py:4180} INFO - Setting next_dagrun for jinja_v2 to 2022-04-30 00:00:00+00:00, run_after=2022-04-30 00:00:00+00:00
[2024-10-04T01:23:53.551+0000] {processor.py:208} INFO - Processing /opt/airflow/dags/6_Jinja_v2.py took 0.037 seconds
[2024-10-04T01:24:24.209+0000] {processor.py:186} INFO - Started process (PID=1058) to work on /opt/airflow/dags/6_Jinja_v2.py
[2024-10-04T01:24:24.210+0000] {processor.py:914} INFO - Processing file /opt/airflow/dags/6_Jinja_v2.py for tasks to queue
[2024-10-04T01:24:24.211+0000] {logging_mixin.py:190} INFO - [2024-10-04T01:24:24.211+0000] {dagbag.py:588} INFO - Filling up the DagBag from /opt/airflow/dags/6_Jinja_v2.py
[2024-10-04T01:24:24.215+0000] {processor.py:925} INFO - DAG(s) 'jinja_v2' retrieved from /opt/airflow/dags/6_Jinja_v2.py
[2024-10-04T01:24:24.226+0000] {logging_mixin.py:190} INFO - [2024-10-04T01:24:24.226+0000] {dag.py:3239} INFO - Sync 1 DAGs
[2024-10-04T01:24:24.237+0000] {logging_mixin.py:190} INFO - [2024-10-04T01:24:24.236+0000] {dag.py:4180} INFO - Setting next_dagrun for jinja_v2 to 2022-04-30 00:00:00+00:00, run_after=2022-04-30 00:00:00+00:00
[2024-10-04T01:24:24.245+0000] {processor.py:208} INFO - Processing /opt/airflow/dags/6_Jinja_v2.py took 0.040 seconds
[2024-10-04T01:24:54.844+0000] {processor.py:186} INFO - Started process (PID=1075) to work on /opt/airflow/dags/6_Jinja_v2.py
[2024-10-04T01:24:54.845+0000] {processor.py:914} INFO - Processing file /opt/airflow/dags/6_Jinja_v2.py for tasks to queue
[2024-10-04T01:24:54.846+0000] {logging_mixin.py:190} INFO - [2024-10-04T01:24:54.846+0000] {dagbag.py:588} INFO - Filling up the DagBag from /opt/airflow/dags/6_Jinja_v2.py
[2024-10-04T01:24:54.849+0000] {processor.py:925} INFO - DAG(s) 'jinja_v2' retrieved from /opt/airflow/dags/6_Jinja_v2.py
[2024-10-04T01:24:54.859+0000] {logging_mixin.py:190} INFO - [2024-10-04T01:24:54.859+0000] {dag.py:3239} INFO - Sync 1 DAGs
[2024-10-04T01:24:54.868+0000] {logging_mixin.py:190} INFO - [2024-10-04T01:24:54.868+0000] {dag.py:4180} INFO - Setting next_dagrun for jinja_v2 to 2022-04-30 00:00:00+00:00, run_after=2022-04-30 00:00:00+00:00
[2024-10-04T01:24:54.875+0000] {processor.py:208} INFO - Processing /opt/airflow/dags/6_Jinja_v2.py took 0.034 seconds
[2024-10-04T01:29:40.859+0000] {processor.py:186} INFO - Started process (PID=98) to work on /opt/airflow/dags/6_Jinja_v2.py
[2024-10-04T01:29:40.860+0000] {processor.py:914} INFO - Processing file /opt/airflow/dags/6_Jinja_v2.py for tasks to queue
[2024-10-04T01:29:40.862+0000] {logging_mixin.py:190} INFO - [2024-10-04T01:29:40.862+0000] {dagbag.py:588} INFO - Filling up the DagBag from /opt/airflow/dags/6_Jinja_v2.py
[2024-10-04T01:29:40.871+0000] {processor.py:925} INFO - DAG(s) 'jinja_v2' retrieved from /opt/airflow/dags/6_Jinja_v2.py
[2024-10-04T01:29:40.887+0000] {logging_mixin.py:190} INFO - [2024-10-04T01:29:40.887+0000] {dag.py:3239} INFO - Sync 1 DAGs
[2024-10-04T01:29:40.904+0000] {logging_mixin.py:190} INFO - [2024-10-04T01:29:40.904+0000] {dag.py:4180} INFO - Setting next_dagrun for jinja_v2 to 2022-04-30 00:00:00+00:00, run_after=2022-04-30 00:00:00+00:00
[2024-10-04T01:29:40.924+0000] {processor.py:208} INFO - Processing /opt/airflow/dags/6_Jinja_v2.py took 0.069 seconds
[2024-10-04T01:30:11.639+0000] {processor.py:186} INFO - Started process (PID=114) to work on /opt/airflow/dags/6_Jinja_v2.py
[2024-10-04T01:30:11.640+0000] {processor.py:914} INFO - Processing file /opt/airflow/dags/6_Jinja_v2.py for tasks to queue
[2024-10-04T01:30:11.641+0000] {logging_mixin.py:190} INFO - [2024-10-04T01:30:11.641+0000] {dagbag.py:588} INFO - Filling up the DagBag from /opt/airflow/dags/6_Jinja_v2.py
[2024-10-04T01:30:11.646+0000] {processor.py:925} INFO - DAG(s) 'jinja_v2' retrieved from /opt/airflow/dags/6_Jinja_v2.py
[2024-10-04T01:30:11.657+0000] {logging_mixin.py:190} INFO - [2024-10-04T01:30:11.657+0000] {dag.py:3239} INFO - Sync 1 DAGs
[2024-10-04T01:30:11.668+0000] {logging_mixin.py:190} INFO - [2024-10-04T01:30:11.667+0000] {dag.py:4180} INFO - Setting next_dagrun for jinja_v2 to 2022-04-30 00:00:00+00:00, run_after=2022-04-30 00:00:00+00:00
[2024-10-04T01:30:11.678+0000] {processor.py:208} INFO - Processing /opt/airflow/dags/6_Jinja_v2.py took 0.042 seconds
[2024-10-04T01:30:42.347+0000] {processor.py:186} INFO - Started process (PID=130) to work on /opt/airflow/dags/6_Jinja_v2.py
[2024-10-04T01:30:42.348+0000] {processor.py:914} INFO - Processing file /opt/airflow/dags/6_Jinja_v2.py for tasks to queue
[2024-10-04T01:30:42.349+0000] {logging_mixin.py:190} INFO - [2024-10-04T01:30:42.349+0000] {dagbag.py:588} INFO - Filling up the DagBag from /opt/airflow/dags/6_Jinja_v2.py
[2024-10-04T01:30:42.354+0000] {processor.py:925} INFO - DAG(s) 'jinja_v2' retrieved from /opt/airflow/dags/6_Jinja_v2.py
[2024-10-04T01:30:42.364+0000] {logging_mixin.py:190} INFO - [2024-10-04T01:30:42.364+0000] {dag.py:3239} INFO - Sync 1 DAGs
[2024-10-04T01:30:42.374+0000] {logging_mixin.py:190} INFO - [2024-10-04T01:30:42.374+0000] {dag.py:4180} INFO - Setting next_dagrun for jinja_v2 to 2022-04-30 00:00:00+00:00, run_after=2022-04-30 00:00:00+00:00
[2024-10-04T01:30:42.384+0000] {processor.py:208} INFO - Processing /opt/airflow/dags/6_Jinja_v2.py took 0.039 seconds
[2024-10-04T01:31:13.044+0000] {processor.py:186} INFO - Started process (PID=146) to work on /opt/airflow/dags/6_Jinja_v2.py
[2024-10-04T01:31:13.044+0000] {processor.py:914} INFO - Processing file /opt/airflow/dags/6_Jinja_v2.py for tasks to queue
[2024-10-04T01:31:13.046+0000] {logging_mixin.py:190} INFO - [2024-10-04T01:31:13.045+0000] {dagbag.py:588} INFO - Filling up the DagBag from /opt/airflow/dags/6_Jinja_v2.py
[2024-10-04T01:31:13.050+0000] {processor.py:925} INFO - DAG(s) 'jinja_v2' retrieved from /opt/airflow/dags/6_Jinja_v2.py
[2024-10-04T01:31:13.062+0000] {logging_mixin.py:190} INFO - [2024-10-04T01:31:13.062+0000] {dag.py:3239} INFO - Sync 1 DAGs
[2024-10-04T01:31:13.074+0000] {logging_mixin.py:190} INFO - [2024-10-04T01:31:13.074+0000] {dag.py:4180} INFO - Setting next_dagrun for jinja_v2 to 2022-04-30 00:00:00+00:00, run_after=2022-04-30 00:00:00+00:00
[2024-10-04T01:31:13.083+0000] {processor.py:208} INFO - Processing /opt/airflow/dags/6_Jinja_v2.py took 0.043 seconds
[2024-10-04T01:31:43.659+0000] {processor.py:186} INFO - Started process (PID=162) to work on /opt/airflow/dags/6_Jinja_v2.py
[2024-10-04T01:31:43.660+0000] {processor.py:914} INFO - Processing file /opt/airflow/dags/6_Jinja_v2.py for tasks to queue
[2024-10-04T01:31:43.661+0000] {logging_mixin.py:190} INFO - [2024-10-04T01:31:43.661+0000] {dagbag.py:588} INFO - Filling up the DagBag from /opt/airflow/dags/6_Jinja_v2.py
[2024-10-04T01:31:43.665+0000] {processor.py:925} INFO - DAG(s) 'jinja_v2' retrieved from /opt/airflow/dags/6_Jinja_v2.py
[2024-10-04T01:31:43.675+0000] {logging_mixin.py:190} INFO - [2024-10-04T01:31:43.675+0000] {dag.py:3239} INFO - Sync 1 DAGs
[2024-10-04T01:31:43.684+0000] {logging_mixin.py:190} INFO - [2024-10-04T01:31:43.684+0000] {dag.py:4180} INFO - Setting next_dagrun for jinja_v2 to 2022-04-30 00:00:00+00:00, run_after=2022-04-30 00:00:00+00:00
[2024-10-04T01:31:43.693+0000] {processor.py:208} INFO - Processing /opt/airflow/dags/6_Jinja_v2.py took 0.037 seconds
[2024-10-04T01:32:14.373+0000] {processor.py:186} INFO - Started process (PID=178) to work on /opt/airflow/dags/6_Jinja_v2.py
[2024-10-04T01:32:14.374+0000] {processor.py:914} INFO - Processing file /opt/airflow/dags/6_Jinja_v2.py for tasks to queue
[2024-10-04T01:32:14.375+0000] {logging_mixin.py:190} INFO - [2024-10-04T01:32:14.374+0000] {dagbag.py:588} INFO - Filling up the DagBag from /opt/airflow/dags/6_Jinja_v2.py
[2024-10-04T01:32:14.379+0000] {processor.py:925} INFO - DAG(s) 'jinja_v2' retrieved from /opt/airflow/dags/6_Jinja_v2.py
[2024-10-04T01:32:14.390+0000] {logging_mixin.py:190} INFO - [2024-10-04T01:32:14.390+0000] {dag.py:3239} INFO - Sync 1 DAGs
[2024-10-04T01:32:14.400+0000] {logging_mixin.py:190} INFO - [2024-10-04T01:32:14.400+0000] {dag.py:4180} INFO - Setting next_dagrun for jinja_v2 to 2022-04-30 00:00:00+00:00, run_after=2022-04-30 00:00:00+00:00
[2024-10-04T01:32:14.410+0000] {processor.py:208} INFO - Processing /opt/airflow/dags/6_Jinja_v2.py took 0.040 seconds
[2024-10-04T01:32:45.117+0000] {processor.py:186} INFO - Started process (PID=200) to work on /opt/airflow/dags/6_Jinja_v2.py
[2024-10-04T01:32:45.118+0000] {processor.py:914} INFO - Processing file /opt/airflow/dags/6_Jinja_v2.py for tasks to queue
[2024-10-04T01:32:45.119+0000] {logging_mixin.py:190} INFO - [2024-10-04T01:32:45.119+0000] {dagbag.py:588} INFO - Filling up the DagBag from /opt/airflow/dags/6_Jinja_v2.py
[2024-10-04T01:32:45.124+0000] {processor.py:925} INFO - DAG(s) 'jinja_v2' retrieved from /opt/airflow/dags/6_Jinja_v2.py
[2024-10-04T01:32:45.135+0000] {logging_mixin.py:190} INFO - [2024-10-04T01:32:45.135+0000] {dag.py:3239} INFO - Sync 1 DAGs
[2024-10-04T01:32:45.146+0000] {logging_mixin.py:190} INFO - [2024-10-04T01:32:45.146+0000] {dag.py:4180} INFO - Setting next_dagrun for jinja_v2 to 2022-04-30 00:00:00+00:00, run_after=2022-04-30 00:00:00+00:00
[2024-10-04T01:32:45.155+0000] {processor.py:208} INFO - Processing /opt/airflow/dags/6_Jinja_v2.py took 0.042 seconds
[2024-10-04T01:33:15.832+0000] {processor.py:186} INFO - Started process (PID=216) to work on /opt/airflow/dags/6_Jinja_v2.py
[2024-10-04T01:33:15.832+0000] {processor.py:914} INFO - Processing file /opt/airflow/dags/6_Jinja_v2.py for tasks to queue
[2024-10-04T01:33:15.834+0000] {logging_mixin.py:190} INFO - [2024-10-04T01:33:15.834+0000] {dagbag.py:588} INFO - Filling up the DagBag from /opt/airflow/dags/6_Jinja_v2.py
[2024-10-04T01:33:15.838+0000] {processor.py:925} INFO - DAG(s) 'jinja_v2' retrieved from /opt/airflow/dags/6_Jinja_v2.py
[2024-10-04T01:33:15.849+0000] {logging_mixin.py:190} INFO - [2024-10-04T01:33:15.849+0000] {dag.py:3239} INFO - Sync 1 DAGs
[2024-10-04T01:33:15.860+0000] {logging_mixin.py:190} INFO - [2024-10-04T01:33:15.859+0000] {dag.py:4180} INFO - Setting next_dagrun for jinja_v2 to 2022-04-30 00:00:00+00:00, run_after=2022-04-30 00:00:00+00:00
[2024-10-04T01:33:15.868+0000] {processor.py:208} INFO - Processing /opt/airflow/dags/6_Jinja_v2.py took 0.040 seconds
[2024-10-04T01:33:46.545+0000] {processor.py:186} INFO - Started process (PID=232) to work on /opt/airflow/dags/6_Jinja_v2.py
[2024-10-04T01:33:46.546+0000] {processor.py:914} INFO - Processing file /opt/airflow/dags/6_Jinja_v2.py for tasks to queue
[2024-10-04T01:33:46.547+0000] {logging_mixin.py:190} INFO - [2024-10-04T01:33:46.547+0000] {dagbag.py:588} INFO - Filling up the DagBag from /opt/airflow/dags/6_Jinja_v2.py
[2024-10-04T01:33:46.551+0000] {processor.py:925} INFO - DAG(s) 'jinja_v2' retrieved from /opt/airflow/dags/6_Jinja_v2.py
[2024-10-04T01:33:46.561+0000] {logging_mixin.py:190} INFO - [2024-10-04T01:33:46.561+0000] {dag.py:3239} INFO - Sync 1 DAGs
[2024-10-04T01:33:46.571+0000] {logging_mixin.py:190} INFO - [2024-10-04T01:33:46.570+0000] {dag.py:4180} INFO - Setting next_dagrun for jinja_v2 to 2022-04-30 00:00:00+00:00, run_after=2022-04-30 00:00:00+00:00
[2024-10-04T01:33:46.578+0000] {processor.py:208} INFO - Processing /opt/airflow/dags/6_Jinja_v2.py took 0.036 seconds
[2024-10-04T01:34:17.219+0000] {processor.py:186} INFO - Started process (PID=248) to work on /opt/airflow/dags/6_Jinja_v2.py
[2024-10-04T01:34:17.220+0000] {processor.py:914} INFO - Processing file /opt/airflow/dags/6_Jinja_v2.py for tasks to queue
[2024-10-04T01:34:17.221+0000] {logging_mixin.py:190} INFO - [2024-10-04T01:34:17.221+0000] {dagbag.py:588} INFO - Filling up the DagBag from /opt/airflow/dags/6_Jinja_v2.py
[2024-10-04T01:34:17.226+0000] {processor.py:925} INFO - DAG(s) 'jinja_v2' retrieved from /opt/airflow/dags/6_Jinja_v2.py
[2024-10-04T01:34:17.237+0000] {logging_mixin.py:190} INFO - [2024-10-04T01:34:17.237+0000] {dag.py:3239} INFO - Sync 1 DAGs
[2024-10-04T01:34:17.247+0000] {logging_mixin.py:190} INFO - [2024-10-04T01:34:17.247+0000] {dag.py:4180} INFO - Setting next_dagrun for jinja_v2 to 2022-04-30 00:00:00+00:00, run_after=2022-04-30 00:00:00+00:00
[2024-10-04T01:34:17.256+0000] {processor.py:208} INFO - Processing /opt/airflow/dags/6_Jinja_v2.py took 0.040 seconds
