[2024-10-04T01:04:58.356+0000] {processor.py:186} INFO - Started process (PID=96) to work on /opt/airflow/dags/8_toKafka.py
[2024-10-04T01:04:58.356+0000] {processor.py:914} INFO - Processing file /opt/airflow/dags/8_toKafka.py for tasks to queue
[2024-10-04T01:04:58.358+0000] {logging_mixin.py:190} INFO - [2024-10-04T01:04:58.358+0000] {dagbag.py:588} INFO - Filling up the DagBag from /opt/airflow/dags/8_toKafka.py
[2024-10-04T01:04:58.363+0000] {processor.py:925} INFO - DAG(s) 'kafka-connect' retrieved from /opt/airflow/dags/8_toKafka.py
[2024-10-04T01:04:58.420+0000] {logging_mixin.py:190} INFO - [2024-10-04T01:04:58.420+0000] {override.py:1900} INFO - Created Permission View: can delete on DAG:kafka-connect
[2024-10-04T01:04:58.432+0000] {logging_mixin.py:190} INFO - [2024-10-04T01:04:58.432+0000] {override.py:1900} INFO - Created Permission View: can edit on DAG:kafka-connect
[2024-10-04T01:04:58.436+0000] {logging_mixin.py:190} INFO - [2024-10-04T01:04:58.436+0000] {override.py:1900} INFO - Created Permission View: can read on DAG:kafka-connect
[2024-10-04T01:04:58.443+0000] {logging_mixin.py:190} INFO - [2024-10-04T01:04:58.442+0000] {override.py:1900} INFO - Created Permission View: menu access on DAG Run:kafka-connect
[2024-10-04T01:04:58.449+0000] {logging_mixin.py:190} INFO - [2024-10-04T01:04:58.449+0000] {override.py:1900} INFO - Created Permission View: can create on DAG Run:kafka-connect
[2024-10-04T01:04:58.453+0000] {logging_mixin.py:190} INFO - [2024-10-04T01:04:58.453+0000] {override.py:1900} INFO - Created Permission View: can delete on DAG Run:kafka-connect
[2024-10-04T01:04:58.456+0000] {logging_mixin.py:190} INFO - [2024-10-04T01:04:58.456+0000] {override.py:1900} INFO - Created Permission View: can read on DAG Run:kafka-connect
[2024-10-04T01:04:58.456+0000] {logging_mixin.py:190} INFO - [2024-10-04T01:04:58.456+0000] {dag.py:3239} INFO - Sync 1 DAGs
[2024-10-04T01:04:58.463+0000] {logging_mixin.py:190} INFO - [2024-10-04T01:04:58.463+0000] {dag.py:3262} INFO - Creating ORM DAG for kafka-connect
[2024-10-04T01:04:58.468+0000] {logging_mixin.py:190} INFO - [2024-10-04T01:04:58.468+0000] {dag.py:4180} INFO - Setting next_dagrun for kafka-connect to 2024-10-04 01:03:00+00:00, run_after=2024-10-04 01:04:00+00:00
[2024-10-04T01:04:58.477+0000] {processor.py:208} INFO - Processing /opt/airflow/dags/8_toKafka.py took 0.124 seconds
[2024-10-04T01:05:28.789+0000] {processor.py:186} INFO - Started process (PID=168) to work on /opt/airflow/dags/8_toKafka.py
[2024-10-04T01:05:28.790+0000] {processor.py:914} INFO - Processing file /opt/airflow/dags/8_toKafka.py for tasks to queue
[2024-10-04T01:05:28.791+0000] {logging_mixin.py:190} INFO - [2024-10-04T01:05:28.791+0000] {dagbag.py:588} INFO - Filling up the DagBag from /opt/airflow/dags/8_toKafka.py
[2024-10-04T01:05:28.795+0000] {processor.py:925} INFO - DAG(s) 'kafka-connect' retrieved from /opt/airflow/dags/8_toKafka.py
[2024-10-04T01:05:28.804+0000] {logging_mixin.py:190} INFO - [2024-10-04T01:05:28.804+0000] {dag.py:3239} INFO - Sync 1 DAGs
[2024-10-04T01:05:28.814+0000] {logging_mixin.py:190} INFO - [2024-10-04T01:05:28.814+0000] {dag.py:4180} INFO - Setting next_dagrun for kafka-connect to 2024-10-04 01:04:00+00:00, run_after=2024-10-04 01:05:00+00:00
[2024-10-04T01:05:28.823+0000] {processor.py:208} INFO - Processing /opt/airflow/dags/8_toKafka.py took 0.037 seconds
[2024-10-04T01:05:59.398+0000] {processor.py:186} INFO - Started process (PID=240) to work on /opt/airflow/dags/8_toKafka.py
[2024-10-04T01:05:59.399+0000] {processor.py:914} INFO - Processing file /opt/airflow/dags/8_toKafka.py for tasks to queue
[2024-10-04T01:05:59.400+0000] {logging_mixin.py:190} INFO - [2024-10-04T01:05:59.400+0000] {dagbag.py:588} INFO - Filling up the DagBag from /opt/airflow/dags/8_toKafka.py
[2024-10-04T01:05:59.404+0000] {processor.py:925} INFO - DAG(s) 'kafka-connect' retrieved from /opt/airflow/dags/8_toKafka.py
[2024-10-04T01:05:59.414+0000] {logging_mixin.py:190} INFO - [2024-10-04T01:05:59.413+0000] {dag.py:3239} INFO - Sync 1 DAGs
[2024-10-04T01:05:59.423+0000] {logging_mixin.py:190} INFO - [2024-10-04T01:05:59.423+0000] {dag.py:4180} INFO - Setting next_dagrun for kafka-connect to 2024-10-04 01:04:00+00:00, run_after=2024-10-04 01:05:00+00:00
[2024-10-04T01:05:59.433+0000] {processor.py:208} INFO - Processing /opt/airflow/dags/8_toKafka.py took 0.037 seconds
[2024-10-04T01:06:29.977+0000] {processor.py:186} INFO - Started process (PID=312) to work on /opt/airflow/dags/8_toKafka.py
[2024-10-04T01:06:29.978+0000] {processor.py:914} INFO - Processing file /opt/airflow/dags/8_toKafka.py for tasks to queue
[2024-10-04T01:06:29.979+0000] {logging_mixin.py:190} INFO - [2024-10-04T01:06:29.979+0000] {dagbag.py:588} INFO - Filling up the DagBag from /opt/airflow/dags/8_toKafka.py
[2024-10-04T01:06:29.984+0000] {processor.py:925} INFO - DAG(s) 'kafka-connect' retrieved from /opt/airflow/dags/8_toKafka.py
[2024-10-04T01:06:29.993+0000] {logging_mixin.py:190} INFO - [2024-10-04T01:06:29.993+0000] {dag.py:3239} INFO - Sync 1 DAGs
[2024-10-04T01:06:30.003+0000] {logging_mixin.py:190} INFO - [2024-10-04T01:06:30.003+0000] {dag.py:4180} INFO - Setting next_dagrun for kafka-connect to 2024-10-04 01:05:00+00:00, run_after=2024-10-04 01:06:00+00:00
[2024-10-04T01:06:30.013+0000] {processor.py:208} INFO - Processing /opt/airflow/dags/8_toKafka.py took 0.039 seconds
[2024-10-04T01:07:00.172+0000] {processor.py:186} INFO - Started process (PID=384) to work on /opt/airflow/dags/8_toKafka.py
[2024-10-04T01:07:00.172+0000] {processor.py:914} INFO - Processing file /opt/airflow/dags/8_toKafka.py for tasks to queue
[2024-10-04T01:07:00.174+0000] {logging_mixin.py:190} INFO - [2024-10-04T01:07:00.174+0000] {dagbag.py:588} INFO - Filling up the DagBag from /opt/airflow/dags/8_toKafka.py
[2024-10-04T01:07:00.179+0000] {processor.py:925} INFO - DAG(s) 'kafka-connect' retrieved from /opt/airflow/dags/8_toKafka.py
[2024-10-04T01:07:00.190+0000] {logging_mixin.py:190} INFO - [2024-10-04T01:07:00.190+0000] {dag.py:3239} INFO - Sync 1 DAGs
[2024-10-04T01:07:00.204+0000] {logging_mixin.py:190} INFO - [2024-10-04T01:07:00.204+0000] {dag.py:4180} INFO - Setting next_dagrun for kafka-connect to 2024-10-04 01:06:00+00:00, run_after=2024-10-04 01:07:00+00:00
[2024-10-04T01:07:00.213+0000] {processor.py:208} INFO - Processing /opt/airflow/dags/8_toKafka.py took 0.045 seconds
[2024-10-04T01:07:30.420+0000] {processor.py:186} INFO - Started process (PID=456) to work on /opt/airflow/dags/8_toKafka.py
[2024-10-04T01:07:30.420+0000] {processor.py:914} INFO - Processing file /opt/airflow/dags/8_toKafka.py for tasks to queue
[2024-10-04T01:07:30.422+0000] {logging_mixin.py:190} INFO - [2024-10-04T01:07:30.421+0000] {dagbag.py:588} INFO - Filling up the DagBag from /opt/airflow/dags/8_toKafka.py
[2024-10-04T01:07:30.426+0000] {processor.py:925} INFO - DAG(s) 'kafka-connect' retrieved from /opt/airflow/dags/8_toKafka.py
[2024-10-04T01:07:30.435+0000] {logging_mixin.py:190} INFO - [2024-10-04T01:07:30.435+0000] {dag.py:3239} INFO - Sync 1 DAGs
[2024-10-04T01:07:30.446+0000] {logging_mixin.py:190} INFO - [2024-10-04T01:07:30.446+0000] {dag.py:4180} INFO - Setting next_dagrun for kafka-connect to 2024-10-04 01:06:00+00:00, run_after=2024-10-04 01:07:00+00:00
[2024-10-04T01:07:30.455+0000] {processor.py:208} INFO - Processing /opt/airflow/dags/8_toKafka.py took 0.038 seconds
[2024-10-04T01:08:00.601+0000] {processor.py:186} INFO - Started process (PID=528) to work on /opt/airflow/dags/8_toKafka.py
[2024-10-04T01:08:00.602+0000] {processor.py:914} INFO - Processing file /opt/airflow/dags/8_toKafka.py for tasks to queue
[2024-10-04T01:08:00.603+0000] {logging_mixin.py:190} INFO - [2024-10-04T01:08:00.603+0000] {dagbag.py:588} INFO - Filling up the DagBag from /opt/airflow/dags/8_toKafka.py
[2024-10-04T01:08:00.607+0000] {processor.py:925} INFO - DAG(s) 'kafka-connect' retrieved from /opt/airflow/dags/8_toKafka.py
[2024-10-04T01:08:00.617+0000] {logging_mixin.py:190} INFO - [2024-10-04T01:08:00.617+0000] {dag.py:3239} INFO - Sync 1 DAGs
[2024-10-04T01:08:00.628+0000] {logging_mixin.py:190} INFO - [2024-10-04T01:08:00.628+0000] {dag.py:4180} INFO - Setting next_dagrun for kafka-connect to 2024-10-04 01:07:00+00:00, run_after=2024-10-04 01:08:00+00:00
[2024-10-04T01:08:00.639+0000] {processor.py:208} INFO - Processing /opt/airflow/dags/8_toKafka.py took 0.042 seconds
[2024-10-04T01:08:30.802+0000] {processor.py:186} INFO - Started process (PID=600) to work on /opt/airflow/dags/8_toKafka.py
[2024-10-04T01:08:30.803+0000] {processor.py:914} INFO - Processing file /opt/airflow/dags/8_toKafka.py for tasks to queue
[2024-10-04T01:08:30.804+0000] {logging_mixin.py:190} INFO - [2024-10-04T01:08:30.804+0000] {dagbag.py:588} INFO - Filling up the DagBag from /opt/airflow/dags/8_toKafka.py
[2024-10-04T01:08:30.808+0000] {processor.py:925} INFO - DAG(s) 'kafka-connect' retrieved from /opt/airflow/dags/8_toKafka.py
[2024-10-04T01:08:30.817+0000] {logging_mixin.py:190} INFO - [2024-10-04T01:08:30.817+0000] {dag.py:3239} INFO - Sync 1 DAGs
[2024-10-04T01:08:30.828+0000] {logging_mixin.py:190} INFO - [2024-10-04T01:08:30.828+0000] {dag.py:4180} INFO - Setting next_dagrun for kafka-connect to 2024-10-04 01:07:00+00:00, run_after=2024-10-04 01:08:00+00:00
[2024-10-04T01:08:30.840+0000] {processor.py:208} INFO - Processing /opt/airflow/dags/8_toKafka.py took 0.042 seconds
[2024-10-04T01:09:01.880+0000] {processor.py:186} INFO - Started process (PID=678) to work on /opt/airflow/dags/8_toKafka.py
[2024-10-04T01:09:01.881+0000] {processor.py:914} INFO - Processing file /opt/airflow/dags/8_toKafka.py for tasks to queue
[2024-10-04T01:09:01.882+0000] {logging_mixin.py:190} INFO - [2024-10-04T01:09:01.882+0000] {dagbag.py:588} INFO - Filling up the DagBag from /opt/airflow/dags/8_toKafka.py
[2024-10-04T01:09:01.886+0000] {processor.py:925} INFO - DAG(s) 'kafka-connect' retrieved from /opt/airflow/dags/8_toKafka.py
[2024-10-04T01:09:01.895+0000] {logging_mixin.py:190} INFO - [2024-10-04T01:09:01.895+0000] {dag.py:3239} INFO - Sync 1 DAGs
[2024-10-04T01:09:01.905+0000] {logging_mixin.py:190} INFO - [2024-10-04T01:09:01.905+0000] {dag.py:4180} INFO - Setting next_dagrun for kafka-connect to 2024-10-04 01:08:00+00:00, run_after=2024-10-04 01:09:00+00:00
[2024-10-04T01:09:01.917+0000] {processor.py:208} INFO - Processing /opt/airflow/dags/8_toKafka.py took 0.039 seconds
[2024-10-04T01:09:32.145+0000] {processor.py:186} INFO - Started process (PID=750) to work on /opt/airflow/dags/8_toKafka.py
[2024-10-04T01:09:32.145+0000] {processor.py:914} INFO - Processing file /opt/airflow/dags/8_toKafka.py for tasks to queue
[2024-10-04T01:09:32.147+0000] {logging_mixin.py:190} INFO - [2024-10-04T01:09:32.147+0000] {dagbag.py:588} INFO - Filling up the DagBag from /opt/airflow/dags/8_toKafka.py
[2024-10-04T01:09:32.151+0000] {processor.py:925} INFO - DAG(s) 'kafka-connect' retrieved from /opt/airflow/dags/8_toKafka.py
[2024-10-04T01:09:32.161+0000] {logging_mixin.py:190} INFO - [2024-10-04T01:09:32.161+0000] {dag.py:3239} INFO - Sync 1 DAGs
[2024-10-04T01:09:32.172+0000] {logging_mixin.py:190} INFO - [2024-10-04T01:09:32.172+0000] {dag.py:4180} INFO - Setting next_dagrun for kafka-connect to 2024-10-04 01:08:00+00:00, run_after=2024-10-04 01:09:00+00:00
[2024-10-04T01:09:32.182+0000] {processor.py:208} INFO - Processing /opt/airflow/dags/8_toKafka.py took 0.040 seconds
[2024-10-04T01:10:35.407+0000] {processor.py:186} INFO - Started process (PID=95) to work on /opt/airflow/dags/8_toKafka.py
[2024-10-04T01:10:35.408+0000] {processor.py:914} INFO - Processing file /opt/airflow/dags/8_toKafka.py for tasks to queue
[2024-10-04T01:10:35.414+0000] {logging_mixin.py:190} INFO - [2024-10-04T01:10:35.412+0000] {dagbag.py:588} INFO - Filling up the DagBag from /opt/airflow/dags/8_toKafka.py
[2024-10-04T01:10:35.425+0000] {processor.py:925} INFO - DAG(s) 'kafka-connect' retrieved from /opt/airflow/dags/8_toKafka.py
[2024-10-04T01:10:35.452+0000] {logging_mixin.py:190} INFO - [2024-10-04T01:10:35.452+0000] {dag.py:3239} INFO - Sync 1 DAGs
[2024-10-04T01:10:35.474+0000] {logging_mixin.py:190} INFO - [2024-10-04T01:10:35.474+0000] {dag.py:4180} INFO - Setting next_dagrun for kafka-connect to 2024-10-04 01:09:00+00:00, run_after=2024-10-04 01:10:00+00:00
[2024-10-04T01:10:35.489+0000] {processor.py:208} INFO - Processing /opt/airflow/dags/8_toKafka.py took 0.087 seconds
[2024-10-04T01:11:06.148+0000] {processor.py:186} INFO - Started process (PID=111) to work on /opt/airflow/dags/8_toKafka.py
[2024-10-04T01:11:06.149+0000] {processor.py:914} INFO - Processing file /opt/airflow/dags/8_toKafka.py for tasks to queue
[2024-10-04T01:11:06.152+0000] {logging_mixin.py:190} INFO - [2024-10-04T01:11:06.150+0000] {dagbag.py:588} INFO - Filling up the DagBag from /opt/airflow/dags/8_toKafka.py
[2024-10-04T01:11:06.156+0000] {processor.py:925} INFO - DAG(s) 'kafka-connect' retrieved from /opt/airflow/dags/8_toKafka.py
[2024-10-04T01:11:06.167+0000] {logging_mixin.py:190} INFO - [2024-10-04T01:11:06.167+0000] {dag.py:3239} INFO - Sync 1 DAGs
[2024-10-04T01:11:06.178+0000] {logging_mixin.py:190} INFO - [2024-10-04T01:11:06.178+0000] {dag.py:4180} INFO - Setting next_dagrun for kafka-connect to 2024-10-04 01:10:00+00:00, run_after=2024-10-04 01:11:00+00:00
[2024-10-04T01:11:06.188+0000] {processor.py:208} INFO - Processing /opt/airflow/dags/8_toKafka.py took 0.042 seconds
[2024-10-04T01:11:36.840+0000] {processor.py:186} INFO - Started process (PID=127) to work on /opt/airflow/dags/8_toKafka.py
[2024-10-04T01:11:36.841+0000] {processor.py:914} INFO - Processing file /opt/airflow/dags/8_toKafka.py for tasks to queue
[2024-10-04T01:11:36.842+0000] {logging_mixin.py:190} INFO - [2024-10-04T01:11:36.842+0000] {dagbag.py:588} INFO - Filling up the DagBag from /opt/airflow/dags/8_toKafka.py
[2024-10-04T01:11:36.845+0000] {processor.py:925} INFO - DAG(s) 'kafka-connect' retrieved from /opt/airflow/dags/8_toKafka.py
[2024-10-04T01:11:36.856+0000] {logging_mixin.py:190} INFO - [2024-10-04T01:11:36.856+0000] {dag.py:3239} INFO - Sync 1 DAGs
[2024-10-04T01:11:36.866+0000] {logging_mixin.py:190} INFO - [2024-10-04T01:11:36.865+0000] {dag.py:4180} INFO - Setting next_dagrun for kafka-connect to 2024-10-04 01:10:00+00:00, run_after=2024-10-04 01:11:00+00:00
[2024-10-04T01:11:36.873+0000] {processor.py:208} INFO - Processing /opt/airflow/dags/8_toKafka.py took 0.036 seconds
[2024-10-04T01:12:07.516+0000] {processor.py:186} INFO - Started process (PID=143) to work on /opt/airflow/dags/8_toKafka.py
[2024-10-04T01:12:07.517+0000] {processor.py:914} INFO - Processing file /opt/airflow/dags/8_toKafka.py for tasks to queue
[2024-10-04T01:12:07.518+0000] {logging_mixin.py:190} INFO - [2024-10-04T01:12:07.518+0000] {dagbag.py:588} INFO - Filling up the DagBag from /opt/airflow/dags/8_toKafka.py
[2024-10-04T01:12:07.523+0000] {processor.py:925} INFO - DAG(s) 'kafka-connect' retrieved from /opt/airflow/dags/8_toKafka.py
[2024-10-04T01:12:07.535+0000] {logging_mixin.py:190} INFO - [2024-10-04T01:12:07.535+0000] {dag.py:3239} INFO - Sync 1 DAGs
[2024-10-04T01:12:07.547+0000] {logging_mixin.py:190} INFO - [2024-10-04T01:12:07.547+0000] {dag.py:4180} INFO - Setting next_dagrun for kafka-connect to 2024-10-04 01:11:00+00:00, run_after=2024-10-04 01:12:00+00:00
[2024-10-04T01:12:07.556+0000] {processor.py:208} INFO - Processing /opt/airflow/dags/8_toKafka.py took 0.043 seconds
[2024-10-04T01:12:38.225+0000] {processor.py:186} INFO - Started process (PID=159) to work on /opt/airflow/dags/8_toKafka.py
[2024-10-04T01:12:38.226+0000] {processor.py:914} INFO - Processing file /opt/airflow/dags/8_toKafka.py for tasks to queue
[2024-10-04T01:12:38.227+0000] {logging_mixin.py:190} INFO - [2024-10-04T01:12:38.227+0000] {dagbag.py:588} INFO - Filling up the DagBag from /opt/airflow/dags/8_toKafka.py
[2024-10-04T01:12:38.231+0000] {processor.py:925} INFO - DAG(s) 'kafka-connect' retrieved from /opt/airflow/dags/8_toKafka.py
[2024-10-04T01:12:38.243+0000] {logging_mixin.py:190} INFO - [2024-10-04T01:12:38.243+0000] {dag.py:3239} INFO - Sync 1 DAGs
[2024-10-04T01:12:38.254+0000] {logging_mixin.py:190} INFO - [2024-10-04T01:12:38.254+0000] {dag.py:4180} INFO - Setting next_dagrun for kafka-connect to 2024-10-04 01:11:00+00:00, run_after=2024-10-04 01:12:00+00:00
[2024-10-04T01:12:38.264+0000] {processor.py:208} INFO - Processing /opt/airflow/dags/8_toKafka.py took 0.042 seconds
[2024-10-04T01:13:08.946+0000] {processor.py:186} INFO - Started process (PID=175) to work on /opt/airflow/dags/8_toKafka.py
[2024-10-04T01:13:08.947+0000] {processor.py:914} INFO - Processing file /opt/airflow/dags/8_toKafka.py for tasks to queue
[2024-10-04T01:13:08.949+0000] {logging_mixin.py:190} INFO - [2024-10-04T01:13:08.948+0000] {dagbag.py:588} INFO - Filling up the DagBag from /opt/airflow/dags/8_toKafka.py
[2024-10-04T01:13:08.953+0000] {processor.py:925} INFO - DAG(s) 'kafka-connect' retrieved from /opt/airflow/dags/8_toKafka.py
[2024-10-04T01:13:08.964+0000] {logging_mixin.py:190} INFO - [2024-10-04T01:13:08.964+0000] {dag.py:3239} INFO - Sync 1 DAGs
[2024-10-04T01:13:08.976+0000] {logging_mixin.py:190} INFO - [2024-10-04T01:13:08.976+0000] {dag.py:4180} INFO - Setting next_dagrun for kafka-connect to 2024-10-04 01:12:00+00:00, run_after=2024-10-04 01:13:00+00:00
[2024-10-04T01:13:08.986+0000] {processor.py:208} INFO - Processing /opt/airflow/dags/8_toKafka.py took 0.043 seconds
[2024-10-04T01:13:39.617+0000] {processor.py:186} INFO - Started process (PID=201) to work on /opt/airflow/dags/8_toKafka.py
[2024-10-04T01:13:39.618+0000] {processor.py:914} INFO - Processing file /opt/airflow/dags/8_toKafka.py for tasks to queue
[2024-10-04T01:13:39.619+0000] {logging_mixin.py:190} INFO - [2024-10-04T01:13:39.619+0000] {dagbag.py:588} INFO - Filling up the DagBag from /opt/airflow/dags/8_toKafka.py
[2024-10-04T01:13:39.624+0000] {processor.py:925} INFO - DAG(s) 'kafka-connect' retrieved from /opt/airflow/dags/8_toKafka.py
[2024-10-04T01:13:39.635+0000] {logging_mixin.py:190} INFO - [2024-10-04T01:13:39.634+0000] {dag.py:3239} INFO - Sync 1 DAGs
[2024-10-04T01:13:39.646+0000] {logging_mixin.py:190} INFO - [2024-10-04T01:13:39.646+0000] {dag.py:4180} INFO - Setting next_dagrun for kafka-connect to 2024-10-04 01:12:00+00:00, run_after=2024-10-04 01:13:00+00:00
[2024-10-04T01:13:39.655+0000] {processor.py:208} INFO - Processing /opt/airflow/dags/8_toKafka.py took 0.041 seconds
[2024-10-04T01:14:10.397+0000] {processor.py:186} INFO - Started process (PID=217) to work on /opt/airflow/dags/8_toKafka.py
[2024-10-04T01:14:10.398+0000] {processor.py:914} INFO - Processing file /opt/airflow/dags/8_toKafka.py for tasks to queue
[2024-10-04T01:14:10.399+0000] {logging_mixin.py:190} INFO - [2024-10-04T01:14:10.399+0000] {dagbag.py:588} INFO - Filling up the DagBag from /opt/airflow/dags/8_toKafka.py
[2024-10-04T01:14:10.404+0000] {processor.py:925} INFO - DAG(s) 'kafka-connect' retrieved from /opt/airflow/dags/8_toKafka.py
[2024-10-04T01:14:10.416+0000] {logging_mixin.py:190} INFO - [2024-10-04T01:14:10.416+0000] {dag.py:3239} INFO - Sync 1 DAGs
[2024-10-04T01:14:10.428+0000] {logging_mixin.py:190} INFO - [2024-10-04T01:14:10.428+0000] {dag.py:4180} INFO - Setting next_dagrun for kafka-connect to 2024-10-04 01:13:00+00:00, run_after=2024-10-04 01:14:00+00:00
[2024-10-04T01:14:10.438+0000] {processor.py:208} INFO - Processing /opt/airflow/dags/8_toKafka.py took 0.044 seconds
[2024-10-04T01:14:41.258+0000] {processor.py:186} INFO - Started process (PID=234) to work on /opt/airflow/dags/8_toKafka.py
[2024-10-04T01:14:41.259+0000] {processor.py:914} INFO - Processing file /opt/airflow/dags/8_toKafka.py for tasks to queue
[2024-10-04T01:14:41.260+0000] {logging_mixin.py:190} INFO - [2024-10-04T01:14:41.260+0000] {dagbag.py:588} INFO - Filling up the DagBag from /opt/airflow/dags/8_toKafka.py
[2024-10-04T01:14:41.264+0000] {processor.py:925} INFO - DAG(s) 'kafka-connect' retrieved from /opt/airflow/dags/8_toKafka.py
[2024-10-04T01:14:41.276+0000] {logging_mixin.py:190} INFO - [2024-10-04T01:14:41.276+0000] {dag.py:3239} INFO - Sync 1 DAGs
[2024-10-04T01:14:41.286+0000] {logging_mixin.py:190} INFO - [2024-10-04T01:14:41.286+0000] {dag.py:4180} INFO - Setting next_dagrun for kafka-connect to 2024-10-04 01:13:00+00:00, run_after=2024-10-04 01:14:00+00:00
[2024-10-04T01:14:41.296+0000] {processor.py:208} INFO - Processing /opt/airflow/dags/8_toKafka.py took 0.042 seconds
[2024-10-04T01:15:12.019+0000] {processor.py:186} INFO - Started process (PID=250) to work on /opt/airflow/dags/8_toKafka.py
[2024-10-04T01:15:12.020+0000] {processor.py:914} INFO - Processing file /opt/airflow/dags/8_toKafka.py for tasks to queue
[2024-10-04T01:15:12.021+0000] {logging_mixin.py:190} INFO - [2024-10-04T01:15:12.021+0000] {dagbag.py:588} INFO - Filling up the DagBag from /opt/airflow/dags/8_toKafka.py
[2024-10-04T01:15:12.026+0000] {processor.py:925} INFO - DAG(s) 'kafka-connect' retrieved from /opt/airflow/dags/8_toKafka.py
[2024-10-04T01:15:12.038+0000] {logging_mixin.py:190} INFO - [2024-10-04T01:15:12.038+0000] {dag.py:3239} INFO - Sync 1 DAGs
[2024-10-04T01:15:12.049+0000] {logging_mixin.py:190} INFO - [2024-10-04T01:15:12.049+0000] {dag.py:4180} INFO - Setting next_dagrun for kafka-connect to 2024-10-04 01:14:00+00:00, run_after=2024-10-04 01:15:00+00:00
[2024-10-04T01:15:12.058+0000] {processor.py:208} INFO - Processing /opt/airflow/dags/8_toKafka.py took 0.043 seconds
[2024-10-04T01:15:42.725+0000] {processor.py:186} INFO - Started process (PID=266) to work on /opt/airflow/dags/8_toKafka.py
[2024-10-04T01:15:42.725+0000] {processor.py:914} INFO - Processing file /opt/airflow/dags/8_toKafka.py for tasks to queue
[2024-10-04T01:15:42.727+0000] {logging_mixin.py:190} INFO - [2024-10-04T01:15:42.727+0000] {dagbag.py:588} INFO - Filling up the DagBag from /opt/airflow/dags/8_toKafka.py
[2024-10-04T01:15:42.730+0000] {processor.py:925} INFO - DAG(s) 'kafka-connect' retrieved from /opt/airflow/dags/8_toKafka.py
[2024-10-04T01:15:42.741+0000] {logging_mixin.py:190} INFO - [2024-10-04T01:15:42.741+0000] {dag.py:3239} INFO - Sync 1 DAGs
[2024-10-04T01:15:42.752+0000] {logging_mixin.py:190} INFO - [2024-10-04T01:15:42.752+0000] {dag.py:4180} INFO - Setting next_dagrun for kafka-connect to 2024-10-04 01:14:00+00:00, run_after=2024-10-04 01:15:00+00:00
[2024-10-04T01:15:42.763+0000] {processor.py:208} INFO - Processing /opt/airflow/dags/8_toKafka.py took 0.041 seconds
[2024-10-04T01:16:13.414+0000] {processor.py:186} INFO - Started process (PID=282) to work on /opt/airflow/dags/8_toKafka.py
[2024-10-04T01:16:13.414+0000] {processor.py:914} INFO - Processing file /opt/airflow/dags/8_toKafka.py for tasks to queue
[2024-10-04T01:16:13.416+0000] {logging_mixin.py:190} INFO - [2024-10-04T01:16:13.416+0000] {dagbag.py:588} INFO - Filling up the DagBag from /opt/airflow/dags/8_toKafka.py
[2024-10-04T01:16:13.421+0000] {processor.py:925} INFO - DAG(s) 'kafka-connect' retrieved from /opt/airflow/dags/8_toKafka.py
[2024-10-04T01:16:13.434+0000] {logging_mixin.py:190} INFO - [2024-10-04T01:16:13.434+0000] {dag.py:3239} INFO - Sync 1 DAGs
[2024-10-04T01:16:13.446+0000] {logging_mixin.py:190} INFO - [2024-10-04T01:16:13.446+0000] {dag.py:4180} INFO - Setting next_dagrun for kafka-connect to 2024-10-04 01:15:00+00:00, run_after=2024-10-04 01:16:00+00:00
[2024-10-04T01:16:13.457+0000] {processor.py:208} INFO - Processing /opt/airflow/dags/8_toKafka.py took 0.047 seconds
[2024-10-04T01:16:44.095+0000] {processor.py:186} INFO - Started process (PID=298) to work on /opt/airflow/dags/8_toKafka.py
[2024-10-04T01:16:44.096+0000] {processor.py:914} INFO - Processing file /opt/airflow/dags/8_toKafka.py for tasks to queue
[2024-10-04T01:16:44.097+0000] {logging_mixin.py:190} INFO - [2024-10-04T01:16:44.097+0000] {dagbag.py:588} INFO - Filling up the DagBag from /opt/airflow/dags/8_toKafka.py
[2024-10-04T01:16:44.103+0000] {processor.py:925} INFO - DAG(s) 'kafka-connect' retrieved from /opt/airflow/dags/8_toKafka.py
[2024-10-04T01:16:44.115+0000] {logging_mixin.py:190} INFO - [2024-10-04T01:16:44.115+0000] {dag.py:3239} INFO - Sync 1 DAGs
[2024-10-04T01:16:44.127+0000] {logging_mixin.py:190} INFO - [2024-10-04T01:16:44.127+0000] {dag.py:4180} INFO - Setting next_dagrun for kafka-connect to 2024-10-04 01:15:00+00:00, run_after=2024-10-04 01:16:00+00:00
[2024-10-04T01:16:44.137+0000] {processor.py:208} INFO - Processing /opt/airflow/dags/8_toKafka.py took 0.045 seconds
[2024-10-04T01:17:14.759+0000] {processor.py:186} INFO - Started process (PID=314) to work on /opt/airflow/dags/8_toKafka.py
[2024-10-04T01:17:14.760+0000] {processor.py:914} INFO - Processing file /opt/airflow/dags/8_toKafka.py for tasks to queue
[2024-10-04T01:17:14.761+0000] {logging_mixin.py:190} INFO - [2024-10-04T01:17:14.761+0000] {dagbag.py:588} INFO - Filling up the DagBag from /opt/airflow/dags/8_toKafka.py
[2024-10-04T01:17:14.764+0000] {processor.py:925} INFO - DAG(s) 'kafka-connect' retrieved from /opt/airflow/dags/8_toKafka.py
[2024-10-04T01:17:14.775+0000] {logging_mixin.py:190} INFO - [2024-10-04T01:17:14.775+0000] {dag.py:3239} INFO - Sync 1 DAGs
[2024-10-04T01:17:14.786+0000] {logging_mixin.py:190} INFO - [2024-10-04T01:17:14.786+0000] {dag.py:4180} INFO - Setting next_dagrun for kafka-connect to 2024-10-04 01:16:00+00:00, run_after=2024-10-04 01:17:00+00:00
[2024-10-04T01:17:14.796+0000] {processor.py:208} INFO - Processing /opt/airflow/dags/8_toKafka.py took 0.039 seconds
[2024-10-04T01:17:45.534+0000] {processor.py:186} INFO - Started process (PID=330) to work on /opt/airflow/dags/8_toKafka.py
[2024-10-04T01:17:45.534+0000] {processor.py:914} INFO - Processing file /opt/airflow/dags/8_toKafka.py for tasks to queue
[2024-10-04T01:17:45.535+0000] {logging_mixin.py:190} INFO - [2024-10-04T01:17:45.535+0000] {dagbag.py:588} INFO - Filling up the DagBag from /opt/airflow/dags/8_toKafka.py
[2024-10-04T01:17:45.540+0000] {processor.py:925} INFO - DAG(s) 'kafka-connect' retrieved from /opt/airflow/dags/8_toKafka.py
[2024-10-04T01:17:45.551+0000] {logging_mixin.py:190} INFO - [2024-10-04T01:17:45.550+0000] {dag.py:3239} INFO - Sync 1 DAGs
[2024-10-04T01:17:45.561+0000] {logging_mixin.py:190} INFO - [2024-10-04T01:17:45.561+0000] {dag.py:4180} INFO - Setting next_dagrun for kafka-connect to 2024-10-04 01:16:00+00:00, run_after=2024-10-04 01:17:00+00:00
[2024-10-04T01:17:45.570+0000] {processor.py:208} INFO - Processing /opt/airflow/dags/8_toKafka.py took 0.040 seconds
[2024-10-04T01:18:16.277+0000] {processor.py:186} INFO - Started process (PID=346) to work on /opt/airflow/dags/8_toKafka.py
[2024-10-04T01:18:16.277+0000] {processor.py:914} INFO - Processing file /opt/airflow/dags/8_toKafka.py for tasks to queue
[2024-10-04T01:18:16.278+0000] {logging_mixin.py:190} INFO - [2024-10-04T01:18:16.278+0000] {dagbag.py:588} INFO - Filling up the DagBag from /opt/airflow/dags/8_toKafka.py
[2024-10-04T01:18:16.282+0000] {processor.py:925} INFO - DAG(s) 'kafka-connect' retrieved from /opt/airflow/dags/8_toKafka.py
[2024-10-04T01:18:16.293+0000] {logging_mixin.py:190} INFO - [2024-10-04T01:18:16.293+0000] {dag.py:3239} INFO - Sync 1 DAGs
[2024-10-04T01:18:16.303+0000] {logging_mixin.py:190} INFO - [2024-10-04T01:18:16.303+0000] {dag.py:4180} INFO - Setting next_dagrun for kafka-connect to 2024-10-04 01:17:00+00:00, run_after=2024-10-04 01:18:00+00:00
[2024-10-04T01:18:16.312+0000] {processor.py:208} INFO - Processing /opt/airflow/dags/8_toKafka.py took 0.038 seconds
[2024-10-04T01:18:46.931+0000] {processor.py:186} INFO - Started process (PID=362) to work on /opt/airflow/dags/8_toKafka.py
[2024-10-04T01:18:46.932+0000] {processor.py:914} INFO - Processing file /opt/airflow/dags/8_toKafka.py for tasks to queue
[2024-10-04T01:18:46.933+0000] {logging_mixin.py:190} INFO - [2024-10-04T01:18:46.933+0000] {dagbag.py:588} INFO - Filling up the DagBag from /opt/airflow/dags/8_toKafka.py
[2024-10-04T01:18:46.937+0000] {processor.py:925} INFO - DAG(s) 'kafka-connect' retrieved from /opt/airflow/dags/8_toKafka.py
[2024-10-04T01:18:46.948+0000] {logging_mixin.py:190} INFO - [2024-10-04T01:18:46.948+0000] {dag.py:3239} INFO - Sync 1 DAGs
[2024-10-04T01:18:46.959+0000] {logging_mixin.py:190} INFO - [2024-10-04T01:18:46.959+0000] {dag.py:4180} INFO - Setting next_dagrun for kafka-connect to 2024-10-04 01:17:00+00:00, run_after=2024-10-04 01:18:00+00:00
[2024-10-04T01:18:46.968+0000] {processor.py:208} INFO - Processing /opt/airflow/dags/8_toKafka.py took 0.040 seconds
[2024-10-04T01:19:17.562+0000] {processor.py:186} INFO - Started process (PID=378) to work on /opt/airflow/dags/8_toKafka.py
[2024-10-04T01:19:17.563+0000] {processor.py:914} INFO - Processing file /opt/airflow/dags/8_toKafka.py for tasks to queue
[2024-10-04T01:19:17.565+0000] {logging_mixin.py:190} INFO - [2024-10-04T01:19:17.565+0000] {dagbag.py:588} INFO - Filling up the DagBag from /opt/airflow/dags/8_toKafka.py
[2024-10-04T01:19:17.569+0000] {processor.py:925} INFO - DAG(s) 'kafka-connect' retrieved from /opt/airflow/dags/8_toKafka.py
[2024-10-04T01:19:17.582+0000] {logging_mixin.py:190} INFO - [2024-10-04T01:19:17.582+0000] {dag.py:3239} INFO - Sync 1 DAGs
[2024-10-04T01:19:17.593+0000] {logging_mixin.py:190} INFO - [2024-10-04T01:19:17.593+0000] {dag.py:4180} INFO - Setting next_dagrun for kafka-connect to 2024-10-04 01:18:00+00:00, run_after=2024-10-04 01:19:00+00:00
[2024-10-04T01:19:17.603+0000] {processor.py:208} INFO - Processing /opt/airflow/dags/8_toKafka.py took 0.044 seconds
[2024-10-04T01:19:48.111+0000] {processor.py:186} INFO - Started process (PID=510) to work on /opt/airflow/dags/8_toKafka.py
[2024-10-04T01:19:48.112+0000] {processor.py:914} INFO - Processing file /opt/airflow/dags/8_toKafka.py for tasks to queue
[2024-10-04T01:19:48.113+0000] {logging_mixin.py:190} INFO - [2024-10-04T01:19:48.113+0000] {dagbag.py:588} INFO - Filling up the DagBag from /opt/airflow/dags/8_toKafka.py
[2024-10-04T01:19:48.117+0000] {processor.py:925} INFO - DAG(s) 'kafka-connect' retrieved from /opt/airflow/dags/8_toKafka.py
[2024-10-04T01:19:48.129+0000] {logging_mixin.py:190} INFO - [2024-10-04T01:19:48.129+0000] {dag.py:3239} INFO - Sync 1 DAGs
[2024-10-04T01:19:48.139+0000] {logging_mixin.py:190} INFO - [2024-10-04T01:19:48.139+0000] {dag.py:4180} INFO - Setting next_dagrun for kafka-connect to 2024-10-04 01:18:00+00:00, run_after=2024-10-04 01:19:00+00:00
[2024-10-04T01:19:48.148+0000] {processor.py:208} INFO - Processing /opt/airflow/dags/8_toKafka.py took 0.040 seconds
[2024-10-04T01:20:18.735+0000] {processor.py:186} INFO - Started process (PID=664) to work on /opt/airflow/dags/8_toKafka.py
[2024-10-04T01:20:18.736+0000] {processor.py:914} INFO - Processing file /opt/airflow/dags/8_toKafka.py for tasks to queue
[2024-10-04T01:20:18.737+0000] {logging_mixin.py:190} INFO - [2024-10-04T01:20:18.737+0000] {dagbag.py:588} INFO - Filling up the DagBag from /opt/airflow/dags/8_toKafka.py
[2024-10-04T01:20:18.742+0000] {processor.py:925} INFO - DAG(s) 'kafka-connect' retrieved from /opt/airflow/dags/8_toKafka.py
[2024-10-04T01:20:18.753+0000] {logging_mixin.py:190} INFO - [2024-10-04T01:20:18.753+0000] {dag.py:3239} INFO - Sync 1 DAGs
[2024-10-04T01:20:18.763+0000] {logging_mixin.py:190} INFO - [2024-10-04T01:20:18.763+0000] {dag.py:4180} INFO - Setting next_dagrun for kafka-connect to 2024-10-04 01:19:00+00:00, run_after=2024-10-04 01:20:00+00:00
[2024-10-04T01:20:18.772+0000] {processor.py:208} INFO - Processing /opt/airflow/dags/8_toKafka.py took 0.040 seconds
[2024-10-04T01:20:49.359+0000] {processor.py:186} INFO - Started process (PID=836) to work on /opt/airflow/dags/8_toKafka.py
[2024-10-04T01:20:49.360+0000] {processor.py:914} INFO - Processing file /opt/airflow/dags/8_toKafka.py for tasks to queue
[2024-10-04T01:20:49.361+0000] {logging_mixin.py:190} INFO - [2024-10-04T01:20:49.361+0000] {dagbag.py:588} INFO - Filling up the DagBag from /opt/airflow/dags/8_toKafka.py
[2024-10-04T01:20:49.367+0000] {processor.py:925} INFO - DAG(s) 'kafka-connect' retrieved from /opt/airflow/dags/8_toKafka.py
[2024-10-04T01:20:49.379+0000] {logging_mixin.py:190} INFO - [2024-10-04T01:20:49.378+0000] {dag.py:3239} INFO - Sync 1 DAGs
[2024-10-04T01:20:49.413+0000] {logging_mixin.py:190} INFO - [2024-10-04T01:20:49.412+0000] {dag.py:4180} INFO - Setting next_dagrun for kafka-connect to 2024-10-04 01:19:00+00:00, run_after=2024-10-04 01:20:00+00:00
[2024-10-04T01:20:49.427+0000] {processor.py:208} INFO - Processing /opt/airflow/dags/8_toKafka.py took 0.071 seconds
[2024-10-04T01:21:19.993+0000] {processor.py:186} INFO - Started process (PID=960) to work on /opt/airflow/dags/8_toKafka.py
[2024-10-04T01:21:19.994+0000] {processor.py:914} INFO - Processing file /opt/airflow/dags/8_toKafka.py for tasks to queue
[2024-10-04T01:21:19.996+0000] {logging_mixin.py:190} INFO - [2024-10-04T01:21:19.995+0000] {dagbag.py:588} INFO - Filling up the DagBag from /opt/airflow/dags/8_toKafka.py
[2024-10-04T01:21:20.000+0000] {processor.py:925} INFO - DAG(s) 'kafka-connect' retrieved from /opt/airflow/dags/8_toKafka.py
[2024-10-04T01:21:20.012+0000] {logging_mixin.py:190} INFO - [2024-10-04T01:21:20.012+0000] {dag.py:3239} INFO - Sync 1 DAGs
[2024-10-04T01:21:20.022+0000] {logging_mixin.py:190} INFO - [2024-10-04T01:21:20.022+0000] {dag.py:4180} INFO - Setting next_dagrun for kafka-connect to 2024-10-04 01:20:00+00:00, run_after=2024-10-04 01:21:00+00:00
[2024-10-04T01:21:20.032+0000] {processor.py:208} INFO - Processing /opt/airflow/dags/8_toKafka.py took 0.042 seconds
[2024-10-04T01:21:50.706+0000] {processor.py:186} INFO - Started process (PID=976) to work on /opt/airflow/dags/8_toKafka.py
[2024-10-04T01:21:50.707+0000] {processor.py:914} INFO - Processing file /opt/airflow/dags/8_toKafka.py for tasks to queue
[2024-10-04T01:21:50.708+0000] {logging_mixin.py:190} INFO - [2024-10-04T01:21:50.708+0000] {dagbag.py:588} INFO - Filling up the DagBag from /opt/airflow/dags/8_toKafka.py
[2024-10-04T01:21:50.712+0000] {processor.py:925} INFO - DAG(s) 'kafka-connect' retrieved from /opt/airflow/dags/8_toKafka.py
[2024-10-04T01:21:50.724+0000] {logging_mixin.py:190} INFO - [2024-10-04T01:21:50.724+0000] {dag.py:3239} INFO - Sync 1 DAGs
[2024-10-04T01:21:50.735+0000] {logging_mixin.py:190} INFO - [2024-10-04T01:21:50.735+0000] {dag.py:4180} INFO - Setting next_dagrun for kafka-connect to 2024-10-04 01:20:00+00:00, run_after=2024-10-04 01:21:00+00:00
[2024-10-04T01:21:50.745+0000] {processor.py:208} INFO - Processing /opt/airflow/dags/8_toKafka.py took 0.042 seconds
[2024-10-04T01:22:21.370+0000] {processor.py:186} INFO - Started process (PID=992) to work on /opt/airflow/dags/8_toKafka.py
[2024-10-04T01:22:21.370+0000] {processor.py:914} INFO - Processing file /opt/airflow/dags/8_toKafka.py for tasks to queue
[2024-10-04T01:22:21.372+0000] {logging_mixin.py:190} INFO - [2024-10-04T01:22:21.371+0000] {dagbag.py:588} INFO - Filling up the DagBag from /opt/airflow/dags/8_toKafka.py
[2024-10-04T01:22:21.376+0000] {processor.py:925} INFO - DAG(s) 'kafka-connect' retrieved from /opt/airflow/dags/8_toKafka.py
[2024-10-04T01:22:21.387+0000] {logging_mixin.py:190} INFO - [2024-10-04T01:22:21.387+0000] {dag.py:3239} INFO - Sync 1 DAGs
[2024-10-04T01:22:21.397+0000] {logging_mixin.py:190} INFO - [2024-10-04T01:22:21.397+0000] {dag.py:4180} INFO - Setting next_dagrun for kafka-connect to 2024-10-04 01:21:00+00:00, run_after=2024-10-04 01:22:00+00:00
[2024-10-04T01:22:21.405+0000] {processor.py:208} INFO - Processing /opt/airflow/dags/8_toKafka.py took 0.038 seconds
[2024-10-04T01:22:52.033+0000] {processor.py:186} INFO - Started process (PID=1008) to work on /opt/airflow/dags/8_toKafka.py
[2024-10-04T01:22:52.034+0000] {processor.py:914} INFO - Processing file /opt/airflow/dags/8_toKafka.py for tasks to queue
[2024-10-04T01:22:52.035+0000] {logging_mixin.py:190} INFO - [2024-10-04T01:22:52.035+0000] {dagbag.py:588} INFO - Filling up the DagBag from /opt/airflow/dags/8_toKafka.py
[2024-10-04T01:22:52.039+0000] {processor.py:925} INFO - DAG(s) 'kafka-connect' retrieved from /opt/airflow/dags/8_toKafka.py
[2024-10-04T01:22:52.051+0000] {logging_mixin.py:190} INFO - [2024-10-04T01:22:52.051+0000] {dag.py:3239} INFO - Sync 1 DAGs
[2024-10-04T01:22:52.062+0000] {logging_mixin.py:190} INFO - [2024-10-04T01:22:52.062+0000] {dag.py:4180} INFO - Setting next_dagrun for kafka-connect to 2024-10-04 01:21:00+00:00, run_after=2024-10-04 01:22:00+00:00
[2024-10-04T01:22:52.072+0000] {processor.py:208} INFO - Processing /opt/airflow/dags/8_toKafka.py took 0.042 seconds
[2024-10-04T01:23:22.693+0000] {processor.py:186} INFO - Started process (PID=1024) to work on /opt/airflow/dags/8_toKafka.py
[2024-10-04T01:23:22.693+0000] {processor.py:914} INFO - Processing file /opt/airflow/dags/8_toKafka.py for tasks to queue
[2024-10-04T01:23:22.694+0000] {logging_mixin.py:190} INFO - [2024-10-04T01:23:22.694+0000] {dagbag.py:588} INFO - Filling up the DagBag from /opt/airflow/dags/8_toKafka.py
[2024-10-04T01:23:22.698+0000] {processor.py:925} INFO - DAG(s) 'kafka-connect' retrieved from /opt/airflow/dags/8_toKafka.py
[2024-10-04T01:23:22.709+0000] {logging_mixin.py:190} INFO - [2024-10-04T01:23:22.709+0000] {dag.py:3239} INFO - Sync 1 DAGs
[2024-10-04T01:23:22.719+0000] {logging_mixin.py:190} INFO - [2024-10-04T01:23:22.718+0000] {dag.py:4180} INFO - Setting next_dagrun for kafka-connect to 2024-10-04 01:22:00+00:00, run_after=2024-10-04 01:23:00+00:00
[2024-10-04T01:23:22.729+0000] {processor.py:208} INFO - Processing /opt/airflow/dags/8_toKafka.py took 0.039 seconds
[2024-10-04T01:23:53.466+0000] {processor.py:186} INFO - Started process (PID=1040) to work on /opt/airflow/dags/8_toKafka.py
[2024-10-04T01:23:53.467+0000] {processor.py:914} INFO - Processing file /opt/airflow/dags/8_toKafka.py for tasks to queue
[2024-10-04T01:23:53.468+0000] {logging_mixin.py:190} INFO - [2024-10-04T01:23:53.468+0000] {dagbag.py:588} INFO - Filling up the DagBag from /opt/airflow/dags/8_toKafka.py
[2024-10-04T01:23:53.473+0000] {processor.py:925} INFO - DAG(s) 'kafka-connect' retrieved from /opt/airflow/dags/8_toKafka.py
[2024-10-04T01:23:53.484+0000] {logging_mixin.py:190} INFO - [2024-10-04T01:23:53.484+0000] {dag.py:3239} INFO - Sync 1 DAGs
[2024-10-04T01:23:53.495+0000] {logging_mixin.py:190} INFO - [2024-10-04T01:23:53.495+0000] {dag.py:4180} INFO - Setting next_dagrun for kafka-connect to 2024-10-04 01:22:00+00:00, run_after=2024-10-04 01:23:00+00:00
[2024-10-04T01:23:53.504+0000] {processor.py:208} INFO - Processing /opt/airflow/dags/8_toKafka.py took 0.041 seconds
[2024-10-04T01:24:24.158+0000] {processor.py:186} INFO - Started process (PID=1056) to work on /opt/airflow/dags/8_toKafka.py
[2024-10-04T01:24:24.159+0000] {processor.py:914} INFO - Processing file /opt/airflow/dags/8_toKafka.py for tasks to queue
[2024-10-04T01:24:24.160+0000] {logging_mixin.py:190} INFO - [2024-10-04T01:24:24.160+0000] {dagbag.py:588} INFO - Filling up the DagBag from /opt/airflow/dags/8_toKafka.py
[2024-10-04T01:24:24.164+0000] {processor.py:925} INFO - DAG(s) 'kafka-connect' retrieved from /opt/airflow/dags/8_toKafka.py
[2024-10-04T01:24:24.176+0000] {logging_mixin.py:190} INFO - [2024-10-04T01:24:24.176+0000] {dag.py:3239} INFO - Sync 1 DAGs
[2024-10-04T01:24:24.186+0000] {logging_mixin.py:190} INFO - [2024-10-04T01:24:24.186+0000] {dag.py:4180} INFO - Setting next_dagrun for kafka-connect to 2024-10-04 01:23:00+00:00, run_after=2024-10-04 01:24:00+00:00
[2024-10-04T01:24:24.196+0000] {processor.py:208} INFO - Processing /opt/airflow/dags/8_toKafka.py took 0.041 seconds
[2024-10-04T01:24:54.796+0000] {processor.py:186} INFO - Started process (PID=1073) to work on /opt/airflow/dags/8_toKafka.py
[2024-10-04T01:24:54.796+0000] {processor.py:914} INFO - Processing file /opt/airflow/dags/8_toKafka.py for tasks to queue
[2024-10-04T01:24:54.798+0000] {logging_mixin.py:190} INFO - [2024-10-04T01:24:54.798+0000] {dagbag.py:588} INFO - Filling up the DagBag from /opt/airflow/dags/8_toKafka.py
[2024-10-04T01:24:54.802+0000] {processor.py:925} INFO - DAG(s) 'kafka-connect' retrieved from /opt/airflow/dags/8_toKafka.py
[2024-10-04T01:24:54.813+0000] {logging_mixin.py:190} INFO - [2024-10-04T01:24:54.813+0000] {dag.py:3239} INFO - Sync 1 DAGs
[2024-10-04T01:24:54.824+0000] {logging_mixin.py:190} INFO - [2024-10-04T01:24:54.824+0000] {dag.py:4180} INFO - Setting next_dagrun for kafka-connect to 2024-10-04 01:23:00+00:00, run_after=2024-10-04 01:24:00+00:00
[2024-10-04T01:24:54.833+0000] {processor.py:208} INFO - Processing /opt/airflow/dags/8_toKafka.py took 0.040 seconds
[2024-10-04T01:29:40.772+0000] {processor.py:186} INFO - Started process (PID=96) to work on /opt/airflow/dags/8_toKafka.py
[2024-10-04T01:29:40.773+0000] {processor.py:914} INFO - Processing file /opt/airflow/dags/8_toKafka.py for tasks to queue
[2024-10-04T01:29:40.775+0000] {logging_mixin.py:190} INFO - [2024-10-04T01:29:40.775+0000] {dagbag.py:588} INFO - Filling up the DagBag from /opt/airflow/dags/8_toKafka.py
[2024-10-04T01:29:40.782+0000] {processor.py:925} INFO - DAG(s) 'kafka-connect' retrieved from /opt/airflow/dags/8_toKafka.py
[2024-10-04T01:29:40.809+0000] {logging_mixin.py:190} INFO - [2024-10-04T01:29:40.809+0000] {dag.py:3239} INFO - Sync 1 DAGs
[2024-10-04T01:29:40.829+0000] {logging_mixin.py:190} INFO - [2024-10-04T01:29:40.829+0000] {dag.py:4180} INFO - Setting next_dagrun for kafka-connect to 2024-10-04 01:28:00+00:00, run_after=2024-10-04 01:29:00+00:00
[2024-10-04T01:29:40.842+0000] {processor.py:208} INFO - Processing /opt/airflow/dags/8_toKafka.py took 0.075 seconds
[2024-10-04T01:30:11.534+0000] {processor.py:186} INFO - Started process (PID=112) to work on /opt/airflow/dags/8_toKafka.py
[2024-10-04T01:30:11.535+0000] {processor.py:914} INFO - Processing file /opt/airflow/dags/8_toKafka.py for tasks to queue
[2024-10-04T01:30:11.536+0000] {logging_mixin.py:190} INFO - [2024-10-04T01:30:11.536+0000] {dagbag.py:588} INFO - Filling up the DagBag from /opt/airflow/dags/8_toKafka.py
[2024-10-04T01:30:11.540+0000] {processor.py:925} INFO - DAG(s) 'kafka-connect' retrieved from /opt/airflow/dags/8_toKafka.py
[2024-10-04T01:30:11.551+0000] {logging_mixin.py:190} INFO - [2024-10-04T01:30:11.551+0000] {dag.py:3239} INFO - Sync 1 DAGs
[2024-10-04T01:30:11.562+0000] {logging_mixin.py:190} INFO - [2024-10-04T01:30:11.562+0000] {dag.py:4180} INFO - Setting next_dagrun for kafka-connect to 2024-10-04 01:29:00+00:00, run_after=2024-10-04 01:30:00+00:00
[2024-10-04T01:30:11.574+0000] {processor.py:208} INFO - Processing /opt/airflow/dags/8_toKafka.py took 0.044 seconds
[2024-10-04T01:30:42.256+0000] {processor.py:186} INFO - Started process (PID=128) to work on /opt/airflow/dags/8_toKafka.py
[2024-10-04T01:30:42.256+0000] {processor.py:914} INFO - Processing file /opt/airflow/dags/8_toKafka.py for tasks to queue
[2024-10-04T01:30:42.257+0000] {logging_mixin.py:190} INFO - [2024-10-04T01:30:42.257+0000] {dagbag.py:588} INFO - Filling up the DagBag from /opt/airflow/dags/8_toKafka.py
[2024-10-04T01:30:42.261+0000] {processor.py:925} INFO - DAG(s) 'kafka-connect' retrieved from /opt/airflow/dags/8_toKafka.py
[2024-10-04T01:30:42.270+0000] {logging_mixin.py:190} INFO - [2024-10-04T01:30:42.270+0000] {dag.py:3239} INFO - Sync 1 DAGs
[2024-10-04T01:30:42.280+0000] {logging_mixin.py:190} INFO - [2024-10-04T01:30:42.280+0000] {dag.py:4180} INFO - Setting next_dagrun for kafka-connect to 2024-10-04 01:29:00+00:00, run_after=2024-10-04 01:30:00+00:00
[2024-10-04T01:30:42.290+0000] {processor.py:208} INFO - Processing /opt/airflow/dags/8_toKafka.py took 0.037 seconds
[2024-10-04T01:31:12.942+0000] {processor.py:186} INFO - Started process (PID=144) to work on /opt/airflow/dags/8_toKafka.py
[2024-10-04T01:31:12.942+0000] {processor.py:914} INFO - Processing file /opt/airflow/dags/8_toKafka.py for tasks to queue
[2024-10-04T01:31:12.943+0000] {logging_mixin.py:190} INFO - [2024-10-04T01:31:12.943+0000] {dagbag.py:588} INFO - Filling up the DagBag from /opt/airflow/dags/8_toKafka.py
[2024-10-04T01:31:12.947+0000] {processor.py:925} INFO - DAG(s) 'kafka-connect' retrieved from /opt/airflow/dags/8_toKafka.py
[2024-10-04T01:31:12.958+0000] {logging_mixin.py:190} INFO - [2024-10-04T01:31:12.958+0000] {dag.py:3239} INFO - Sync 1 DAGs
[2024-10-04T01:31:12.969+0000] {logging_mixin.py:190} INFO - [2024-10-04T01:31:12.969+0000] {dag.py:4180} INFO - Setting next_dagrun for kafka-connect to 2024-10-04 01:30:00+00:00, run_after=2024-10-04 01:31:00+00:00
[2024-10-04T01:31:12.981+0000] {processor.py:208} INFO - Processing /opt/airflow/dags/8_toKafka.py took 0.041 seconds
[2024-10-04T01:31:43.599+0000] {processor.py:186} INFO - Started process (PID=160) to work on /opt/airflow/dags/8_toKafka.py
[2024-10-04T01:31:43.600+0000] {processor.py:914} INFO - Processing file /opt/airflow/dags/8_toKafka.py for tasks to queue
[2024-10-04T01:31:43.602+0000] {logging_mixin.py:190} INFO - [2024-10-04T01:31:43.602+0000] {dagbag.py:588} INFO - Filling up the DagBag from /opt/airflow/dags/8_toKafka.py
[2024-10-04T01:31:43.607+0000] {processor.py:925} INFO - DAG(s) 'kafka-connect' retrieved from /opt/airflow/dags/8_toKafka.py
[2024-10-04T01:31:43.620+0000] {logging_mixin.py:190} INFO - [2024-10-04T01:31:43.620+0000] {dag.py:3239} INFO - Sync 1 DAGs
[2024-10-04T01:31:43.631+0000] {logging_mixin.py:190} INFO - [2024-10-04T01:31:43.630+0000] {dag.py:4180} INFO - Setting next_dagrun for kafka-connect to 2024-10-04 01:30:00+00:00, run_after=2024-10-04 01:31:00+00:00
[2024-10-04T01:31:43.640+0000] {processor.py:208} INFO - Processing /opt/airflow/dags/8_toKafka.py took 0.044 seconds
[2024-10-04T01:32:14.276+0000] {processor.py:186} INFO - Started process (PID=176) to work on /opt/airflow/dags/8_toKafka.py
[2024-10-04T01:32:14.277+0000] {processor.py:914} INFO - Processing file /opt/airflow/dags/8_toKafka.py for tasks to queue
[2024-10-04T01:32:14.278+0000] {logging_mixin.py:190} INFO - [2024-10-04T01:32:14.278+0000] {dagbag.py:588} INFO - Filling up the DagBag from /opt/airflow/dags/8_toKafka.py
[2024-10-04T01:32:14.282+0000] {processor.py:925} INFO - DAG(s) 'kafka-connect' retrieved from /opt/airflow/dags/8_toKafka.py
[2024-10-04T01:32:14.292+0000] {logging_mixin.py:190} INFO - [2024-10-04T01:32:14.292+0000] {dag.py:3239} INFO - Sync 1 DAGs
[2024-10-04T01:32:14.303+0000] {logging_mixin.py:190} INFO - [2024-10-04T01:32:14.303+0000] {dag.py:4180} INFO - Setting next_dagrun for kafka-connect to 2024-10-04 01:31:00+00:00, run_after=2024-10-04 01:32:00+00:00
[2024-10-04T01:32:14.313+0000] {processor.py:208} INFO - Processing /opt/airflow/dags/8_toKafka.py took 0.040 seconds
[2024-10-04T01:32:45.013+0000] {processor.py:186} INFO - Started process (PID=198) to work on /opt/airflow/dags/8_toKafka.py
[2024-10-04T01:32:45.013+0000] {processor.py:914} INFO - Processing file /opt/airflow/dags/8_toKafka.py for tasks to queue
[2024-10-04T01:32:45.014+0000] {logging_mixin.py:190} INFO - [2024-10-04T01:32:45.014+0000] {dagbag.py:588} INFO - Filling up the DagBag from /opt/airflow/dags/8_toKafka.py
[2024-10-04T01:32:45.018+0000] {processor.py:925} INFO - DAG(s) 'kafka-connect' retrieved from /opt/airflow/dags/8_toKafka.py
[2024-10-04T01:32:45.030+0000] {logging_mixin.py:190} INFO - [2024-10-04T01:32:45.030+0000] {dag.py:3239} INFO - Sync 1 DAGs
[2024-10-04T01:32:45.041+0000] {logging_mixin.py:190} INFO - [2024-10-04T01:32:45.041+0000] {dag.py:4180} INFO - Setting next_dagrun for kafka-connect to 2024-10-04 01:31:00+00:00, run_after=2024-10-04 01:32:00+00:00
[2024-10-04T01:32:45.053+0000] {processor.py:208} INFO - Processing /opt/airflow/dags/8_toKafka.py took 0.043 seconds
[2024-10-04T01:33:15.730+0000] {processor.py:186} INFO - Started process (PID=214) to work on /opt/airflow/dags/8_toKafka.py
[2024-10-04T01:33:15.731+0000] {processor.py:914} INFO - Processing file /opt/airflow/dags/8_toKafka.py for tasks to queue
[2024-10-04T01:33:15.732+0000] {logging_mixin.py:190} INFO - [2024-10-04T01:33:15.732+0000] {dagbag.py:588} INFO - Filling up the DagBag from /opt/airflow/dags/8_toKafka.py
[2024-10-04T01:33:15.736+0000] {processor.py:925} INFO - DAG(s) 'kafka-connect' retrieved from /opt/airflow/dags/8_toKafka.py
[2024-10-04T01:33:15.747+0000] {logging_mixin.py:190} INFO - [2024-10-04T01:33:15.747+0000] {dag.py:3239} INFO - Sync 1 DAGs
[2024-10-04T01:33:15.758+0000] {logging_mixin.py:190} INFO - [2024-10-04T01:33:15.757+0000] {dag.py:4180} INFO - Setting next_dagrun for kafka-connect to 2024-10-04 01:32:00+00:00, run_after=2024-10-04 01:33:00+00:00
[2024-10-04T01:33:15.768+0000] {processor.py:208} INFO - Processing /opt/airflow/dags/8_toKafka.py took 0.041 seconds
[2024-10-04T01:33:46.450+0000] {processor.py:186} INFO - Started process (PID=230) to work on /opt/airflow/dags/8_toKafka.py
[2024-10-04T01:33:46.451+0000] {processor.py:914} INFO - Processing file /opt/airflow/dags/8_toKafka.py for tasks to queue
[2024-10-04T01:33:46.452+0000] {logging_mixin.py:190} INFO - [2024-10-04T01:33:46.451+0000] {dagbag.py:588} INFO - Filling up the DagBag from /opt/airflow/dags/8_toKafka.py
[2024-10-04T01:33:46.455+0000] {processor.py:925} INFO - DAG(s) 'kafka-connect' retrieved from /opt/airflow/dags/8_toKafka.py
[2024-10-04T01:33:46.465+0000] {logging_mixin.py:190} INFO - [2024-10-04T01:33:46.465+0000] {dag.py:3239} INFO - Sync 1 DAGs
[2024-10-04T01:33:46.475+0000] {logging_mixin.py:190} INFO - [2024-10-04T01:33:46.475+0000] {dag.py:4180} INFO - Setting next_dagrun for kafka-connect to 2024-10-04 01:32:00+00:00, run_after=2024-10-04 01:33:00+00:00
[2024-10-04T01:33:46.484+0000] {processor.py:208} INFO - Processing /opt/airflow/dags/8_toKafka.py took 0.036 seconds
[2024-10-04T01:34:17.115+0000] {processor.py:186} INFO - Started process (PID=246) to work on /opt/airflow/dags/8_toKafka.py
[2024-10-04T01:34:17.116+0000] {processor.py:914} INFO - Processing file /opt/airflow/dags/8_toKafka.py for tasks to queue
[2024-10-04T01:34:17.117+0000] {logging_mixin.py:190} INFO - [2024-10-04T01:34:17.117+0000] {dagbag.py:588} INFO - Filling up the DagBag from /opt/airflow/dags/8_toKafka.py
[2024-10-04T01:34:17.121+0000] {processor.py:925} INFO - DAG(s) 'kafka-connect' retrieved from /opt/airflow/dags/8_toKafka.py
[2024-10-04T01:34:17.133+0000] {logging_mixin.py:190} INFO - [2024-10-04T01:34:17.133+0000] {dag.py:3239} INFO - Sync 1 DAGs
[2024-10-04T01:34:17.143+0000] {logging_mixin.py:190} INFO - [2024-10-04T01:34:17.143+0000] {dag.py:4180} INFO - Setting next_dagrun for kafka-connect to 2024-10-04 01:33:00+00:00, run_after=2024-10-04 01:34:00+00:00
[2024-10-04T01:34:17.153+0000] {processor.py:208} INFO - Processing /opt/airflow/dags/8_toKafka.py took 0.041 seconds
